#
# There is insufficient memory for the Java Runtime Environment to continue.
# Native memory allocation (malloc) failed to allocate 910416 bytes for Chunk::new
# Possible reasons:
#   The system is out of physical RAM or swap space
#   The process is running with CompressedOops enabled, and the Java Heap may be blocking the growth of the native heap
# Possible solutions:
#   Reduce memory load on the system
#   Increase physical memory or swap space
#   Check if swap backing store is full
#   Decrease Java heap size (-Xmx/-Xms)
#   Decrease number of Java threads
#   Decrease Java thread stack sizes (-Xss)
#   Set larger code cache with -XX:ReservedCodeCacheSize=
#   JVM is running with Unscaled Compressed Oops mode in which the Java heap is
#     placed in the first 4GB address space. The Java Heap base address is the
#     maximum limit for the native heap growth. Please use -XX:HeapBaseMinAddress
#     to set the Java Heap base and to place the Java Heap above 4GB virtual address.
# This output file may be truncated or incomplete.
#
#  Out of Memory Error (./src/hotspot/share/memory/arena.cpp:197), pid=8376, tid=11100
#
# JRE version: OpenJDK Runtime Environment (11.0.10) (build 11.0.10+0-b96-7249189)
# Java VM: OpenJDK 64-Bit Server VM (11.0.10+0-b96-7249189, mixed mode, tiered, compressed oops, g1 gc, windows-amd64)
# No core dump will be written. Minidumps are not enabled by default on client versions of Windows
#

---------------  S U M M A R Y ------------

Command Line: --add-opens=java.base/java.util=ALL-UNNAMED --add-opens=java.base/java.lang=ALL-UNNAMED --add-opens=java.base/java.lang.invoke=ALL-UNNAMED --add-opens=java.base/java.util=ALL-UNNAMED --add-opens=java.prefs/java.util.prefs=ALL-UNNAMED --add-opens=java.prefs/java.util.prefs=ALL-UNNAMED --add-opens=java.base/java.nio.charset=ALL-UNNAMED --add-opens=java.base/java.net=ALL-UNNAMED --add-opens=java.base/java.util.concurrent.atomic=ALL-UNNAMED -Xmx2048m -Dfile.encoding=UTF-8 -Duser.country=US -Duser.language=en -Duser.variant org.gradle.launcher.daemon.bootstrap.GradleDaemon 7.0.2

Host: Intel(R) Core(TM) i7-8550U CPU @ 1.80GHz, 8 cores, 7G,  Windows 10 , 64 bit Build 19041 (10.0.19041.1202)
Time: Mon Oct 25 18:04:51 2021 Arab Standard Time elapsed time: 18.791266 seconds (0d 0h 0m 18s)

---------------  T H R E A D  ---------------

Current thread (0x000002befce93800):  JavaThread "C2 CompilerThread1" daemon [_thread_in_native, id=11100, stack(0x000000e94e200000,0x000000e94e300000)]


Current CompileTask:
C2:  18791 3991       4       java.io.WinNTFileSystem::normalize (143 bytes)

Stack: [0x000000e94e200000,0x000000e94e300000]
Native frames: (J=compiled Java code, j=interpreted, Vv=VM code, C=native code)
V  [jvm.dll+0x5ecfaa]
V  [jvm.dll+0x722bd5]
V  [jvm.dll+0x72412d]
V  [jvm.dll+0x7247e3]
V  [jvm.dll+0x242928]
V  [jvm.dll+0xbc4fc]
V  [jvm.dll+0xbca0c]
V  [jvm.dll+0x352d7d]
V  [jvm.dll+0x320ad3]
V  [jvm.dll+0x31ffca]
V  [jvm.dll+0x1fb602]
V  [jvm.dll+0x1fa7f4]
V  [jvm.dll+0x18354c]
V  [jvm.dll+0x208ee7]
V  [jvm.dll+0x207731]
V  [jvm.dll+0x6eb1cf]
V  [jvm.dll+0x6e3d45]
V  [jvm.dll+0x5ebe96]
C  [ucrtbase.dll+0x21bb2]
C  [KERNEL32.DLL+0x17034]
C  [ntdll.dll+0x52651]


---------------  P R O C E S S  ---------------

Threads class SMR info:
_java_thread_list=0x000002befcc8b310, length=38, elements={
0x000002beedafe000, 0x000002bef8f64800, 0x000002bef8f67800, 0x000002bef8f7c000,
0x000002bef8f7e000, 0x000002bef8f7f000, 0x000002bef8f8e000, 0x000002bef8f8f000,
0x000002bef8f95000, 0x000002bef9a45800, 0x000002befb076800, 0x000002bef9b13000,
0x000002befb246800, 0x000002bef9f18800, 0x000002befba4d000, 0x000002befacb1000,
0x000002befc848800, 0x000002befad9d000, 0x000002befa06c800, 0x000002befbd5a000,
0x000002befbd5b800, 0x000002befbd56800, 0x000002befbd58000, 0x000002befbd59000,
0x000002befbd5c000, 0x000002befbd5d000, 0x000002befbd5a800, 0x000002befbd57800,
0x000002befce93800, 0x000002befd601000, 0x000002befd5ff000, 0x000002befd602800,
0x000002befd5fd000, 0x000002befd5fd800, 0x000002befd604000, 0x000002befcc90800,
0x000002befd60a000, 0x000002befd607800
}

Java Threads: ( => current thread )
  0x000002beedafe000 JavaThread "main" [_thread_blocked, id=7768, stack(0x000000e94b700000,0x000000e94b800000)]
  0x000002bef8f64800 JavaThread "Reference Handler" daemon [_thread_blocked, id=11192, stack(0x000000e94be00000,0x000000e94bf00000)]
  0x000002bef8f67800 JavaThread "Finalizer" daemon [_thread_blocked, id=8924, stack(0x000000e94bf00000,0x000000e94c000000)]
  0x000002bef8f7c000 JavaThread "Signal Dispatcher" daemon [_thread_blocked, id=12588, stack(0x000000e94c000000,0x000000e94c100000)]
  0x000002bef8f7e000 JavaThread "Attach Listener" daemon [_thread_blocked, id=276, stack(0x000000e94c100000,0x000000e94c200000)]
  0x000002bef8f7f000 JavaThread "Service Thread" daemon [_thread_blocked, id=3292, stack(0x000000e94c200000,0x000000e94c300000)]
  0x000002bef8f8e000 JavaThread "C2 CompilerThread0" daemon [_thread_in_native, id=6136, stack(0x000000e94c300000,0x000000e94c400000)]
  0x000002bef8f8f000 JavaThread "C1 CompilerThread0" daemon [_thread_blocked, id=5776, stack(0x000000e94c400000,0x000000e94c500000)]
  0x000002bef8f95000 JavaThread "Sweeper thread" daemon [_thread_blocked, id=7000, stack(0x000000e94c500000,0x000000e94c600000)]
  0x000002bef9a45800 JavaThread "Common-Cleaner" daemon [_thread_blocked, id=1436, stack(0x000000e94c600000,0x000000e94c700000)]
  0x000002befb076800 JavaThread "Daemon health stats" [_thread_blocked, id=7836, stack(0x000000e94cc00000,0x000000e94cd00000)]
  0x000002bef9b13000 JavaThread "Incoming local TCP Connector on port 53203" [_thread_in_native, id=5716, stack(0x000000e94c800000,0x000000e94c900000)]
  0x000002befb246800 JavaThread "Daemon periodic checks" [_thread_blocked, id=3204, stack(0x000000e94cf00000,0x000000e94d000000)]
  0x000002bef9f18800 JavaThread "Daemon" [_thread_blocked, id=10484, stack(0x000000e94d000000,0x000000e94d100000)]
  0x000002befba4d000 JavaThread "Handler for socket connection from /127.0.0.1:53203 to /127.0.0.1:53205" [_thread_in_native, id=9932, stack(0x000000e94d100000,0x000000e94d200000)]
  0x000002befacb1000 JavaThread "Cancel handler" [_thread_blocked, id=13208, stack(0x000000e94d200000,0x000000e94d300000)]
  0x000002befc848800 JavaThread "Daemon worker" [_thread_in_Java, id=11772, stack(0x000000e94d300000,0x000000e94d400000)]
  0x000002befad9d000 JavaThread "Asynchronous log dispatcher for DefaultDaemonConnection: socket connection from /127.0.0.1:53203 to /127.0.0.1:53205" [_thread_blocked, id=264, stack(0x000000e94d400000,0x000000e94d500000)]
  0x000002befa06c800 JavaThread "Stdin handler" [_thread_blocked, id=8396, stack(0x000000e94d500000,0x000000e94d600000)]
  0x000002befbd5a000 JavaThread "Daemon client event forwarder" [_thread_blocked, id=8964, stack(0x000000e94d600000,0x000000e94d700000)]
  0x000002befbd5b800 JavaThread "Cache worker for file hash cache (C:\Users\Admin\.gradle\caches\7.0.2\fileHashes)" [_thread_blocked, id=11948, stack(0x000000e94d700000,0x000000e94d800000)]
  0x000002befbd56800 JavaThread "File lock request listener" [_thread_in_native, id=7480, stack(0x000000e94d800000,0x000000e94d900000)]
  0x000002befbd58000 JavaThread "Cache worker for journal cache (C:\Users\Admin\.gradle\caches\journal-1)" [_thread_blocked, id=10284, stack(0x000000e94dc00000,0x000000e94dd00000)]
  0x000002befbd59000 JavaThread "Cache worker for file hash cache (C:\Users\Admin\AndroidStudioProjects\updateProfile2\.gradle\7.0.2\fileHashes)" [_thread_blocked, id=8588, stack(0x000000e94de00000,0x000000e94df00000)]
  0x000002befbd5c000 JavaThread "File watcher server" daemon [_thread_in_native, id=11476, stack(0x000000e94df00000,0x000000e94e000000)]
  0x000002befbd5d000 JavaThread "File watcher consumer" daemon [_thread_blocked, id=12700, stack(0x000000e94e000000,0x000000e94e100000)]
  0x000002befbd5a800 JavaThread "Cache worker for checksums cache (C:\Users\Admin\AndroidStudioProjects\updateProfile2\.gradle\checksums)" [_thread_blocked, id=6920, stack(0x000000e94dd00000,0x000000e94de00000)]
  0x000002befbd57800 JavaThread "Cache worker for cache directory md-supplier (C:\Users\Admin\.gradle\caches\7.0.2\md-supplier)" [_thread_blocked, id=13032, stack(0x000000e94e100000,0x000000e94e200000)]
=>0x000002befce93800 JavaThread "C2 CompilerThread1" daemon [_thread_in_native, id=11100, stack(0x000000e94e200000,0x000000e94e300000)]
  0x000002befd601000 JavaThread "Cache worker for cache directory md-rule (C:\Users\Admin\.gradle\caches\7.0.2\md-rule)" [_thread_blocked, id=9968, stack(0x000000e94e300000,0x000000e94e400000)]
  0x000002befd5ff000 JavaThread "Cache worker for execution history cache (C:\Users\Admin\.gradle\caches\7.0.2\executionHistory)" [_thread_blocked, id=4876, stack(0x000000e94e500000,0x000000e94e600000)]
  0x000002befd602800 JavaThread "jar transforms" [_thread_blocked, id=10312, stack(0x000000e94e600000,0x000000e94e700000)]
  0x000002befd5fd000 JavaThread "jar transforms Thread 2" [_thread_blocked, id=9440, stack(0x000000e94e700000,0x000000e94e800000)]
  0x000002befd5fd800 JavaThread "Cache worker for file content cache (C:\Users\Admin\.gradle\caches\7.0.2\fileContent)" [_thread_blocked, id=9164, stack(0x000000e94e800000,0x000000e94e900000)]
  0x000002befd604000 JavaThread "Cache worker for dependencies-accessors (C:\Users\Admin\AndroidStudioProjects\updateProfile2\.gradle\7.0.2\dependencies-accessors)" [_thread_blocked, id=12544, stack(0x000000e94e900000,0x000000e94ea00000)]
  0x000002befcc90800 JavaThread "C2 CompilerThread2" daemon [_thread_in_native, id=3424, stack(0x000000e94e400000,0x000000e94e500000)]
  0x000002befd60a000 JavaThread "jar transforms Thread 3" [_thread_blocked, id=6564, stack(0x000000e94ea00000,0x000000e94eb00000)]
  0x000002befd607800 JavaThread "Cache worker for Build Output Cleanup Cache (C:\Users\Admin\AndroidStudioProjects\updateProfile2\.gradle\buildOutputCleanup)" [_thread_blocked, id=10952, stack(0x000000e94eb00000,0x000000e94ec00000)]

Other Threads:
  0x000002bef8f62800 VMThread "VM Thread" [stack: 0x000000e94bd00000,0x000000e94be00000] [id=8096]
  0x000002bef9a92800 WatcherThread [stack: 0x000000e94c700000,0x000000e94c800000] [id=2960]
  0x000002beedb16000 GCTaskThread "GC Thread#0" [stack: 0x000000e94b800000,0x000000e94b900000] [id=3940]
  0x000002befa49e800 GCTaskThread "GC Thread#1" [stack: 0x000000e94c900000,0x000000e94ca00000] [id=9060]
  0x000002bef9ec9000 GCTaskThread "GC Thread#2" [stack: 0x000000e94ca00000,0x000000e94cb00000] [id=12644]
  0x000002befb278000 GCTaskThread "GC Thread#3" [stack: 0x000000e94cb00000,0x000000e94cc00000] [id=2212]
  0x000002befaeb1800 GCTaskThread "GC Thread#4" [stack: 0x000000e94cd00000,0x000000e94ce00000] [id=3280]
  0x000002befb72f800 GCTaskThread "GC Thread#5" [stack: 0x000000e94ce00000,0x000000e94cf00000] [id=12516]
  0x000002befb764000 GCTaskThread "GC Thread#6" [stack: 0x000000e94d900000,0x000000e94da00000] [id=9088]
  0x000002befc059800 GCTaskThread "GC Thread#7" [stack: 0x000000e94da00000,0x000000e94db00000] [id=6040]
  0x000002beedb46000 ConcurrentGCThread "G1 Main Marker" [stack: 0x000000e94b900000,0x000000e94ba00000] [id=3536]
  0x000002beedb48800 ConcurrentGCThread "G1 Conc#0" [stack: 0x000000e94ba00000,0x000000e94bb00000] [id=9096]
  0x000002bef9f39000 ConcurrentGCThread "G1 Conc#1" [stack: 0x000000e94db00000,0x000000e94dc00000] [id=1836]
  0x000002bef8db0800 ConcurrentGCThread "G1 Refine#0" [stack: 0x000000e94bb00000,0x000000e94bc00000] [id=1672]
  0x000002bef8db1800 ConcurrentGCThread "G1 Young RemSet Sampling" [stack: 0x000000e94bc00000,0x000000e94bd00000] [id=7324]

Threads with active compile tasks:
C2 CompilerThread0  18879 3836       4       java.lang.invoke.LambdaForm$Name::replaceNames (174 bytes)
C1 CompilerThread0  18879 4322   !   3       org.gradle.cache.internal.DefaultCacheAccess::useCache (191 bytes)
C2 CompilerThread1  18879 3991       4       java.io.WinNTFileSystem::normalize (143 bytes)
C2 CompilerThread2  18879 4248       4       org.gradle.api.internal.artifacts.ivyservice.modulecache.StringDeduplicatingDecoder::readString (22 bytes)

VM state:not at safepoint (normal execution)

VM Mutex/Monitor currently owned by a thread: None

Heap address: 0x0000000080000000, size: 2048 MB, Compressed Oops mode: 32-bit
Narrow klass base: 0x0000000000000000, Narrow klass shift: 3
Compressed class space size: 1073741824 Address: 0x0000000100000000

Heap:
 garbage-first heap   total 155648K, used 41993K [0x0000000080000000, 0x0000000100000000)
  region size 1024K, 16 young (16384K), 3 survivors (3072K)
 Metaspace       used 45966K, capacity 47146K, committed 47484K, reserved 1091584K
  class space    used 5884K, capacity 6300K, committed 6400K, reserved 1048576K
Heap Regions: E=young(eden), S=young(survivor), O=old, HS=humongous(starts), HC=humongous(continues), CS=collection set, F=free, A=archive, TAMS=top-at-mark-start (previous, next)
|   0|0x0000000080000000, 0x0000000080100000, 0x0000000080100000|100%| O|  |TAMS 0x0000000080100000, 0x0000000080000000| Untracked 
|   1|0x0000000080100000, 0x0000000080200000, 0x0000000080200000|100%| O|  |TAMS 0x0000000080200000, 0x0000000080100000| Untracked 
|   2|0x0000000080200000, 0x0000000080300000, 0x0000000080300000|100%| O|  |TAMS 0x0000000080300000, 0x0000000080200000| Untracked 
|   3|0x0000000080300000, 0x0000000080400000, 0x0000000080400000|100%|HS|  |TAMS 0x0000000080400000, 0x0000000080300000| Complete 
|   4|0x0000000080400000, 0x0000000080500000, 0x0000000080500000|100%|HC|  |TAMS 0x0000000080500000, 0x0000000080400000| Complete 
|   5|0x0000000080500000, 0x0000000080600000, 0x0000000080600000|100%|HC|  |TAMS 0x0000000080600000, 0x0000000080500000| Complete 
|   6|0x0000000080600000, 0x0000000080700000, 0x0000000080700000|100%| O|  |TAMS 0x0000000080700000, 0x0000000080600000| Untracked 
|   7|0x0000000080700000, 0x0000000080800000, 0x0000000080800000|100%| O|  |TAMS 0x0000000080800000, 0x0000000080700000| Untracked 
|   8|0x0000000080800000, 0x0000000080900000, 0x0000000080900000|100%| O|  |TAMS 0x0000000080900000, 0x0000000080800000| Untracked 
|   9|0x0000000080900000, 0x0000000080a00000, 0x0000000080a00000|100%| O|  |TAMS 0x0000000080a00000, 0x0000000080900000| Untracked 
|  10|0x0000000080a00000, 0x0000000080b00000, 0x0000000080b00000|100%| O|  |TAMS 0x0000000080b00000, 0x0000000080a00000| Untracked 
|  11|0x0000000080b00000, 0x0000000080c00000, 0x0000000080c00000|100%| O|  |TAMS 0x0000000080c00000, 0x0000000080b00000| Untracked 
|  12|0x0000000080c00000, 0x0000000080d00000, 0x0000000080d00000|100%| O|  |TAMS 0x0000000080d00000, 0x0000000080c00000| Untracked 
|  13|0x0000000080d00000, 0x0000000080e00000, 0x0000000080e00000|100%| O|  |TAMS 0x0000000080e00000, 0x0000000080d00000| Untracked 
|  14|0x0000000080e00000, 0x0000000080f00000, 0x0000000080f00000|100%| O|  |TAMS 0x0000000080f00000, 0x0000000080e00000| Untracked 
|  15|0x0000000080f00000, 0x0000000081000000, 0x0000000081000000|100%| O|  |TAMS 0x0000000081000000, 0x0000000080f00000| Untracked 
|  16|0x0000000081000000, 0x0000000081100000, 0x0000000081100000|100%| O|  |TAMS 0x00000000810d0e00, 0x0000000081000000| Untracked 
|  17|0x0000000081100000, 0x0000000081100000, 0x0000000081200000|  0%| F|  |TAMS 0x0000000081100000, 0x0000000081100000| Untracked 
|  18|0x0000000081200000, 0x0000000081300000, 0x0000000081300000|100%| O|  |TAMS 0x0000000081200000, 0x0000000081200000| Untracked 
|  19|0x0000000081300000, 0x0000000081400000, 0x0000000081400000|100%| O|  |TAMS 0x0000000081300000, 0x0000000081300000| Untracked 
|  20|0x0000000081400000, 0x0000000081500000, 0x0000000081500000|100%| O|  |TAMS 0x0000000081400000, 0x0000000081400000| Untracked 
|  21|0x0000000081500000, 0x0000000081600000, 0x0000000081600000|100%| O|  |TAMS 0x0000000081500000, 0x0000000081500000| Untracked 
|  22|0x0000000081600000, 0x0000000081700000, 0x0000000081700000|100%| O|  |TAMS 0x0000000081600000, 0x0000000081600000| Untracked 
|  23|0x0000000081700000, 0x0000000081800000, 0x0000000081800000|100%| O|  |TAMS 0x0000000081700000, 0x0000000081700000| Untracked 
|  24|0x0000000081800000, 0x0000000081900000, 0x0000000081900000|100%| O|  |TAMS 0x0000000081800000, 0x0000000081800000| Untracked 
|  25|0x0000000081900000, 0x0000000081a00000, 0x0000000081a00000|100%| O|  |TAMS 0x0000000081900000, 0x0000000081900000| Untracked 
|  26|0x0000000081a00000, 0x0000000081b00000, 0x0000000081b00000|100%| O|  |TAMS 0x0000000081a00000, 0x0000000081a00000| Untracked 
|  27|0x0000000081b00000, 0x0000000081b50a00, 0x0000000081c00000| 31%| O|  |TAMS 0x0000000081b00000, 0x0000000081b00000| Untracked 
|  28|0x0000000081c00000, 0x0000000081c00000, 0x0000000081d00000|  0%| F|  |TAMS 0x0000000081c00000, 0x0000000081c00000| Untracked 
|  29|0x0000000081d00000, 0x0000000081d00000, 0x0000000081e00000|  0%| F|  |TAMS 0x0000000081d00000, 0x0000000081d00000| Untracked 
|  30|0x0000000081e00000, 0x0000000081e00000, 0x0000000081f00000|  0%| F|  |TAMS 0x0000000081e00000, 0x0000000081e00000| Untracked 
|  31|0x0000000081f00000, 0x0000000081f00000, 0x0000000082000000|  0%| F|  |TAMS 0x0000000081f00000, 0x0000000081f00000| Untracked 
|  32|0x0000000082000000, 0x0000000082000000, 0x0000000082100000|  0%| F|  |TAMS 0x0000000082000000, 0x0000000082000000| Untracked 
|  33|0x0000000082100000, 0x0000000082100000, 0x0000000082200000|  0%| F|  |TAMS 0x0000000082100000, 0x0000000082100000| Untracked 
|  34|0x0000000082200000, 0x0000000082200000, 0x0000000082300000|  0%| F|  |TAMS 0x0000000082200000, 0x0000000082200000| Untracked 
|  35|0x0000000082300000, 0x0000000082300000, 0x0000000082400000|  0%| F|  |TAMS 0x0000000082300000, 0x0000000082300000| Untracked 
|  36|0x0000000082400000, 0x0000000082400000, 0x0000000082500000|  0%| F|  |TAMS 0x0000000082400000, 0x0000000082400000| Untracked 
|  37|0x0000000082500000, 0x0000000082500000, 0x0000000082600000|  0%| F|  |TAMS 0x0000000082500000, 0x0000000082500000| Untracked 
|  38|0x0000000082600000, 0x0000000082600000, 0x0000000082700000|  0%| F|  |TAMS 0x0000000082600000, 0x0000000082600000| Untracked 
|  39|0x0000000082700000, 0x0000000082700000, 0x0000000082800000|  0%| F|  |TAMS 0x0000000082700000, 0x0000000082700000| Untracked 
|  40|0x0000000082800000, 0x0000000082800000, 0x0000000082900000|  0%| F|  |TAMS 0x0000000082800000, 0x0000000082800000| Untracked 
|  41|0x0000000082900000, 0x0000000082900000, 0x0000000082a00000|  0%| F|  |TAMS 0x0000000082900000, 0x0000000082900000| Untracked 
|  42|0x0000000082a00000, 0x0000000082a00000, 0x0000000082b00000|  0%| F|  |TAMS 0x0000000082a00000, 0x0000000082a00000| Untracked 
|  43|0x0000000082b00000, 0x0000000082b00000, 0x0000000082c00000|  0%| F|  |TAMS 0x0000000082b00000, 0x0000000082b00000| Untracked 
|  44|0x0000000082c00000, 0x0000000082c00000, 0x0000000082d00000|  0%| F|  |TAMS 0x0000000082c00000, 0x0000000082c00000| Untracked 
|  45|0x0000000082d00000, 0x0000000082d00000, 0x0000000082e00000|  0%| F|  |TAMS 0x0000000082d00000, 0x0000000082d00000| Untracked 
|  46|0x0000000082e00000, 0x0000000082e00000, 0x0000000082f00000|  0%| F|  |TAMS 0x0000000082e00000, 0x0000000082e00000| Untracked 
|  47|0x0000000082f00000, 0x0000000082f00000, 0x0000000083000000|  0%| F|  |TAMS 0x0000000082f00000, 0x0000000082f00000| Untracked 
|  48|0x0000000083000000, 0x0000000083000000, 0x0000000083100000|  0%| F|  |TAMS 0x0000000083000000, 0x0000000083000000| Untracked 
|  49|0x0000000083100000, 0x0000000083100000, 0x0000000083200000|  0%| F|  |TAMS 0x0000000083100000, 0x0000000083100000| Untracked 
|  50|0x0000000083200000, 0x0000000083200000, 0x0000000083300000|  0%| F|  |TAMS 0x0000000083200000, 0x0000000083200000| Untracked 
|  51|0x0000000083300000, 0x0000000083300000, 0x0000000083400000|  0%| F|  |TAMS 0x0000000083300000, 0x0000000083300000| Untracked 
|  52|0x0000000083400000, 0x0000000083400000, 0x0000000083500000|  0%| F|  |TAMS 0x0000000083400000, 0x0000000083400000| Untracked 
|  53|0x0000000083500000, 0x0000000083500000, 0x0000000083600000|  0%| F|  |TAMS 0x0000000083500000, 0x0000000083500000| Untracked 
|  54|0x0000000083600000, 0x0000000083600000, 0x0000000083700000|  0%| F|  |TAMS 0x0000000083600000, 0x0000000083600000| Untracked 
|  55|0x0000000083700000, 0x0000000083700000, 0x0000000083800000|  0%| F|  |TAMS 0x0000000083700000, 0x0000000083700000| Untracked 
|  56|0x0000000083800000, 0x0000000083800000, 0x0000000083900000|  0%| F|  |TAMS 0x0000000083800000, 0x0000000083800000| Untracked 
|  57|0x0000000083900000, 0x0000000083900000, 0x0000000083a00000|  0%| F|  |TAMS 0x0000000083900000, 0x0000000083900000| Untracked 
|  58|0x0000000083a00000, 0x0000000083a00000, 0x0000000083b00000|  0%| F|  |TAMS 0x0000000083a00000, 0x0000000083a00000| Untracked 
|  59|0x0000000083b00000, 0x0000000083b00000, 0x0000000083c00000|  0%| F|  |TAMS 0x0000000083b00000, 0x0000000083b00000| Untracked 
|  60|0x0000000083c00000, 0x0000000083c00000, 0x0000000083d00000|  0%| F|  |TAMS 0x0000000083c00000, 0x0000000083c00000| Untracked 
|  61|0x0000000083d00000, 0x0000000083d00000, 0x0000000083e00000|  0%| F|  |TAMS 0x0000000083d00000, 0x0000000083d00000| Untracked 
|  62|0x0000000083e00000, 0x0000000083e00000, 0x0000000083f00000|  0%| F|  |TAMS 0x0000000083e00000, 0x0000000083e00000| Untracked 
|  63|0x0000000083f00000, 0x0000000083fb1b40, 0x0000000084000000| 69%| S|CS|TAMS 0x0000000083f00000, 0x0000000083f00000| Complete 
|  64|0x0000000084000000, 0x0000000084100000, 0x0000000084100000|100%| S|CS|TAMS 0x0000000084000000, 0x0000000084000000| Complete 
|  65|0x0000000084100000, 0x0000000084200000, 0x0000000084200000|100%| S|CS|TAMS 0x0000000084100000, 0x0000000084100000| Complete 
|  66|0x0000000084200000, 0x0000000084200000, 0x0000000084300000|  0%| F|  |TAMS 0x0000000084200000, 0x0000000084200000| Untracked 
|  67|0x0000000084300000, 0x0000000084300000, 0x0000000084400000|  0%| F|  |TAMS 0x0000000084300000, 0x0000000084300000| Untracked 
|  68|0x0000000084400000, 0x0000000084400000, 0x0000000084500000|  0%| F|  |TAMS 0x0000000084400000, 0x0000000084400000| Untracked 
|  69|0x0000000084500000, 0x0000000084500000, 0x0000000084600000|  0%| F|  |TAMS 0x0000000084500000, 0x0000000084500000| Untracked 
|  70|0x0000000084600000, 0x0000000084600000, 0x0000000084700000|  0%| F|  |TAMS 0x0000000084600000, 0x0000000084600000| Untracked 
|  71|0x0000000084700000, 0x0000000084700000, 0x0000000084800000|  0%| F|  |TAMS 0x0000000084700000, 0x0000000084700000| Untracked 
|  72|0x0000000084800000, 0x0000000084800000, 0x0000000084900000|  0%| F|  |TAMS 0x0000000084800000, 0x0000000084800000| Untracked 
|  73|0x0000000084900000, 0x0000000084900000, 0x0000000084a00000|  0%| F|  |TAMS 0x0000000084900000, 0x0000000084900000| Untracked 
|  74|0x0000000084a00000, 0x0000000084a00000, 0x0000000084b00000|  0%| F|  |TAMS 0x0000000084a00000, 0x0000000084a00000| Untracked 
|  75|0x0000000084b00000, 0x0000000084b00000, 0x0000000084c00000|  0%| F|  |TAMS 0x0000000084b00000, 0x0000000084b00000| Untracked 
|  76|0x0000000084c00000, 0x0000000084c00000, 0x0000000084d00000|  0%| F|  |TAMS 0x0000000084c00000, 0x0000000084c00000| Untracked 
|  77|0x0000000084d00000, 0x0000000084d00000, 0x0000000084e00000|  0%| F|  |TAMS 0x0000000084d00000, 0x0000000084d00000| Untracked 
|  78|0x0000000084e00000, 0x0000000084e00000, 0x0000000084f00000|  0%| F|  |TAMS 0x0000000084e00000, 0x0000000084e00000| Untracked 
|  79|0x0000000084f00000, 0x0000000084f00000, 0x0000000085000000|  0%| F|  |TAMS 0x0000000084f00000, 0x0000000084f00000| Untracked 
|  80|0x0000000085000000, 0x0000000085000000, 0x0000000085100000|  0%| F|  |TAMS 0x0000000085000000, 0x0000000085000000| Untracked 
|  81|0x0000000085100000, 0x0000000085100000, 0x0000000085200000|  0%| F|  |TAMS 0x0000000085100000, 0x0000000085100000| Untracked 
|  82|0x0000000085200000, 0x0000000085200000, 0x0000000085300000|  0%| F|  |TAMS 0x0000000085200000, 0x0000000085200000| Untracked 
|  83|0x0000000085300000, 0x0000000085300000, 0x0000000085400000|  0%| F|  |TAMS 0x0000000085300000, 0x0000000085300000| Untracked 
|  84|0x0000000085400000, 0x0000000085400000, 0x0000000085500000|  0%| F|  |TAMS 0x0000000085400000, 0x0000000085400000| Untracked 
|  85|0x0000000085500000, 0x0000000085500000, 0x0000000085600000|  0%| F|  |TAMS 0x0000000085500000, 0x0000000085500000| Untracked 
|  86|0x0000000085600000, 0x0000000085600000, 0x0000000085700000|  0%| F|  |TAMS 0x0000000085600000, 0x0000000085600000| Untracked 
|  87|0x0000000085700000, 0x0000000085700000, 0x0000000085800000|  0%| F|  |TAMS 0x0000000085700000, 0x0000000085700000| Untracked 
|  88|0x0000000085800000, 0x0000000085800000, 0x0000000085900000|  0%| F|  |TAMS 0x0000000085800000, 0x0000000085800000| Untracked 
|  89|0x0000000085900000, 0x0000000085900000, 0x0000000085a00000|  0%| F|  |TAMS 0x0000000085900000, 0x0000000085900000| Untracked 
|  90|0x0000000085a00000, 0x0000000085a00000, 0x0000000085b00000|  0%| F|  |TAMS 0x0000000085a00000, 0x0000000085a00000| Untracked 
|  91|0x0000000085b00000, 0x0000000085b00000, 0x0000000085c00000|  0%| F|  |TAMS 0x0000000085b00000, 0x0000000085b00000| Untracked 
|  92|0x0000000085c00000, 0x0000000085c00000, 0x0000000085d00000|  0%| F|  |TAMS 0x0000000085c00000, 0x0000000085c00000| Untracked 
|  93|0x0000000085d00000, 0x0000000085d00000, 0x0000000085e00000|  0%| F|  |TAMS 0x0000000085d00000, 0x0000000085d00000| Untracked 
|  94|0x0000000085e00000, 0x0000000085e00000, 0x0000000085f00000|  0%| F|  |TAMS 0x0000000085e00000, 0x0000000085e00000| Untracked 
|  95|0x0000000085f00000, 0x0000000085f00000, 0x0000000086000000|  0%| F|  |TAMS 0x0000000085f00000, 0x0000000085f00000| Untracked 
|  96|0x0000000086000000, 0x0000000086000000, 0x0000000086100000|  0%| F|  |TAMS 0x0000000086000000, 0x0000000086000000| Untracked 
|  97|0x0000000086100000, 0x0000000086100000, 0x0000000086200000|  0%| F|  |TAMS 0x0000000086100000, 0x0000000086100000| Untracked 
|  98|0x0000000086200000, 0x0000000086200000, 0x0000000086300000|  0%| F|  |TAMS 0x0000000086200000, 0x0000000086200000| Untracked 
|  99|0x0000000086300000, 0x0000000086300000, 0x0000000086400000|  0%| F|  |TAMS 0x0000000086300000, 0x0000000086300000| Untracked 
| 100|0x0000000086400000, 0x0000000086400000, 0x0000000086500000|  0%| F|  |TAMS 0x0000000086400000, 0x0000000086400000| Untracked 
| 101|0x0000000086500000, 0x0000000086500000, 0x0000000086600000|  0%| F|  |TAMS 0x0000000086500000, 0x0000000086500000| Untracked 
| 102|0x0000000086600000, 0x0000000086600000, 0x0000000086700000|  0%| F|  |TAMS 0x0000000086600000, 0x0000000086600000| Untracked 
| 103|0x0000000086700000, 0x0000000086700000, 0x0000000086800000|  0%| F|  |TAMS 0x0000000086700000, 0x0000000086700000| Untracked 
| 104|0x0000000086800000, 0x0000000086800000, 0x0000000086900000|  0%| F|  |TAMS 0x0000000086800000, 0x0000000086800000| Untracked 
| 105|0x0000000086900000, 0x0000000086900000, 0x0000000086a00000|  0%| F|  |TAMS 0x0000000086900000, 0x0000000086900000| Untracked 
| 106|0x0000000086a00000, 0x0000000086a00000, 0x0000000086b00000|  0%| F|  |TAMS 0x0000000086a00000, 0x0000000086a00000| Untracked 
| 107|0x0000000086b00000, 0x0000000086b00000, 0x0000000086c00000|  0%| F|  |TAMS 0x0000000086b00000, 0x0000000086b00000| Untracked 
| 108|0x0000000086c00000, 0x0000000086c00000, 0x0000000086d00000|  0%| F|  |TAMS 0x0000000086c00000, 0x0000000086c00000| Untracked 
| 109|0x0000000086d00000, 0x0000000086d00000, 0x0000000086e00000|  0%| F|  |TAMS 0x0000000086d00000, 0x0000000086d00000| Untracked 
| 110|0x0000000086e00000, 0x0000000086e00000, 0x0000000086f00000|  0%| F|  |TAMS 0x0000000086e00000, 0x0000000086e00000| Untracked 
| 111|0x0000000086f00000, 0x0000000086f00000, 0x0000000087000000|  0%| F|  |TAMS 0x0000000086f00000, 0x0000000086f00000| Untracked 
| 112|0x0000000087000000, 0x0000000087000000, 0x0000000087100000|  0%| F|  |TAMS 0x0000000087000000, 0x0000000087000000| Untracked 
| 113|0x0000000087100000, 0x0000000087100000, 0x0000000087200000|  0%| F|  |TAMS 0x0000000087100000, 0x0000000087100000| Untracked 
| 114|0x0000000087200000, 0x0000000087200000, 0x0000000087300000|  0%| F|  |TAMS 0x0000000087200000, 0x0000000087200000| Untracked 
| 115|0x0000000087300000, 0x0000000087300000, 0x0000000087400000|  0%| F|  |TAMS 0x0000000087300000, 0x0000000087300000| Untracked 
| 116|0x0000000087400000, 0x0000000087400000, 0x0000000087500000|  0%| F|  |TAMS 0x0000000087400000, 0x0000000087400000| Untracked 
| 117|0x0000000087500000, 0x0000000087500000, 0x0000000087600000|  0%| F|  |TAMS 0x0000000087500000, 0x0000000087500000| Untracked 
| 118|0x0000000087600000, 0x0000000087600000, 0x0000000087700000|  0%| F|  |TAMS 0x0000000087600000, 0x0000000087600000| Untracked 
| 119|0x0000000087700000, 0x0000000087700000, 0x0000000087800000|  0%| F|  |TAMS 0x0000000087700000, 0x0000000087700000| Untracked 
| 120|0x0000000087800000, 0x0000000087800000, 0x0000000087900000|  0%| F|  |TAMS 0x0000000087800000, 0x0000000087800000| Untracked 
| 121|0x0000000087900000, 0x0000000087900000, 0x0000000087a00000|  0%| F|  |TAMS 0x0000000087900000, 0x0000000087900000| Untracked 
| 122|0x0000000087a00000, 0x0000000087a00000, 0x0000000087b00000|  0%| F|  |TAMS 0x0000000087a00000, 0x0000000087a00000| Untracked 
| 123|0x0000000087b00000, 0x0000000087b00000, 0x0000000087c00000|  0%| F|  |TAMS 0x0000000087b00000, 0x0000000087b00000| Untracked 
| 124|0x0000000087c00000, 0x0000000087c00000, 0x0000000087d00000|  0%| F|  |TAMS 0x0000000087c00000, 0x0000000087c00000| Untracked 
| 125|0x0000000087d00000, 0x0000000087d00000, 0x0000000087e00000|  0%| F|  |TAMS 0x0000000087d00000, 0x0000000087d00000| Untracked 
| 126|0x0000000087e00000, 0x0000000087e00000, 0x0000000087f00000|  0%| F|  |TAMS 0x0000000087e00000, 0x0000000087e00000| Untracked 
| 127|0x0000000087f00000, 0x0000000087f00000, 0x0000000088000000|  0%| F|  |TAMS 0x0000000087f00000, 0x0000000087f00000| Untracked 
| 128|0x0000000088000000, 0x0000000088000000, 0x0000000088100000|  0%| F|  |TAMS 0x0000000088000000, 0x0000000088000000| Untracked 
| 129|0x0000000088100000, 0x0000000088100000, 0x0000000088200000|  0%| F|  |TAMS 0x0000000088100000, 0x0000000088100000| Untracked 
| 130|0x0000000088200000, 0x0000000088200000, 0x0000000088300000|  0%| F|  |TAMS 0x0000000088200000, 0x0000000088200000| Untracked 
| 131|0x0000000088300000, 0x0000000088300000, 0x0000000088400000|  0%| F|  |TAMS 0x0000000088300000, 0x0000000088300000| Untracked 
| 132|0x0000000088400000, 0x0000000088400000, 0x0000000088500000|  0%| F|  |TAMS 0x0000000088400000, 0x0000000088400000| Untracked 
| 133|0x0000000088500000, 0x0000000088500000, 0x0000000088600000|  0%| F|  |TAMS 0x0000000088500000, 0x0000000088500000| Untracked 
| 134|0x0000000088600000, 0x0000000088600000, 0x0000000088700000|  0%| F|  |TAMS 0x0000000088600000, 0x0000000088600000| Untracked 
| 135|0x0000000088700000, 0x0000000088700000, 0x0000000088800000|  0%| F|  |TAMS 0x0000000088700000, 0x0000000088700000| Untracked 
| 136|0x0000000088800000, 0x0000000088800000, 0x0000000088900000|  0%| F|  |TAMS 0x0000000088800000, 0x0000000088800000| Untracked 
| 137|0x0000000088900000, 0x0000000088900000, 0x0000000088a00000|  0%| F|  |TAMS 0x0000000088900000, 0x0000000088900000| Untracked 
| 138|0x0000000088a00000, 0x0000000088a80800, 0x0000000088b00000| 50%| E|  |TAMS 0x0000000088a00000, 0x0000000088a00000| Complete 
| 139|0x0000000088b00000, 0x0000000088c00000, 0x0000000088c00000|100%| E|CS|TAMS 0x0000000088b00000, 0x0000000088b00000| Complete 
| 140|0x0000000088c00000, 0x0000000088d00000, 0x0000000088d00000|100%| E|CS|TAMS 0x0000000088c00000, 0x0000000088c00000| Complete 
| 141|0x0000000088d00000, 0x0000000088e00000, 0x0000000088e00000|100%| E|CS|TAMS 0x0000000088d00000, 0x0000000088d00000| Complete 
| 142|0x0000000088e00000, 0x0000000088f00000, 0x0000000088f00000|100%| E|CS|TAMS 0x0000000088e00000, 0x0000000088e00000| Complete 
| 143|0x0000000088f00000, 0x0000000089000000, 0x0000000089000000|100%| E|CS|TAMS 0x0000000088f00000, 0x0000000088f00000| Complete 
| 144|0x0000000089000000, 0x0000000089100000, 0x0000000089100000|100%| E|CS|TAMS 0x0000000089000000, 0x0000000089000000| Complete 
| 145|0x0000000089100000, 0x0000000089200000, 0x0000000089200000|100%| E|CS|TAMS 0x0000000089100000, 0x0000000089100000| Complete 
| 146|0x0000000089200000, 0x0000000089300000, 0x0000000089300000|100%| E|CS|TAMS 0x0000000089200000, 0x0000000089200000| Complete 
| 147|0x0000000089300000, 0x0000000089400000, 0x0000000089400000|100%| E|CS|TAMS 0x0000000089300000, 0x0000000089300000| Complete 
| 148|0x0000000089400000, 0x0000000089500000, 0x0000000089500000|100%| E|CS|TAMS 0x0000000089400000, 0x0000000089400000| Complete 
| 149|0x0000000089500000, 0x0000000089600000, 0x0000000089600000|100%| E|CS|TAMS 0x0000000089500000, 0x0000000089500000| Complete 
| 150|0x0000000089600000, 0x0000000089700000, 0x0000000089700000|100%| E|CS|TAMS 0x0000000089600000, 0x0000000089600000| Complete 
| 151|0x0000000089700000, 0x0000000089800000, 0x0000000089800000|100%| E|CS|TAMS 0x0000000089700000, 0x0000000089700000| Complete 

Card table byte_map: [0x000002bef1d20000,0x000002bef2120000] _byte_map_base: 0x000002bef1920000

Marking Bits (Prev, Next): (CMBitMap*) 0x000002beedb3d4a8, (CMBitMap*) 0x000002beedb3d4e0
 Prev Bits: [0x000002bef2520000, 0x000002bef4520000)
 Next Bits: [0x000002bef4520000, 0x000002bef6520000)

Polling page: 0x000002beed2e0000

Metaspace:

Usage:
  Non-class:     39.90 MB capacity,    39.17 MB ( 98%) used,   635.79 KB (  2%) free+waste,   113.06 KB ( <1%) overhead. 
      Class:      6.16 MB capacity,     5.75 MB ( 93%) used,   359.90 KB (  6%) free+waste,    54.13 KB ( <1%) overhead. 
       Both:     46.05 MB capacity,    44.92 MB ( 98%) used,   995.69 KB (  2%) free+waste,   167.19 KB ( <1%) overhead. 

Virtual space:
  Non-class space:       42.00 MB reserved,      40.12 MB ( 96%) committed 
      Class space:        1.00 GB reserved,       6.25 MB ( <1%) committed 
             Both:        1.04 GB reserved,      46.37 MB (  4%) committed 

Chunk freelists:
   Non-Class:  36.00 KB
       Class:  0 bytes
        Both:  36.00 KB

MaxMetaspaceSize: 17179869184.00 GB
CompressedClassSpaceSize: 1.00 GB

CodeHeap 'non-profiled nmethods': size=120000Kb used=2317Kb max_used=2317Kb free=117682Kb
 bounds [0x000002be87ad0000, 0x000002be87d40000, 0x000002be8f000000]
CodeHeap 'profiled nmethods': size=120000Kb used=8645Kb max_used=8645Kb free=111355Kb
 bounds [0x000002be805a0000, 0x000002be80e20000, 0x000002be87ad0000]
CodeHeap 'non-nmethods': size=5760Kb used=2214Kb max_used=2272Kb free=3545Kb
 bounds [0x000002be80000000, 0x000002be80270000, 0x000002be805a0000]
 total_blobs=5044 nmethods=4259 adapters=696
 compilation: enabled
              stopped_count=0, restarted_count=0
 full_count=0

Compilation events (20 events):
Event: 18.733 Thread 0x000002bef8f8f000 nmethod 4185 0x000002be80dd6910 code [0x000002be80dd6ac0, 0x000002be80dd6bb8]
Event: 18.733 Thread 0x000002bef8f8f000 4184       1       org.gradle.cache.internal.btree.BTreePersistentIndexedCache$DataBlock::getType (3 bytes)
Event: 18.733 Thread 0x000002bef8f8f000 nmethod 4184 0x000002be87d08310 code [0x000002be87d084c0, 0x000002be87d08578]
Event: 18.733 Thread 0x000002bef8f8f000 4186       3       org.gradle.api.internal.artifacts.dependencies.DefaultImmutableVersionConstraint::<init> (152 bytes)
Event: 18.736 Thread 0x000002bef8f8f000 nmethod 4186 0x000002be80dd6c90 code [0x000002be80dd6f60, 0x000002be80dd7ca8]
Event: 18.736 Thread 0x000002bef8f8f000 4188       3       java.lang.ThreadLocal$ThreadLocalMap::remove (68 bytes)
Event: 18.737 Thread 0x000002bef8f8f000 nmethod 4188 0x000002be80dd8090 code [0x000002be80dd8280, 0x000002be80dd8788]
Event: 18.737 Thread 0x000002bef8f8f000 4187       3       java.lang.ThreadLocal::remove (18 bytes)
Event: 18.738 Thread 0x000002bef8f8f000 nmethod 4187 0x000002be80dd8990 code [0x000002be80dd8b60, 0x000002be80dd8db8]
Event: 18.738 Thread 0x000002bef8f8f000 4189       1       org.gradle.cache.internal.btree.BTreePersistentIndexedCache::access$400 (5 bytes)
Event: 18.738 Thread 0x000002bef8f8f000 nmethod 4189 0x000002be87d08610 code [0x000002be87d087c0, 0x000002be87d08858]
Event: 18.738 Thread 0x000002bef8f8f000 4190       1       org.gradle.cache.internal.btree.BTreePersistentIndexedCache::access$2100 (5 bytes)
Event: 18.739 Thread 0x000002bef8f8f000 nmethod 4190 0x000002be87d08910 code [0x000002be87d08ac0, 0x000002be87d08b58]
Event: 18.739 Thread 0x000002bef8f8f000 4191       3       com.google.common.collect.RegularImmutableMap$KeySet::iterator (8 bytes)
Event: 18.740 Thread 0x000002bef8f8f000 nmethod 4191 0x000002be80dd8e90 code [0x000002be80dd9060, 0x000002be80dd93e8]
Event: 18.740 Thread 0x000002bef8f8f000 4192       1       org.gradle.cache.internal.btree.BTreePersistentIndexedCache::access$1800 (5 bytes)
Event: 18.740 Thread 0x000002bef8f8f000 nmethod 4192 0x000002be87d08c10 code [0x000002be87d08dc0, 0x000002be87d08e58]
Event: 18.740 Thread 0x000002bef8f8f000 4195       3       org.gradle.api.internal.artifacts.DefaultModuleVersionIdentifier::newId (10 bytes)
Event: 18.740 Thread 0x000002bef8f8f000 nmethod 4195 0x000002be80dd9510 code [0x000002be80dd96c0, 0x000002be80dd9848]
Event: 18.741 Thread 0x000002bef8f8f000 4196       3       org.gradle.api.internal.artifacts.DefaultModuleVersionIdentifier::<init> (51 bytes)

GC Heap History (18 events):
Event: 2.156 GC heap before
{Heap before GC invocations=0 (full 0):
 garbage-first heap   total 129024K, used 29696K [0x0000000080000000, 0x0000000100000000)
  region size 1024K, 24 young (24576K), 0 survivors (0K)
 Metaspace       used 9798K, capacity 9986K, committed 10112K, reserved 1058816K
  class space    used 1022K, capacity 1102K, committed 1152K, reserved 1048576K
}
Event: 2.172 GC heap after
{Heap after GC invocations=1 (full 0):
 garbage-first heap   total 129024K, used 8928K [0x0000000080000000, 0x0000000100000000)
  region size 1024K, 3 young (3072K), 3 survivors (3072K)
 Metaspace       used 9798K, capacity 9986K, committed 10112K, reserved 1058816K
  class space    used 1022K, capacity 1102K, committed 1152K, reserved 1048576K
}
Event: 2.941 GC heap before
{Heap before GC invocations=1 (full 0):
 garbage-first heap   total 129024K, used 26336K [0x0000000080000000, 0x0000000100000000)
  region size 1024K, 20 young (20480K), 3 survivors (3072K)
 Metaspace       used 10709K, capacity 10939K, committed 11264K, reserved 1058816K
  class space    used 1123K, capacity 1206K, committed 1280K, reserved 1048576K
}
Event: 2.949 GC heap after
{Heap after GC invocations=2 (full 0):
 garbage-first heap   total 129024K, used 9905K [0x0000000080000000, 0x0000000100000000)
  region size 1024K, 1 young (1024K), 1 survivors (1024K)
 Metaspace       used 10709K, capacity 10939K, committed 11264K, reserved 1058816K
  class space    used 1123K, capacity 1206K, committed 1280K, reserved 1048576K
}
Event: 8.481 GC heap before
{Heap before GC invocations=2 (full 0):
 garbage-first heap   total 129024K, used 53937K [0x0000000080000000, 0x0000000100000000)
  region size 1024K, 43 young (44032K), 1 survivors (1024K)
 Metaspace       used 15789K, capacity 16180K, committed 16384K, reserved 1062912K
  class space    used 1796K, capacity 1931K, committed 2048K, reserved 1048576K
}
Event: 8.493 GC heap after
{Heap after GC invocations=3 (full 0):
 garbage-first heap   total 129024K, used 15680K [0x0000000080000000, 0x0000000100000000)
  region size 1024K, 6 young (6144K), 6 survivors (6144K)
 Metaspace       used 15789K, capacity 16180K, committed 16384K, reserved 1062912K
  class space    used 1796K, capacity 1931K, committed 2048K, reserved 1048576K
}
Event: 9.679 GC heap before
{Heap before GC invocations=3 (full 0):
 garbage-first heap   total 129024K, used 50496K [0x0000000080000000, 0x0000000100000000)
  region size 1024K, 41 young (41984K), 6 survivors (6144K)
 Metaspace       used 20641K, capacity 21151K, committed 21296K, reserved 1069056K
  class space    used 2514K, capacity 2688K, committed 2688K, reserved 1048576K
}
Event: 9.702 GC heap after
{Heap after GC invocations=4 (full 0):
 garbage-first heap   total 129024K, used 17551K [0x0000000080000000, 0x0000000100000000)
  region size 1024K, 2 young (2048K), 2 survivors (2048K)
 Metaspace       used 20641K, capacity 21151K, committed 21296K, reserved 1069056K
  class space    used 2514K, capacity 2688K, committed 2688K, reserved 1048576K
}
Event: 11.145 GC heap before
{Heap before GC invocations=5 (full 0):
 garbage-first heap   total 129024K, used 66703K [0x0000000080000000, 0x0000000100000000)
  region size 1024K, 50 young (51200K), 2 survivors (2048K)
 Metaspace       used 25704K, capacity 26355K, committed 26672K, reserved 1073152K
  class space    used 3354K, capacity 3598K, committed 3712K, reserved 1048576K
}
Event: 11.153 GC heap after
{Heap after GC invocations=6 (full 0):
 garbage-first heap   total 129024K, used 19128K [0x0000000080000000, 0x0000000100000000)
  region size 1024K, 4 young (4096K), 4 survivors (4096K)
 Metaspace       used 25704K, capacity 26355K, committed 26672K, reserved 1073152K
  class space    used 3354K, capacity 3598K, committed 3712K, reserved 1048576K
}
Event: 13.692 GC heap before
{Heap before GC invocations=6 (full 0):
 garbage-first heap   total 129024K, used 76472K [0x0000000080000000, 0x0000000100000000)
  region size 1024K, 60 young (61440K), 4 survivors (4096K)
 Metaspace       used 34313K, capacity 35108K, committed 35120K, reserved 1079296K
  class space    used 4452K, capacity 4730K, committed 4736K, reserved 1048576K
}
Event: 13.708 GC heap after
{Heap after GC invocations=7 (full 0):
 garbage-first heap   total 129024K, used 22572K [0x0000000080000000, 0x0000000100000000)
  region size 1024K, 7 young (7168K), 7 survivors (7168K)
 Metaspace       used 34313K, capacity 35108K, committed 35120K, reserved 1079296K
  class space    used 4452K, capacity 4730K, committed 4736K, reserved 1048576K
}
Event: 13.826 GC heap before
{Heap before GC invocations=7 (full 0):
 garbage-first heap   total 129024K, used 24620K [0x0000000080000000, 0x0000000100000000)
  region size 1024K, 10 young (10240K), 7 survivors (7168K)
 Metaspace       used 34781K, capacity 35608K, committed 35708K, reserved 1081344K
  class space    used 4524K, capacity 4832K, committed 4864K, reserved 1048576K
}
Event: 13.848 GC heap after
{Heap after GC invocations=8 (full 0):
 garbage-first heap   total 129024K, used 22868K [0x0000000080000000, 0x0000000100000000)
  region size 1024K, 6 young (6144K), 6 survivors (6144K)
 Metaspace       used 34781K, capacity 35608K, committed 35708K, reserved 1081344K
  class space    used 4524K, capacity 4832K, committed 4864K, reserved 1048576K
}
Event: 16.116 GC heap before
{Heap before GC invocations=9 (full 0):
 garbage-first heap   total 129024K, used 89428K [0x0000000080000000, 0x0000000100000000)
  region size 1024K, 69 young (70656K), 6 survivors (6144K)
 Metaspace       used 39569K, capacity 40496K, committed 40700K, reserved 1085440K
  class space    used 5050K, capacity 5390K, committed 5504K, reserved 1048576K
}
Event: 16.142 GC heap after
{Heap after GC invocations=10 (full 0):
 garbage-first heap   total 129024K, used 27726K [0x0000000080000000, 0x0000000100000000)
  region size 1024K, 9 young (9216K), 9 survivors (9216K)
 Metaspace       used 39569K, capacity 40496K, committed 40700K, reserved 1085440K
  class space    used 5050K, capacity 5390K, committed 5504K, reserved 1048576K
}
Event: 18.201 GC heap before
{Heap before GC invocations=10 (full 0):
 garbage-first heap   total 129024K, used 89166K [0x0000000080000000, 0x0000000100000000)
  region size 1024K, 69 young (70656K), 9 survivors (9216K)
 Metaspace       used 45119K, capacity 46302K, committed 46588K, reserved 1089536K
  class space    used 5791K, capacity 6192K, committed 6272K, reserved 1048576K
}
Event: 18.231 GC heap after
{Heap after GC invocations=11 (full 0):
 garbage-first heap   total 155648K, used 29705K [0x0000000080000000, 0x0000000100000000)
  region size 1024K, 3 young (3072K), 3 survivors (3072K)
 Metaspace       used 45119K, capacity 46302K, committed 46588K, reserved 1089536K
  class space    used 5791K, capacity 6192K, committed 6272K, reserved 1048576K
}

Deoptimization events (20 events):
Event: 18.577 Thread 0x000002befc848800 Uncommon trap: trap_request=0xffffff4d fr.pc=0x000002be87c026ec relative=0x00000000000001cc
Event: 18.577 Thread 0x000002befc848800 Uncommon trap: reason=unstable_if action=reinterpret pc=0x000002be87c026ec method=java.util.ArrayDeque.addLast(Ljava/lang/Object;)V @ 42 c2
Event: 18.577 Thread 0x000002befc848800 DEOPT PACKING pc=0x000002be87c026ec sp=0x000000e94d3f9360
Event: 18.577 Thread 0x000002befc848800 DEOPT UNPACKING pc=0x000002be800278af sp=0x000000e94d3f9320 mode 2
Event: 18.605 Thread 0x000002befc848800 Uncommon trap: trap_request=0xffffffc6 fr.pc=0x000002be87cf965c relative=0x000000000000139c
Event: 18.605 Thread 0x000002befc848800 Uncommon trap: reason=bimorphic_or_optimized_type_check action=maybe_recompile pc=0x000002be87cf965c method=java.util.HashMap.computeIfAbsent(Ljava/lang/Object;Ljava/util/function/Function;)Ljava/lang/Object; @ 142 c2
Event: 18.605 Thread 0x000002befc848800 DEOPT PACKING pc=0x000002be87cf965c sp=0x000000e94d3f9260
Event: 18.605 Thread 0x000002befc848800 DEOPT UNPACKING pc=0x000002be800278af sp=0x000000e94d3f9228 mode 2
Event: 18.605 Thread 0x000002befc848800 Uncommon trap: trap_request=0xffffffc6 fr.pc=0x000002be87cf965c relative=0x000000000000139c
Event: 18.605 Thread 0x000002befc848800 Uncommon trap: reason=bimorphic_or_optimized_type_check action=maybe_recompile pc=0x000002be87cf965c method=java.util.HashMap.computeIfAbsent(Ljava/lang/Object;Ljava/util/function/Function;)Ljava/lang/Object; @ 142 c2
Event: 18.605 Thread 0x000002befc848800 DEOPT PACKING pc=0x000002be87cf965c sp=0x000000e94d3f92d0
Event: 18.605 Thread 0x000002befc848800 DEOPT UNPACKING pc=0x000002be800278af sp=0x000000e94d3f9298 mode 2
Event: 18.605 Thread 0x000002befc848800 Uncommon trap: trap_request=0xffffffc6 fr.pc=0x000002be87cf965c relative=0x000000000000139c
Event: 18.605 Thread 0x000002befc848800 Uncommon trap: reason=bimorphic_or_optimized_type_check action=maybe_recompile pc=0x000002be87cf965c method=java.util.HashMap.computeIfAbsent(Ljava/lang/Object;Ljava/util/function/Function;)Ljava/lang/Object; @ 142 c2
Event: 18.605 Thread 0x000002befc848800 DEOPT PACKING pc=0x000002be87cf965c sp=0x000000e94d3f9260
Event: 18.605 Thread 0x000002befc848800 DEOPT UNPACKING pc=0x000002be800278af sp=0x000000e94d3f9228 mode 2
Event: 18.605 Thread 0x000002befc848800 Uncommon trap: trap_request=0xffffffc6 fr.pc=0x000002be87cf965c relative=0x000000000000139c
Event: 18.605 Thread 0x000002befc848800 Uncommon trap: reason=bimorphic_or_optimized_type_check action=maybe_recompile pc=0x000002be87cf965c method=java.util.HashMap.computeIfAbsent(Ljava/lang/Object;Ljava/util/function/Function;)Ljava/lang/Object; @ 142 c2
Event: 18.606 Thread 0x000002befc848800 DEOPT PACKING pc=0x000002be87cf965c sp=0x000000e94d3f92d0
Event: 18.606 Thread 0x000002befc848800 DEOPT UNPACKING pc=0x000002be800278af sp=0x000000e94d3f9298 mode 2

Classes redefined (0 events):
No events

Internal exceptions (20 events):
Event: 17.148 Thread 0x000002befc848800 Exception <a 'java/lang/ClassNotFoundException'{0x00000000864b0ae8}: org/gradle/api/internal/project/ProjectScriptBeanInfo> (0x00000000864b0ae8) thrown at [./src/hotspot/share/classfile/systemDictionary.cpp, line 231]
Event: 17.150 Thread 0x000002befc848800 Exception <a 'java/lang/ClassNotFoundException'{0x00000000864c6b00}: org/gradle/api/internal/project/ProjectScriptCustomizer> (0x00000000864c6b00) thrown at [./src/hotspot/share/classfile/systemDictionary.cpp, line 231]
Event: 17.153 Thread 0x000002befc848800 Exception <a 'java/lang/ClassNotFoundException'{0x00000000864e1f48}: build_2oyxlqr33ugqafg0fj09oq52oCustomizer> (0x00000000864e1f48) thrown at [./src/hotspot/share/classfile/systemDictionary.cpp, line 231]
Event: 17.175 Thread 0x000002befc848800 Exception <a 'java/lang/ClassNotFoundException'{0x0000000086373918}: org/gradle/api/internal/initialization/DefaultScriptHandlerBeanInfo> (0x0000000086373918) thrown at [./src/hotspot/share/classfile/systemDictionary.cpp, line 231]
Event: 17.178 Thread 0x000002befc848800 Exception <a 'java/lang/ClassNotFoundException'{0x000000008639cb20}: org/gradle/api/internal/initialization/DefaultScriptHandlerCustomizer> (0x000000008639cb20) thrown at [./src/hotspot/share/classfile/systemDictionary.cpp, line 231]
Event: 17.503 Thread 0x000002befc848800 Exception <a 'java/lang/ClassNotFoundException'{0x0000000085b588f0}: org/gradle/api/internal/artifacts/dsl/dependencies/DefaultDependencyHandler_DecoratedBeanInfo> (0x0000000085b588f0) thrown at [./src/hotspot/share/classfile/systemDictionary.cpp, line 231]
Event: 17.507 Thread 0x000002befc848800 Exception <a 'java/lang/ClassNotFoundException'{0x0000000085b96cb0}: org/gradle/api/internal/artifacts/dsl/dependencies/DefaultDependencyHandlerBeanInfo> (0x0000000085b96cb0) thrown at [./src/hotspot/share/classfile/systemDictionary.cpp, line 231]
Event: 17.510 Thread 0x000002befc848800 Exception <a 'java/lang/ClassNotFoundException'{0x0000000085bd51b8}: org/gradle/api/internal/artifacts/dsl/dependencies/DefaultDependencyHandlerCustomizer> (0x0000000085bd51b8) thrown at [./src/hotspot/share/classfile/systemDictionary.cpp, line 231]
Event: 17.522 Thread 0x000002befc848800 Exception <a 'java/lang/ClassNotFoundException'{0x0000000085a3ca78}: org/gradle/api/internal/artifacts/dsl/dependencies/DefaultDependencyHandler_DecoratedCustomizer> (0x0000000085a3ca78) thrown at [./src/hotspot/share/classfile/systemDictionary.cpp, line 231]
Event: 17.570 Thread 0x000002befc848800 Exception <a 'java/lang/NoSuchMethodError'{0x0000000085947a60}: 'java.lang.Object java.lang.invoke.DirectMethodHandle$Holder.invokeStatic(java.lang.Object, java.lang.Object, int, java.lang.Object)'> (0x0000000085947a60) thrown at [./src/hotspot/share/interpreter/linkResolver.cpp, line 773]
Event: 17.572 Thread 0x000002befc848800 Exception <a 'java/lang/NoSuchMethodError'{0x000000008594ecf8}: 'java.lang.Object java.lang.invoke.Invokers$Holder.linkToTargetMethod(java.lang.Object, int, java.lang.Object, java.lang.Object)'> (0x000000008594ecf8) thrown at [./src/hotspot/share/interpreter/linkResolver.cpp, line 773]
Event: 18.016 Thread 0x000002befc848800 Exception <a 'java/lang/NoSuchMethodError'{0x000000008486fcc8}: 'java.lang.Object java.lang.invoke.DelegatingMethodHandle$Holder.reinvoke_L(java.lang.Object, java.lang.Object, java.lang.Object, java.lang.Object, java.lang.Object, java.lang.Object, java.lang.Object, java.lang.Object, java.lang.Object, java.lang.Object, java.lang.Object, java.lang.Object, java.lang.Object, java.lang.Object, java.lang.Object, java.lang.Object, java.lang.Object, java.lang.Object, java.lang.Object, java.lang.Object, java.lang.O
Event: 18.018 Thread 0x000002befc848800 Exception <a 'java/lang/NoSuchMethodError'{0x000000008487b6d0}: 'java.lang.Object java.lang.invoke.DirectMethodHandle$Holder.invokeSpecial(java.lang.Object, java.lang.Object, java.lang.Object, java.lang.Object, java.lang.Object, java.lang.Object, java.lang.Object, java.lang.Object, java.lang.Object, java.lang.Object, java.lang.Object, java.lang.Object, java.lang.Object, java.lang.Object, java.lang.Object, java.lang.Object, java.lang.Object, java.lang.Object, java.lang.Object, java.lang.Object, java.lang.Ob
Event: 18.019 Thread 0x000002befc848800 Exception <a 'java/lang/NoSuchMethodError'{0x00000000848ad960}: 'java.lang.Object java.lang.invoke.Invokers$Holder.invoker(java.lang.Object, java.lang.Object, java.lang.Object, java.lang.Object, java.lang.Object, java.lang.Object, java.lang.Object, java.lang.Object, java.lang.Object, java.lang.Object, java.lang.Object, java.lang.Object, java.lang.Object, java.lang.Object, java.lang.Object, java.lang.Object, java.lang.Object, java.lang.Object, java.lang.Object, java.lang.Object, java.lang.Object)'> (0x00000
Event: 18.020 Thread 0x000002befc848800 Exception <a 'java/lang/NoSuchMethodError'{0x00000000848b4cd0}: 'java.lang.Object java.lang.invoke.DelegatingMethodHandle$Holder.delegate(java.lang.Object, java.lang.Object, java.lang.Object, java.lang.Object, java.lang.Object, java.lang.Object, java.lang.Object, java.lang.Object, java.lang.Object, java.lang.Object, java.lang.Object, java.lang.Object, java.lang.Object, java.lang.Object, java.lang.Object, java.lang.Object, java.lang.Object, java.lang.Object, java.lang.Object, java.lang.Object, java.lang.Obj
Event: 18.035 Thread 0x000002befc848800 Exception <a 'java/lang/NoSuchMethodError'{0x00000000848fd7e0}: 'java.lang.Object java.lang.invoke.DirectMethodHandle$Holder.invokeStatic(java.lang.Object, java.lang.Object, java.lang.Object, java.lang.Object, java.lang.Object, java.lang.Object, java.lang.Object, java.lang.Object, java.lang.Object, java.lang.Object, java.lang.Object, java.lang.Object, java.lang.Object, java.lang.Object, java.lang.Object)'> (0x00000000848fd7e0) thrown at [./src/hotspot/share/interpreter/linkResolver.cpp, line 773]
Event: 18.039 Thread 0x000002befc848800 Exception <a 'java/lang/NoSuchMethodError'{0x000000008470e430}: 'java.lang.Object java.lang.invoke.DirectMethodHandle$Holder.invokeStatic(java.lang.Object, java.lang.Object, java.lang.Object, java.lang.Object, java.lang.Object, java.lang.Object, java.lang.Object, java.lang.Object, java.lang.Object, java.lang.Object, java.lang.Object, java.lang.Object, java.lang.Object, java.lang.Object, java.lang.Object, java.lang.Object)'> (0x000000008470e430) thrown at [./src/hotspot/share/interpreter/linkResolver.cpp, l
Event: 18.041 Thread 0x000002befc848800 Exception <a 'java/lang/NoSuchMethodError'{0x000000008471e978}: 'java.lang.Object java.lang.invoke.DelegatingMethodHandle$Holder.reinvoke_L(java.lang.Object, java.lang.Object, java.lang.Object, java.lang.Object, java.lang.Object, java.lang.Object, java.lang.Object, java.lang.Object, java.lang.Object, java.lang.Object, java.lang.Object, java.lang.Object, java.lang.Object, java.lang.Object, java.lang.Object, java.lang.Object, java.lang.Object, java.lang.Object, java.lang.Object, java.lang.Object)'> (0x000000
Event: 18.120 Thread 0x000002befc848800 Exception <a 'java/lang/IncompatibleClassChangeError'{0x0000000084479510}: Found class java.lang.Object, but interface was expected> (0x0000000084479510) thrown at [./src/hotspot/share/interpreter/linkResolver.cpp, line 839]
Event: 18.396 Thread 0x000002befc848800 Exception <a 'java/lang/NoSuchMethodError'{0x0000000089273940}: 'int java.lang.invoke.DirectMethodHandle$Holder.invokeStaticInit(java.lang.Object)'> (0x0000000089273940) thrown at [./src/hotspot/share/interpreter/linkResolver.cpp, line 773]

Events (20 events):
Event: 18.582 loading class org/gradle/internal/component/external/model/ShadowedCapability
Event: 18.582 loading class org/gradle/internal/component/external/model/ShadowedCapability done
Event: 18.584 loading class org/gradle/api/internal/artifacts/repositories/metadata/DefaultMavenImmutableAttributesFactory$ComponentTypeEntry
Event: 18.584 loading class org/gradle/api/internal/artifacts/repositories/metadata/DefaultMavenImmutableAttributesFactory$ComponentTypeEntry done
Event: 18.608 loading class org/gradle/api/internal/artifacts/ivyservice/ivyresolve/strategy/LatestVersionSelector
Event: 18.608 loading class org/gradle/api/internal/artifacts/ivyservice/ivyresolve/strategy/LatestVersionSelector done
Event: 18.610 Executing VM operation: RevokeBias
Event: 18.610 Executing VM operation: RevokeBias done
Event: 18.610 loading class com/google/common/primitives/Longs$AsciiDigits
Event: 18.610 loading class com/google/common/primitives/Longs$AsciiDigits done
Event: 18.613 loading class org/gradle/api/internal/artifacts/ivyservice/resolveengine/graph/selectors/SelectorStateResolverResults$Registration
Event: 18.613 loading class org/gradle/api/internal/artifacts/ivyservice/resolveengine/graph/selectors/SelectorStateResolverResults$Registration done
Event: 18.615 loading class org/gradle/api/internal/artifacts/ivyservice/resolveengine/graph/conflicts/DefaultConflictResolverDetails
Event: 18.615 loading class org/gradle/api/internal/artifacts/ivyservice/resolveengine/graph/conflicts/DefaultConflictResolverDetails done
Event: 18.617 loading class org/gradle/api/internal/artifacts/ivyservice/resolveengine/graph/conflicts/CompositeConflictResolver$CompositeDetails
Event: 18.617 loading class org/gradle/api/internal/artifacts/ivyservice/resolveengine/graph/conflicts/CompositeConflictResolver$CompositeDetails done
Event: 18.619 loading class org/gradle/api/internal/artifacts/ivyservice/resolveengine/graph/conflicts/VersionConflictResolutionDetails
Event: 18.619 loading class org/gradle/api/internal/artifacts/ivyservice/resolveengine/graph/conflicts/VersionConflictResolutionDetails done
Event: 18.705 loading class org/gradle/internal/component/external/model/ConfigurationBoundExternalDependencyMetadata
Event: 18.705 loading class org/gradle/internal/component/external/model/ConfigurationBoundExternalDependencyMetadata done


Dynamic libraries:
0x00007ff691e90000 - 0x00007ff691e9a000 	C:\Program Files\Android\Android Studio\jre\bin\java.exe
0x00007ff971490000 - 0x00007ff971685000 	C:\WINDOWS\SYSTEM32\ntdll.dll
0x00007ff9708d0000 - 0x00007ff97098e000 	C:\WINDOWS\System32\KERNEL32.DLL
0x00007ff96f000000 - 0x00007ff96f2c9000 	C:\WINDOWS\System32\KERNELBASE.dll
0x00007ff96f3e0000 - 0x00007ff96f4e0000 	C:\WINDOWS\System32\ucrtbase.dll
0x00007ff965040000 - 0x00007ff965057000 	C:\Program Files\Android\Android Studio\jre\bin\VCRUNTIME140.dll
0x00007ff965730000 - 0x00007ff965749000 	C:\Program Files\Android\Android Studio\jre\bin\jli.dll
0x00007ff970180000 - 0x00007ff970321000 	C:\WINDOWS\System32\USER32.dll
0x00007ff96ebb0000 - 0x00007ff96ebd2000 	C:\WINDOWS\System32\win32u.dll
0x00007ff9544c0000 - 0x00007ff95475a000 	C:\WINDOWS\WinSxS\amd64_microsoft.windows.common-controls_6595b64144ccf1df_6.0.19041.1110_none_60b5254171f9507e\COMCTL32.dll
0x00007ff9713c0000 - 0x00007ff9713eb000 	C:\WINDOWS\System32\GDI32.dll
0x00007ff96fc50000 - 0x00007ff96fcee000 	C:\WINDOWS\System32\msvcrt.dll
0x00007ff96f2d0000 - 0x00007ff96f3db000 	C:\WINDOWS\System32\gdi32full.dll
0x00007ff96ef60000 - 0x00007ff96effd000 	C:\WINDOWS\System32\msvcp_win.dll
0x00007ff970b00000 - 0x00007ff970b30000 	C:\WINDOWS\System32\IMM32.DLL
0x00007ff963350000 - 0x00007ff9633ed000 	C:\Program Files\Android\Android Studio\jre\bin\msvcp140.dll
0x00007ff928bb0000 - 0x00007ff92967f000 	C:\Program Files\Android\Android Studio\jre\bin\server\jvm.dll
0x00007ff970330000 - 0x00007ff9703dc000 	C:\WINDOWS\System32\ADVAPI32.dll
0x00007ff96fbb0000 - 0x00007ff96fc4b000 	C:\WINDOWS\System32\sechost.dll
0x00007ff96f4e0000 - 0x00007ff96f60a000 	C:\WINDOWS\System32\RPCRT4.dll
0x00007ff970170000 - 0x00007ff970178000 	C:\WINDOWS\System32\PSAPI.DLL
0x00007ff94a2b0000 - 0x00007ff94a2b9000 	C:\WINDOWS\SYSTEM32\WSOCK32.dll
0x00007ff94cf50000 - 0x00007ff94cf77000 	C:\WINDOWS\SYSTEM32\WINMM.dll
0x00007ff963010000 - 0x00007ff96301a000 	C:\WINDOWS\SYSTEM32\VERSION.dll
0x00007ff9703e0000 - 0x00007ff97044b000 	C:\WINDOWS\System32\WS2_32.dll
0x00007ff96d460000 - 0x00007ff96d472000 	C:\WINDOWS\SYSTEM32\kernel.appcore.dll
0x00007ff966960000 - 0x00007ff966971000 	C:\Program Files\Android\Android Studio\jre\bin\verify.dll
0x00007ff969960000 - 0x00007ff969b44000 	C:\WINDOWS\SYSTEM32\DBGHELP.DLL
0x00007ff94d770000 - 0x00007ff94d79c000 	C:\WINDOWS\SYSTEM32\dbgcore.DLL
0x00007ff96ec70000 - 0x00007ff96ecf3000 	C:\WINDOWS\System32\bcryptPrimitives.dll
0x00007ff965190000 - 0x00007ff9651b9000 	C:\Program Files\Android\Android Studio\jre\bin\java.dll
0x00007ff966900000 - 0x00007ff96690b000 	C:\Program Files\Android\Android Studio\jre\bin\jimage.dll
0x00007ff965170000 - 0x00007ff965188000 	C:\Program Files\Android\Android Studio\jre\bin\zip.dll
0x00007ff970c80000 - 0x00007ff9713bf000 	C:\WINDOWS\System32\SHELL32.dll
0x00007ff969c30000 - 0x00007ff96a3c0000 	C:\WINDOWS\SYSTEM32\windows.storage.dll
0x00007ff96f670000 - 0x00007ff96f9c5000 	C:\WINDOWS\System32\combase.dll
0x00007ff96e530000 - 0x00007ff96e55c000 	C:\WINDOWS\SYSTEM32\Wldp.dll
0x00007ff96f9d0000 - 0x00007ff96fa7d000 	C:\WINDOWS\System32\SHCORE.dll
0x00007ff9713f0000 - 0x00007ff971445000 	C:\WINDOWS\System32\shlwapi.dll
0x00007ff96eaf0000 - 0x00007ff96eb0f000 	C:\WINDOWS\SYSTEM32\profapi.dll
0x00007ff965150000 - 0x00007ff96516a000 	C:\Program Files\Android\Android Studio\jre\bin\net.dll
0x00007ff966ae0000 - 0x00007ff966be8000 	C:\WINDOWS\SYSTEM32\WINHTTP.dll
0x00007ff96e290000 - 0x00007ff96e2fa000 	C:\WINDOWS\system32\mswsock.dll
0x00007ff965130000 - 0x00007ff965144000 	C:\Program Files\Android\Android Studio\jre\bin\nio.dll
0x00007ff966870000 - 0x00007ff966897000 	C:\Users\Admin\.gradle\native\8bec1ad78214c89d9ad589b4d07fe93259594b29d510b10fafb7a158f7737e5d\windows-amd64\native-platform.dll
0x00007ff963cd0000 - 0x00007ff963e0d000 	C:\Users\Admin\.gradle\native\53dbd7edfb1c66fb8903c78663c9afc45aea4f116125fa6feffd364cf09443e8\windows-amd64\native-platform-file-events.dll
0x00007ff966950000 - 0x00007ff96695a000 	C:\Program Files\Android\Android Studio\jre\bin\management.dll
0x00007ff966830000 - 0x00007ff96683c000 	C:\Program Files\Android\Android Studio\jre\bin\management_ext.dll
0x00007ff96e480000 - 0x00007ff96e498000 	C:\WINDOWS\SYSTEM32\CRYPTSP.dll
0x00007ff96dc10000 - 0x00007ff96dc44000 	C:\WINDOWS\system32\rsaenh.dll
0x00007ff96ebe0000 - 0x00007ff96ec07000 	C:\WINDOWS\System32\bcrypt.dll
0x00007ff96eab0000 - 0x00007ff96eade000 	C:\WINDOWS\SYSTEM32\USERENV.dll
0x00007ff96e4a0000 - 0x00007ff96e4ac000 	C:\WINDOWS\SYSTEM32\CRYPTBASE.dll
0x00007ff96df80000 - 0x00007ff96dfbb000 	C:\WINDOWS\SYSTEM32\IPHLPAPI.DLL
0x00007ff970c70000 - 0x00007ff970c78000 	C:\WINDOWS\System32\NSI.dll
0x00007ff968f70000 - 0x00007ff968f87000 	C:\WINDOWS\SYSTEM32\dhcpcsvc6.DLL
0x00007ff968f50000 - 0x00007ff968f6d000 	C:\WINDOWS\SYSTEM32\dhcpcsvc.DLL
0x00007ff96dfc0000 - 0x00007ff96e08c000 	C:\WINDOWS\SYSTEM32\DNSAPI.dll

dbghelp: loaded successfully - version: 4.0.5 - missing functions: none
symbol engine: initialized successfully - sym options: 0x614 - pdb path: .;C:\Program Files\Android\Android Studio\jre\bin;C:\WINDOWS\SYSTEM32;C:\WINDOWS\WinSxS\amd64_microsoft.windows.common-controls_6595b64144ccf1df_6.0.19041.1110_none_60b5254171f9507e;C:\Program Files\Android\Android Studio\jre\bin\server;C:\Users\Admin\.gradle\native\8bec1ad78214c89d9ad589b4d07fe93259594b29d510b10fafb7a158f7737e5d\windows-amd64;C:\Users\Admin\.gradle\native\53dbd7edfb1c66fb8903c78663c9afc45aea4f116125fa6feffd364cf09443e8\windows-amd64

VM Arguments:
jvm_args: --add-opens=java.base/java.util=ALL-UNNAMED --add-opens=java.base/java.lang=ALL-UNNAMED --add-opens=java.base/java.lang.invoke=ALL-UNNAMED --add-opens=java.base/java.util=ALL-UNNAMED --add-opens=java.prefs/java.util.prefs=ALL-UNNAMED --add-opens=java.prefs/java.util.prefs=ALL-UNNAMED --add-opens=java.base/java.nio.charset=ALL-UNNAMED --add-opens=java.base/java.net=ALL-UNNAMED --add-opens=java.base/java.util.concurrent.atomic=ALL-UNNAMED -Xmx2048m -Dfile.encoding=UTF-8 -Duser.country=US -Duser.language=en -Duser.variant 
java_command: org.gradle.launcher.daemon.bootstrap.GradleDaemon 7.0.2
java_class_path (initial): C:\Users\Admin\.gradle\wrapper\dists\gradle-7.0.2-bin\857tjihv64xamwrf0h14cai3r\gradle-7.0.2\lib\gradle-launcher-7.0.2.jar
Launcher Type: SUN_STANDARD

[Global flags]
     intx CICompilerCount                          = 4                                         {product} {ergonomic}
     uint ConcGCThreads                            = 2                                         {product} {ergonomic}
     uint G1ConcRefinementThreads                  = 8                                         {product} {ergonomic}
   size_t G1HeapRegionSize                         = 1048576                                   {product} {ergonomic}
    uintx GCDrainStackTargetSize                   = 64                                        {product} {ergonomic}
   size_t InitialHeapSize                          = 132120576                                 {product} {ergonomic}
   size_t MarkStackSize                            = 4194304                                   {product} {ergonomic}
   size_t MaxHeapSize                              = 2147483648                                {product} {command line}
   size_t MaxNewSize                               = 1287651328                                {product} {ergonomic}
   size_t MinHeapDeltaBytes                        = 1048576                                   {product} {ergonomic}
    uintx NonNMethodCodeHeapSize                   = 5836300                                {pd product} {ergonomic}
    uintx NonProfiledCodeHeapSize                  = 122910970                              {pd product} {ergonomic}
    uintx ProfiledCodeHeapSize                     = 122910970                              {pd product} {ergonomic}
    uintx ReservedCodeCacheSize                    = 251658240                              {pd product} {ergonomic}
     bool SegmentedCodeCache                       = true                                      {product} {ergonomic}
     bool UseCompressedClassPointers               = true                                 {lp64_product} {ergonomic}
     bool UseCompressedOops                        = true                                 {lp64_product} {ergonomic}
     bool UseG1GC                                  = true                                      {product} {ergonomic}
     bool UseLargePagesIndividualAllocation        = false                                  {pd product} {ergonomic}

Logging:
Log output configuration:
 #0: stdout all=warning uptime,level,tags
 #1: stderr all=off uptime,level,tags

Environment Variables:
PATH=C:\Program Files (x86)\Common Files\Oracle\Java\javapath;C:\Program Files\Common Files\Oracle\Java\javapath;C:\ProgramData\Oracle\Java\javapath;C:\WINDOWS\system32;C:\WINDOWS;C:\WINDOWS\System32\Wbem;C:\WINDOWS\System32\WindowsPowerShell\v1.0\;C:\WINDOWS\System32\OpenSSH\;C:\Program Files\Java\jdk-14\bin;C:\Program Files\Git\cmd;C:\Program Files\nodejs\;C:\Users\Admin\AppData\Local\Microsoft\WindowsApps;C:\Users\Admin\AppData\Roaming\npm;
USERNAME=Admin
OS=Windows_NT
PROCESSOR_IDENTIFIER=Intel64 Family 6 Model 142 Stepping 10, GenuineIntel



---------------  S Y S T E M  ---------------

OS: Windows 10 , 64 bit Build 19041 (10.0.19041.1202)
OS uptime: 0 days 4:51 hours

CPU:total 8 (initial active 8) (4 cores per cpu, 2 threads per core) family 6 model 142 stepping 10 microcode 0xb4, cmov, cx8, fxsr, mmx, sse, sse2, sse3, ssse3, sse4.1, sse4.2, popcnt, avx, avx2, aes, clmul, erms, 3dnowpref, lzcnt, ht, tsc, tscinvbit, bmi1, bmi2, adx, fma

Memory: 4k page, system-wide physical 8026M (1274M free)
TotalPageFile size 9050M (AvailPageFile size 5M)
current process WorkingSet (physical memory assigned to process): 300M, peak: 300M
current process commit charge ("private bytes"): 370M, peak: 372M

vm_info: OpenJDK 64-Bit Server VM (11.0.10+0-b96-7249189) for windows-amd64 JRE (11.0.10+0-b96-7249189), built on Mar 31 2021 21:44:00 by "builder" with MS VC++ 14.0 (VS2015)

END.
