#
# There is insufficient memory for the Java Runtime Environment to continue.
# Native memory allocation (malloc) failed to allocate 730896 bytes for Chunk::new
# Possible reasons:
#   The system is out of physical RAM or swap space
#   The process is running with CompressedOops enabled, and the Java Heap may be blocking the growth of the native heap
# Possible solutions:
#   Reduce memory load on the system
#   Increase physical memory or swap space
#   Check if swap backing store is full
#   Decrease Java heap size (-Xmx/-Xms)
#   Decrease number of Java threads
#   Decrease Java thread stack sizes (-Xss)
#   Set larger code cache with -XX:ReservedCodeCacheSize=
#   JVM is running with Unscaled Compressed Oops mode in which the Java heap is
#     placed in the first 4GB address space. The Java Heap base address is the
#     maximum limit for the native heap growth. Please use -XX:HeapBaseMinAddress
#     to set the Java Heap base and to place the Java Heap above 4GB virtual address.
# This output file may be truncated or incomplete.
#
#  Out of Memory Error (./src/hotspot/share/memory/arena.cpp:197), pid=2604, tid=13512
#
# JRE version: OpenJDK Runtime Environment (11.0.10) (build 11.0.10+0-b96-7249189)
# Java VM: OpenJDK 64-Bit Server VM (11.0.10+0-b96-7249189, mixed mode, tiered, compressed oops, g1 gc, windows-amd64)
# No core dump will be written. Minidumps are not enabled by default on client versions of Windows
#

---------------  S U M M A R Y ------------

Command Line: --add-opens=java.base/java.util=ALL-UNNAMED --add-opens=java.base/java.lang=ALL-UNNAMED --add-opens=java.base/java.lang.invoke=ALL-UNNAMED --add-opens=java.base/java.util=ALL-UNNAMED --add-opens=java.prefs/java.util.prefs=ALL-UNNAMED --add-opens=java.prefs/java.util.prefs=ALL-UNNAMED --add-opens=java.base/java.nio.charset=ALL-UNNAMED --add-opens=java.base/java.net=ALL-UNNAMED --add-opens=java.base/java.util.concurrent.atomic=ALL-UNNAMED -Xmx2048m -Dfile.encoding=UTF-8 -Duser.country=US -Duser.language=en -Duser.variant org.gradle.launcher.daemon.bootstrap.GradleDaemon 7.0.2

Host: Intel(R) Core(TM) i7-8550U CPU @ 1.80GHz, 8 cores, 7G,  Windows 10 , 64 bit Build 19041 (10.0.19041.1202)
Time: Wed Nov  3 01:04:40 2021 Arab Standard Time elapsed time: 20.403935 seconds (0d 0h 0m 20s)

---------------  T H R E A D  ---------------

Current thread (0x000001aa2516c000):  JavaThread "C2 CompilerThread2" daemon [_thread_in_native, id=13512, stack(0x000000784eb00000,0x000000784ec00000)]


Current CompileTask:
C2:  20404 4481       4       java.lang.invoke.MethodType::makeImpl (108 bytes)

Stack: [0x000000784eb00000,0x000000784ec00000]
Native frames: (J=compiled Java code, j=interpreted, Vv=VM code, C=native code)
V  [jvm.dll+0x5ecfaa]
V  [jvm.dll+0x722bd5]
V  [jvm.dll+0x72412d]
V  [jvm.dll+0x7247e3]
V  [jvm.dll+0x242928]
V  [jvm.dll+0xbc4fc]
V  [jvm.dll+0xbca0c]
V  [jvm.dll+0x2b4fd4]
V  [jvm.dll+0x506028]
V  [jvm.dll+0x1fccf6]
V  [jvm.dll+0x1fa77f]
V  [jvm.dll+0x18354c]
V  [jvm.dll+0x208ee7]
V  [jvm.dll+0x207731]
V  [jvm.dll+0x6eb1cf]
V  [jvm.dll+0x6e3d45]
V  [jvm.dll+0x5ebe96]
C  [ucrtbase.dll+0x21bb2]
C  [KERNEL32.DLL+0x17034]
C  [ntdll.dll+0x52651]


---------------  P R O C E S S  ---------------

Threads class SMR info:
_java_thread_list=0x000001aa2908dc50, length=46, elements={
0x000001aa065cc800, 0x000001aa21210800, 0x000001aa2121a000, 0x000001aa21b94800,
0x000001aa21b97800, 0x000001aa21b98800, 0x000001aa21228000, 0x000001aa21bc4000,
0x000001aa21230800, 0x000001aa21d11000, 0x000001aa2312a800, 0x000001aa2354e800,
0x000001aa23964800, 0x000001aa24b2d800, 0x000001aa2200f800, 0x000001aa2400b800,
0x000001aa23009000, 0x000001aa234e6000, 0x000001aa2329f800, 0x000001aa23b90800,
0x000001aa23b8a800, 0x000001aa23b91000, 0x000001aa23b8b800, 0x000001aa23b8e000,
0x000001aa23b8c000, 0x000001aa23b8d000, 0x000001aa23b8e800, 0x000001aa23b8f800,
0x000001aa27917000, 0x000001aa27917800, 0x000001aa22939800, 0x000001aa2516c000,
0x000001aa2791b000, 0x000001aa2791a000, 0x000001aa27915000, 0x000001aa2791e000,
0x000001aa2791d800, 0x000001aa27919800, 0x000001aa27920800, 0x000001aa27920000,
0x000001aa27921800, 0x000001aa27922000, 0x000001aa27924000, 0x000001aa27923000,
0x000001aa25792000, 0x000001aa25793800
}

Java Threads: ( => current thread )
  0x000001aa065cc800 JavaThread "main" [_thread_blocked, id=12324, stack(0x000000784bf00000,0x000000784c000000)]
  0x000001aa21210800 JavaThread "Reference Handler" daemon [_thread_blocked, id=13552, stack(0x000000784c600000,0x000000784c700000)]
  0x000001aa2121a000 JavaThread "Finalizer" daemon [_thread_blocked, id=1540, stack(0x000000784c700000,0x000000784c800000)]
  0x000001aa21b94800 JavaThread "Signal Dispatcher" daemon [_thread_blocked, id=11224, stack(0x000000784c800000,0x000000784c900000)]
  0x000001aa21b97800 JavaThread "Attach Listener" daemon [_thread_blocked, id=9568, stack(0x000000784c900000,0x000000784ca00000)]
  0x000001aa21b98800 JavaThread "Service Thread" daemon [_thread_blocked, id=8588, stack(0x000000784ca00000,0x000000784cb00000)]
  0x000001aa21228000 JavaThread "C2 CompilerThread0" daemon [_thread_in_native, id=7428, stack(0x000000784cb00000,0x000000784cc00000)]
  0x000001aa21bc4000 JavaThread "C1 CompilerThread0" daemon [_thread_in_native, id=12404, stack(0x000000784cc00000,0x000000784cd00000)]
  0x000001aa21230800 JavaThread "Sweeper thread" daemon [_thread_blocked, id=3804, stack(0x000000784cd00000,0x000000784ce00000)]
  0x000001aa21d11000 JavaThread "Common-Cleaner" daemon [_thread_blocked, id=7156, stack(0x000000784ce00000,0x000000784cf00000)]
  0x000001aa2312a800 JavaThread "Daemon health stats" [_thread_blocked, id=13784, stack(0x000000784d300000,0x000000784d400000)]
  0x000001aa2354e800 JavaThread "Incoming local TCP Connector on port 62620" [_thread_in_native, id=13884, stack(0x000000784d000000,0x000000784d100000)]
  0x000001aa23964800 JavaThread "Daemon periodic checks" [_thread_blocked, id=2140, stack(0x000000784d400000,0x000000784d500000)]
  0x000001aa24b2d800 JavaThread "Daemon" [_thread_blocked, id=2512, stack(0x000000784d500000,0x000000784d600000)]
  0x000001aa2200f800 JavaThread "Handler for socket connection from /127.0.0.1:62620 to /127.0.0.1:62621" [_thread_in_native, id=7260, stack(0x000000784d600000,0x000000784d700000)]
  0x000001aa2400b800 JavaThread "Cancel handler" [_thread_blocked, id=13240, stack(0x000000784d700000,0x000000784d800000)]
  0x000001aa23009000 JavaThread "Daemon worker" [_thread_blocked, id=1372, stack(0x000000784d800000,0x000000784d900000)]
  0x000001aa234e6000 JavaThread "Asynchronous log dispatcher for DefaultDaemonConnection: socket connection from /127.0.0.1:62620 to /127.0.0.1:62621" [_thread_blocked, id=7588, stack(0x000000784d900000,0x000000784da00000)]
  0x000001aa2329f800 JavaThread "Stdin handler" [_thread_blocked, id=5808, stack(0x000000784da00000,0x000000784db00000)]
  0x000001aa23b90800 JavaThread "Daemon client event forwarder" [_thread_blocked, id=6380, stack(0x000000784db00000,0x000000784dc00000)]
  0x000001aa23b8a800 JavaThread "Cache worker for file hash cache (C:\Users\Admin\.gradle\caches\7.0.2\fileHashes)" [_thread_blocked, id=12140, stack(0x000000784e100000,0x000000784e200000)]
  0x000001aa23b91000 JavaThread "File lock request listener" [_thread_in_native, id=9076, stack(0x000000784e200000,0x000000784e300000)]
  0x000001aa23b8b800 JavaThread "Cache worker for journal cache (C:\Users\Admin\.gradle\caches\journal-1)" [_thread_blocked, id=8408, stack(0x000000784e400000,0x000000784e500000)]
  0x000001aa23b8e000 JavaThread "Cache worker for file hash cache (C:\Users\Admin\AndroidStudioProjects\updateProfile2\.gradle\7.0.2\fileHashes)" [_thread_blocked, id=5480, stack(0x000000784e600000,0x000000784e700000)]
  0x000001aa23b8c000 JavaThread "File watcher server" daemon [_thread_in_native, id=4184, stack(0x000000784e700000,0x000000784e800000)]
  0x000001aa23b8d000 JavaThread "File watcher consumer" daemon [_thread_blocked, id=8772, stack(0x000000784e800000,0x000000784e900000)]
  0x000001aa23b8e800 JavaThread "Cache worker for checksums cache (C:\Users\Admin\AndroidStudioProjects\updateProfile2\.gradle\checksums)" [_thread_blocked, id=6052, stack(0x000000784e900000,0x000000784ea00000)]
  0x000001aa23b8f800 JavaThread "Cache worker for cache directory md-supplier (C:\Users\Admin\.gradle\caches\7.0.2\md-supplier)" [_thread_blocked, id=7624, stack(0x000000784ea00000,0x000000784eb00000)]
  0x000001aa27917000 JavaThread "Cache worker for cache directory md-rule (C:\Users\Admin\.gradle\caches\7.0.2\md-rule)" [_thread_blocked, id=5584, stack(0x000000784ec00000,0x000000784ed00000)]
  0x000001aa27917800 JavaThread "Cache worker for execution history cache (C:\Users\Admin\.gradle\caches\7.0.2\executionHistory)" [_thread_blocked, id=7032, stack(0x000000784ed00000,0x000000784ee00000)]
  0x000001aa22939800 JavaThread "C2 CompilerThread1" daemon [_thread_in_native, id=3232, stack(0x000000784e500000,0x000000784e600000)]
=>0x000001aa2516c000 JavaThread "C2 CompilerThread2" daemon [_thread_in_native, id=13512, stack(0x000000784eb00000,0x000000784ec00000)]
  0x000001aa2791b000 JavaThread "jar transforms" [_thread_blocked, id=9896, stack(0x000000784ee00000,0x000000784ef00000)]
  0x000001aa2791a000 JavaThread "jar transforms Thread 2" [_thread_blocked, id=3860, stack(0x000000784ef00000,0x000000784f000000)]
  0x000001aa27915000 JavaThread "Cache worker for file content cache (C:\Users\Admin\.gradle\caches\7.0.2\fileContent)" [_thread_blocked, id=11324, stack(0x000000784f000000,0x000000784f100000)]
  0x000001aa2791e000 JavaThread "Cache worker for dependencies-accessors (C:\Users\Admin\AndroidStudioProjects\updateProfile2\.gradle\7.0.2\dependencies-accessors)" [_thread_blocked, id=4520, stack(0x000000784f100000,0x000000784f200000)]
  0x000001aa2791d800 JavaThread "jar transforms Thread 3" [_thread_blocked, id=7948, stack(0x000000784f200000,0x000000784f300000)]
  0x000001aa27919800 JavaThread "Cache worker for Build Output Cleanup Cache (C:\Users\Admin\AndroidStudioProjects\updateProfile2\.gradle\buildOutputCleanup)" [_thread_blocked, id=6072, stack(0x000000784f300000,0x000000784f400000)]
  0x000001aa27920800 JavaThread "Build operations" [_thread_blocked, id=4704, stack(0x000000784f400000,0x000000784f500000)]
  0x000001aa27920000 JavaThread "Build operations Thread 2" [_thread_blocked, id=6644, stack(0x000000784f500000,0x000000784f600000)]
  0x000001aa27921800 JavaThread "Build operations Thread 3" [_thread_blocked, id=1000, stack(0x000000784f600000,0x000000784f700000)]
  0x000001aa27922000 JavaThread "Build operations Thread 4" [_thread_blocked, id=8952, stack(0x000000784f700000,0x000000784f800000)]
  0x000001aa27924000 JavaThread "Build operations Thread 5" [_thread_blocked, id=11676, stack(0x000000784f800000,0x000000784f900000)]
  0x000001aa27923000 JavaThread "Build operations Thread 6" [_thread_in_Java, id=5832, stack(0x000000784f900000,0x000000784fa00000)]
  0x000001aa25792000 JavaThread "Build operations Thread 7" [_thread_blocked, id=8232, stack(0x000000784fa00000,0x000000784fb00000)]
  0x000001aa25793800 JavaThread "Build operations Thread 8" [_thread_blocked, id=14136, stack(0x000000784fb00000,0x000000784fc00000)]

Other Threads:
  0x000001aa2120c800 VMThread "VM Thread" [stack: 0x000000784c500000,0x000000784c600000] [id=3944]
  0x000001aa21d24000 WatcherThread [stack: 0x000000784cf00000,0x000000784d000000] [id=8228]
  0x000001aa065e7000 GCTaskThread "GC Thread#0" [stack: 0x000000784c000000,0x000000784c100000] [id=13044]
  0x000001aa22562000 GCTaskThread "GC Thread#1" [stack: 0x000000784d100000,0x000000784d200000] [id=2340]
  0x000001aa22560800 GCTaskThread "GC Thread#2" [stack: 0x000000784d200000,0x000000784d300000] [id=9092]
  0x000001aa22d6b000 GCTaskThread "GC Thread#3" [stack: 0x000000784dc00000,0x000000784dd00000] [id=2080]
  0x000001aa21f1e800 GCTaskThread "GC Thread#4" [stack: 0x000000784dd00000,0x000000784de00000] [id=11896]
  0x000001aa23b59800 GCTaskThread "GC Thread#5" [stack: 0x000000784de00000,0x000000784df00000] [id=8440]
  0x000001aa24003800 GCTaskThread "GC Thread#6" [stack: 0x000000784df00000,0x000000784e000000] [id=8276]
  0x000001aa21c84000 GCTaskThread "GC Thread#7" [stack: 0x000000784e000000,0x000000784e100000] [id=12020]
  0x000001aa06617000 ConcurrentGCThread "G1 Main Marker" [stack: 0x000000784c100000,0x000000784c200000] [id=8040]
  0x000001aa06619800 ConcurrentGCThread "G1 Conc#0" [stack: 0x000000784c200000,0x000000784c300000] [id=4152]
  0x000001aa228e3000 ConcurrentGCThread "G1 Conc#1" [stack: 0x000000784e300000,0x000000784e400000] [id=11176]
  0x000001aa21060800 ConcurrentGCThread "G1 Refine#0" [stack: 0x000000784c300000,0x000000784c400000] [id=11716]
  0x000001aa21061800 ConcurrentGCThread "G1 Young RemSet Sampling" [stack: 0x000000784c400000,0x000000784c500000] [id=13604]

Threads with active compile tasks:
C2 CompilerThread0  20491 4566   !   4       sun.nio.fs.WindowsPath::initOffsets (153 bytes)
C1 CompilerThread0  20491 4612       3       org.gradle.cache.internal.btree.CachingBlockStore::maybeCache (23 bytes)
C2 CompilerThread1  20491 4608       4       com.google.common.io.CountingInputStream::read (25 bytes)
C2 CompilerThread2  20492 4481       4       java.lang.invoke.MethodType::makeImpl (108 bytes)

VM state:not at safepoint (normal execution)

VM Mutex/Monitor currently owned by a thread: None

Heap address: 0x0000000080000000, size: 2048 MB, Compressed Oops mode: 32-bit
Narrow klass base: 0x0000000000000000, Narrow klass shift: 3
Compressed class space size: 1073741824 Address: 0x0000000100000000

Heap:
 garbage-first heap   total 129024K, used 39341K [0x0000000080000000, 0x0000000100000000)
  region size 1024K, 16 young (16384K), 5 survivors (5120K)
 Metaspace       used 46679K, capacity 47933K, committed 48204K, reserved 1091584K
  class space    used 5987K, capacity 6432K, committed 6476K, reserved 1048576K
Heap Regions: E=young(eden), S=young(survivor), O=old, HS=humongous(starts), HC=humongous(continues), CS=collection set, F=free, A=archive, TAMS=top-at-mark-start (previous, next)
|   0|0x0000000080000000, 0x0000000080100000, 0x0000000080100000|100%| O|  |TAMS 0x0000000080100000, 0x0000000080000000| Untracked 
|   1|0x0000000080100000, 0x0000000080200000, 0x0000000080200000|100%| O|  |TAMS 0x0000000080200000, 0x0000000080100000| Untracked 
|   2|0x0000000080200000, 0x0000000080300000, 0x0000000080300000|100%| O|  |TAMS 0x0000000080300000, 0x0000000080200000| Untracked 
|   3|0x0000000080300000, 0x0000000080400000, 0x0000000080400000|100%|HS|  |TAMS 0x0000000080400000, 0x0000000080300000| Complete 
|   4|0x0000000080400000, 0x0000000080500000, 0x0000000080500000|100%|HC|  |TAMS 0x0000000080500000, 0x0000000080400000| Complete 
|   5|0x0000000080500000, 0x0000000080600000, 0x0000000080600000|100%|HC|  |TAMS 0x0000000080600000, 0x0000000080500000| Complete 
|   6|0x0000000080600000, 0x0000000080700000, 0x0000000080700000|100%| O|  |TAMS 0x0000000080700000, 0x0000000080600000| Untracked 
|   7|0x0000000080700000, 0x0000000080800000, 0x0000000080800000|100%| O|  |TAMS 0x0000000080800000, 0x0000000080700000| Untracked 
|   8|0x0000000080800000, 0x0000000080900000, 0x0000000080900000|100%| O|  |TAMS 0x0000000080900000, 0x0000000080800000| Untracked 
|   9|0x0000000080900000, 0x0000000080a00000, 0x0000000080a00000|100%| O|  |TAMS 0x0000000080a00000, 0x0000000080900000| Untracked 
|  10|0x0000000080a00000, 0x0000000080b00000, 0x0000000080b00000|100%| O|  |TAMS 0x0000000080b00000, 0x0000000080a00000| Untracked 
|  11|0x0000000080b00000, 0x0000000080c00000, 0x0000000080c00000|100%| O|  |TAMS 0x0000000080c00000, 0x0000000080b00000| Untracked 
|  12|0x0000000080c00000, 0x0000000080d00000, 0x0000000080d00000|100%| O|  |TAMS 0x0000000080d00000, 0x0000000080c00000| Untracked 
|  13|0x0000000080d00000, 0x0000000080e00000, 0x0000000080e00000|100%| O|  |TAMS 0x0000000080e00000, 0x0000000080d00000| Untracked 
|  14|0x0000000080e00000, 0x0000000080f00000, 0x0000000080f00000|100%| O|  |TAMS 0x0000000080f00000, 0x0000000080e00000| Untracked 
|  15|0x0000000080f00000, 0x0000000081000000, 0x0000000081000000|100%| O|  |TAMS 0x0000000081000000, 0x0000000080f00000| Untracked 
|  16|0x0000000081000000, 0x0000000081100000, 0x0000000081100000|100%| O|  |TAMS 0x0000000081100000, 0x0000000081000000| Untracked 
|  17|0x0000000081100000, 0x0000000081200000, 0x0000000081200000|100%| O|  |TAMS 0x0000000081200000, 0x0000000081100000| Untracked 
|  18|0x0000000081200000, 0x0000000081200000, 0x0000000081300000|  0%| F|  |TAMS 0x0000000081200000, 0x0000000081200000| Untracked 
|  19|0x0000000081300000, 0x0000000081400000, 0x0000000081400000|100%| O|  |TAMS 0x0000000081300000, 0x0000000081300000| Untracked 
|  20|0x0000000081400000, 0x0000000081500000, 0x0000000081500000|100%| O|  |TAMS 0x0000000081400000, 0x0000000081400000| Untracked 
|  21|0x0000000081500000, 0x0000000081600000, 0x0000000081600000|100%| O|  |TAMS 0x0000000081600000, 0x0000000081500000| Untracked 
|  22|0x0000000081600000, 0x0000000081700000, 0x0000000081700000|100%| O|  |TAMS 0x0000000081700000, 0x0000000081600000| Untracked 
|  23|0x0000000081700000, 0x0000000081800000, 0x0000000081800000|100%| O|  |TAMS 0x0000000081800000, 0x0000000081700000| Untracked 
|  24|0x0000000081800000, 0x0000000081900000, 0x0000000081900000|100%| O|  |TAMS 0x0000000081861400, 0x0000000081800000| Untracked 
|  25|0x0000000081900000, 0x00000000819de800, 0x0000000081a00000| 86%| O|  |TAMS 0x0000000081900000, 0x0000000081900000| Untracked 
|  26|0x0000000081a00000, 0x0000000081a00000, 0x0000000081b00000|  0%| F|  |TAMS 0x0000000081a00000, 0x0000000081a00000| Untracked 
|  27|0x0000000081b00000, 0x0000000081b00000, 0x0000000081c00000|  0%| F|  |TAMS 0x0000000081b00000, 0x0000000081b00000| Untracked 
|  28|0x0000000081c00000, 0x0000000081c00000, 0x0000000081d00000|  0%| F|  |TAMS 0x0000000081c00000, 0x0000000081c00000| Untracked 
|  29|0x0000000081d00000, 0x0000000081d00000, 0x0000000081e00000|  0%| F|  |TAMS 0x0000000081d00000, 0x0000000081d00000| Untracked 
|  30|0x0000000081e00000, 0x0000000081e00000, 0x0000000081f00000|  0%| F|  |TAMS 0x0000000081e00000, 0x0000000081e00000| Untracked 
|  31|0x0000000081f00000, 0x0000000081f00000, 0x0000000082000000|  0%| F|  |TAMS 0x0000000081f00000, 0x0000000081f00000| Untracked 
|  32|0x0000000082000000, 0x0000000082000000, 0x0000000082100000|  0%| F|  |TAMS 0x0000000082000000, 0x0000000082000000| Untracked 
|  33|0x0000000082100000, 0x0000000082100000, 0x0000000082200000|  0%| F|  |TAMS 0x0000000082100000, 0x0000000082100000| Untracked 
|  34|0x0000000082200000, 0x0000000082200000, 0x0000000082300000|  0%| F|  |TAMS 0x0000000082200000, 0x0000000082200000| Untracked 
|  35|0x0000000082300000, 0x0000000082300000, 0x0000000082400000|  0%| F|  |TAMS 0x0000000082300000, 0x0000000082300000| Untracked 
|  36|0x0000000082400000, 0x0000000082400000, 0x0000000082500000|  0%| F|  |TAMS 0x0000000082400000, 0x0000000082400000| Untracked 
|  37|0x0000000082500000, 0x0000000082500000, 0x0000000082600000|  0%| F|  |TAMS 0x0000000082500000, 0x0000000082500000| Untracked 
|  38|0x0000000082600000, 0x0000000082600000, 0x0000000082700000|  0%| F|  |TAMS 0x0000000082600000, 0x0000000082600000| Untracked 
|  39|0x0000000082700000, 0x0000000082700000, 0x0000000082800000|  0%| F|  |TAMS 0x0000000082700000, 0x0000000082700000| Untracked 
|  40|0x0000000082800000, 0x0000000082800000, 0x0000000082900000|  0%| F|  |TAMS 0x0000000082800000, 0x0000000082800000| Untracked 
|  41|0x0000000082900000, 0x0000000082900000, 0x0000000082a00000|  0%| F|  |TAMS 0x0000000082900000, 0x0000000082900000| Untracked 
|  42|0x0000000082a00000, 0x0000000082a00000, 0x0000000082b00000|  0%| F|  |TAMS 0x0000000082a00000, 0x0000000082a00000| Untracked 
|  43|0x0000000082b00000, 0x0000000082b00000, 0x0000000082c00000|  0%| F|  |TAMS 0x0000000082b00000, 0x0000000082b00000| Untracked 
|  44|0x0000000082c00000, 0x0000000082c00000, 0x0000000082d00000|  0%| F|  |TAMS 0x0000000082c00000, 0x0000000082c00000| Untracked 
|  45|0x0000000082d00000, 0x0000000082d00000, 0x0000000082e00000|  0%| F|  |TAMS 0x0000000082d00000, 0x0000000082d00000| Untracked 
|  46|0x0000000082e00000, 0x0000000082e00000, 0x0000000082f00000|  0%| F|  |TAMS 0x0000000082e00000, 0x0000000082e00000| Untracked 
|  47|0x0000000082f00000, 0x0000000082f00000, 0x0000000083000000|  0%| F|  |TAMS 0x0000000082f00000, 0x0000000082f00000| Untracked 
|  48|0x0000000083000000, 0x0000000083000000, 0x0000000083100000|  0%| F|  |TAMS 0x0000000083000000, 0x0000000083000000| Untracked 
|  49|0x0000000083100000, 0x0000000083100000, 0x0000000083200000|  0%| F|  |TAMS 0x0000000083100000, 0x0000000083100000| Untracked 
|  50|0x0000000083200000, 0x0000000083200000, 0x0000000083300000|  0%| F|  |TAMS 0x0000000083200000, 0x0000000083200000| Untracked 
|  51|0x0000000083300000, 0x0000000083300000, 0x0000000083400000|  0%| F|  |TAMS 0x0000000083300000, 0x0000000083300000| Untracked 
|  52|0x0000000083400000, 0x0000000083400000, 0x0000000083500000|  0%| F|  |TAMS 0x0000000083400000, 0x0000000083400000| Untracked 
|  53|0x0000000083500000, 0x0000000083500000, 0x0000000083600000|  0%| F|  |TAMS 0x0000000083500000, 0x0000000083500000| Untracked 
|  54|0x0000000083600000, 0x0000000083600000, 0x0000000083700000|  0%| F|  |TAMS 0x0000000083600000, 0x0000000083600000| Untracked 
|  55|0x0000000083700000, 0x0000000083700000, 0x0000000083800000|  0%| F|  |TAMS 0x0000000083700000, 0x0000000083700000| Untracked 
|  56|0x0000000083800000, 0x0000000083800000, 0x0000000083900000|  0%| F|  |TAMS 0x0000000083800000, 0x0000000083800000| Untracked 
|  57|0x0000000083900000, 0x0000000083900000, 0x0000000083a00000|  0%| F|  |TAMS 0x0000000083900000, 0x0000000083900000| Untracked 
|  58|0x0000000083a00000, 0x0000000083a00000, 0x0000000083b00000|  0%| F|  |TAMS 0x0000000083a00000, 0x0000000083a00000| Untracked 
|  59|0x0000000083b00000, 0x0000000083b00000, 0x0000000083c00000|  0%| F|  |TAMS 0x0000000083b00000, 0x0000000083b00000| Untracked 
|  60|0x0000000083c00000, 0x0000000083c00000, 0x0000000083d00000|  0%| F|  |TAMS 0x0000000083c00000, 0x0000000083c00000| Untracked 
|  61|0x0000000083d00000, 0x0000000083d00000, 0x0000000083e00000|  0%| F|  |TAMS 0x0000000083d00000, 0x0000000083d00000| Untracked 
|  62|0x0000000083e00000, 0x0000000083e00000, 0x0000000083f00000|  0%| F|  |TAMS 0x0000000083e00000, 0x0000000083e00000| Untracked 
|  63|0x0000000083f00000, 0x0000000083f00000, 0x0000000084000000|  0%| F|  |TAMS 0x0000000083f00000, 0x0000000083f00000| Untracked 
|  64|0x0000000084000000, 0x0000000084000000, 0x0000000084100000|  0%| F|  |TAMS 0x0000000084000000, 0x0000000084000000| Untracked 
|  65|0x0000000084100000, 0x0000000084100000, 0x0000000084200000|  0%| F|  |TAMS 0x0000000084100000, 0x0000000084100000| Untracked 
|  66|0x0000000084200000, 0x0000000084200000, 0x0000000084300000|  0%| F|  |TAMS 0x0000000084200000, 0x0000000084200000| Untracked 
|  67|0x0000000084300000, 0x0000000084300000, 0x0000000084400000|  0%| F|  |TAMS 0x0000000084300000, 0x0000000084300000| Untracked 
|  68|0x0000000084400000, 0x0000000084400000, 0x0000000084500000|  0%| F|  |TAMS 0x0000000084400000, 0x0000000084400000| Untracked 
|  69|0x0000000084500000, 0x0000000084500000, 0x0000000084600000|  0%| F|  |TAMS 0x0000000084500000, 0x0000000084500000| Untracked 
|  70|0x0000000084600000, 0x000000008468cd70, 0x0000000084700000| 55%| S|CS|TAMS 0x0000000084600000, 0x0000000084600000| Complete 
|  71|0x0000000084700000, 0x0000000084800000, 0x0000000084800000|100%| S|CS|TAMS 0x0000000084700000, 0x0000000084700000| Complete 
|  72|0x0000000084800000, 0x0000000084900000, 0x0000000084900000|100%| S|CS|TAMS 0x0000000084800000, 0x0000000084800000| Complete 
|  73|0x0000000084900000, 0x0000000084a00000, 0x0000000084a00000|100%| S|CS|TAMS 0x0000000084900000, 0x0000000084900000| Complete 
|  74|0x0000000084a00000, 0x0000000084a00000, 0x0000000084b00000|  0%| F|  |TAMS 0x0000000084a00000, 0x0000000084a00000| Untracked 
|  75|0x0000000084b00000, 0x0000000084c00000, 0x0000000084c00000|100%| S|CS|TAMS 0x0000000084b00000, 0x0000000084b00000| Complete 
|  76|0x0000000084c00000, 0x0000000084c00000, 0x0000000084d00000|  0%| F|  |TAMS 0x0000000084c00000, 0x0000000084c00000| Untracked 
|  77|0x0000000084d00000, 0x0000000084d00000, 0x0000000084e00000|  0%| F|  |TAMS 0x0000000084d00000, 0x0000000084d00000| Untracked 
|  78|0x0000000084e00000, 0x0000000084e00000, 0x0000000084f00000|  0%| F|  |TAMS 0x0000000084e00000, 0x0000000084e00000| Untracked 
|  79|0x0000000084f00000, 0x0000000084f00000, 0x0000000085000000|  0%| F|  |TAMS 0x0000000084f00000, 0x0000000084f00000| Untracked 
|  80|0x0000000085000000, 0x0000000085000000, 0x0000000085100000|  0%| F|  |TAMS 0x0000000085000000, 0x0000000085000000| Untracked 
|  81|0x0000000085100000, 0x0000000085100000, 0x0000000085200000|  0%| F|  |TAMS 0x0000000085100000, 0x0000000085100000| Untracked 
|  82|0x0000000085200000, 0x0000000085200000, 0x0000000085300000|  0%| F|  |TAMS 0x0000000085200000, 0x0000000085200000| Untracked 
|  83|0x0000000085300000, 0x0000000085300000, 0x0000000085400000|  0%| F|  |TAMS 0x0000000085300000, 0x0000000085300000| Untracked 
|  84|0x0000000085400000, 0x0000000085400000, 0x0000000085500000|  0%| F|  |TAMS 0x0000000085400000, 0x0000000085400000| Untracked 
|  85|0x0000000085500000, 0x0000000085500000, 0x0000000085600000|  0%| F|  |TAMS 0x0000000085500000, 0x0000000085500000| Untracked 
|  86|0x0000000085600000, 0x0000000085600000, 0x0000000085700000|  0%| F|  |TAMS 0x0000000085600000, 0x0000000085600000| Untracked 
|  87|0x0000000085700000, 0x0000000085700000, 0x0000000085800000|  0%| F|  |TAMS 0x0000000085700000, 0x0000000085700000| Untracked 
|  88|0x0000000085800000, 0x0000000085800000, 0x0000000085900000|  0%| F|  |TAMS 0x0000000085800000, 0x0000000085800000| Untracked 
|  89|0x0000000085900000, 0x0000000085900000, 0x0000000085a00000|  0%| F|  |TAMS 0x0000000085900000, 0x0000000085900000| Untracked 
|  90|0x0000000085a00000, 0x0000000085a00000, 0x0000000085b00000|  0%| F|  |TAMS 0x0000000085a00000, 0x0000000085a00000| Untracked 
|  91|0x0000000085b00000, 0x0000000085b00000, 0x0000000085c00000|  0%| F|  |TAMS 0x0000000085b00000, 0x0000000085b00000| Untracked 
|  92|0x0000000085c00000, 0x0000000085c00000, 0x0000000085d00000|  0%| F|  |TAMS 0x0000000085c00000, 0x0000000085c00000| Untracked 
|  93|0x0000000085d00000, 0x0000000085d00000, 0x0000000085e00000|  0%| F|  |TAMS 0x0000000085d00000, 0x0000000085d00000| Untracked 
|  94|0x0000000085e00000, 0x0000000085e00000, 0x0000000085f00000|  0%| F|  |TAMS 0x0000000085e00000, 0x0000000085e00000| Untracked 
|  95|0x0000000085f00000, 0x0000000085f00000, 0x0000000086000000|  0%| F|  |TAMS 0x0000000085f00000, 0x0000000085f00000| Untracked 
|  96|0x0000000086000000, 0x0000000086000000, 0x0000000086100000|  0%| F|  |TAMS 0x0000000086000000, 0x0000000086000000| Untracked 
|  97|0x0000000086100000, 0x0000000086100000, 0x0000000086200000|  0%| F|  |TAMS 0x0000000086100000, 0x0000000086100000| Untracked 
|  98|0x0000000086200000, 0x0000000086200000, 0x0000000086300000|  0%| F|  |TAMS 0x0000000086200000, 0x0000000086200000| Untracked 
|  99|0x0000000086300000, 0x0000000086300000, 0x0000000086400000|  0%| F|  |TAMS 0x0000000086300000, 0x0000000086300000| Untracked 
| 100|0x0000000086400000, 0x0000000086400000, 0x0000000086500000|  0%| F|  |TAMS 0x0000000086400000, 0x0000000086400000| Untracked 
| 101|0x0000000086500000, 0x0000000086500000, 0x0000000086600000|  0%| F|  |TAMS 0x0000000086500000, 0x0000000086500000| Untracked 
| 102|0x0000000086600000, 0x0000000086600000, 0x0000000086700000|  0%| F|  |TAMS 0x0000000086600000, 0x0000000086600000| Untracked 
| 103|0x0000000086700000, 0x0000000086700000, 0x0000000086800000|  0%| F|  |TAMS 0x0000000086700000, 0x0000000086700000| Untracked 
| 104|0x0000000086800000, 0x0000000086800000, 0x0000000086900000|  0%| F|  |TAMS 0x0000000086800000, 0x0000000086800000| Untracked 
| 105|0x0000000086900000, 0x0000000086900000, 0x0000000086a00000|  0%| F|  |TAMS 0x0000000086900000, 0x0000000086900000| Untracked 
| 106|0x0000000086a00000, 0x0000000086a00000, 0x0000000086b00000|  0%| F|  |TAMS 0x0000000086a00000, 0x0000000086a00000| Untracked 
| 107|0x0000000086b00000, 0x0000000086b00000, 0x0000000086c00000|  0%| F|  |TAMS 0x0000000086b00000, 0x0000000086b00000| Untracked 
| 108|0x0000000086c00000, 0x0000000086c00000, 0x0000000086d00000|  0%| F|  |TAMS 0x0000000086c00000, 0x0000000086c00000| Untracked 
| 109|0x0000000086d00000, 0x0000000086d00000, 0x0000000086e00000|  0%| F|  |TAMS 0x0000000086d00000, 0x0000000086d00000| Untracked 
| 110|0x0000000086e00000, 0x0000000086e00000, 0x0000000086f00000|  0%| F|  |TAMS 0x0000000086e00000, 0x0000000086e00000| Untracked 
| 111|0x0000000086f00000, 0x0000000086f00000, 0x0000000087000000|  0%| F|  |TAMS 0x0000000086f00000, 0x0000000086f00000| Untracked 
| 112|0x0000000087000000, 0x0000000087000000, 0x0000000087100000|  0%| F|  |TAMS 0x0000000087000000, 0x0000000087000000| Untracked 
| 113|0x0000000087100000, 0x0000000087100000, 0x0000000087200000|  0%| F|  |TAMS 0x0000000087100000, 0x0000000087100000| Untracked 
| 114|0x0000000087200000, 0x000000008723ebf0, 0x0000000087300000| 24%| E|  |TAMS 0x0000000087200000, 0x0000000087200000| Complete 
| 115|0x0000000087300000, 0x0000000087400000, 0x0000000087400000|100%| E|CS|TAMS 0x0000000087300000, 0x0000000087300000| Complete 
| 116|0x0000000087400000, 0x0000000087500000, 0x0000000087500000|100%| E|  |TAMS 0x0000000087400000, 0x0000000087400000| Complete 
| 117|0x0000000087500000, 0x0000000087600000, 0x0000000087600000|100%| E|CS|TAMS 0x0000000087500000, 0x0000000087500000| Complete 
| 118|0x0000000087600000, 0x0000000087700000, 0x0000000087700000|100%| E|CS|TAMS 0x0000000087600000, 0x0000000087600000| Complete 
| 119|0x0000000087700000, 0x0000000087800000, 0x0000000087800000|100%| E|CS|TAMS 0x0000000087700000, 0x0000000087700000| Complete 
| 120|0x0000000087800000, 0x0000000087900000, 0x0000000087900000|100%| E|CS|TAMS 0x0000000087800000, 0x0000000087800000| Complete 
| 121|0x0000000087900000, 0x0000000087a00000, 0x0000000087a00000|100%| E|CS|TAMS 0x0000000087900000, 0x0000000087900000| Complete 
| 122|0x0000000087a00000, 0x0000000087b00000, 0x0000000087b00000|100%| E|CS|TAMS 0x0000000087a00000, 0x0000000087a00000| Complete 
| 123|0x0000000087b00000, 0x0000000087c00000, 0x0000000087c00000|100%| E|CS|TAMS 0x0000000087b00000, 0x0000000087b00000| Complete 
| 124|0x0000000087c00000, 0x0000000087d00000, 0x0000000087d00000|100%| E|CS|TAMS 0x0000000087c00000, 0x0000000087c00000| Complete 
| 125|0x0000000087d00000, 0x0000000087e00000, 0x0000000087e00000|100%| E|CS|TAMS 0x0000000087d00000, 0x0000000087d00000| Complete 

Card table byte_map: [0x000001aa19f30000,0x000001aa1a330000] _byte_map_base: 0x000001aa19b30000

Marking Bits (Prev, Next): (CMBitMap*) 0x000001aa0660e5c0, (CMBitMap*) 0x000001aa0660e588
 Prev Bits: [0x000001aa1c730000, 0x000001aa1e730000)
 Next Bits: [0x000001aa1a730000, 0x000001aa1c730000)

Polling page: 0x000001aa04d50000

Metaspace:

Usage:
  Non-class:     40.53 MB capacity,    39.75 MB ( 98%) used,   675.88 KB (  2%) free+waste,   121.63 KB ( <1%) overhead. 
      Class:      6.28 MB capacity,     5.85 MB ( 93%) used,   386.00 KB (  6%) free+waste,    58.25 KB ( <1%) overhead. 
       Both:     46.81 MB capacity,    45.60 MB ( 97%) used,     1.04 MB (  2%) free+waste,   179.88 KB ( <1%) overhead. 

Virtual space:
  Non-class space:       42.00 MB reserved,      40.75 MB ( 97%) committed 
      Class space:        1.00 GB reserved,       6.32 MB ( <1%) committed 
             Both:        1.04 GB reserved,      47.07 MB (  4%) committed 

Chunk freelists:
   Non-Class:  35.00 KB
       Class:  0 bytes
        Both:  35.00 KB

MaxMetaspaceSize: 17179869184.00 GB
CompressedClassSpaceSize: 1.00 GB

CodeHeap 'non-profiled nmethods': size=120000Kb used=2461Kb max_used=2461Kb free=117538Kb
 bounds [0x000001aa11b90000, 0x000001aa11e00000, 0x000001aa190c0000]
CodeHeap 'profiled nmethods': size=120000Kb used=9282Kb max_used=9282Kb free=110718Kb
 bounds [0x000001aa0a660000, 0x000001aa0af80000, 0x000001aa11b90000]
CodeHeap 'non-nmethods': size=5760Kb used=2216Kb max_used=2271Kb free=3543Kb
 bounds [0x000001aa0a0c0000, 0x000001aa0a330000, 0x000001aa0a660000]
 total_blobs=5371 nmethods=4584 adapters=698
 compilation: enabled
              stopped_count=0, restarted_count=0
 full_count=0

Compilation events (20 events):
Event: 20.311 Thread 0x000001aa21bc4000 nmethod 4512 0x000001aa11debf90 code [0x000001aa11dec140, 0x000001aa11dec1f8]
Event: 20.311 Thread 0x000001aa21bc4000 4513       1       org.gradle.internal.component.external.model.DefaultModuleComponentArtifactIdentifier::getName (5 bytes)
Event: 20.311 Thread 0x000001aa21bc4000 nmethod 4513 0x000001aa11dec290 code [0x000001aa11dec440, 0x000001aa11dec4f8]
Event: 20.311 Thread 0x000001aa21bc4000 4514       1       org.gradle.internal.component.external.model.DefaultModuleComponentArtifactIdentifier::hashCode (5 bytes)
Event: 20.311 Thread 0x000001aa21bc4000 nmethod 4514 0x000001aa11dec590 code [0x000001aa11dec740, 0x000001aa11dec7f8]
Event: 20.311 Thread 0x000001aa21bc4000 4516       3       com.google.common.collect.ImmutableSet$Builder::build (165 bytes)
Event: 20.314 Thread 0x000001aa21228000 nmethod 4503 0x000001aa11dec890 code [0x000001aa11deca20, 0x000001aa11decc98]
Event: 20.314 Thread 0x000001aa21bc4000 nmethod 4516 0x000001aa0af3aa10 code [0x000001aa0af3ace0, 0x000001aa0af3bb28]
Event: 20.314 Thread 0x000001aa21bc4000 4517       3       com.google.common.collect.ImmutableSet$Builder::<init> (6 bytes)
Event: 20.315 Thread 0x000001aa21bc4000 nmethod 4517 0x000001aa0af3c090 code [0x000001aa0af3c260, 0x000001aa0af3c5c8]
Event: 20.315 Thread 0x000001aa21bc4000 4518       3       org.gradle.internal.component.external.model.maven.DefaultMavenModuleResolveMetadata::isKnownJarPackaging (13 bytes)
Event: 20.315 Thread 0x000001aa21bc4000 nmethod 4518 0x000001aa0af3c710 code [0x000001aa0af3c8c0, 0x000001aa0af3ca08]
Event: 20.315 Thread 0x000001aa21bc4000 4519       3       org.gradle.internal.component.external.model.DefaultModuleComponentArtifactMetadata::<init> (14 bytes)
Event: 20.316 Thread 0x000001aa21bc4000 nmethod 4519 0x000001aa0af3ca90 code [0x000001aa0af3cc80, 0x000001aa0af3d218]
Event: 20.316 Thread 0x000001aa21bc4000 4520       3       org.gradle.internal.component.external.model.DefaultModuleComponentArtifactIdentifier::<init> (34 bytes)
Event: 20.317 Thread 0x000001aa21bc4000 nmethod 4520 0x000001aa0af3d410 code [0x000001aa0af3d5e0, 0x000001aa0af3d998]
Event: 20.317 Thread 0x000001aa21bc4000 4521       3       org.gradle.internal.component.external.model.DefaultModuleComponentArtifactMetadata::<init> (13 bytes)
Event: 20.318 Thread 0x000001aa21bc4000 nmethod 4521 0x000001aa0af3db10 code [0x000001aa0af3dce0, 0x000001aa0af3df78]
Event: 20.343 Thread 0x000001aa21bc4000 4522   !   3       org.gradle.internal.event.AbstractBroadcastDispatch::dispatch (191 bytes)
Event: 20.347 Thread 0x000001aa21bc4000 nmethod 4522 0x000001aa0af3e090 code [0x000001aa0af3e420, 0x000001aa0af3fe28]

GC Heap History (18 events):
Event: 2.207 GC heap before
{Heap before GC invocations=0 (full 0):
 garbage-first heap   total 129024K, used 29696K [0x0000000080000000, 0x0000000100000000)
  region size 1024K, 24 young (24576K), 0 survivors (0K)
 Metaspace       used 9798K, capacity 9994K, committed 10112K, reserved 1058816K
  class space    used 1022K, capacity 1102K, committed 1152K, reserved 1048576K
}
Event: 2.222 GC heap after
{Heap after GC invocations=1 (full 0):
 garbage-first heap   total 129024K, used 8948K [0x0000000080000000, 0x0000000100000000)
  region size 1024K, 3 young (3072K), 3 survivors (3072K)
 Metaspace       used 9798K, capacity 9994K, committed 10112K, reserved 1058816K
  class space    used 1022K, capacity 1102K, committed 1152K, reserved 1048576K
}
Event: 9.394 GC heap before
{Heap before GC invocations=1 (full 0):
 garbage-first heap   total 129024K, used 82676K [0x0000000080000000, 0x0000000100000000)
  region size 1024K, 75 young (76800K), 3 survivors (3072K)
 Metaspace       used 17739K, capacity 18159K, committed 18432K, reserved 1064960K
  class space    used 2093K, capacity 2236K, committed 2304K, reserved 1048576K
}
Event: 9.411 GC heap after
{Heap after GC invocations=2 (full 0):
 garbage-first heap   total 129024K, used 15874K [0x0000000080000000, 0x0000000100000000)
  region size 1024K, 10 young (10240K), 10 survivors (10240K)
 Metaspace       used 17739K, capacity 18159K, committed 18432K, reserved 1064960K
  class space    used 2093K, capacity 2236K, committed 2304K, reserved 1048576K
}
Event: 10.083 GC heap before
{Heap before GC invocations=2 (full 0):
 garbage-first heap   total 129024K, used 38402K [0x0000000080000000, 0x0000000100000000)
  region size 1024K, 33 young (33792K), 10 survivors (10240K)
 Metaspace       used 20644K, capacity 21127K, committed 21248K, reserved 1067008K
  class space    used 2520K, capacity 2720K, committed 2816K, reserved 1048576K
}
Event: 10.102 GC heap after
{Heap after GC invocations=3 (full 0):
 garbage-first heap   total 129024K, used 16820K [0x0000000080000000, 0x0000000100000000)
  region size 1024K, 1 young (1024K), 1 survivors (1024K)
 Metaspace       used 20644K, capacity 21127K, committed 21248K, reserved 1067008K
  class space    used 2520K, capacity 2720K, committed 2816K, reserved 1048576K
}
Event: 11.694 GC heap before
{Heap before GC invocations=4 (full 0):
 garbage-first heap   total 129024K, used 69044K [0x0000000080000000, 0x0000000100000000)
  region size 1024K, 52 young (53248K), 1 survivors (1024K)
 Metaspace       used 25903K, capacity 26494K, committed 26752K, reserved 1073152K
  class space    used 3386K, capacity 3599K, committed 3712K, reserved 1048576K
}
Event: 11.703 GC heap after
{Heap after GC invocations=5 (full 0):
 garbage-first heap   total 129024K, used 18397K [0x0000000080000000, 0x0000000100000000)
  region size 1024K, 3 young (3072K), 3 survivors (3072K)
 Metaspace       used 25903K, capacity 26494K, committed 26752K, reserved 1073152K
  class space    used 3386K, capacity 3599K, committed 3712K, reserved 1048576K
}
Event: 14.177 GC heap before
{Heap before GC invocations=5 (full 0):
 garbage-first heap   total 129024K, used 75741K [0x0000000080000000, 0x0000000100000000)
  region size 1024K, 59 young (60416K), 3 survivors (3072K)
 Metaspace       used 34821K, capacity 35616K, committed 35840K, reserved 1081344K
  class space    used 4531K, capacity 4832K, committed 4864K, reserved 1048576K
}
Event: 14.191 GC heap after
{Heap after GC invocations=6 (full 0):
 garbage-first heap   total 129024K, used 21988K [0x0000000080000000, 0x0000000100000000)
  region size 1024K, 6 young (6144K), 6 survivors (6144K)
 Metaspace       used 34821K, capacity 35616K, committed 35840K, reserved 1081344K
  class space    used 4531K, capacity 4832K, committed 4864K, reserved 1048576K
}
Event: 14.255 GC heap before
{Heap before GC invocations=6 (full 0):
 garbage-first heap   total 129024K, used 21988K [0x0000000080000000, 0x0000000100000000)
  region size 1024K, 7 young (7168K), 6 survivors (6144K)
 Metaspace       used 35031K, capacity 35808K, committed 35840K, reserved 1081344K
  class space    used 4532K, capacity 4832K, committed 4864K, reserved 1048576K
}
Event: 14.280 GC heap after
{Heap after GC invocations=7 (full 0):
 garbage-first heap   total 129024K, used 22244K [0x0000000080000000, 0x0000000100000000)
  region size 1024K, 4 young (4096K), 4 survivors (4096K)
 Metaspace       used 35031K, capacity 35808K, committed 35840K, reserved 1081344K
  class space    used 4532K, capacity 4832K, committed 4864K, reserved 1048576K
}
Event: 15.873 GC heap before
{Heap before GC invocations=8 (full 0):
 garbage-first heap   total 129024K, used 69348K [0x0000000080000000, 0x0000000100000000)
  region size 1024K, 47 young (48128K), 4 survivors (4096K)
 Metaspace       used 38356K, capacity 39265K, committed 39628K, reserved 1083392K
  class space    used 4894K, capacity 5211K, committed 5324K, reserved 1048576K
}
Event: 15.905 GC heap after
{Heap after GC invocations=9 (full 0):
 garbage-first heap   total 129024K, used 25898K [0x0000000080000000, 0x0000000100000000)
  region size 1024K, 4 young (4096K), 4 survivors (4096K)
 Metaspace       used 38356K, capacity 39265K, committed 39628K, reserved 1083392K
  class space    used 4894K, capacity 5211K, committed 5324K, reserved 1048576K
}
Event: 17.613 GC heap before
{Heap before GC invocations=10 (full 0):
 garbage-first heap   total 129024K, used 71978K [0x0000000080000000, 0x0000000100000000)
  region size 1024K, 49 young (50176K), 4 survivors (4096K)
 Metaspace       used 42430K, capacity 43448K, committed 43724K, reserved 1087488K
  class space    used 5387K, capacity 5746K, committed 5836K, reserved 1048576K
}
Event: 17.627 GC heap after
{Heap after GC invocations=11 (full 0):
 garbage-first heap   total 129024K, used 27697K [0x0000000080000000, 0x0000000100000000)
  region size 1024K, 3 young (3072K), 3 survivors (3072K)
 Metaspace       used 42430K, capacity 43448K, committed 43724K, reserved 1087488K
  class space    used 5387K, capacity 5746K, committed 5836K, reserved 1048576K
}
Event: 20.133 GC heap before
{Heap before GC invocations=11 (full 0):
 garbage-first heap   total 129024K, used 76849K [0x0000000080000000, 0x0000000100000000)
  region size 1024K, 51 young (52224K), 3 survivors (3072K)
 Metaspace       used 46043K, capacity 47184K, committed 47308K, reserved 1089536K
  class space    used 5897K, capacity 6310K, committed 6348K, reserved 1048576K
}
Event: 20.148 GC heap after
{Heap after GC invocations=12 (full 0):
 garbage-first heap   total 129024K, used 30125K [0x0000000080000000, 0x0000000100000000)
  region size 1024K, 5 young (5120K), 5 survivors (5120K)
 Metaspace       used 46043K, capacity 47184K, committed 47308K, reserved 1089536K
  class space    used 5897K, capacity 6310K, committed 6348K, reserved 1048576K
}

Deoptimization events (20 events):
Event: 19.568 Thread 0x000001aa23009000 Uncommon trap: trap_request=0xffffffc6 fr.pc=0x000001aa11dae99c relative=0x00000000000013dc
Event: 19.568 Thread 0x000001aa23009000 Uncommon trap: reason=bimorphic_or_optimized_type_check action=maybe_recompile pc=0x000001aa11dae99c method=java.util.HashMap.computeIfAbsent(Ljava/lang/Object;Ljava/util/function/Function;)Ljava/lang/Object; @ 142 c2
Event: 19.568 Thread 0x000001aa23009000 DEOPT PACKING pc=0x000001aa11dae99c sp=0x000000784d8f9160
Event: 19.568 Thread 0x000001aa23009000 DEOPT UNPACKING pc=0x000001aa0a0e78af sp=0x000000784d8f9138 mode 2
Event: 20.183 Thread 0x000001aa23009000 Uncommon trap: trap_request=0xffffffc6 fr.pc=0x000001aa11da98dc relative=0x00000000000009fc
Event: 20.183 Thread 0x000001aa23009000 Uncommon trap: reason=bimorphic_or_optimized_type_check action=maybe_recompile pc=0x000001aa11da98dc method=java.util.Spliterators$IteratorSpliterator.tryAdvance(Ljava/util/function/Consumer;)Z @ 50 c2
Event: 20.183 Thread 0x000001aa23009000 DEOPT PACKING pc=0x000001aa11da98dc sp=0x000000784d8f87b0
Event: 20.183 Thread 0x000001aa23009000 DEOPT UNPACKING pc=0x000001aa0a0e78af sp=0x000000784d8f8598 mode 2
Event: 20.183 Thread 0x000001aa23009000 Uncommon trap: trap_request=0xffffffc6 fr.pc=0x000001aa11cdaf44 relative=0x00000000000002c4
Event: 20.183 Thread 0x000001aa23009000 Uncommon trap: reason=bimorphic_or_optimized_type_check action=maybe_recompile pc=0x000001aa11cdaf44 method=java.util.Spliterators$IteratorSpliterator.tryAdvance(Ljava/util/function/Consumer;)Z @ 50 c2
Event: 20.183 Thread 0x000001aa23009000 DEOPT PACKING pc=0x000001aa11cdaf44 sp=0x000000784d8f85f0
Event: 20.183 Thread 0x000001aa23009000 DEOPT UNPACKING pc=0x000001aa0a0e78af sp=0x000000784d8f8590 mode 2
Event: 20.183 Thread 0x000001aa23009000 Uncommon trap: trap_request=0xffffffc6 fr.pc=0x000001aa11cdaf44 relative=0x00000000000002c4
Event: 20.183 Thread 0x000001aa23009000 Uncommon trap: reason=bimorphic_or_optimized_type_check action=maybe_recompile pc=0x000001aa11cdaf44 method=java.util.Spliterators$IteratorSpliterator.tryAdvance(Ljava/util/function/Consumer;)Z @ 50 c2
Event: 20.183 Thread 0x000001aa23009000 DEOPT PACKING pc=0x000001aa11cdaf44 sp=0x000000784d8f85f0
Event: 20.183 Thread 0x000001aa23009000 DEOPT UNPACKING pc=0x000001aa0a0e78af sp=0x000000784d8f8590 mode 2
Event: 20.228 Thread 0x000001aa23009000 Uncommon trap: trap_request=0xffffff4d fr.pc=0x000001aa11cd1f70 relative=0x00000000000001d0
Event: 20.228 Thread 0x000001aa23009000 Uncommon trap: reason=unstable_if action=reinterpret pc=0x000001aa11cd1f70 method=java.util.ArrayDeque.addLast(Ljava/lang/Object;)V @ 42 c2
Event: 20.228 Thread 0x000001aa23009000 DEOPT PACKING pc=0x000001aa11cd1f70 sp=0x000000784d8f9020
Event: 20.228 Thread 0x000001aa23009000 DEOPT UNPACKING pc=0x000001aa0a0e78af sp=0x000000784d8f8f78 mode 2

Classes redefined (0 events):
No events

Internal exceptions (20 events):
Event: 17.601 Thread 0x000001aa23009000 Exception <a 'java/lang/ClassNotFoundException'{0x00000000851c8828}: org/gradle/api/internal/project/ProjectScriptCustomizer> (0x00000000851c8828) thrown at [./src/hotspot/share/classfile/systemDictionary.cpp, line 231]
Event: 17.604 Thread 0x000001aa23009000 Exception <a 'java/lang/ClassNotFoundException'{0x00000000851e3c88}: build_2oyxlqr33ugqafg0fj09oq52oCustomizer> (0x00000000851e3c88) thrown at [./src/hotspot/share/classfile/systemDictionary.cpp, line 231]
Event: 17.647 Thread 0x000001aa23009000 Exception <a 'java/lang/ClassNotFoundException'{0x0000000087d7dae8}: org/gradle/api/internal/initialization/DefaultScriptHandlerBeanInfo> (0x0000000087d7dae8) thrown at [./src/hotspot/share/classfile/systemDictionary.cpp, line 231]
Event: 17.649 Thread 0x000001aa23009000 Exception <a 'java/lang/ClassNotFoundException'{0x0000000087da6d18}: org/gradle/api/internal/initialization/DefaultScriptHandlerCustomizer> (0x0000000087da6d18) thrown at [./src/hotspot/share/classfile/systemDictionary.cpp, line 231]
Event: 17.954 Thread 0x000001aa23009000 Exception <a 'java/lang/ClassNotFoundException'{0x0000000087590fa0}: org/gradle/api/internal/artifacts/dsl/dependencies/DefaultDependencyHandler_DecoratedBeanInfo> (0x0000000087590fa0) thrown at [./src/hotspot/share/classfile/systemDictionary.cpp, line 231]
Event: 17.958 Thread 0x000001aa23009000 Exception <a 'java/lang/ClassNotFoundException'{0x00000000875cf100}: org/gradle/api/internal/artifacts/dsl/dependencies/DefaultDependencyHandlerBeanInfo> (0x00000000875cf100) thrown at [./src/hotspot/share/classfile/systemDictionary.cpp, line 231]
Event: 17.962 Thread 0x000001aa23009000 Exception <a 'java/lang/ClassNotFoundException'{0x000000008740daf0}: org/gradle/api/internal/artifacts/dsl/dependencies/DefaultDependencyHandlerCustomizer> (0x000000008740daf0) thrown at [./src/hotspot/share/classfile/systemDictionary.cpp, line 231]
Event: 17.971 Thread 0x000001aa23009000 Exception <a 'java/lang/ClassNotFoundException'{0x0000000087474f00}: org/gradle/api/internal/artifacts/dsl/dependencies/DefaultDependencyHandler_DecoratedCustomizer> (0x0000000087474f00) thrown at [./src/hotspot/share/classfile/systemDictionary.cpp, line 231]
Event: 18.025 Thread 0x000001aa23009000 Exception <a 'java/lang/NoSuchMethodError'{0x000000008737fec0}: 'java.lang.Object java.lang.invoke.DirectMethodHandle$Holder.invokeStatic(java.lang.Object, java.lang.Object, int, java.lang.Object)'> (0x000000008737fec0) thrown at [./src/hotspot/share/interpreter/linkResolver.cpp, line 773]
Event: 18.027 Thread 0x000001aa23009000 Exception <a 'java/lang/NoSuchMethodError'{0x0000000087387418}: 'java.lang.Object java.lang.invoke.Invokers$Holder.linkToTargetMethod(java.lang.Object, int, java.lang.Object, java.lang.Object)'> (0x0000000087387418) thrown at [./src/hotspot/share/interpreter/linkResolver.cpp, line 773]
Event: 18.588 Thread 0x000001aa23009000 Exception <a 'java/lang/NoSuchMethodError'{0x00000000862ce630}: 'java.lang.Object java.lang.invoke.DelegatingMethodHandle$Holder.reinvoke_L(java.lang.Object, java.lang.Object, java.lang.Object, java.lang.Object, java.lang.Object, java.lang.Object, java.lang.Object, java.lang.Object, java.lang.Object, java.lang.Object, java.lang.Object, java.lang.Object, java.lang.Object, java.lang.Object, java.lang.Object, java.lang.Object, java.lang.Object, java.lang.Object, java.lang.Object, java.lang.Object, java.lang.O
Event: 18.590 Thread 0x000001aa23009000 Exception <a 'java/lang/NoSuchMethodError'{0x00000000862da038}: 'java.lang.Object java.lang.invoke.DirectMethodHandle$Holder.invokeSpecial(java.lang.Object, java.lang.Object, java.lang.Object, java.lang.Object, java.lang.Object, java.lang.Object, java.lang.Object, java.lang.Object, java.lang.Object, java.lang.Object, java.lang.Object, java.lang.Object, java.lang.Object, java.lang.Object, java.lang.Object, java.lang.Object, java.lang.Object, java.lang.Object, java.lang.Object, java.lang.Object, java.lang.Ob
Event: 18.591 Thread 0x000001aa23009000 Exception <a 'java/lang/NoSuchMethodError'{0x00000000862e0228}: 'java.lang.Object java.lang.invoke.Invokers$Holder.invoker(java.lang.Object, java.lang.Object, java.lang.Object, java.lang.Object, java.lang.Object, java.lang.Object, java.lang.Object, java.lang.Object, java.lang.Object, java.lang.Object, java.lang.Object, java.lang.Object, java.lang.Object, java.lang.Object, java.lang.Object, java.lang.Object, java.lang.Object, java.lang.Object, java.lang.Object, java.lang.Object, java.lang.Object)'> (0x00000
Event: 18.592 Thread 0x000001aa23009000 Exception <a 'java/lang/NoSuchMethodError'{0x00000000862e7598}: 'java.lang.Object java.lang.invoke.DelegatingMethodHandle$Holder.delegate(java.lang.Object, java.lang.Object, java.lang.Object, java.lang.Object, java.lang.Object, java.lang.Object, java.lang.Object, java.lang.Object, java.lang.Object, java.lang.Object, java.lang.Object, java.lang.Object, java.lang.Object, java.lang.Object, java.lang.Object, java.lang.Object, java.lang.Object, java.lang.Object, java.lang.Object, java.lang.Object, java.lang.Obj
Event: 18.611 Thread 0x000001aa23009000 Exception <a 'java/lang/NoSuchMethodError'{0x0000000086130cc0}: 'java.lang.Object java.lang.invoke.DirectMethodHandle$Holder.invokeStatic(java.lang.Object, java.lang.Object, java.lang.Object, java.lang.Object, java.lang.Object, java.lang.Object, java.lang.Object, java.lang.Object, java.lang.Object, java.lang.Object, java.lang.Object, java.lang.Object, java.lang.Object, java.lang.Object, java.lang.Object)'> (0x0000000086130cc0) thrown at [./src/hotspot/share/interpreter/linkResolver.cpp, line 773]
Event: 18.617 Thread 0x000001aa23009000 Exception <a 'java/lang/NoSuchMethodError'{0x00000000861412f8}: 'java.lang.Object java.lang.invoke.DirectMethodHandle$Holder.invokeStatic(java.lang.Object, java.lang.Object, java.lang.Object, java.lang.Object, java.lang.Object, java.lang.Object, java.lang.Object, java.lang.Object, java.lang.Object, java.lang.Object, java.lang.Object, java.lang.Object, java.lang.Object, java.lang.Object, java.lang.Object, java.lang.Object)'> (0x00000000861412f8) thrown at [./src/hotspot/share/interpreter/linkResolver.cpp, l
Event: 18.620 Thread 0x000001aa23009000 Exception <a 'java/lang/NoSuchMethodError'{0x0000000086151840}: 'java.lang.Object java.lang.invoke.DelegatingMethodHandle$Holder.reinvoke_L(java.lang.Object, java.lang.Object, java.lang.Object, java.lang.Object, java.lang.Object, java.lang.Object, java.lang.Object, java.lang.Object, java.lang.Object, java.lang.Object, java.lang.Object, java.lang.Object, java.lang.Object, java.lang.Object, java.lang.Object, java.lang.Object, java.lang.Object, java.lang.Object, java.lang.Object, java.lang.Object)'> (0x000000
Event: 18.782 Thread 0x000001aa23009000 Exception <a 'java/lang/IncompatibleClassChangeError'{0x0000000085eaa528}: Found class java.lang.Object, but interface was expected> (0x0000000085eaa528) thrown at [./src/hotspot/share/interpreter/linkResolver.cpp, line 839]
Event: 19.119 Thread 0x000001aa23009000 Exception <a 'java/lang/NoSuchMethodError'{0x00000000856be668}: 'int java.lang.invoke.DirectMethodHandle$Holder.invokeStaticInit(java.lang.Object)'> (0x00000000856be668) thrown at [./src/hotspot/share/interpreter/linkResolver.cpp, line 773]
Event: 20.287 Thread 0x000001aa23009000 Exception <a 'java/lang/NoSuchMethodError'{0x0000000087a40b10}: 'void java.lang.invoke.DirectMethodHandle$Holder.invokeStatic(java.lang.Object, java.lang.Object, java.lang.Object, int, java.lang.Object)'> (0x0000000087a40b10) thrown at [./src/hotspot/share/interpreter/linkResolver.cpp, line 773]

Events (20 events):
Event: 20.341 loading class org/gradle/api/internal/artifacts/ivyservice/DefaultConfigurationResolver$ArtifactResolveState
Event: 20.341 loading class org/gradle/api/internal/artifacts/ivyservice/DefaultConfigurationResolver$ArtifactResolveState done
Event: 20.342 loading class org/gradle/api/internal/artifacts/ivyservice/ErrorHandlingConfigurationResolver$ErrorHandlingResolutionResult
Event: 20.342 loading class org/gradle/api/internal/artifacts/ivyservice/ErrorHandlingConfigurationResolver$ErrorHandlingResolutionResult done
Event: 20.343 loading class org/gradle/api/internal/artifacts/configurations/ResolveConfigurationResolutionBuildOperationResult
Event: 20.343 loading class org/gradle/api/internal/artifacts/configurations/ResolveConfigurationResolutionBuildOperationResult done
Event: 20.345 loading class org/gradle/api/internal/artifacts/configurations/ResolveConfigurationDependenciesBuildOperationType$Result
Event: 20.345 loading class org/gradle/api/internal/artifacts/configurations/ResolveConfigurationDependenciesBuildOperationType$Result done
Event: 20.346 loading class org/gradle/api/internal/artifacts/configurations/ResolveConfigurationResolutionBuildOperationResult$LazyDesugaringAttributeContainer
Event: 20.346 loading class org/gradle/api/internal/artifacts/configurations/ResolveConfigurationResolutionBuildOperationResult$LazyDesugaringAttributeContainer done
Event: 20.348 loading class org/gradle/api/internal/artifacts/ivyservice/resolveengine/oldresult/TransientConfigurationResultsLoader
Event: 20.348 loading class org/gradle/api/internal/artifacts/ivyservice/resolveengine/oldresult/TransientConfigurationResultsLoader done
Event: 20.349 loading class org/gradle/api/internal/artifacts/ivyservice/DefaultLenientConfiguration
Event: 20.349 loading class org/gradle/api/internal/artifacts/ivyservice/DefaultLenientConfiguration done
Event: 20.351 loading class org/gradle/api/artifacts/LenientConfiguration
Event: 20.351 loading class org/gradle/api/artifacts/LenientConfiguration done
Event: 20.352 loading class org/gradle/internal/graph/DirectedGraphWithEdgeValues
Event: 20.352 loading class org/gradle/internal/graph/DirectedGraphWithEdgeValues done
Event: 20.352 loading class org/gradle/internal/graph/DirectedGraph
Event: 20.352 loading class org/gradle/internal/graph/DirectedGraph done


Dynamic libraries:
0x00007ff7e2e60000 - 0x00007ff7e2e6a000 	C:\Program Files\Android\Android Studio\jre\bin\java.exe
0x00007ffde4290000 - 0x00007ffde4485000 	C:\WINDOWS\SYSTEM32\ntdll.dll
0x00007ffde38d0000 - 0x00007ffde398e000 	C:\WINDOWS\System32\KERNEL32.DLL
0x00007ffde1d60000 - 0x00007ffde2029000 	C:\WINDOWS\System32\KERNELBASE.dll
0x00007ffde1c60000 - 0x00007ffde1d60000 	C:\WINDOWS\System32\ucrtbase.dll
0x00007ffdd8000000 - 0x00007ffdd8019000 	C:\Program Files\Android\Android Studio\jre\bin\jli.dll
0x00007ffdd7fe0000 - 0x00007ffdd7ff7000 	C:\Program Files\Android\Android Studio\jre\bin\VCRUNTIME140.dll
0x00007ffde3bc0000 - 0x00007ffde3d61000 	C:\WINDOWS\System32\USER32.dll
0x00007ffde19b0000 - 0x00007ffde19d2000 	C:\WINDOWS\System32\win32u.dll
0x00007ffdc15a0000 - 0x00007ffdc183a000 	C:\WINDOWS\WinSxS\amd64_microsoft.windows.common-controls_6595b64144ccf1df_6.0.19041.1110_none_60b5254171f9507e\COMCTL32.dll
0x00007ffde4220000 - 0x00007ffde424b000 	C:\WINDOWS\System32\GDI32.dll
0x00007ffde2340000 - 0x00007ffde23de000 	C:\WINDOWS\System32\msvcrt.dll
0x00007ffde20e0000 - 0x00007ffde21eb000 	C:\WINDOWS\System32\gdi32full.dll
0x00007ffde21f0000 - 0x00007ffde228d000 	C:\WINDOWS\System32\msvcp_win.dll
0x00007ffde38a0000 - 0x00007ffde38d0000 	C:\WINDOWS\System32\IMM32.DLL
0x00007ffdd7f40000 - 0x00007ffdd7fdd000 	C:\Program Files\Android\Android Studio\jre\bin\msvcp140.dll
0x00007ffd9b090000 - 0x00007ffd9bb5f000 	C:\Program Files\Android\Android Studio\jre\bin\server\jvm.dll
0x00007ffde23e0000 - 0x00007ffde248c000 	C:\WINDOWS\System32\ADVAPI32.dll
0x00007ffde3990000 - 0x00007ffde3a2b000 	C:\WINDOWS\System32\sechost.dll
0x00007ffde2a60000 - 0x00007ffde2b8a000 	C:\WINDOWS\System32\RPCRT4.dll
0x00007ffde2a50000 - 0x00007ffde2a58000 	C:\WINDOWS\System32\PSAPI.DLL
0x00007ffdc0dc0000 - 0x00007ffdc0dc9000 	C:\WINDOWS\SYSTEM32\WSOCK32.dll
0x00007ffdc1a10000 - 0x00007ffdc1a37000 	C:\WINDOWS\SYSTEM32\WINMM.dll
0x00007ffde3830000 - 0x00007ffde389b000 	C:\WINDOWS\System32\WS2_32.dll
0x00007ffdd74a0000 - 0x00007ffdd74aa000 	C:\WINDOWS\SYSTEM32\VERSION.dll
0x00007ffde0230000 - 0x00007ffde0242000 	C:\WINDOWS\SYSTEM32\kernel.appcore.dll
0x00007ffdd72f0000 - 0x00007ffdd7301000 	C:\Program Files\Android\Android Studio\jre\bin\verify.dll
0x00007ffddc760000 - 0x00007ffddc944000 	C:\WINDOWS\SYSTEM32\DBGHELP.DLL
0x00007ffdbf7c0000 - 0x00007ffdbf7ec000 	C:\WINDOWS\SYSTEM32\dbgcore.DLL
0x00007ffde1ba0000 - 0x00007ffde1c23000 	C:\WINDOWS\System32\bcryptPrimitives.dll
0x00007ffdb5510000 - 0x00007ffdb5539000 	C:\Program Files\Android\Android Studio\jre\bin\java.dll
0x00007ffdda6b0000 - 0x00007ffdda6bb000 	C:\Program Files\Android\Android Studio\jre\bin\jimage.dll
0x00007ffdb5930000 - 0x00007ffdb5948000 	C:\Program Files\Android\Android Studio\jre\bin\zip.dll
0x00007ffde2b90000 - 0x00007ffde32cf000 	C:\WINDOWS\System32\SHELL32.dll
0x00007ffddfa60000 - 0x00007ffde01f0000 	C:\WINDOWS\SYSTEM32\windows.storage.dll
0x00007ffde34d0000 - 0x00007ffde3825000 	C:\WINDOWS\System32\combase.dll
0x00007ffde1400000 - 0x00007ffde142c000 	C:\WINDOWS\SYSTEM32\Wldp.dll
0x00007ffde2910000 - 0x00007ffde29bd000 	C:\WINDOWS\System32\SHCORE.dll
0x00007ffde22e0000 - 0x00007ffde2335000 	C:\WINDOWS\System32\shlwapi.dll
0x00007ffde18f0000 - 0x00007ffde190f000 	C:\WINDOWS\SYSTEM32\profapi.dll
0x00007ffdb54f0000 - 0x00007ffdb550a000 	C:\Program Files\Android\Android Studio\jre\bin\net.dll
0x00007ffddb670000 - 0x00007ffddb778000 	C:\WINDOWS\SYSTEM32\WINHTTP.dll
0x00007ffde1160000 - 0x00007ffde11ca000 	C:\WINDOWS\system32\mswsock.dll
0x00007ffdb54d0000 - 0x00007ffdb54e4000 	C:\Program Files\Android\Android Studio\jre\bin\nio.dll
0x00007ffdaf550000 - 0x00007ffdaf577000 	C:\Users\Admin\.gradle\native\8bec1ad78214c89d9ad589b4d07fe93259594b29d510b10fafb7a158f7737e5d\windows-amd64\native-platform.dll
0x00007ffd9f190000 - 0x00007ffd9f2cd000 	C:\Users\Admin\.gradle\native\53dbd7edfb1c66fb8903c78663c9afc45aea4f116125fa6feffd364cf09443e8\windows-amd64\native-platform-file-events.dll
0x00007ffdbf810000 - 0x00007ffdbf81a000 	C:\Program Files\Android\Android Studio\jre\bin\management.dll
0x00007ffdbf7f0000 - 0x00007ffdbf7fc000 	C:\Program Files\Android\Android Studio\jre\bin\management_ext.dll
0x00007ffde1350000 - 0x00007ffde1368000 	C:\WINDOWS\SYSTEM32\CRYPTSP.dll
0x00007ffde0a70000 - 0x00007ffde0aa4000 	C:\WINDOWS\system32\rsaenh.dll
0x00007ffde1c30000 - 0x00007ffde1c57000 	C:\WINDOWS\System32\bcrypt.dll
0x00007ffde18b0000 - 0x00007ffde18de000 	C:\WINDOWS\SYSTEM32\USERENV.dll
0x00007ffde1370000 - 0x00007ffde137c000 	C:\WINDOWS\SYSTEM32\CRYPTBASE.dll
0x00007ffde0e00000 - 0x00007ffde0e3b000 	C:\WINDOWS\SYSTEM32\IPHLPAPI.DLL
0x00007ffde4130000 - 0x00007ffde4138000 	C:\WINDOWS\System32\NSI.dll
0x00007ffddbf30000 - 0x00007ffddbf47000 	C:\WINDOWS\SYSTEM32\dhcpcsvc6.DLL
0x00007ffddbf10000 - 0x00007ffddbf2d000 	C:\WINDOWS\SYSTEM32\dhcpcsvc.DLL
0x00007ffde0e50000 - 0x00007ffde0f1c000 	C:\WINDOWS\SYSTEM32\DNSAPI.dll

dbghelp: loaded successfully - version: 4.0.5 - missing functions: none
symbol engine: initialized successfully - sym options: 0x614 - pdb path: .;C:\Program Files\Android\Android Studio\jre\bin;C:\WINDOWS\SYSTEM32;C:\WINDOWS\WinSxS\amd64_microsoft.windows.common-controls_6595b64144ccf1df_6.0.19041.1110_none_60b5254171f9507e;C:\Program Files\Android\Android Studio\jre\bin\server;C:\Users\Admin\.gradle\native\8bec1ad78214c89d9ad589b4d07fe93259594b29d510b10fafb7a158f7737e5d\windows-amd64;C:\Users\Admin\.gradle\native\53dbd7edfb1c66fb8903c78663c9afc45aea4f116125fa6feffd364cf09443e8\windows-amd64

VM Arguments:
jvm_args: --add-opens=java.base/java.util=ALL-UNNAMED --add-opens=java.base/java.lang=ALL-UNNAMED --add-opens=java.base/java.lang.invoke=ALL-UNNAMED --add-opens=java.base/java.util=ALL-UNNAMED --add-opens=java.prefs/java.util.prefs=ALL-UNNAMED --add-opens=java.prefs/java.util.prefs=ALL-UNNAMED --add-opens=java.base/java.nio.charset=ALL-UNNAMED --add-opens=java.base/java.net=ALL-UNNAMED --add-opens=java.base/java.util.concurrent.atomic=ALL-UNNAMED -Xmx2048m -Dfile.encoding=UTF-8 -Duser.country=US -Duser.language=en -Duser.variant 
java_command: org.gradle.launcher.daemon.bootstrap.GradleDaemon 7.0.2
java_class_path (initial): C:\Users\Admin\.gradle\wrapper\dists\gradle-7.0.2-bin\857tjihv64xamwrf0h14cai3r\gradle-7.0.2\lib\gradle-launcher-7.0.2.jar
Launcher Type: SUN_STANDARD

[Global flags]
     intx CICompilerCount                          = 4                                         {product} {ergonomic}
     uint ConcGCThreads                            = 2                                         {product} {ergonomic}
     uint G1ConcRefinementThreads                  = 8                                         {product} {ergonomic}
   size_t G1HeapRegionSize                         = 1048576                                   {product} {ergonomic}
    uintx GCDrainStackTargetSize                   = 64                                        {product} {ergonomic}
   size_t InitialHeapSize                          = 132120576                                 {product} {ergonomic}
   size_t MarkStackSize                            = 4194304                                   {product} {ergonomic}
   size_t MaxHeapSize                              = 2147483648                                {product} {command line}
   size_t MaxNewSize                               = 1287651328                                {product} {ergonomic}
   size_t MinHeapDeltaBytes                        = 1048576                                   {product} {ergonomic}
    uintx NonNMethodCodeHeapSize                   = 5836300                                {pd product} {ergonomic}
    uintx NonProfiledCodeHeapSize                  = 122910970                              {pd product} {ergonomic}
    uintx ProfiledCodeHeapSize                     = 122910970                              {pd product} {ergonomic}
    uintx ReservedCodeCacheSize                    = 251658240                              {pd product} {ergonomic}
     bool SegmentedCodeCache                       = true                                      {product} {ergonomic}
     bool UseCompressedClassPointers               = true                                 {lp64_product} {ergonomic}
     bool UseCompressedOops                        = true                                 {lp64_product} {ergonomic}
     bool UseG1GC                                  = true                                      {product} {ergonomic}
     bool UseLargePagesIndividualAllocation        = false                                  {pd product} {ergonomic}

Logging:
Log output configuration:
 #0: stdout all=warning uptime,level,tags
 #1: stderr all=off uptime,level,tags

Environment Variables:
PATH=C:\Program Files (x86)\Common Files\Oracle\Java\javapath;C:\Program Files\Common Files\Oracle\Java\javapath;C:\ProgramData\Oracle\Java\javapath;C:\WINDOWS\system32;C:\WINDOWS;C:\WINDOWS\System32\Wbem;C:\WINDOWS\System32\WindowsPowerShell\v1.0\;C:\WINDOWS\System32\OpenSSH\;C:\Program Files\Java\jdk-14\bin;C:\Program Files\Git\cmd;C:\Program Files\nodejs\;C:\Users\Admin\AppData\Local\Microsoft\WindowsApps;C:\Users\Admin\AppData\Roaming\npm;
USERNAME=Admin
OS=Windows_NT
PROCESSOR_IDENTIFIER=Intel64 Family 6 Model 142 Stepping 10, GenuineIntel



---------------  S Y S T E M  ---------------

OS: Windows 10 , 64 bit Build 19041 (10.0.19041.1202)
OS uptime: 0 days 8:53 hours

CPU:total 8 (initial active 8) (4 cores per cpu, 2 threads per core) family 6 model 142 stepping 10 microcode 0xb4, cmov, cx8, fxsr, mmx, sse, sse2, sse3, ssse3, sse4.1, sse4.2, popcnt, avx, avx2, aes, clmul, erms, 3dnowpref, lzcnt, ht, tsc, tscinvbit, bmi1, bmi2, adx, fma

Memory: 4k page, system-wide physical 8026M (1208M free)
TotalPageFile size 9050M (AvailPageFile size 2M)
current process WorkingSet (physical memory assigned to process): 287M, peak: 291M
current process commit charge ("private bytes"): 338M, peak: 343M

vm_info: OpenJDK 64-Bit Server VM (11.0.10+0-b96-7249189) for windows-amd64 JRE (11.0.10+0-b96-7249189), built on Mar 31 2021 21:44:00 by "builder" with MS VC++ 14.0 (VS2015)

END.
