#
# There is insufficient memory for the Java Runtime Environment to continue.
# Native memory allocation (malloc) failed to allocate 131088 bytes for Chunk::new
# Possible reasons:
#   The system is out of physical RAM or swap space
#   The process is running with CompressedOops enabled, and the Java Heap may be blocking the growth of the native heap
# Possible solutions:
#   Reduce memory load on the system
#   Increase physical memory or swap space
#   Check if swap backing store is full
#   Decrease Java heap size (-Xmx/-Xms)
#   Decrease number of Java threads
#   Decrease Java thread stack sizes (-Xss)
#   Set larger code cache with -XX:ReservedCodeCacheSize=
#   JVM is running with Unscaled Compressed Oops mode in which the Java heap is
#     placed in the first 4GB address space. The Java Heap base address is the
#     maximum limit for the native heap growth. Please use -XX:HeapBaseMinAddress
#     to set the Java Heap base and to place the Java Heap above 4GB virtual address.
# This output file may be truncated or incomplete.
#
#  Out of Memory Error (./src/hotspot/share/memory/arena.cpp:197), pid=2804, tid=13068
#
# JRE version: OpenJDK Runtime Environment (11.0.10) (build 11.0.10+0-b96-7249189)
# Java VM: OpenJDK 64-Bit Server VM (11.0.10+0-b96-7249189, mixed mode, tiered, compressed oops, g1 gc, windows-amd64)
# No core dump will be written. Minidumps are not enabled by default on client versions of Windows
#

---------------  S U M M A R Y ------------

Command Line: --add-opens=java.base/java.util=ALL-UNNAMED --add-opens=java.base/java.lang=ALL-UNNAMED --add-opens=java.base/java.lang.invoke=ALL-UNNAMED --add-opens=java.base/java.util=ALL-UNNAMED --add-opens=java.prefs/java.util.prefs=ALL-UNNAMED --add-opens=java.prefs/java.util.prefs=ALL-UNNAMED --add-opens=java.base/java.nio.charset=ALL-UNNAMED --add-opens=java.base/java.net=ALL-UNNAMED --add-opens=java.base/java.util.concurrent.atomic=ALL-UNNAMED -Xmx2048m -Dfile.encoding=UTF-8 -Duser.country=US -Duser.language=en -Duser.variant org.gradle.launcher.daemon.bootstrap.GradleDaemon 7.0.2

Host: Intel(R) Core(TM) i7-8550U CPU @ 1.80GHz, 8 cores, 7G,  Windows 10 , 64 bit Build 19041 (10.0.19041.1202)
Time: Mon Oct 25 18:00:02 2021 Arab Standard Time elapsed time: 23.172417 seconds (0d 0h 0m 23s)

---------------  T H R E A D  ---------------

Current thread (0x000002cbc5b88000):  JavaThread "C2 CompilerThread1" daemon [_thread_in_native, id=13068, stack(0x000000d944700000,0x000000d944800000)]


Current CompileTask:
C2:  23172 5577   !   4       com.google.common.reflect.TypeVisitor::visit (225 bytes)

Stack: [0x000000d944700000,0x000000d944800000]
Native frames: (J=compiled Java code, j=interpreted, Vv=VM code, C=native code)
V  [jvm.dll+0x5ecfaa]
V  [jvm.dll+0x722bd5]
V  [jvm.dll+0x72412d]
V  [jvm.dll+0x7247e3]
V  [jvm.dll+0x242928]
V  [jvm.dll+0xbc4fc]
V  [jvm.dll+0xbca0c]
V  [jvm.dll+0x61903c]
V  [jvm.dll+0x619362]
V  [jvm.dll+0x61aa74]
V  [jvm.dll+0x61972d]
V  [jvm.dll+0x1fc54f]
V  [jvm.dll+0x1fa77f]
V  [jvm.dll+0x18354c]
V  [jvm.dll+0x208ee7]
V  [jvm.dll+0x207731]
V  [jvm.dll+0x6eb1cf]
V  [jvm.dll+0x6e3d45]
V  [jvm.dll+0x5ebe96]
C  [ucrtbase.dll+0x21bb2]
C  [KERNEL32.DLL+0x17034]
C  [ntdll.dll+0x52651]


---------------  P R O C E S S  ---------------

Threads class SMR info:
_java_thread_list=0x000002cbc511c340, length=51, elements={
0x000002cba579d000, 0x000002cbc1cf5000, 0x000002cbc1cf6800, 0x000002cbc2672800,
0x000002cbc1d0d800, 0x000002cbc1d0f800, 0x000002cbc1d1d800, 0x000002cbc1d1e800,
0x000002cbc1d22800, 0x000002cbc27c1000, 0x000002cbc3c34800, 0x000002cbc378c800,
0x000002cbc3c99000, 0x000002cbc3433800, 0x000002cbc52b9800, 0x000002cbc3b45000,
0x000002cbc3b46000, 0x000002cbc2cc1000, 0x000002cbc41d3800, 0x000002cbc55da800,
0x000002cbc55d9000, 0x000002cbc55db800, 0x000002cbc55de000, 0x000002cbc55dd000,
0x000002cbc55d8800, 0x000002cbc55df000, 0x000002cbc55dc800, 0x000002cbc55da000,
0x000002cbc5b88000, 0x000002cbc60c8800, 0x000002cbc5803800, 0x000002cbc60cb000,
0x000002cbc60c9000, 0x000002cbc60ca000, 0x000002cbc60c7000, 0x000002cbc60c7800,
0x000002cbc60d0000, 0x000002cbc60ce000, 0x000002cbc60d0800, 0x000002cbc60d1800,
0x000002cbc60d2000, 0x000002cbc60cc800, 0x000002cbc60cd800, 0x000002cbc60d3000,
0x000002cbc60d4000, 0x000002cbc60cf000, 0x000002cbc6005800, 0x000002cbc6008800,
0x000002cbc6006800, 0x000002cbc600a800, 0x000002cbc6009800
}

Java Threads: ( => current thread )
  0x000002cba579d000 JavaThread "main" [_thread_blocked, id=10052, stack(0x000000d941c00000,0x000000d941d00000)]
  0x000002cbc1cf5000 JavaThread "Reference Handler" daemon [_thread_blocked, id=8924, stack(0x000000d942300000,0x000000d942400000)]
  0x000002cbc1cf6800 JavaThread "Finalizer" daemon [_thread_blocked, id=1672, stack(0x000000d942400000,0x000000d942500000)]
  0x000002cbc2672800 JavaThread "Signal Dispatcher" daemon [_thread_blocked, id=9968, stack(0x000000d942500000,0x000000d942600000)]
  0x000002cbc1d0d800 JavaThread "Attach Listener" daemon [_thread_blocked, id=7776, stack(0x000000d942600000,0x000000d942700000)]
  0x000002cbc1d0f800 JavaThread "Service Thread" daemon [_thread_blocked, id=11100, stack(0x000000d942700000,0x000000d942800000)]
  0x000002cbc1d1d800 JavaThread "C2 CompilerThread0" daemon [_thread_blocked, id=11892, stack(0x000000d942800000,0x000000d942900000)]
  0x000002cbc1d1e800 JavaThread "C1 CompilerThread0" daemon [_thread_blocked, id=608, stack(0x000000d942900000,0x000000d942a00000)]
  0x000002cbc1d22800 JavaThread "Sweeper thread" daemon [_thread_blocked, id=3536, stack(0x000000d942a00000,0x000000d942b00000)]
  0x000002cbc27c1000 JavaThread "Common-Cleaner" daemon [_thread_blocked, id=8856, stack(0x000000d942b00000,0x000000d942c00000)]
  0x000002cbc3c34800 JavaThread "Daemon health stats" [_thread_blocked, id=764, stack(0x000000d943100000,0x000000d943200000)]
  0x000002cbc378c800 JavaThread "Incoming local TCP Connector on port 53077" [_thread_in_native, id=11788, stack(0x000000d942d00000,0x000000d942e00000)]
  0x000002cbc3c99000 JavaThread "Daemon periodic checks" [_thread_blocked, id=1412, stack(0x000000d943000000,0x000000d943100000)]
  0x000002cbc3433800 JavaThread "Daemon" [_thread_blocked, id=6140, stack(0x000000d943200000,0x000000d943300000)]
  0x000002cbc52b9800 JavaThread "Handler for socket connection from /127.0.0.1:53077 to /127.0.0.1:53078" [_thread_in_native, id=7120, stack(0x000000d943300000,0x000000d943400000)]
  0x000002cbc3b45000 JavaThread "Cancel handler" [_thread_blocked, id=12868, stack(0x000000d943400000,0x000000d943500000)]
  0x000002cbc3b46000 JavaThread "Daemon worker" [_thread_in_vm, id=7532, stack(0x000000d943500000,0x000000d943600000)]
  0x000002cbc2cc1000 JavaThread "Asynchronous log dispatcher for DefaultDaemonConnection: socket connection from /127.0.0.1:53077 to /127.0.0.1:53078" [_thread_blocked, id=5700, stack(0x000000d943600000,0x000000d943700000)]
  0x000002cbc41d3800 JavaThread "Stdin handler" [_thread_blocked, id=8260, stack(0x000000d943700000,0x000000d943800000)]
  0x000002cbc55da800 JavaThread "Daemon client event forwarder" [_thread_blocked, id=5336, stack(0x000000d943800000,0x000000d943900000)]
  0x000002cbc55d9000 JavaThread "Cache worker for file hash cache (C:\Users\Admin\.gradle\caches\7.0.2\fileHashes)" [_thread_blocked, id=272, stack(0x000000d943900000,0x000000d943a00000)]
  0x000002cbc55db800 JavaThread "File lock request listener" [_thread_in_native, id=736, stack(0x000000d943f00000,0x000000d944000000)]
  0x000002cbc55de000 JavaThread "Cache worker for journal cache (C:\Users\Admin\.gradle\caches\journal-1)" [_thread_blocked, id=12800, stack(0x000000d944100000,0x000000d944200000)]
  0x000002cbc55dd000 JavaThread "Cache worker for file hash cache (C:\Users\Admin\AndroidStudioProjects\updateProfile2\.gradle\7.0.2\fileHashes)" [_thread_blocked, id=8412, stack(0x000000d944300000,0x000000d944400000)]
  0x000002cbc55d8800 JavaThread "File watcher server" daemon [_thread_in_native, id=12820, stack(0x000000d944400000,0x000000d944500000)]
  0x000002cbc55df000 JavaThread "File watcher consumer" daemon [_thread_blocked, id=8792, stack(0x000000d944500000,0x000000d944600000)]
  0x000002cbc55dc800 JavaThread "Cache worker for checksums cache (C:\Users\Admin\AndroidStudioProjects\updateProfile2\.gradle\checksums)" [_thread_blocked, id=6564, stack(0x000000d944200000,0x000000d944300000)]
  0x000002cbc55da000 JavaThread "Cache worker for cache directory md-supplier (C:\Users\Admin\.gradle\caches\7.0.2\md-supplier)" [_thread_blocked, id=640, stack(0x000000d944600000,0x000000d944700000)]
=>0x000002cbc5b88000 JavaThread "C2 CompilerThread1" daemon [_thread_in_native, id=13068, stack(0x000000d944700000,0x000000d944800000)]
  0x000002cbc60c8800 JavaThread "Cache worker for cache directory md-rule (C:\Users\Admin\.gradle\caches\7.0.2\md-rule)" [_thread_blocked, id=3936, stack(0x000000d944800000,0x000000d944900000)]
  0x000002cbc5803800 JavaThread "C2 CompilerThread2" daemon [_thread_in_native, id=5532, stack(0x000000d944900000,0x000000d944a00000)]
  0x000002cbc60cb000 JavaThread "Cache worker for execution history cache (C:\Users\Admin\.gradle\caches\7.0.2\executionHistory)" [_thread_blocked, id=11048, stack(0x000000d944a00000,0x000000d944b00000)]
  0x000002cbc60c9000 JavaThread "jar transforms" [_thread_blocked, id=12464, stack(0x000000d944b00000,0x000000d944c00000)]
  0x000002cbc60ca000 JavaThread "jar transforms Thread 2" [_thread_blocked, id=4616, stack(0x000000d944c00000,0x000000d944d00000)]
  0x000002cbc60c7000 JavaThread "Cache worker for file content cache (C:\Users\Admin\.gradle\caches\7.0.2\fileContent)" [_thread_blocked, id=9564, stack(0x000000d944d00000,0x000000d944e00000)]
  0x000002cbc60c7800 JavaThread "Cache worker for dependencies-accessors (C:\Users\Admin\AndroidStudioProjects\updateProfile2\.gradle\7.0.2\dependencies-accessors)" [_thread_blocked, id=5704, stack(0x000000d944e00000,0x000000d944f00000)]
  0x000002cbc60d0000 JavaThread "jar transforms Thread 3" [_thread_blocked, id=3796, stack(0x000000d944f00000,0x000000d945000000)]
  0x000002cbc60ce000 JavaThread "Cache worker for Build Output Cleanup Cache (C:\Users\Admin\AndroidStudioProjects\updateProfile2\.gradle\buildOutputCleanup)" [_thread_blocked, id=6812, stack(0x000000d945000000,0x000000d945100000)]
  0x000002cbc60d0800 JavaThread "Build operations" [_thread_blocked, id=7768, stack(0x000000d945100000,0x000000d945200000)]
  0x000002cbc60d1800 JavaThread "Build operations Thread 2" [_thread_blocked, id=3944, stack(0x000000d945200000,0x000000d945300000)]
  0x000002cbc60d2000 JavaThread "Build operations Thread 3" [_thread_blocked, id=4360, stack(0x000000d945300000,0x000000d945400000)]
  0x000002cbc60cc800 JavaThread "Build operations Thread 4" [_thread_blocked, id=12560, stack(0x000000d945400000,0x000000d945500000)]
  0x000002cbc60cd800 JavaThread "Build operations Thread 5" [_thread_blocked, id=10360, stack(0x000000d945500000,0x000000d945600000)]
  0x000002cbc60d3000 JavaThread "Build operations Thread 6" [_thread_blocked, id=9984, stack(0x000000d945600000,0x000000d945700000)]
  0x000002cbc60d4000 JavaThread "Build operations Thread 7" [_thread_blocked, id=9788, stack(0x000000d945700000,0x000000d945800000)]
  0x000002cbc60cf000 JavaThread "Build operations Thread 8" [_thread_blocked, id=2924, stack(0x000000d945800000,0x000000d945900000)]
  0x000002cbc6005800 JavaThread "jar transforms Thread 4" [_thread_blocked, id=9688, stack(0x000000d945900000,0x000000d945a00000)]
  0x000002cbc6008800 JavaThread "jar transforms Thread 5" [_thread_blocked, id=10208, stack(0x000000d945a00000,0x000000d945b00000)]
  0x000002cbc6006800 JavaThread "jar transforms Thread 6" [_thread_blocked, id=8616, stack(0x000000d945b00000,0x000000d945c00000)]
  0x000002cbc600a800 JavaThread "jar transforms Thread 7" [_thread_blocked, id=9276, stack(0x000000d945c00000,0x000000d945d00000)]
  0x000002cbc6009800 JavaThread "jar transforms Thread 8" [_thread_blocked, id=12352, stack(0x000000d945d00000,0x000000d945e00000)]

Other Threads:
  0x000002cbc1cf3800 VMThread "VM Thread" [stack: 0x000000d942200000,0x000000d942300000] [id=9796]
  0x000002cbc27c6800 WatcherThread [stack: 0x000000d942c00000,0x000000d942d00000] [id=11232]
  0x000002cba7897800 GCTaskThread "GC Thread#0" [stack: 0x000000d941d00000,0x000000d941e00000] [id=9848]
  0x000002cbc2a56800 GCTaskThread "GC Thread#1" [stack: 0x000000d942e00000,0x000000d942f00000] [id=4348]
  0x000002cbc2f75000 GCTaskThread "GC Thread#2" [stack: 0x000000d942f00000,0x000000d943000000] [id=4916]
  0x000002cbc41d4800 GCTaskThread "GC Thread#3" [stack: 0x000000d943a00000,0x000000d943b00000] [id=4376]
  0x000002cbc5608800 GCTaskThread "GC Thread#4" [stack: 0x000000d943b00000,0x000000d943c00000] [id=3408]
  0x000002cbc4ef9000 GCTaskThread "GC Thread#5" [stack: 0x000000d943c00000,0x000000d943d00000] [id=12284]
  0x000002cbc4d95000 GCTaskThread "GC Thread#6" [stack: 0x000000d943d00000,0x000000d943e00000] [id=6272]
  0x000002cbc4b8c000 GCTaskThread "GC Thread#7" [stack: 0x000000d943e00000,0x000000d943f00000] [id=7196]
  0x000002cba78c7800 ConcurrentGCThread "G1 Main Marker" [stack: 0x000000d941e00000,0x000000d941f00000] [id=8540]
  0x000002cba78c9800 ConcurrentGCThread "G1 Conc#0" [stack: 0x000000d941f00000,0x000000d942000000] [id=8096]
  0x000002cbc2a4f800 ConcurrentGCThread "G1 Conc#1" [stack: 0x000000d944000000,0x000000d944100000] [id=11812]
  0x000002cbc1b40800 ConcurrentGCThread "G1 Refine#0" [stack: 0x000000d942000000,0x000000d942100000] [id=11192]
  0x000002cbc1b41000 ConcurrentGCThread "G1 Young RemSet Sampling" [stack: 0x000000d942100000,0x000000d942200000] [id=7324]

Threads with active compile tasks:
C2 CompilerThread1  23259 5577   !   4       com.google.common.reflect.TypeVisitor::visit (225 bytes)
C2 CompilerThread2  23259 5554       4       org.objectweb.asm.Frame::execute (2318 bytes)

VM state:not at safepoint (normal execution)

VM Mutex/Monitor currently owned by a thread: None

Heap address: 0x0000000080000000, size: 2048 MB, Compressed Oops mode: 32-bit
Narrow klass base: 0x0000000000000000, Narrow klass shift: 3
Compressed class space size: 1073741824 Address: 0x0000000100000000

Heap:
 garbage-first heap   total 155648K, used 43693K [0x0000000080000000, 0x0000000100000000)
  region size 1024K, 4 young (4096K), 3 survivors (3072K)
 Metaspace       used 57103K, capacity 58571K, committed 58620K, reserved 1107968K
  class space    used 7255K, capacity 7785K, committed 7808K, reserved 1048576K
Heap Regions: E=young(eden), S=young(survivor), O=old, HS=humongous(starts), HC=humongous(continues), CS=collection set, F=free, A=archive, TAMS=top-at-mark-start (previous, next)
|   0|0x0000000080000000, 0x0000000080100000, 0x0000000080100000|100%| O|  |TAMS 0x0000000080100000, 0x0000000080100000| Untracked 
|   1|0x0000000080100000, 0x0000000080200000, 0x0000000080200000|100%| O|  |TAMS 0x0000000080200000, 0x0000000080200000| Untracked 
|   2|0x0000000080200000, 0x0000000080300000, 0x0000000080300000|100%| O|  |TAMS 0x0000000080300000, 0x0000000080300000| Untracked 
|   3|0x0000000080300000, 0x0000000080400000, 0x0000000080400000|100%|HS|  |TAMS 0x0000000080400000, 0x0000000080400000| Complete 
|   4|0x0000000080400000, 0x0000000080500000, 0x0000000080500000|100%|HC|  |TAMS 0x0000000080500000, 0x0000000080500000| Complete 
|   5|0x0000000080500000, 0x0000000080600000, 0x0000000080600000|100%|HC|  |TAMS 0x0000000080600000, 0x0000000080600000| Complete 
|   6|0x0000000080600000, 0x0000000080700000, 0x0000000080700000|100%| O|  |TAMS 0x0000000080700000, 0x0000000080700000| Untracked 
|   7|0x0000000080700000, 0x0000000080800000, 0x0000000080800000|100%| O|  |TAMS 0x0000000080800000, 0x0000000080800000| Untracked 
|   8|0x0000000080800000, 0x0000000080900000, 0x0000000080900000|100%| O|  |TAMS 0x0000000080900000, 0x0000000080900000| Untracked 
|   9|0x0000000080900000, 0x0000000080a00000, 0x0000000080a00000|100%| O|  |TAMS 0x0000000080a00000, 0x0000000080a00000| Untracked 
|  10|0x0000000080a00000, 0x0000000080b00000, 0x0000000080b00000|100%| O|  |TAMS 0x0000000080b00000, 0x0000000080b00000| Untracked 
|  11|0x0000000080b00000, 0x0000000080c00000, 0x0000000080c00000|100%| O|  |TAMS 0x0000000080c00000, 0x0000000080c00000| Untracked 
|  12|0x0000000080c00000, 0x0000000080d00000, 0x0000000080d00000|100%| O|  |TAMS 0x0000000080d00000, 0x0000000080d00000| Untracked 
|  13|0x0000000080d00000, 0x0000000080e00000, 0x0000000080e00000|100%| O|  |TAMS 0x0000000080e00000, 0x0000000080e00000| Untracked 
|  14|0x0000000080e00000, 0x0000000080f00000, 0x0000000080f00000|100%| O|  |TAMS 0x0000000080f00000, 0x0000000080f00000| Untracked 
|  15|0x0000000080f00000, 0x0000000081000000, 0x0000000081000000|100%| O|  |TAMS 0x0000000080f81a00, 0x0000000081000000| Untracked 
|  16|0x0000000081000000, 0x0000000081100000, 0x0000000081100000|100%|HS|  |TAMS 0x0000000081000000, 0x0000000081100000| Complete 
|  17|0x0000000081100000, 0x0000000081200000, 0x0000000081200000|100%| O|  |TAMS 0x0000000081100000, 0x0000000081200000| Untracked 
|  18|0x0000000081200000, 0x0000000081300000, 0x0000000081300000|100%| O|  |TAMS 0x0000000081200000, 0x0000000081300000| Untracked 
|  19|0x0000000081300000, 0x0000000081400000, 0x0000000081400000|100%| O|  |TAMS 0x0000000081300000, 0x0000000081400000| Untracked 
|  20|0x0000000081400000, 0x0000000081500000, 0x0000000081500000|100%| O|  |TAMS 0x0000000081400000, 0x0000000081500000| Untracked 
|  21|0x0000000081500000, 0x0000000081600000, 0x0000000081600000|100%| O|  |TAMS 0x0000000081500000, 0x0000000081600000| Untracked 
|  22|0x0000000081600000, 0x0000000081700000, 0x0000000081700000|100%| O|  |TAMS 0x0000000081600000, 0x0000000081700000| Untracked 
|  23|0x0000000081700000, 0x0000000081800000, 0x0000000081800000|100%| O|  |TAMS 0x0000000081700000, 0x0000000081800000| Untracked 
|  24|0x0000000081800000, 0x0000000081900000, 0x0000000081900000|100%| O|  |TAMS 0x0000000081800000, 0x0000000081900000| Untracked 
|  25|0x0000000081900000, 0x0000000081a00000, 0x0000000081a00000|100%| O|  |TAMS 0x0000000081900000, 0x0000000081a00000| Untracked 
|  26|0x0000000081a00000, 0x0000000081b00000, 0x0000000081b00000|100%| O|  |TAMS 0x0000000081a00000, 0x0000000081b00000| Untracked 
|  27|0x0000000081b00000, 0x0000000081c00000, 0x0000000081c00000|100%|HS|  |TAMS 0x0000000081b00000, 0x0000000081c00000| Complete 
|  28|0x0000000081c00000, 0x0000000081d00000, 0x0000000081d00000|100%|HS|  |TAMS 0x0000000081c00000, 0x0000000081d00000| Complete 
|  29|0x0000000081d00000, 0x0000000081e00000, 0x0000000081e00000|100%|HC|  |TAMS 0x0000000081d00000, 0x0000000081e00000| Complete 
|  30|0x0000000081e00000, 0x0000000081f00000, 0x0000000081f00000|100%| O|  |TAMS 0x0000000081e00000, 0x0000000081f00000| Untracked 
|  31|0x0000000081f00000, 0x0000000082000000, 0x0000000082000000|100%| O|  |TAMS 0x0000000081f00000, 0x0000000082000000| Untracked 
|  32|0x0000000082000000, 0x0000000082100000, 0x0000000082100000|100%| O|  |TAMS 0x0000000082000000, 0x0000000082100000| Untracked 
|  33|0x0000000082100000, 0x0000000082200000, 0x0000000082200000|100%| O|  |TAMS 0x0000000082100000, 0x0000000082200000| Untracked 
|  34|0x0000000082200000, 0x0000000082300000, 0x0000000082300000|100%| O|  |TAMS 0x0000000082200000, 0x0000000082300000| Untracked 
|  35|0x0000000082300000, 0x0000000082400000, 0x0000000082400000|100%| O|  |TAMS 0x0000000082300000, 0x0000000082400000| Untracked 
|  36|0x0000000082400000, 0x0000000082500000, 0x0000000082500000|100%| O|  |TAMS 0x0000000082400000, 0x0000000082500000| Untracked 
|  37|0x0000000082500000, 0x0000000082600000, 0x0000000082600000|100%| O|  |TAMS 0x0000000082500000, 0x0000000082600000| Untracked 
|  38|0x0000000082600000, 0x0000000082700000, 0x0000000082700000|100%| O|  |TAMS 0x0000000082600000, 0x0000000082700000| Untracked 
|  39|0x0000000082700000, 0x0000000082800000, 0x0000000082800000|100%| O|  |TAMS 0x0000000082700000, 0x0000000082800000| Untracked 
|  40|0x0000000082800000, 0x000000008288d000, 0x0000000082900000| 55%| O|  |TAMS 0x0000000082800000, 0x000000008288d000| Untracked 
|  41|0x0000000082900000, 0x0000000082900000, 0x0000000082a00000|  0%| F|  |TAMS 0x0000000082900000, 0x0000000082900000| Untracked 
|  42|0x0000000082a00000, 0x0000000082a00000, 0x0000000082b00000|  0%| F|  |TAMS 0x0000000082a00000, 0x0000000082a00000| Untracked 
|  43|0x0000000082b00000, 0x0000000082b00000, 0x0000000082c00000|  0%| F|  |TAMS 0x0000000082b00000, 0x0000000082b00000| Untracked 
|  44|0x0000000082c00000, 0x0000000082c00000, 0x0000000082d00000|  0%| F|  |TAMS 0x0000000082c00000, 0x0000000082c00000| Untracked 
|  45|0x0000000082d00000, 0x0000000082d00000, 0x0000000082e00000|  0%| F|  |TAMS 0x0000000082d00000, 0x0000000082d00000| Untracked 
|  46|0x0000000082e00000, 0x0000000082e00000, 0x0000000082f00000|  0%| F|  |TAMS 0x0000000082e00000, 0x0000000082e00000| Untracked 
|  47|0x0000000082f00000, 0x0000000082f00000, 0x0000000083000000|  0%| F|  |TAMS 0x0000000082f00000, 0x0000000082f00000| Untracked 
|  48|0x0000000083000000, 0x0000000083000000, 0x0000000083100000|  0%| F|  |TAMS 0x0000000083000000, 0x0000000083000000| Untracked 
|  49|0x0000000083100000, 0x0000000083100000, 0x0000000083200000|  0%| F|  |TAMS 0x0000000083100000, 0x0000000083100000| Untracked 
|  50|0x0000000083200000, 0x0000000083200000, 0x0000000083300000|  0%| F|  |TAMS 0x0000000083200000, 0x0000000083200000| Untracked 
|  51|0x0000000083300000, 0x0000000083300000, 0x0000000083400000|  0%| F|  |TAMS 0x0000000083300000, 0x0000000083300000| Untracked 
|  52|0x0000000083400000, 0x0000000083400000, 0x0000000083500000|  0%| F|  |TAMS 0x0000000083400000, 0x0000000083400000| Untracked 
|  53|0x0000000083500000, 0x0000000083500000, 0x0000000083600000|  0%| F|  |TAMS 0x0000000083500000, 0x0000000083500000| Untracked 
|  54|0x0000000083600000, 0x0000000083600000, 0x0000000083700000|  0%| F|  |TAMS 0x0000000083600000, 0x0000000083600000| Untracked 
|  55|0x0000000083700000, 0x0000000083700000, 0x0000000083800000|  0%| F|  |TAMS 0x0000000083700000, 0x0000000083700000| Untracked 
|  56|0x0000000083800000, 0x0000000083800000, 0x0000000083900000|  0%| F|  |TAMS 0x0000000083800000, 0x0000000083800000| Untracked 
|  57|0x0000000083900000, 0x0000000083900000, 0x0000000083a00000|  0%| F|  |TAMS 0x0000000083900000, 0x0000000083900000| Untracked 
|  58|0x0000000083a00000, 0x0000000083a00000, 0x0000000083b00000|  0%| F|  |TAMS 0x0000000083a00000, 0x0000000083a00000| Untracked 
|  59|0x0000000083b00000, 0x0000000083b00000, 0x0000000083c00000|  0%| F|  |TAMS 0x0000000083b00000, 0x0000000083b00000| Untracked 
|  60|0x0000000083c00000, 0x0000000083c00000, 0x0000000083d00000|  0%| F|  |TAMS 0x0000000083c00000, 0x0000000083c00000| Untracked 
|  61|0x0000000083d00000, 0x0000000083d00000, 0x0000000083e00000|  0%| F|  |TAMS 0x0000000083d00000, 0x0000000083d00000| Untracked 
|  62|0x0000000083e00000, 0x0000000083e00000, 0x0000000083f00000|  0%| F|  |TAMS 0x0000000083e00000, 0x0000000083e00000| Untracked 
|  63|0x0000000083f00000, 0x0000000083f00000, 0x0000000084000000|  0%| F|  |TAMS 0x0000000083f00000, 0x0000000083f00000| Untracked 
|  64|0x0000000084000000, 0x0000000084000000, 0x0000000084100000|  0%| F|  |TAMS 0x0000000084000000, 0x0000000084000000| Untracked 
|  65|0x0000000084100000, 0x0000000084100000, 0x0000000084200000|  0%| F|  |TAMS 0x0000000084100000, 0x0000000084100000| Untracked 
|  66|0x0000000084200000, 0x0000000084200000, 0x0000000084300000|  0%| F|  |TAMS 0x0000000084200000, 0x0000000084200000| Untracked 
|  67|0x0000000084300000, 0x0000000084300000, 0x0000000084400000|  0%| F|  |TAMS 0x0000000084300000, 0x0000000084300000| Untracked 
|  68|0x0000000084400000, 0x0000000084400000, 0x0000000084500000|  0%| F|  |TAMS 0x0000000084400000, 0x0000000084400000| Untracked 
|  69|0x0000000084500000, 0x0000000084500000, 0x0000000084600000|  0%| F|  |TAMS 0x0000000084500000, 0x0000000084500000| Untracked 
|  70|0x0000000084600000, 0x0000000084600000, 0x0000000084700000|  0%| F|  |TAMS 0x0000000084600000, 0x0000000084600000| Untracked 
|  71|0x0000000084700000, 0x0000000084700000, 0x0000000084800000|  0%| F|  |TAMS 0x0000000084700000, 0x0000000084700000| Untracked 
|  72|0x0000000084800000, 0x0000000084800000, 0x0000000084900000|  0%| F|  |TAMS 0x0000000084800000, 0x0000000084800000| Untracked 
|  73|0x0000000084900000, 0x0000000084900000, 0x0000000084a00000|  0%| F|  |TAMS 0x0000000084900000, 0x0000000084900000| Untracked 
|  74|0x0000000084a00000, 0x0000000084a00000, 0x0000000084b00000|  0%| F|  |TAMS 0x0000000084a00000, 0x0000000084a00000| Untracked 
|  75|0x0000000084b00000, 0x0000000084b00000, 0x0000000084c00000|  0%| F|  |TAMS 0x0000000084b00000, 0x0000000084b00000| Untracked 
|  76|0x0000000084c00000, 0x0000000084c00000, 0x0000000084d00000|  0%| F|  |TAMS 0x0000000084c00000, 0x0000000084c00000| Untracked 
|  77|0x0000000084d00000, 0x0000000084d00000, 0x0000000084e00000|  0%| F|  |TAMS 0x0000000084d00000, 0x0000000084d00000| Untracked 
|  78|0x0000000084e00000, 0x0000000084e00000, 0x0000000084f00000|  0%| F|  |TAMS 0x0000000084e00000, 0x0000000084e00000| Untracked 
|  79|0x0000000084f00000, 0x0000000084f00000, 0x0000000085000000|  0%| F|  |TAMS 0x0000000084f00000, 0x0000000084f00000| Untracked 
|  80|0x0000000085000000, 0x0000000085000000, 0x0000000085100000|  0%| F|  |TAMS 0x0000000085000000, 0x0000000085000000| Untracked 
|  81|0x0000000085100000, 0x0000000085100000, 0x0000000085200000|  0%| F|  |TAMS 0x0000000085100000, 0x0000000085100000| Untracked 
|  82|0x0000000085200000, 0x0000000085200000, 0x0000000085300000|  0%| F|  |TAMS 0x0000000085200000, 0x0000000085200000| Untracked 
|  83|0x0000000085300000, 0x0000000085300000, 0x0000000085400000|  0%| F|  |TAMS 0x0000000085300000, 0x0000000085300000| Untracked 
|  84|0x0000000085400000, 0x0000000085400000, 0x0000000085500000|  0%| F|  |TAMS 0x0000000085400000, 0x0000000085400000| Untracked 
|  85|0x0000000085500000, 0x0000000085500000, 0x0000000085600000|  0%| F|  |TAMS 0x0000000085500000, 0x0000000085500000| Untracked 
|  86|0x0000000085600000, 0x0000000085600000, 0x0000000085700000|  0%| F|  |TAMS 0x0000000085600000, 0x0000000085600000| Untracked 
|  87|0x0000000085700000, 0x0000000085700000, 0x0000000085800000|  0%| F|  |TAMS 0x0000000085700000, 0x0000000085700000| Untracked 
|  88|0x0000000085800000, 0x0000000085800000, 0x0000000085900000|  0%| F|  |TAMS 0x0000000085800000, 0x0000000085800000| Untracked 
|  89|0x0000000085900000, 0x0000000085900000, 0x0000000085a00000|  0%| F|  |TAMS 0x0000000085900000, 0x0000000085900000| Untracked 
|  90|0x0000000085a00000, 0x0000000085a00000, 0x0000000085b00000|  0%| F|  |TAMS 0x0000000085a00000, 0x0000000085a00000| Untracked 
|  91|0x0000000085b00000, 0x0000000085b00000, 0x0000000085c00000|  0%| F|  |TAMS 0x0000000085b00000, 0x0000000085b00000| Untracked 
|  92|0x0000000085c00000, 0x0000000085c00000, 0x0000000085d00000|  0%| F|  |TAMS 0x0000000085c00000, 0x0000000085c00000| Untracked 
|  93|0x0000000085d00000, 0x0000000085d00000, 0x0000000085e00000|  0%| F|  |TAMS 0x0000000085d00000, 0x0000000085d00000| Untracked 
|  94|0x0000000085e00000, 0x0000000085e00000, 0x0000000085f00000|  0%| F|  |TAMS 0x0000000085e00000, 0x0000000085e00000| Untracked 
|  95|0x0000000085f00000, 0x0000000085f00000, 0x0000000086000000|  0%| F|  |TAMS 0x0000000085f00000, 0x0000000085f00000| Untracked 
|  96|0x0000000086000000, 0x000000008601e778, 0x0000000086100000| 11%| S|CS|TAMS 0x0000000086000000, 0x0000000086000000| Complete 
|  97|0x0000000086100000, 0x0000000086200000, 0x0000000086200000|100%| S|CS|TAMS 0x0000000086100000, 0x0000000086100000| Complete 
|  98|0x0000000086200000, 0x0000000086300000, 0x0000000086300000|100%| S|CS|TAMS 0x0000000086200000, 0x0000000086200000| Complete 
|  99|0x0000000086300000, 0x0000000086300000, 0x0000000086400000|  0%| F|  |TAMS 0x0000000086300000, 0x0000000086300000| Untracked 
| 100|0x0000000086400000, 0x0000000086400000, 0x0000000086500000|  0%| F|  |TAMS 0x0000000086400000, 0x0000000086400000| Untracked 
| 101|0x0000000086500000, 0x0000000086500000, 0x0000000086600000|  0%| F|  |TAMS 0x0000000086500000, 0x0000000086500000| Untracked 
| 102|0x0000000086600000, 0x0000000086600000, 0x0000000086700000|  0%| F|  |TAMS 0x0000000086600000, 0x0000000086600000| Untracked 
| 103|0x0000000086700000, 0x0000000086700000, 0x0000000086800000|  0%| F|  |TAMS 0x0000000086700000, 0x0000000086700000| Untracked 
| 104|0x0000000086800000, 0x0000000086800000, 0x0000000086900000|  0%| F|  |TAMS 0x0000000086800000, 0x0000000086800000| Untracked 
| 105|0x0000000086900000, 0x0000000086900000, 0x0000000086a00000|  0%| F|  |TAMS 0x0000000086900000, 0x0000000086900000| Untracked 
| 106|0x0000000086a00000, 0x0000000086a00000, 0x0000000086b00000|  0%| F|  |TAMS 0x0000000086a00000, 0x0000000086a00000| Untracked 
| 107|0x0000000086b00000, 0x0000000086b00000, 0x0000000086c00000|  0%| F|  |TAMS 0x0000000086b00000, 0x0000000086b00000| Untracked 
| 108|0x0000000086c00000, 0x0000000086c00000, 0x0000000086d00000|  0%| F|  |TAMS 0x0000000086c00000, 0x0000000086c00000| Untracked 
| 109|0x0000000086d00000, 0x0000000086d00000, 0x0000000086e00000|  0%| F|  |TAMS 0x0000000086d00000, 0x0000000086d00000| Untracked 
| 110|0x0000000086e00000, 0x0000000086e00000, 0x0000000086f00000|  0%| F|  |TAMS 0x0000000086e00000, 0x0000000086e00000| Untracked 
| 111|0x0000000086f00000, 0x0000000086f00000, 0x0000000087000000|  0%| F|  |TAMS 0x0000000086f00000, 0x0000000086f00000| Untracked 
| 112|0x0000000087000000, 0x0000000087000000, 0x0000000087100000|  0%| F|  |TAMS 0x0000000087000000, 0x0000000087000000| Untracked 
| 113|0x0000000087100000, 0x0000000087100000, 0x0000000087200000|  0%| F|  |TAMS 0x0000000087100000, 0x0000000087100000| Untracked 
| 114|0x0000000087200000, 0x0000000087200000, 0x0000000087300000|  0%| F|  |TAMS 0x0000000087200000, 0x0000000087200000| Untracked 
| 115|0x0000000087300000, 0x0000000087300000, 0x0000000087400000|  0%| F|  |TAMS 0x0000000087300000, 0x0000000087300000| Untracked 
| 116|0x0000000087400000, 0x0000000087400000, 0x0000000087500000|  0%| F|  |TAMS 0x0000000087400000, 0x0000000087400000| Untracked 
| 117|0x0000000087500000, 0x0000000087500000, 0x0000000087600000|  0%| F|  |TAMS 0x0000000087500000, 0x0000000087500000| Untracked 
| 118|0x0000000087600000, 0x0000000087600000, 0x0000000087700000|  0%| F|  |TAMS 0x0000000087600000, 0x0000000087600000| Untracked 
| 119|0x0000000087700000, 0x0000000087700000, 0x0000000087800000|  0%| F|  |TAMS 0x0000000087700000, 0x0000000087700000| Untracked 
| 120|0x0000000087800000, 0x0000000087800000, 0x0000000087900000|  0%| F|  |TAMS 0x0000000087800000, 0x0000000087800000| Untracked 
| 121|0x0000000087900000, 0x0000000087900000, 0x0000000087a00000|  0%| F|  |TAMS 0x0000000087900000, 0x0000000087900000| Untracked 
| 122|0x0000000087a00000, 0x0000000087a00000, 0x0000000087b00000|  0%| F|  |TAMS 0x0000000087a00000, 0x0000000087a00000| Untracked 
| 123|0x0000000087b00000, 0x0000000087b00000, 0x0000000087c00000|  0%| F|  |TAMS 0x0000000087b00000, 0x0000000087b00000| Untracked 
| 124|0x0000000087c00000, 0x0000000087c00000, 0x0000000087d00000|  0%| F|  |TAMS 0x0000000087c00000, 0x0000000087c00000| Untracked 
| 125|0x0000000087d00000, 0x0000000087d00000, 0x0000000087e00000|  0%| F|  |TAMS 0x0000000087d00000, 0x0000000087d00000| Untracked 
| 126|0x0000000087e00000, 0x0000000087e00000, 0x0000000087f00000|  0%| F|  |TAMS 0x0000000087e00000, 0x0000000087e00000| Untracked 
| 127|0x0000000087f00000, 0x0000000087f00000, 0x0000000088000000|  0%| F|  |TAMS 0x0000000087f00000, 0x0000000087f00000| Untracked 
| 128|0x0000000088000000, 0x0000000088000000, 0x0000000088100000|  0%| F|  |TAMS 0x0000000088000000, 0x0000000088000000| Untracked 
| 129|0x0000000088100000, 0x0000000088100000, 0x0000000088200000|  0%| F|  |TAMS 0x0000000088100000, 0x0000000088100000| Untracked 
| 130|0x0000000088200000, 0x0000000088200000, 0x0000000088300000|  0%| F|  |TAMS 0x0000000088200000, 0x0000000088200000| Untracked 
| 131|0x0000000088300000, 0x0000000088300000, 0x0000000088400000|  0%| F|  |TAMS 0x0000000088300000, 0x0000000088300000| Untracked 
| 132|0x0000000088400000, 0x0000000088400000, 0x0000000088500000|  0%| F|  |TAMS 0x0000000088400000, 0x0000000088400000| Untracked 
| 133|0x0000000088500000, 0x0000000088500000, 0x0000000088600000|  0%| F|  |TAMS 0x0000000088500000, 0x0000000088500000| Untracked 
| 134|0x0000000088600000, 0x0000000088600000, 0x0000000088700000|  0%| F|  |TAMS 0x0000000088600000, 0x0000000088600000| Untracked 
| 135|0x0000000088700000, 0x0000000088700000, 0x0000000088800000|  0%| F|  |TAMS 0x0000000088700000, 0x0000000088700000| Untracked 
| 136|0x0000000088800000, 0x0000000088800000, 0x0000000088900000|  0%| F|  |TAMS 0x0000000088800000, 0x0000000088800000| Untracked 
| 137|0x0000000088900000, 0x0000000088900000, 0x0000000088a00000|  0%| F|  |TAMS 0x0000000088900000, 0x0000000088900000| Untracked 
| 138|0x0000000088a00000, 0x0000000088a00000, 0x0000000088b00000|  0%| F|  |TAMS 0x0000000088a00000, 0x0000000088a00000| Untracked 
| 139|0x0000000088b00000, 0x0000000088b00000, 0x0000000088c00000|  0%| F|  |TAMS 0x0000000088b00000, 0x0000000088b00000| Untracked 
| 140|0x0000000088c00000, 0x0000000088c00000, 0x0000000088d00000|  0%| F|  |TAMS 0x0000000088c00000, 0x0000000088c00000| Untracked 
| 141|0x0000000088d00000, 0x0000000088d00000, 0x0000000088e00000|  0%| F|  |TAMS 0x0000000088d00000, 0x0000000088d00000| Untracked 
| 142|0x0000000088e00000, 0x0000000088e00000, 0x0000000088f00000|  0%| F|  |TAMS 0x0000000088e00000, 0x0000000088e00000| Untracked 
| 143|0x0000000088f00000, 0x0000000088f00000, 0x0000000089000000|  0%| F|  |TAMS 0x0000000088f00000, 0x0000000088f00000| Untracked 
| 144|0x0000000089000000, 0x0000000089000000, 0x0000000089100000|  0%| F|  |TAMS 0x0000000089000000, 0x0000000089000000| Untracked 
| 145|0x0000000089100000, 0x0000000089100000, 0x0000000089200000|  0%| F|  |TAMS 0x0000000089100000, 0x0000000089100000| Untracked 
| 146|0x0000000089200000, 0x0000000089200000, 0x0000000089300000|  0%| F|  |TAMS 0x0000000089200000, 0x0000000089200000| Untracked 
| 147|0x0000000089300000, 0x0000000089300000, 0x0000000089400000|  0%| F|  |TAMS 0x0000000089300000, 0x0000000089300000| Untracked 
| 148|0x0000000089400000, 0x0000000089400000, 0x0000000089500000|  0%| F|  |TAMS 0x0000000089400000, 0x0000000089400000| Untracked 
| 149|0x0000000089500000, 0x0000000089500000, 0x0000000089600000|  0%| F|  |TAMS 0x0000000089500000, 0x0000000089500000| Untracked 
| 150|0x0000000089600000, 0x0000000089600000, 0x0000000089700000|  0%| F|  |TAMS 0x0000000089600000, 0x0000000089600000| Untracked 
| 151|0x0000000089700000, 0x00000000897864f8, 0x0000000089800000| 52%| E|  |TAMS 0x0000000089700000, 0x0000000089700000| Complete 

Card table byte_map: [0x000002cbbaaa0000,0x000002cbbaea0000] _byte_map_base: 0x000002cbba6a0000

Marking Bits (Prev, Next): (CMBitMap*) 0x000002cba78be8e8, (CMBitMap*) 0x000002cba78be920
 Prev Bits: [0x000002cbbb2a0000, 0x000002cbbd2a0000)
 Next Bits: [0x000002cbbd2a0000, 0x000002cbbf2a0000)

Polling page: 0x000002cba5a30000

Metaspace:

Usage:
  Non-class:     49.61 MB capacity,    48.71 MB ( 98%) used,   770.14 KB (  2%) free+waste,   149.50 KB ( <1%) overhead. 
      Class:      7.61 MB capacity,     7.09 MB ( 93%) used,   459.36 KB (  6%) free+waste,    71.00 KB ( <1%) overhead. 
       Both:     57.22 MB capacity,    55.80 MB ( 98%) used,     1.20 MB (  2%) free+waste,   220.50 KB ( <1%) overhead. 

Virtual space:
  Non-class space:       58.00 MB reserved,      49.62 MB ( 86%) committed 
      Class space:        1.00 GB reserved,       7.63 MB ( <1%) committed 
             Both:        1.06 GB reserved,      57.25 MB (  5%) committed 

Chunk freelists:
   Non-Class:  12.00 KB
       Class:  16.00 KB
        Both:  28.00 KB

MaxMetaspaceSize: 17179869184.00 GB
CompressedClassSpaceSize: 1.00 GB

CodeHeap 'non-profiled nmethods': size=120000Kb used=3252Kb max_used=3252Kb free=116747Kb
 bounds [0x000002cbb2e40000, 0x000002cbb3170000, 0x000002cbba370000]
CodeHeap 'profiled nmethods': size=120000Kb used=11624Kb max_used=11624Kb free=108375Kb
 bounds [0x000002cbab910000, 0x000002cbac470000, 0x000002cbb2e40000]
CodeHeap 'non-nmethods': size=5760Kb used=2236Kb max_used=2275Kb free=3523Kb
 bounds [0x000002cbab370000, 0x000002cbab5e0000, 0x000002cbab910000]
 total_blobs=6384 nmethods=5560 adapters=734
 compilation: enabled
              stopped_count=0, restarted_count=0
 full_count=0

Compilation events (20 events):
Event: 23.101 Thread 0x000002cbc1d1e800 nmethod 5587% 0x000002cbac45b690 code [0x000002cbac45bea0, 0x000002cbac461268]
Event: 23.101 Thread 0x000002cbc1d1e800 5589       3       org.objectweb.asm.Frame::addInitializedType (77 bytes)
Event: 23.102 Thread 0x000002cbc1d1e800 nmethod 5589 0x000002cbac462b90 code [0x000002cbac462d80, 0x000002cbac4632a8]
Event: 23.107 Thread 0x000002cbc1d1e800 5590       3       com.google.common.collect.AbstractMapBasedMultimap$WrappedCollection$WrappedIterator::hasNext (14 bytes)
Event: 23.108 Thread 0x000002cbc1d1e800 nmethod 5590 0x000002cbac463490 code [0x000002cbac463680, 0x000002cbac463a88]
Event: 23.110 Thread 0x000002cbc1d1d800 nmethod 5552 0x000002cbb3167810 code [0x000002cbb3167ae0, 0x000002cbb3169b00]
Event: 23.110 Thread 0x000002cbc1d1d800 5569       4       com.google.common.collect.RegularImmutableSet::iterator (5 bytes)
Event: 23.114 Thread 0x000002cbc1d1e800 5591       3       com.google.common.reflect.TypeToken::getCovariantTypeResolver (24 bytes)
Event: 23.115 Thread 0x000002cbc1d1e800 nmethod 5591 0x000002cbac463c10 code [0x000002cbac463e40, 0x000002cbac4645f8]
Event: 23.116 Thread 0x000002cbc1d1e800 5594       3       com.google.common.reflect.TypeToken::of (9 bytes)
Event: 23.117 Thread 0x000002cbc1d1e800 nmethod 5594 0x000002cbac464890 code [0x000002cbac464a80, 0x000002cbac464f48]
Event: 23.117 Thread 0x000002cbc1d1e800 5592       3       java.lang.invoke.BoundMethodHandle::bindArgumentL (11 bytes)
Event: 23.118 Thread 0x000002cbc1d1e800 nmethod 5592 0x000002cbac465190 code [0x000002cbac465380, 0x000002cbac465858]
Event: 23.118 Thread 0x000002cbc1d1e800 5593       3       java.lang.invoke.LambdaFormEditor::bindArgumentL (59 bytes)
Event: 23.118 Thread 0x000002cbc1d1e800 nmethod 5593 0x000002cbac465a90 code [0x000002cbac465c60, 0x000002cbac465ee8]
Event: 23.118 Thread 0x000002cbc1d1e800 5595       3       com.google.common.collect.RegularImmutableMap::createEntrySet (18 bytes)
Event: 23.119 Thread 0x000002cbc1d1e800 nmethod 5595 0x000002cbac466010 code [0x000002cbac4661e0, 0x000002cbac4665d8]
Event: 23.119 Thread 0x000002cbc1d1e800 5596       3       com.google.common.collect.RegularImmutableMap$EntrySet::<init> (26 bytes)
Event: 23.119 Thread 0x000002cbc1d1e800 nmethod 5596 0x000002cbac466790 code [0x000002cbac466960, 0x000002cbac466c98]
Event: 23.122 Thread 0x000002cbc1d1e800 5597       3       org.gradle.api.internal.provider.DefaultPropertyFactory::property (13 bytes)

GC Heap History (16 events):
Event: 2.267 GC heap before
{Heap before GC invocations=0 (full 0):
 garbage-first heap   total 129024K, used 29696K [0x0000000080000000, 0x0000000100000000)
  region size 1024K, 24 young (24576K), 0 survivors (0K)
 Metaspace       used 9813K, capacity 9990K, committed 10112K, reserved 1058816K
  class space    used 1021K, capacity 1102K, committed 1152K, reserved 1048576K
}
Event: 2.282 GC heap after
{Heap after GC invocations=1 (full 0):
 garbage-first heap   total 129024K, used 9305K [0x0000000080000000, 0x0000000100000000)
  region size 1024K, 3 young (3072K), 3 survivors (3072K)
 Metaspace       used 9813K, capacity 9990K, committed 10112K, reserved 1058816K
  class space    used 1021K, capacity 1102K, committed 1152K, reserved 1048576K
}
Event: 9.163 GC heap before
{Heap before GC invocations=1 (full 0):
 garbage-first heap   total 129024K, used 84057K [0x0000000080000000, 0x0000000100000000)
  region size 1024K, 75 young (76800K), 3 survivors (3072K)
 Metaspace       used 17755K, capacity 18155K, committed 18432K, reserved 1064960K
  class space    used 2091K, capacity 2236K, committed 2304K, reserved 1048576K
}
Event: 9.181 GC heap after
{Heap after GC invocations=2 (full 0):
 garbage-first heap   total 129024K, used 15709K [0x0000000080000000, 0x0000000100000000)
  region size 1024K, 10 young (10240K), 10 survivors (10240K)
 Metaspace       used 17755K, capacity 18155K, committed 18432K, reserved 1064960K
  class space    used 2091K, capacity 2236K, committed 2304K, reserved 1048576K
}
Event: 9.876 GC heap before
{Heap before GC invocations=2 (full 0):
 garbage-first heap   total 129024K, used 38237K [0x0000000080000000, 0x0000000100000000)
  region size 1024K, 33 young (33792K), 10 survivors (10240K)
 Metaspace       used 20629K, capacity 21155K, committed 21296K, reserved 1069056K
  class space    used 2513K, capacity 2688K, committed 2688K, reserved 1048576K
}
Event: 9.895 GC heap after
{Heap after GC invocations=3 (full 0):
 garbage-first heap   total 129024K, used 16810K [0x0000000080000000, 0x0000000100000000)
  region size 1024K, 1 young (1024K), 1 survivors (1024K)
 Metaspace       used 20629K, capacity 21155K, committed 21296K, reserved 1069056K
  class space    used 2513K, capacity 2688K, committed 2688K, reserved 1048576K
}
Event: 11.658 GC heap before
{Heap before GC invocations=4 (full 0):
 garbage-first heap   total 129024K, used 81322K [0x0000000080000000, 0x0000000100000000)
  region size 1024K, 64 young (65536K), 1 survivors (1024K)
 Metaspace       used 26665K, capacity 27268K, committed 27568K, reserved 1073152K
  class space    used 3515K, capacity 3755K, committed 3840K, reserved 1048576K
}
Event: 11.666 GC heap after
{Heap after GC invocations=5 (full 0):
 garbage-first heap   total 129024K, used 18703K [0x0000000080000000, 0x0000000100000000)
  region size 1024K, 3 young (3072K), 3 survivors (3072K)
 Metaspace       used 26665K, capacity 27268K, committed 27568K, reserved 1073152K
  class space    used 3515K, capacity 3755K, committed 3840K, reserved 1048576K
}
Event: 13.901 GC heap before
{Heap before GC invocations=5 (full 0):
 garbage-first heap   total 129024K, used 62735K [0x0000000080000000, 0x0000000100000000)
  region size 1024K, 48 young (49152K), 3 survivors (3072K)
 Metaspace       used 34823K, capacity 35644K, committed 35708K, reserved 1081344K
  class space    used 4530K, capacity 4864K, committed 4864K, reserved 1048576K
}
Event: 13.927 GC heap after
{Heap after GC invocations=6 (full 0):
 garbage-first heap   total 129024K, used 22450K [0x0000000080000000, 0x0000000100000000)
  region size 1024K, 7 young (7168K), 7 survivors (7168K)
 Metaspace       used 34823K, capacity 35644K, committed 35708K, reserved 1081344K
  class space    used 4530K, capacity 4864K, committed 4864K, reserved 1048576K
}
Event: 16.149 GC heap before
{Heap before GC invocations=7 (full 0):
 garbage-first heap   total 129024K, used 87986K [0x0000000080000000, 0x0000000100000000)
  region size 1024K, 68 young (69632K), 7 survivors (7168K)
 Metaspace       used 39554K, capacity 40500K, committed 40700K, reserved 1085440K
  class space    used 5050K, capacity 5390K, committed 5504K, reserved 1048576K
}
Event: 16.173 GC heap after
{Heap after GC invocations=8 (full 0):
 garbage-first heap   total 129024K, used 27247K [0x0000000080000000, 0x0000000100000000)
  region size 1024K, 9 young (9216K), 9 survivors (9216K)
 Metaspace       used 39554K, capacity 40500K, committed 40700K, reserved 1085440K
  class space    used 5050K, capacity 5390K, committed 5504K, reserved 1048576K
}
Event: 18.438 GC heap before
{Heap before GC invocations=8 (full 0):
 garbage-first heap   total 129024K, used 89711K [0x0000000080000000, 0x0000000100000000)
  region size 1024K, 69 young (70656K), 9 survivors (9216K)
 Metaspace       used 45172K, capacity 46308K, committed 46588K, reserved 1089536K
  class space    used 5795K, capacity 6192K, committed 6272K, reserved 1048576K
}
Event: 18.461 GC heap after
{Heap after GC invocations=9 (full 0):
 garbage-first heap   total 129024K, used 29166K [0x0000000080000000, 0x0000000100000000)
  region size 1024K, 3 young (3072K), 3 survivors (3072K)
 Metaspace       used 45172K, capacity 46308K, committed 46588K, reserved 1089536K
  class space    used 5795K, capacity 6192K, committed 6272K, reserved 1048576K
}
Event: 20.923 GC heap before
{Heap before GC invocations=9 (full 0):
 garbage-first heap   total 129024K, used 95726K [0x0000000080000000, 0x0000000100000000)
  region size 1024K, 65 young (66560K), 3 survivors (3072K)
 Metaspace       used 48990K, capacity 50278K, committed 50428K, reserved 1093632K
  class space    used 6254K, capacity 6708K, committed 6784K, reserved 1048576K
}
Event: 20.943 GC heap after
{Heap after GC invocations=10 (full 0):
 garbage-first heap   total 155648K, used 41259K [0x0000000080000000, 0x0000000100000000)
  region size 1024K, 9 young (9216K), 9 survivors (9216K)
 Metaspace       used 48990K, capacity 50278K, committed 50428K, reserved 1093632K
  class space    used 6254K, capacity 6708K, committed 6784K, reserved 1048576K
}

Deoptimization events (20 events):
Event: 22.218 Thread 0x000002cbc3b46000 Uncommon trap: trap_request=0xffffffc6 fr.pc=0x000002cbb306094c relative=0x00000000000009ec
Event: 22.218 Thread 0x000002cbc3b46000 Uncommon trap: reason=bimorphic_or_optimized_type_check action=maybe_recompile pc=0x000002cbb306094c method=java.util.Spliterators$IteratorSpliterator.tryAdvance(Ljava/util/function/Consumer;)Z @ 50 c2
Event: 22.218 Thread 0x000002cbc3b46000 DEOPT PACKING pc=0x000002cbb306094c sp=0x000000d9435f7ce0
Event: 22.218 Thread 0x000002cbc3b46000 DEOPT UNPACKING pc=0x000002cbab3978af sp=0x000000d9435f7ac8 mode 2
Event: 22.218 Thread 0x000002cbc3b46000 Uncommon trap: trap_request=0xffffffc6 fr.pc=0x000002cbb2f891a4 relative=0x00000000000002a4
Event: 22.218 Thread 0x000002cbc3b46000 Uncommon trap: reason=bimorphic_or_optimized_type_check action=maybe_recompile pc=0x000002cbb2f891a4 method=java.util.Spliterators$IteratorSpliterator.tryAdvance(Ljava/util/function/Consumer;)Z @ 50 c2
Event: 22.218 Thread 0x000002cbc3b46000 DEOPT PACKING pc=0x000002cbb2f891a4 sp=0x000000d9435f7b10
Event: 22.218 Thread 0x000002cbc3b46000 DEOPT UNPACKING pc=0x000002cbab3978af sp=0x000000d9435f7ac0 mode 2
Event: 22.284 Thread 0x000002cbc3b46000 Uncommon trap: trap_request=0xffffff4d fr.pc=0x000002cbb31412a0 relative=0x0000000000000420
Event: 22.284 Thread 0x000002cbc3b46000 Uncommon trap: reason=unstable_if action=reinterpret pc=0x000002cbb31412a0 method=org.gradle.internal.instantiation.generator.AbstractClassGenerator$InjectionAnnotationValidator.validateMethod(Ljava/lang/reflect/Method;Lorg/gradle/internal/reflect/Propert
Event: 22.284 Thread 0x000002cbc3b46000 DEOPT PACKING pc=0x000002cbb31412a0 sp=0x000000d9435f7c40
Event: 22.284 Thread 0x000002cbc3b46000 DEOPT UNPACKING pc=0x000002cbab3978af sp=0x000000d9435f7c08 mode 2
Event: 22.594 Thread 0x000002cbc3b46000 Uncommon trap: trap_request=0xffffffc6 fr.pc=0x000002cbb30051d0 relative=0x0000000000003b30
Event: 22.594 Thread 0x000002cbc3b46000 Uncommon trap: reason=bimorphic_or_optimized_type_check action=maybe_recompile pc=0x000002cbb30051d0 method=java.util.AbstractCollection.addAll(Ljava/util/Collection;)Z @ 29 c2
Event: 22.594 Thread 0x000002cbc3b46000 DEOPT PACKING pc=0x000002cbb30051d0 sp=0x000000d9435f8690
Event: 22.594 Thread 0x000002cbc3b46000 DEOPT UNPACKING pc=0x000002cbab3978af sp=0x000000d9435f8690 mode 2
Event: 22.854 Thread 0x000002cbc3b46000 DEOPT PACKING pc=0x000002cbac133be1 sp=0x000000d9435f7d10
Event: 22.854 Thread 0x000002cbc3b46000 DEOPT UNPACKING pc=0x000002cbab3976ce sp=0x000000d9435f71c8 mode 0
Event: 22.910 Thread 0x000002cbc3b46000 DEOPT PACKING pc=0x000002cbabf16fcc sp=0x000000d9435edae0
Event: 22.910 Thread 0x000002cbc3b46000 DEOPT UNPACKING pc=0x000002cbab3976ce sp=0x000000d9435ed080 mode 0

Classes redefined (0 events):
No events

Internal exceptions (20 events):
Event: 20.489 Thread 0x000002cbc55da800 Exception <a 'java/lang/NoSuchMethodError'{0x0000000084ba2e38}: <clinit>> (0x0000000084ba2e38) thrown at [./src/hotspot/share/prims/jni.cpp, line 1362]
Event: 20.489 Thread 0x000002cbc55da800 Exception <a 'java/lang/NoSuchMethodError'{0x0000000084ba3f48}: <clinit>> (0x0000000084ba3f48) thrown at [./src/hotspot/share/prims/jni.cpp, line 1362]
Event: 20.489 Thread 0x000002cbc55da800 Exception <a 'java/lang/NoSuchMethodError'{0x0000000084ba5250}: <clinit>> (0x0000000084ba5250) thrown at [./src/hotspot/share/prims/jni.cpp, line 1362]
Event: 20.490 Thread 0x000002cbc55da800 Exception <a 'java/lang/NoSuchMethodError'{0x0000000084ba6270}: <clinit>> (0x0000000084ba6270) thrown at [./src/hotspot/share/prims/jni.cpp, line 1362]
Event: 20.492 Thread 0x000002cbc55da800 Exception <a 'java/lang/NoSuchMethodError'{0x0000000084bb03c8}: <clinit>> (0x0000000084bb03c8) thrown at [./src/hotspot/share/prims/jni.cpp, line 1362]
Event: 20.494 Thread 0x000002cbc55da800 Exception <a 'java/lang/NoSuchMethodError'{0x0000000084bba858}: <clinit>> (0x0000000084bba858) thrown at [./src/hotspot/share/prims/jni.cpp, line 1362]
Event: 20.500 Thread 0x000002cbc55da800 Exception <a 'java/lang/NoSuchMethodError'{0x0000000084bce838}: <clinit>> (0x0000000084bce838) thrown at [./src/hotspot/share/prims/jni.cpp, line 1362]
Event: 20.522 Thread 0x000002cbc3b46000 Exception <a 'java/lang/ClassNotFoundException'{0x0000000084a36fc8}: build_f1h08rwk14t4gg7ywv7kq6z1lBeanInfo> (0x0000000084a36fc8) thrown at [./src/hotspot/share/classfile/systemDictionary.cpp, line 231]
Event: 20.523 Thread 0x000002cbc3b46000 Exception <a 'java/lang/ClassNotFoundException'{0x0000000084a41ef0}: build_f1h08rwk14t4gg7ywv7kq6z1lCustomizer> (0x0000000084a41ef0) thrown at [./src/hotspot/share/classfile/systemDictionary.cpp, line 231]
Event: 20.553 Thread 0x000002cbc3b46000 Exception <a 'java/lang/ClassNotFoundException'{0x0000000084ac22d0}: org/gradle/plugin/use/internal/PluginRequestCollector$PluginDependenciesSpecImplBeanInfo> (0x0000000084ac22d0) thrown at [./src/hotspot/share/classfile/systemDictionary.cpp, line 231]
Event: 20.556 Thread 0x000002cbc3b46000 Exception <a 'java/lang/ClassNotFoundException'{0x0000000084af0180}: org/gradle/plugin/use/internal/PluginRequestCollector$PluginDependenciesSpecImplCustomizer> (0x0000000084af0180) thrown at [./src/hotspot/share/classfile/systemDictionary.cpp, line 231]
Event: 20.658 Thread 0x000002cbc3b46000 Exception <a 'java/lang/ClassNotFoundException'{0x000000008476d538}: org/gradle/api/internal/plugins/DefaultObjectConfigurationActionBeanInfo> (0x000000008476d538) thrown at [./src/hotspot/share/classfile/systemDictionary.cpp, line 231]
Event: 20.662 Thread 0x000002cbc3b46000 Exception <a 'java/lang/ClassNotFoundException'{0x00000000847a0b60}: org/gradle/api/internal/plugins/DefaultObjectConfigurationActionCustomizer> (0x00000000847a0b60) thrown at [./src/hotspot/share/classfile/systemDictionary.cpp, line 231]
Event: 21.028 Thread 0x000002cbc3b46000 Exception <a 'java/lang/NoSuchMethodError'{0x0000000089572350}: 'java.lang.Object java.lang.invoke.DirectMethodHandle$Holder.invokeStatic(java.lang.Object, java.lang.Object, java.lang.Object, java.lang.Object, int)'> (0x0000000089572350) thrown at [./src/hotspot/share/interpreter/linkResolver.cpp, line 773]
Event: 21.029 Thread 0x000002cbc3b46000 Exception <a 'java/lang/NoSuchMethodError'{0x0000000089576d48}: 'java.lang.Object java.lang.invoke.DirectMethodHandle$Holder.invokeSpecial(java.lang.Object, java.lang.Object, java.lang.Object, java.lang.Object, java.lang.Object, int)'> (0x0000000089576d48) thrown at [./src/hotspot/share/interpreter/linkResolver.cpp, line 773]
Event: 21.030 Thread 0x000002cbc3b46000 Exception <a 'java/lang/NoSuchMethodError'{0x000000008957b388}: 'java.lang.Object java.lang.invoke.Invokers$Holder.linkToTargetMethod(java.lang.Object, java.lang.Object, java.lang.Object, int, java.lang.Object)'> (0x000000008957b388) thrown at [./src/hotspot/share/interpreter/linkResolver.cpp, line 773]
Event: 21.664 Thread 0x000002cbc3b46000 Exception <a 'java/lang/NoSuchMethodError'{0x00000000887d4c68}: 'java.lang.Object java.lang.invoke.DirectMethodHandle$Holder.invokeSpecial(java.lang.Object, java.lang.Object, int, int, java.lang.Object, java.lang.Object, java.lang.Object)'> (0x00000000887d4c68) thrown at [./src/hotspot/share/interpreter/linkResolver.cpp, line 773]
Event: 21.664 Thread 0x000002cbc3b46000 Exception <a 'java/lang/NoSuchMethodError'{0x00000000887d91e8}: 'java.lang.Object java.lang.invoke.DelegatingMethodHandle$Holder.reinvoke_L(java.lang.Object, int, int, java.lang.Object, java.lang.Object, java.lang.Object)'> (0x00000000887d91e8) thrown at [./src/hotspot/share/interpreter/linkResolver.cpp, line 773]
Event: 22.246 Thread 0x000002cbc3b46000 Exception <a 'java/lang/NoSuchMethodError'{0x0000000087b49f68}: 'int java.lang.invoke.DirectMethodHandle$Holder.invokeInterface(java.lang.Object, java.lang.Object, java.lang.Object, java.lang.Object)'> (0x0000000087b49f68) thrown at [./src/hotspot/share/interpreter/linkResolver.cpp, line 773]
Event: 22.872 Thread 0x000002cbc3b46000 Exception <a 'java/lang/NoSuchMethodError'{0x0000000086b0faf0}: 'void java.lang.invoke.DirectMethodHandle$Holder.invokeInterface(java.lang.Object, java.lang.Object, java.lang.Object, java.lang.Object)'> (0x0000000086b0faf0) thrown at [./src/hotspot/share/interpreter/linkResolver.cpp, line 773]

Events (20 events):
Event: 23.097 loading class org/gradle/internal/jvm/inspection/JvmVendor$KnownJvmVendor
Event: 23.097 loading class org/gradle/internal/jvm/inspection/JvmVendor$KnownJvmVendor done
Event: 23.098 loading class org/gradle/internal/jvm/inspection/JvmVendor
Event: 23.098 loading class org/gradle/internal/jvm/inspection/JvmVendor done
Event: 23.099 loading class org/gradle/api/java/archives/Manifest
Event: 23.099 loading class org/gradle/api/java/archives/Manifest done
Event: 23.101 loading class org/gradle/api/plugins/internal/DefaultJavaPluginExtension
Event: 23.101 loading class org/gradle/api/plugins/internal/DefaultJavaPluginExtension done
Event: 23.103 loading class org/gradle/api/jvm/ModularitySpec
Event: 23.103 loading class org/gradle/api/jvm/ModularitySpec done
Event: 23.109 loading class org/gradle/internal/jvm/DefaultModularitySpec
Event: 23.109 loading class org/gradle/internal/jvm/DefaultModularitySpec done
Event: 23.114 loading class org/gradle/api/Transformer
Event: 23.114 loading class org/gradle/api/Transformer done
Event: 23.116 loading class org/gradle/api/Transformer
Event: 23.116 loading class org/gradle/api/Transformer done
Event: 23.119 loading class org/gradle/api/Transformer
Event: 23.119 loading class org/gradle/api/Transformer done
Event: 23.122 loading class org/gradle/api/internal/provider/OrElseFixedValueProvider
Event: 23.122 loading class org/gradle/api/internal/provider/OrElseFixedValueProvider done


Dynamic libraries:
0x00007ff691e90000 - 0x00007ff691e9a000 	C:\Program Files\Android\Android Studio\jre\bin\java.exe
0x00007ff971490000 - 0x00007ff971685000 	C:\WINDOWS\SYSTEM32\ntdll.dll
0x00007ff9708d0000 - 0x00007ff97098e000 	C:\WINDOWS\System32\KERNEL32.DLL
0x00007ff96f000000 - 0x00007ff96f2c9000 	C:\WINDOWS\System32\KERNELBASE.dll
0x00007ff96f3e0000 - 0x00007ff96f4e0000 	C:\WINDOWS\System32\ucrtbase.dll
0x00007ff965730000 - 0x00007ff965749000 	C:\Program Files\Android\Android Studio\jre\bin\jli.dll
0x00007ff965040000 - 0x00007ff965057000 	C:\Program Files\Android\Android Studio\jre\bin\VCRUNTIME140.dll
0x00007ff970180000 - 0x00007ff970321000 	C:\WINDOWS\System32\USER32.dll
0x00007ff9544c0000 - 0x00007ff95475a000 	C:\WINDOWS\WinSxS\amd64_microsoft.windows.common-controls_6595b64144ccf1df_6.0.19041.1110_none_60b5254171f9507e\COMCTL32.dll
0x00007ff96ebb0000 - 0x00007ff96ebd2000 	C:\WINDOWS\System32\win32u.dll
0x00007ff9713c0000 - 0x00007ff9713eb000 	C:\WINDOWS\System32\GDI32.dll
0x00007ff96fc50000 - 0x00007ff96fcee000 	C:\WINDOWS\System32\msvcrt.dll
0x00007ff96f2d0000 - 0x00007ff96f3db000 	C:\WINDOWS\System32\gdi32full.dll
0x00007ff96ef60000 - 0x00007ff96effd000 	C:\WINDOWS\System32\msvcp_win.dll
0x00007ff970b00000 - 0x00007ff970b30000 	C:\WINDOWS\System32\IMM32.DLL
0x00007ff963340000 - 0x00007ff9633dd000 	C:\Program Files\Android\Android Studio\jre\bin\msvcp140.dll
0x00007ff928bb0000 - 0x00007ff92967f000 	C:\Program Files\Android\Android Studio\jre\bin\server\jvm.dll
0x00007ff970330000 - 0x00007ff9703dc000 	C:\WINDOWS\System32\ADVAPI32.dll
0x00007ff96fbb0000 - 0x00007ff96fc4b000 	C:\WINDOWS\System32\sechost.dll
0x00007ff96f4e0000 - 0x00007ff96f60a000 	C:\WINDOWS\System32\RPCRT4.dll
0x00007ff970170000 - 0x00007ff970178000 	C:\WINDOWS\System32\PSAPI.DLL
0x00007ff94a2b0000 - 0x00007ff94a2b9000 	C:\WINDOWS\SYSTEM32\WSOCK32.dll
0x00007ff9703e0000 - 0x00007ff97044b000 	C:\WINDOWS\System32\WS2_32.dll
0x00007ff963010000 - 0x00007ff96301a000 	C:\WINDOWS\SYSTEM32\VERSION.dll
0x00007ff94cf50000 - 0x00007ff94cf77000 	C:\WINDOWS\SYSTEM32\WINMM.dll
0x00007ff96d460000 - 0x00007ff96d472000 	C:\WINDOWS\SYSTEM32\kernel.appcore.dll
0x00007ff966960000 - 0x00007ff966971000 	C:\Program Files\Android\Android Studio\jre\bin\verify.dll
0x00007ff969960000 - 0x00007ff969b44000 	C:\WINDOWS\SYSTEM32\DBGHELP.DLL
0x00007ff94d770000 - 0x00007ff94d79c000 	C:\WINDOWS\SYSTEM32\dbgcore.DLL
0x00007ff96ec70000 - 0x00007ff96ecf3000 	C:\WINDOWS\System32\bcryptPrimitives.dll
0x00007ff965190000 - 0x00007ff9651b9000 	C:\Program Files\Android\Android Studio\jre\bin\java.dll
0x00007ff966900000 - 0x00007ff96690b000 	C:\Program Files\Android\Android Studio\jre\bin\jimage.dll
0x00007ff965170000 - 0x00007ff965188000 	C:\Program Files\Android\Android Studio\jre\bin\zip.dll
0x00007ff970c80000 - 0x00007ff9713bf000 	C:\WINDOWS\System32\SHELL32.dll
0x00007ff969c30000 - 0x00007ff96a3c0000 	C:\WINDOWS\SYSTEM32\windows.storage.dll
0x00007ff96f670000 - 0x00007ff96f9c5000 	C:\WINDOWS\System32\combase.dll
0x00007ff96e530000 - 0x00007ff96e55c000 	C:\WINDOWS\SYSTEM32\Wldp.dll
0x00007ff96f9d0000 - 0x00007ff96fa7d000 	C:\WINDOWS\System32\SHCORE.dll
0x00007ff9713f0000 - 0x00007ff971445000 	C:\WINDOWS\System32\shlwapi.dll
0x00007ff96eaf0000 - 0x00007ff96eb0f000 	C:\WINDOWS\SYSTEM32\profapi.dll
0x00007ff965150000 - 0x00007ff96516a000 	C:\Program Files\Android\Android Studio\jre\bin\net.dll
0x00007ff966ae0000 - 0x00007ff966be8000 	C:\WINDOWS\SYSTEM32\WINHTTP.dll
0x00007ff96e290000 - 0x00007ff96e2fa000 	C:\WINDOWS\system32\mswsock.dll
0x00007ff965130000 - 0x00007ff965144000 	C:\Program Files\Android\Android Studio\jre\bin\nio.dll
0x00007ff966870000 - 0x00007ff966897000 	C:\Users\Admin\.gradle\native\8bec1ad78214c89d9ad589b4d07fe93259594b29d510b10fafb7a158f7737e5d\windows-amd64\native-platform.dll
0x00007ff963cd0000 - 0x00007ff963e0d000 	C:\Users\Admin\.gradle\native\53dbd7edfb1c66fb8903c78663c9afc45aea4f116125fa6feffd364cf09443e8\windows-amd64\native-platform-file-events.dll
0x00007ff966950000 - 0x00007ff96695a000 	C:\Program Files\Android\Android Studio\jre\bin\management.dll
0x00007ff966830000 - 0x00007ff96683c000 	C:\Program Files\Android\Android Studio\jre\bin\management_ext.dll
0x00007ff96e480000 - 0x00007ff96e498000 	C:\WINDOWS\SYSTEM32\CRYPTSP.dll
0x00007ff96dc10000 - 0x00007ff96dc44000 	C:\WINDOWS\system32\rsaenh.dll
0x00007ff96ebe0000 - 0x00007ff96ec07000 	C:\WINDOWS\System32\bcrypt.dll
0x00007ff96eab0000 - 0x00007ff96eade000 	C:\WINDOWS\SYSTEM32\USERENV.dll
0x00007ff96e4a0000 - 0x00007ff96e4ac000 	C:\WINDOWS\SYSTEM32\CRYPTBASE.dll
0x00007ff96df80000 - 0x00007ff96dfbb000 	C:\WINDOWS\SYSTEM32\IPHLPAPI.DLL
0x00007ff970c70000 - 0x00007ff970c78000 	C:\WINDOWS\System32\NSI.dll
0x00007ff968f70000 - 0x00007ff968f87000 	C:\WINDOWS\SYSTEM32\dhcpcsvc6.DLL
0x00007ff968f50000 - 0x00007ff968f6d000 	C:\WINDOWS\SYSTEM32\dhcpcsvc.DLL
0x00007ff96dfc0000 - 0x00007ff96e08c000 	C:\WINDOWS\SYSTEM32\DNSAPI.dll

dbghelp: loaded successfully - version: 4.0.5 - missing functions: none
symbol engine: initialized successfully - sym options: 0x614 - pdb path: .;C:\Program Files\Android\Android Studio\jre\bin;C:\WINDOWS\SYSTEM32;C:\WINDOWS\WinSxS\amd64_microsoft.windows.common-controls_6595b64144ccf1df_6.0.19041.1110_none_60b5254171f9507e;C:\Program Files\Android\Android Studio\jre\bin\server;C:\Users\Admin\.gradle\native\8bec1ad78214c89d9ad589b4d07fe93259594b29d510b10fafb7a158f7737e5d\windows-amd64;C:\Users\Admin\.gradle\native\53dbd7edfb1c66fb8903c78663c9afc45aea4f116125fa6feffd364cf09443e8\windows-amd64

VM Arguments:
jvm_args: --add-opens=java.base/java.util=ALL-UNNAMED --add-opens=java.base/java.lang=ALL-UNNAMED --add-opens=java.base/java.lang.invoke=ALL-UNNAMED --add-opens=java.base/java.util=ALL-UNNAMED --add-opens=java.prefs/java.util.prefs=ALL-UNNAMED --add-opens=java.prefs/java.util.prefs=ALL-UNNAMED --add-opens=java.base/java.nio.charset=ALL-UNNAMED --add-opens=java.base/java.net=ALL-UNNAMED --add-opens=java.base/java.util.concurrent.atomic=ALL-UNNAMED -Xmx2048m -Dfile.encoding=UTF-8 -Duser.country=US -Duser.language=en -Duser.variant 
java_command: org.gradle.launcher.daemon.bootstrap.GradleDaemon 7.0.2
java_class_path (initial): C:\Users\Admin\.gradle\wrapper\dists\gradle-7.0.2-bin\857tjihv64xamwrf0h14cai3r\gradle-7.0.2\lib\gradle-launcher-7.0.2.jar
Launcher Type: SUN_STANDARD

[Global flags]
     intx CICompilerCount                          = 4                                         {product} {ergonomic}
     uint ConcGCThreads                            = 2                                         {product} {ergonomic}
     uint G1ConcRefinementThreads                  = 8                                         {product} {ergonomic}
   size_t G1HeapRegionSize                         = 1048576                                   {product} {ergonomic}
    uintx GCDrainStackTargetSize                   = 64                                        {product} {ergonomic}
   size_t InitialHeapSize                          = 132120576                                 {product} {ergonomic}
   size_t MarkStackSize                            = 4194304                                   {product} {ergonomic}
   size_t MaxHeapSize                              = 2147483648                                {product} {command line}
   size_t MaxNewSize                               = 1287651328                                {product} {ergonomic}
   size_t MinHeapDeltaBytes                        = 1048576                                   {product} {ergonomic}
    uintx NonNMethodCodeHeapSize                   = 5836300                                {pd product} {ergonomic}
    uintx NonProfiledCodeHeapSize                  = 122910970                              {pd product} {ergonomic}
    uintx ProfiledCodeHeapSize                     = 122910970                              {pd product} {ergonomic}
    uintx ReservedCodeCacheSize                    = 251658240                              {pd product} {ergonomic}
     bool SegmentedCodeCache                       = true                                      {product} {ergonomic}
     bool UseCompressedClassPointers               = true                                 {lp64_product} {ergonomic}
     bool UseCompressedOops                        = true                                 {lp64_product} {ergonomic}
     bool UseG1GC                                  = true                                      {product} {ergonomic}
     bool UseLargePagesIndividualAllocation        = false                                  {pd product} {ergonomic}

Logging:
Log output configuration:
 #0: stdout all=warning uptime,level,tags
 #1: stderr all=off uptime,level,tags

Environment Variables:
PATH=C:\Program Files (x86)\Common Files\Oracle\Java\javapath;C:\Program Files\Common Files\Oracle\Java\javapath;C:\ProgramData\Oracle\Java\javapath;C:\WINDOWS\system32;C:\WINDOWS;C:\WINDOWS\System32\Wbem;C:\WINDOWS\System32\WindowsPowerShell\v1.0\;C:\WINDOWS\System32\OpenSSH\;C:\Program Files\Java\jdk-14\bin;C:\Program Files\Git\cmd;C:\Program Files\nodejs\;C:\Users\Admin\AppData\Local\Microsoft\WindowsApps;C:\Users\Admin\AppData\Roaming\npm;
USERNAME=Admin
OS=Windows_NT
PROCESSOR_IDENTIFIER=Intel64 Family 6 Model 142 Stepping 10, GenuineIntel



---------------  S Y S T E M  ---------------

OS: Windows 10 , 64 bit Build 19041 (10.0.19041.1202)
OS uptime: 0 days 4:46 hours

CPU:total 8 (initial active 8) (4 cores per cpu, 2 threads per core) family 6 model 142 stepping 10 microcode 0xb4, cmov, cx8, fxsr, mmx, sse, sse2, sse3, ssse3, sse4.1, sse4.2, popcnt, avx, avx2, aes, clmul, erms, 3dnowpref, lzcnt, ht, tsc, tscinvbit, bmi1, bmi2, adx, fma

Memory: 4k page, system-wide physical 8026M (1101M free)
TotalPageFile size 9050M (AvailPageFile size 0M)
current process WorkingSet (physical memory assigned to process): 341M, peak: 341M
current process commit charge ("private bytes"): 378M, peak: 380M

vm_info: OpenJDK 64-Bit Server VM (11.0.10+0-b96-7249189) for windows-amd64 JRE (11.0.10+0-b96-7249189), built on Mar 31 2021 21:44:00 by "builder" with MS VC++ 14.0 (VS2015)

END.
