#
# There is insufficient memory for the Java Runtime Environment to continue.
# Native memory allocation (malloc) failed to allocate 2160816 bytes for Chunk::new
# Possible reasons:
#   The system is out of physical RAM or swap space
#   The process is running with CompressedOops enabled, and the Java Heap may be blocking the growth of the native heap
# Possible solutions:
#   Reduce memory load on the system
#   Increase physical memory or swap space
#   Check if swap backing store is full
#   Decrease Java heap size (-Xmx/-Xms)
#   Decrease number of Java threads
#   Decrease Java thread stack sizes (-Xss)
#   Set larger code cache with -XX:ReservedCodeCacheSize=
#   JVM is running with Unscaled Compressed Oops mode in which the Java heap is
#     placed in the first 4GB address space. The Java Heap base address is the
#     maximum limit for the native heap growth. Please use -XX:HeapBaseMinAddress
#     to set the Java Heap base and to place the Java Heap above 4GB virtual address.
# This output file may be truncated or incomplete.
#
#  Out of Memory Error (./src/hotspot/share/memory/arena.cpp:197), pid=576, tid=252
#
# JRE version: OpenJDK Runtime Environment (11.0.10) (build 11.0.10+0-b96-7249189)
# Java VM: OpenJDK 64-Bit Server VM (11.0.10+0-b96-7249189, mixed mode, tiered, compressed oops, g1 gc, windows-amd64)
# No core dump will be written. Minidumps are not enabled by default on client versions of Windows
#

---------------  S U M M A R Y ------------

Command Line: --add-opens=java.base/java.util=ALL-UNNAMED --add-opens=java.base/java.lang=ALL-UNNAMED --add-opens=java.base/java.lang.invoke=ALL-UNNAMED --add-opens=java.base/java.util=ALL-UNNAMED --add-opens=java.prefs/java.util.prefs=ALL-UNNAMED --add-opens=java.prefs/java.util.prefs=ALL-UNNAMED --add-opens=java.base/java.nio.charset=ALL-UNNAMED --add-opens=java.base/java.net=ALL-UNNAMED --add-opens=java.base/java.util.concurrent.atomic=ALL-UNNAMED -Xmx2048m -Dfile.encoding=UTF-8 -Duser.country=US -Duser.language=en -Duser.variant org.gradle.launcher.daemon.bootstrap.GradleDaemon 7.0.2

Host: Intel(R) Core(TM) i7-8550U CPU @ 1.80GHz, 8 cores, 7G,  Windows 10 , 64 bit Build 19041 (10.0.19041.1202)
Time: Mon Oct 25 18:07:41 2021 Arab Standard Time elapsed time: 18.499255 seconds (0d 0h 0m 18s)

---------------  T H R E A D  ---------------

Current thread (0x000001e662750800):  JavaThread "C2 CompilerThread1" daemon [_thread_in_native, id=252, stack(0x000000d13e200000,0x000000d13e300000)]


Current CompileTask:
C2:  18499 3833       4       java.lang.invoke.LambdaForm$Name::replaceNames (174 bytes)

Stack: [0x000000d13e200000,0x000000d13e300000]
Native frames: (J=compiled Java code, j=interpreted, Vv=VM code, C=native code)
V  [jvm.dll+0x5ecfaa]
V  [jvm.dll+0x722bd5]
V  [jvm.dll+0x72412d]
V  [jvm.dll+0x7247e3]
V  [jvm.dll+0x242928]
V  [jvm.dll+0xbc4fc]
V  [jvm.dll+0xbca0c]
V  [jvm.dll+0x352d3b]
V  [jvm.dll+0x320ad3]
V  [jvm.dll+0x31ffca]
V  [jvm.dll+0x1fb602]
V  [jvm.dll+0x1fa7f4]
V  [jvm.dll+0x18354c]
V  [jvm.dll+0x208ee7]
V  [jvm.dll+0x207731]
V  [jvm.dll+0x6eb1cf]
V  [jvm.dll+0x6e3d45]
V  [jvm.dll+0x5ebe96]
C  [ucrtbase.dll+0x21bb2]
C  [KERNEL32.DLL+0x17034]
C  [ntdll.dll+0x52651]


---------------  P R O C E S S  ---------------

Threads class SMR info:
_java_thread_list=0x000001e6686bc4c0, length=38, elements={
0x000001e644eca000, 0x000001e65fb32000, 0x000001e65fb35000, 0x000001e6604c2800,
0x000001e65fb4a000, 0x000001e65fb4b800, 0x000001e65fb58000, 0x000001e65fb5e800,
0x000001e65fb61800, 0x000001e660645800, 0x000001e66253b000, 0x000001e6616ee800,
0x000001e662003000, 0x000001e66357c800, 0x000001e663420800, 0x000001e66228c800,
0x000001e66171d800, 0x000001e66256f800, 0x000001e661938800, 0x000001e660558000,
0x000001e660559000, 0x000001e660556800, 0x000001e660555800, 0x000001e662750800,
0x000001e660557800, 0x000001e660553000, 0x000001e660559800, 0x000001e660554000,
0x000001e660555000, 0x000001e6607a9800, 0x000001e6607ab000, 0x000001e6607a8800,
0x000001e6607ac000, 0x000001e6607a6000, 0x000001e6607aa000, 0x000001e6607bb800,
0x000001e6607a7000, 0x000001e6607ad800
}

Java Threads: ( => current thread )
  0x000001e644eca000 JavaThread "main" [_thread_blocked, id=4328, stack(0x000000d13bc00000,0x000000d13bd00000)]
  0x000001e65fb32000 JavaThread "Reference Handler" daemon [_thread_blocked, id=4604, stack(0x000000d13c300000,0x000000d13c400000)]
  0x000001e65fb35000 JavaThread "Finalizer" daemon [_thread_blocked, id=11872, stack(0x000000d13c400000,0x000000d13c500000)]
  0x000001e6604c2800 JavaThread "Signal Dispatcher" daemon [_thread_blocked, id=13232, stack(0x000000d13c500000,0x000000d13c600000)]
  0x000001e65fb4a000 JavaThread "Attach Listener" daemon [_thread_blocked, id=4416, stack(0x000000d13c600000,0x000000d13c700000)]
  0x000001e65fb4b800 JavaThread "Service Thread" daemon [_thread_blocked, id=9516, stack(0x000000d13c700000,0x000000d13c800000)]
  0x000001e65fb58000 JavaThread "C2 CompilerThread0" daemon [_thread_in_native, id=7200, stack(0x000000d13c800000,0x000000d13c900000)]
  0x000001e65fb5e800 JavaThread "C1 CompilerThread0" daemon [_thread_in_native, id=1992, stack(0x000000d13c900000,0x000000d13ca00000)]
  0x000001e65fb61800 JavaThread "Sweeper thread" daemon [_thread_blocked, id=8536, stack(0x000000d13ca00000,0x000000d13cb00000)]
  0x000001e660645800 JavaThread "Common-Cleaner" daemon [_thread_blocked, id=12412, stack(0x000000d13cb00000,0x000000d13cc00000)]
  0x000001e66253b000 JavaThread "Daemon health stats" [_thread_blocked, id=12980, stack(0x000000d13d100000,0x000000d13d200000)]
  0x000001e6616ee800 JavaThread "Incoming local TCP Connector on port 53282" [_thread_in_native, id=13304, stack(0x000000d13cd00000,0x000000d13ce00000)]
  0x000001e662003000 JavaThread "Daemon periodic checks" [_thread_in_Java, id=6148, stack(0x000000d13d000000,0x000000d13d100000)]
  0x000001e66357c800 JavaThread "Daemon" [_thread_blocked, id=4716, stack(0x000000d13d200000,0x000000d13d300000)]
  0x000001e663420800 JavaThread "Handler for socket connection from /127.0.0.1:53282 to /127.0.0.1:53284" [_thread_in_native, id=132, stack(0x000000d13d300000,0x000000d13d400000)]
  0x000001e66228c800 JavaThread "Cancel handler" [_thread_blocked, id=7632, stack(0x000000d13d400000,0x000000d13d500000)]
  0x000001e66171d800 JavaThread "Daemon worker" [_thread_in_vm, id=7452, stack(0x000000d13d500000,0x000000d13d600000)]
  0x000001e66256f800 JavaThread "Asynchronous log dispatcher for DefaultDaemonConnection: socket connection from /127.0.0.1:53282 to /127.0.0.1:53284" [_thread_blocked, id=2536, stack(0x000000d13d600000,0x000000d13d700000)]
  0x000001e661938800 JavaThread "Stdin handler" [_thread_blocked, id=4468, stack(0x000000d13d700000,0x000000d13d800000)]
  0x000001e660558000 JavaThread "Daemon client event forwarder" [_thread_blocked, id=3120, stack(0x000000d13d800000,0x000000d13d900000)]
  0x000001e660559000 JavaThread "Cache worker for file hash cache (C:\Users\Admin\.gradle\caches\7.0.2\fileHashes)" [_thread_blocked, id=7120, stack(0x000000d13d900000,0x000000d13da00000)]
  0x000001e660556800 JavaThread "File lock request listener" [_thread_in_native, id=4260, stack(0x000000d13df00000,0x000000d13e000000)]
  0x000001e660555800 JavaThread "Cache worker for journal cache (C:\Users\Admin\.gradle\caches\journal-1)" [_thread_blocked, id=7476, stack(0x000000d13e100000,0x000000d13e200000)]
=>0x000001e662750800 JavaThread "C2 CompilerThread1" daemon [_thread_in_native, id=252, stack(0x000000d13e200000,0x000000d13e300000)]
  0x000001e660557800 JavaThread "Cache worker for file hash cache (C:\Users\Admin\AndroidStudioProjects\updateProfile2\.gradle\7.0.2\fileHashes)" [_thread_blocked, id=12876, stack(0x000000d13e300000,0x000000d13e400000)]
  0x000001e660553000 JavaThread "File watcher server" daemon [_thread_in_native, id=11900, stack(0x000000d13e400000,0x000000d13e500000)]
  0x000001e660559800 JavaThread "File watcher consumer" daemon [_thread_blocked, id=1676, stack(0x000000d13e500000,0x000000d13e600000)]
  0x000001e660554000 JavaThread "Cache worker for checksums cache (C:\Users\Admin\AndroidStudioProjects\updateProfile2\.gradle\checksums)" [_thread_blocked, id=3996, stack(0x000000d13e600000,0x000000d13e700000)]
  0x000001e660555000 JavaThread "Cache worker for cache directory md-supplier (C:\Users\Admin\.gradle\caches\7.0.2\md-supplier)" [_thread_blocked, id=3720, stack(0x000000d13e700000,0x000000d13e800000)]
  0x000001e6607a9800 JavaThread "Cache worker for cache directory md-rule (C:\Users\Admin\.gradle\caches\7.0.2\md-rule)" [_thread_blocked, id=7532, stack(0x000000d13e900000,0x000000d13ea00000)]
  0x000001e6607ab000 JavaThread "Cache worker for execution history cache (C:\Users\Admin\.gradle\caches\7.0.2\executionHistory)" [_thread_blocked, id=8772, stack(0x000000d13ea00000,0x000000d13eb00000)]
  0x000001e6607a8800 JavaThread "jar transforms" [_thread_blocked, id=7928, stack(0x000000d13eb00000,0x000000d13ec00000)]
  0x000001e6607ac000 JavaThread "jar transforms Thread 2" [_thread_blocked, id=8592, stack(0x000000d13ec00000,0x000000d13ed00000)]
  0x000001e6607a6000 JavaThread "Cache worker for file content cache (C:\Users\Admin\.gradle\caches\7.0.2\fileContent)" [_thread_blocked, id=13180, stack(0x000000d13ed00000,0x000000d13ee00000)]
  0x000001e6607aa000 JavaThread "Cache worker for dependencies-accessors (C:\Users\Admin\AndroidStudioProjects\updateProfile2\.gradle\7.0.2\dependencies-accessors)" [_thread_blocked, id=1576, stack(0x000000d13ee00000,0x000000d13ef00000)]
  0x000001e6607bb800 JavaThread "C2 CompilerThread2" daemon [_thread_in_native, id=9320, stack(0x000000d13e800000,0x000000d13e900000)]
  0x000001e6607a7000 JavaThread "jar transforms Thread 3" [_thread_blocked, id=10404, stack(0x000000d13ef00000,0x000000d13f000000)]
  0x000001e6607ad800 JavaThread "Cache worker for Build Output Cleanup Cache (C:\Users\Admin\AndroidStudioProjects\updateProfile2\.gradle\buildOutputCleanup)" [_thread_blocked, id=7612, stack(0x000000d13f000000,0x000000d13f100000)]

Other Threads:
  0x000001e65fb2f800 VMThread "VM Thread" [stack: 0x000000d13c200000,0x000000d13c300000] [id=8688]
  0x000001e66066f000 WatcherThread [stack: 0x000000d13cc00000,0x000000d13cd00000] [id=9596]
  0x000001e644ee3800 GCTaskThread "GC Thread#0" [stack: 0x000000d13bd00000,0x000000d13be00000] [id=3772]
  0x000001e66110b000 GCTaskThread "GC Thread#1" [stack: 0x000000d13ce00000,0x000000d13cf00000] [id=10484]
  0x000001e660b08000 GCTaskThread "GC Thread#2" [stack: 0x000000d13cf00000,0x000000d13d000000] [id=9932]
  0x000001e661f8e000 GCTaskThread "GC Thread#3" [stack: 0x000000d13da00000,0x000000d13db00000] [id=5512]
  0x000001e662f87800 GCTaskThread "GC Thread#4" [stack: 0x000000d13db00000,0x000000d13dc00000] [id=12112]
  0x000001e66259b000 GCTaskThread "GC Thread#5" [stack: 0x000000d13dc00000,0x000000d13dd00000] [id=11960]
  0x000001e66122f000 GCTaskThread "GC Thread#6" [stack: 0x000000d13dd00000,0x000000d13de00000] [id=10932]
  0x000001e661fd7000 GCTaskThread "GC Thread#7" [stack: 0x000000d13de00000,0x000000d13df00000] [id=4492]
  0x000001e644f15000 ConcurrentGCThread "G1 Main Marker" [stack: 0x000000d13be00000,0x000000d13bf00000] [id=2844]
  0x000001e644f17800 ConcurrentGCThread "G1 Conc#0" [stack: 0x000000d13bf00000,0x000000d13c000000] [id=8616]
  0x000001e662357000 ConcurrentGCThread "G1 Conc#1" [stack: 0x000000d13e000000,0x000000d13e100000] [id=8224]
  0x000001e65f980800 ConcurrentGCThread "G1 Refine#0" [stack: 0x000000d13c000000,0x000000d13c100000] [id=9384]
  0x000001e65f981800 ConcurrentGCThread "G1 Young RemSet Sampling" [stack: 0x000000d13c100000,0x000000d13c200000] [id=4348]

Threads with active compile tasks:
C2 CompilerThread0  18594 4086       4       java.util.HashMap::computeIfAbsent (330 bytes)
C1 CompilerThread0  18594 4188       3       org.gradle.cache.internal.btree.CachingBlockStore::maybeGetFromCache (31 bytes)
C2 CompilerThread1  18594 3833       4       java.lang.invoke.LambdaForm$Name::replaceNames (174 bytes)
C2 CompilerThread2  18594 4119   !   4       org.gradle.internal.serialize.kryo.KryoBackedDecoder::readNullableString (15 bytes)

VM state:not at safepoint (normal execution)

VM Mutex/Monitor currently owned by a thread: None

Heap address: 0x0000000080000000, size: 2048 MB, Compressed Oops mode: 32-bit
Narrow klass base: 0x0000000000000000, Narrow klass shift: 3
Compressed class space size: 1073741824 Address: 0x0000000100000000

Heap:
 garbage-first heap   total 155648K, used 41844K [0x0000000080000000, 0x0000000100000000)
  region size 1024K, 16 young (16384K), 3 survivors (3072K)
 Metaspace       used 45881K, capacity 47016K, committed 47308K, reserved 1089536K
  class space    used 5880K, capacity 6300K, committed 6348K, reserved 1048576K
Heap Regions: E=young(eden), S=young(survivor), O=old, HS=humongous(starts), HC=humongous(continues), CS=collection set, F=free, A=archive, TAMS=top-at-mark-start (previous, next)
|   0|0x0000000080000000, 0x0000000080100000, 0x0000000080100000|100%| O|  |TAMS 0x0000000080100000, 0x0000000080000000| Untracked 
|   1|0x0000000080100000, 0x0000000080200000, 0x0000000080200000|100%| O|  |TAMS 0x0000000080200000, 0x0000000080100000| Untracked 
|   2|0x0000000080200000, 0x0000000080300000, 0x0000000080300000|100%| O|  |TAMS 0x0000000080300000, 0x0000000080200000| Untracked 
|   3|0x0000000080300000, 0x0000000080400000, 0x0000000080400000|100%|HS|  |TAMS 0x0000000080400000, 0x0000000080300000| Complete 
|   4|0x0000000080400000, 0x0000000080500000, 0x0000000080500000|100%|HC|  |TAMS 0x0000000080500000, 0x0000000080400000| Complete 
|   5|0x0000000080500000, 0x0000000080600000, 0x0000000080600000|100%|HC|  |TAMS 0x0000000080600000, 0x0000000080500000| Complete 
|   6|0x0000000080600000, 0x0000000080700000, 0x0000000080700000|100%| O|  |TAMS 0x0000000080700000, 0x0000000080600000| Untracked 
|   7|0x0000000080700000, 0x0000000080800000, 0x0000000080800000|100%| O|  |TAMS 0x0000000080800000, 0x0000000080700000| Untracked 
|   8|0x0000000080800000, 0x0000000080900000, 0x0000000080900000|100%| O|  |TAMS 0x0000000080900000, 0x0000000080800000| Untracked 
|   9|0x0000000080900000, 0x0000000080a00000, 0x0000000080a00000|100%| O|  |TAMS 0x0000000080a00000, 0x0000000080900000| Untracked 
|  10|0x0000000080a00000, 0x0000000080b00000, 0x0000000080b00000|100%| O|  |TAMS 0x0000000080b00000, 0x0000000080a00000| Untracked 
|  11|0x0000000080b00000, 0x0000000080c00000, 0x0000000080c00000|100%| O|  |TAMS 0x0000000080c00000, 0x0000000080b00000| Untracked 
|  12|0x0000000080c00000, 0x0000000080d00000, 0x0000000080d00000|100%| O|  |TAMS 0x0000000080d00000, 0x0000000080c00000| Untracked 
|  13|0x0000000080d00000, 0x0000000080e00000, 0x0000000080e00000|100%| O|  |TAMS 0x0000000080e00000, 0x0000000080d00000| Untracked 
|  14|0x0000000080e00000, 0x0000000080f00000, 0x0000000080f00000|100%| O|  |TAMS 0x0000000080f00000, 0x0000000080e00000| Untracked 
|  15|0x0000000080f00000, 0x0000000081000000, 0x0000000081000000|100%| O|  |TAMS 0x0000000080fefe00, 0x0000000080f00000| Untracked 
|  16|0x0000000081000000, 0x0000000081000000, 0x0000000081100000|  0%| F|  |TAMS 0x0000000081000000, 0x0000000081000000| Untracked 
|  17|0x0000000081100000, 0x0000000081200000, 0x0000000081200000|100%| O|  |TAMS 0x0000000081100000, 0x0000000081100000| Untracked 
|  18|0x0000000081200000, 0x0000000081300000, 0x0000000081300000|100%| O|  |TAMS 0x0000000081200000, 0x0000000081200000| Untracked 
|  19|0x0000000081300000, 0x0000000081400000, 0x0000000081400000|100%| O|  |TAMS 0x0000000081300000, 0x0000000081300000| Untracked 
|  20|0x0000000081400000, 0x0000000081500000, 0x0000000081500000|100%| O|  |TAMS 0x0000000081400000, 0x0000000081400000| Untracked 
|  21|0x0000000081500000, 0x0000000081600000, 0x0000000081600000|100%| O|  |TAMS 0x0000000081500000, 0x0000000081500000| Untracked 
|  22|0x0000000081600000, 0x0000000081700000, 0x0000000081700000|100%| O|  |TAMS 0x0000000081600000, 0x0000000081600000| Untracked 
|  23|0x0000000081700000, 0x0000000081800000, 0x0000000081800000|100%| O|  |TAMS 0x0000000081700000, 0x0000000081700000| Untracked 
|  24|0x0000000081800000, 0x0000000081900000, 0x0000000081900000|100%| O|  |TAMS 0x0000000081800000, 0x0000000081800000| Untracked 
|  25|0x0000000081900000, 0x0000000081a00000, 0x0000000081a00000|100%| O|  |TAMS 0x0000000081900000, 0x0000000081900000| Untracked 
|  26|0x0000000081a00000, 0x0000000081b00000, 0x0000000081b00000|100%| O|  |TAMS 0x0000000081a00000, 0x0000000081a00000| Untracked 
|  27|0x0000000081b00000, 0x0000000081b2d200, 0x0000000081c00000| 17%| O|  |TAMS 0x0000000081b00000, 0x0000000081b00000| Untracked 
|  28|0x0000000081c00000, 0x0000000081c00000, 0x0000000081d00000|  0%| F|  |TAMS 0x0000000081c00000, 0x0000000081c00000| Untracked 
|  29|0x0000000081d00000, 0x0000000081d00000, 0x0000000081e00000|  0%| F|  |TAMS 0x0000000081d00000, 0x0000000081d00000| Untracked 
|  30|0x0000000081e00000, 0x0000000081e00000, 0x0000000081f00000|  0%| F|  |TAMS 0x0000000081e00000, 0x0000000081e00000| Untracked 
|  31|0x0000000081f00000, 0x0000000081f00000, 0x0000000082000000|  0%| F|  |TAMS 0x0000000081f00000, 0x0000000081f00000| Untracked 
|  32|0x0000000082000000, 0x0000000082000000, 0x0000000082100000|  0%| F|  |TAMS 0x0000000082000000, 0x0000000082000000| Untracked 
|  33|0x0000000082100000, 0x0000000082100000, 0x0000000082200000|  0%| F|  |TAMS 0x0000000082100000, 0x0000000082100000| Untracked 
|  34|0x0000000082200000, 0x0000000082200000, 0x0000000082300000|  0%| F|  |TAMS 0x0000000082200000, 0x0000000082200000| Untracked 
|  35|0x0000000082300000, 0x0000000082300000, 0x0000000082400000|  0%| F|  |TAMS 0x0000000082300000, 0x0000000082300000| Untracked 
|  36|0x0000000082400000, 0x0000000082400000, 0x0000000082500000|  0%| F|  |TAMS 0x0000000082400000, 0x0000000082400000| Untracked 
|  37|0x0000000082500000, 0x0000000082500000, 0x0000000082600000|  0%| F|  |TAMS 0x0000000082500000, 0x0000000082500000| Untracked 
|  38|0x0000000082600000, 0x0000000082600000, 0x0000000082700000|  0%| F|  |TAMS 0x0000000082600000, 0x0000000082600000| Untracked 
|  39|0x0000000082700000, 0x0000000082700000, 0x0000000082800000|  0%| F|  |TAMS 0x0000000082700000, 0x0000000082700000| Untracked 
|  40|0x0000000082800000, 0x0000000082800000, 0x0000000082900000|  0%| F|  |TAMS 0x0000000082800000, 0x0000000082800000| Untracked 
|  41|0x0000000082900000, 0x0000000082900000, 0x0000000082a00000|  0%| F|  |TAMS 0x0000000082900000, 0x0000000082900000| Untracked 
|  42|0x0000000082a00000, 0x0000000082a00000, 0x0000000082b00000|  0%| F|  |TAMS 0x0000000082a00000, 0x0000000082a00000| Untracked 
|  43|0x0000000082b00000, 0x0000000082b00000, 0x0000000082c00000|  0%| F|  |TAMS 0x0000000082b00000, 0x0000000082b00000| Untracked 
|  44|0x0000000082c00000, 0x0000000082c00000, 0x0000000082d00000|  0%| F|  |TAMS 0x0000000082c00000, 0x0000000082c00000| Untracked 
|  45|0x0000000082d00000, 0x0000000082d00000, 0x0000000082e00000|  0%| F|  |TAMS 0x0000000082d00000, 0x0000000082d00000| Untracked 
|  46|0x0000000082e00000, 0x0000000082e00000, 0x0000000082f00000|  0%| F|  |TAMS 0x0000000082e00000, 0x0000000082e00000| Untracked 
|  47|0x0000000082f00000, 0x0000000082f00000, 0x0000000083000000|  0%| F|  |TAMS 0x0000000082f00000, 0x0000000082f00000| Untracked 
|  48|0x0000000083000000, 0x0000000083000000, 0x0000000083100000|  0%| F|  |TAMS 0x0000000083000000, 0x0000000083000000| Untracked 
|  49|0x0000000083100000, 0x0000000083100000, 0x0000000083200000|  0%| F|  |TAMS 0x0000000083100000, 0x0000000083100000| Untracked 
|  50|0x0000000083200000, 0x0000000083200000, 0x0000000083300000|  0%| F|  |TAMS 0x0000000083200000, 0x0000000083200000| Untracked 
|  51|0x0000000083300000, 0x0000000083300000, 0x0000000083400000|  0%| F|  |TAMS 0x0000000083300000, 0x0000000083300000| Untracked 
|  52|0x0000000083400000, 0x0000000083400000, 0x0000000083500000|  0%| F|  |TAMS 0x0000000083400000, 0x0000000083400000| Untracked 
|  53|0x0000000083500000, 0x0000000083500000, 0x0000000083600000|  0%| F|  |TAMS 0x0000000083500000, 0x0000000083500000| Untracked 
|  54|0x0000000083600000, 0x0000000083600000, 0x0000000083700000|  0%| F|  |TAMS 0x0000000083600000, 0x0000000083600000| Untracked 
|  55|0x0000000083700000, 0x0000000083700000, 0x0000000083800000|  0%| F|  |TAMS 0x0000000083700000, 0x0000000083700000| Untracked 
|  56|0x0000000083800000, 0x0000000083800000, 0x0000000083900000|  0%| F|  |TAMS 0x0000000083800000, 0x0000000083800000| Untracked 
|  57|0x0000000083900000, 0x0000000083900000, 0x0000000083a00000|  0%| F|  |TAMS 0x0000000083900000, 0x0000000083900000| Untracked 
|  58|0x0000000083a00000, 0x0000000083a00000, 0x0000000083b00000|  0%| F|  |TAMS 0x0000000083a00000, 0x0000000083a00000| Untracked 
|  59|0x0000000083b00000, 0x0000000083b00000, 0x0000000083c00000|  0%| F|  |TAMS 0x0000000083b00000, 0x0000000083b00000| Untracked 
|  60|0x0000000083c00000, 0x0000000083cafe00, 0x0000000083d00000| 68%| S|CS|TAMS 0x0000000083c00000, 0x0000000083c00000| Complete 
|  61|0x0000000083d00000, 0x0000000083e00000, 0x0000000083e00000|100%| S|CS|TAMS 0x0000000083d00000, 0x0000000083d00000| Complete 
|  62|0x0000000083e00000, 0x0000000083f00000, 0x0000000083f00000|100%| S|CS|TAMS 0x0000000083e00000, 0x0000000083e00000| Complete 
|  63|0x0000000083f00000, 0x0000000083f00000, 0x0000000084000000|  0%| F|  |TAMS 0x0000000083f00000, 0x0000000083f00000| Untracked 
|  64|0x0000000084000000, 0x0000000084000000, 0x0000000084100000|  0%| F|  |TAMS 0x0000000084000000, 0x0000000084000000| Untracked 
|  65|0x0000000084100000, 0x0000000084100000, 0x0000000084200000|  0%| F|  |TAMS 0x0000000084100000, 0x0000000084100000| Untracked 
|  66|0x0000000084200000, 0x0000000084200000, 0x0000000084300000|  0%| F|  |TAMS 0x0000000084200000, 0x0000000084200000| Untracked 
|  67|0x0000000084300000, 0x0000000084300000, 0x0000000084400000|  0%| F|  |TAMS 0x0000000084300000, 0x0000000084300000| Untracked 
|  68|0x0000000084400000, 0x0000000084400000, 0x0000000084500000|  0%| F|  |TAMS 0x0000000084400000, 0x0000000084400000| Untracked 
|  69|0x0000000084500000, 0x0000000084500000, 0x0000000084600000|  0%| F|  |TAMS 0x0000000084500000, 0x0000000084500000| Untracked 
|  70|0x0000000084600000, 0x0000000084600000, 0x0000000084700000|  0%| F|  |TAMS 0x0000000084600000, 0x0000000084600000| Untracked 
|  71|0x0000000084700000, 0x0000000084700000, 0x0000000084800000|  0%| F|  |TAMS 0x0000000084700000, 0x0000000084700000| Untracked 
|  72|0x0000000084800000, 0x0000000084800000, 0x0000000084900000|  0%| F|  |TAMS 0x0000000084800000, 0x0000000084800000| Untracked 
|  73|0x0000000084900000, 0x0000000084900000, 0x0000000084a00000|  0%| F|  |TAMS 0x0000000084900000, 0x0000000084900000| Untracked 
|  74|0x0000000084a00000, 0x0000000084a00000, 0x0000000084b00000|  0%| F|  |TAMS 0x0000000084a00000, 0x0000000084a00000| Untracked 
|  75|0x0000000084b00000, 0x0000000084b00000, 0x0000000084c00000|  0%| F|  |TAMS 0x0000000084b00000, 0x0000000084b00000| Untracked 
|  76|0x0000000084c00000, 0x0000000084c00000, 0x0000000084d00000|  0%| F|  |TAMS 0x0000000084c00000, 0x0000000084c00000| Untracked 
|  77|0x0000000084d00000, 0x0000000084d00000, 0x0000000084e00000|  0%| F|  |TAMS 0x0000000084d00000, 0x0000000084d00000| Untracked 
|  78|0x0000000084e00000, 0x0000000084e00000, 0x0000000084f00000|  0%| F|  |TAMS 0x0000000084e00000, 0x0000000084e00000| Untracked 
|  79|0x0000000084f00000, 0x0000000084f00000, 0x0000000085000000|  0%| F|  |TAMS 0x0000000084f00000, 0x0000000084f00000| Untracked 
|  80|0x0000000085000000, 0x0000000085000000, 0x0000000085100000|  0%| F|  |TAMS 0x0000000085000000, 0x0000000085000000| Untracked 
|  81|0x0000000085100000, 0x0000000085100000, 0x0000000085200000|  0%| F|  |TAMS 0x0000000085100000, 0x0000000085100000| Untracked 
|  82|0x0000000085200000, 0x0000000085200000, 0x0000000085300000|  0%| F|  |TAMS 0x0000000085200000, 0x0000000085200000| Untracked 
|  83|0x0000000085300000, 0x0000000085300000, 0x0000000085400000|  0%| F|  |TAMS 0x0000000085300000, 0x0000000085300000| Untracked 
|  84|0x0000000085400000, 0x0000000085400000, 0x0000000085500000|  0%| F|  |TAMS 0x0000000085400000, 0x0000000085400000| Untracked 
|  85|0x0000000085500000, 0x0000000085500000, 0x0000000085600000|  0%| F|  |TAMS 0x0000000085500000, 0x0000000085500000| Untracked 
|  86|0x0000000085600000, 0x0000000085600000, 0x0000000085700000|  0%| F|  |TAMS 0x0000000085600000, 0x0000000085600000| Untracked 
|  87|0x0000000085700000, 0x0000000085700000, 0x0000000085800000|  0%| F|  |TAMS 0x0000000085700000, 0x0000000085700000| Untracked 
|  88|0x0000000085800000, 0x0000000085800000, 0x0000000085900000|  0%| F|  |TAMS 0x0000000085800000, 0x0000000085800000| Untracked 
|  89|0x0000000085900000, 0x0000000085900000, 0x0000000085a00000|  0%| F|  |TAMS 0x0000000085900000, 0x0000000085900000| Untracked 
|  90|0x0000000085a00000, 0x0000000085a00000, 0x0000000085b00000|  0%| F|  |TAMS 0x0000000085a00000, 0x0000000085a00000| Untracked 
|  91|0x0000000085b00000, 0x0000000085b00000, 0x0000000085c00000|  0%| F|  |TAMS 0x0000000085b00000, 0x0000000085b00000| Untracked 
|  92|0x0000000085c00000, 0x0000000085c00000, 0x0000000085d00000|  0%| F|  |TAMS 0x0000000085c00000, 0x0000000085c00000| Untracked 
|  93|0x0000000085d00000, 0x0000000085d00000, 0x0000000085e00000|  0%| F|  |TAMS 0x0000000085d00000, 0x0000000085d00000| Untracked 
|  94|0x0000000085e00000, 0x0000000085e00000, 0x0000000085f00000|  0%| F|  |TAMS 0x0000000085e00000, 0x0000000085e00000| Untracked 
|  95|0x0000000085f00000, 0x0000000085f00000, 0x0000000086000000|  0%| F|  |TAMS 0x0000000085f00000, 0x0000000085f00000| Untracked 
|  96|0x0000000086000000, 0x0000000086000000, 0x0000000086100000|  0%| F|  |TAMS 0x0000000086000000, 0x0000000086000000| Untracked 
|  97|0x0000000086100000, 0x0000000086100000, 0x0000000086200000|  0%| F|  |TAMS 0x0000000086100000, 0x0000000086100000| Untracked 
|  98|0x0000000086200000, 0x0000000086200000, 0x0000000086300000|  0%| F|  |TAMS 0x0000000086200000, 0x0000000086200000| Untracked 
|  99|0x0000000086300000, 0x0000000086300000, 0x0000000086400000|  0%| F|  |TAMS 0x0000000086300000, 0x0000000086300000| Untracked 
| 100|0x0000000086400000, 0x0000000086400000, 0x0000000086500000|  0%| F|  |TAMS 0x0000000086400000, 0x0000000086400000| Untracked 
| 101|0x0000000086500000, 0x0000000086500000, 0x0000000086600000|  0%| F|  |TAMS 0x0000000086500000, 0x0000000086500000| Untracked 
| 102|0x0000000086600000, 0x0000000086600000, 0x0000000086700000|  0%| F|  |TAMS 0x0000000086600000, 0x0000000086600000| Untracked 
| 103|0x0000000086700000, 0x0000000086700000, 0x0000000086800000|  0%| F|  |TAMS 0x0000000086700000, 0x0000000086700000| Untracked 
| 104|0x0000000086800000, 0x0000000086800000, 0x0000000086900000|  0%| F|  |TAMS 0x0000000086800000, 0x0000000086800000| Untracked 
| 105|0x0000000086900000, 0x0000000086900000, 0x0000000086a00000|  0%| F|  |TAMS 0x0000000086900000, 0x0000000086900000| Untracked 
| 106|0x0000000086a00000, 0x0000000086a00000, 0x0000000086b00000|  0%| F|  |TAMS 0x0000000086a00000, 0x0000000086a00000| Untracked 
| 107|0x0000000086b00000, 0x0000000086b00000, 0x0000000086c00000|  0%| F|  |TAMS 0x0000000086b00000, 0x0000000086b00000| Untracked 
| 108|0x0000000086c00000, 0x0000000086c00000, 0x0000000086d00000|  0%| F|  |TAMS 0x0000000086c00000, 0x0000000086c00000| Untracked 
| 109|0x0000000086d00000, 0x0000000086d00000, 0x0000000086e00000|  0%| F|  |TAMS 0x0000000086d00000, 0x0000000086d00000| Untracked 
| 110|0x0000000086e00000, 0x0000000086e00000, 0x0000000086f00000|  0%| F|  |TAMS 0x0000000086e00000, 0x0000000086e00000| Untracked 
| 111|0x0000000086f00000, 0x0000000086f00000, 0x0000000087000000|  0%| F|  |TAMS 0x0000000086f00000, 0x0000000086f00000| Untracked 
| 112|0x0000000087000000, 0x0000000087000000, 0x0000000087100000|  0%| F|  |TAMS 0x0000000087000000, 0x0000000087000000| Untracked 
| 113|0x0000000087100000, 0x0000000087100000, 0x0000000087200000|  0%| F|  |TAMS 0x0000000087100000, 0x0000000087100000| Untracked 
| 114|0x0000000087200000, 0x0000000087200000, 0x0000000087300000|  0%| F|  |TAMS 0x0000000087200000, 0x0000000087200000| Untracked 
| 115|0x0000000087300000, 0x0000000087300000, 0x0000000087400000|  0%| F|  |TAMS 0x0000000087300000, 0x0000000087300000| Untracked 
| 116|0x0000000087400000, 0x0000000087400000, 0x0000000087500000|  0%| F|  |TAMS 0x0000000087400000, 0x0000000087400000| Untracked 
| 117|0x0000000087500000, 0x0000000087500000, 0x0000000087600000|  0%| F|  |TAMS 0x0000000087500000, 0x0000000087500000| Untracked 
| 118|0x0000000087600000, 0x0000000087600000, 0x0000000087700000|  0%| F|  |TAMS 0x0000000087600000, 0x0000000087600000| Untracked 
| 119|0x0000000087700000, 0x0000000087700000, 0x0000000087800000|  0%| F|  |TAMS 0x0000000087700000, 0x0000000087700000| Untracked 
| 120|0x0000000087800000, 0x0000000087800000, 0x0000000087900000|  0%| F|  |TAMS 0x0000000087800000, 0x0000000087800000| Untracked 
| 121|0x0000000087900000, 0x0000000087900000, 0x0000000087a00000|  0%| F|  |TAMS 0x0000000087900000, 0x0000000087900000| Untracked 
| 122|0x0000000087a00000, 0x0000000087a00000, 0x0000000087b00000|  0%| F|  |TAMS 0x0000000087a00000, 0x0000000087a00000| Untracked 
| 123|0x0000000087b00000, 0x0000000087b00000, 0x0000000087c00000|  0%| F|  |TAMS 0x0000000087b00000, 0x0000000087b00000| Untracked 
| 124|0x0000000087c00000, 0x0000000087c00000, 0x0000000087d00000|  0%| F|  |TAMS 0x0000000087c00000, 0x0000000087c00000| Untracked 
| 125|0x0000000087d00000, 0x0000000087d00000, 0x0000000087e00000|  0%| F|  |TAMS 0x0000000087d00000, 0x0000000087d00000| Untracked 
| 126|0x0000000087e00000, 0x0000000087e00000, 0x0000000087f00000|  0%| F|  |TAMS 0x0000000087e00000, 0x0000000087e00000| Untracked 
| 127|0x0000000087f00000, 0x0000000087f00000, 0x0000000088000000|  0%| F|  |TAMS 0x0000000087f00000, 0x0000000087f00000| Untracked 
| 128|0x0000000088000000, 0x0000000088000000, 0x0000000088100000|  0%| F|  |TAMS 0x0000000088000000, 0x0000000088000000| Untracked 
| 129|0x0000000088100000, 0x0000000088100000, 0x0000000088200000|  0%| F|  |TAMS 0x0000000088100000, 0x0000000088100000| Untracked 
| 130|0x0000000088200000, 0x0000000088200000, 0x0000000088300000|  0%| F|  |TAMS 0x0000000088200000, 0x0000000088200000| Untracked 
| 131|0x0000000088300000, 0x0000000088300000, 0x0000000088400000|  0%| F|  |TAMS 0x0000000088300000, 0x0000000088300000| Untracked 
| 132|0x0000000088400000, 0x0000000088400000, 0x0000000088500000|  0%| F|  |TAMS 0x0000000088400000, 0x0000000088400000| Untracked 
| 133|0x0000000088500000, 0x0000000088500000, 0x0000000088600000|  0%| F|  |TAMS 0x0000000088500000, 0x0000000088500000| Untracked 
| 134|0x0000000088600000, 0x0000000088600000, 0x0000000088700000|  0%| F|  |TAMS 0x0000000088600000, 0x0000000088600000| Untracked 
| 135|0x0000000088700000, 0x0000000088700000, 0x0000000088800000|  0%| F|  |TAMS 0x0000000088700000, 0x0000000088700000| Untracked 
| 136|0x0000000088800000, 0x0000000088800000, 0x0000000088900000|  0%| F|  |TAMS 0x0000000088800000, 0x0000000088800000| Untracked 
| 137|0x0000000088900000, 0x0000000088900000, 0x0000000088a00000|  0%| F|  |TAMS 0x0000000088900000, 0x0000000088900000| Untracked 
| 138|0x0000000088a00000, 0x0000000088a00000, 0x0000000088b00000|  0%| F|  |TAMS 0x0000000088a00000, 0x0000000088a00000| Untracked 
| 139|0x0000000088b00000, 0x0000000088bddf30, 0x0000000088c00000| 86%| E|  |TAMS 0x0000000088b00000, 0x0000000088b00000| Complete 
| 140|0x0000000088c00000, 0x0000000088d00000, 0x0000000088d00000|100%| E|CS|TAMS 0x0000000088c00000, 0x0000000088c00000| Complete 
| 141|0x0000000088d00000, 0x0000000088e00000, 0x0000000088e00000|100%| E|CS|TAMS 0x0000000088d00000, 0x0000000088d00000| Complete 
| 142|0x0000000088e00000, 0x0000000088f00000, 0x0000000088f00000|100%| E|CS|TAMS 0x0000000088e00000, 0x0000000088e00000| Complete 
| 143|0x0000000088f00000, 0x0000000089000000, 0x0000000089000000|100%| E|CS|TAMS 0x0000000088f00000, 0x0000000088f00000| Complete 
| 144|0x0000000089000000, 0x0000000089100000, 0x0000000089100000|100%| E|CS|TAMS 0x0000000089000000, 0x0000000089000000| Complete 
| 145|0x0000000089100000, 0x0000000089200000, 0x0000000089200000|100%| E|CS|TAMS 0x0000000089100000, 0x0000000089100000| Complete 
| 146|0x0000000089200000, 0x0000000089300000, 0x0000000089300000|100%| E|CS|TAMS 0x0000000089200000, 0x0000000089200000| Complete 
| 147|0x0000000089300000, 0x0000000089400000, 0x0000000089400000|100%| E|CS|TAMS 0x0000000089300000, 0x0000000089300000| Complete 
| 148|0x0000000089400000, 0x0000000089500000, 0x0000000089500000|100%| E|CS|TAMS 0x0000000089400000, 0x0000000089400000| Complete 
| 149|0x0000000089500000, 0x0000000089600000, 0x0000000089600000|100%| E|CS|TAMS 0x0000000089500000, 0x0000000089500000| Complete 
| 150|0x0000000089600000, 0x0000000089700000, 0x0000000089700000|100%| E|CS|TAMS 0x0000000089600000, 0x0000000089600000| Complete 
| 151|0x0000000089700000, 0x0000000089800000, 0x0000000089800000|100%| E|CS|TAMS 0x0000000089700000, 0x0000000089700000| Complete 

Card table byte_map: [0x000001e658850000,0x000001e658c50000] _byte_map_base: 0x000001e658450000

Marking Bits (Prev, Next): (CMBitMap*) 0x000001e644f0c498, (CMBitMap*) 0x000001e644f0c4d0
 Prev Bits: [0x000001e659050000, 0x000001e65b050000)
 Next Bits: [0x000001e65b050000, 0x000001e65d050000)

Polling page: 0x000001e6489c0000

Metaspace:

Usage:
  Non-class:     39.82 MB capacity,    39.08 MB ( 98%) used,   652.65 KB (  2%) free+waste,   112.38 KB ( <1%) overhead. 
      Class:      6.15 MB capacity,     5.74 MB ( 93%) used,   363.26 KB (  6%) free+waste,    53.88 KB ( <1%) overhead. 
       Both:     45.98 MB capacity,    44.82 MB ( 97%) used,  1015.91 KB (  2%) free+waste,   166.25 KB ( <1%) overhead. 

Virtual space:
  Non-class space:       40.00 MB reserved,      40.00 MB (100%) committed 
      Class space:        1.00 GB reserved,       6.20 MB ( <1%) committed 
             Both:        1.04 GB reserved,      46.20 MB (  4%) committed 

Chunk freelists:
   Non-Class:  52.00 KB
       Class:  4.00 KB
        Both:  56.00 KB

MaxMetaspaceSize: 17179869184.00 GB
CompressedClassSpaceSize: 1.00 GB

CodeHeap 'non-profiled nmethods': size=120000Kb used=2229Kb max_used=2229Kb free=117770Kb
 bounds [0x000001e6504b0000, 0x000001e650720000, 0x000001e6579e0000]
CodeHeap 'profiled nmethods': size=120000Kb used=8511Kb max_used=8511Kb free=111488Kb
 bounds [0x000001e648f80000, 0x000001e6497d0000, 0x000001e6504b0000]
CodeHeap 'non-nmethods': size=5760Kb used=2216Kb max_used=2266Kb free=3543Kb
 bounds [0x000001e6489e0000, 0x000001e648c50000, 0x000001e648f80000]
 total_blobs=4947 nmethods=4162 adapters=696
 compilation: enabled
              stopped_count=0, restarted_count=0
 full_count=0

Compilation events (20 events):
Event: 18.439 Thread 0x000001e6607bb800 nmethod 4059 0x000001e6506cde10 code [0x000001e6506cdfa0, 0x000001e6506cdff8]
Event: 18.439 Thread 0x000001e65fb58000 nmethod 4060 0x000001e6506ce090 code [0x000001e6506ce220, 0x000001e6506ce278]
Event: 18.439 Thread 0x000001e65fb5e800 4061       3       com.google.common.collect.ImmutableList::iterator (5 bytes)
Event: 18.440 Thread 0x000001e65fb5e800 nmethod 4061 0x000001e6497a2d90 code [0x000001e6497a2f60, 0x000001e6497a32c8]
Event: 18.440 Thread 0x000001e65fb5e800 4062       1       org.gradle.api.internal.artifacts.repositories.resolver.ExternalResourceResolver::getName (5 bytes)
Event: 18.440 Thread 0x000001e65fb5e800 nmethod 4062 0x000001e6506ce310 code [0x000001e6506ce4c0, 0x000001e6506ce578]
Event: 18.441 Thread 0x000001e65fb5e800 4063       3       java.util.Comparator::thenComparing (19 bytes)
Event: 18.442 Thread 0x000001e65fb5e800 nmethod 4063 0x000001e6497a3410 code [0x000001e6497a3620, 0x000001e6497a3d68]
Event: 18.442 Thread 0x000001e65fb5e800 4064       3       java.util.Comparator$$Lambda$427/0x0000000100601840::get$Lambda (10 bytes)
Event: 18.443 Thread 0x000001e65fb5e800 nmethod 4064 0x000001e6497a3f90 code [0x000001e6497a4160, 0x000001e6497a4418]
Event: 18.443 Thread 0x000001e65fb5e800 4065       1       org.gradle.api.internal.artifacts.ivyservice.resolveengine.graph.builder.DependencyState::hashCode (5 bytes)
Event: 18.443 Thread 0x000001e65fb5e800 nmethod 4065 0x000001e6506ce610 code [0x000001e6506ce7c0, 0x000001e6506ce878]
Event: 18.445 Thread 0x000001e65fb5e800 4066       3       java.lang.invoke.LambdaForm$MH/0x000000010024b840::linkToTargetMethod (11 bytes)
Event: 18.446 Thread 0x000001e65fb5e800 nmethod 4066 0x000001e6497a4510 code [0x000001e6497a46e0, 0x000001e6497a4b18]
Event: 18.446 Thread 0x000001e65fb5e800 4067       3       java.lang.invoke.LambdaForm$DMH/0x000000010024c040::invokeStatic (18 bytes)
Event: 18.447 Thread 0x000001e65fb5e800 nmethod 4067 0x000001e6497a4c10 code [0x000001e6497a4de0, 0x000001e6497a5338]
Event: 18.447 Thread 0x000001e65fb5e800 4068       1       org.gradle.api.internal.artifacts.ivyservice.resolveengine.graph.builder.EdgeState::getSelector (5 bytes)
Event: 18.447 Thread 0x000001e65fb5e800 nmethod 4068 0x000001e6506ce910 code [0x000001e6506ceac0, 0x000001e6506ceb78]
Event: 18.447 Thread 0x000001e65fb5e800 4069       3       org.gradle.api.internal.artifacts.ivyservice.resolveengine.graph.builder.ModuleSelectors::size (10 bytes)
Event: 18.447 Thread 0x000001e65fb5e800 nmethod 4069 0x000001e6497a5490 code [0x000001e6497a5640, 0x000001e6497a5808]

GC Heap History (16 events):
Event: 2.138 GC heap before
{Heap before GC invocations=0 (full 0):
 garbage-first heap   total 129024K, used 29696K [0x0000000080000000, 0x0000000100000000)
  region size 1024K, 24 young (24576K), 0 survivors (0K)
 Metaspace       used 9787K, capacity 9986K, committed 10112K, reserved 1058816K
  class space    used 1022K, capacity 1102K, committed 1152K, reserved 1048576K
}
Event: 2.154 GC heap after
{Heap after GC invocations=1 (full 0):
 garbage-first heap   total 129024K, used 9328K [0x0000000080000000, 0x0000000100000000)
  region size 1024K, 3 young (3072K), 3 survivors (3072K)
 Metaspace       used 9787K, capacity 9986K, committed 10112K, reserved 1058816K
  class space    used 1022K, capacity 1102K, committed 1152K, reserved 1048576K
}
Event: 3.115 GC heap before
{Heap before GC invocations=1 (full 0):
 garbage-first heap   total 129024K, used 29808K [0x0000000080000000, 0x0000000100000000)
  region size 1024K, 23 young (23552K), 3 survivors (3072K)
 Metaspace       used 10716K, capacity 10939K, committed 11264K, reserved 1058816K
  class space    used 1123K, capacity 1206K, committed 1280K, reserved 1048576K
}
Event: 3.123 GC heap after
{Heap after GC invocations=2 (full 0):
 garbage-first heap   total 129024K, used 10405K [0x0000000080000000, 0x0000000100000000)
  region size 1024K, 1 young (1024K), 1 survivors (1024K)
 Metaspace       used 10716K, capacity 10939K, committed 11264K, reserved 1058816K
  class space    used 1123K, capacity 1206K, committed 1280K, reserved 1048576K
}
Event: 8.877 GC heap before
{Heap before GC invocations=2 (full 0):
 garbage-first heap   total 129024K, used 57509K [0x0000000080000000, 0x0000000100000000)
  region size 1024K, 47 young (48128K), 1 survivors (1024K)
 Metaspace       used 17374K, capacity 17831K, committed 18048K, reserved 1064960K
  class space    used 2017K, capacity 2172K, committed 2176K, reserved 1048576K
}
Event: 8.891 GC heap after
{Heap after GC invocations=3 (full 0):
 garbage-first heap   total 129024K, used 16907K [0x0000000080000000, 0x0000000100000000)
  region size 1024K, 6 young (6144K), 6 survivors (6144K)
 Metaspace       used 17374K, capacity 17831K, committed 18048K, reserved 1064960K
  class space    used 2017K, capacity 2172K, committed 2176K, reserved 1048576K
}
Event: 9.727 GC heap before
{Heap before GC invocations=3 (full 0):
 garbage-first heap   total 129024K, used 45579K [0x0000000080000000, 0x0000000100000000)
  region size 1024K, 35 young (35840K), 6 survivors (6144K)
 Metaspace       used 20640K, capacity 21119K, committed 21248K, reserved 1067008K
  class space    used 2518K, capacity 2720K, committed 2816K, reserved 1048576K
}
Event: 9.746 GC heap after
{Heap after GC invocations=4 (full 0):
 garbage-first heap   total 129024K, used 17386K [0x0000000080000000, 0x0000000100000000)
  region size 1024K, 2 young (2048K), 2 survivors (2048K)
 Metaspace       used 20640K, capacity 21119K, committed 21248K, reserved 1067008K
  class space    used 2518K, capacity 2720K, committed 2816K, reserved 1048576K
}
Event: 11.226 GC heap before
{Heap before GC invocations=5 (full 0):
 garbage-first heap   total 129024K, used 65514K [0x0000000080000000, 0x0000000100000000)
  region size 1024K, 50 young (51200K), 2 survivors (2048K)
 Metaspace       used 25751K, capacity 26355K, committed 26496K, reserved 1073152K
  class space    used 3361K, capacity 3598K, committed 3712K, reserved 1048576K
}
Event: 11.236 GC heap after
{Heap after GC invocations=6 (full 0):
 garbage-first heap   total 129024K, used 19053K [0x0000000080000000, 0x0000000100000000)
  region size 1024K, 3 young (3072K), 3 survivors (3072K)
 Metaspace       used 25751K, capacity 26355K, committed 26496K, reserved 1073152K
  class space    used 3361K, capacity 3598K, committed 3712K, reserved 1048576K
}
Event: 13.800 GC heap before
{Heap before GC invocations=6 (full 0):
 garbage-first heap   total 129024K, used 78445K [0x0000000080000000, 0x0000000100000000)
  region size 1024K, 63 young (64512K), 3 survivors (3072K)
 Metaspace       used 35034K, capacity 35832K, committed 35840K, reserved 1081344K
  class space    used 4533K, capacity 4864K, committed 4864K, reserved 1048576K
}
Event: 13.828 GC heap after
{Heap after GC invocations=7 (full 0):
 garbage-first heap   total 129024K, used 22621K [0x0000000080000000, 0x0000000100000000)
  region size 1024K, 7 young (7168K), 7 survivors (7168K)
 Metaspace       used 35034K, capacity 35832K, committed 35840K, reserved 1081344K
  class space    used 4533K, capacity 4864K, committed 4864K, reserved 1048576K
}
Event: 15.968 GC heap before
{Heap before GC invocations=8 (full 0):
 garbage-first heap   total 129024K, used 87133K [0x0000000080000000, 0x0000000100000000)
  region size 1024K, 67 young (68608K), 7 survivors (7168K)
 Metaspace       used 39462K, capacity 40332K, committed 40524K, reserved 1085440K
  class space    used 5030K, capacity 5357K, committed 5452K, reserved 1048576K
}
Event: 15.995 GC heap after
{Heap after GC invocations=9 (full 0):
 garbage-first heap   total 129024K, used 27582K [0x0000000080000000, 0x0000000100000000)
  region size 1024K, 9 young (9216K), 9 survivors (9216K)
 Metaspace       used 39462K, capacity 40332K, committed 40524K, reserved 1085440K
  class space    used 5030K, capacity 5357K, committed 5452K, reserved 1048576K
}
Event: 18.013 GC heap before
{Heap before GC invocations=9 (full 0):
 garbage-first heap   total 129024K, used 89022K [0x0000000080000000, 0x0000000100000000)
  region size 1024K, 69 young (70656K), 9 survivors (9216K)
 Metaspace       used 45008K, capacity 46161K, committed 46412K, reserved 1089536K
  class space    used 5779K, capacity 6188K, committed 6220K, reserved 1048576K
}
Event: 18.040 GC heap after
{Heap after GC invocations=10 (full 0):
 garbage-first heap   total 155648K, used 29556K [0x0000000080000000, 0x0000000100000000)
  region size 1024K, 3 young (3072K), 3 survivors (3072K)
 Metaspace       used 45008K, capacity 46161K, committed 46412K, reserved 1089536K
  class space    used 5779K, capacity 6188K, committed 6220K, reserved 1048576K
}

Deoptimization events (20 events):
Event: 17.420 Thread 0x000001e66171d800 DEOPT PACKING pc=0x000001e65052338c sp=0x000000d13d5f8e00
Event: 17.420 Thread 0x000001e66171d800 DEOPT UNPACKING pc=0x000001e648a078af sp=0x000000d13d5f8d90 mode 2
Event: 17.420 Thread 0x000001e66171d800 Uncommon trap: trap_request=0xffffff4d fr.pc=0x000001e6504fcdd4 relative=0x0000000000000114
Event: 17.420 Thread 0x000001e66171d800 Uncommon trap: reason=unstable_if action=reinterpret pc=0x000001e6504fcdd4 method=java.net.URI.match(CJJ)Z @ 45 c2
Event: 17.420 Thread 0x000001e66171d800 DEOPT PACKING pc=0x000001e6504fcdd4 sp=0x000000d13d5f8b70
Event: 17.420 Thread 0x000001e66171d800 DEOPT UNPACKING pc=0x000001e648a078af sp=0x000000d13d5f8aa8 mode 2
Event: 17.420 Thread 0x000001e66171d800 Uncommon trap: trap_request=0xffffff4d fr.pc=0x000001e6504cd3e8 relative=0x0000000000000048
Event: 17.420 Thread 0x000001e66171d800 Uncommon trap: reason=unstable_if action=reinterpret pc=0x000001e6504cd3e8 method=java.net.URI.match(CJJ)Z @ 19 c2
Event: 17.420 Thread 0x000001e66171d800 DEOPT PACKING pc=0x000001e6504cd3e8 sp=0x000000d13d5f8b80
Event: 17.420 Thread 0x000001e66171d800 DEOPT UNPACKING pc=0x000001e648a078af sp=0x000000d13d5f8b30 mode 2
Event: 17.840 Thread 0x000001e66171d800 DEOPT PACKING pc=0x000001e649426391 sp=0x000000d13d5f6f90
Event: 17.840 Thread 0x000001e66171d800 DEOPT UNPACKING pc=0x000001e648a076ce sp=0x000000d13d5f6470 mode 0
Event: 18.123 Thread 0x000001e66253b000 Uncommon trap: trap_request=0xffffffc6 fr.pc=0x000001e65061c428 relative=0x0000000000000608
Event: 18.123 Thread 0x000001e66253b000 Uncommon trap: reason=bimorphic_or_optimized_type_check action=maybe_recompile pc=0x000001e65061c428 method=java.util.stream.Sink$ChainedReference.cancellationRequested()Z @ 4 c2
Event: 18.124 Thread 0x000001e66253b000 DEOPT PACKING pc=0x000001e65061c428 sp=0x000000d13d1fed50
Event: 18.124 Thread 0x000001e66253b000 DEOPT UNPACKING pc=0x000001e648a078af sp=0x000000d13d1fec90 mode 2
Event: 18.412 Thread 0x000001e66171d800 Uncommon trap: trap_request=0xffffff4d fr.pc=0x000001e6505eb7ec relative=0x00000000000001cc
Event: 18.412 Thread 0x000001e66171d800 Uncommon trap: reason=unstable_if action=reinterpret pc=0x000001e6505eb7ec method=java.util.ArrayDeque.addLast(Ljava/lang/Object;)V @ 42 c2
Event: 18.413 Thread 0x000001e66171d800 DEOPT PACKING pc=0x000001e6505eb7ec sp=0x000000d13d5f8f70
Event: 18.413 Thread 0x000001e66171d800 DEOPT UNPACKING pc=0x000001e648a078af sp=0x000000d13d5f8f30 mode 2

Classes redefined (0 events):
No events

Internal exceptions (20 events):
Event: 17.005 Thread 0x000001e66171d800 Exception <a 'java/lang/ClassNotFoundException'{0x00000000863f60e0}: org/gradle/api/internal/project/ProjectScriptBeanInfo> (0x00000000863f60e0) thrown at [./src/hotspot/share/classfile/systemDictionary.cpp, line 231]
Event: 17.007 Thread 0x000001e66171d800 Exception <a 'java/lang/ClassNotFoundException'{0x000000008620c5d8}: org/gradle/api/internal/project/ProjectScriptCustomizer> (0x000000008620c5d8) thrown at [./src/hotspot/share/classfile/systemDictionary.cpp, line 231]
Event: 17.011 Thread 0x000001e66171d800 Exception <a 'java/lang/ClassNotFoundException'{0x00000000862277c8}: build_2oyxlqr33ugqafg0fj09oq52oCustomizer> (0x00000000862277c8) thrown at [./src/hotspot/share/classfile/systemDictionary.cpp, line 231]
Event: 17.039 Thread 0x000001e66171d800 Exception <a 'java/lang/ClassNotFoundException'{0x00000000862b8f60}: org/gradle/api/internal/initialization/DefaultScriptHandlerBeanInfo> (0x00000000862b8f60) thrown at [./src/hotspot/share/classfile/systemDictionary.cpp, line 231]
Event: 17.043 Thread 0x000001e66171d800 Exception <a 'java/lang/ClassNotFoundException'{0x00000000862e1f18}: org/gradle/api/internal/initialization/DefaultScriptHandlerCustomizer> (0x00000000862e1f18) thrown at [./src/hotspot/share/classfile/systemDictionary.cpp, line 231]
Event: 17.340 Thread 0x000001e66171d800 Exception <a 'java/lang/ClassNotFoundException'{0x0000000085a9ea70}: org/gradle/api/internal/artifacts/dsl/dependencies/DefaultDependencyHandler_DecoratedBeanInfo> (0x0000000085a9ea70) thrown at [./src/hotspot/share/classfile/systemDictionary.cpp, line 231]
Event: 17.343 Thread 0x000001e66171d800 Exception <a 'java/lang/ClassNotFoundException'{0x0000000085adcbd0}: org/gradle/api/internal/artifacts/dsl/dependencies/DefaultDependencyHandlerBeanInfo> (0x0000000085adcbd0) thrown at [./src/hotspot/share/classfile/systemDictionary.cpp, line 231]
Event: 17.346 Thread 0x000001e66171d800 Exception <a 'java/lang/ClassNotFoundException'{0x000000008591b5a8}: org/gradle/api/internal/artifacts/dsl/dependencies/DefaultDependencyHandlerCustomizer> (0x000000008591b5a8) thrown at [./src/hotspot/share/classfile/systemDictionary.cpp, line 231]
Event: 17.356 Thread 0x000001e66171d800 Exception <a 'java/lang/ClassNotFoundException'{0x0000000085982c88}: org/gradle/api/internal/artifacts/dsl/dependencies/DefaultDependencyHandler_DecoratedCustomizer> (0x0000000085982c88) thrown at [./src/hotspot/share/classfile/systemDictionary.cpp, line 231]
Event: 17.397 Thread 0x000001e66171d800 Exception <a 'java/lang/NoSuchMethodError'{0x000000008588dc68}: 'java.lang.Object java.lang.invoke.DirectMethodHandle$Holder.invokeStatic(java.lang.Object, java.lang.Object, int, java.lang.Object)'> (0x000000008588dc68) thrown at [./src/hotspot/share/interpreter/linkResolver.cpp, line 773]
Event: 17.398 Thread 0x000001e66171d800 Exception <a 'java/lang/NoSuchMethodError'{0x0000000085894f00}: 'java.lang.Object java.lang.invoke.Invokers$Holder.linkToTargetMethod(java.lang.Object, int, java.lang.Object, java.lang.Object)'> (0x0000000085894f00) thrown at [./src/hotspot/share/interpreter/linkResolver.cpp, line 773]
Event: 17.841 Thread 0x000001e66171d800 Exception <a 'java/lang/NoSuchMethodError'{0x00000000847b47b0}: 'java.lang.Object java.lang.invoke.DelegatingMethodHandle$Holder.reinvoke_L(java.lang.Object, java.lang.Object, java.lang.Object, java.lang.Object, java.lang.Object, java.lang.Object, java.lang.Object, java.lang.Object, java.lang.Object, java.lang.Object, java.lang.Object, java.lang.Object, java.lang.Object, java.lang.Object, java.lang.Object, java.lang.Object, java.lang.Object, java.lang.Object, java.lang.Object, java.lang.Object, java.lang.O
Event: 17.843 Thread 0x000001e66171d800 Exception <a 'java/lang/NoSuchMethodError'{0x00000000847c01b8}: 'java.lang.Object java.lang.invoke.DirectMethodHandle$Holder.invokeSpecial(java.lang.Object, java.lang.Object, java.lang.Object, java.lang.Object, java.lang.Object, java.lang.Object, java.lang.Object, java.lang.Object, java.lang.Object, java.lang.Object, java.lang.Object, java.lang.Object, java.lang.Object, java.lang.Object, java.lang.Object, java.lang.Object, java.lang.Object, java.lang.Object, java.lang.Object, java.lang.Object, java.lang.Ob
Event: 17.844 Thread 0x000001e66171d800 Exception <a 'java/lang/NoSuchMethodError'{0x00000000847c63a8}: 'java.lang.Object java.lang.invoke.Invokers$Holder.invoker(java.lang.Object, java.lang.Object, java.lang.Object, java.lang.Object, java.lang.Object, java.lang.Object, java.lang.Object, java.lang.Object, java.lang.Object, java.lang.Object, java.lang.Object, java.lang.Object, java.lang.Object, java.lang.Object, java.lang.Object, java.lang.Object, java.lang.Object, java.lang.Object, java.lang.Object, java.lang.Object, java.lang.Object)'> (0x00000
Event: 17.845 Thread 0x000001e66171d800 Exception <a 'java/lang/NoSuchMethodError'{0x00000000847cd718}: 'java.lang.Object java.lang.invoke.DelegatingMethodHandle$Holder.delegate(java.lang.Object, java.lang.Object, java.lang.Object, java.lang.Object, java.lang.Object, java.lang.Object, java.lang.Object, java.lang.Object, java.lang.Object, java.lang.Object, java.lang.Object, java.lang.Object, java.lang.Object, java.lang.Object, java.lang.Object, java.lang.Object, java.lang.Object, java.lang.Object, java.lang.Object, java.lang.Object, java.lang.Obj
Event: 17.858 Thread 0x000001e66171d800 Exception <a 'java/lang/NoSuchMethodError'{0x0000000084616c70}: 'java.lang.Object java.lang.invoke.DirectMethodHandle$Holder.invokeStatic(java.lang.Object, java.lang.Object, java.lang.Object, java.lang.Object, java.lang.Object, java.lang.Object, java.lang.Object, java.lang.Object, java.lang.Object, java.lang.Object, java.lang.Object, java.lang.Object, java.lang.Object, java.lang.Object, java.lang.Object)'> (0x0000000084616c70) thrown at [./src/hotspot/share/interpreter/linkResolver.cpp, line 773]
Event: 17.862 Thread 0x000001e66171d800 Exception <a 'java/lang/NoSuchMethodError'{0x00000000846272a8}: 'java.lang.Object java.lang.invoke.DirectMethodHandle$Holder.invokeStatic(java.lang.Object, java.lang.Object, java.lang.Object, java.lang.Object, java.lang.Object, java.lang.Object, java.lang.Object, java.lang.Object, java.lang.Object, java.lang.Object, java.lang.Object, java.lang.Object, java.lang.Object, java.lang.Object, java.lang.Object, java.lang.Object)'> (0x00000000846272a8) thrown at [./src/hotspot/share/interpreter/linkResolver.cpp, l
Event: 17.866 Thread 0x000001e66171d800 Exception <a 'java/lang/NoSuchMethodError'{0x00000000846377f0}: 'java.lang.Object java.lang.invoke.DelegatingMethodHandle$Holder.reinvoke_L(java.lang.Object, java.lang.Object, java.lang.Object, java.lang.Object, java.lang.Object, java.lang.Object, java.lang.Object, java.lang.Object, java.lang.Object, java.lang.Object, java.lang.Object, java.lang.Object, java.lang.Object, java.lang.Object, java.lang.Object, java.lang.Object, java.lang.Object, java.lang.Object, java.lang.Object, java.lang.Object)'> (0x000000
Event: 17.975 Thread 0x000001e66171d800 Exception <a 'java/lang/IncompatibleClassChangeError'{0x00000000843908a0}: Found class java.lang.Object, but interface was expected> (0x00000000843908a0) thrown at [./src/hotspot/share/interpreter/linkResolver.cpp, line 839]
Event: 18.228 Thread 0x000001e66171d800 Exception <a 'java/lang/NoSuchMethodError'{0x00000000891945e8}: 'int java.lang.invoke.DirectMethodHandle$Holder.invokeStaticInit(java.lang.Object)'> (0x00000000891945e8) thrown at [./src/hotspot/share/interpreter/linkResolver.cpp, line 773]

Events (20 events):
Event: 18.417 loading class org/gradle/internal/component/external/model/DefaultShadowedCapability
Event: 18.417 loading class org/gradle/internal/component/external/model/DefaultShadowedCapability done
Event: 18.418 loading class org/gradle/internal/component/external/model/ShadowedCapability
Event: 18.418 loading class org/gradle/internal/component/external/model/ShadowedCapability done
Event: 18.420 loading class org/gradle/api/internal/artifacts/repositories/metadata/DefaultMavenImmutableAttributesFactory$ComponentTypeEntry
Event: 18.420 loading class org/gradle/api/internal/artifacts/repositories/metadata/DefaultMavenImmutableAttributesFactory$ComponentTypeEntry done
Event: 18.442 loading class org/gradle/api/internal/artifacts/ivyservice/ivyresolve/strategy/LatestVersionSelector
Event: 18.442 loading class org/gradle/api/internal/artifacts/ivyservice/ivyresolve/strategy/LatestVersionSelector done
Event: 18.443 Executing VM operation: RevokeBias
Event: 18.444 Executing VM operation: RevokeBias done
Event: 18.444 loading class com/google/common/primitives/Longs$AsciiDigits
Event: 18.444 loading class com/google/common/primitives/Longs$AsciiDigits done
Event: 18.446 loading class org/gradle/api/internal/artifacts/ivyservice/resolveengine/graph/selectors/SelectorStateResolverResults$Registration
Event: 18.446 loading class org/gradle/api/internal/artifacts/ivyservice/resolveengine/graph/selectors/SelectorStateResolverResults$Registration done
Event: 18.449 loading class org/gradle/api/internal/artifacts/ivyservice/resolveengine/graph/conflicts/DefaultConflictResolverDetails
Event: 18.449 loading class org/gradle/api/internal/artifacts/ivyservice/resolveengine/graph/conflicts/DefaultConflictResolverDetails done
Event: 18.450 loading class org/gradle/api/internal/artifacts/ivyservice/resolveengine/graph/conflicts/CompositeConflictResolver$CompositeDetails
Event: 18.450 loading class org/gradle/api/internal/artifacts/ivyservice/resolveengine/graph/conflicts/CompositeConflictResolver$CompositeDetails done
Event: 18.452 loading class org/gradle/api/internal/artifacts/ivyservice/resolveengine/graph/conflicts/VersionConflictResolutionDetails
Event: 18.452 loading class org/gradle/api/internal/artifacts/ivyservice/resolveengine/graph/conflicts/VersionConflictResolutionDetails done


Dynamic libraries:
0x00007ff691e90000 - 0x00007ff691e9a000 	C:\Program Files\Android\Android Studio\jre\bin\java.exe
0x00007ff971490000 - 0x00007ff971685000 	C:\WINDOWS\SYSTEM32\ntdll.dll
0x00007ff9708d0000 - 0x00007ff97098e000 	C:\WINDOWS\System32\KERNEL32.DLL
0x00007ff96f000000 - 0x00007ff96f2c9000 	C:\WINDOWS\System32\KERNELBASE.dll
0x00007ff96f3e0000 - 0x00007ff96f4e0000 	C:\WINDOWS\System32\ucrtbase.dll
0x00007ff965730000 - 0x00007ff965749000 	C:\Program Files\Android\Android Studio\jre\bin\jli.dll
0x00007ff965200000 - 0x00007ff965217000 	C:\Program Files\Android\Android Studio\jre\bin\VCRUNTIME140.dll
0x00007ff970180000 - 0x00007ff970321000 	C:\WINDOWS\System32\USER32.dll
0x00007ff96ebb0000 - 0x00007ff96ebd2000 	C:\WINDOWS\System32\win32u.dll
0x00007ff9544c0000 - 0x00007ff95475a000 	C:\WINDOWS\WinSxS\amd64_microsoft.windows.common-controls_6595b64144ccf1df_6.0.19041.1110_none_60b5254171f9507e\COMCTL32.dll
0x00007ff9713c0000 - 0x00007ff9713eb000 	C:\WINDOWS\System32\GDI32.dll
0x00007ff96fc50000 - 0x00007ff96fcee000 	C:\WINDOWS\System32\msvcrt.dll
0x00007ff96f2d0000 - 0x00007ff96f3db000 	C:\WINDOWS\System32\gdi32full.dll
0x00007ff96ef60000 - 0x00007ff96effd000 	C:\WINDOWS\System32\msvcp_win.dll
0x00007ff970b00000 - 0x00007ff970b30000 	C:\WINDOWS\System32\IMM32.DLL
0x00007ff963350000 - 0x00007ff9633ed000 	C:\Program Files\Android\Android Studio\jre\bin\msvcp140.dll
0x00007ff928bb0000 - 0x00007ff92967f000 	C:\Program Files\Android\Android Studio\jre\bin\server\jvm.dll
0x00007ff970330000 - 0x00007ff9703dc000 	C:\WINDOWS\System32\ADVAPI32.dll
0x00007ff96fbb0000 - 0x00007ff96fc4b000 	C:\WINDOWS\System32\sechost.dll
0x00007ff96f4e0000 - 0x00007ff96f60a000 	C:\WINDOWS\System32\RPCRT4.dll
0x00007ff970170000 - 0x00007ff970178000 	C:\WINDOWS\System32\PSAPI.DLL
0x00007ff94a2b0000 - 0x00007ff94a2b9000 	C:\WINDOWS\SYSTEM32\WSOCK32.dll
0x00007ff963010000 - 0x00007ff96301a000 	C:\WINDOWS\SYSTEM32\VERSION.dll
0x00007ff9703e0000 - 0x00007ff97044b000 	C:\WINDOWS\System32\WS2_32.dll
0x00007ff94cf50000 - 0x00007ff94cf77000 	C:\WINDOWS\SYSTEM32\WINMM.dll
0x00007ff96d460000 - 0x00007ff96d472000 	C:\WINDOWS\SYSTEM32\kernel.appcore.dll
0x00007ff966960000 - 0x00007ff966971000 	C:\Program Files\Android\Android Studio\jre\bin\verify.dll
0x00007ff969960000 - 0x00007ff969b44000 	C:\WINDOWS\SYSTEM32\DBGHELP.DLL
0x00007ff94d770000 - 0x00007ff94d79c000 	C:\WINDOWS\SYSTEM32\dbgcore.DLL
0x00007ff96ec70000 - 0x00007ff96ecf3000 	C:\WINDOWS\System32\bcryptPrimitives.dll
0x00007ff965190000 - 0x00007ff9651b9000 	C:\Program Files\Android\Android Studio\jre\bin\java.dll
0x00007ff966900000 - 0x00007ff96690b000 	C:\Program Files\Android\Android Studio\jre\bin\jimage.dll
0x00007ff965170000 - 0x00007ff965188000 	C:\Program Files\Android\Android Studio\jre\bin\zip.dll
0x00007ff970c80000 - 0x00007ff9713bf000 	C:\WINDOWS\System32\SHELL32.dll
0x00007ff969c30000 - 0x00007ff96a3c0000 	C:\WINDOWS\SYSTEM32\windows.storage.dll
0x00007ff96f670000 - 0x00007ff96f9c5000 	C:\WINDOWS\System32\combase.dll
0x00007ff96e530000 - 0x00007ff96e55c000 	C:\WINDOWS\SYSTEM32\Wldp.dll
0x00007ff96f9d0000 - 0x00007ff96fa7d000 	C:\WINDOWS\System32\SHCORE.dll
0x00007ff9713f0000 - 0x00007ff971445000 	C:\WINDOWS\System32\shlwapi.dll
0x00007ff96eaf0000 - 0x00007ff96eb0f000 	C:\WINDOWS\SYSTEM32\profapi.dll
0x00007ff965150000 - 0x00007ff96516a000 	C:\Program Files\Android\Android Studio\jre\bin\net.dll
0x00007ff966ae0000 - 0x00007ff966be8000 	C:\WINDOWS\SYSTEM32\WINHTTP.dll
0x00007ff96e290000 - 0x00007ff96e2fa000 	C:\WINDOWS\system32\mswsock.dll
0x00007ff965130000 - 0x00007ff965144000 	C:\Program Files\Android\Android Studio\jre\bin\nio.dll
0x00007ff966870000 - 0x00007ff966897000 	C:\Users\Admin\.gradle\native\8bec1ad78214c89d9ad589b4d07fe93259594b29d510b10fafb7a158f7737e5d\windows-amd64\native-platform.dll
0x00007ff963cd0000 - 0x00007ff963e0d000 	C:\Users\Admin\.gradle\native\53dbd7edfb1c66fb8903c78663c9afc45aea4f116125fa6feffd364cf09443e8\windows-amd64\native-platform-file-events.dll
0x00007ff966950000 - 0x00007ff96695a000 	C:\Program Files\Android\Android Studio\jre\bin\management.dll
0x00007ff966830000 - 0x00007ff96683c000 	C:\Program Files\Android\Android Studio\jre\bin\management_ext.dll
0x00007ff96e480000 - 0x00007ff96e498000 	C:\WINDOWS\SYSTEM32\CRYPTSP.dll
0x00007ff96dc10000 - 0x00007ff96dc44000 	C:\WINDOWS\system32\rsaenh.dll
0x00007ff96ebe0000 - 0x00007ff96ec07000 	C:\WINDOWS\System32\bcrypt.dll
0x00007ff96eab0000 - 0x00007ff96eade000 	C:\WINDOWS\SYSTEM32\USERENV.dll
0x00007ff96e4a0000 - 0x00007ff96e4ac000 	C:\WINDOWS\SYSTEM32\CRYPTBASE.dll
0x00007ff96df80000 - 0x00007ff96dfbb000 	C:\WINDOWS\SYSTEM32\IPHLPAPI.DLL
0x00007ff970c70000 - 0x00007ff970c78000 	C:\WINDOWS\System32\NSI.dll
0x00007ff968f70000 - 0x00007ff968f87000 	C:\WINDOWS\SYSTEM32\dhcpcsvc6.DLL
0x00007ff968f50000 - 0x00007ff968f6d000 	C:\WINDOWS\SYSTEM32\dhcpcsvc.DLL
0x00007ff96dfc0000 - 0x00007ff96e08c000 	C:\WINDOWS\SYSTEM32\DNSAPI.dll

dbghelp: loaded successfully - version: 4.0.5 - missing functions: none
symbol engine: initialized successfully - sym options: 0x614 - pdb path: .;C:\Program Files\Android\Android Studio\jre\bin;C:\WINDOWS\SYSTEM32;C:\WINDOWS\WinSxS\amd64_microsoft.windows.common-controls_6595b64144ccf1df_6.0.19041.1110_none_60b5254171f9507e;C:\Program Files\Android\Android Studio\jre\bin\server;C:\Users\Admin\.gradle\native\8bec1ad78214c89d9ad589b4d07fe93259594b29d510b10fafb7a158f7737e5d\windows-amd64;C:\Users\Admin\.gradle\native\53dbd7edfb1c66fb8903c78663c9afc45aea4f116125fa6feffd364cf09443e8\windows-amd64

VM Arguments:
jvm_args: --add-opens=java.base/java.util=ALL-UNNAMED --add-opens=java.base/java.lang=ALL-UNNAMED --add-opens=java.base/java.lang.invoke=ALL-UNNAMED --add-opens=java.base/java.util=ALL-UNNAMED --add-opens=java.prefs/java.util.prefs=ALL-UNNAMED --add-opens=java.prefs/java.util.prefs=ALL-UNNAMED --add-opens=java.base/java.nio.charset=ALL-UNNAMED --add-opens=java.base/java.net=ALL-UNNAMED --add-opens=java.base/java.util.concurrent.atomic=ALL-UNNAMED -Xmx2048m -Dfile.encoding=UTF-8 -Duser.country=US -Duser.language=en -Duser.variant 
java_command: org.gradle.launcher.daemon.bootstrap.GradleDaemon 7.0.2
java_class_path (initial): C:\Users\Admin\.gradle\wrapper\dists\gradle-7.0.2-bin\857tjihv64xamwrf0h14cai3r\gradle-7.0.2\lib\gradle-launcher-7.0.2.jar
Launcher Type: SUN_STANDARD

[Global flags]
     intx CICompilerCount                          = 4                                         {product} {ergonomic}
     uint ConcGCThreads                            = 2                                         {product} {ergonomic}
     uint G1ConcRefinementThreads                  = 8                                         {product} {ergonomic}
   size_t G1HeapRegionSize                         = 1048576                                   {product} {ergonomic}
    uintx GCDrainStackTargetSize                   = 64                                        {product} {ergonomic}
   size_t InitialHeapSize                          = 132120576                                 {product} {ergonomic}
   size_t MarkStackSize                            = 4194304                                   {product} {ergonomic}
   size_t MaxHeapSize                              = 2147483648                                {product} {command line}
   size_t MaxNewSize                               = 1287651328                                {product} {ergonomic}
   size_t MinHeapDeltaBytes                        = 1048576                                   {product} {ergonomic}
    uintx NonNMethodCodeHeapSize                   = 5836300                                {pd product} {ergonomic}
    uintx NonProfiledCodeHeapSize                  = 122910970                              {pd product} {ergonomic}
    uintx ProfiledCodeHeapSize                     = 122910970                              {pd product} {ergonomic}
    uintx ReservedCodeCacheSize                    = 251658240                              {pd product} {ergonomic}
     bool SegmentedCodeCache                       = true                                      {product} {ergonomic}
     bool UseCompressedClassPointers               = true                                 {lp64_product} {ergonomic}
     bool UseCompressedOops                        = true                                 {lp64_product} {ergonomic}
     bool UseG1GC                                  = true                                      {product} {ergonomic}
     bool UseLargePagesIndividualAllocation        = false                                  {pd product} {ergonomic}

Logging:
Log output configuration:
 #0: stdout all=warning uptime,level,tags
 #1: stderr all=off uptime,level,tags

Environment Variables:
PATH=C:\Program Files (x86)\Common Files\Oracle\Java\javapath;C:\Program Files\Common Files\Oracle\Java\javapath;C:\ProgramData\Oracle\Java\javapath;C:\WINDOWS\system32;C:\WINDOWS;C:\WINDOWS\System32\Wbem;C:\WINDOWS\System32\WindowsPowerShell\v1.0\;C:\WINDOWS\System32\OpenSSH\;C:\Program Files\Java\jdk-14\bin;C:\Program Files\Git\cmd;C:\Program Files\nodejs\;C:\Users\Admin\AppData\Local\Microsoft\WindowsApps;C:\Users\Admin\AppData\Roaming\npm;
USERNAME=Admin
OS=Windows_NT
PROCESSOR_IDENTIFIER=Intel64 Family 6 Model 142 Stepping 10, GenuineIntel



---------------  S Y S T E M  ---------------

OS: Windows 10 , 64 bit Build 19041 (10.0.19041.1202)
OS uptime: 0 days 4:53 hours

CPU:total 8 (initial active 8) (4 cores per cpu, 2 threads per core) family 6 model 142 stepping 10 microcode 0xb4, cmov, cx8, fxsr, mmx, sse, sse2, sse3, ssse3, sse4.1, sse4.2, popcnt, avx, avx2, aes, clmul, erms, 3dnowpref, lzcnt, ht, tsc, tscinvbit, bmi1, bmi2, adx, fma

Memory: 4k page, system-wide physical 8026M (1330M free)
TotalPageFile size 9050M (AvailPageFile size 5M)
current process WorkingSet (physical memory assigned to process): 293M, peak: 293M
current process commit charge ("private bytes"): 369M, peak: 374M

vm_info: OpenJDK 64-Bit Server VM (11.0.10+0-b96-7249189) for windows-amd64 JRE (11.0.10+0-b96-7249189), built on Mar 31 2021 21:44:00 by "builder" with MS VC++ 14.0 (VS2015)

END.
