#
# There is insufficient memory for the Java Runtime Environment to continue.
# Native memory allocation (mmap) failed to map 27262976 bytes for Failed to commit area from 0x0000000087e00000 to 0x0000000089800000 of length 27262976.
# Possible reasons:
#   The system is out of physical RAM or swap space
#   The process is running with CompressedOops enabled, and the Java Heap may be blocking the growth of the native heap
# Possible solutions:
#   Reduce memory load on the system
#   Increase physical memory or swap space
#   Check if swap backing store is full
#   Decrease Java heap size (-Xmx/-Xms)
#   Decrease number of Java threads
#   Decrease Java thread stack sizes (-Xss)
#   Set larger code cache with -XX:ReservedCodeCacheSize=
#   JVM is running with Unscaled Compressed Oops mode in which the Java heap is
#     placed in the first 4GB address space. The Java Heap base address is the
#     maximum limit for the native heap growth. Please use -XX:HeapBaseMinAddress
#     to set the Java Heap base and to place the Java Heap above 4GB virtual address.
# This output file may be truncated or incomplete.
#
#  Out of Memory Error (./src/hotspot/os/windows/os_windows.cpp:3301), pid=11992, tid=7120
#
# JRE version: OpenJDK Runtime Environment (11.0.10) (build 11.0.10+0-b96-7249189)
# Java VM: OpenJDK 64-Bit Server VM (11.0.10+0-b96-7249189, mixed mode, tiered, compressed oops, g1 gc, windows-amd64)
# No core dump will be written. Minidumps are not enabled by default on client versions of Windows
#

---------------  S U M M A R Y ------------

Command Line: --add-opens=java.base/java.util=ALL-UNNAMED --add-opens=java.base/java.lang=ALL-UNNAMED --add-opens=java.base/java.lang.invoke=ALL-UNNAMED --add-opens=java.base/java.util=ALL-UNNAMED --add-opens=java.prefs/java.util.prefs=ALL-UNNAMED --add-opens=java.prefs/java.util.prefs=ALL-UNNAMED --add-opens=java.base/java.nio.charset=ALL-UNNAMED --add-opens=java.base/java.net=ALL-UNNAMED --add-opens=java.base/java.util.concurrent.atomic=ALL-UNNAMED -Xmx2048m -Dfile.encoding=UTF-8 -Duser.country=US -Duser.language=en -Duser.variant org.gradle.launcher.daemon.bootstrap.GradleDaemon 7.0.2

Host: Intel(R) Core(TM) i7-8550U CPU @ 1.80GHz, 8 cores, 7G,  Windows 10 , 64 bit Build 19041 (10.0.19041.1202)
Time: Mon Oct 25 17:58:02 2021 Arab Standard Time elapsed time: 27.436825 seconds (0d 0h 0m 27s)

---------------  T H R E A D  ---------------

Current thread (0x0000027e78369800):  VMThread "VM Thread" [stack: 0x000000b56bc00000,0x000000b56bd00000] [id=7120]

Stack: [0x000000b56bc00000,0x000000b56bd00000]
[error occurred during error reporting (printing stack bounds), id 0xc0000005, EXCEPTION_ACCESS_VIOLATION (0xc0000005) at pc=0x0000027e609e0f2d]

Native frames: (J=compiled Java code, j=interpreted, Vv=VM code, C=native code)
V  [jvm.dll+0x5ecfaa]
V  [jvm.dll+0x722bd5]
V  [jvm.dll+0x72412d]
V  [jvm.dll+0x724745]
V  [jvm.dll+0x7246fb]
V  [jvm.dll+0x5ec348]
V  [jvm.dll+0x5ecad8]
C  [ntdll.dll+0xa20cf]
C  [ntdll.dll+0x51454]
C  [ntdll.dll+0xa0bfe]
C  0x0000027e609e0f2d

VM_Operation (0x000000b56cff7120): G1CollectForAllocation, mode: safepoint, requested by thread 0x0000027e7acf1000


---------------  P R O C E S S  ---------------

Threads class SMR info:
_java_thread_list=0x0000027e7aebca90, length=52, elements={
0x0000027e5cecd000, 0x0000027e77b47800, 0x0000027e77b4d000, 0x0000027e783b8800,
0x0000027e783bb000, 0x0000027e783bd000, 0x0000027e783c2000, 0x0000027e783c3000,
0x0000027e783d2000, 0x0000027e78553000, 0x0000027e7a562000, 0x0000027e78623800,
0x0000027e7bfe8800, 0x0000027e7bc9c800, 0x0000027e7a549000, 0x0000027e7a56b000,
0x0000027e7acf1000, 0x0000027e7a473800, 0x0000027e79f23800, 0x0000027e7a751000,
0x0000027e7a754800, 0x0000027e7a755800, 0x0000027e7a750800, 0x0000027e7a752000,
0x0000027e7a753000, 0x0000027e7a753800, 0x0000027e7a757000, 0x0000027e7a756000,
0x0000027e7e3bf800, 0x0000027e7e3c0000, 0x0000027e7e3bb000, 0x0000027e7e3ba800,
0x0000027e7e3bd800, 0x0000027e7e3bc000, 0x0000027e7e3c6000, 0x0000027e7e3c2800,
0x0000027e7e3c6800, 0x0000027e7e3c3800, 0x0000027e7e3c7800, 0x0000027e7e3c5000,
0x0000027e7e3c8800, 0x0000027e7e3c9000, 0x0000027e7e3c4000, 0x0000027e7ee5f000,
0x0000027e7ee61800, 0x0000027e7ee5e800, 0x0000027e7ee60000, 0x0000027e7ee61000,
0x0000027e7ee5c000, 0x0000027e79c58000, 0x0000027e00bb9800, 0x0000027e7ee62800
}

Java Threads: ( => current thread )
  0x0000027e5cecd000 JavaThread "main" [_thread_blocked, id=8232, stack(0x000000b56b600000,0x000000b56b700000)]
  0x0000027e77b47800 JavaThread "Reference Handler" daemon [_thread_blocked, id=12532, stack(0x000000b56bd00000,0x000000b56be00000)]
  0x0000027e77b4d000 JavaThread "Finalizer" daemon [_thread_blocked, id=1472, stack(0x000000b56be00000,0x000000b56bf00000)]
  0x0000027e783b8800 JavaThread "Signal Dispatcher" daemon [_thread_blocked, id=11356, stack(0x000000b56bf00000,0x000000b56c000000)]
  0x0000027e783bb000 JavaThread "Attach Listener" daemon [_thread_blocked, id=2236, stack(0x000000b56c000000,0x000000b56c100000)]
  0x0000027e783bd000 JavaThread "Service Thread" daemon [_thread_blocked, id=5016, stack(0x000000b56c100000,0x000000b56c200000)]
  0x0000027e783c2000 JavaThread "C2 CompilerThread0" daemon [_thread_blocked, id=8416, stack(0x000000b56c200000,0x000000b56c300000)]
  0x0000027e783c3000 JavaThread "C1 CompilerThread0" daemon [_thread_blocked, id=11744, stack(0x000000b56c300000,0x000000b56c400000)]
  0x0000027e783d2000 JavaThread "Sweeper thread" daemon [_thread_blocked, id=7504, stack(0x000000b56c400000,0x000000b56c500000)]
  0x0000027e78553000 JavaThread "Common-Cleaner" daemon [_thread_blocked, id=7272, stack(0x000000b56c500000,0x000000b56c600000)]
  0x0000027e7a562000 JavaThread "Daemon health stats" [_thread_blocked, id=2844, stack(0x000000b56cb00000,0x000000b56cc00000)]
  0x0000027e78623800 JavaThread "Incoming local TCP Connector on port 53027" [_thread_in_native, id=7676, stack(0x000000b56c700000,0x000000b56c800000)]
  0x0000027e7bfe8800 JavaThread "Daemon periodic checks" [_thread_blocked, id=4544, stack(0x000000b56ca00000,0x000000b56cb00000)]
  0x0000027e7bc9c800 JavaThread "Daemon" [_thread_blocked, id=3128, stack(0x000000b56cc00000,0x000000b56cd00000)]
  0x0000027e7a549000 JavaThread "Handler for socket connection from /127.0.0.1:53027 to /127.0.0.1:53028" [_thread_in_native, id=12568, stack(0x000000b56cd00000,0x000000b56ce00000)]
  0x0000027e7a56b000 JavaThread "Cancel handler" [_thread_blocked, id=6320, stack(0x000000b56ce00000,0x000000b56cf00000)]
  0x0000027e7acf1000 JavaThread "Daemon worker" [_thread_blocked, id=4500, stack(0x000000b56cf00000,0x000000b56d000000)]
  0x0000027e7a473800 JavaThread "Asynchronous log dispatcher for DefaultDaemonConnection: socket connection from /127.0.0.1:53027 to /127.0.0.1:53028" [_thread_blocked, id=5476, stack(0x000000b56d000000,0x000000b56d100000)]
  0x0000027e79f23800 JavaThread "Stdin handler" [_thread_blocked, id=3264, stack(0x000000b56d100000,0x000000b56d200000)]
  0x0000027e7a751000 JavaThread "Daemon client event forwarder" [_thread_blocked, id=9828, stack(0x000000b56d200000,0x000000b56d300000)]
  0x0000027e7a754800 JavaThread "Cache worker for file hash cache (C:\Users\Admin\.gradle\caches\7.0.2\fileHashes)" [_thread_blocked, id=9924, stack(0x000000b56d800000,0x000000b56d900000)]
  0x0000027e7a755800 JavaThread "File lock request listener" [_thread_in_native, id=9656, stack(0x000000b56d900000,0x000000b56da00000)]
  0x0000027e7a750800 JavaThread "Cache worker for journal cache (C:\Users\Admin\.gradle\caches\journal-1)" [_thread_blocked, id=10820, stack(0x000000b56db00000,0x000000b56dc00000)]
  0x0000027e7a752000 JavaThread "Cache worker for file hash cache (C:\Users\Admin\AndroidStudioProjects\updateProfile2\.gradle\7.0.2\fileHashes)" [_thread_blocked, id=1928, stack(0x000000b56dd00000,0x000000b56de00000)]
  0x0000027e7a753000 JavaThread "File watcher server" daemon [_thread_in_native, id=10860, stack(0x000000b56de00000,0x000000b56df00000)]
  0x0000027e7a753800 JavaThread "File watcher consumer" daemon [_thread_blocked, id=10276, stack(0x000000b56df00000,0x000000b56e000000)]
  0x0000027e7a757000 JavaThread "Cache worker for checksums cache (C:\Users\Admin\AndroidStudioProjects\updateProfile2\.gradle\checksums)" [_thread_blocked, id=12116, stack(0x000000b56e000000,0x000000b56e100000)]
  0x0000027e7a756000 JavaThread "Cache worker for cache directory md-supplier (C:\Users\Admin\.gradle\caches\7.0.2\md-supplier)" [_thread_blocked, id=7480, stack(0x000000b56e100000,0x000000b56e200000)]
  0x0000027e7e3bf800 JavaThread "Cache worker for cache directory md-rule (C:\Users\Admin\.gradle\caches\7.0.2\md-rule)" [_thread_blocked, id=252, stack(0x000000b56e200000,0x000000b56e300000)]
  0x0000027e7e3c0000 JavaThread "Cache worker for execution history cache (C:\Users\Admin\.gradle\caches\7.0.2\executionHistory)" [_thread_blocked, id=1436, stack(0x000000b56e400000,0x000000b56e500000)]
  0x0000027e7e3bb000 JavaThread "jar transforms" [_thread_blocked, id=10220, stack(0x000000b56e500000,0x000000b56e600000)]
  0x0000027e7e3ba800 JavaThread "jar transforms Thread 2" [_thread_blocked, id=9140, stack(0x000000b56e600000,0x000000b56e700000)]
  0x0000027e7e3bd800 JavaThread "Cache worker for file content cache (C:\Users\Admin\.gradle\caches\7.0.2\fileContent)" [_thread_blocked, id=5500, stack(0x000000b56e700000,0x000000b56e800000)]
  0x0000027e7e3bc000 JavaThread "Cache worker for dependencies-accessors (C:\Users\Admin\AndroidStudioProjects\updateProfile2\.gradle\7.0.2\dependencies-accessors)" [_thread_blocked, id=132, stack(0x000000b56e800000,0x000000b56e900000)]
  0x0000027e7e3c6000 JavaThread "jar transforms Thread 3" [_thread_blocked, id=3192, stack(0x000000b56e900000,0x000000b56ea00000)]
  0x0000027e7e3c2800 JavaThread "Cache worker for Build Output Cleanup Cache (C:\Users\Admin\AndroidStudioProjects\updateProfile2\.gradle\buildOutputCleanup)" [_thread_blocked, id=11096, stack(0x000000b56ea00000,0x000000b56eb00000)]
  0x0000027e7e3c6800 JavaThread "Build operations" [_thread_blocked, id=3776, stack(0x000000b56eb00000,0x000000b56ec00000)]
  0x0000027e7e3c3800 JavaThread "Build operations Thread 2" [_thread_blocked, id=10852, stack(0x000000b56ec00000,0x000000b56ed00000)]
  0x0000027e7e3c7800 JavaThread "Build operations Thread 3" [_thread_blocked, id=12404, stack(0x000000b56ed00000,0x000000b56ee00000)]
  0x0000027e7e3c5000 JavaThread "Build operations Thread 4" [_thread_blocked, id=11788, stack(0x000000b56ee00000,0x000000b56ef00000)]
  0x0000027e7e3c8800 JavaThread "Build operations Thread 5" [_thread_blocked, id=4068, stack(0x000000b56ef00000,0x000000b56f000000)]
  0x0000027e7e3c9000 JavaThread "Build operations Thread 6" [_thread_blocked, id=1264, stack(0x000000b56f000000,0x000000b56f100000)]
  0x0000027e7e3c4000 JavaThread "Build operations Thread 7" [_thread_blocked, id=7000, stack(0x000000b56f100000,0x000000b56f200000)]
  0x0000027e7ee5f000 JavaThread "Build operations Thread 8" [_thread_blocked, id=7900, stack(0x000000b56f200000,0x000000b56f300000)]
  0x0000027e7ee61800 JavaThread "jar transforms Thread 4" [_thread_blocked, id=8376, stack(0x000000b56f300000,0x000000b56f400000)]
  0x0000027e7ee5e800 JavaThread "jar transforms Thread 5" [_thread_blocked, id=7720, stack(0x000000b56f400000,0x000000b56f500000)]
  0x0000027e7ee60000 JavaThread "jar transforms Thread 6" [_thread_blocked, id=8116, stack(0x000000b56f500000,0x000000b56f600000)]
  0x0000027e7ee61000 JavaThread "jar transforms Thread 7" [_thread_blocked, id=7304, stack(0x000000b56f600000,0x000000b56f700000)]
  0x0000027e7ee5c000 JavaThread "jar transforms Thread 8" [_thread_blocked, id=12688, stack(0x000000b56f700000,0x000000b56f800000)]
  0x0000027e79c58000 JavaThread "C2 CompilerThread1" daemon [_thread_blocked, id=1596, stack(0x000000b56dc00000,0x000000b56dd00000)]
  0x0000027e00bb9800 JavaThread "C2 CompilerThread2" daemon [_thread_blocked, id=7660, stack(0x000000b56e300000,0x000000b56e400000)]
  0x0000027e7ee62800 JavaThread "Memory manager" [_thread_blocked, id=1412, stack(0x000000b56f800000,0x000000b56f900000)]

Other Threads:
=>0x0000027e78369800 VMThread "VM Thread" [stack: 0x000000b56bc00000,0x000000b56bd00000] [id=7120]
  0x0000027e78557000 WatcherThread [stack: 0x000000b56c600000,0x000000b56c700000] [id=10352]
  0x0000027e5cee7000 GCTaskThread "GC Thread#0" [stack: 0x000000b56b700000,0x000000b56b800000] [id=8132]
  0x0000027e79119000 GCTaskThread "GC Thread#1" [stack: 0x000000b56c800000,0x000000b56c900000] [id=9104]
  0x0000027e78fe6800 GCTaskThread "GC Thread#2" [stack: 0x000000b56c900000,0x000000b56ca00000] [id=2780]
  0x0000027e792f6000 GCTaskThread "GC Thread#3" [stack: 0x000000b56d300000,0x000000b56d400000] [id=9228]
  0x0000027e792ec000 GCTaskThread "GC Thread#4" [stack: 0x000000b56d400000,0x000000b56d500000] [id=8956]
  0x0000027e79a0e000 GCTaskThread "GC Thread#5" [stack: 0x000000b56d500000,0x000000b56d600000] [id=2980]
  0x0000027e79304000 GCTaskThread "GC Thread#6" [stack: 0x000000b56d600000,0x000000b56d700000] [id=2872]
  0x0000027e78578000 GCTaskThread "GC Thread#7" [stack: 0x000000b56d700000,0x000000b56d800000] [id=764]
  0x0000027e5cf18800 ConcurrentGCThread "G1 Main Marker" [stack: 0x000000b56b800000,0x000000b56b900000] [id=13300]
  0x0000027e5cf19800 ConcurrentGCThread "G1 Conc#0" [stack: 0x000000b56b900000,0x000000b56ba00000] [id=9712]
  0x0000027e7a66e800 ConcurrentGCThread "G1 Conc#1" [stack: 0x000000b56da00000,0x000000b56db00000] [id=12244]
  0x0000027e5cfae000 ConcurrentGCThread "G1 Refine#0" [stack: 0x000000b56ba00000,0x000000b56bb00000] [id=5556]
  0x0000027e77999800 ConcurrentGCThread "G1 Young RemSet Sampling" [stack: 0x000000b56bb00000,0x000000b56bc00000] [id=9860]

Threads with active compile tasks:
C2 CompilerThread0  27489 6092       4       java.util.TreeMap::put (247 bytes)
C1 CompilerThread0  27489 6097       3       java.util.regex.Pattern::createGroup (86 bytes)
C2 CompilerThread1  27489 6080       4       com.google.gson.stream.JsonReader::nextQuotedValue (271 bytes)
C2 CompilerThread2  27489 6031       4       java.net.URLClassLoader$1::run (5 bytes)

VM state:at safepoint (normal execution)

VM Mutex/Monitor currently owned by a thread:  ([mutex/lock_event])
[0x0000027e5cec8780] Threads_lock - owner thread: 0x0000027e78369800
[0x0000027e5ceca280] Heap_lock - owner thread: 0x0000027e7acf1000

Heap address: 0x0000000080000000, size: 2048 MB, Compressed Oops mode: 32-bit
Narrow klass base: 0x0000000000000000, Narrow klass shift: 3
Compressed class space size: 1073741824 Address: 0x0000000100000000

Heap:
 garbage-first heap   total 155648K, used 48809K [0x0000000080000000, 0x0000000100000000)
  region size 1024K, 6 young (6144K), 6 survivors (6144K)
 Metaspace       used 62606K, capacity 64148K, committed 64444K, reserved 1105920K
  class space    used 7950K, capacity 8524K, committed 8576K, reserved 1048576K
Heap Regions: E=young(eden), S=young(survivor), O=old, HS=humongous(starts), HC=humongous(continues), CS=collection set, F=free, A=archive, TAMS=top-at-mark-start (previous, next)
|   0|0x0000000080000000, 0x0000000080100000, 0x0000000080100000|100%| O|  |TAMS 0x0000000080100000, 0x0000000080100000| Untracked 
|   1|0x0000000080100000, 0x0000000080200000, 0x0000000080200000|100%| O|  |TAMS 0x0000000080200000, 0x0000000080200000| Untracked 
|   2|0x0000000080200000, 0x0000000080300000, 0x0000000080300000|100%| O|  |TAMS 0x0000000080300000, 0x0000000080300000| Untracked 
|   3|0x0000000080300000, 0x0000000080400000, 0x0000000080400000|100%|HS|  |TAMS 0x0000000080400000, 0x0000000080400000| Complete 
|   4|0x0000000080400000, 0x0000000080500000, 0x0000000080500000|100%|HC|  |TAMS 0x0000000080500000, 0x0000000080500000| Complete 
|   5|0x0000000080500000, 0x0000000080600000, 0x0000000080600000|100%|HC|  |TAMS 0x0000000080600000, 0x0000000080600000| Complete 
|   6|0x0000000080600000, 0x0000000080700000, 0x0000000080700000|100%| O|  |TAMS 0x0000000080700000, 0x0000000080700000| Untracked 
|   7|0x0000000080700000, 0x0000000080800000, 0x0000000080800000|100%| O|  |TAMS 0x0000000080800000, 0x0000000080800000| Untracked 
|   8|0x0000000080800000, 0x0000000080900000, 0x0000000080900000|100%| O|  |TAMS 0x0000000080900000, 0x0000000080900000| Untracked 
|   9|0x0000000080900000, 0x0000000080a00000, 0x0000000080a00000|100%| O|  |TAMS 0x0000000080a00000, 0x0000000080a00000| Untracked 
|  10|0x0000000080a00000, 0x0000000080b00000, 0x0000000080b00000|100%| O|  |TAMS 0x0000000080b00000, 0x0000000080b00000| Untracked 
|  11|0x0000000080b00000, 0x0000000080c00000, 0x0000000080c00000|100%| O|  |TAMS 0x0000000080c00000, 0x0000000080c00000| Untracked 
|  12|0x0000000080c00000, 0x0000000080d00000, 0x0000000080d00000|100%| O|  |TAMS 0x0000000080d00000, 0x0000000080d00000| Untracked 
|  13|0x0000000080d00000, 0x0000000080e00000, 0x0000000080e00000|100%| O|  |TAMS 0x0000000080e00000, 0x0000000080e00000| Untracked 
|  14|0x0000000080e00000, 0x0000000080f00000, 0x0000000080f00000|100%| O|  |TAMS 0x0000000080f00000, 0x0000000080f00000| Untracked 
|  15|0x0000000080f00000, 0x0000000081000000, 0x0000000081000000|100%| O|  |TAMS 0x0000000081000000, 0x0000000081000000| Untracked 
|  16|0x0000000081000000, 0x0000000081100000, 0x0000000081100000|100%| O|  |TAMS 0x0000000081100000, 0x0000000081100000| Untracked 
|  17|0x0000000081100000, 0x0000000081200000, 0x0000000081200000|100%| O|  |TAMS 0x0000000081200000, 0x0000000081200000| Untracked 
|  18|0x0000000081200000, 0x0000000081300000, 0x0000000081300000|100%|HS|  |TAMS 0x0000000081300000, 0x0000000081300000| Complete 
|  19|0x0000000081300000, 0x0000000081400000, 0x0000000081400000|100%| O|  |TAMS 0x0000000081400000, 0x0000000081400000| Untracked 
|  20|0x0000000081400000, 0x0000000081500000, 0x0000000081500000|100%| O|  |TAMS 0x0000000081500000, 0x0000000081500000| Untracked 
|  21|0x0000000081500000, 0x0000000081600000, 0x0000000081600000|100%| O|  |TAMS 0x0000000081600000, 0x0000000081600000| Untracked 
|  22|0x0000000081600000, 0x0000000081700000, 0x0000000081700000|100%| O|  |TAMS 0x0000000081700000, 0x0000000081700000| Untracked 
|  23|0x0000000081700000, 0x0000000081800000, 0x0000000081800000|100%| O|  |TAMS 0x0000000081800000, 0x0000000081800000| Untracked 
|  24|0x0000000081800000, 0x0000000081900000, 0x0000000081900000|100%| O|  |TAMS 0x0000000081900000, 0x0000000081900000| Untracked 
|  25|0x0000000081900000, 0x0000000081a00000, 0x0000000081a00000|100%| O|  |TAMS 0x0000000081a00000, 0x0000000081a00000| Untracked 
|  26|0x0000000081a00000, 0x0000000081b00000, 0x0000000081b00000|100%|HS|  |TAMS 0x0000000081b00000, 0x0000000081b00000| Complete 
|  27|0x0000000081b00000, 0x0000000081c00000, 0x0000000081c00000|100%|HS|  |TAMS 0x0000000081c00000, 0x0000000081c00000| Complete 
|  28|0x0000000081c00000, 0x0000000081d00000, 0x0000000081d00000|100%|HC|  |TAMS 0x0000000081d00000, 0x0000000081d00000| Complete 
|  29|0x0000000081d00000, 0x0000000081e00000, 0x0000000081e00000|100%| O|  |TAMS 0x0000000081e00000, 0x0000000081e00000| Untracked 
|  30|0x0000000081e00000, 0x0000000081f00000, 0x0000000081f00000|100%| O|  |TAMS 0x0000000081f00000, 0x0000000081f00000| Untracked 
|  31|0x0000000081f00000, 0x0000000082000000, 0x0000000082000000|100%| O|  |TAMS 0x0000000082000000, 0x0000000082000000| Untracked 
|  32|0x0000000082000000, 0x0000000082100000, 0x0000000082100000|100%| O|  |TAMS 0x0000000082100000, 0x0000000082100000| Untracked 
|  33|0x0000000082100000, 0x0000000082200000, 0x0000000082200000|100%| O|  |TAMS 0x0000000082200000, 0x0000000082200000| Untracked 
|  34|0x0000000082200000, 0x0000000082300000, 0x0000000082300000|100%| O|  |TAMS 0x0000000082300000, 0x0000000082300000| Untracked 
|  35|0x0000000082300000, 0x0000000082400000, 0x0000000082400000|100%| O|  |TAMS 0x0000000082400000, 0x0000000082400000| Untracked 
|  36|0x0000000082400000, 0x0000000082500000, 0x0000000082500000|100%| O|  |TAMS 0x0000000082500000, 0x0000000082500000| Untracked 
|  37|0x0000000082500000, 0x0000000082600000, 0x0000000082600000|100%| O|  |TAMS 0x0000000082600000, 0x0000000082600000| Untracked 
|  38|0x0000000082600000, 0x0000000082700000, 0x0000000082700000|100%| O|  |TAMS 0x0000000082700000, 0x0000000082700000| Untracked 
|  39|0x0000000082700000, 0x0000000082800000, 0x0000000082800000|100%| O|  |TAMS 0x0000000082800000, 0x0000000082800000| Untracked 
|  40|0x0000000082800000, 0x0000000082900000, 0x0000000082900000|100%| O|  |TAMS 0x0000000082900000, 0x0000000082900000| Untracked 
|  41|0x0000000082900000, 0x00000000829aa400, 0x0000000082a00000| 66%| O|  |TAMS 0x0000000082912600, 0x00000000829aa400| Untracked 
|  42|0x0000000082a00000, 0x0000000082a00000, 0x0000000082b00000|  0%| F|  |TAMS 0x0000000082a00000, 0x0000000082a00000| Untracked 
|  43|0x0000000082b00000, 0x0000000082b00000, 0x0000000082c00000|  0%| F|  |TAMS 0x0000000082b00000, 0x0000000082b00000| Untracked 
|  44|0x0000000082c00000, 0x0000000082c00000, 0x0000000082d00000|  0%| F|  |TAMS 0x0000000082c00000, 0x0000000082c00000| Untracked 
|  45|0x0000000082d00000, 0x0000000082d00000, 0x0000000082e00000|  0%| F|  |TAMS 0x0000000082d00000, 0x0000000082d00000| Untracked 
|  46|0x0000000082e00000, 0x0000000082e00000, 0x0000000082f00000|  0%| F|  |TAMS 0x0000000082e00000, 0x0000000082e00000| Untracked 
|  47|0x0000000082f00000, 0x0000000082f00000, 0x0000000083000000|  0%| F|  |TAMS 0x0000000082f00000, 0x0000000082f00000| Untracked 
|  48|0x0000000083000000, 0x0000000083000000, 0x0000000083100000|  0%| F|  |TAMS 0x0000000083000000, 0x0000000083000000| Untracked 
|  49|0x0000000083100000, 0x0000000083100000, 0x0000000083200000|  0%| F|  |TAMS 0x0000000083100000, 0x0000000083100000| Untracked 
|  50|0x0000000083200000, 0x0000000083200000, 0x0000000083300000|  0%| F|  |TAMS 0x0000000083200000, 0x0000000083200000| Untracked 
|  51|0x0000000083300000, 0x0000000083300000, 0x0000000083400000|  0%| F|  |TAMS 0x0000000083300000, 0x0000000083300000| Untracked 
|  52|0x0000000083400000, 0x0000000083400000, 0x0000000083500000|  0%| F|  |TAMS 0x0000000083400000, 0x0000000083400000| Untracked 
|  53|0x0000000083500000, 0x0000000083500000, 0x0000000083600000|  0%| F|  |TAMS 0x0000000083500000, 0x0000000083500000| Untracked 
|  54|0x0000000083600000, 0x0000000083600000, 0x0000000083700000|  0%| F|  |TAMS 0x0000000083600000, 0x0000000083600000| Untracked 
|  55|0x0000000083700000, 0x0000000083700000, 0x0000000083800000|  0%| F|  |TAMS 0x0000000083700000, 0x0000000083700000| Untracked 
|  56|0x0000000083800000, 0x0000000083800000, 0x0000000083900000|  0%| F|  |TAMS 0x0000000083800000, 0x0000000083800000| Untracked 
|  57|0x0000000083900000, 0x0000000083900000, 0x0000000083a00000|  0%| F|  |TAMS 0x0000000083900000, 0x0000000083900000| Untracked 
|  58|0x0000000083a00000, 0x0000000083a00000, 0x0000000083b00000|  0%| F|  |TAMS 0x0000000083a00000, 0x0000000083a00000| Untracked 
|  59|0x0000000083b00000, 0x0000000083b00000, 0x0000000083c00000|  0%| F|  |TAMS 0x0000000083b00000, 0x0000000083b00000| Untracked 
|  60|0x0000000083c00000, 0x0000000083c00000, 0x0000000083d00000|  0%| F|  |TAMS 0x0000000083c00000, 0x0000000083c00000| Untracked 
|  61|0x0000000083d00000, 0x0000000083d00000, 0x0000000083e00000|  0%| F|  |TAMS 0x0000000083d00000, 0x0000000083d00000| Untracked 
|  62|0x0000000083e00000, 0x0000000083e00000, 0x0000000083f00000|  0%| F|  |TAMS 0x0000000083e00000, 0x0000000083e00000| Untracked 
|  63|0x0000000083f00000, 0x0000000083f00000, 0x0000000084000000|  0%| F|  |TAMS 0x0000000083f00000, 0x0000000083f00000| Untracked 
|  64|0x0000000084000000, 0x0000000084000000, 0x0000000084100000|  0%| F|  |TAMS 0x0000000084000000, 0x0000000084000000| Untracked 
|  65|0x0000000084100000, 0x0000000084100000, 0x0000000084200000|  0%| F|  |TAMS 0x0000000084100000, 0x0000000084100000| Untracked 
|  66|0x0000000084200000, 0x0000000084200000, 0x0000000084300000|  0%| F|  |TAMS 0x0000000084200000, 0x0000000084200000| Untracked 
|  67|0x0000000084300000, 0x0000000084300000, 0x0000000084400000|  0%| F|  |TAMS 0x0000000084300000, 0x0000000084300000| Untracked 
|  68|0x0000000084400000, 0x0000000084400000, 0x0000000084500000|  0%| F|  |TAMS 0x0000000084400000, 0x0000000084400000| Untracked 
|  69|0x0000000084500000, 0x0000000084500000, 0x0000000084600000|  0%| F|  |TAMS 0x0000000084500000, 0x0000000084500000| Untracked 
|  70|0x0000000084600000, 0x0000000084600000, 0x0000000084700000|  0%| F|  |TAMS 0x0000000084600000, 0x0000000084600000| Untracked 
|  71|0x0000000084700000, 0x0000000084700000, 0x0000000084800000|  0%| F|  |TAMS 0x0000000084700000, 0x0000000084700000| Untracked 
|  72|0x0000000084800000, 0x0000000084800000, 0x0000000084900000|  0%| F|  |TAMS 0x0000000084800000, 0x0000000084800000| Untracked 
|  73|0x0000000084900000, 0x0000000084a00000, 0x0000000084a00000|100%| S|CS|TAMS 0x0000000084900000, 0x0000000084900000| Complete 
|  74|0x0000000084a00000, 0x0000000084b00000, 0x0000000084b00000|100%| S|CS|TAMS 0x0000000084a00000, 0x0000000084a00000| Complete 
|  75|0x0000000084b00000, 0x0000000084c00000, 0x0000000084c00000|100%| S|CS|TAMS 0x0000000084b00000, 0x0000000084b00000| Complete 
|  76|0x0000000084c00000, 0x0000000084d00000, 0x0000000084d00000|100%| S|CS|TAMS 0x0000000084c00000, 0x0000000084c00000| Complete 
|  77|0x0000000084d00000, 0x0000000084e00000, 0x0000000084e00000|100%| S|CS|TAMS 0x0000000084d00000, 0x0000000084d00000| Complete 
|  78|0x0000000084e00000, 0x0000000084f00000, 0x0000000084f00000|100%| S|CS|TAMS 0x0000000084e00000, 0x0000000084e00000| Complete 
|  79|0x0000000084f00000, 0x0000000084f00000, 0x0000000085000000|  0%| F|  |TAMS 0x0000000084f00000, 0x0000000084f00000| Untracked 
|  80|0x0000000085000000, 0x0000000085000000, 0x0000000085100000|  0%| F|  |TAMS 0x0000000085000000, 0x0000000085000000| Untracked 
|  81|0x0000000085100000, 0x0000000085100000, 0x0000000085200000|  0%| F|  |TAMS 0x0000000085100000, 0x0000000085100000| Untracked 
|  82|0x0000000085200000, 0x0000000085200000, 0x0000000085300000|  0%| F|  |TAMS 0x0000000085200000, 0x0000000085200000| Untracked 
|  83|0x0000000085300000, 0x0000000085300000, 0x0000000085400000|  0%| F|  |TAMS 0x0000000085300000, 0x0000000085300000| Untracked 
|  84|0x0000000085400000, 0x0000000085400000, 0x0000000085500000|  0%| F|  |TAMS 0x0000000085400000, 0x0000000085400000| Untracked 
|  85|0x0000000085500000, 0x0000000085500000, 0x0000000085600000|  0%| F|  |TAMS 0x0000000085500000, 0x0000000085500000| Untracked 
|  86|0x0000000085600000, 0x0000000085600000, 0x0000000085700000|  0%| F|  |TAMS 0x0000000085600000, 0x0000000085600000| Untracked 
|  87|0x0000000085700000, 0x0000000085700000, 0x0000000085800000|  0%| F|  |TAMS 0x0000000085700000, 0x0000000085700000| Untracked 
|  88|0x0000000085800000, 0x0000000085800000, 0x0000000085900000|  0%| F|  |TAMS 0x0000000085800000, 0x0000000085800000| Untracked 
|  89|0x0000000085900000, 0x0000000085900000, 0x0000000085a00000|  0%| F|  |TAMS 0x0000000085900000, 0x0000000085900000| Untracked 
|  90|0x0000000085a00000, 0x0000000085a00000, 0x0000000085b00000|  0%| F|  |TAMS 0x0000000085a00000, 0x0000000085a00000| Untracked 
|  91|0x0000000085b00000, 0x0000000085b00000, 0x0000000085c00000|  0%| F|  |TAMS 0x0000000085b00000, 0x0000000085b00000| Untracked 
|  92|0x0000000085c00000, 0x0000000085c00000, 0x0000000085d00000|  0%| F|  |TAMS 0x0000000085c00000, 0x0000000085c00000| Untracked 
|  93|0x0000000085d00000, 0x0000000085d00000, 0x0000000085e00000|  0%| F|  |TAMS 0x0000000085d00000, 0x0000000085d00000| Untracked 
|  94|0x0000000085e00000, 0x0000000085e00000, 0x0000000085f00000|  0%| F|  |TAMS 0x0000000085e00000, 0x0000000085e00000| Untracked 
|  95|0x0000000085f00000, 0x0000000085f00000, 0x0000000086000000|  0%| F|  |TAMS 0x0000000085f00000, 0x0000000085f00000| Untracked 
|  96|0x0000000086000000, 0x0000000086000000, 0x0000000086100000|  0%| F|  |TAMS 0x0000000086000000, 0x0000000086000000| Untracked 
|  97|0x0000000086100000, 0x0000000086100000, 0x0000000086200000|  0%| F|  |TAMS 0x0000000086100000, 0x0000000086100000| Untracked 
|  98|0x0000000086200000, 0x0000000086200000, 0x0000000086300000|  0%| F|  |TAMS 0x0000000086200000, 0x0000000086200000| Untracked 
|  99|0x0000000086300000, 0x0000000086300000, 0x0000000086400000|  0%| F|  |TAMS 0x0000000086300000, 0x0000000086300000| Untracked 
| 100|0x0000000086400000, 0x0000000086400000, 0x0000000086500000|  0%| F|  |TAMS 0x0000000086400000, 0x0000000086400000| Untracked 
| 101|0x0000000086500000, 0x0000000086500000, 0x0000000086600000|  0%| F|  |TAMS 0x0000000086500000, 0x0000000086500000| Untracked 
| 102|0x0000000086600000, 0x0000000086600000, 0x0000000086700000|  0%| F|  |TAMS 0x0000000086600000, 0x0000000086600000| Untracked 
| 103|0x0000000086700000, 0x0000000086700000, 0x0000000086800000|  0%| F|  |TAMS 0x0000000086700000, 0x0000000086700000| Untracked 
| 104|0x0000000086800000, 0x0000000086800000, 0x0000000086900000|  0%| F|  |TAMS 0x0000000086800000, 0x0000000086800000| Untracked 
| 105|0x0000000086900000, 0x0000000086900000, 0x0000000086a00000|  0%| F|  |TAMS 0x0000000086900000, 0x0000000086900000| Untracked 
| 106|0x0000000086a00000, 0x0000000086a00000, 0x0000000086b00000|  0%| F|  |TAMS 0x0000000086a00000, 0x0000000086a00000| Untracked 
| 107|0x0000000086b00000, 0x0000000086b00000, 0x0000000086c00000|  0%| F|  |TAMS 0x0000000086b00000, 0x0000000086b00000| Untracked 
| 108|0x0000000086c00000, 0x0000000086c00000, 0x0000000086d00000|  0%| F|  |TAMS 0x0000000086c00000, 0x0000000086c00000| Untracked 
| 109|0x0000000086d00000, 0x0000000086d00000, 0x0000000086e00000|  0%| F|  |TAMS 0x0000000086d00000, 0x0000000086d00000| Untracked 
| 110|0x0000000086e00000, 0x0000000086e00000, 0x0000000086f00000|  0%| F|  |TAMS 0x0000000086e00000, 0x0000000086e00000| Untracked 
| 111|0x0000000086f00000, 0x0000000086f00000, 0x0000000087000000|  0%| F|  |TAMS 0x0000000086f00000, 0x0000000086f00000| Untracked 
| 112|0x0000000087000000, 0x0000000087000000, 0x0000000087100000|  0%| F|  |TAMS 0x0000000087000000, 0x0000000087000000| Untracked 
| 113|0x0000000087100000, 0x0000000087100000, 0x0000000087200000|  0%| F|  |TAMS 0x0000000087100000, 0x0000000087100000| Untracked 
| 114|0x0000000087200000, 0x0000000087200000, 0x0000000087300000|  0%| F|  |TAMS 0x0000000087200000, 0x0000000087200000| Untracked 
| 115|0x0000000087300000, 0x0000000087300000, 0x0000000087400000|  0%| F|  |TAMS 0x0000000087300000, 0x0000000087300000| Untracked 
| 116|0x0000000087400000, 0x0000000087400000, 0x0000000087500000|  0%| F|  |TAMS 0x0000000087400000, 0x0000000087400000| Untracked 
| 117|0x0000000087500000, 0x0000000087500000, 0x0000000087600000|  0%| F|  |TAMS 0x0000000087500000, 0x0000000087500000| Untracked 
| 118|0x0000000087600000, 0x0000000087600000, 0x0000000087700000|  0%| F|  |TAMS 0x0000000087600000, 0x0000000087600000| Untracked 
| 119|0x0000000087700000, 0x0000000087700000, 0x0000000087800000|  0%| F|  |TAMS 0x0000000087700000, 0x0000000087700000| Untracked 
| 120|0x0000000087800000, 0x0000000087800000, 0x0000000087900000|  0%| F|  |TAMS 0x0000000087800000, 0x0000000087800000| Untracked 
| 121|0x0000000087900000, 0x0000000087900000, 0x0000000087a00000|  0%| F|  |TAMS 0x0000000087900000, 0x0000000087900000| Untracked 
| 122|0x0000000087a00000, 0x0000000087a00000, 0x0000000087b00000|  0%| F|  |TAMS 0x0000000087a00000, 0x0000000087a00000| Untracked 
| 123|0x0000000087b00000, 0x0000000087b00000, 0x0000000087c00000|  0%| F|  |TAMS 0x0000000087b00000, 0x0000000087b00000| Untracked 
| 124|0x0000000087c00000, 0x0000000087c00000, 0x0000000087d00000|  0%| F|  |TAMS 0x0000000087c00000, 0x0000000087c00000| Untracked 
| 125|0x0000000087d00000, 0x0000000087d00000, 0x0000000087e00000|  0%| F|  |TAMS 0x0000000087d00000, 0x0000000087d00000| Untracked 

Card table byte_map: [0x0000027e70850000,0x0000027e70c50000] _byte_map_base: 0x0000027e70450000

Marking Bits (Prev, Next): (CMBitMap*) 0x0000027e5cf0fd10, (CMBitMap*) 0x0000027e5cf0fcd8
 Prev Bits: [0x0000027e73050000, 0x0000027e75050000)
 Next Bits: [0x0000027e71050000, 0x0000027e73050000)

Polling page: 0x0000027e609c0000

Metaspace:

Usage:
  Non-class:     54.32 MB capacity,    53.37 MB ( 98%) used,   806.61 KB (  1%) free+waste,   161.50 KB ( <1%) overhead. 
      Class:      8.32 MB capacity,     7.76 MB ( 93%) used,   497.46 KB (  6%) free+waste,    76.00 KB ( <1%) overhead. 
       Both:     62.64 MB capacity,    61.14 MB ( 98%) used,     1.27 MB (  2%) free+waste,   237.50 KB ( <1%) overhead. 

Virtual space:
  Non-class space:       56.00 MB reserved,      54.56 MB ( 97%) committed 
      Class space:        1.00 GB reserved,       8.38 MB ( <1%) committed 
             Both:        1.05 GB reserved,      62.93 MB (  6%) committed 

Chunk freelists:
   Non-Class:  52.00 KB
       Class:  20.00 KB
        Both:  72.00 KB

MaxMetaspaceSize: 17179869184.00 GB
CompressedClassSpaceSize: 1.00 GB

CodeHeap 'non-profiled nmethods': size=120000Kb used=3643Kb max_used=3643Kb free=116356Kb
 bounds [0x0000027e684b0000, 0x0000027e68840000, 0x0000027e6f9e0000]
CodeHeap 'profiled nmethods': size=120000Kb used=12743Kb max_used=12743Kb free=107257Kb
 bounds [0x0000027e60f80000, 0x0000027e61c00000, 0x0000027e684b0000]
CodeHeap 'non-nmethods': size=5760Kb used=2259Kb max_used=2301Kb free=3500Kb
 bounds [0x0000027e609e0000, 0x0000027e60c50000, 0x0000027e60f80000]
 total_blobs=6877 nmethods=6026 adapters=762
 compilation: enabled
              stopped_count=0, restarted_count=0
 full_count=0

Compilation events (20 events):
Event: 27.347 Thread 0x0000027e783c3000 nmethod 6082 0x0000027e61be9990 code [0x0000027e61be9b40, 0x0000027e61be9c68]
Event: 27.347 Thread 0x0000027e783c3000 6083       3       com.google.gson.internal.bind.TypeAdapters$16::read (38 bytes)
Event: 27.347 Thread 0x0000027e783c3000 nmethod 6083 0x0000027e61be9d10 code [0x0000027e61be9f20, 0x0000027e61bea498]
Event: 27.347 Thread 0x0000027e783c3000 6090       3       com.google.gson.stream.JsonReader$1::promoteNameToValue (112 bytes)
Event: 27.349 Thread 0x0000027e783c3000 nmethod 6090 0x0000027e61bea610 code [0x0000027e61bea900, 0x0000027e61beba08]
Event: 27.349 Thread 0x0000027e783c3000 6078       3       com.google.gson.stream.JsonReader::nextName (117 bytes)
Event: 27.352 Thread 0x0000027e783c3000 nmethod 6078 0x0000027e61bebe90 code [0x0000027e61bec1a0, 0x0000027e61bed1e8]
Event: 27.352 Thread 0x0000027e783c3000 6079       3       com.google.gson.internal.bind.ReflectiveTypeAdapterFactory$1::read (30 bytes)
Event: 27.353 Thread 0x0000027e783c3000 nmethod 6079 0x0000027e61bed690 code [0x0000027e61bed8a0, 0x0000027e61bedd08]
Event: 27.353 Thread 0x0000027e783c3000 6084       3       jdk.internal.reflect.UnsafeQualifiedObjectFieldAccessorImpl::set (56 bytes)
Event: 27.355 Thread 0x0000027e783c2000 nmethod 6087 0x0000027e6883e590 code [0x0000027e6883e740, 0x0000027e6883ea88]
Event: 27.355 Thread 0x0000027e783c2000 6092       4       java.util.TreeMap::put (247 bytes)
Event: 27.357 Thread 0x0000027e783c3000 nmethod 6084 0x0000027e61bede90 code [0x0000027e61bee1a0, 0x0000027e61bef488]
Event: 27.357 Thread 0x0000027e783c3000 6088       3       com.google.gson.stream.JsonReader::push (76 bytes)
Event: 27.358 Thread 0x0000027e783c3000 nmethod 6088 0x0000027e61befa90 code [0x0000027e61befcc0, 0x0000027e61bf0608]
Event: 27.358 Thread 0x0000027e783c3000 6093   !   3       java.io.StringReader::read (133 bytes)
Event: 27.360 Thread 0x0000027e783c3000 nmethod 6093 0x0000027e61bf0910 code [0x0000027e61bf0b40, 0x0000027e61bf13c8]
Event: 27.360 Thread 0x0000027e783c3000 6094       3       java.io.StringReader::ensureOpen (18 bytes)
Event: 27.360 Thread 0x0000027e783c3000 nmethod 6094 0x0000027e61bf1790 code [0x0000027e61bf1960, 0x0000027e61bf1b68]
Event: 27.365 Thread 0x0000027e783c3000 6097       3       java.util.regex.Pattern::createGroup (86 bytes)

GC Heap History (20 events):
Event: 9.395 GC heap after
{Heap after GC invocations=2 (full 0):
 garbage-first heap   total 129024K, used 16178K [0x0000000080000000, 0x0000000100000000)
  region size 1024K, 10 young (10240K), 10 survivors (10240K)
 Metaspace       used 17732K, capacity 18151K, committed 18432K, reserved 1064960K
  class space    used 2091K, capacity 2236K, committed 2304K, reserved 1048576K
}
Event: 10.166 GC heap before
{Heap before GC invocations=2 (full 0):
 garbage-first heap   total 129024K, used 37682K [0x0000000080000000, 0x0000000100000000)
  region size 1024K, 33 young (33792K), 10 survivors (10240K)
 Metaspace       used 20615K, capacity 21151K, committed 21296K, reserved 1069056K
  class space    used 2513K, capacity 2688K, committed 2688K, reserved 1048576K
}
Event: 10.188 GC heap after
{Heap after GC invocations=3 (full 0):
 garbage-first heap   total 129024K, used 16688K [0x0000000080000000, 0x0000000100000000)
  region size 1024K, 1 young (1024K), 1 survivors (1024K)
 Metaspace       used 20615K, capacity 21151K, committed 21296K, reserved 1069056K
  class space    used 2513K, capacity 2688K, committed 2688K, reserved 1048576K
}
Event: 11.961 GC heap before
{Heap before GC invocations=4 (full 0):
 garbage-first heap   total 129024K, used 66864K [0x0000000080000000, 0x0000000100000000)
  region size 1024K, 50 young (51200K), 1 survivors (1024K)
 Metaspace       used 25809K, capacity 26419K, committed 26672K, reserved 1073152K
  class space    used 3368K, capacity 3598K, committed 3712K, reserved 1048576K
}
Event: 11.972 GC heap after
{Heap after GC invocations=5 (full 0):
 garbage-first heap   total 129024K, used 18282K [0x0000000080000000, 0x0000000100000000)
  region size 1024K, 3 young (3072K), 3 survivors (3072K)
 Metaspace       used 25809K, capacity 26419K, committed 26672K, reserved 1073152K
  class space    used 3368K, capacity 3598K, committed 3712K, reserved 1048576K
}
Event: 14.432 GC heap before
{Heap before GC invocations=5 (full 0):
 garbage-first heap   total 129024K, used 73578K [0x0000000080000000, 0x0000000100000000)
  region size 1024K, 57 young (58368K), 3 survivors (3072K)
 Metaspace       used 34117K, capacity 34965K, committed 35120K, reserved 1079296K
  class space    used 4431K, capacity 4725K, committed 4736K, reserved 1048576K
}
Event: 14.447 GC heap after
{Heap after GC invocations=6 (full 0):
 garbage-first heap   total 129024K, used 21619K [0x0000000080000000, 0x0000000100000000)
  region size 1024K, 6 young (6144K), 6 survivors (6144K)
 Metaspace       used 34117K, capacity 34965K, committed 35120K, reserved 1079296K
  class space    used 4431K, capacity 4725K, committed 4736K, reserved 1048576K
}
Event: 14.621 GC heap before
{Heap before GC invocations=6 (full 0):
 garbage-first heap   total 129024K, used 24691K [0x0000000080000000, 0x0000000100000000)
  region size 1024K, 11 young (11264K), 6 survivors (6144K)
 Metaspace       used 34837K, capacity 35639K, committed 35708K, reserved 1081344K
  class space    used 4535K, capacity 4864K, committed 4864K, reserved 1048576K
}
Event: 14.645 GC heap after
{Heap after GC invocations=7 (full 0):
 garbage-first heap   total 129024K, used 22754K [0x0000000080000000, 0x0000000100000000)
  region size 1024K, 5 young (5120K), 5 survivors (5120K)
 Metaspace       used 34837K, capacity 35639K, committed 35708K, reserved 1081344K
  class space    used 4535K, capacity 4864K, committed 4864K, reserved 1048576K
}
Event: 17.426 GC heap before
{Heap before GC invocations=8 (full 0):
 garbage-first heap   total 129024K, used 77026K [0x0000000080000000, 0x0000000100000000)
  region size 1024K, 55 young (56320K), 5 survivors (5120K)
 Metaspace       used 38706K, capacity 39632K, committed 39856K, reserved 1083392K
  class space    used 4928K, capacity 5251K, committed 5376K, reserved 1048576K
}
Event: 17.451 GC heap after
{Heap after GC invocations=9 (full 0):
 garbage-first heap   total 129024K, used 26109K [0x0000000080000000, 0x0000000100000000)
  region size 1024K, 5 young (5120K), 5 survivors (5120K)
 Metaspace       used 38706K, capacity 39632K, committed 39856K, reserved 1083392K
  class space    used 4928K, capacity 5251K, committed 5376K, reserved 1048576K
}
Event: 19.466 GC heap before
{Heap before GC invocations=9 (full 0):
 garbage-first heap   total 129024K, used 78333K [0x0000000080000000, 0x0000000100000000)
  region size 1024K, 56 young (57344K), 5 survivors (5120K)
 Metaspace       used 43470K, capacity 44524K, committed 44848K, reserved 1087488K
  class space    used 5548K, capacity 5896K, committed 6016K, reserved 1048576K
}
Event: 19.482 GC heap after
{Heap after GC invocations=10 (full 0):
 garbage-first heap   total 129024K, used 28026K [0x0000000080000000, 0x0000000100000000)
  region size 1024K, 3 young (3072K), 3 survivors (3072K)
 Metaspace       used 43470K, capacity 44524K, committed 44848K, reserved 1087488K
  class space    used 5548K, capacity 5896K, committed 6016K, reserved 1048576K
}
Event: 21.731 GC heap before
{Heap before GC invocations=10 (full 0):
 garbage-first heap   total 129024K, used 83322K [0x0000000080000000, 0x0000000100000000)
  region size 1024K, 58 young (59392K), 3 survivors (3072K)
 Metaspace       used 46975K, capacity 48279K, committed 48432K, reserved 1091584K
  class space    used 6011K, capacity 6441K, committed 6528K, reserved 1048576K
}
Event: 21.742 GC heap after
{Heap after GC invocations=11 (full 0):
 garbage-first heap   total 129024K, used 30382K [0x0000000080000000, 0x0000000100000000)
  region size 1024K, 5 young (5120K), 5 survivors (5120K)
 Metaspace       used 46975K, capacity 48279K, committed 48432K, reserved 1091584K
  class space    used 6011K, capacity 6441K, committed 6528K, reserved 1048576K
}
Event: 24.245 GC heap before
{Heap before GC invocations=11 (full 0):
 garbage-first heap   total 129024K, used 91822K [0x0000000080000000, 0x0000000100000000)
  region size 1024K, 62 young (63488K), 5 survivors (5120K)
 Metaspace       used 52995K, capacity 54376K, committed 54576K, reserved 1097728K
  class space    used 6776K, capacity 7286K, committed 7296K, reserved 1048576K
}
Event: 24.265 GC heap after
{Heap after GC invocations=12 (full 0):
 garbage-first heap   total 129024K, used 41628K [0x0000000080000000, 0x0000000100000000)
  region size 1024K, 8 young (8192K), 8 survivors (8192K)
 Metaspace       used 52995K, capacity 54376K, committed 54576K, reserved 1097728K
  class space    used 6776K, capacity 7286K, committed 7296K, reserved 1048576K
}
Event: 25.687 GC heap before
{Heap before GC invocations=12 (full 0):
 garbage-first heap   total 129024K, used 74396K [0x0000000080000000, 0x0000000100000000)
  region size 1024K, 41 young (41984K), 8 survivors (8192K)
 Metaspace       used 58218K, capacity 59727K, committed 59940K, reserved 1101824K
  class space    used 7406K, capacity 7958K, committed 8064K, reserved 1048576K
}
Event: 25.725 GC heap after
{Heap after GC invocations=13 (full 0):
 garbage-first heap   total 129024K, used 44339K [0x0000000080000000, 0x0000000100000000)
  region size 1024K, 3 young (3072K), 3 survivors (3072K)
 Metaspace       used 58218K, capacity 59727K, committed 59940K, reserved 1101824K
  class space    used 7406K, capacity 7958K, committed 8064K, reserved 1048576K
}
Event: 27.367 GC heap before
{Heap before GC invocations=14 (full 0):
 garbage-first heap   total 129024K, used 89395K [0x0000000080000000, 0x0000000100000000)
  region size 1024K, 47 young (48128K), 3 survivors (3072K)
 Metaspace       used 62606K, capacity 64148K, committed 64444K, reserved 1105920K
  class space    used 7950K, capacity 8524K, committed 8576K, reserved 1048576K
}

Deoptimization events (20 events):
Event: 26.119 Thread 0x0000027e7acf1000 DEOPT PACKING pc=0x0000027e612d7191 sp=0x000000b56cff41c0
Event: 26.119 Thread 0x0000027e7acf1000 DEOPT UNPACKING pc=0x0000027e60a076ce sp=0x000000b56cff3638 mode 0
Event: 26.121 Thread 0x0000027e7acf1000 DEOPT PACKING pc=0x0000027e612d7191 sp=0x000000b56cff41c0
Event: 26.121 Thread 0x0000027e7acf1000 DEOPT UNPACKING pc=0x0000027e60a076ce sp=0x000000b56cff3638 mode 0
Event: 26.193 Thread 0x0000027e7acf1000 Uncommon trap: trap_request=0xffffff4d fr.pc=0x0000027e686a0420 relative=0x00000000000001e0
Event: 26.193 Thread 0x0000027e7acf1000 Uncommon trap: reason=unstable_if action=reinterpret pc=0x0000027e686a0420 method=java.security.CodeSource.matchCerts(Ljava/security/CodeSource;Z)Z @ 11 c2
Event: 26.193 Thread 0x0000027e7acf1000 DEOPT PACKING pc=0x0000027e686a0420 sp=0x000000b56cff17d0
Event: 26.193 Thread 0x0000027e7acf1000 DEOPT UNPACKING pc=0x0000027e60a078af sp=0x000000b56cff16f0 mode 2
Event: 26.887 Thread 0x0000027e7acf1000 Uncommon trap: trap_request=0xffffffdc fr.pc=0x0000027e6882b96c relative=0x00000000000002ac
Event: 26.887 Thread 0x0000027e7acf1000 Uncommon trap: reason=class_check action=make_not_entrant pc=0x0000027e6882b96c method=java.util.ArrayList.toArray([Ljava/lang/Object;)[Ljava/lang/Object; @ 21 c2
Event: 26.887 Thread 0x0000027e7acf1000 DEOPT PACKING pc=0x0000027e6882b96c sp=0x000000b56cff6890
Event: 26.888 Thread 0x0000027e7acf1000 DEOPT UNPACKING pc=0x0000027e60a078af sp=0x000000b56cff6860 mode 2
Event: 26.999 Thread 0x0000027e7acf1000 Uncommon trap: trap_request=0xfffffff4 fr.pc=0x0000027e6882f988 relative=0x0000000000000068
Event: 26.999 Thread 0x0000027e7acf1000 Uncommon trap: reason=null_check action=make_not_entrant pc=0x0000027e6882f988 method=java.lang.Class.isAnnotation()Z @ 1 c2
Event: 26.999 Thread 0x0000027e7acf1000 DEOPT PACKING pc=0x0000027e6882f988 sp=0x000000b56cff84b0
Event: 26.999 Thread 0x0000027e7acf1000 DEOPT UNPACKING pc=0x0000027e60a078af sp=0x000000b56cff8440 mode 2
Event: 27.113 Thread 0x0000027e7acf1000 Uncommon trap: trap_request=0xffffff4d fr.pc=0x0000027e6876199c relative=0x000000000000033c
Event: 27.113 Thread 0x0000027e7acf1000 Uncommon trap: reason=unstable_if action=reinterpret pc=0x0000027e6876199c method=org.gradle.internal.reflect.PropertyAccessorType.of(Ljava/lang/reflect/Method;)Lorg/gradle/internal/reflect/PropertyAccessorType; @ 56 c2
Event: 27.113 Thread 0x0000027e7acf1000 DEOPT PACKING pc=0x0000027e6876199c sp=0x000000b56cff7f50
Event: 27.113 Thread 0x0000027e7acf1000 DEOPT UNPACKING pc=0x0000027e60a078af sp=0x000000b56cff7f10 mode 2

Classes redefined (0 events):
No events

Internal exceptions (20 events):
Event: 22.446 Thread 0x0000027e7a751000 Exception <a 'java/lang/NoSuchMethodError'{0x0000000086cd2d50}: <clinit>> (0x0000000086cd2d50) thrown at [./src/hotspot/share/prims/jni.cpp, line 1362]
Event: 22.452 Thread 0x0000027e7a751000 Exception <a 'java/lang/NoSuchMethodError'{0x0000000086ce71f0}: <clinit>> (0x0000000086ce71f0) thrown at [./src/hotspot/share/prims/jni.cpp, line 1362]
Event: 22.518 Thread 0x0000027e7acf1000 Exception <a 'java/lang/ClassNotFoundException'{0x0000000086b5f668}: build_f1h08rwk14t4gg7ywv7kq6z1lBeanInfo> (0x0000000086b5f668) thrown at [./src/hotspot/share/classfile/systemDictionary.cpp, line 231]
Event: 22.519 Thread 0x0000027e7acf1000 Exception <a 'java/lang/ClassNotFoundException'{0x0000000086b6a590}: build_f1h08rwk14t4gg7ywv7kq6z1lCustomizer> (0x0000000086b6a590) thrown at [./src/hotspot/share/classfile/systemDictionary.cpp, line 231]
Event: 22.543 Thread 0x0000027e7acf1000 Exception <a 'java/lang/ClassNotFoundException'{0x0000000086bea928}: org/gradle/plugin/use/internal/PluginRequestCollector$PluginDependenciesSpecImplBeanInfo> (0x0000000086bea928) thrown at [./src/hotspot/share/classfile/systemDictionary.cpp, line 231]
Event: 22.545 Thread 0x0000027e7acf1000 Exception <a 'java/lang/ClassNotFoundException'{0x0000000086a18d10}: org/gradle/plugin/use/internal/PluginRequestCollector$PluginDependenciesSpecImplCustomizer> (0x0000000086a18d10) thrown at [./src/hotspot/share/classfile/systemDictionary.cpp, line 231]
Event: 22.641 Thread 0x0000027e7acf1000 Exception <a 'java/lang/ClassNotFoundException'{0x0000000086897098}: org/gradle/api/internal/plugins/DefaultObjectConfigurationActionBeanInfo> (0x0000000086897098) thrown at [./src/hotspot/share/classfile/systemDictionary.cpp, line 231]
Event: 22.644 Thread 0x0000027e7acf1000 Exception <a 'java/lang/ClassNotFoundException'{0x00000000868ca438}: org/gradle/api/internal/plugins/DefaultObjectConfigurationActionCustomizer> (0x00000000868ca438) thrown at [./src/hotspot/share/classfile/systemDictionary.cpp, line 231]
Event: 23.029 Thread 0x0000027e7acf1000 Exception <a 'java/lang/NoSuchMethodError'{0x0000000085e96188}: 'java.lang.Object java.lang.invoke.DirectMethodHandle$Holder.invokeStatic(java.lang.Object, java.lang.Object, java.lang.Object, java.lang.Object, int)'> (0x0000000085e96188) thrown at [./src/hotspot/share/interpreter/linkResolver.cpp, line 773]
Event: 23.030 Thread 0x0000027e7acf1000 Exception <a 'java/lang/NoSuchMethodError'{0x0000000085e9ab80}: 'java.lang.Object java.lang.invoke.DirectMethodHandle$Holder.invokeSpecial(java.lang.Object, java.lang.Object, java.lang.Object, java.lang.Object, java.lang.Object, int)'> (0x0000000085e9ab80) thrown at [./src/hotspot/share/interpreter/linkResolver.cpp, line 773]
Event: 23.030 Thread 0x0000027e7acf1000 Exception <a 'java/lang/NoSuchMethodError'{0x0000000085e9f1c0}: 'java.lang.Object java.lang.invoke.Invokers$Holder.linkToTargetMethod(java.lang.Object, java.lang.Object, java.lang.Object, int, java.lang.Object)'> (0x0000000085e9f1c0) thrown at [./src/hotspot/share/interpreter/linkResolver.cpp, line 773]
Event: 23.675 Thread 0x0000027e7acf1000 Exception <a 'java/lang/NoSuchMethodError'{0x00000000850f1c00}: 'java.lang.Object java.lang.invoke.DirectMethodHandle$Holder.invokeSpecial(java.lang.Object, java.lang.Object, int, int, java.lang.Object, java.lang.Object, java.lang.Object)'> (0x00000000850f1c00) thrown at [./src/hotspot/share/interpreter/linkResolver.cpp, line 773]
Event: 23.675 Thread 0x0000027e7acf1000 Exception <a 'java/lang/NoSuchMethodError'{0x00000000850f6180}: 'java.lang.Object java.lang.invoke.DelegatingMethodHandle$Holder.reinvoke_L(java.lang.Object, int, int, java.lang.Object, java.lang.Object, java.lang.Object)'> (0x00000000850f6180) thrown at [./src/hotspot/share/interpreter/linkResolver.cpp, line 773]
Event: 24.281 Thread 0x0000027e7acf1000 Exception <a 'java/lang/NoSuchMethodError'{0x0000000087d62a08}: 'int java.lang.invoke.DirectMethodHandle$Holder.invokeInterface(java.lang.Object, java.lang.Object, java.lang.Object, java.lang.Object)'> (0x0000000087d62a08) thrown at [./src/hotspot/share/interpreter/linkResolver.cpp, line 773]
Event: 24.935 Thread 0x0000027e7acf1000 Exception <a 'java/lang/NoSuchMethodError'{0x0000000086d30910}: 'void java.lang.invoke.DirectMethodHandle$Holder.invokeInterface(java.lang.Object, java.lang.Object, java.lang.Object, java.lang.Object)'> (0x0000000086d30910) thrown at [./src/hotspot/share/interpreter/linkResolver.cpp, line 773]
Event: 25.252 Thread 0x0000027e7acf1000 Exception <a 'java/lang/IncompatibleClassChangeError'{0x000000008655ad48}: Found class java.lang.Object, but interface was expected> (0x000000008655ad48) thrown at [./src/hotspot/share/interpreter/linkResolver.cpp, line 839]
Event: 25.415 Thread 0x0000027e7acf1000 Implicit null exception at 0x0000027e686b4a54 to 0x0000027e686b4c38
Event: 25.415 Thread 0x0000027e7acf1000 Implicit null exception at 0x0000027e686b77d3 to 0x0000027e686b9320
Event: 25.669 Thread 0x0000027e7acf1000 Implicit null exception at 0x0000027e685ec48b to 0x0000027e685ec564
Event: 26.292 Thread 0x0000027e7acf1000 Exception <a 'sun/nio/fs/WindowsException'{0x000000008708bea0}> (0x000000008708bea0) thrown at [./src/hotspot/share/prims/jni.cpp, line 615]

Events (20 events):
Event: 27.299 loading class com/android/tools/build/jetifier/core/PackageMap$PackageRule$JsonData done
Event: 27.304 loading class com/android/tools/build/jetifier/core/pom/PomRewriteRule$JsonData
Event: 27.304 loading class com/android/tools/build/jetifier/core/pom/PomRewriteRule$JsonData done
Event: 27.305 loading class com/android/tools/build/jetifier/core/pom/PomDependency
Event: 27.305 loading class com/android/tools/build/jetifier/core/pom/PomDependency done
Event: 27.308 loading class com/google/gson/internal/ConstructorConstructor$13
Event: 27.308 loading class com/google/gson/internal/ConstructorConstructor$13 done
Event: 27.311 loading class com/google/gson/internal/ConstructorConstructor$11
Event: 27.311 loading class com/google/gson/internal/ConstructorConstructor$11 done
Event: 27.337 loading class com/google/gson/internal/LinkedTreeMap
Event: 27.337 loading class com/google/gson/internal/LinkedTreeMap done
Event: 27.339 loading class com/google/gson/internal/LinkedTreeMap$1
Event: 27.339 loading class com/google/gson/internal/LinkedTreeMap$1 done
Event: 27.341 loading class com/google/gson/internal/LinkedTreeMap$Node
Event: 27.341 loading class com/google/gson/internal/LinkedTreeMap$Node done
Event: 27.361 loading class com/android/tools/build/jetifier/core/rule/RewriteRule
Event: 27.361 loading class com/android/tools/build/jetifier/core/rule/RewriteRule done
Event: 27.362 loading class com/android/tools/build/jetifier/core/rule/RewriteRule$Companion
Event: 27.362 loading class com/android/tools/build/jetifier/core/rule/RewriteRule$Companion done
Event: 27.366 Executing VM operation: G1CollectForAllocation


Dynamic libraries:
0x00007ff691e90000 - 0x00007ff691e9a000 	C:\Program Files\Android\Android Studio\jre\bin\java.exe
0x00007ff971490000 - 0x00007ff971685000 	C:\WINDOWS\SYSTEM32\ntdll.dll
0x00007ff9708d0000 - 0x00007ff97098e000 	C:\WINDOWS\System32\KERNEL32.DLL
0x00007ff96f000000 - 0x00007ff96f2c9000 	C:\WINDOWS\System32\KERNELBASE.dll
0x00007ff96f3e0000 - 0x00007ff96f4e0000 	C:\WINDOWS\System32\ucrtbase.dll
0x00007ff965040000 - 0x00007ff965057000 	C:\Program Files\Android\Android Studio\jre\bin\VCRUNTIME140.dll
0x00007ff965730000 - 0x00007ff965749000 	C:\Program Files\Android\Android Studio\jre\bin\jli.dll
0x00007ff970180000 - 0x00007ff970321000 	C:\WINDOWS\System32\USER32.dll
0x00007ff96ebb0000 - 0x00007ff96ebd2000 	C:\WINDOWS\System32\win32u.dll
0x00007ff9544c0000 - 0x00007ff95475a000 	C:\WINDOWS\WinSxS\amd64_microsoft.windows.common-controls_6595b64144ccf1df_6.0.19041.1110_none_60b5254171f9507e\COMCTL32.dll
0x00007ff9713c0000 - 0x00007ff9713eb000 	C:\WINDOWS\System32\GDI32.dll
0x00007ff96fc50000 - 0x00007ff96fcee000 	C:\WINDOWS\System32\msvcrt.dll
0x00007ff96f2d0000 - 0x00007ff96f3db000 	C:\WINDOWS\System32\gdi32full.dll
0x00007ff96ef60000 - 0x00007ff96effd000 	C:\WINDOWS\System32\msvcp_win.dll
0x00007ff970b00000 - 0x00007ff970b30000 	C:\WINDOWS\System32\IMM32.DLL
0x00007ff963340000 - 0x00007ff9633dd000 	C:\Program Files\Android\Android Studio\jre\bin\msvcp140.dll
0x00007ff928bb0000 - 0x00007ff92967f000 	C:\Program Files\Android\Android Studio\jre\bin\server\jvm.dll
0x00007ff970330000 - 0x00007ff9703dc000 	C:\WINDOWS\System32\ADVAPI32.dll
0x00007ff96fbb0000 - 0x00007ff96fc4b000 	C:\WINDOWS\System32\sechost.dll
0x00007ff96f4e0000 - 0x00007ff96f60a000 	C:\WINDOWS\System32\RPCRT4.dll
0x00007ff970170000 - 0x00007ff970178000 	C:\WINDOWS\System32\PSAPI.DLL
0x00007ff94a2b0000 - 0x00007ff94a2b9000 	C:\WINDOWS\SYSTEM32\WSOCK32.dll
0x00007ff94cf50000 - 0x00007ff94cf77000 	C:\WINDOWS\SYSTEM32\WINMM.dll
0x00007ff9703e0000 - 0x00007ff97044b000 	C:\WINDOWS\System32\WS2_32.dll
0x00007ff963010000 - 0x00007ff96301a000 	C:\WINDOWS\SYSTEM32\VERSION.dll
0x00007ff96d460000 - 0x00007ff96d472000 	C:\WINDOWS\SYSTEM32\kernel.appcore.dll
0x00007ff966960000 - 0x00007ff966971000 	C:\Program Files\Android\Android Studio\jre\bin\verify.dll
0x00007ff969960000 - 0x00007ff969b44000 	C:\WINDOWS\SYSTEM32\DBGHELP.DLL
0x00007ff94d770000 - 0x00007ff94d79c000 	C:\WINDOWS\SYSTEM32\dbgcore.DLL
0x00007ff96ec70000 - 0x00007ff96ecf3000 	C:\WINDOWS\System32\bcryptPrimitives.dll
0x00007ff965190000 - 0x00007ff9651b9000 	C:\Program Files\Android\Android Studio\jre\bin\java.dll
0x00007ff966900000 - 0x00007ff96690b000 	C:\Program Files\Android\Android Studio\jre\bin\jimage.dll
0x00007ff965170000 - 0x00007ff965188000 	C:\Program Files\Android\Android Studio\jre\bin\zip.dll
0x00007ff970c80000 - 0x00007ff9713bf000 	C:\WINDOWS\System32\SHELL32.dll
0x00007ff969c30000 - 0x00007ff96a3c0000 	C:\WINDOWS\SYSTEM32\windows.storage.dll
0x00007ff96f670000 - 0x00007ff96f9c5000 	C:\WINDOWS\System32\combase.dll
0x00007ff96e530000 - 0x00007ff96e55c000 	C:\WINDOWS\SYSTEM32\Wldp.dll
0x00007ff96f9d0000 - 0x00007ff96fa7d000 	C:\WINDOWS\System32\SHCORE.dll
0x00007ff9713f0000 - 0x00007ff971445000 	C:\WINDOWS\System32\shlwapi.dll
0x00007ff96eaf0000 - 0x00007ff96eb0f000 	C:\WINDOWS\SYSTEM32\profapi.dll
0x00007ff965150000 - 0x00007ff96516a000 	C:\Program Files\Android\Android Studio\jre\bin\net.dll
0x00007ff966ae0000 - 0x00007ff966be8000 	C:\WINDOWS\SYSTEM32\WINHTTP.dll
0x00007ff96e290000 - 0x00007ff96e2fa000 	C:\WINDOWS\system32\mswsock.dll
0x00007ff965130000 - 0x00007ff965144000 	C:\Program Files\Android\Android Studio\jre\bin\nio.dll
0x00007ff966870000 - 0x00007ff966897000 	C:\Users\Admin\.gradle\native\8bec1ad78214c89d9ad589b4d07fe93259594b29d510b10fafb7a158f7737e5d\windows-amd64\native-platform.dll
0x00007ff963cd0000 - 0x00007ff963e0d000 	C:\Users\Admin\.gradle\native\53dbd7edfb1c66fb8903c78663c9afc45aea4f116125fa6feffd364cf09443e8\windows-amd64\native-platform-file-events.dll
0x00007ff966950000 - 0x00007ff96695a000 	C:\Program Files\Android\Android Studio\jre\bin\management.dll
0x00007ff966830000 - 0x00007ff96683c000 	C:\Program Files\Android\Android Studio\jre\bin\management_ext.dll
0x00007ff96e480000 - 0x00007ff96e498000 	C:\WINDOWS\SYSTEM32\CRYPTSP.dll
0x00007ff96dc10000 - 0x00007ff96dc44000 	C:\WINDOWS\system32\rsaenh.dll
0x00007ff96ebe0000 - 0x00007ff96ec07000 	C:\WINDOWS\System32\bcrypt.dll
0x00007ff96eab0000 - 0x00007ff96eade000 	C:\WINDOWS\SYSTEM32\USERENV.dll
0x00007ff96e4a0000 - 0x00007ff96e4ac000 	C:\WINDOWS\SYSTEM32\CRYPTBASE.dll
0x00007ff96df80000 - 0x00007ff96dfbb000 	C:\WINDOWS\SYSTEM32\IPHLPAPI.DLL
0x00007ff970c70000 - 0x00007ff970c78000 	C:\WINDOWS\System32\NSI.dll
0x00007ff968f70000 - 0x00007ff968f87000 	C:\WINDOWS\SYSTEM32\dhcpcsvc6.DLL
0x00007ff968f50000 - 0x00007ff968f6d000 	C:\WINDOWS\SYSTEM32\dhcpcsvc.DLL
0x00007ff96dfc0000 - 0x00007ff96e08c000 	C:\WINDOWS\SYSTEM32\DNSAPI.dll

dbghelp: loaded successfully - version: 4.0.5 - missing functions: none
symbol engine: initialized successfully - sym options: 0x614 - pdb path: .;C:\Program Files\Android\Android Studio\jre\bin;C:\WINDOWS\SYSTEM32;C:\WINDOWS\WinSxS\amd64_microsoft.windows.common-controls_6595b64144ccf1df_6.0.19041.1110_none_60b5254171f9507e;C:\Program Files\Android\Android Studio\jre\bin\server;C:\Users\Admin\.gradle\native\8bec1ad78214c89d9ad589b4d07fe93259594b29d510b10fafb7a158f7737e5d\windows-amd64;C:\Users\Admin\.gradle\native\53dbd7edfb1c66fb8903c78663c9afc45aea4f116125fa6feffd364cf09443e8\windows-amd64

VM Arguments:
jvm_args: --add-opens=java.base/java.util=ALL-UNNAMED --add-opens=java.base/java.lang=ALL-UNNAMED --add-opens=java.base/java.lang.invoke=ALL-UNNAMED --add-opens=java.base/java.util=ALL-UNNAMED --add-opens=java.prefs/java.util.prefs=ALL-UNNAMED --add-opens=java.prefs/java.util.prefs=ALL-UNNAMED --add-opens=java.base/java.nio.charset=ALL-UNNAMED --add-opens=java.base/java.net=ALL-UNNAMED --add-opens=java.base/java.util.concurrent.atomic=ALL-UNNAMED -Xmx2048m -Dfile.encoding=UTF-8 -Duser.country=US -Duser.language=en -Duser.variant 
java_command: org.gradle.launcher.daemon.bootstrap.GradleDaemon 7.0.2
java_class_path (initial): C:\Users\Admin\.gradle\wrapper\dists\gradle-7.0.2-bin\857tjihv64xamwrf0h14cai3r\gradle-7.0.2\lib\gradle-launcher-7.0.2.jar
Launcher Type: SUN_STANDARD

[Global flags]
     intx CICompilerCount                          = 4                                         {product} {ergonomic}
     uint ConcGCThreads                            = 2                                         {product} {ergonomic}
     uint G1ConcRefinementThreads                  = 8                                         {product} {ergonomic}
   size_t G1HeapRegionSize                         = 1048576                                   {product} {ergonomic}
    uintx GCDrainStackTargetSize                   = 64                                        {product} {ergonomic}
   size_t InitialHeapSize                          = 132120576                                 {product} {ergonomic}
   size_t MarkStackSize                            = 4194304                                   {product} {ergonomic}
   size_t MaxHeapSize                              = 2147483648                                {product} {command line}
   size_t MaxNewSize                               = 1287651328                                {product} {ergonomic}
   size_t MinHeapDeltaBytes                        = 1048576                                   {product} {ergonomic}
    uintx NonNMethodCodeHeapSize                   = 5836300                                {pd product} {ergonomic}
    uintx NonProfiledCodeHeapSize                  = 122910970                              {pd product} {ergonomic}
    uintx ProfiledCodeHeapSize                     = 122910970                              {pd product} {ergonomic}
    uintx ReservedCodeCacheSize                    = 251658240                              {pd product} {ergonomic}
     bool SegmentedCodeCache                       = true                                      {product} {ergonomic}
     bool UseCompressedClassPointers               = true                                 {lp64_product} {ergonomic}
     bool UseCompressedOops                        = true                                 {lp64_product} {ergonomic}
     bool UseG1GC                                  = true                                      {product} {ergonomic}
     bool UseLargePagesIndividualAllocation        = false                                  {pd product} {ergonomic}

Logging:
Log output configuration:
 #0: stdout all=warning uptime,level,tags
 #1: stderr all=off uptime,level,tags

Environment Variables:
PATH=C:\Program Files (x86)\Common Files\Oracle\Java\javapath;C:\Program Files\Common Files\Oracle\Java\javapath;C:\ProgramData\Oracle\Java\javapath;C:\WINDOWS\system32;C:\WINDOWS;C:\WINDOWS\System32\Wbem;C:\WINDOWS\System32\WindowsPowerShell\v1.0\;C:\WINDOWS\System32\OpenSSH\;C:\Program Files\Java\jdk-14\bin;C:\Program Files\Git\cmd;C:\Program Files\nodejs\;C:\Users\Admin\AppData\Local\Microsoft\WindowsApps;C:\Users\Admin\AppData\Roaming\npm;
USERNAME=Admin
OS=Windows_NT
PROCESSOR_IDENTIFIER=Intel64 Family 6 Model 142 Stepping 10, GenuineIntel



---------------  S Y S T E M  ---------------

OS: Windows 10 , 64 bit Build 19041 (10.0.19041.1202)
OS uptime: 0 days 4:44 hours

CPU:total 8 (initial active 8) (4 cores per cpu, 2 threads per core) family 6 model 142 stepping 10 microcode 0xb4, cmov, cx8, fxsr, mmx, sse, sse2, sse3, ssse3, sse4.1, sse4.2, popcnt, avx, avx2, aes, clmul, erms, 3dnowpref, lzcnt, ht, tsc, tscinvbit, bmi1, bmi2, adx, fma

Memory: 4k page, system-wide physical 8026M (1090M free)
TotalPageFile size 9050M (AvailPageFile size 9M)
current process WorkingSet (physical memory assigned to process): 326M, peak: 328M
current process commit charge ("private bytes"): 364M, peak: 390M

vm_info: OpenJDK 64-Bit Server VM (11.0.10+0-b96-7249189) for windows-amd64 JRE (11.0.10+0-b96-7249189), built on Mar 31 2021 21:44:00 by "builder" with MS VC++ 14.0 (VS2015)

END.
