#
# There is insufficient memory for the Java Runtime Environment to continue.
# Native memory allocation (malloc) failed to allocate 1254496 bytes for Chunk::new
# Possible reasons:
#   The system is out of physical RAM or swap space
#   The process is running with CompressedOops enabled, and the Java Heap may be blocking the growth of the native heap
# Possible solutions:
#   Reduce memory load on the system
#   Increase physical memory or swap space
#   Check if swap backing store is full
#   Decrease Java heap size (-Xmx/-Xms)
#   Decrease number of Java threads
#   Decrease Java thread stack sizes (-Xss)
#   Set larger code cache with -XX:ReservedCodeCacheSize=
#   JVM is running with Unscaled Compressed Oops mode in which the Java heap is
#     placed in the first 4GB address space. The Java Heap base address is the
#     maximum limit for the native heap growth. Please use -XX:HeapBaseMinAddress
#     to set the Java Heap base and to place the Java Heap above 4GB virtual address.
# This output file may be truncated or incomplete.
#
#  Out of Memory Error (./src/hotspot/share/memory/arena.cpp:197), pid=1280, tid=14252
#
# JRE version: OpenJDK Runtime Environment (11.0.10) (build 11.0.10+0-b96-7249189)
# Java VM: OpenJDK 64-Bit Server VM (11.0.10+0-b96-7249189, mixed mode, tiered, compressed oops, g1 gc, windows-amd64)
# No core dump will be written. Minidumps are not enabled by default on client versions of Windows
#

---------------  S U M M A R Y ------------

Command Line: --add-opens=java.base/java.util=ALL-UNNAMED --add-opens=java.base/java.lang=ALL-UNNAMED --add-opens=java.base/java.lang.invoke=ALL-UNNAMED --add-opens=java.base/java.util=ALL-UNNAMED --add-opens=java.prefs/java.util.prefs=ALL-UNNAMED --add-opens=java.prefs/java.util.prefs=ALL-UNNAMED --add-opens=java.base/java.nio.charset=ALL-UNNAMED --add-opens=java.base/java.net=ALL-UNNAMED --add-opens=java.base/java.util.concurrent.atomic=ALL-UNNAMED -Xmx2048m -Dfile.encoding=UTF-8 -Duser.country=US -Duser.language=en -Duser.variant org.gradle.launcher.daemon.bootstrap.GradleDaemon 7.0.2

Host: Intel(R) Core(TM) i7-8550U CPU @ 1.80GHz, 8 cores, 7G,  Windows 10 , 64 bit Build 19041 (10.0.19041.1202)
Time: Wed Nov  3 00:58:51 2021 Arab Standard Time elapsed time: 42.075073 seconds (0d 0h 0m 42s)

---------------  T H R E A D  ---------------

Current thread (0x0000027612be4800):  JavaThread "C2 CompilerThread2" daemon [_thread_in_native, id=14252, stack(0x0000008bb5500000,0x0000008bb5600000)]


Current CompileTask:
C2:  42075 6291       4       java.beans.Introspector::addMethod (196 bytes)

Stack: [0x0000008bb5500000,0x0000008bb5600000]
Native frames: (J=compiled Java code, j=interpreted, Vv=VM code, C=native code)
V  [jvm.dll+0x5ecfaa]
V  [jvm.dll+0x722bd5]
V  [jvm.dll+0x72412d]
V  [jvm.dll+0x7247e3]
V  [jvm.dll+0x242928]
V  [jvm.dll+0xbc4fc]
V  [jvm.dll+0xbca0c]
V  [jvm.dll+0x2b4fd4]
V  [jvm.dll+0x506028]
V  [jvm.dll+0x203253]
V  [jvm.dll+0x1fd07c]
V  [jvm.dll+0x1fa77f]
V  [jvm.dll+0x18354c]
V  [jvm.dll+0x208ee7]
V  [jvm.dll+0x207731]
V  [jvm.dll+0x6eb1cf]
V  [jvm.dll+0x6e3d45]
V  [jvm.dll+0x5ebe96]
C  [ucrtbase.dll+0x21bb2]
C  [KERNEL32.DLL+0x17034]
C  [ntdll.dll+0x52651]


---------------  P R O C E S S  ---------------

Threads class SMR info:
_java_thread_list=0x000002760fb18820, length=52, elements={
0x00000276701fc800, 0x000002767d616000, 0x000002767d617800, 0x000002767dfa2800,
0x000002767d62c800, 0x000002767d62e800, 0x000002767d636000, 0x000002767d637800,
0x000002767d63c800, 0x000002767e0f7000, 0x000002767fa45800, 0x000002767fa44000,
0x000002767fa46000, 0x000002767fa43000, 0x000002767fa44800, 0x000002767fa47000,
0x000002767fa41800, 0x000002767fa42000, 0x000002767fa48000, 0x000002767e043800,
0x000002767e047800, 0x000002767e044000, 0x000002767e045000, 0x000002767e046000,
0x000002767e041800, 0x000002767e046800, 0x000002767e048000, 0x000002767e042800,
0x000002767e04a800, 0x000002767e04a000, 0x000002767e04b800, 0x000002767e04f800,
0x000002767e04e000, 0x000002767e050800, 0x000002767e04c800, 0x000002767e04d000,
0x000002760f50c800, 0x000002760f50b000, 0x000002760f50e000, 0x000002760f50f000,
0x000002760f509800, 0x000002760f50a000, 0x000002760f510000, 0x000002760f510800,
0x0000027612b19800, 0x000002760f511800, 0x000002760f50b800, 0x000002760f512000,
0x000002760f513000, 0x000002760f50d800, 0x000002760f514000, 0x0000027612be4800
}

Java Threads: ( => current thread )
  0x00000276701fc800 JavaThread "main" [_thread_blocked, id=12280, stack(0x0000008bb1100000,0x0000008bb1200000)]
  0x000002767d616000 JavaThread "Reference Handler" daemon [_thread_blocked, id=7640, stack(0x0000008bb1800000,0x0000008bb1900000)]
  0x000002767d617800 JavaThread "Finalizer" daemon [_thread_blocked, id=13416, stack(0x0000008bb1900000,0x0000008bb1a00000)]
  0x000002767dfa2800 JavaThread "Signal Dispatcher" daemon [_thread_blocked, id=9524, stack(0x0000008bb1a00000,0x0000008bb1b00000)]
  0x000002767d62c800 JavaThread "Attach Listener" daemon [_thread_blocked, id=10620, stack(0x0000008bb1b00000,0x0000008bb1c00000)]
  0x000002767d62e800 JavaThread "Service Thread" daemon [_thread_blocked, id=11256, stack(0x0000008bb1c00000,0x0000008bb1d00000)]
  0x000002767d636000 JavaThread "C2 CompilerThread0" daemon [_thread_in_native, id=2332, stack(0x0000008bb1d00000,0x0000008bb1e00000)]
  0x000002767d637800 JavaThread "C1 CompilerThread0" daemon [_thread_blocked, id=9556, stack(0x0000008bb1e00000,0x0000008bb1f00000)]
  0x000002767d63c800 JavaThread "Sweeper thread" daemon [_thread_blocked, id=6416, stack(0x0000008bb1f00000,0x0000008bb2000000)]
  0x000002767e0f7000 JavaThread "Common-Cleaner" daemon [_thread_blocked, id=13540, stack(0x0000008bb2000000,0x0000008bb2100000)]
  0x000002767fa45800 JavaThread "Daemon health stats" [_thread_blocked, id=2308, stack(0x0000008bb2600000,0x0000008bb2700000)]
  0x000002767fa44000 JavaThread "Incoming local TCP Connector on port 62423" [_thread_in_native, id=12160, stack(0x0000008bb2200000,0x0000008bb2300000)]
  0x000002767fa46000 JavaThread "Daemon periodic checks" [_thread_blocked, id=6972, stack(0x0000008bb2500000,0x0000008bb2600000)]
  0x000002767fa43000 JavaThread "Daemon" [_thread_blocked, id=3164, stack(0x0000008bb2700000,0x0000008bb2800000)]
  0x000002767fa44800 JavaThread "Handler for socket connection from /127.0.0.1:62423 to /127.0.0.1:62424" [_thread_in_native, id=1728, stack(0x0000008bb2800000,0x0000008bb2900000)]
  0x000002767fa47000 JavaThread "Cancel handler" [_thread_blocked, id=3500, stack(0x0000008bb2900000,0x0000008bb2a00000)]
  0x000002767fa41800 JavaThread "Daemon worker" [_thread_in_vm, id=12000, stack(0x0000008bb2a00000,0x0000008bb2b00000)]
  0x000002767fa42000 JavaThread "Asynchronous log dispatcher for DefaultDaemonConnection: socket connection from /127.0.0.1:62423 to /127.0.0.1:62424" [_thread_blocked, id=14072, stack(0x0000008bb2b00000,0x0000008bb2c00000)]
  0x000002767fa48000 JavaThread "Stdin handler" [_thread_blocked, id=14024, stack(0x0000008bb2c00000,0x0000008bb2d00000)]
  0x000002767e043800 JavaThread "Daemon client event forwarder" [_thread_blocked, id=8048, stack(0x0000008bb2d00000,0x0000008bb2e00000)]
  0x000002767e047800 JavaThread "Cache worker for file hash cache (C:\Users\Admin\.gradle\caches\7.0.2\fileHashes)" [_thread_blocked, id=13784, stack(0x0000008bb3300000,0x0000008bb3400000)]
  0x000002767e044000 JavaThread "File lock request listener" [_thread_in_native, id=8916, stack(0x0000008bb3400000,0x0000008bb3500000)]
  0x000002767e045000 JavaThread "Cache worker for journal cache (C:\Users\Admin\.gradle\caches\journal-1)" [_thread_blocked, id=8856, stack(0x0000008bb3600000,0x0000008bb3700000)]
  0x000002767e046000 JavaThread "Cache worker for file hash cache (C:\Users\Admin\AndroidStudioProjects\updateProfile2\.gradle\7.0.2\fileHashes)" [_thread_blocked, id=7476, stack(0x0000008bb3800000,0x0000008bb3900000)]
  0x000002767e041800 JavaThread "File watcher server" daemon [_thread_in_native, id=10856, stack(0x0000008bb3900000,0x0000008bb3a00000)]
  0x000002767e046800 JavaThread "File watcher consumer" daemon [_thread_blocked, id=7160, stack(0x0000008bb3a00000,0x0000008bb3b00000)]
  0x000002767e048000 JavaThread "Cache worker for checksums cache (C:\Users\Admin\AndroidStudioProjects\updateProfile2\.gradle\checksums)" [_thread_blocked, id=1368, stack(0x0000008bb3b00000,0x0000008bb3c00000)]
  0x000002767e042800 JavaThread "Cache worker for cache directory md-supplier (C:\Users\Admin\.gradle\caches\7.0.2\md-supplier)" [_thread_blocked, id=1556, stack(0x0000008bb3c00000,0x0000008bb3d00000)]
  0x000002767e04a800 JavaThread "Cache worker for cache directory md-rule (C:\Users\Admin\.gradle\caches\7.0.2\md-rule)" [_thread_blocked, id=7372, stack(0x0000008bb3d00000,0x0000008bb3e00000)]
  0x000002767e04a000 JavaThread "Cache worker for execution history cache (C:\Users\Admin\.gradle\caches\7.0.2\executionHistory)" [_thread_blocked, id=8988, stack(0x0000008bb3700000,0x0000008bb3800000)]
  0x000002767e04b800 JavaThread "jar transforms" [_thread_blocked, id=9408, stack(0x0000008bb4000000,0x0000008bb4100000)]
  0x000002767e04f800 JavaThread "jar transforms Thread 2" [_thread_blocked, id=13208, stack(0x0000008bb4100000,0x0000008bb4200000)]
  0x000002767e04e000 JavaThread "Cache worker for file content cache (C:\Users\Admin\.gradle\caches\7.0.2\fileContent)" [_thread_blocked, id=13376, stack(0x0000008bb4200000,0x0000008bb4300000)]
  0x000002767e050800 JavaThread "Cache worker for dependencies-accessors (C:\Users\Admin\AndroidStudioProjects\updateProfile2\.gradle\7.0.2\dependencies-accessors)" [_thread_blocked, id=3932, stack(0x0000008bb3f00000,0x0000008bb4000000)]
  0x000002767e04c800 JavaThread "jar transforms Thread 3" [_thread_blocked, id=10868, stack(0x0000008bb4300000,0x0000008bb4400000)]
  0x000002767e04d000 JavaThread "Cache worker for Build Output Cleanup Cache (C:\Users\Admin\AndroidStudioProjects\updateProfile2\.gradle\buildOutputCleanup)" [_thread_blocked, id=5332, stack(0x0000008bb4400000,0x0000008bb4500000)]
  0x000002760f50c800 JavaThread "Build operations" [_thread_blocked, id=11980, stack(0x0000008bb3e00000,0x0000008bb3f00000)]
  0x000002760f50b000 JavaThread "Build operations Thread 2" [_thread_blocked, id=4400, stack(0x0000008bb4500000,0x0000008bb4600000)]
  0x000002760f50e000 JavaThread "Build operations Thread 3" [_thread_blocked, id=8928, stack(0x0000008bb4600000,0x0000008bb4700000)]
  0x000002760f50f000 JavaThread "Build operations Thread 4" [_thread_blocked, id=2160, stack(0x0000008bb4700000,0x0000008bb4800000)]
  0x000002760f509800 JavaThread "Build operations Thread 5" [_thread_blocked, id=8976, stack(0x0000008bb4800000,0x0000008bb4900000)]
  0x000002760f50a000 JavaThread "Build operations Thread 6" [_thread_blocked, id=10488, stack(0x0000008bb4900000,0x0000008bb4a00000)]
  0x000002760f510000 JavaThread "Build operations Thread 7" [_thread_blocked, id=5220, stack(0x0000008bb4a00000,0x0000008bb4b00000)]
  0x000002760f510800 JavaThread "Build operations Thread 8" [_thread_blocked, id=12624, stack(0x0000008bb4b00000,0x0000008bb4c00000)]
  0x0000027612b19800 JavaThread "C2 CompilerThread1" daemon [_thread_in_native, id=11560, stack(0x0000008bb4c00000,0x0000008bb4d00000)]
  0x000002760f511800 JavaThread "jar transforms Thread 4" [_thread_blocked, id=14164, stack(0x0000008bb4d00000,0x0000008bb4e00000)]
  0x000002760f50b800 JavaThread "jar transforms Thread 5" [_thread_blocked, id=7448, stack(0x0000008bb4e00000,0x0000008bb4f00000)]
  0x000002760f512000 JavaThread "jar transforms Thread 6" [_thread_blocked, id=264, stack(0x0000008bb4f00000,0x0000008bb5000000)]
  0x000002760f513000 JavaThread "jar transforms Thread 7" [_thread_blocked, id=10284, stack(0x0000008bb5000000,0x0000008bb5100000)]
  0x000002760f50d800 JavaThread "jar transforms Thread 8" [_thread_blocked, id=748, stack(0x0000008bb5100000,0x0000008bb5200000)]
  0x000002760f514000 JavaThread "Memory manager" [_thread_blocked, id=11196, stack(0x0000008bb5400000,0x0000008bb5500000)]
=>0x0000027612be4800 JavaThread "C2 CompilerThread2" daemon [_thread_in_native, id=14252, stack(0x0000008bb5500000,0x0000008bb5600000)]

Other Threads:
  0x000002767d612000 VMThread "VM Thread" [stack: 0x0000008bb1700000,0x0000008bb1800000] [id=13824]
  0x000002767e113800 WatcherThread [stack: 0x0000008bb2100000,0x0000008bb2200000] [id=8400]
  0x0000027670214800 GCTaskThread "GC Thread#0" [stack: 0x0000008bb1200000,0x0000008bb1300000] [id=13116]
  0x000002767ea2f800 GCTaskThread "GC Thread#1" [stack: 0x0000008bb2300000,0x0000008bb2400000] [id=8612]
  0x000002767eae2800 GCTaskThread "GC Thread#2" [stack: 0x0000008bb2400000,0x0000008bb2500000] [id=10076]
  0x000002760f7e2000 GCTaskThread "GC Thread#3" [stack: 0x0000008bb2e00000,0x0000008bb2f00000] [id=1684]
  0x000002767eec5800 GCTaskThread "GC Thread#4" [stack: 0x0000008bb2f00000,0x0000008bb3000000] [id=9712]
  0x000002767e71d800 GCTaskThread "GC Thread#5" [stack: 0x0000008bb3000000,0x0000008bb3100000] [id=7336]
  0x000002760f7bb000 GCTaskThread "GC Thread#6" [stack: 0x0000008bb3100000,0x0000008bb3200000] [id=4460]
  0x00000276103ed800 GCTaskThread "GC Thread#7" [stack: 0x0000008bb3200000,0x0000008bb3300000] [id=6900]
  0x0000027670244800 ConcurrentGCThread "G1 Main Marker" [stack: 0x0000008bb1300000,0x0000008bb1400000] [id=13564]
  0x0000027670247000 ConcurrentGCThread "G1 Conc#0" [stack: 0x0000008bb1400000,0x0000008bb1500000] [id=12796]
  0x000002760f5d4000 ConcurrentGCThread "G1 Conc#1" [stack: 0x0000008bb3500000,0x0000008bb3600000] [id=14232]
  0x000002767d460800 ConcurrentGCThread "G1 Refine#0" [stack: 0x0000008bb1500000,0x0000008bb1600000] [id=13716]
  0x000002767d461000 ConcurrentGCThread "G1 Young RemSet Sampling" [stack: 0x0000008bb1600000,0x0000008bb1700000] [id=3516]

Threads with active compile tasks:
C2 CompilerThread0  42192 6245       4       sun.reflect.generics.parser.SignatureParser::parsePackageNameAndSimpleClassTypeSignature (119 bytes)
C2 CompilerThread1  42192 6298       4       java.beans.MethodRef::set (58 bytes)
C2 CompilerThread2  42192 6291       4       java.beans.Introspector::addMethod (196 bytes)

VM state:not at safepoint (normal execution)

VM Mutex/Monitor currently owned by a thread: None

Heap address: 0x0000000080000000, size: 2048 MB, Compressed Oops mode: 32-bit
Narrow klass base: 0x0000000000000000, Narrow klass shift: 3
Compressed class space size: 1073741824 Address: 0x0000000100000000

Heap:
 garbage-first heap   total 155648K, used 58711K [0x0000000080000000, 0x0000000100000000)
  region size 1024K, 18 young (18432K), 9 survivors (9216K)
 Metaspace       used 63958K, capacity 65531K, committed 65660K, reserved 1105920K
  class space    used 8124K, capacity 8681K, committed 8704K, reserved 1048576K
Heap Regions: E=young(eden), S=young(survivor), O=old, HS=humongous(starts), HC=humongous(continues), CS=collection set, F=free, A=archive, TAMS=top-at-mark-start (previous, next)
|   0|0x0000000080000000, 0x0000000080100000, 0x0000000080100000|100%| O|  |TAMS 0x0000000080100000, 0x0000000080000000| Untracked 
|   1|0x0000000080100000, 0x0000000080200000, 0x0000000080200000|100%| O|  |TAMS 0x0000000080200000, 0x0000000080100000| Untracked 
|   2|0x0000000080200000, 0x0000000080300000, 0x0000000080300000|100%| O|  |TAMS 0x0000000080300000, 0x0000000080200000| Untracked 
|   3|0x0000000080300000, 0x0000000080400000, 0x0000000080400000|100%|HS|  |TAMS 0x0000000080400000, 0x0000000080300000| Complete 
|   4|0x0000000080400000, 0x0000000080500000, 0x0000000080500000|100%|HC|  |TAMS 0x0000000080500000, 0x0000000080400000| Complete 
|   5|0x0000000080500000, 0x0000000080600000, 0x0000000080600000|100%|HC|  |TAMS 0x0000000080600000, 0x0000000080500000| Complete 
|   6|0x0000000080600000, 0x0000000080700000, 0x0000000080700000|100%| O|  |TAMS 0x0000000080700000, 0x0000000080600000| Untracked 
|   7|0x0000000080700000, 0x0000000080800000, 0x0000000080800000|100%| O|  |TAMS 0x0000000080800000, 0x0000000080700000| Untracked 
|   8|0x0000000080800000, 0x0000000080900000, 0x0000000080900000|100%| O|  |TAMS 0x0000000080900000, 0x0000000080800000| Untracked 
|   9|0x0000000080900000, 0x0000000080a00000, 0x0000000080a00000|100%| O|  |TAMS 0x0000000080a00000, 0x0000000080900000| Untracked 
|  10|0x0000000080a00000, 0x0000000080b00000, 0x0000000080b00000|100%| O|  |TAMS 0x0000000080b00000, 0x0000000080a00000| Untracked 
|  11|0x0000000080b00000, 0x0000000080c00000, 0x0000000080c00000|100%| O|  |TAMS 0x0000000080c00000, 0x0000000080b00000| Untracked 
|  12|0x0000000080c00000, 0x0000000080d00000, 0x0000000080d00000|100%| O|  |TAMS 0x0000000080d00000, 0x0000000080c00000| Untracked 
|  13|0x0000000080d00000, 0x0000000080e00000, 0x0000000080e00000|100%| O|  |TAMS 0x0000000080e00000, 0x0000000080d00000| Untracked 
|  14|0x0000000080e00000, 0x0000000080f00000, 0x0000000080f00000|100%| O|  |TAMS 0x0000000080f00000, 0x0000000080e00000| Untracked 
|  15|0x0000000080f00000, 0x0000000081000000, 0x0000000081000000|100%| O|  |TAMS 0x0000000081000000, 0x0000000080f00000| Untracked 
|  16|0x0000000081000000, 0x0000000081100000, 0x0000000081100000|100%|HS|  |TAMS 0x0000000081100000, 0x0000000081000000| Complete 
|  17|0x0000000081100000, 0x0000000081200000, 0x0000000081200000|100%| O|  |TAMS 0x0000000081200000, 0x0000000081100000| Untracked 
|  18|0x0000000081200000, 0x0000000081300000, 0x0000000081300000|100%| O|  |TAMS 0x0000000081300000, 0x0000000081200000| Untracked 
|  19|0x0000000081300000, 0x0000000081400000, 0x0000000081400000|100%| O|  |TAMS 0x0000000081400000, 0x0000000081300000| Untracked 
|  20|0x0000000081400000, 0x0000000081500000, 0x0000000081500000|100%| O|  |TAMS 0x0000000081500000, 0x0000000081400000| Untracked 
|  21|0x0000000081500000, 0x0000000081600000, 0x0000000081600000|100%| O|  |TAMS 0x0000000081600000, 0x0000000081500000| Untracked 
|  22|0x0000000081600000, 0x0000000081700000, 0x0000000081700000|100%| O|  |TAMS 0x0000000081700000, 0x0000000081600000| Untracked 
|  23|0x0000000081700000, 0x0000000081800000, 0x0000000081800000|100%| O|  |TAMS 0x0000000081800000, 0x0000000081700000| Untracked 
|  24|0x0000000081800000, 0x0000000081900000, 0x0000000081900000|100%| O|  |TAMS 0x0000000081900000, 0x0000000081800000| Untracked 
|  25|0x0000000081900000, 0x0000000081a00000, 0x0000000081a00000|100%| O|  |TAMS 0x0000000081a00000, 0x0000000081900000| Untracked 
|  26|0x0000000081a00000, 0x0000000081b00000, 0x0000000081b00000|100%| O|  |TAMS 0x0000000081b00000, 0x0000000081a00000| Untracked 
|  27|0x0000000081b00000, 0x0000000081c00000, 0x0000000081c00000|100%|HS|  |TAMS 0x0000000081c00000, 0x0000000081b00000| Complete 
|  28|0x0000000081c00000, 0x0000000081d00000, 0x0000000081d00000|100%|HS|  |TAMS 0x0000000081d00000, 0x0000000081c00000| Complete 
|  29|0x0000000081d00000, 0x0000000081e00000, 0x0000000081e00000|100%|HC|  |TAMS 0x0000000081e00000, 0x0000000081d00000| Complete 
|  30|0x0000000081e00000, 0x0000000081f00000, 0x0000000081f00000|100%| O|  |TAMS 0x0000000081f00000, 0x0000000081e00000| Untracked 
|  31|0x0000000081f00000, 0x0000000082000000, 0x0000000082000000|100%| O|  |TAMS 0x0000000082000000, 0x0000000081f00000| Untracked 
|  32|0x0000000082000000, 0x0000000082100000, 0x0000000082100000|100%| O|  |TAMS 0x0000000082100000, 0x0000000082000000| Untracked 
|  33|0x0000000082100000, 0x0000000082200000, 0x0000000082200000|100%| O|  |TAMS 0x0000000082200000, 0x0000000082100000| Untracked 
|  34|0x0000000082200000, 0x0000000082300000, 0x0000000082300000|100%| O|  |TAMS 0x0000000082300000, 0x0000000082200000| Untracked 
|  35|0x0000000082300000, 0x0000000082400000, 0x0000000082400000|100%| O|  |TAMS 0x0000000082400000, 0x0000000082300000| Untracked 
|  36|0x0000000082400000, 0x0000000082500000, 0x0000000082500000|100%| O|  |TAMS 0x0000000082500000, 0x0000000082400000| Untracked 
|  37|0x0000000082500000, 0x0000000082600000, 0x0000000082600000|100%| O|  |TAMS 0x0000000082600000, 0x0000000082500000| Untracked 
|  38|0x0000000082600000, 0x0000000082700000, 0x0000000082700000|100%| O|  |TAMS 0x0000000082700000, 0x0000000082600000| Untracked 
|  39|0x0000000082700000, 0x0000000082800000, 0x0000000082800000|100%| O|  |TAMS 0x0000000082800000, 0x0000000082700000| Untracked 
|  40|0x0000000082800000, 0x00000000828c1800, 0x0000000082900000| 75%| O|  |TAMS 0x00000000828c1800, 0x0000000082800000| Untracked 
|  41|0x0000000082900000, 0x0000000082900000, 0x0000000082a00000|  0%| F|  |TAMS 0x0000000082900000, 0x0000000082900000| Untracked 
|  42|0x0000000082a00000, 0x0000000082a00000, 0x0000000082b00000|  0%| F|  |TAMS 0x0000000082a00000, 0x0000000082a00000| Untracked 
|  43|0x0000000082b00000, 0x0000000082b00000, 0x0000000082c00000|  0%| F|  |TAMS 0x0000000082b00000, 0x0000000082b00000| Untracked 
|  44|0x0000000082c00000, 0x0000000082c00000, 0x0000000082d00000|  0%| F|  |TAMS 0x0000000082c00000, 0x0000000082c00000| Untracked 
|  45|0x0000000082d00000, 0x0000000082d00000, 0x0000000082e00000|  0%| F|  |TAMS 0x0000000082d00000, 0x0000000082d00000| Untracked 
|  46|0x0000000082e00000, 0x0000000082e00000, 0x0000000082f00000|  0%| F|  |TAMS 0x0000000082e00000, 0x0000000082e00000| Untracked 
|  47|0x0000000082f00000, 0x0000000082f00000, 0x0000000083000000|  0%| F|  |TAMS 0x0000000082f00000, 0x0000000082f00000| Untracked 
|  48|0x0000000083000000, 0x0000000083000000, 0x0000000083100000|  0%| F|  |TAMS 0x0000000083000000, 0x0000000083000000| Untracked 
|  49|0x0000000083100000, 0x0000000083100000, 0x0000000083200000|  0%| F|  |TAMS 0x0000000083100000, 0x0000000083100000| Untracked 
|  50|0x0000000083200000, 0x0000000083200000, 0x0000000083300000|  0%| F|  |TAMS 0x0000000083200000, 0x0000000083200000| Untracked 
|  51|0x0000000083300000, 0x0000000083300000, 0x0000000083400000|  0%| F|  |TAMS 0x0000000083300000, 0x0000000083300000| Untracked 
|  52|0x0000000083400000, 0x0000000083400000, 0x0000000083500000|  0%| F|  |TAMS 0x0000000083400000, 0x0000000083400000| Untracked 
|  53|0x0000000083500000, 0x0000000083500000, 0x0000000083600000|  0%| F|  |TAMS 0x0000000083500000, 0x0000000083500000| Untracked 
|  54|0x0000000083600000, 0x0000000083600000, 0x0000000083700000|  0%| F|  |TAMS 0x0000000083600000, 0x0000000083600000| Untracked 
|  55|0x0000000083700000, 0x0000000083700000, 0x0000000083800000|  0%| F|  |TAMS 0x0000000083700000, 0x0000000083700000| Untracked 
|  56|0x0000000083800000, 0x0000000083800000, 0x0000000083900000|  0%| F|  |TAMS 0x0000000083800000, 0x0000000083800000| Untracked 
|  57|0x0000000083900000, 0x0000000083900000, 0x0000000083a00000|  0%| F|  |TAMS 0x0000000083900000, 0x0000000083900000| Untracked 
|  58|0x0000000083a00000, 0x0000000083a00000, 0x0000000083b00000|  0%| F|  |TAMS 0x0000000083a00000, 0x0000000083a00000| Untracked 
|  59|0x0000000083b00000, 0x0000000083b00000, 0x0000000083c00000|  0%| F|  |TAMS 0x0000000083b00000, 0x0000000083b00000| Untracked 
|  60|0x0000000083c00000, 0x0000000083c00000, 0x0000000083d00000|  0%| F|  |TAMS 0x0000000083c00000, 0x0000000083c00000| Untracked 
|  61|0x0000000083d00000, 0x0000000083d00000, 0x0000000083e00000|  0%| F|  |TAMS 0x0000000083d00000, 0x0000000083d00000| Untracked 
|  62|0x0000000083e00000, 0x0000000083e00000, 0x0000000083f00000|  0%| F|  |TAMS 0x0000000083e00000, 0x0000000083e00000| Untracked 
|  63|0x0000000083f00000, 0x0000000083f00000, 0x0000000084000000|  0%| F|  |TAMS 0x0000000083f00000, 0x0000000083f00000| Untracked 
|  64|0x0000000084000000, 0x0000000084000000, 0x0000000084100000|  0%| F|  |TAMS 0x0000000084000000, 0x0000000084000000| Untracked 
|  65|0x0000000084100000, 0x0000000084100000, 0x0000000084200000|  0%| F|  |TAMS 0x0000000084100000, 0x0000000084100000| Untracked 
|  66|0x0000000084200000, 0x0000000084200000, 0x0000000084300000|  0%| F|  |TAMS 0x0000000084200000, 0x0000000084200000| Untracked 
|  67|0x0000000084300000, 0x0000000084300000, 0x0000000084400000|  0%| F|  |TAMS 0x0000000084300000, 0x0000000084300000| Untracked 
|  68|0x0000000084400000, 0x0000000084400000, 0x0000000084500000|  0%| F|  |TAMS 0x0000000084400000, 0x0000000084400000| Untracked 
|  69|0x0000000084500000, 0x0000000084500000, 0x0000000084600000|  0%| F|  |TAMS 0x0000000084500000, 0x0000000084500000| Untracked 
|  70|0x0000000084600000, 0x0000000084600000, 0x0000000084700000|  0%| F|  |TAMS 0x0000000084600000, 0x0000000084600000| Untracked 
|  71|0x0000000084700000, 0x0000000084700000, 0x0000000084800000|  0%| F|  |TAMS 0x0000000084700000, 0x0000000084700000| Untracked 
|  72|0x0000000084800000, 0x00000000848946f8, 0x0000000084900000| 57%| S|CS|TAMS 0x0000000084800000, 0x0000000084800000| Complete 
|  73|0x0000000084900000, 0x0000000084a00000, 0x0000000084a00000|100%| S|CS|TAMS 0x0000000084900000, 0x0000000084900000| Complete 
|  74|0x0000000084a00000, 0x0000000084b00000, 0x0000000084b00000|100%| S|CS|TAMS 0x0000000084a00000, 0x0000000084a00000| Complete 
|  75|0x0000000084b00000, 0x0000000084c00000, 0x0000000084c00000|100%| S|CS|TAMS 0x0000000084b00000, 0x0000000084b00000| Complete 
|  76|0x0000000084c00000, 0x0000000084d00000, 0x0000000084d00000|100%| S|CS|TAMS 0x0000000084c00000, 0x0000000084c00000| Complete 
|  77|0x0000000084d00000, 0x0000000084e00000, 0x0000000084e00000|100%| S|CS|TAMS 0x0000000084d00000, 0x0000000084d00000| Complete 
|  78|0x0000000084e00000, 0x0000000084f00000, 0x0000000084f00000|100%| S|CS|TAMS 0x0000000084e00000, 0x0000000084e00000| Complete 
|  79|0x0000000084f00000, 0x0000000085000000, 0x0000000085000000|100%| S|CS|TAMS 0x0000000084f00000, 0x0000000084f00000| Complete 
|  80|0x0000000085000000, 0x0000000085100000, 0x0000000085100000|100%| S|CS|TAMS 0x0000000085000000, 0x0000000085000000| Complete 
|  81|0x0000000085100000, 0x0000000085100000, 0x0000000085200000|  0%| F|  |TAMS 0x0000000085100000, 0x0000000085100000| Untracked 
|  82|0x0000000085200000, 0x0000000085200000, 0x0000000085300000|  0%| F|  |TAMS 0x0000000085200000, 0x0000000085200000| Untracked 
|  83|0x0000000085300000, 0x0000000085300000, 0x0000000085400000|  0%| F|  |TAMS 0x0000000085300000, 0x0000000085300000| Untracked 
|  84|0x0000000085400000, 0x0000000085400000, 0x0000000085500000|  0%| F|  |TAMS 0x0000000085400000, 0x0000000085400000| Untracked 
|  85|0x0000000085500000, 0x0000000085500000, 0x0000000085600000|  0%| F|  |TAMS 0x0000000085500000, 0x0000000085500000| Untracked 
|  86|0x0000000085600000, 0x0000000085600000, 0x0000000085700000|  0%| F|  |TAMS 0x0000000085600000, 0x0000000085600000| Untracked 
|  87|0x0000000085700000, 0x0000000085700000, 0x0000000085800000|  0%| F|  |TAMS 0x0000000085700000, 0x0000000085700000| Untracked 
|  88|0x0000000085800000, 0x0000000085800000, 0x0000000085900000|  0%| F|  |TAMS 0x0000000085800000, 0x0000000085800000| Untracked 
|  89|0x0000000085900000, 0x0000000085900000, 0x0000000085a00000|  0%| F|  |TAMS 0x0000000085900000, 0x0000000085900000| Untracked 
|  90|0x0000000085a00000, 0x0000000085a00000, 0x0000000085b00000|  0%| F|  |TAMS 0x0000000085a00000, 0x0000000085a00000| Untracked 
|  91|0x0000000085b00000, 0x0000000085b00000, 0x0000000085c00000|  0%| F|  |TAMS 0x0000000085b00000, 0x0000000085b00000| Untracked 
|  92|0x0000000085c00000, 0x0000000085c00000, 0x0000000085d00000|  0%| F|  |TAMS 0x0000000085c00000, 0x0000000085c00000| Untracked 
|  93|0x0000000085d00000, 0x0000000085d00000, 0x0000000085e00000|  0%| F|  |TAMS 0x0000000085d00000, 0x0000000085d00000| Untracked 
|  94|0x0000000085e00000, 0x0000000085e00000, 0x0000000085f00000|  0%| F|  |TAMS 0x0000000085e00000, 0x0000000085e00000| Untracked 
|  95|0x0000000085f00000, 0x0000000085f00000, 0x0000000086000000|  0%| F|  |TAMS 0x0000000085f00000, 0x0000000085f00000| Untracked 
|  96|0x0000000086000000, 0x0000000086000000, 0x0000000086100000|  0%| F|  |TAMS 0x0000000086000000, 0x0000000086000000| Untracked 
|  97|0x0000000086100000, 0x0000000086100000, 0x0000000086200000|  0%| F|  |TAMS 0x0000000086100000, 0x0000000086100000| Untracked 
|  98|0x0000000086200000, 0x0000000086200000, 0x0000000086300000|  0%| F|  |TAMS 0x0000000086200000, 0x0000000086200000| Untracked 
|  99|0x0000000086300000, 0x0000000086300000, 0x0000000086400000|  0%| F|  |TAMS 0x0000000086300000, 0x0000000086300000| Untracked 
| 100|0x0000000086400000, 0x0000000086400000, 0x0000000086500000|  0%| F|  |TAMS 0x0000000086400000, 0x0000000086400000| Untracked 
| 101|0x0000000086500000, 0x0000000086500000, 0x0000000086600000|  0%| F|  |TAMS 0x0000000086500000, 0x0000000086500000| Untracked 
| 102|0x0000000086600000, 0x0000000086600000, 0x0000000086700000|  0%| F|  |TAMS 0x0000000086600000, 0x0000000086600000| Untracked 
| 103|0x0000000086700000, 0x0000000086700000, 0x0000000086800000|  0%| F|  |TAMS 0x0000000086700000, 0x0000000086700000| Untracked 
| 104|0x0000000086800000, 0x0000000086800000, 0x0000000086900000|  0%| F|  |TAMS 0x0000000086800000, 0x0000000086800000| Untracked 
| 105|0x0000000086900000, 0x0000000086900000, 0x0000000086a00000|  0%| F|  |TAMS 0x0000000086900000, 0x0000000086900000| Untracked 
| 106|0x0000000086a00000, 0x0000000086a00000, 0x0000000086b00000|  0%| F|  |TAMS 0x0000000086a00000, 0x0000000086a00000| Untracked 
| 107|0x0000000086b00000, 0x0000000086b00000, 0x0000000086c00000|  0%| F|  |TAMS 0x0000000086b00000, 0x0000000086b00000| Untracked 
| 108|0x0000000086c00000, 0x0000000086c00000, 0x0000000086d00000|  0%| F|  |TAMS 0x0000000086c00000, 0x0000000086c00000| Untracked 
| 109|0x0000000086d00000, 0x0000000086d00000, 0x0000000086e00000|  0%| F|  |TAMS 0x0000000086d00000, 0x0000000086d00000| Untracked 
| 110|0x0000000086e00000, 0x0000000086e00000, 0x0000000086f00000|  0%| F|  |TAMS 0x0000000086e00000, 0x0000000086e00000| Untracked 
| 111|0x0000000086f00000, 0x0000000086f00000, 0x0000000087000000|  0%| F|  |TAMS 0x0000000086f00000, 0x0000000086f00000| Untracked 
| 112|0x0000000087000000, 0x0000000087000000, 0x0000000087100000|  0%| F|  |TAMS 0x0000000087000000, 0x0000000087000000| Untracked 
| 113|0x0000000087100000, 0x0000000087100000, 0x0000000087200000|  0%| F|  |TAMS 0x0000000087100000, 0x0000000087100000| Untracked 
| 114|0x0000000087200000, 0x0000000087200000, 0x0000000087300000|  0%| F|  |TAMS 0x0000000087200000, 0x0000000087200000| Untracked 
| 115|0x0000000087300000, 0x0000000087300000, 0x0000000087400000|  0%| F|  |TAMS 0x0000000087300000, 0x0000000087300000| Untracked 
| 116|0x0000000087400000, 0x0000000087400000, 0x0000000087500000|  0%| F|  |TAMS 0x0000000087400000, 0x0000000087400000| Untracked 
| 117|0x0000000087500000, 0x0000000087500000, 0x0000000087600000|  0%| F|  |TAMS 0x0000000087500000, 0x0000000087500000| Untracked 
| 118|0x0000000087600000, 0x0000000087600000, 0x0000000087700000|  0%| F|  |TAMS 0x0000000087600000, 0x0000000087600000| Untracked 
| 119|0x0000000087700000, 0x0000000087700000, 0x0000000087800000|  0%| F|  |TAMS 0x0000000087700000, 0x0000000087700000| Untracked 
| 120|0x0000000087800000, 0x0000000087800000, 0x0000000087900000|  0%| F|  |TAMS 0x0000000087800000, 0x0000000087800000| Untracked 
| 121|0x0000000087900000, 0x0000000087900000, 0x0000000087a00000|  0%| F|  |TAMS 0x0000000087900000, 0x0000000087900000| Untracked 
| 122|0x0000000087a00000, 0x0000000087a00000, 0x0000000087b00000|  0%| F|  |TAMS 0x0000000087a00000, 0x0000000087a00000| Untracked 
| 123|0x0000000087b00000, 0x0000000087b00000, 0x0000000087c00000|  0%| F|  |TAMS 0x0000000087b00000, 0x0000000087b00000| Untracked 
| 124|0x0000000087c00000, 0x0000000087c00000, 0x0000000087d00000|  0%| F|  |TAMS 0x0000000087c00000, 0x0000000087c00000| Untracked 
| 125|0x0000000087d00000, 0x0000000087d00000, 0x0000000087e00000|  0%| F|  |TAMS 0x0000000087d00000, 0x0000000087d00000| Untracked 
| 126|0x0000000087e00000, 0x0000000087e00000, 0x0000000087f00000|  0%| F|  |TAMS 0x0000000087e00000, 0x0000000087e00000| Untracked 
| 127|0x0000000087f00000, 0x0000000087f00000, 0x0000000088000000|  0%| F|  |TAMS 0x0000000087f00000, 0x0000000087f00000| Untracked 
| 128|0x0000000088000000, 0x0000000088000000, 0x0000000088100000|  0%| F|  |TAMS 0x0000000088000000, 0x0000000088000000| Untracked 
| 129|0x0000000088100000, 0x0000000088100000, 0x0000000088200000|  0%| F|  |TAMS 0x0000000088100000, 0x0000000088100000| Untracked 
| 130|0x0000000088200000, 0x0000000088200000, 0x0000000088300000|  0%| F|  |TAMS 0x0000000088200000, 0x0000000088200000| Untracked 
| 131|0x0000000088300000, 0x0000000088300000, 0x0000000088400000|  0%| F|  |TAMS 0x0000000088300000, 0x0000000088300000| Untracked 
| 132|0x0000000088400000, 0x0000000088400000, 0x0000000088500000|  0%| F|  |TAMS 0x0000000088400000, 0x0000000088400000| Untracked 
| 133|0x0000000088500000, 0x0000000088500000, 0x0000000088600000|  0%| F|  |TAMS 0x0000000088500000, 0x0000000088500000| Untracked 
| 134|0x0000000088600000, 0x0000000088600000, 0x0000000088700000|  0%| F|  |TAMS 0x0000000088600000, 0x0000000088600000| Untracked 
| 135|0x0000000088700000, 0x0000000088700000, 0x0000000088800000|  0%| F|  |TAMS 0x0000000088700000, 0x0000000088700000| Untracked 
| 136|0x0000000088800000, 0x0000000088800000, 0x0000000088900000|  0%| F|  |TAMS 0x0000000088800000, 0x0000000088800000| Untracked 
| 137|0x0000000088900000, 0x0000000088900000, 0x0000000088a00000|  0%| F|  |TAMS 0x0000000088900000, 0x0000000088900000| Untracked 
| 138|0x0000000088a00000, 0x0000000088a00000, 0x0000000088b00000|  0%| F|  |TAMS 0x0000000088a00000, 0x0000000088a00000| Untracked 
| 139|0x0000000088b00000, 0x0000000088b00000, 0x0000000088c00000|  0%| F|  |TAMS 0x0000000088b00000, 0x0000000088b00000| Untracked 
| 140|0x0000000088c00000, 0x0000000088c00000, 0x0000000088d00000|  0%| F|  |TAMS 0x0000000088c00000, 0x0000000088c00000| Untracked 
| 141|0x0000000088d00000, 0x0000000088d00000, 0x0000000088e00000|  0%| F|  |TAMS 0x0000000088d00000, 0x0000000088d00000| Untracked 
| 142|0x0000000088e00000, 0x0000000088e00000, 0x0000000088f00000|  0%| F|  |TAMS 0x0000000088e00000, 0x0000000088e00000| Untracked 
| 143|0x0000000088f00000, 0x0000000088f80800, 0x0000000089000000| 50%| E|  |TAMS 0x0000000088f00000, 0x0000000088f00000| Complete 
| 144|0x0000000089000000, 0x0000000089100000, 0x0000000089100000|100%| E|CS|TAMS 0x0000000089000000, 0x0000000089000000| Complete 
| 145|0x0000000089100000, 0x0000000089200000, 0x0000000089200000|100%| E|CS|TAMS 0x0000000089100000, 0x0000000089100000| Complete 
| 146|0x0000000089200000, 0x0000000089300000, 0x0000000089300000|100%| E|CS|TAMS 0x0000000089200000, 0x0000000089200000| Complete 
| 147|0x0000000089300000, 0x0000000089400000, 0x0000000089400000|100%| E|CS|TAMS 0x0000000089300000, 0x0000000089300000| Complete 
| 148|0x0000000089400000, 0x0000000089500000, 0x0000000089500000|100%| E|CS|TAMS 0x0000000089400000, 0x0000000089400000| Complete 
| 149|0x0000000089500000, 0x0000000089600000, 0x0000000089600000|100%| E|CS|TAMS 0x0000000089500000, 0x0000000089500000| Complete 
| 150|0x0000000089600000, 0x0000000089700000, 0x0000000089700000|100%| E|CS|TAMS 0x0000000089600000, 0x0000000089600000| Complete 
| 151|0x0000000089700000, 0x0000000089800000, 0x0000000089800000|100%| E|CS|TAMS 0x0000000089700000, 0x0000000089700000| Complete 

Card table byte_map: [0x0000027676330000,0x0000027676730000] _byte_map_base: 0x0000027675f30000

Marking Bits (Prev, Next): (CMBitMap*) 0x000002767023be40, (CMBitMap*) 0x000002767023be08
 Prev Bits: [0x0000027678b30000, 0x000002767ab30000)
 Next Bits: [0x0000027676b30000, 0x0000027678b30000)

Polling page: 0x00000276702e0000

Metaspace:

Usage:
  Non-class:     55.58 MB capacity,    54.57 MB ( 98%) used,   873.43 KB (  2%) free+waste,   162.44 KB ( <1%) overhead. 
      Class:      8.48 MB capacity,     7.94 MB ( 94%) used,   476.93 KB (  5%) free+waste,    75.88 KB ( <1%) overhead. 
       Both:     64.06 MB capacity,    62.51 MB ( 98%) used,     1.32 MB (  2%) free+waste,   238.31 KB ( <1%) overhead. 

Virtual space:
  Non-class space:       56.00 MB reserved,      55.62 MB (>99%) committed 
      Class space:        1.00 GB reserved,       8.50 MB ( <1%) committed 
             Both:        1.05 GB reserved,      64.12 MB (  6%) committed 

Chunk freelists:
   Non-Class:  42.00 KB
       Class:  23.00 KB
        Both:  65.00 KB

MaxMetaspaceSize: 17179869184.00 GB
CompressedClassSpaceSize: 1.00 GB

CodeHeap 'non-profiled nmethods': size=120000Kb used=3924Kb max_used=3924Kb free=116075Kb
 bounds [0x0000027607ad0000, 0x0000027607eb0000, 0x000002760f000000]
CodeHeap 'profiled nmethods': size=120000Kb used=13486Kb max_used=13486Kb free=106513Kb
 bounds [0x00000276005a0000, 0x00000276012d0000, 0x0000027607ad0000]
CodeHeap 'non-nmethods': size=5760Kb used=2262Kb max_used=2292Kb free=3497Kb
 bounds [0x0000027600000000, 0x0000027600270000, 0x00000276005a0000]
 total_blobs=7123 nmethods=6270 adapters=764
 compilation: enabled
              stopped_count=0, restarted_count=0
 full_count=0

Compilation events (20 events):
Event: 41.721 Thread 0x000002767d637800 6307       3       java.util.LinkedList$ListItr::set (28 bytes)
Event: 41.722 Thread 0x000002767d637800 nmethod 6307 0x00000276012c7c90 code [0x00000276012c7e80, 0x00000276012c8278]
Event: 41.761 Thread 0x000002767d637800 6308       1       groovy.lang.GroovyObjectSupport::getMetaClass (5 bytes)
Event: 41.761 Thread 0x000002767d637800 nmethod 6308 0x0000027607ea3b10 code [0x0000027607ea3cc0, 0x0000027607ea3d78]
Event: 41.762 Thread 0x000002767d637800 6309       1       org.codehaus.groovy.runtime.callsite.AbstractCallSite::getArray (5 bytes)
Event: 41.762 Thread 0x000002767d637800 nmethod 6309 0x0000027607ea3e10 code [0x0000027607ea3fc0, 0x0000027607ea4078]
Event: 41.763 Thread 0x000002767d637800 6310       1       org.gradle.api.internal.project.DefaultProjectStateRegistry$ProjectStateImpl::getIdentityPath (5 bytes)
Event: 41.763 Thread 0x000002767d637800 nmethod 6310 0x0000027607ea4110 code [0x0000027607ea42c0, 0x0000027607ea4378]
Event: 41.791 Thread 0x000002767d637800 6311       1       org.gradle.api.internal.collections.AbstractIterationOrderRetainingElementSource$ValuePointer::getElement (5 bytes)
Event: 41.791 Thread 0x000002767d637800 nmethod 6311 0x0000027607ea4410 code [0x0000027607ea45c0, 0x0000027607ea4678]
Event: 41.791 Thread 0x000002767d637800 6312       1       org.gradle.api.internal.collections.AbstractIterationOrderRetainingElementSource$ValuePointer::getIndex (5 bytes)
Event: 41.792 Thread 0x000002767d637800 nmethod 6312 0x0000027607ea4710 code [0x0000027607ea48c0, 0x0000027607ea4978]
Event: 41.805 Thread 0x000002767d637800 6314       3       jdk.internal.loader.ClassLoaders::bootLoader (4 bytes)
Event: 41.805 Thread 0x000002767d637800 nmethod 6314 0x00000276012c8490 code [0x00000276012c8640, 0x00000276012c8738]
Event: 42.039 Thread 0x000002767d637800 6315       3       java.util.LinkedHashMap::entrySet (27 bytes)
Event: 42.040 Thread 0x000002767d637800 nmethod 6315 0x00000276012c8790 code [0x00000276012c8960, 0x00000276012c8d38]
Event: 42.042 Thread 0x000002767d637800 6316       3       java.util.LinkedHashMap$LinkedEntrySet::iterator (12 bytes)
Event: 42.043 Thread 0x000002767d637800 nmethod 6316 0x00000276012c8e90 code [0x00000276012c9060, 0x00000276012c93f8]
Event: 42.043 Thread 0x000002767d637800 6317       3       java.util.LinkedHashMap$LinkedEntryIterator::<init> (11 bytes)
Event: 42.044 Thread 0x000002767d637800 nmethod 6317 0x00000276012c9510 code [0x00000276012c96e0, 0x00000276012c99f8]

GC Heap History (20 events):
Event: 3.269 GC heap before
{Heap before GC invocations=1 (full 0):
 garbage-first heap   total 129024K, used 30524K [0x0000000080000000, 0x0000000100000000)
  region size 1024K, 24 young (24576K), 3 survivors (3072K)
 Metaspace       used 10719K, capacity 11003K, committed 11264K, reserved 1058816K
  class space    used 1122K, capacity 1206K, committed 1280K, reserved 1048576K
}
Event: 3.280 GC heap after
{Heap after GC invocations=2 (full 0):
 garbage-first heap   total 129024K, used 9673K [0x0000000080000000, 0x0000000100000000)
  region size 1024K, 1 young (1024K), 1 survivors (1024K)
 Metaspace       used 10719K, capacity 11003K, committed 11264K, reserved 1058816K
  class space    used 1122K, capacity 1206K, committed 1280K, reserved 1048576K
}
Event: 10.206 GC heap before
{Heap before GC invocations=2 (full 0):
 garbage-first heap   total 129024K, used 57801K [0x0000000080000000, 0x0000000100000000)
  region size 1024K, 47 young (48128K), 1 survivors (1024K)
 Metaspace       used 17490K, capacity 17895K, committed 18048K, reserved 1064960K
  class space    used 2034K, capacity 2172K, committed 2176K, reserved 1048576K
}
Event: 10.225 GC heap after
{Heap after GC invocations=3 (full 0):
 garbage-first heap   total 129024K, used 15673K [0x0000000080000000, 0x0000000100000000)
  region size 1024K, 6 young (6144K), 6 survivors (6144K)
 Metaspace       used 17490K, capacity 17895K, committed 18048K, reserved 1064960K
  class space    used 2034K, capacity 2172K, committed 2176K, reserved 1048576K
}
Event: 11.432 GC heap before
{Heap before GC invocations=3 (full 0):
 garbage-first heap   total 129024K, used 43321K [0x0000000080000000, 0x0000000100000000)
  region size 1024K, 34 young (34816K), 6 survivors (6144K)
 Metaspace       used 20645K, capacity 21151K, committed 21296K, reserved 1069056K
  class space    used 2513K, capacity 2688K, committed 2688K, reserved 1048576K
}
Event: 11.456 GC heap after
{Heap after GC invocations=4 (full 0):
 garbage-first heap   total 129024K, used 17136K [0x0000000080000000, 0x0000000100000000)
  region size 1024K, 2 young (2048K), 2 survivors (2048K)
 Metaspace       used 20645K, capacity 21151K, committed 21296K, reserved 1069056K
  class space    used 2513K, capacity 2688K, committed 2688K, reserved 1048576K
}
Event: 15.918 GC heap before
{Heap before GC invocations=5 (full 0):
 garbage-first heap   total 129024K, used 65264K [0x0000000080000000, 0x0000000100000000)
  region size 1024K, 50 young (51200K), 2 survivors (2048K)
 Metaspace       used 25818K, capacity 26419K, committed 26672K, reserved 1073152K
  class space    used 3358K, capacity 3598K, committed 3712K, reserved 1048576K
}
Event: 15.929 GC heap after
{Heap after GC invocations=6 (full 0):
 garbage-first heap   total 129024K, used 18730K [0x0000000080000000, 0x0000000100000000)
  region size 1024K, 3 young (3072K), 3 survivors (3072K)
 Metaspace       used 25818K, capacity 26419K, committed 26672K, reserved 1073152K
  class space    used 3358K, capacity 3598K, committed 3712K, reserved 1048576K
}
Event: 20.230 GC heap before
{Heap before GC invocations=6 (full 0):
 garbage-first heap   total 129024K, used 77098K [0x0000000080000000, 0x0000000100000000)
  region size 1024K, 61 young (62464K), 3 survivors (3072K)
 Metaspace       used 34805K, capacity 35607K, committed 35708K, reserved 1081344K
  class space    used 4530K, capacity 4832K, committed 4864K, reserved 1048576K
}
Event: 20.270 GC heap after
{Heap after GC invocations=7 (full 0):
 garbage-first heap   total 129024K, used 22247K [0x0000000080000000, 0x0000000100000000)
  region size 1024K, 7 young (7168K), 7 survivors (7168K)
 Metaspace       used 34805K, capacity 35607K, committed 35708K, reserved 1081344K
  class space    used 4530K, capacity 4832K, committed 4864K, reserved 1048576K
}
Event: 24.641 GC heap before
{Heap before GC invocations=8 (full 0):
 garbage-first heap   total 129024K, used 84711K [0x0000000080000000, 0x0000000100000000)
  region size 1024K, 66 young (67584K), 7 survivors (7168K)
 Metaspace       used 39325K, capacity 40259K, committed 40316K, reserved 1085440K
  class space    used 5013K, capacity 5353K, committed 5376K, reserved 1048576K
}
Event: 24.669 GC heap after
{Heap after GC invocations=9 (full 0):
 garbage-first heap   total 129024K, used 27274K [0x0000000080000000, 0x0000000100000000)
  region size 1024K, 9 young (9216K), 9 survivors (9216K)
 Metaspace       used 39325K, capacity 40259K, committed 40316K, reserved 1085440K
  class space    used 5013K, capacity 5353K, committed 5376K, reserved 1048576K
}
Event: 27.376 GC heap before
{Heap before GC invocations=9 (full 0):
 garbage-first heap   total 129024K, used 87690K [0x0000000080000000, 0x0000000100000000)
  region size 1024K, 68 young (69632K), 9 survivors (9216K)
 Metaspace       used 44846K, capacity 46002K, committed 46332K, reserved 1089536K
  class space    used 5755K, capacity 6177K, committed 6272K, reserved 1048576K
}
Event: 27.410 GC heap after
{Heap after GC invocations=10 (full 0):
 garbage-first heap   total 129024K, used 29134K [0x0000000080000000, 0x0000000100000000)
  region size 1024K, 3 young (3072K), 3 survivors (3072K)
 Metaspace       used 44846K, capacity 46002K, committed 46332K, reserved 1089536K
  class space    used 5755K, capacity 6177K, committed 6272K, reserved 1048576K
}
Event: 31.772 GC heap before
{Heap before GC invocations=10 (full 0):
 garbage-first heap   total 129024K, used 96718K [0x0000000080000000, 0x0000000100000000)
  region size 1024K, 65 young (66560K), 3 survivors (3072K)
 Metaspace       used 48355K, capacity 49675K, committed 49788K, reserved 1093632K
  class space    used 6176K, capacity 6634K, committed 6656K, reserved 1048576K
}
Event: 31.794 GC heap after
{Heap after GC invocations=11 (full 0):
 garbage-first heap   total 155648K, used 40960K [0x0000000080000000, 0x0000000100000000)
  region size 1024K, 9 young (9216K), 9 survivors (9216K)
 Metaspace       used 48355K, capacity 49675K, committed 49788K, reserved 1093632K
  class space    used 6176K, capacity 6634K, committed 6656K, reserved 1048576K
}
Event: 36.391 GC heap before
{Heap before GC invocations=11 (full 0):
 garbage-first heap   total 155648K, used 107520K [0x0000000080000000, 0x0000000100000000)
  region size 1024K, 75 young (76800K), 9 survivors (9216K)
 Metaspace       used 58210K, capacity 59760K, committed 59900K, reserved 1101824K
  class space    used 7392K, capacity 7944K, committed 8064K, reserved 1048576K
}
Event: 36.452 GC heap after
{Heap after GC invocations=12 (full 0):
 garbage-first heap   total 155648K, used 45065K [0x0000000080000000, 0x0000000100000000)
  region size 1024K, 4 young (4096K), 4 survivors (4096K)
 Metaspace       used 58210K, capacity 59760K, committed 59900K, reserved 1101824K
  class space    used 7392K, capacity 7944K, committed 8064K, reserved 1048576K
}
Event: 41.582 GC heap before
{Heap before GC invocations=13 (full 0):
 garbage-first heap   total 155648K, used 113673K [0x0000000080000000, 0x0000000100000000)
  region size 1024K, 71 young (72704K), 4 survivors (4096K)
 Metaspace       used 63407K, capacity 65109K, committed 65404K, reserved 1105920K
  class space    used 8059K, capacity 8647K, committed 8704K, reserved 1048576K
}
Event: 41.610 GC heap after
{Heap after GC invocations=14 (full 0):
 garbage-first heap   total 155648K, used 50519K [0x0000000080000000, 0x0000000100000000)
  region size 1024K, 9 young (9216K), 9 survivors (9216K)
 Metaspace       used 63407K, capacity 65109K, committed 65404K, reserved 1105920K
  class space    used 8059K, capacity 8647K, committed 8704K, reserved 1048576K
}

Deoptimization events (20 events):
Event: 40.459 Thread 0x000002767fa41800 Uncommon trap: trap_request=0xffffff4d fr.pc=0x0000027607b55740 relative=0x0000000000000380
Event: 40.459 Thread 0x000002767fa41800 Uncommon trap: reason=unstable_if action=reinterpret pc=0x0000027607b55740 method=java.lang.AbstractStringBuilder.isLatin1()Z @ 10 c2
Event: 40.459 Thread 0x000002767fa41800 DEOPT PACKING pc=0x0000027607b55740 sp=0x0000008bb2af6e80
Event: 40.459 Thread 0x000002767fa41800 DEOPT UNPACKING pc=0x00000276000278af sp=0x0000008bb2af6e00 mode 2
Event: 40.460 Thread 0x000002767fa41800 Uncommon trap: trap_request=0xffffff4d fr.pc=0x0000027607b17c94 relative=0x0000000000000454
Event: 40.460 Thread 0x000002767fa41800 Uncommon trap: reason=unstable_if action=reinterpret pc=0x0000027607b17c94 method=java.lang.AbstractStringBuilder.putStringAt(ILjava/lang/String;)V @ 8 c2
Event: 40.460 Thread 0x000002767fa41800 DEOPT PACKING pc=0x0000027607b17c94 sp=0x0000008bb2af6dd0
Event: 40.460 Thread 0x000002767fa41800 DEOPT UNPACKING pc=0x00000276000278af sp=0x0000008bb2af6d30 mode 2
Event: 40.460 Thread 0x000002767fa41800 Uncommon trap: trap_request=0xffffff4d fr.pc=0x0000027607b0476c relative=0x00000000000000cc
Event: 40.460 Thread 0x000002767fa41800 Uncommon trap: reason=unstable_if action=reinterpret pc=0x0000027607b0476c method=java.lang.String.getBytes([BIB)V @ 5 c2
Event: 40.460 Thread 0x000002767fa41800 DEOPT PACKING pc=0x0000027607b0476c sp=0x0000008bb2af6ce0
Event: 40.460 Thread 0x000002767fa41800 DEOPT UNPACKING pc=0x00000276000278af sp=0x0000008bb2af6ca8 mode 2
Event: 41.029 Thread 0x000002767fa41800 Uncommon trap: trap_request=0xffffff4d fr.pc=0x0000027607c5d36c relative=0x000000000000032c
Event: 41.029 Thread 0x000002767fa41800 Uncommon trap: reason=unstable_if action=reinterpret pc=0x0000027607c5d36c method=java.util.StringJoiner.add(Ljava/lang/CharSequence;)Ljava/util/StringJoiner; @ 33 c2
Event: 41.029 Thread 0x000002767fa41800 DEOPT PACKING pc=0x0000027607c5d36c sp=0x0000008bb2af6030
Event: 41.029 Thread 0x000002767fa41800 DEOPT UNPACKING pc=0x00000276000278af sp=0x0000008bb2af5fe0 mode 2
Event: 41.626 Thread 0x000002767fa41800 Uncommon trap: trap_request=0xfffffff4 fr.pc=0x0000027607e99224 relative=0x0000000000000984
Event: 41.626 Thread 0x000002767fa41800 Uncommon trap: reason=null_check action=make_not_entrant pc=0x0000027607e99224 method=com.sun.beans.introspect.MethodInfo$MethodOrder.compare(Ljava/lang/reflect/Method;Ljava/lang/reflect/Method;)I @ 133 c2
Event: 41.626 Thread 0x000002767fa41800 DEOPT PACKING pc=0x0000027607e99224 sp=0x0000008bb2af2e60
Event: 41.626 Thread 0x000002767fa41800 DEOPT UNPACKING pc=0x00000276000278af sp=0x0000008bb2af2e00 mode 2

Classes redefined (0 events):
No events

Internal exceptions (20 events):
Event: 41.480 Thread 0x000002767fa41800 Exception <a 'java/lang/ClassNotFoundException'{0x00000000857a7f98}: org/gradle/api/internal/AbstractNamedDomainObjectContainerCustomizer> (0x00000000857a7f98) thrown at [./src/hotspot/share/classfile/systemDictionary.cpp, line 231]
Event: 41.488 Thread 0x000002767fa41800 Exception <a 'java/lang/ClassNotFoundException'{0x00000000857ef6a0}: org/gradle/api/internal/FactoryNamedDomainObjectContainerCustomizer> (0x00000000857ef6a0) thrown at [./src/hotspot/share/classfile/systemDictionary.cpp, line 231]
Event: 41.493 Thread 0x000002767fa41800 Exception <a 'java/lang/ClassNotFoundException'{0x000000008562fb40}: org/gradle/api/internal/FactoryNamedDomainObjectContainer_DecoratedCustomizer> (0x000000008562fb40) thrown at [./src/hotspot/share/classfile/systemDictionary.cpp, line 231]
Event: 41.618 Thread 0x000002767fa41800 Exception <a 'java/lang/ClassNotFoundException'{0x0000000089748c10}: com/android/build/gradle/internal/dsl/BuildType_DecoratedBeanInfo> (0x0000000089748c10) thrown at [./src/hotspot/share/classfile/systemDictionary.cpp, line 231]
Event: 41.620 Thread 0x000002767fa41800 Exception <a 'java/lang/ClassNotFoundException'{0x00000000897612f8}: com/android/build/gradle/internal/dsl/BuildTypeBeanInfo> (0x00000000897612f8) thrown at [./src/hotspot/share/classfile/systemDictionary.cpp, line 231]
Event: 41.624 Thread 0x000002767fa41800 Exception <a 'java/lang/ClassNotFoundException'{0x0000000089778e58}: com/android/builder/core/AbstractBuildTypeBeanInfo> (0x0000000089778e58) thrown at [./src/hotspot/share/classfile/systemDictionary.cpp, line 231]
Event: 41.626 Thread 0x000002767fa41800 Exception <a 'java/lang/ClassNotFoundException'{0x0000000089794500}: com/android/builder/core/AbstractBuildTypeCustomizer> (0x0000000089794500) thrown at [./src/hotspot/share/classfile/systemDictionary.cpp, line 231]
Event: 41.626 Thread 0x000002767fa41800 Implicit null exception at 0x0000027607e98bc3 to 0x0000027607e99210
Event: 41.633 Thread 0x000002767fa41800 Exception <a 'java/lang/ClassNotFoundException'{0x00000000897c9138}: com/android/build/gradle/internal/dsl/BuildTypeCustomizer> (0x00000000897c9138) thrown at [./src/hotspot/share/classfile/systemDictionary.cpp, line 231]
Event: 41.645 Thread 0x000002767fa41800 Exception <a 'java/lang/ClassNotFoundException'{0x0000000089655d10}: com/android/build/gradle/internal/dsl/BuildType_DecoratedCustomizer> (0x0000000089655d10) thrown at [./src/hotspot/share/classfile/systemDictionary.cpp, line 231]
Event: 41.670 Thread 0x000002767fa41800 Exception <a 'java/lang/ClassNotFoundException'{0x0000000089518090}: build_f1h08rwk14t4gg7ywv7kq6z1l$_run_closure1$_closure4BeanInfo> (0x0000000089518090) thrown at [./src/hotspot/share/classfile/systemDictionary.cpp, line 231]
Event: 41.672 Thread 0x000002767fa41800 Exception <a 'java/lang/ClassNotFoundException'{0x00000000895287f8}: build_f1h08rwk14t4gg7ywv7kq6z1l$_run_closure1$_closure4Customizer> (0x00000000895287f8) thrown at [./src/hotspot/share/classfile/systemDictionary.cpp, line 231]
Event: 41.686 Thread 0x000002767fa41800 Exception <a 'java/lang/ClassNotFoundException'{0x00000000895515c0}: build_f1h08rwk14t4gg7ywv7kq6z1l$_run_closure1BeanInfo> (0x00000000895515c0) thrown at [./src/hotspot/share/classfile/systemDictionary.cpp, line 231]
Event: 41.688 Thread 0x000002767fa41800 Exception <a 'java/lang/ClassNotFoundException'{0x00000000895613d0}: build_f1h08rwk14t4gg7ywv7kq6z1l$_run_closure1Customizer> (0x00000000895613d0) thrown at [./src/hotspot/share/classfile/systemDictionary.cpp, line 231]
Event: 41.710 Thread 0x000002767fa41800 Exception <a 'java/lang/ClassNotFoundException'{0x00000000895bf120}: org/gradle/api/JavaVersionBeanInfo> (0x00000000895bf120) thrown at [./src/hotspot/share/classfile/systemDictionary.cpp, line 231]
Event: 41.714 Thread 0x000002767fa41800 Exception <a 'java/lang/ClassNotFoundException'{0x00000000895e93c8}: org/gradle/api/JavaVersionCustomizer> (0x00000000895e93c8) thrown at [./src/hotspot/share/classfile/systemDictionary.cpp, line 231]
Event: 41.734 Thread 0x000002767fa41800 Exception <a 'java/lang/ClassNotFoundException'{0x000000008943e6d8}: com/android/build/gradle/internal/CompileOptions_DecoratedBeanInfo> (0x000000008943e6d8) thrown at [./src/hotspot/share/classfile/systemDictionary.cpp, line 231]
Event: 41.735 Thread 0x000002767fa41800 Exception <a 'java/lang/ClassNotFoundException'{0x0000000089455b30}: com/android/build/gradle/internal/CompileOptionsBeanInfo> (0x0000000089455b30) thrown at [./src/hotspot/share/classfile/systemDictionary.cpp, line 231]
Event: 41.739 Thread 0x000002767fa41800 Exception <a 'java/lang/ClassNotFoundException'{0x000000008946d718}: com/android/build/gradle/internal/CompileOptionsCustomizer> (0x000000008946d718) thrown at [./src/hotspot/share/classfile/systemDictionary.cpp, line 231]
Event: 41.746 Thread 0x000002767fa41800 Exception <a 'java/lang/ClassNotFoundException'{0x0000000089491f40}: com/android/build/gradle/internal/CompileOptions_DecoratedCustomizer> (0x0000000089491f40) thrown at [./src/hotspot/share/classfile/systemDictionary.cpp, line 231]

Events (20 events):
Event: 42.013 loading class com/google/common/collect/Lists$ReverseList
Event: 42.013 loading class com/google/common/collect/Lists$ReverseList done
Event: 42.015 loading class com/google/common/collect/Lists$RandomAccessReverseList
Event: 42.015 loading class com/google/common/collect/Lists$RandomAccessReverseList done
Event: 42.021 loading class com/google/common/collect/Lists$ReverseList$1
Event: 42.021 loading class com/google/common/collect/Lists$ReverseList$1 done
Event: 42.023 loading class com/android/build/gradle/internal/core/VariantDslInfoImpl$manifestPlaceholders$2
Event: 42.023 loading class com/android/build/gradle/internal/core/VariantDslInfoImpl$manifestPlaceholders$2 done
Event: 42.024 loading class com/android/build/gradle/internal/core/VariantDslInfoImpl$_postProcessingOptions$1
Event: 42.024 loading class com/android/build/gradle/internal/core/VariantDslInfoImpl$_postProcessingOptions$1 done
Event: 42.025 loading class com/android/build/gradle/internal/core/PostProcessingOptions
Event: 42.025 loading class com/android/build/gradle/internal/core/PostProcessingOptions done
Event: 42.032 loading class com/android/build/api/variant/DependenciesInfoBuilder
Event: 42.032 loading class com/android/build/api/variant/DependenciesInfoBuilder done
Event: 42.060 loading class com/android/build/api/variant/impl/VariantBuilderImpl$registeredExtensionDelegate$1
Event: 42.060 loading class com/android/build/api/variant/impl/VariantBuilderImpl$registeredExtensionDelegate$1 done
Event: 42.062 loading class com/android/build/api/variant/impl/ApplicationVariantBuilderImpl$dependenciesInfo$2
Event: 42.062 loading class com/android/build/api/variant/impl/ApplicationVariantBuilderImpl$dependenciesInfo$2 done
Event: 42.065 loading class com/android/build/gradle/internal/core/VariantSources
Event: 42.065 loading class com/android/build/gradle/internal/core/VariantSources done


Dynamic libraries:
0x00007ff7e2e60000 - 0x00007ff7e2e6a000 	C:\Program Files\Android\Android Studio\jre\bin\java.exe
0x00007ffde4290000 - 0x00007ffde4485000 	C:\WINDOWS\SYSTEM32\ntdll.dll
0x00007ffde38d0000 - 0x00007ffde398e000 	C:\WINDOWS\System32\KERNEL32.DLL
0x00007ffde1d60000 - 0x00007ffde2029000 	C:\WINDOWS\System32\KERNELBASE.dll
0x00007ffde1c60000 - 0x00007ffde1d60000 	C:\WINDOWS\System32\ucrtbase.dll
0x00007ffda92d0000 - 0x00007ffda92e7000 	C:\Program Files\Android\Android Studio\jre\bin\VCRUNTIME140.dll
0x00007ffdac950000 - 0x00007ffdac969000 	C:\Program Files\Android\Android Studio\jre\bin\jli.dll
0x00007ffde3bc0000 - 0x00007ffde3d61000 	C:\WINDOWS\System32\USER32.dll
0x00007ffde19b0000 - 0x00007ffde19d2000 	C:\WINDOWS\System32\win32u.dll
0x00007ffdc15a0000 - 0x00007ffdc183a000 	C:\WINDOWS\WinSxS\amd64_microsoft.windows.common-controls_6595b64144ccf1df_6.0.19041.1110_none_60b5254171f9507e\COMCTL32.dll
0x00007ffde4220000 - 0x00007ffde424b000 	C:\WINDOWS\System32\GDI32.dll
0x00007ffde2340000 - 0x00007ffde23de000 	C:\WINDOWS\System32\msvcrt.dll
0x00007ffde20e0000 - 0x00007ffde21eb000 	C:\WINDOWS\System32\gdi32full.dll
0x00007ffde21f0000 - 0x00007ffde228d000 	C:\WINDOWS\System32\msvcp_win.dll
0x00007ffde38a0000 - 0x00007ffde38d0000 	C:\WINDOWS\System32\IMM32.DLL
0x00007ffd9ed10000 - 0x00007ffd9edad000 	C:\Program Files\Android\Android Studio\jre\bin\msvcp140.dll
0x00007ffd9b090000 - 0x00007ffd9bb5f000 	C:\Program Files\Android\Android Studio\jre\bin\server\jvm.dll
0x00007ffde23e0000 - 0x00007ffde248c000 	C:\WINDOWS\System32\ADVAPI32.dll
0x00007ffde3990000 - 0x00007ffde3a2b000 	C:\WINDOWS\System32\sechost.dll
0x00007ffde2a60000 - 0x00007ffde2b8a000 	C:\WINDOWS\System32\RPCRT4.dll
0x00007ffde2a50000 - 0x00007ffde2a58000 	C:\WINDOWS\System32\PSAPI.DLL
0x00007ffdc1a10000 - 0x00007ffdc1a37000 	C:\WINDOWS\SYSTEM32\WINMM.dll
0x00007ffdd74a0000 - 0x00007ffdd74aa000 	C:\WINDOWS\SYSTEM32\VERSION.dll
0x00007ffdc0dc0000 - 0x00007ffdc0dc9000 	C:\WINDOWS\SYSTEM32\WSOCK32.dll
0x00007ffde3830000 - 0x00007ffde389b000 	C:\WINDOWS\System32\WS2_32.dll
0x00007ffde0230000 - 0x00007ffde0242000 	C:\WINDOWS\SYSTEM32\kernel.appcore.dll
0x00007ffdd72f0000 - 0x00007ffdd7301000 	C:\Program Files\Android\Android Studio\jre\bin\verify.dll
0x00007ffddc760000 - 0x00007ffddc944000 	C:\WINDOWS\SYSTEM32\DBGHELP.DLL
0x00007ffdbf7c0000 - 0x00007ffdbf7ec000 	C:\WINDOWS\SYSTEM32\dbgcore.DLL
0x00007ffde1ba0000 - 0x00007ffde1c23000 	C:\WINDOWS\System32\bcryptPrimitives.dll
0x00007ffdb5510000 - 0x00007ffdb5539000 	C:\Program Files\Android\Android Studio\jre\bin\java.dll
0x00007ffdda6b0000 - 0x00007ffdda6bb000 	C:\Program Files\Android\Android Studio\jre\bin\jimage.dll
0x00007ffdb5930000 - 0x00007ffdb5948000 	C:\Program Files\Android\Android Studio\jre\bin\zip.dll
0x00007ffde2b90000 - 0x00007ffde32cf000 	C:\WINDOWS\System32\SHELL32.dll
0x00007ffddfa60000 - 0x00007ffde01f0000 	C:\WINDOWS\SYSTEM32\windows.storage.dll
0x00007ffde34d0000 - 0x00007ffde3825000 	C:\WINDOWS\System32\combase.dll
0x00007ffde1400000 - 0x00007ffde142c000 	C:\WINDOWS\SYSTEM32\Wldp.dll
0x00007ffde2910000 - 0x00007ffde29bd000 	C:\WINDOWS\System32\SHCORE.dll
0x00007ffde22e0000 - 0x00007ffde2335000 	C:\WINDOWS\System32\shlwapi.dll
0x00007ffde18f0000 - 0x00007ffde190f000 	C:\WINDOWS\SYSTEM32\profapi.dll
0x00007ffdb54f0000 - 0x00007ffdb550a000 	C:\Program Files\Android\Android Studio\jre\bin\net.dll
0x00007ffddb670000 - 0x00007ffddb778000 	C:\WINDOWS\SYSTEM32\WINHTTP.dll
0x00007ffde1160000 - 0x00007ffde11ca000 	C:\WINDOWS\system32\mswsock.dll
0x00007ffdb54d0000 - 0x00007ffdb54e4000 	C:\Program Files\Android\Android Studio\jre\bin\nio.dll
0x00007ffdaf550000 - 0x00007ffdaf577000 	C:\Users\Admin\.gradle\native\8bec1ad78214c89d9ad589b4d07fe93259594b29d510b10fafb7a158f7737e5d\windows-amd64\native-platform.dll
0x00007ffd9f190000 - 0x00007ffd9f2cd000 	C:\Users\Admin\.gradle\native\53dbd7edfb1c66fb8903c78663c9afc45aea4f116125fa6feffd364cf09443e8\windows-amd64\native-platform-file-events.dll
0x00007ffdbf810000 - 0x00007ffdbf81a000 	C:\Program Files\Android\Android Studio\jre\bin\management.dll
0x00007ffdbf7f0000 - 0x00007ffdbf7fc000 	C:\Program Files\Android\Android Studio\jre\bin\management_ext.dll
0x00007ffde1350000 - 0x00007ffde1368000 	C:\WINDOWS\SYSTEM32\CRYPTSP.dll
0x00007ffde0a70000 - 0x00007ffde0aa4000 	C:\WINDOWS\system32\rsaenh.dll
0x00007ffde1c30000 - 0x00007ffde1c57000 	C:\WINDOWS\System32\bcrypt.dll
0x00007ffde18b0000 - 0x00007ffde18de000 	C:\WINDOWS\SYSTEM32\USERENV.dll
0x00007ffde1370000 - 0x00007ffde137c000 	C:\WINDOWS\SYSTEM32\CRYPTBASE.dll
0x00007ffde0e00000 - 0x00007ffde0e3b000 	C:\WINDOWS\SYSTEM32\IPHLPAPI.DLL
0x00007ffde4130000 - 0x00007ffde4138000 	C:\WINDOWS\System32\NSI.dll
0x00007ffddbf30000 - 0x00007ffddbf47000 	C:\WINDOWS\SYSTEM32\dhcpcsvc6.DLL
0x00007ffddbf10000 - 0x00007ffddbf2d000 	C:\WINDOWS\SYSTEM32\dhcpcsvc.DLL
0x00007ffde0e50000 - 0x00007ffde0f1c000 	C:\WINDOWS\SYSTEM32\DNSAPI.dll

dbghelp: loaded successfully - version: 4.0.5 - missing functions: none
symbol engine: initialized successfully - sym options: 0x614 - pdb path: .;C:\Program Files\Android\Android Studio\jre\bin;C:\WINDOWS\SYSTEM32;C:\WINDOWS\WinSxS\amd64_microsoft.windows.common-controls_6595b64144ccf1df_6.0.19041.1110_none_60b5254171f9507e;C:\Program Files\Android\Android Studio\jre\bin\server;C:\Users\Admin\.gradle\native\8bec1ad78214c89d9ad589b4d07fe93259594b29d510b10fafb7a158f7737e5d\windows-amd64;C:\Users\Admin\.gradle\native\53dbd7edfb1c66fb8903c78663c9afc45aea4f116125fa6feffd364cf09443e8\windows-amd64

VM Arguments:
jvm_args: --add-opens=java.base/java.util=ALL-UNNAMED --add-opens=java.base/java.lang=ALL-UNNAMED --add-opens=java.base/java.lang.invoke=ALL-UNNAMED --add-opens=java.base/java.util=ALL-UNNAMED --add-opens=java.prefs/java.util.prefs=ALL-UNNAMED --add-opens=java.prefs/java.util.prefs=ALL-UNNAMED --add-opens=java.base/java.nio.charset=ALL-UNNAMED --add-opens=java.base/java.net=ALL-UNNAMED --add-opens=java.base/java.util.concurrent.atomic=ALL-UNNAMED -Xmx2048m -Dfile.encoding=UTF-8 -Duser.country=US -Duser.language=en -Duser.variant 
java_command: org.gradle.launcher.daemon.bootstrap.GradleDaemon 7.0.2
java_class_path (initial): C:\Users\Admin\.gradle\wrapper\dists\gradle-7.0.2-bin\857tjihv64xamwrf0h14cai3r\gradle-7.0.2\lib\gradle-launcher-7.0.2.jar
Launcher Type: SUN_STANDARD

[Global flags]
     intx CICompilerCount                          = 4                                         {product} {ergonomic}
     uint ConcGCThreads                            = 2                                         {product} {ergonomic}
     uint G1ConcRefinementThreads                  = 8                                         {product} {ergonomic}
   size_t G1HeapRegionSize                         = 1048576                                   {product} {ergonomic}
    uintx GCDrainStackTargetSize                   = 64                                        {product} {ergonomic}
   size_t InitialHeapSize                          = 132120576                                 {product} {ergonomic}
   size_t MarkStackSize                            = 4194304                                   {product} {ergonomic}
   size_t MaxHeapSize                              = 2147483648                                {product} {command line}
   size_t MaxNewSize                               = 1287651328                                {product} {ergonomic}
   size_t MinHeapDeltaBytes                        = 1048576                                   {product} {ergonomic}
    uintx NonNMethodCodeHeapSize                   = 5836300                                {pd product} {ergonomic}
    uintx NonProfiledCodeHeapSize                  = 122910970                              {pd product} {ergonomic}
    uintx ProfiledCodeHeapSize                     = 122910970                              {pd product} {ergonomic}
    uintx ReservedCodeCacheSize                    = 251658240                              {pd product} {ergonomic}
     bool SegmentedCodeCache                       = true                                      {product} {ergonomic}
     bool UseCompressedClassPointers               = true                                 {lp64_product} {ergonomic}
     bool UseCompressedOops                        = true                                 {lp64_product} {ergonomic}
     bool UseG1GC                                  = true                                      {product} {ergonomic}
     bool UseLargePagesIndividualAllocation        = false                                  {pd product} {ergonomic}

Logging:
Log output configuration:
 #0: stdout all=warning uptime,level,tags
 #1: stderr all=off uptime,level,tags

Environment Variables:
PATH=C:\Program Files (x86)\Common Files\Oracle\Java\javapath;C:\Program Files\Common Files\Oracle\Java\javapath;C:\ProgramData\Oracle\Java\javapath;C:\WINDOWS\system32;C:\WINDOWS;C:\WINDOWS\System32\Wbem;C:\WINDOWS\System32\WindowsPowerShell\v1.0\;C:\WINDOWS\System32\OpenSSH\;C:\Program Files\Java\jdk-14\bin;C:\Program Files\Git\cmd;C:\Program Files\nodejs\;C:\Users\Admin\AppData\Local\Microsoft\WindowsApps;C:\Users\Admin\AppData\Roaming\npm;
USERNAME=Admin
OS=Windows_NT
PROCESSOR_IDENTIFIER=Intel64 Family 6 Model 142 Stepping 10, GenuineIntel



---------------  S Y S T E M  ---------------

OS: Windows 10 , 64 bit Build 19041 (10.0.19041.1202)
OS uptime: 0 days 8:47 hours

CPU:total 8 (initial active 8) (4 cores per cpu, 2 threads per core) family 6 model 142 stepping 10 microcode 0xb4, cmov, cx8, fxsr, mmx, sse, sse2, sse3, ssse3, sse4.1, sse4.2, popcnt, avx, avx2, aes, clmul, erms, 3dnowpref, lzcnt, ht, tsc, tscinvbit, bmi1, bmi2, adx, fma

Memory: 4k page, system-wide physical 8026M (1099M free)
TotalPageFile size 9050M (AvailPageFile size 4M)
current process WorkingSet (physical memory assigned to process): 349M, peak: 349M
current process commit charge ("private bytes"): 398M, peak: 399M

vm_info: OpenJDK 64-Bit Server VM (11.0.10+0-b96-7249189) for windows-amd64 JRE (11.0.10+0-b96-7249189), built on Mar 31 2021 21:44:00 by "builder" with MS VC++ 14.0 (VS2015)

END.
