#
# There is insufficient memory for the Java Runtime Environment to continue.
# Native memory allocation (malloc) failed to allocate 214896 bytes for Chunk::new
# Possible reasons:
#   The system is out of physical RAM or swap space
#   The process is running with CompressedOops enabled, and the Java Heap may be blocking the growth of the native heap
# Possible solutions:
#   Reduce memory load on the system
#   Increase physical memory or swap space
#   Check if swap backing store is full
#   Decrease Java heap size (-Xmx/-Xms)
#   Decrease number of Java threads
#   Decrease Java thread stack sizes (-Xss)
#   Set larger code cache with -XX:ReservedCodeCacheSize=
#   JVM is running with Unscaled Compressed Oops mode in which the Java heap is
#     placed in the first 4GB address space. The Java Heap base address is the
#     maximum limit for the native heap growth. Please use -XX:HeapBaseMinAddress
#     to set the Java Heap base and to place the Java Heap above 4GB virtual address.
# This output file may be truncated or incomplete.
#
#  Out of Memory Error (./src/hotspot/share/memory/arena.cpp:197), pid=4660, tid=7672
#
# JRE version: OpenJDK Runtime Environment (11.0.10) (build 11.0.10+0-b96-7249189)
# Java VM: OpenJDK 64-Bit Server VM (11.0.10+0-b96-7249189, mixed mode, tiered, compressed oops, g1 gc, windows-amd64)
# No core dump will be written. Minidumps are not enabled by default on client versions of Windows
#

---------------  S U M M A R Y ------------

Command Line: --add-opens=java.base/java.util=ALL-UNNAMED --add-opens=java.base/java.lang=ALL-UNNAMED --add-opens=java.base/java.lang.invoke=ALL-UNNAMED --add-opens=java.base/java.util=ALL-UNNAMED --add-opens=java.prefs/java.util.prefs=ALL-UNNAMED --add-opens=java.prefs/java.util.prefs=ALL-UNNAMED --add-opens=java.base/java.nio.charset=ALL-UNNAMED --add-opens=java.base/java.net=ALL-UNNAMED --add-opens=java.base/java.util.concurrent.atomic=ALL-UNNAMED -Xmx2048m -Dfile.encoding=UTF-8 -Duser.country=US -Duser.language=en -Duser.variant org.gradle.launcher.daemon.bootstrap.GradleDaemon 7.0.2

Host: Intel(R) Core(TM) i7-8550U CPU @ 1.80GHz, 8 cores, 7G,  Windows 10 , 64 bit Build 19041 (10.0.19041.1202)
Time: Thu Oct 28 14:05:27 2021 Arab Standard Time elapsed time: 23.945310 seconds (0d 0h 0m 23s)

---------------  T H R E A D  ---------------

Current thread (0x000001fd9d08d000):  JavaThread "C2 CompilerThread0" daemon [_thread_in_native, id=7672, stack(0x0000001218400000,0x0000001218500000)]


Current CompileTask:
C2:  23945 5185       4       org.gradle.internal.service.DefaultServiceRegistry$OwnServices::getService (309 bytes)

Stack: [0x0000001218400000,0x0000001218500000]
Native frames: (J=compiled Java code, j=interpreted, Vv=VM code, C=native code)
V  [jvm.dll+0x5ecfaa]
V  [jvm.dll+0x722bd5]
V  [jvm.dll+0x72412d]
V  [jvm.dll+0x7247e3]
V  [jvm.dll+0x242928]
V  [jvm.dll+0xbc4fc]
V  [jvm.dll+0xbca0c]
V  [jvm.dll+0x352d7d]
V  [jvm.dll+0x197a70]
V  [jvm.dll+0x1fb70e]
V  [jvm.dll+0x1fa7f4]
V  [jvm.dll+0x18354c]
V  [jvm.dll+0x208ee7]
V  [jvm.dll+0x207731]
V  [jvm.dll+0x6eb1cf]
V  [jvm.dll+0x6e3d45]
V  [jvm.dll+0x5ebe96]
C  [ucrtbase.dll+0x21bb2]
C  [KERNEL32.DLL+0x17034]
C  [ntdll.dll+0x52651]


---------------  P R O C E S S  ---------------

Threads class SMR info:
_java_thread_list=0x000001fd9e26bc90, length=50, elements={
0x000001fd81ada000, 0x000001fd9c6ff800, 0x000001fd9c701000, 0x000001fd9d085800,
0x000001fd9d087800, 0x000001fd9d089000, 0x000001fd9d08d000, 0x000001fd9d090800,
0x000001fd9c731000, 0x000001fd9d1e7000, 0x000001fd9f898800, 0x000001fd9d47c000,
0x000001fd9f4ae000, 0x000001fd9eff1000, 0x000001fd9f1a1800, 0x000001fd9ec0d800,
0x000001fd9ec0e000, 0x000001fd9ea60000, 0x000001fd9fc9c800, 0x000001fd9fc9b000,
0x000001fd9fca0800, 0x000001fd9fc9d800, 0x000001fd9fca1800, 0x000001fd9fc9e000,
0x000001fd9fc9f000, 0x000001fd9fc9f800, 0x000001fd9fc9b800, 0x000001fd9fc24800,
0x000001fd9fc26800, 0x000001fd9fc25800, 0x000001fd9fc21800, 0x000001fd9fc28000,
0x000001fd9fc24000, 0x000001fd9fc23000, 0x000001fd9fc29800, 0x000001fd9fc30000,
0x000001fd9fc2a800, 0x000001fd9fc2b800, 0x000001fd9fc2d800, 0x000001fd9fc2c000,
0x000001fd9fc2d000, 0x000001fd9fc2e800, 0x000001fd9fc2f800, 0x000001fda2d3c800,
0x000001fda2d3f800, 0x000001fda2d40800, 0x000001fda2d41800, 0x000001fda2d42000,
0x000001fda2d43000, 0x000001fda3304800
}

Java Threads: ( => current thread )
  0x000001fd81ada000 JavaThread "main" [_thread_blocked, id=14828, stack(0x0000001217800000,0x0000001217900000)]
  0x000001fd9c6ff800 JavaThread "Reference Handler" daemon [_thread_blocked, id=14092, stack(0x0000001217f00000,0x0000001218000000)]
  0x000001fd9c701000 JavaThread "Finalizer" daemon [_thread_blocked, id=14504, stack(0x0000001218000000,0x0000001218100000)]
  0x000001fd9d085800 JavaThread "Signal Dispatcher" daemon [_thread_blocked, id=13192, stack(0x0000001218100000,0x0000001218200000)]
  0x000001fd9d087800 JavaThread "Attach Listener" daemon [_thread_blocked, id=4208, stack(0x0000001218200000,0x0000001218300000)]
  0x000001fd9d089000 JavaThread "Service Thread" daemon [_thread_blocked, id=11824, stack(0x0000001218300000,0x0000001218400000)]
=>0x000001fd9d08d000 JavaThread "C2 CompilerThread0" daemon [_thread_in_native, id=7672, stack(0x0000001218400000,0x0000001218500000)]
  0x000001fd9d090800 JavaThread "C1 CompilerThread0" daemon [_thread_blocked, id=13492, stack(0x0000001218500000,0x0000001218600000)]
  0x000001fd9c731000 JavaThread "Sweeper thread" daemon [_thread_blocked, id=9204, stack(0x0000001218600000,0x0000001218700000)]
  0x000001fd9d1e7000 JavaThread "Common-Cleaner" daemon [_thread_blocked, id=13712, stack(0x0000001218700000,0x0000001218800000)]
  0x000001fd9f898800 JavaThread "Daemon health stats" [_thread_blocked, id=13172, stack(0x0000001218d00000,0x0000001218e00000)]
  0x000001fd9d47c000 JavaThread "Incoming local TCP Connector on port 65519" [_thread_in_native, id=484, stack(0x0000001218900000,0x0000001218a00000)]
  0x000001fd9f4ae000 JavaThread "Daemon periodic checks" [_thread_blocked, id=7944, stack(0x0000001218c00000,0x0000001218d00000)]
  0x000001fd9eff1000 JavaThread "Daemon" [_thread_blocked, id=14096, stack(0x0000001218e00000,0x0000001218f00000)]
  0x000001fd9f1a1800 JavaThread "Handler for socket connection from /127.0.0.1:65519 to /127.0.0.1:65521" [_thread_in_native, id=3916, stack(0x0000001218f00000,0x0000001219000000)]
  0x000001fd9ec0d800 JavaThread "Cancel handler" [_thread_blocked, id=11956, stack(0x0000001219000000,0x0000001219100000)]
  0x000001fd9ec0e000 JavaThread "Daemon worker" [_thread_in_Java, id=12216, stack(0x0000001219100000,0x0000001219200000)]
  0x000001fd9ea60000 JavaThread "Asynchronous log dispatcher for DefaultDaemonConnection: socket connection from /127.0.0.1:65519 to /127.0.0.1:65521" [_thread_blocked, id=11196, stack(0x0000001219200000,0x0000001219300000)]
  0x000001fd9fc9c800 JavaThread "Stdin handler" [_thread_blocked, id=4548, stack(0x0000001219300000,0x0000001219400000)]
  0x000001fd9fc9b000 JavaThread "Daemon client event forwarder" [_thread_blocked, id=2408, stack(0x0000001219400000,0x0000001219500000)]
  0x000001fd9fca0800 JavaThread "Cache worker for file hash cache (C:\Users\Admin\.gradle\caches\7.0.2\fileHashes)" [_thread_blocked, id=10248, stack(0x0000001219a00000,0x0000001219b00000)]
  0x000001fd9fc9d800 JavaThread "File lock request listener" [_thread_in_native, id=1480, stack(0x0000001219b00000,0x0000001219c00000)]
  0x000001fd9fca1800 JavaThread "Cache worker for journal cache (C:\Users\Admin\.gradle\caches\journal-1)" [_thread_blocked, id=4884, stack(0x0000001219d00000,0x0000001219e00000)]
  0x000001fd9fc9e000 JavaThread "Cache worker for file hash cache (C:\Users\Admin\AndroidStudioProjects\updateProfile2\.gradle\7.0.2\fileHashes)" [_thread_blocked, id=8780, stack(0x0000001219e00000,0x0000001219f00000)]
  0x000001fd9fc9f000 JavaThread "File watcher server" daemon [_thread_in_native, id=11032, stack(0x0000001219f00000,0x000000121a000000)]
  0x000001fd9fc9f800 JavaThread "File watcher consumer" daemon [_thread_blocked, id=2280, stack(0x000000121a000000,0x000000121a100000)]
  0x000001fd9fc9b800 JavaThread "Cache worker for checksums cache (C:\Users\Admin\AndroidStudioProjects\updateProfile2\.gradle\checksums)" [_thread_blocked, id=2444, stack(0x000000121a100000,0x000000121a200000)]
  0x000001fd9fc24800 JavaThread "Cache worker for cache directory md-supplier (C:\Users\Admin\.gradle\caches\7.0.2\md-supplier)" [_thread_blocked, id=8340, stack(0x000000121a300000,0x000000121a400000)]
  0x000001fd9fc26800 JavaThread "Cache worker for cache directory md-rule (C:\Users\Admin\.gradle\caches\7.0.2\md-rule)" [_thread_blocked, id=8828, stack(0x000000121a500000,0x000000121a600000)]
  0x000001fd9fc25800 JavaThread "Cache worker for execution history cache (C:\Users\Admin\.gradle\caches\7.0.2\executionHistory)" [_thread_blocked, id=1380, stack(0x000000121a600000,0x000000121a700000)]
  0x000001fd9fc21800 JavaThread "jar transforms" [_thread_blocked, id=9228, stack(0x000000121a700000,0x000000121a800000)]
  0x000001fd9fc28000 JavaThread "jar transforms Thread 2" [_thread_blocked, id=11400, stack(0x000000121a800000,0x000000121a900000)]
  0x000001fd9fc24000 JavaThread "Cache worker for file content cache (C:\Users\Admin\.gradle\caches\7.0.2\fileContent)" [_thread_blocked, id=5536, stack(0x000000121a900000,0x000000121aa00000)]
  0x000001fd9fc23000 JavaThread "Cache worker for dependencies-accessors (C:\Users\Admin\AndroidStudioProjects\updateProfile2\.gradle\7.0.2\dependencies-accessors)" [_thread_blocked, id=11924, stack(0x000000121aa00000,0x000000121ab00000)]
  0x000001fd9fc29800 JavaThread "jar transforms Thread 3" [_thread_blocked, id=6184, stack(0x000000121ab00000,0x000000121ac00000)]
  0x000001fd9fc30000 JavaThread "Cache worker for Build Output Cleanup Cache (C:\Users\Admin\AndroidStudioProjects\updateProfile2\.gradle\buildOutputCleanup)" [_thread_blocked, id=1476, stack(0x000000121ac00000,0x000000121ad00000)]
  0x000001fd9fc2a800 JavaThread "Build operations" [_thread_blocked, id=14528, stack(0x000000121ad00000,0x000000121ae00000)]
  0x000001fd9fc2b800 JavaThread "Build operations Thread 2" [_thread_blocked, id=4488, stack(0x000000121ae00000,0x000000121af00000)]
  0x000001fd9fc2d800 JavaThread "Build operations Thread 3" [_thread_blocked, id=7872, stack(0x000000121af00000,0x000000121b000000)]
  0x000001fd9fc2c000 JavaThread "Build operations Thread 4" [_thread_blocked, id=13528, stack(0x000000121b000000,0x000000121b100000)]
  0x000001fd9fc2d000 JavaThread "Build operations Thread 5" [_thread_blocked, id=13944, stack(0x000000121b100000,0x000000121b200000)]
  0x000001fd9fc2e800 JavaThread "Build operations Thread 6" [_thread_blocked, id=14768, stack(0x000000121b200000,0x000000121b300000)]
  0x000001fd9fc2f800 JavaThread "Build operations Thread 7" [_thread_blocked, id=5440, stack(0x000000121b300000,0x000000121b400000)]
  0x000001fda2d3c800 JavaThread "Build operations Thread 8" [_thread_blocked, id=5016, stack(0x000000121b400000,0x000000121b500000)]
  0x000001fda2d3f800 JavaThread "jar transforms Thread 4" [_thread_blocked, id=10640, stack(0x000000121b500000,0x000000121b600000)]
  0x000001fda2d40800 JavaThread "jar transforms Thread 5" [_thread_blocked, id=11892, stack(0x000000121b600000,0x000000121b700000)]
  0x000001fda2d41800 JavaThread "jar transforms Thread 6" [_thread_blocked, id=6764, stack(0x000000121b700000,0x000000121b800000)]
  0x000001fda2d42000 JavaThread "jar transforms Thread 7" [_thread_blocked, id=5556, stack(0x000000121b800000,0x000000121b900000)]
  0x000001fda2d43000 JavaThread "jar transforms Thread 8" [_thread_blocked, id=14708, stack(0x000000121b900000,0x000000121ba00000)]
  0x000001fda3304800 JavaThread "C2 CompilerThread1" daemon [_thread_in_native, id=5072, stack(0x000000121a200000,0x000000121a300000)]

Other Threads:
  0x000001fd9c6f9000 VMThread "VM Thread" [stack: 0x0000001217e00000,0x0000001217f00000] [id=5560]
  0x000001fd9d20d800 WatcherThread [stack: 0x0000001218800000,0x0000001218900000] [id=1292]
  0x000001fd81af3800 GCTaskThread "GC Thread#0" [stack: 0x0000001217900000,0x0000001217a00000] [id=4028]
  0x000001fd9dbd4000 GCTaskThread "GC Thread#1" [stack: 0x0000001218a00000,0x0000001218b00000] [id=1436]
  0x000001fd9d65e800 GCTaskThread "GC Thread#2" [stack: 0x0000001218b00000,0x0000001218c00000] [id=8724]
  0x000001fd9df5a800 GCTaskThread "GC Thread#3" [stack: 0x0000001219500000,0x0000001219600000] [id=10356]
  0x000001fd9f098000 GCTaskThread "GC Thread#4" [stack: 0x0000001219600000,0x0000001219700000] [id=10256]
  0x000001fd9f0ec000 GCTaskThread "GC Thread#5" [stack: 0x0000001219700000,0x0000001219800000] [id=14848]
  0x000001fd9ea66000 GCTaskThread "GC Thread#6" [stack: 0x0000001219800000,0x0000001219900000] [id=14824]
  0x000001fd9dfc6000 GCTaskThread "GC Thread#7" [stack: 0x0000001219900000,0x0000001219a00000] [id=9908]
  0x000001fd81b25800 ConcurrentGCThread "G1 Main Marker" [stack: 0x0000001217a00000,0x0000001217b00000] [id=10808]
  0x000001fd81b27000 ConcurrentGCThread "G1 Conc#0" [stack: 0x0000001217b00000,0x0000001217c00000] [id=444]
  0x000001fd9e9d3000 ConcurrentGCThread "G1 Conc#1" [stack: 0x0000001219c00000,0x0000001219d00000] [id=6188]
  0x000001fd81bb5000 ConcurrentGCThread "G1 Refine#0" [stack: 0x0000001217c00000,0x0000001217d00000] [id=11288]
  0x000001fd9c550800 ConcurrentGCThread "G1 Young RemSet Sampling" [stack: 0x0000001217d00000,0x0000001217e00000] [id=6544]

Threads with active compile tasks:
C2 CompilerThread0  24058 5185       4       org.gradle.internal.service.DefaultServiceRegistry$OwnServices::getService (309 bytes)
C2 CompilerThread1  24058 5232   !   4       jdk.internal.loader.Resource::getBytes (242 bytes)

VM state:not at safepoint (normal execution)

VM Mutex/Monitor currently owned by a thread: None

Heap address: 0x0000000080000000, size: 2048 MB, Compressed Oops mode: 32-bit
Narrow klass base: 0x0000000000000000, Narrow klass shift: 3
Compressed class space size: 1073741824 Address: 0x0000000100000000

Heap:
 garbage-first heap   total 129024K, used 78696K [0x0000000080000000, 0x0000000100000000)
  region size 1024K, 50 young (51200K), 5 survivors (5120K)
 Metaspace       used 50248K, capacity 51599K, committed 51836K, reserved 1093632K
  class space    used 6405K, capacity 6873K, committed 6912K, reserved 1048576K
Heap Regions: E=young(eden), S=young(survivor), O=old, HS=humongous(starts), HC=humongous(continues), CS=collection set, F=free, A=archive, TAMS=top-at-mark-start (previous, next)
|   0|0x0000000080000000, 0x0000000080100000, 0x0000000080100000|100%| O|  |TAMS 0x0000000080100000, 0x0000000080000000| Untracked 
|   1|0x0000000080100000, 0x0000000080200000, 0x0000000080200000|100%| O|  |TAMS 0x0000000080200000, 0x0000000080100000| Untracked 
|   2|0x0000000080200000, 0x0000000080300000, 0x0000000080300000|100%| O|  |TAMS 0x0000000080300000, 0x0000000080200000| Untracked 
|   3|0x0000000080300000, 0x0000000080400000, 0x0000000080400000|100%|HS|  |TAMS 0x0000000080400000, 0x0000000080300000| Complete 
|   4|0x0000000080400000, 0x0000000080500000, 0x0000000080500000|100%|HC|  |TAMS 0x0000000080500000, 0x0000000080400000| Complete 
|   5|0x0000000080500000, 0x0000000080600000, 0x0000000080600000|100%|HC|  |TAMS 0x0000000080600000, 0x0000000080500000| Complete 
|   6|0x0000000080600000, 0x0000000080700000, 0x0000000080700000|100%| O|  |TAMS 0x0000000080700000, 0x0000000080600000| Untracked 
|   7|0x0000000080700000, 0x0000000080800000, 0x0000000080800000|100%| O|  |TAMS 0x0000000080800000, 0x0000000080700000| Untracked 
|   8|0x0000000080800000, 0x0000000080900000, 0x0000000080900000|100%| O|  |TAMS 0x0000000080900000, 0x0000000080800000| Untracked 
|   9|0x0000000080900000, 0x0000000080a00000, 0x0000000080a00000|100%| O|  |TAMS 0x0000000080a00000, 0x0000000080900000| Untracked 
|  10|0x0000000080a00000, 0x0000000080b00000, 0x0000000080b00000|100%| O|  |TAMS 0x0000000080b00000, 0x0000000080a00000| Untracked 
|  11|0x0000000080b00000, 0x0000000080c00000, 0x0000000080c00000|100%| O|  |TAMS 0x0000000080c00000, 0x0000000080b00000| Untracked 
|  12|0x0000000080c00000, 0x0000000080d00000, 0x0000000080d00000|100%| O|  |TAMS 0x0000000080d00000, 0x0000000080c00000| Untracked 
|  13|0x0000000080d00000, 0x0000000080e00000, 0x0000000080e00000|100%| O|  |TAMS 0x0000000080e00000, 0x0000000080d00000| Untracked 
|  14|0x0000000080e00000, 0x0000000080f00000, 0x0000000080f00000|100%| O|  |TAMS 0x0000000080f00000, 0x0000000080e00000| Untracked 
|  15|0x0000000080f00000, 0x0000000081000000, 0x0000000081000000|100%| O|  |TAMS 0x0000000081000000, 0x0000000080f00000| Untracked 
|  16|0x0000000081000000, 0x0000000081100000, 0x0000000081100000|100%| O|  |TAMS 0x0000000081074400, 0x0000000081000000| Untracked 
|  17|0x0000000081100000, 0x0000000081200000, 0x0000000081200000|100%|HS|  |TAMS 0x0000000081100000, 0x0000000081100000| Complete 
|  18|0x0000000081200000, 0x0000000081300000, 0x0000000081300000|100%| O|  |TAMS 0x0000000081200000, 0x0000000081200000| Untracked 
|  19|0x0000000081300000, 0x0000000081400000, 0x0000000081400000|100%| O|  |TAMS 0x0000000081300000, 0x0000000081300000| Untracked 
|  20|0x0000000081400000, 0x0000000081500000, 0x0000000081500000|100%| O|  |TAMS 0x0000000081400000, 0x0000000081400000| Untracked 
|  21|0x0000000081500000, 0x0000000081600000, 0x0000000081600000|100%| O|  |TAMS 0x0000000081500000, 0x0000000081500000| Untracked 
|  22|0x0000000081600000, 0x0000000081700000, 0x0000000081700000|100%| O|  |TAMS 0x0000000081600000, 0x0000000081600000| Untracked 
|  23|0x0000000081700000, 0x0000000081800000, 0x0000000081800000|100%| O|  |TAMS 0x0000000081700000, 0x0000000081700000| Untracked 
|  24|0x0000000081800000, 0x0000000081900000, 0x0000000081900000|100%| O|  |TAMS 0x0000000081800000, 0x0000000081800000| Untracked 
|  25|0x0000000081900000, 0x0000000081a00000, 0x0000000081a00000|100%| O|  |TAMS 0x0000000081900000, 0x0000000081900000| Untracked 
|  26|0x0000000081a00000, 0x0000000081a76200, 0x0000000081b00000| 46%| O|  |TAMS 0x0000000081a00000, 0x0000000081a00000| Untracked 
|  27|0x0000000081b00000, 0x0000000081c00000, 0x0000000081c00000|100%|HS|  |TAMS 0x0000000081b00000, 0x0000000081b00000| Complete 
|  28|0x0000000081c00000, 0x0000000081d00000, 0x0000000081d00000|100%|HS|  |TAMS 0x0000000081c00000, 0x0000000081c00000| Complete 
|  29|0x0000000081d00000, 0x0000000081e00000, 0x0000000081e00000|100%|HC|  |TAMS 0x0000000081d00000, 0x0000000081d00000| Complete 
|  30|0x0000000081e00000, 0x0000000081e00000, 0x0000000081f00000|  0%| F|  |TAMS 0x0000000081e00000, 0x0000000081e00000| Untracked 
|  31|0x0000000081f00000, 0x0000000081f00000, 0x0000000082000000|  0%| F|  |TAMS 0x0000000081f00000, 0x0000000081f00000| Untracked 
|  32|0x0000000082000000, 0x0000000082000000, 0x0000000082100000|  0%| F|  |TAMS 0x0000000082000000, 0x0000000082000000| Untracked 
|  33|0x0000000082100000, 0x0000000082100000, 0x0000000082200000|  0%| F|  |TAMS 0x0000000082100000, 0x0000000082100000| Untracked 
|  34|0x0000000082200000, 0x0000000082200000, 0x0000000082300000|  0%| F|  |TAMS 0x0000000082200000, 0x0000000082200000| Untracked 
|  35|0x0000000082300000, 0x0000000082300000, 0x0000000082400000|  0%| F|  |TAMS 0x0000000082300000, 0x0000000082300000| Untracked 
|  36|0x0000000082400000, 0x0000000082400000, 0x0000000082500000|  0%| F|  |TAMS 0x0000000082400000, 0x0000000082400000| Untracked 
|  37|0x0000000082500000, 0x0000000082500000, 0x0000000082600000|  0%| F|  |TAMS 0x0000000082500000, 0x0000000082500000| Untracked 
|  38|0x0000000082600000, 0x0000000082600000, 0x0000000082700000|  0%| F|  |TAMS 0x0000000082600000, 0x0000000082600000| Untracked 
|  39|0x0000000082700000, 0x0000000082700000, 0x0000000082800000|  0%| F|  |TAMS 0x0000000082700000, 0x0000000082700000| Untracked 
|  40|0x0000000082800000, 0x0000000082800000, 0x0000000082900000|  0%| F|  |TAMS 0x0000000082800000, 0x0000000082800000| Untracked 
|  41|0x0000000082900000, 0x0000000082900000, 0x0000000082a00000|  0%| F|  |TAMS 0x0000000082900000, 0x0000000082900000| Untracked 
|  42|0x0000000082a00000, 0x0000000082a00000, 0x0000000082b00000|  0%| F|  |TAMS 0x0000000082a00000, 0x0000000082a00000| Untracked 
|  43|0x0000000082b00000, 0x0000000082b00000, 0x0000000082c00000|  0%| F|  |TAMS 0x0000000082b00000, 0x0000000082b00000| Untracked 
|  44|0x0000000082c00000, 0x0000000082c00000, 0x0000000082d00000|  0%| F|  |TAMS 0x0000000082c00000, 0x0000000082c00000| Untracked 
|  45|0x0000000082d00000, 0x0000000082d00000, 0x0000000082e00000|  0%| F|  |TAMS 0x0000000082d00000, 0x0000000082d00000| Untracked 
|  46|0x0000000082e00000, 0x0000000082e00000, 0x0000000082f00000|  0%| F|  |TAMS 0x0000000082e00000, 0x0000000082e00000| Untracked 
|  47|0x0000000082f00000, 0x0000000082f00000, 0x0000000083000000|  0%| F|  |TAMS 0x0000000082f00000, 0x0000000082f00000| Untracked 
|  48|0x0000000083000000, 0x0000000083000000, 0x0000000083100000|  0%| F|  |TAMS 0x0000000083000000, 0x0000000083000000| Untracked 
|  49|0x0000000083100000, 0x0000000083100000, 0x0000000083200000|  0%| F|  |TAMS 0x0000000083100000, 0x0000000083100000| Untracked 
|  50|0x0000000083200000, 0x0000000083200000, 0x0000000083300000|  0%| F|  |TAMS 0x0000000083200000, 0x0000000083200000| Untracked 
|  51|0x0000000083300000, 0x0000000083300000, 0x0000000083400000|  0%| F|  |TAMS 0x0000000083300000, 0x0000000083300000| Untracked 
|  52|0x0000000083400000, 0x0000000083400000, 0x0000000083500000|  0%| F|  |TAMS 0x0000000083400000, 0x0000000083400000| Untracked 
|  53|0x0000000083500000, 0x0000000083500000, 0x0000000083600000|  0%| F|  |TAMS 0x0000000083500000, 0x0000000083500000| Untracked 
|  54|0x0000000083600000, 0x0000000083600000, 0x0000000083700000|  0%| F|  |TAMS 0x0000000083600000, 0x0000000083600000| Untracked 
|  55|0x0000000083700000, 0x0000000083700000, 0x0000000083800000|  0%| F|  |TAMS 0x0000000083700000, 0x0000000083700000| Untracked 
|  56|0x0000000083800000, 0x0000000083800000, 0x0000000083900000|  0%| F|  |TAMS 0x0000000083800000, 0x0000000083800000| Untracked 
|  57|0x0000000083900000, 0x0000000083900000, 0x0000000083a00000|  0%| F|  |TAMS 0x0000000083900000, 0x0000000083900000| Untracked 
|  58|0x0000000083a00000, 0x0000000083a00000, 0x0000000083b00000|  0%| F|  |TAMS 0x0000000083a00000, 0x0000000083a00000| Untracked 
|  59|0x0000000083b00000, 0x0000000083b00000, 0x0000000083c00000|  0%| F|  |TAMS 0x0000000083b00000, 0x0000000083b00000| Untracked 
|  60|0x0000000083c00000, 0x0000000083c00000, 0x0000000083d00000|  0%| F|  |TAMS 0x0000000083c00000, 0x0000000083c00000| Untracked 
|  61|0x0000000083d00000, 0x0000000083d00000, 0x0000000083e00000|  0%| F|  |TAMS 0x0000000083d00000, 0x0000000083d00000| Untracked 
|  62|0x0000000083e00000, 0x0000000083e00000, 0x0000000083f00000|  0%| F|  |TAMS 0x0000000083e00000, 0x0000000083e00000| Untracked 
|  63|0x0000000083f00000, 0x0000000083f00000, 0x0000000084000000|  0%| F|  |TAMS 0x0000000083f00000, 0x0000000083f00000| Untracked 
|  64|0x0000000084000000, 0x0000000084000000, 0x0000000084100000|  0%| F|  |TAMS 0x0000000084000000, 0x0000000084000000| Untracked 
|  65|0x0000000084100000, 0x0000000084100000, 0x0000000084200000|  0%| F|  |TAMS 0x0000000084100000, 0x0000000084100000| Untracked 
|  66|0x0000000084200000, 0x00000000842641a0, 0x0000000084300000| 39%| S|CS|TAMS 0x0000000084200000, 0x0000000084200000| Complete 
|  67|0x0000000084300000, 0x0000000084400000, 0x0000000084400000|100%| S|CS|TAMS 0x0000000084300000, 0x0000000084300000| Complete 
|  68|0x0000000084400000, 0x0000000084500000, 0x0000000084500000|100%| S|CS|TAMS 0x0000000084400000, 0x0000000084400000| Complete 
|  69|0x0000000084500000, 0x0000000084600000, 0x0000000084600000|100%| S|CS|TAMS 0x0000000084500000, 0x0000000084500000| Complete 
|  70|0x0000000084600000, 0x0000000084700000, 0x0000000084700000|100%| S|CS|TAMS 0x0000000084600000, 0x0000000084600000| Complete 
|  71|0x0000000084700000, 0x0000000084700000, 0x0000000084800000|  0%| F|  |TAMS 0x0000000084700000, 0x0000000084700000| Untracked 
|  72|0x0000000084800000, 0x0000000084800000, 0x0000000084900000|  0%| F|  |TAMS 0x0000000084800000, 0x0000000084800000| Untracked 
|  73|0x0000000084900000, 0x0000000084900000, 0x0000000084a00000|  0%| F|  |TAMS 0x0000000084900000, 0x0000000084900000| Untracked 
|  74|0x0000000084a00000, 0x0000000084a00000, 0x0000000084b00000|  0%| F|  |TAMS 0x0000000084a00000, 0x0000000084a00000| Untracked 
|  75|0x0000000084b00000, 0x0000000084b00000, 0x0000000084c00000|  0%| F|  |TAMS 0x0000000084b00000, 0x0000000084b00000| Untracked 
|  76|0x0000000084c00000, 0x0000000084c00000, 0x0000000084d00000|  0%| F|  |TAMS 0x0000000084c00000, 0x0000000084c00000| Untracked 
|  77|0x0000000084d00000, 0x0000000084d00000, 0x0000000084e00000|  0%| F|  |TAMS 0x0000000084d00000, 0x0000000084d00000| Untracked 
|  78|0x0000000084e00000, 0x0000000084e00000, 0x0000000084f00000|  0%| F|  |TAMS 0x0000000084e00000, 0x0000000084e00000| Untracked 
|  79|0x0000000084f00000, 0x0000000084f00000, 0x0000000085000000|  0%| F|  |TAMS 0x0000000084f00000, 0x0000000084f00000| Untracked 
|  80|0x0000000085000000, 0x0000000085080800, 0x0000000085100000| 50%| E|  |TAMS 0x0000000085000000, 0x0000000085000000| Complete 
|  81|0x0000000085100000, 0x0000000085200000, 0x0000000085200000|100%| E|CS|TAMS 0x0000000085100000, 0x0000000085100000| Complete 
|  82|0x0000000085200000, 0x0000000085300000, 0x0000000085300000|100%| E|CS|TAMS 0x0000000085200000, 0x0000000085200000| Complete 
|  83|0x0000000085300000, 0x0000000085400000, 0x0000000085400000|100%| E|CS|TAMS 0x0000000085300000, 0x0000000085300000| Complete 
|  84|0x0000000085400000, 0x0000000085500000, 0x0000000085500000|100%| E|CS|TAMS 0x0000000085400000, 0x0000000085400000| Complete 
|  85|0x0000000085500000, 0x0000000085600000, 0x0000000085600000|100%| E|CS|TAMS 0x0000000085500000, 0x0000000085500000| Complete 
|  86|0x0000000085600000, 0x0000000085700000, 0x0000000085700000|100%| E|CS|TAMS 0x0000000085600000, 0x0000000085600000| Complete 
|  87|0x0000000085700000, 0x0000000085800000, 0x0000000085800000|100%| E|CS|TAMS 0x0000000085700000, 0x0000000085700000| Complete 
|  88|0x0000000085800000, 0x0000000085900000, 0x0000000085900000|100%| E|CS|TAMS 0x0000000085800000, 0x0000000085800000| Complete 
|  89|0x0000000085900000, 0x0000000085a00000, 0x0000000085a00000|100%| E|CS|TAMS 0x0000000085900000, 0x0000000085900000| Complete 
|  90|0x0000000085a00000, 0x0000000085b00000, 0x0000000085b00000|100%| E|CS|TAMS 0x0000000085a00000, 0x0000000085a00000| Complete 
|  91|0x0000000085b00000, 0x0000000085c00000, 0x0000000085c00000|100%| E|CS|TAMS 0x0000000085b00000, 0x0000000085b00000| Complete 
|  92|0x0000000085c00000, 0x0000000085d00000, 0x0000000085d00000|100%| E|CS|TAMS 0x0000000085c00000, 0x0000000085c00000| Complete 
|  93|0x0000000085d00000, 0x0000000085e00000, 0x0000000085e00000|100%| E|CS|TAMS 0x0000000085d00000, 0x0000000085d00000| Complete 
|  94|0x0000000085e00000, 0x0000000085f00000, 0x0000000085f00000|100%| E|CS|TAMS 0x0000000085e00000, 0x0000000085e00000| Complete 
|  95|0x0000000085f00000, 0x0000000086000000, 0x0000000086000000|100%| E|CS|TAMS 0x0000000085f00000, 0x0000000085f00000| Complete 
|  96|0x0000000086000000, 0x0000000086100000, 0x0000000086100000|100%| E|CS|TAMS 0x0000000086000000, 0x0000000086000000| Complete 
|  97|0x0000000086100000, 0x0000000086200000, 0x0000000086200000|100%| E|CS|TAMS 0x0000000086100000, 0x0000000086100000| Complete 
|  98|0x0000000086200000, 0x0000000086300000, 0x0000000086300000|100%| E|CS|TAMS 0x0000000086200000, 0x0000000086200000| Complete 
|  99|0x0000000086300000, 0x0000000086400000, 0x0000000086400000|100%| E|CS|TAMS 0x0000000086300000, 0x0000000086300000| Complete 
| 100|0x0000000086400000, 0x0000000086500000, 0x0000000086500000|100%| E|CS|TAMS 0x0000000086400000, 0x0000000086400000| Complete 
| 101|0x0000000086500000, 0x0000000086600000, 0x0000000086600000|100%| E|CS|TAMS 0x0000000086500000, 0x0000000086500000| Complete 
| 102|0x0000000086600000, 0x0000000086700000, 0x0000000086700000|100%| E|CS|TAMS 0x0000000086600000, 0x0000000086600000| Complete 
| 103|0x0000000086700000, 0x0000000086800000, 0x0000000086800000|100%| E|CS|TAMS 0x0000000086700000, 0x0000000086700000| Complete 
| 104|0x0000000086800000, 0x0000000086900000, 0x0000000086900000|100%| E|CS|TAMS 0x0000000086800000, 0x0000000086800000| Complete 
| 105|0x0000000086900000, 0x0000000086a00000, 0x0000000086a00000|100%| E|CS|TAMS 0x0000000086900000, 0x0000000086900000| Complete 
| 106|0x0000000086a00000, 0x0000000086b00000, 0x0000000086b00000|100%| E|CS|TAMS 0x0000000086a00000, 0x0000000086a00000| Complete 
| 107|0x0000000086b00000, 0x0000000086c00000, 0x0000000086c00000|100%| E|CS|TAMS 0x0000000086b00000, 0x0000000086b00000| Complete 
| 108|0x0000000086c00000, 0x0000000086d00000, 0x0000000086d00000|100%| E|CS|TAMS 0x0000000086c00000, 0x0000000086c00000| Complete 
| 109|0x0000000086d00000, 0x0000000086e00000, 0x0000000086e00000|100%| E|CS|TAMS 0x0000000086d00000, 0x0000000086d00000| Complete 
| 110|0x0000000086e00000, 0x0000000086f00000, 0x0000000086f00000|100%| E|CS|TAMS 0x0000000086e00000, 0x0000000086e00000| Complete 
| 111|0x0000000086f00000, 0x0000000087000000, 0x0000000087000000|100%| E|CS|TAMS 0x0000000086f00000, 0x0000000086f00000| Complete 
| 112|0x0000000087000000, 0x0000000087100000, 0x0000000087100000|100%| E|CS|TAMS 0x0000000087000000, 0x0000000087000000| Complete 
| 113|0x0000000087100000, 0x0000000087200000, 0x0000000087200000|100%| E|  |TAMS 0x0000000087100000, 0x0000000087100000| Complete 
| 114|0x0000000087200000, 0x0000000087300000, 0x0000000087300000|100%| E|CS|TAMS 0x0000000087200000, 0x0000000087200000| Complete 
| 115|0x0000000087300000, 0x0000000087400000, 0x0000000087400000|100%| E|CS|TAMS 0x0000000087300000, 0x0000000087300000| Complete 
| 116|0x0000000087400000, 0x0000000087500000, 0x0000000087500000|100%| E|CS|TAMS 0x0000000087400000, 0x0000000087400000| Complete 
| 117|0x0000000087500000, 0x0000000087600000, 0x0000000087600000|100%| E|CS|TAMS 0x0000000087500000, 0x0000000087500000| Complete 
| 118|0x0000000087600000, 0x0000000087700000, 0x0000000087700000|100%| E|CS|TAMS 0x0000000087600000, 0x0000000087600000| Complete 
| 119|0x0000000087700000, 0x0000000087800000, 0x0000000087800000|100%| E|CS|TAMS 0x0000000087700000, 0x0000000087700000| Complete 
| 120|0x0000000087800000, 0x0000000087900000, 0x0000000087900000|100%| E|CS|TAMS 0x0000000087800000, 0x0000000087800000| Complete 
| 121|0x0000000087900000, 0x0000000087a00000, 0x0000000087a00000|100%| E|CS|TAMS 0x0000000087900000, 0x0000000087900000| Complete 
| 122|0x0000000087a00000, 0x0000000087b00000, 0x0000000087b00000|100%| E|CS|TAMS 0x0000000087a00000, 0x0000000087a00000| Complete 
| 123|0x0000000087b00000, 0x0000000087c00000, 0x0000000087c00000|100%| E|CS|TAMS 0x0000000087b00000, 0x0000000087b00000| Complete 
| 124|0x0000000087c00000, 0x0000000087d00000, 0x0000000087d00000|100%| E|CS|TAMS 0x0000000087c00000, 0x0000000087c00000| Complete 
| 125|0x0000000087d00000, 0x0000000087e00000, 0x0000000087e00000|100%| E|CS|TAMS 0x0000000087d00000, 0x0000000087d00000| Complete 

Card table byte_map: [0x000001fd95430000,0x000001fd95830000] _byte_map_base: 0x000001fd95030000

Marking Bits (Prev, Next): (CMBitMap*) 0x000001fd81b1cb68, (CMBitMap*) 0x000001fd81b1cba0
 Prev Bits: [0x000001fd95c30000, 0x000001fd97c30000)
 Next Bits: [0x000001fd97c30000, 0x000001fd99c30000)

Polling page: 0x000001fd802c0000

Metaspace:

Usage:
  Non-class:     43.68 MB capacity,    42.85 MB ( 98%) used,   714.02 KB (  2%) free+waste,   130.06 KB ( <1%) overhead. 
      Class:      6.71 MB capacity,     6.26 MB ( 93%) used,   400.64 KB (  6%) free+waste,    62.00 KB ( <1%) overhead. 
       Both:     50.39 MB capacity,    49.11 MB ( 97%) used,     1.09 MB (  2%) free+waste,   192.06 KB ( <1%) overhead. 

Virtual space:
  Non-class space:       44.00 MB reserved,      43.87 MB (>99%) committed 
      Class space:        1.00 GB reserved,       6.75 MB ( <1%) committed 
             Both:        1.04 GB reserved,      50.62 MB (  5%) committed 

Chunk freelists:
   Non-Class:  6.00 KB
       Class:  7.00 KB
        Both:  13.00 KB

MaxMetaspaceSize: 17179869184.00 GB
CompressedClassSpaceSize: 1.00 GB

CodeHeap 'non-profiled nmethods': size=120000Kb used=2867Kb max_used=2867Kb free=117132Kb
 bounds [0x000001fd8d0a0000, 0x000001fd8d370000, 0x000001fd945d0000]
CodeHeap 'profiled nmethods': size=120000Kb used=10742Kb max_used=10742Kb free=109257Kb
 bounds [0x000001fd85b70000, 0x000001fd865f0000, 0x000001fd8d0a0000]
CodeHeap 'non-nmethods': size=5760Kb used=2219Kb max_used=2282Kb free=3540Kb
 bounds [0x000001fd855d0000, 0x000001fd85840000, 0x000001fd85b70000]
 total_blobs=6008 nmethods=5216 adapters=703
 compilation: enabled
              stopped_count=0, restarted_count=0
 full_count=0

Compilation events (20 events):
Event: 23.884 Thread 0x000001fd9d090800 5219       3       java.lang.reflect.Modifier::isVolatile (13 bytes)
Event: 23.885 Thread 0x000001fd9d090800 nmethod 5219 0x000001fd865e1610 code [0x000001fd865e17c0, 0x000001fd865e18f8]
Event: 23.888 Thread 0x000001fd9d090800 5220       3       java.lang.reflect.ProxyGenerator::codeClassForName (41 bytes)
Event: 23.892 Thread 0x000001fd9d090800 nmethod 5220 0x000001fd865e1990 code [0x000001fd865e1d00, 0x000001fd865e30d8]
Event: 23.893 Thread 0x000001fd9d090800 5221       3       java.util.concurrent.locks.ReentrantLock::isHeldByCurrentThread (8 bytes)
Event: 23.894 Thread 0x000001fd9d090800 nmethod 5221 0x000001fd865e3990 code [0x000001fd865e3b40, 0x000001fd865e3d38]
Event: 23.894 Thread 0x000001fd9d090800 5222       3       jdk.internal.reflect.Reflection::verifyModuleAccess (24 bytes)
Event: 23.895 Thread 0x000001fd9d090800 nmethod 5222 0x000001fd865e3e10 code [0x000001fd865e4020, 0x000001fd865e4518]
Event: 23.895 Thread 0x000001fd9d090800 5223       3       com.google.common.collect.ImmutableMap$Builder::<init> (25 bytes)
Event: 23.896 Thread 0x000001fd9d090800 nmethod 5223 0x000001fd865e4790 code [0x000001fd865e4940, 0x000001fd865e4b98]
Event: 23.896 Thread 0x000001fd9d090800 5224       3       com.google.common.collect.ImmutableMap$Builder::build (21 bytes)
Event: 23.896 Thread 0x000001fd9d090800 nmethod 5224 0x000001fd865e4c90 code [0x000001fd865e4e60, 0x000001fd865e4ff8]
Event: 23.897 Thread 0x000001fd9d090800 5225       3       org.gradle.cache.internal.DefaultCrossBuildInMemoryCacheFactory$AbstractCrossBuildInMemoryCache::getIfPresentWithoutLock (43 bytes)
Event: 23.898 Thread 0x000001fd9d090800 nmethod 5225 0x000001fd865e5110 code [0x000001fd865e5300, 0x000001fd865e5708]
Event: 23.900 Thread 0x000001fd9d090800 5227       3       com.google.common.collect.ImmutableMap::of (4 bytes)
Event: 23.901 Thread 0x000001fd9d090800 nmethod 5227 0x000001fd865e5810 code [0x000001fd865e59c0, 0x000001fd865e5ab8]
Event: 23.901 Thread 0x000001fd9d090800 5226       3       com.google.common.reflect.TypeResolver$TypeTable::<init> (12 bytes)
Event: 23.901 Thread 0x000001fd9d090800 nmethod 5226 0x000001fd865e5b90 code [0x000001fd865e5d60, 0x000001fd865e5f78]
Event: 23.936 Thread 0x000001fda3304800 nmethod 5193 0x000001fd8d36a310 code [0x000001fd8d36a500, 0x000001fd8d36ac90]
Event: 23.937 Thread 0x000001fda3304800 5217       4       java.lang.Class::getInterfaces (49 bytes)

GC Heap History (20 events):
Event: 2.059 GC heap before
{Heap before GC invocations=0 (full 0):
 garbage-first heap   total 129024K, used 29696K [0x0000000080000000, 0x0000000100000000)
  region size 1024K, 24 young (24576K), 0 survivors (0K)
 Metaspace       used 9805K, capacity 9986K, committed 10112K, reserved 1058816K
  class space    used 1021K, capacity 1102K, committed 1152K, reserved 1048576K
}
Event: 2.074 GC heap after
{Heap after GC invocations=1 (full 0):
 garbage-first heap   total 129024K, used 9027K [0x0000000080000000, 0x0000000100000000)
  region size 1024K, 3 young (3072K), 3 survivors (3072K)
 Metaspace       used 9805K, capacity 9986K, committed 10112K, reserved 1058816K
  class space    used 1021K, capacity 1102K, committed 1152K, reserved 1048576K
}
Event: 3.118 GC heap before
{Heap before GC invocations=1 (full 0):
 garbage-first heap   total 129024K, used 30531K [0x0000000080000000, 0x0000000100000000)
  region size 1024K, 24 young (24576K), 3 survivors (3072K)
 Metaspace       used 10731K, capacity 11003K, committed 11264K, reserved 1058816K
  class space    used 1122K, capacity 1206K, committed 1280K, reserved 1048576K
}
Event: 3.126 GC heap after
{Heap after GC invocations=2 (full 0):
 garbage-first heap   total 129024K, used 9593K [0x0000000080000000, 0x0000000100000000)
  region size 1024K, 1 young (1024K), 1 survivors (1024K)
 Metaspace       used 10731K, capacity 11003K, committed 11264K, reserved 1058816K
  class space    used 1122K, capacity 1206K, committed 1280K, reserved 1048576K
}
Event: 9.194 GC heap before
{Heap before GC invocations=2 (full 0):
 garbage-first heap   total 129024K, used 56697K [0x0000000080000000, 0x0000000100000000)
  region size 1024K, 47 young (48128K), 1 survivors (1024K)
 Metaspace       used 17531K, capacity 17895K, committed 18048K, reserved 1064960K
  class space    used 2042K, capacity 2172K, committed 2176K, reserved 1048576K
}
Event: 9.207 GC heap after
{Heap after GC invocations=3 (full 0):
 garbage-first heap   total 129024K, used 15615K [0x0000000080000000, 0x0000000100000000)
  region size 1024K, 6 young (6144K), 6 survivors (6144K)
 Metaspace       used 17531K, capacity 17895K, committed 18048K, reserved 1064960K
  class space    used 2042K, capacity 2172K, committed 2176K, reserved 1048576K
}
Event: 10.089 GC heap before
{Heap before GC invocations=3 (full 0):
 garbage-first heap   total 129024K, used 41215K [0x0000000080000000, 0x0000000100000000)
  region size 1024K, 33 young (33792K), 6 survivors (6144K)
 Metaspace       used 20648K, capacity 21151K, committed 21296K, reserved 1069056K
  class space    used 2513K, capacity 2688K, committed 2688K, reserved 1048576K
}
Event: 10.107 GC heap after
{Heap after GC invocations=4 (full 0):
 garbage-first heap   total 129024K, used 17120K [0x0000000080000000, 0x0000000100000000)
  region size 1024K, 1 young (1024K), 1 survivors (1024K)
 Metaspace       used 20648K, capacity 21151K, committed 21296K, reserved 1069056K
  class space    used 2513K, capacity 2688K, committed 2688K, reserved 1048576K
}
Event: 12.054 GC heap before
{Heap before GC invocations=5 (full 0):
 garbage-first heap   total 129024K, used 66272K [0x0000000080000000, 0x0000000100000000)
  region size 1024K, 49 young (50176K), 1 survivors (1024K)
 Metaspace       used 25671K, capacity 26355K, committed 26672K, reserved 1073152K
  class space    used 3351K, capacity 3598K, committed 3712K, reserved 1048576K
}
Event: 12.063 GC heap after
{Heap after GC invocations=6 (full 0):
 garbage-first heap   total 129024K, used 18738K [0x0000000080000000, 0x0000000100000000)
  region size 1024K, 3 young (3072K), 3 survivors (3072K)
 Metaspace       used 25671K, capacity 26355K, committed 26672K, reserved 1073152K
  class space    used 3351K, capacity 3598K, committed 3712K, reserved 1048576K
}
Event: 14.400 GC heap before
{Heap before GC invocations=6 (full 0):
 garbage-first heap   total 129024K, used 70962K [0x0000000080000000, 0x0000000100000000)
  region size 1024K, 54 young (55296K), 3 survivors (3072K)
 Metaspace       used 31747K, capacity 32489K, committed 32560K, reserved 1077248K
  class space    used 4186K, capacity 4473K, committed 4480K, reserved 1048576K
}
Event: 14.413 GC heap after
{Heap after GC invocations=7 (full 0):
 garbage-first heap   total 129024K, used 21058K [0x0000000080000000, 0x0000000100000000)
  region size 1024K, 5 young (5120K), 5 survivors (5120K)
 Metaspace       used 31747K, capacity 32489K, committed 32560K, reserved 1077248K
  class space    used 4186K, capacity 4473K, committed 4480K, reserved 1048576K
}
Event: 14.976 GC heap before
{Heap before GC invocations=7 (full 0):
 garbage-first heap   total 129024K, used 29250K [0x0000000080000000, 0x0000000100000000)
  region size 1024K, 14 young (14336K), 5 survivors (5120K)
 Metaspace       used 34841K, capacity 35607K, committed 35708K, reserved 1081344K
  class space    used 4531K, capacity 4832K, committed 4864K, reserved 1048576K
}
Event: 15.012 GC heap after
{Heap after GC invocations=8 (full 0):
 garbage-first heap   total 129024K, used 22993K [0x0000000080000000, 0x0000000100000000)
  region size 1024K, 6 young (6144K), 6 survivors (6144K)
 Metaspace       used 34841K, capacity 35607K, committed 35708K, reserved 1081344K
  class space    used 4531K, capacity 4832K, committed 4864K, reserved 1048576K
}
Event: 17.219 GC heap before
{Heap before GC invocations=9 (full 0):
 garbage-first heap   total 129024K, used 74193K [0x0000000080000000, 0x0000000100000000)
  region size 1024K, 54 young (55296K), 6 survivors (6144K)
 Metaspace       used 38723K, capacity 39632K, committed 39804K, reserved 1083392K
  class space    used 4925K, capacity 5251K, committed 5376K, reserved 1048576K
}
Event: 17.240 GC heap after
{Heap after GC invocations=10 (full 0):
 garbage-first heap   total 129024K, used 26620K [0x0000000080000000, 0x0000000100000000)
  region size 1024K, 6 young (6144K), 6 survivors (6144K)
 Metaspace       used 38723K, capacity 39632K, committed 39804K, reserved 1083392K
  class space    used 4925K, capacity 5251K, committed 5376K, reserved 1048576K
}
Event: 18.975 GC heap before
{Heap before GC invocations=10 (full 0):
 garbage-first heap   total 129024K, used 77820K [0x0000000080000000, 0x0000000100000000)
  region size 1024K, 55 young (56320K), 6 survivors (6144K)
 Metaspace       used 43172K, capacity 44245K, committed 44412K, reserved 1087488K
  class space    used 5502K, capacity 5887K, committed 5888K, reserved 1048576K
}
Event: 18.991 GC heap after
{Heap after GC invocations=11 (full 0):
 garbage-first heap   total 129024K, used 28600K [0x0000000080000000, 0x0000000100000000)
  region size 1024K, 3 young (3072K), 3 survivors (3072K)
 Metaspace       used 43172K, capacity 44245K, committed 44412K, reserved 1087488K
  class space    used 5502K, capacity 5887K, committed 5888K, reserved 1048576K
}
Event: 21.440 GC heap before
{Heap before GC invocations=11 (full 0):
 garbage-first heap   total 129024K, used 80824K [0x0000000080000000, 0x0000000100000000)
  region size 1024K, 55 young (56320K), 3 survivors (3072K)
 Metaspace       used 46792K, capacity 47970K, committed 48124K, reserved 1091584K
  class space    used 5990K, capacity 6425K, committed 6528K, reserved 1048576K
}
Event: 21.451 GC heap after
{Heap after GC invocations=12 (full 0):
 garbage-first heap   total 129024K, used 30568K [0x0000000080000000, 0x0000000100000000)
  region size 1024K, 5 young (5120K), 5 survivors (5120K)
 Metaspace       used 46792K, capacity 47970K, committed 48124K, reserved 1091584K
  class space    used 5990K, capacity 6425K, committed 6528K, reserved 1048576K
}

Deoptimization events (20 events):
Event: 23.470 Thread 0x000001fd9ec0e000 Uncommon trap: trap_request=0xffffff4d fr.pc=0x000001fd8d22bc9c relative=0x000000000000091c
Event: 23.471 Thread 0x000001fd9ec0e000 Uncommon trap: reason=unstable_if action=reinterpret pc=0x000001fd8d22bc9c method=java.io.BufferedInputStream.read([BII)I @ 56 c2
Event: 23.471 Thread 0x000001fd9ec0e000 DEOPT PACKING pc=0x000001fd8d22bc9c sp=0x00000012191f70d0
Event: 23.471 Thread 0x000001fd9ec0e000 DEOPT UNPACKING pc=0x000001fd855f78af sp=0x00000012191f7088 mode 2
Event: 23.477 Thread 0x000001fd9ec0e000 Uncommon trap: trap_request=0xffffff4d fr.pc=0x000001fd8d186374 relative=0x0000000000000054
Event: 23.477 Thread 0x000001fd9ec0e000 Uncommon trap: reason=unstable_if action=reinterpret pc=0x000001fd8d186374 method=java.util.regex.Pattern.has(I)Z @ 6 c2
Event: 23.477 Thread 0x000001fd9ec0e000 DEOPT PACKING pc=0x000001fd8d186374 sp=0x00000012191f60c0
Event: 23.477 Thread 0x000001fd9ec0e000 DEOPT UNPACKING pc=0x000001fd855f78af sp=0x00000012191f6050 mode 2
Event: 23.552 Thread 0x000001fd9ec0e000 Uncommon trap: trap_request=0xffffff45 fr.pc=0x000001fd8d278f10 relative=0x0000000000000d50
Event: 23.552 Thread 0x000001fd9ec0e000 Uncommon trap: reason=unstable_fused_if action=reinterpret pc=0x000001fd8d278f10 method=org.objectweb.asm.ByteVector.putUTF8(Ljava/lang/String;)Lorg/objectweb/asm/ByteVector; @ 93 c2
Event: 23.552 Thread 0x000001fd9ec0e000 DEOPT PACKING pc=0x000001fd8d278f10 sp=0x00000012191f7b70
Event: 23.552 Thread 0x000001fd9ec0e000 DEOPT UNPACKING pc=0x000001fd855f78af sp=0x00000012191f7ac8 mode 2
Event: 23.557 Thread 0x000001fd9ec0e000 Uncommon trap: trap_request=0xffffff4d fr.pc=0x000001fd8d28919c relative=0x0000000000005bdc
Event: 23.557 Thread 0x000001fd9ec0e000 Uncommon trap: reason=unstable_if action=reinterpret pc=0x000001fd8d28919c method=org.objectweb.asm.Frame.execute(IILorg/objectweb/asm/Symbol;Lorg/objectweb/asm/SymbolTable;)V @ 1 c2
Event: 23.557 Thread 0x000001fd9ec0e000 DEOPT PACKING pc=0x000001fd8d28919c sp=0x00000012191f7d60
Event: 23.557 Thread 0x000001fd9ec0e000 DEOPT UNPACKING pc=0x000001fd855f78af sp=0x00000012191f7d08 mode 2
Event: 23.657 Thread 0x000001fd9ec0e000 Uncommon trap: trap_request=0xffffff45 fr.pc=0x000001fd8d1b95ec relative=0x000000000000020c
Event: 23.657 Thread 0x000001fd9ec0e000 Uncommon trap: reason=unstable_fused_if action=reinterpret pc=0x000001fd8d1b95ec method=org.objectweb.asm.ByteVector.putUTF8(Ljava/lang/String;)Lorg/objectweb/asm/ByteVector; @ 93 c2
Event: 23.657 Thread 0x000001fd9ec0e000 DEOPT PACKING pc=0x000001fd8d1b95ec sp=0x00000012191f7ea0
Event: 23.657 Thread 0x000001fd9ec0e000 DEOPT UNPACKING pc=0x000001fd855f78af sp=0x00000012191f7e20 mode 2

Classes redefined (0 events):
No events

Internal exceptions (20 events):
Event: 22.631 Thread 0x000001fd9ec0e000 Exception <a 'java/lang/ClassNotFoundException'{0x0000000086705560}: org/gradle/api/tasks/DeleteCustomizer> (0x0000000086705560) thrown at [./src/hotspot/share/classfile/systemDictionary.cpp, line 231]
Event: 22.636 Thread 0x000001fd9ec0e000 Exception <a 'java/lang/ClassNotFoundException'{0x0000000086743940}: org/gradle/api/tasks/Delete_DecoratedCustomizer> (0x0000000086743940) thrown at [./src/hotspot/share/classfile/systemDictionary.cpp, line 231]
Event: 22.717 Thread 0x000001fd9ec0e000 Exception <a 'java/lang/NoSuchMethodError'{0x0000000086657660}: 'long java.lang.invoke.DirectMethodHandle$Holder.invokeVirtual(java.lang.Object, java.lang.Object)'> (0x0000000086657660) thrown at [./src/hotspot/share/interpreter/linkResolver.cpp, line 773]
Event: 22.727 Thread 0x000001fd9fc9b000 Exception <a 'java/lang/NoSuchMethodError'{0x0000000086503380}: <clinit>> (0x0000000086503380) thrown at [./src/hotspot/share/prims/jni.cpp, line 1362]
Event: 22.734 Thread 0x000001fd9fc9b000 Exception <a 'java/lang/NoSuchMethodError'{0x0000000086523a50}: <clinit>> (0x0000000086523a50) thrown at [./src/hotspot/share/prims/jni.cpp, line 1362]
Event: 22.735 Thread 0x000001fd9fc9b000 Exception <a 'java/lang/NoSuchMethodError'{0x0000000086524b60}: <clinit>> (0x0000000086524b60) thrown at [./src/hotspot/share/prims/jni.cpp, line 1362]
Event: 22.735 Thread 0x000001fd9fc9b000 Exception <a 'java/lang/NoSuchMethodError'{0x0000000086525e68}: <clinit>> (0x0000000086525e68) thrown at [./src/hotspot/share/prims/jni.cpp, line 1362]
Event: 22.735 Thread 0x000001fd9fc9b000 Exception <a 'java/lang/NoSuchMethodError'{0x0000000086526e88}: <clinit>> (0x0000000086526e88) thrown at [./src/hotspot/share/prims/jni.cpp, line 1362]
Event: 22.739 Thread 0x000001fd9fc9b000 Exception <a 'java/lang/NoSuchMethodError'{0x0000000086530f00}: <clinit>> (0x0000000086530f00) thrown at [./src/hotspot/share/prims/jni.cpp, line 1362]
Event: 22.742 Thread 0x000001fd9fc9b000 Exception <a 'java/lang/NoSuchMethodError'{0x000000008653b5a0}: <clinit>> (0x000000008653b5a0) thrown at [./src/hotspot/share/prims/jni.cpp, line 1362]
Event: 22.748 Thread 0x000001fd9fc9b000 Exception <a 'java/lang/NoSuchMethodError'{0x000000008654f520}: <clinit>> (0x000000008654f520) thrown at [./src/hotspot/share/prims/jni.cpp, line 1362]
Event: 22.773 Thread 0x000001fd9ec0e000 Exception <a 'java/lang/ClassNotFoundException'{0x000000008657ed18}: build_f1h08rwk14t4gg7ywv7kq6z1lBeanInfo> (0x000000008657ed18) thrown at [./src/hotspot/share/classfile/systemDictionary.cpp, line 231]
Event: 22.774 Thread 0x000001fd9ec0e000 Exception <a 'java/lang/ClassNotFoundException'{0x0000000086589c40}: build_f1h08rwk14t4gg7ywv7kq6z1lCustomizer> (0x0000000086589c40) thrown at [./src/hotspot/share/classfile/systemDictionary.cpp, line 231]
Event: 22.796 Thread 0x000001fd9ec0e000 Exception <a 'java/lang/ClassNotFoundException'{0x000000008640a5b8}: org/gradle/plugin/use/internal/PluginRequestCollector$PluginDependenciesSpecImplBeanInfo> (0x000000008640a5b8) thrown at [./src/hotspot/share/classfile/systemDictionary.cpp, line 231]
Event: 22.800 Thread 0x000001fd9ec0e000 Exception <a 'java/lang/ClassNotFoundException'{0x0000000086438468}: org/gradle/plugin/use/internal/PluginRequestCollector$PluginDependenciesSpecImplCustomizer> (0x0000000086438468) thrown at [./src/hotspot/share/classfile/systemDictionary.cpp, line 231]
Event: 22.906 Thread 0x000001fd9ec0e000 Exception <a 'java/lang/ClassNotFoundException'{0x00000000862b54c0}: org/gradle/api/internal/plugins/DefaultObjectConfigurationActionBeanInfo> (0x00000000862b54c0) thrown at [./src/hotspot/share/classfile/systemDictionary.cpp, line 231]
Event: 22.908 Thread 0x000001fd9ec0e000 Exception <a 'java/lang/ClassNotFoundException'{0x00000000862e8860}: org/gradle/api/internal/plugins/DefaultObjectConfigurationActionCustomizer> (0x00000000862e8860) thrown at [./src/hotspot/share/classfile/systemDictionary.cpp, line 231]
Event: 23.521 Thread 0x000001fd9ec0e000 Exception <a 'java/lang/NoSuchMethodError'{0x00000000858b8740}: 'java.lang.Object java.lang.invoke.DirectMethodHandle$Holder.invokeStatic(java.lang.Object, java.lang.Object, java.lang.Object, java.lang.Object, int)'> (0x00000000858b8740) thrown at [./src/hotspot/share/interpreter/linkResolver.cpp, line 773]
Event: 23.522 Thread 0x000001fd9ec0e000 Exception <a 'java/lang/NoSuchMethodError'{0x00000000858bd138}: 'java.lang.Object java.lang.invoke.DirectMethodHandle$Holder.invokeSpecial(java.lang.Object, java.lang.Object, java.lang.Object, java.lang.Object, java.lang.Object, int)'> (0x00000000858bd138) thrown at [./src/hotspot/share/interpreter/linkResolver.cpp, line 773]
Event: 23.523 Thread 0x000001fd9ec0e000 Exception <a 'java/lang/NoSuchMethodError'{0x00000000858c1778}: 'java.lang.Object java.lang.invoke.Invokers$Holder.linkToTargetMethod(java.lang.Object, java.lang.Object, java.lang.Object, int, java.lang.Object)'> (0x00000000858c1778) thrown at [./src/hotspot/share/interpreter/linkResolver.cpp, line 773]

Events (20 events):
Event: 23.907 loading class com/google/common/collect/Iterators$5
Event: 23.907 loading class com/google/common/collect/Iterators$5 done
Event: 23.908 loading class com/google/common/collect/AbstractIterator
Event: 23.908 loading class com/google/common/collect/AbstractIterator done
Event: 23.910 loading class com/google/common/collect/Iterators$9
Event: 23.910 loading class com/google/common/collect/Iterators$9 done
Event: 23.913 loading class com/google/common/collect/Iterators$MergingIterator
Event: 23.913 loading class com/google/common/collect/Iterators$MergingIterator done
Event: 23.914 loading class com/google/common/collect/Iterators$ArrayItr
Event: 23.914 loading class com/google/common/collect/Iterators$ArrayItr done
Event: 23.917 loading class com/google/common/collect/Iterators$10
Event: 23.917 loading class com/google/common/collect/Iterators$10 done
Event: 23.920 loading class com/google/common/collect/PeekingIterator
Event: 23.920 loading class com/google/common/collect/PeekingIterator done
Event: 23.921 loading class com/google/common/collect/Iterators$4
Event: 23.921 loading class com/google/common/collect/Iterators$4 done
Event: 23.925 loading class com/google/common/collect/Iterators$1
Event: 23.925 loading class com/google/common/collect/Iterators$1 done
Event: 23.931 loading class com/android/build/gradle/options/BooleanOption
Event: 23.931 loading class com/android/build/gradle/options/BooleanOption done


Dynamic libraries:
0x00007ff683230000 - 0x00007ff68323a000 	C:\Program Files\Android\Android Studio\jre\bin\java.exe
0x00007ffc11f30000 - 0x00007ffc12125000 	C:\WINDOWS\SYSTEM32\ntdll.dll
0x00007ffc10170000 - 0x00007ffc1022e000 	C:\WINDOWS\System32\KERNEL32.DLL
0x00007ffc0fac0000 - 0x00007ffc0fd89000 	C:\WINDOWS\System32\KERNELBASE.dll
0x00007ffc0f940000 - 0x00007ffc0fa40000 	C:\WINDOWS\System32\ucrtbase.dll
0x00007ffbf23d0000 - 0x00007ffbf23e9000 	C:\Program Files\Android\Android Studio\jre\bin\jli.dll
0x00007ffbf1d20000 - 0x00007ffbf1d37000 	C:\Program Files\Android\Android Studio\jre\bin\VCRUNTIME140.dll
0x00007ffc10870000 - 0x00007ffc10a11000 	C:\WINDOWS\System32\USER32.dll
0x00007ffbf4ae0000 - 0x00007ffbf4d7a000 	C:\WINDOWS\WinSxS\amd64_microsoft.windows.common-controls_6595b64144ccf1df_6.0.19041.1110_none_60b5254171f9507e\COMCTL32.dll
0x00007ffc0fef0000 - 0x00007ffc0ff12000 	C:\WINDOWS\System32\win32u.dll
0x00007ffc10a80000 - 0x00007ffc10aab000 	C:\WINDOWS\System32\GDI32.dll
0x00007ffc10230000 - 0x00007ffc102ce000 	C:\WINDOWS\System32\msvcrt.dll
0x00007ffc0f830000 - 0x00007ffc0f93b000 	C:\WINDOWS\System32\gdi32full.dll
0x00007ffc0f6e0000 - 0x00007ffc0f77d000 	C:\WINDOWS\System32\msvcp_win.dll
0x00007ffc110c0000 - 0x00007ffc110f0000 	C:\WINDOWS\System32\IMM32.DLL
0x00007ffbd6cd0000 - 0x00007ffbd6d6d000 	C:\Program Files\Android\Android Studio\jre\bin\msvcp140.dll
0x00007ffbc2ae0000 - 0x00007ffbc35af000 	C:\Program Files\Android\Android Studio\jre\bin\server\jvm.dll
0x00007ffc100b0000 - 0x00007ffc1015c000 	C:\WINDOWS\System32\ADVAPI32.dll
0x00007ffc11150000 - 0x00007ffc111eb000 	C:\WINDOWS\System32\sechost.dll
0x00007ffc10dc0000 - 0x00007ffc10eea000 	C:\WINDOWS\System32\RPCRT4.dll
0x00007ffc11b80000 - 0x00007ffc11b88000 	C:\WINDOWS\System32\PSAPI.DLL
0x00007ffbe9be0000 - 0x00007ffbe9be9000 	C:\WINDOWS\SYSTEM32\WSOCK32.dll
0x00007ffbec840000 - 0x00007ffbec867000 	C:\WINDOWS\SYSTEM32\WINMM.dll
0x00007ffc11050000 - 0x00007ffc110bb000 	C:\WINDOWS\System32\WS2_32.dll
0x00007ffc03860000 - 0x00007ffc0386a000 	C:\WINDOWS\SYSTEM32\VERSION.dll
0x00007ffc0df00000 - 0x00007ffc0df12000 	C:\WINDOWS\SYSTEM32\kernel.appcore.dll
0x00007ffc072e0000 - 0x00007ffc072f1000 	C:\Program Files\Android\Android Studio\jre\bin\verify.dll
0x00007ffc0a2b0000 - 0x00007ffc0a494000 	C:\WINDOWS\SYSTEM32\DBGHELP.DLL
0x00007ffbee6d0000 - 0x00007ffbee6fc000 	C:\WINDOWS\SYSTEM32\dbgcore.DLL
0x00007ffc0f650000 - 0x00007ffc0f6d3000 	C:\WINDOWS\System32\bcryptPrimitives.dll
0x00007ffc04680000 - 0x00007ffc046a9000 	C:\Program Files\Android\Android Studio\jre\bin\java.dll
0x00007ffc08e90000 - 0x00007ffc08e9b000 	C:\Program Files\Android\Android Studio\jre\bin\jimage.dll
0x00007ffc05530000 - 0x00007ffc05548000 	C:\Program Files\Android\Android Studio\jre\bin\zip.dll
0x00007ffc11440000 - 0x00007ffc11b7f000 	C:\WINDOWS\System32\SHELL32.dll
0x00007ffc0a6d0000 - 0x00007ffc0ae60000 	C:\WINDOWS\SYSTEM32\windows.storage.dll
0x00007ffc11b90000 - 0x00007ffc11ee5000 	C:\WINDOWS\System32\combase.dll
0x00007ffc0f0a0000 - 0x00007ffc0f0cc000 	C:\WINDOWS\SYSTEM32\Wldp.dll
0x00007ffc10760000 - 0x00007ffc1080d000 	C:\WINDOWS\System32\SHCORE.dll
0x00007ffc110f0000 - 0x00007ffc11145000 	C:\WINDOWS\System32\shlwapi.dll
0x00007ffc0f590000 - 0x00007ffc0f5af000 	C:\WINDOWS\SYSTEM32\profapi.dll
0x00007ffbf7900000 - 0x00007ffbf791a000 	C:\Program Files\Android\Android Studio\jre\bin\net.dll
0x00007ffc09150000 - 0x00007ffc09258000 	C:\WINDOWS\SYSTEM32\WINHTTP.dll
0x00007ffc0ee00000 - 0x00007ffc0ee6a000 	C:\WINDOWS\system32\mswsock.dll
0x00007ffbf78e0000 - 0x00007ffbf78f4000 	C:\Program Files\Android\Android Studio\jre\bin\nio.dll
0x00007ffbf3a50000 - 0x00007ffbf3a77000 	C:\Users\Admin\.gradle\native\8bec1ad78214c89d9ad589b4d07fe93259594b29d510b10fafb7a158f7737e5d\windows-amd64\native-platform.dll
0x00007ffbd68c0000 - 0x00007ffbd69fd000 	C:\Users\Admin\.gradle\native\53dbd7edfb1c66fb8903c78663c9afc45aea4f116125fa6feffd364cf09443e8\windows-amd64\native-platform-file-events.dll
0x00007ffc06110000 - 0x00007ffc0611a000 	C:\Program Files\Android\Android Studio\jre\bin\management.dll
0x00007ffc05ff0000 - 0x00007ffc05ffc000 	C:\Program Files\Android\Android Studio\jre\bin\management_ext.dll
0x00007ffc0eff0000 - 0x00007ffc0f008000 	C:\WINDOWS\SYSTEM32\CRYPTSP.dll
0x00007ffc0e710000 - 0x00007ffc0e744000 	C:\WINDOWS\system32\rsaenh.dll
0x00007ffc0fa90000 - 0x00007ffc0fab7000 	C:\WINDOWS\System32\bcrypt.dll
0x00007ffc0f550000 - 0x00007ffc0f57e000 	C:\WINDOWS\SYSTEM32\USERENV.dll
0x00007ffc0f010000 - 0x00007ffc0f01c000 	C:\WINDOWS\SYSTEM32\CRYPTBASE.dll
0x00007ffc0eaa0000 - 0x00007ffc0eadb000 	C:\WINDOWS\SYSTEM32\IPHLPAPI.DLL
0x00007ffc102d0000 - 0x00007ffc102d8000 	C:\WINDOWS\System32\NSI.dll
0x00007ffc09b00000 - 0x00007ffc09b17000 	C:\WINDOWS\SYSTEM32\dhcpcsvc6.DLL
0x00007ffc09aa0000 - 0x00007ffc09abd000 	C:\WINDOWS\SYSTEM32\dhcpcsvc.DLL
0x00007ffc0eae0000 - 0x00007ffc0ebac000 	C:\WINDOWS\SYSTEM32\DNSAPI.dll

dbghelp: loaded successfully - version: 4.0.5 - missing functions: none
symbol engine: initialized successfully - sym options: 0x614 - pdb path: .;C:\Program Files\Android\Android Studio\jre\bin;C:\WINDOWS\SYSTEM32;C:\WINDOWS\WinSxS\amd64_microsoft.windows.common-controls_6595b64144ccf1df_6.0.19041.1110_none_60b5254171f9507e;C:\Program Files\Android\Android Studio\jre\bin\server;C:\Users\Admin\.gradle\native\8bec1ad78214c89d9ad589b4d07fe93259594b29d510b10fafb7a158f7737e5d\windows-amd64;C:\Users\Admin\.gradle\native\53dbd7edfb1c66fb8903c78663c9afc45aea4f116125fa6feffd364cf09443e8\windows-amd64

VM Arguments:
jvm_args: --add-opens=java.base/java.util=ALL-UNNAMED --add-opens=java.base/java.lang=ALL-UNNAMED --add-opens=java.base/java.lang.invoke=ALL-UNNAMED --add-opens=java.base/java.util=ALL-UNNAMED --add-opens=java.prefs/java.util.prefs=ALL-UNNAMED --add-opens=java.prefs/java.util.prefs=ALL-UNNAMED --add-opens=java.base/java.nio.charset=ALL-UNNAMED --add-opens=java.base/java.net=ALL-UNNAMED --add-opens=java.base/java.util.concurrent.atomic=ALL-UNNAMED -Xmx2048m -Dfile.encoding=UTF-8 -Duser.country=US -Duser.language=en -Duser.variant 
java_command: org.gradle.launcher.daemon.bootstrap.GradleDaemon 7.0.2
java_class_path (initial): C:\Users\Admin\.gradle\wrapper\dists\gradle-7.0.2-bin\857tjihv64xamwrf0h14cai3r\gradle-7.0.2\lib\gradle-launcher-7.0.2.jar
Launcher Type: SUN_STANDARD

[Global flags]
     intx CICompilerCount                          = 4                                         {product} {ergonomic}
     uint ConcGCThreads                            = 2                                         {product} {ergonomic}
     uint G1ConcRefinementThreads                  = 8                                         {product} {ergonomic}
   size_t G1HeapRegionSize                         = 1048576                                   {product} {ergonomic}
    uintx GCDrainStackTargetSize                   = 64                                        {product} {ergonomic}
   size_t InitialHeapSize                          = 132120576                                 {product} {ergonomic}
   size_t MarkStackSize                            = 4194304                                   {product} {ergonomic}
   size_t MaxHeapSize                              = 2147483648                                {product} {command line}
   size_t MaxNewSize                               = 1287651328                                {product} {ergonomic}
   size_t MinHeapDeltaBytes                        = 1048576                                   {product} {ergonomic}
    uintx NonNMethodCodeHeapSize                   = 5836300                                {pd product} {ergonomic}
    uintx NonProfiledCodeHeapSize                  = 122910970                              {pd product} {ergonomic}
    uintx ProfiledCodeHeapSize                     = 122910970                              {pd product} {ergonomic}
    uintx ReservedCodeCacheSize                    = 251658240                              {pd product} {ergonomic}
     bool SegmentedCodeCache                       = true                                      {product} {ergonomic}
     bool UseCompressedClassPointers               = true                                 {lp64_product} {ergonomic}
     bool UseCompressedOops                        = true                                 {lp64_product} {ergonomic}
     bool UseG1GC                                  = true                                      {product} {ergonomic}
     bool UseLargePagesIndividualAllocation        = false                                  {pd product} {ergonomic}

Logging:
Log output configuration:
 #0: stdout all=warning uptime,level,tags
 #1: stderr all=off uptime,level,tags

Environment Variables:
PATH=C:\Program Files (x86)\Common Files\Oracle\Java\javapath;C:\Program Files\Common Files\Oracle\Java\javapath;C:\ProgramData\Oracle\Java\javapath;C:\WINDOWS\system32;C:\WINDOWS;C:\WINDOWS\System32\Wbem;C:\WINDOWS\System32\WindowsPowerShell\v1.0\;C:\WINDOWS\System32\OpenSSH\;C:\Program Files\Java\jdk-14\bin;C:\Program Files\Git\cmd;C:\Program Files\nodejs\;C:\Users\Admin\AppData\Local\Microsoft\WindowsApps;C:\Users\Admin\AppData\Roaming\npm;
USERNAME=Admin
OS=Windows_NT
PROCESSOR_IDENTIFIER=Intel64 Family 6 Model 142 Stepping 10, GenuineIntel



---------------  S Y S T E M  ---------------

OS: Windows 10 , 64 bit Build 19041 (10.0.19041.1202)
OS uptime: 2 days 17:32 hours

CPU:total 8 (initial active 8) (4 cores per cpu, 2 threads per core) family 6 model 142 stepping 10 microcode 0xb4, cmov, cx8, fxsr, mmx, sse, sse2, sse3, ssse3, sse4.1, sse4.2, popcnt, avx, avx2, aes, clmul, erms, 3dnowpref, lzcnt, ht, tsc, tscinvbit, bmi1, bmi2, adx, fma

Memory: 4k page, system-wide physical 8026M (1282M free)
TotalPageFile size 9050M (AvailPageFile size 6M)
current process WorkingSet (physical memory assigned to process): 254M, peak: 266M
current process commit charge ("private bytes"): 330M, peak: 341M

vm_info: OpenJDK 64-Bit Server VM (11.0.10+0-b96-7249189) for windows-amd64 JRE (11.0.10+0-b96-7249189), built on Mar 31 2021 21:44:00 by "builder" with MS VC++ 14.0 (VS2015)

END.
