#
# There is insufficient memory for the Java Runtime Environment to continue.
# Native memory allocation (malloc) failed to allocate 131536 bytes for Chunk::new
# Possible reasons:
#   The system is out of physical RAM or swap space
#   The process is running with CompressedOops enabled, and the Java Heap may be blocking the growth of the native heap
# Possible solutions:
#   Reduce memory load on the system
#   Increase physical memory or swap space
#   Check if swap backing store is full
#   Decrease Java heap size (-Xmx/-Xms)
#   Decrease number of Java threads
#   Decrease Java thread stack sizes (-Xss)
#   Set larger code cache with -XX:ReservedCodeCacheSize=
#   JVM is running with Unscaled Compressed Oops mode in which the Java heap is
#     placed in the first 4GB address space. The Java Heap base address is the
#     maximum limit for the native heap growth. Please use -XX:HeapBaseMinAddress
#     to set the Java Heap base and to place the Java Heap above 4GB virtual address.
# This output file may be truncated or incomplete.
#
#  Out of Memory Error (./src/hotspot/share/memory/arena.cpp:197), pid=13296, tid=1448
#
# JRE version: OpenJDK Runtime Environment (11.0.10) (build 11.0.10+0-b96-7249189)
# Java VM: OpenJDK 64-Bit Server VM (11.0.10+0-b96-7249189, mixed mode, tiered, compressed oops, g1 gc, windows-amd64)
# No core dump will be written. Minidumps are not enabled by default on client versions of Windows
#

---------------  S U M M A R Y ------------

Command Line: --add-opens=java.base/java.util=ALL-UNNAMED --add-opens=java.base/java.lang=ALL-UNNAMED --add-opens=java.base/java.lang.invoke=ALL-UNNAMED --add-opens=java.base/java.util=ALL-UNNAMED --add-opens=java.prefs/java.util.prefs=ALL-UNNAMED --add-opens=java.prefs/java.util.prefs=ALL-UNNAMED --add-opens=java.base/java.nio.charset=ALL-UNNAMED --add-opens=java.base/java.net=ALL-UNNAMED --add-opens=java.base/java.util.concurrent.atomic=ALL-UNNAMED -Xmx2048m -Dfile.encoding=UTF-8 -Duser.country=US -Duser.language=en -Duser.variant org.gradle.launcher.daemon.bootstrap.GradleDaemon 7.0.2

Host: Intel(R) Core(TM) i7-8550U CPU @ 1.80GHz, 8 cores, 7G,  Windows 10 , 64 bit Build 19041 (10.0.19041.1202)
Time: Mon Oct 25 14:56:13 2021 Arab Standard Time elapsed time: 24.362258 seconds (0d 0h 0m 24s)

---------------  T H R E A D  ---------------

Current thread (0x00000184c7ae7800):  JavaThread "C2 CompilerThread0" daemon [_thread_in_native, id=1448, stack(0x0000005873300000,0x0000005873400000)]


Current CompileTask:
C2:  24362 4544       4       java.lang.invoke.MethodType$ConcurrentWeakInternSet::get (54 bytes)

Stack: [0x0000005873300000,0x0000005873400000]
Native frames: (J=compiled Java code, j=interpreted, Vv=VM code, C=native code)
V  [jvm.dll+0x5ecfaa]
V  [jvm.dll+0x722bd5]
V  [jvm.dll+0x72412d]
V  [jvm.dll+0x7247e3]
V  [jvm.dll+0x242928]
V  [jvm.dll+0xbc4fc]
V  [jvm.dll+0xbca0c]
V  [jvm.dll+0x352d3b]
V  [jvm.dll+0x197a70]
V  [jvm.dll+0x1fb70e]
V  [jvm.dll+0x1fa7f4]
V  [jvm.dll+0x18354c]
V  [jvm.dll+0x208ee7]
V  [jvm.dll+0x207731]
V  [jvm.dll+0x6eb1cf]
V  [jvm.dll+0x6e3d45]
V  [jvm.dll+0x5ebe96]
C  [ucrtbase.dll+0x21bb2]
C  [KERNEL32.DLL+0x17034]
C  [ntdll.dll+0x52651]


---------------  P R O C E S S  ---------------

Threads class SMR info:
_java_thread_list=0x00000184cbc11e30, length=46, elements={
0x00000184ab6ba800, 0x00000184c7acf800, 0x00000184c7ad1000, 0x00000184c8454800,
0x00000184c8456800, 0x00000184c8459000, 0x00000184c7ae7800, 0x00000184c7aec000,
0x00000184c7af1000, 0x00000184c85b6800, 0x00000184c9edd800, 0x00000184c99f7800,
0x00000184c994c000, 0x00000184ca3a2800, 0x00000184c9cd6800, 0x00000184c9a89000,
0x00000184c9bed000, 0x00000184ca783800, 0x00000184ca553000, 0x00000184ca1e4800,
0x00000184ca1e0800, 0x00000184ca1e1000, 0x00000184ca1e6000, 0x00000184ca1e2000,
0x00000184ca1e2800, 0x00000184ca1e3800, 0x00000184ca1e5000, 0x00000184ca1e7000,
0x00000184c8adb000, 0x00000184cdb7d800, 0x00000184cdb7c000, 0x00000184cdb7b800,
0x00000184cdb7d000, 0x00000184cdb7e800, 0x00000184cdb86000, 0x00000184cdb80000,
0x00000184cdb81000, 0x00000184cdb83800, 0x00000184cdb82800, 0x00000184cdb84800,
0x00000184cdb86800, 0x00000184cdb85000, 0x00000184cdb87800, 0x00000184cdb82000,
0x00000184cdb88800, 0x00000184cb6f2000
}

Java Threads: ( => current thread )
  0x00000184ab6ba800 JavaThread "main" [_thread_blocked, id=10788, stack(0x0000005872700000,0x0000005872800000)]
  0x00000184c7acf800 JavaThread "Reference Handler" daemon [_thread_blocked, id=820, stack(0x0000005872e00000,0x0000005872f00000)]
  0x00000184c7ad1000 JavaThread "Finalizer" daemon [_thread_blocked, id=5884, stack(0x0000005872f00000,0x0000005873000000)]
  0x00000184c8454800 JavaThread "Signal Dispatcher" daemon [_thread_blocked, id=12688, stack(0x0000005873000000,0x0000005873100000)]
  0x00000184c8456800 JavaThread "Attach Listener" daemon [_thread_blocked, id=9184, stack(0x0000005873100000,0x0000005873200000)]
  0x00000184c8459000 JavaThread "Service Thread" daemon [_thread_blocked, id=6136, stack(0x0000005873200000,0x0000005873300000)]
=>0x00000184c7ae7800 JavaThread "C2 CompilerThread0" daemon [_thread_in_native, id=1448, stack(0x0000005873300000,0x0000005873400000)]
  0x00000184c7aec000 JavaThread "C1 CompilerThread0" daemon [_thread_in_native, id=1640, stack(0x0000005873400000,0x0000005873500000)]
  0x00000184c7af1000 JavaThread "Sweeper thread" daemon [_thread_blocked, id=13012, stack(0x0000005873500000,0x0000005873600000)]
  0x00000184c85b6800 JavaThread "Common-Cleaner" daemon [_thread_blocked, id=1984, stack(0x0000005873600000,0x0000005873700000)]
  0x00000184c9edd800 JavaThread "Daemon health stats" [_thread_blocked, id=4416, stack(0x0000005873b00000,0x0000005873c00000)]
  0x00000184c99f7800 JavaThread "Incoming local TCP Connector on port 50449" [_thread_in_native, id=5500, stack(0x0000005873800000,0x0000005873900000)]
  0x00000184c994c000 JavaThread "Daemon periodic checks" [_thread_blocked, id=1436, stack(0x0000005873c00000,0x0000005873d00000)]
  0x00000184ca3a2800 JavaThread "Daemon" [_thread_blocked, id=860, stack(0x0000005873d00000,0x0000005873e00000)]
  0x00000184c9cd6800 JavaThread "Handler for socket connection from /127.0.0.1:50449 to /127.0.0.1:50450" [_thread_in_native, id=4236, stack(0x0000005873e00000,0x0000005873f00000)]
  0x00000184c9a89000 JavaThread "Cancel handler" [_thread_blocked, id=13096, stack(0x0000005873f00000,0x0000005874000000)]
  0x00000184c9bed000 JavaThread "Daemon worker" [_thread_in_vm, id=5144, stack(0x0000005874000000,0x0000005874100000)]
  0x00000184ca783800 JavaThread "Asynchronous log dispatcher for DefaultDaemonConnection: socket connection from /127.0.0.1:50449 to /127.0.0.1:50450" [_thread_blocked, id=9860, stack(0x0000005874100000,0x0000005874200000)]
  0x00000184ca553000 JavaThread "Stdin handler" [_thread_blocked, id=12520, stack(0x0000005874200000,0x0000005874300000)]
  0x00000184ca1e4800 JavaThread "Daemon client event forwarder" [_thread_blocked, id=7876, stack(0x0000005874300000,0x0000005874400000)]
  0x00000184ca1e0800 JavaThread "Cache worker for file hash cache (C:\Users\Admin\.gradle\caches\7.0.2\fileHashes)" [_thread_blocked, id=11020, stack(0x0000005874900000,0x0000005874a00000)]
  0x00000184ca1e1000 JavaThread "File lock request listener" [_thread_in_native, id=13256, stack(0x0000005874a00000,0x0000005874b00000)]
  0x00000184ca1e6000 JavaThread "Cache worker for journal cache (C:\Users\Admin\.gradle\caches\journal-1)" [_thread_blocked, id=11216, stack(0x0000005874c00000,0x0000005874d00000)]
  0x00000184ca1e2000 JavaThread "Cache worker for file hash cache (C:\Users\Admin\AndroidStudioProjects\updateProfile2\.gradle\7.0.2\fileHashes)" [_thread_blocked, id=1264, stack(0x0000005874e00000,0x0000005874f00000)]
  0x00000184ca1e2800 JavaThread "File watcher server" daemon [_thread_in_native, id=6324, stack(0x0000005874f00000,0x0000005875000000)]
  0x00000184ca1e3800 JavaThread "File watcher consumer" daemon [_thread_blocked, id=6768, stack(0x0000005875000000,0x0000005875100000)]
  0x00000184ca1e5000 JavaThread "Cache worker for checksums cache (C:\Users\Admin\AndroidStudioProjects\updateProfile2\.gradle\checksums)" [_thread_blocked, id=11820, stack(0x0000005874d00000,0x0000005874e00000)]
  0x00000184ca1e7000 JavaThread "Cache worker for cache directory md-supplier (C:\Users\Admin\.gradle\caches\7.0.2\md-supplier)" [_thread_blocked, id=6528, stack(0x0000005875100000,0x0000005875200000)]
  0x00000184c8adb000 JavaThread "C2 CompilerThread1" daemon [_thread_in_native, id=12116, stack(0x0000005875200000,0x0000005875300000)]
  0x00000184cdb7d800 JavaThread "Cache worker for cache directory md-rule (C:\Users\Admin\.gradle\caches\7.0.2\md-rule)" [_thread_blocked, id=7744, stack(0x0000005875400000,0x0000005875500000)]
  0x00000184cdb7c000 JavaThread "Cache worker for execution history cache (C:\Users\Admin\.gradle\caches\7.0.2\executionHistory)" [_thread_blocked, id=6968, stack(0x0000005875500000,0x0000005875600000)]
  0x00000184cdb7b800 JavaThread "jar transforms" [_thread_blocked, id=4328, stack(0x0000005875600000,0x0000005875700000)]
  0x00000184cdb7d000 JavaThread "jar transforms Thread 2" [_thread_blocked, id=4352, stack(0x0000005875300000,0x0000005875400000)]
  0x00000184cdb7e800 JavaThread "Cache worker for file content cache (C:\Users\Admin\.gradle\caches\7.0.2\fileContent)" [_thread_blocked, id=8772, stack(0x0000005875700000,0x0000005875800000)]
  0x00000184cdb86000 JavaThread "Cache worker for dependencies-accessors (C:\Users\Admin\AndroidStudioProjects\updateProfile2\.gradle\7.0.2\dependencies-accessors)" [_thread_blocked, id=12000, stack(0x0000005875900000,0x0000005875a00000)]
  0x00000184cdb80000 JavaThread "jar transforms Thread 3" [_thread_blocked, id=5108, stack(0x0000005875a00000,0x0000005875b00000)]
  0x00000184cdb81000 JavaThread "Cache worker for Build Output Cleanup Cache (C:\Users\Admin\AndroidStudioProjects\updateProfile2\.gradle\buildOutputCleanup)" [_thread_blocked, id=11452, stack(0x0000005875b00000,0x0000005875c00000)]
  0x00000184cdb83800 JavaThread "Build operations" [_thread_blocked, id=5556, stack(0x0000005875c00000,0x0000005875d00000)]
  0x00000184cdb82800 JavaThread "Build operations Thread 2" [_thread_blocked, id=11024, stack(0x0000005875d00000,0x0000005875e00000)]
  0x00000184cdb84800 JavaThread "Build operations Thread 3" [_thread_blocked, id=13008, stack(0x0000005875e00000,0x0000005875f00000)]
  0x00000184cdb86800 JavaThread "Build operations Thread 4" [_thread_blocked, id=11816, stack(0x0000005875f00000,0x0000005876000000)]
  0x00000184cdb85000 JavaThread "Build operations Thread 5" [_thread_blocked, id=6860, stack(0x0000005876000000,0x0000005876100000)]
  0x00000184cdb87800 JavaThread "Build operations Thread 6" [_thread_blocked, id=13104, stack(0x0000005876100000,0x0000005876200000)]
  0x00000184cdb82000 JavaThread "Build operations Thread 7" [_thread_blocked, id=12304, stack(0x0000005876200000,0x0000005876300000)]
  0x00000184cdb88800 JavaThread "Build operations Thread 8" [_thread_blocked, id=5416, stack(0x0000005876300000,0x0000005876400000)]
  0x00000184cb6f2000 JavaThread "C2 CompilerThread2" daemon [_thread_in_native, id=6608, stack(0x0000005875800000,0x0000005875900000)]

Other Threads:
  0x00000184c7acb800 VMThread "VM Thread" [stack: 0x0000005872d00000,0x0000005872e00000] [id=5756]
  0x00000184c85f3800 WatcherThread [stack: 0x0000005873700000,0x0000005873800000] [id=11776]
  0x00000184ab6d5000 GCTaskThread "GC Thread#0" [stack: 0x0000005872800000,0x0000005872900000] [id=6564]
  0x00000184c8df4800 GCTaskThread "GC Thread#1" [stack: 0x0000005873900000,0x0000005873a00000] [id=10872]
  0x00000184c9280000 GCTaskThread "GC Thread#2" [stack: 0x0000005873a00000,0x0000005873b00000] [id=5636]
  0x00000184c9a4d000 GCTaskThread "GC Thread#3" [stack: 0x0000005874400000,0x0000005874500000] [id=10080]
  0x00000184c9a50000 GCTaskThread "GC Thread#4" [stack: 0x0000005874500000,0x0000005874600000] [id=12648]
  0x00000184c96b3000 GCTaskThread "GC Thread#5" [stack: 0x0000005874600000,0x0000005874700000] [id=8904]
  0x00000184c96b4000 GCTaskThread "GC Thread#6" [stack: 0x0000005874700000,0x0000005874800000] [id=9848]
  0x00000184c92fd800 GCTaskThread "GC Thread#7" [stack: 0x0000005874800000,0x0000005874900000] [id=7008]
  0x00000184ab705000 ConcurrentGCThread "G1 Main Marker" [stack: 0x0000005872900000,0x0000005872a00000] [id=3304]
  0x00000184ab707800 ConcurrentGCThread "G1 Conc#0" [stack: 0x0000005872a00000,0x0000005872b00000] [id=5480]
  0x00000184caf44000 ConcurrentGCThread "G1 Conc#1" [stack: 0x0000005874b00000,0x0000005874c00000] [id=10948]
  0x00000184ab798800 ConcurrentGCThread "G1 Refine#0" [stack: 0x0000005872b00000,0x0000005872c00000] [id=9716]
  0x00000184c7920800 ConcurrentGCThread "G1 Young RemSet Sampling" [stack: 0x0000005872c00000,0x0000005872d00000] [id=12008]

Threads with active compile tasks:
C2 CompilerThread0  24455 4544       4       java.lang.invoke.MethodType$ConcurrentWeakInternSet::get (54 bytes)
C2 CompilerThread1  24455 4543       4       java.lang.invoke.MethodType::makeImpl (108 bytes)
C2 CompilerThread2  24455 4639   !   4       sun.nio.fs.WindowsPath::initOffsets (153 bytes)

VM state:not at safepoint (normal execution)

VM Mutex/Monitor currently owned by a thread: None

Heap address: 0x0000000080000000, size: 2048 MB, Compressed Oops mode: 32-bit
Narrow klass base: 0x0000000000000000, Narrow klass shift: 3
Compressed class space size: 1073741824 Address: 0x0000000100000000

Heap:
 garbage-first heap   total 129024K, used 33909K [0x0000000080000000, 0x0000000100000000)
  region size 1024K, 9 young (9216K), 5 survivors (5120K)
 Metaspace       used 46779K, capacity 48001K, committed 48156K, reserved 1091584K
  class space    used 5991K, capacity 6434K, committed 6476K, reserved 1048576K
Heap Regions: E=young(eden), S=young(survivor), O=old, HS=humongous(starts), HC=humongous(continues), CS=collection set, F=free, A=archive, TAMS=top-at-mark-start (previous, next)
|   0|0x0000000080000000, 0x0000000080100000, 0x0000000080100000|100%| O|  |TAMS 0x0000000080100000, 0x0000000080000000| Untracked 
|   1|0x0000000080100000, 0x0000000080200000, 0x0000000080200000|100%| O|  |TAMS 0x0000000080200000, 0x0000000080100000| Untracked 
|   2|0x0000000080200000, 0x0000000080300000, 0x0000000080300000|100%| O|  |TAMS 0x0000000080300000, 0x0000000080200000| Untracked 
|   3|0x0000000080300000, 0x0000000080400000, 0x0000000080400000|100%|HS|  |TAMS 0x0000000080400000, 0x0000000080300000| Complete 
|   4|0x0000000080400000, 0x0000000080500000, 0x0000000080500000|100%|HC|  |TAMS 0x0000000080500000, 0x0000000080400000| Complete 
|   5|0x0000000080500000, 0x0000000080600000, 0x0000000080600000|100%|HC|  |TAMS 0x0000000080600000, 0x0000000080500000| Complete 
|   6|0x0000000080600000, 0x0000000080700000, 0x0000000080700000|100%| O|  |TAMS 0x0000000080700000, 0x0000000080600000| Untracked 
|   7|0x0000000080700000, 0x0000000080800000, 0x0000000080800000|100%| O|  |TAMS 0x0000000080800000, 0x0000000080700000| Untracked 
|   8|0x0000000080800000, 0x0000000080900000, 0x0000000080900000|100%| O|  |TAMS 0x0000000080900000, 0x0000000080800000| Untracked 
|   9|0x0000000080900000, 0x0000000080a00000, 0x0000000080a00000|100%| O|  |TAMS 0x0000000080a00000, 0x0000000080900000| Untracked 
|  10|0x0000000080a00000, 0x0000000080b00000, 0x0000000080b00000|100%| O|  |TAMS 0x0000000080b00000, 0x0000000080a00000| Untracked 
|  11|0x0000000080b00000, 0x0000000080c00000, 0x0000000080c00000|100%| O|  |TAMS 0x0000000080c00000, 0x0000000080b00000| Untracked 
|  12|0x0000000080c00000, 0x0000000080d00000, 0x0000000080d00000|100%| O|  |TAMS 0x0000000080d00000, 0x0000000080c00000| Untracked 
|  13|0x0000000080d00000, 0x0000000080e00000, 0x0000000080e00000|100%| O|  |TAMS 0x0000000080e00000, 0x0000000080d00000| Untracked 
|  14|0x0000000080e00000, 0x0000000080f00000, 0x0000000080f00000|100%| O|  |TAMS 0x0000000080f00000, 0x0000000080e00000| Untracked 
|  15|0x0000000080f00000, 0x0000000081000000, 0x0000000081000000|100%| O|  |TAMS 0x0000000081000000, 0x0000000080f00000| Untracked 
|  16|0x0000000081000000, 0x0000000081100000, 0x0000000081100000|100%| O|  |TAMS 0x0000000081100000, 0x0000000081000000| Untracked 
|  17|0x0000000081100000, 0x0000000081200000, 0x0000000081200000|100%| O|  |TAMS 0x00000000811f3600, 0x0000000081100000| Untracked 
|  18|0x0000000081200000, 0x0000000081300000, 0x0000000081300000|100%| O|  |TAMS 0x0000000081200000, 0x0000000081200000| Untracked 
|  19|0x0000000081300000, 0x0000000081400000, 0x0000000081400000|100%| O|  |TAMS 0x0000000081300000, 0x0000000081300000| Untracked 
|  20|0x0000000081400000, 0x0000000081500000, 0x0000000081500000|100%| O|  |TAMS 0x0000000081400000, 0x0000000081400000| Untracked 
|  21|0x0000000081500000, 0x0000000081600000, 0x0000000081600000|100%| O|  |TAMS 0x0000000081500000, 0x0000000081500000| Untracked 
|  22|0x0000000081600000, 0x0000000081700000, 0x0000000081700000|100%| O|  |TAMS 0x0000000081600000, 0x0000000081600000| Untracked 
|  23|0x0000000081700000, 0x0000000081800000, 0x0000000081800000|100%| O|  |TAMS 0x0000000081700000, 0x0000000081700000| Untracked 
|  24|0x0000000081800000, 0x0000000081900000, 0x0000000081900000|100%| O|  |TAMS 0x0000000081800000, 0x0000000081800000| Untracked 
|  25|0x0000000081900000, 0x000000008196f600, 0x0000000081a00000| 43%| O|  |TAMS 0x0000000081900000, 0x0000000081900000| Untracked 
|  26|0x0000000081a00000, 0x0000000081a00000, 0x0000000081b00000|  0%| F|  |TAMS 0x0000000081a00000, 0x0000000081a00000| Untracked 
|  27|0x0000000081b00000, 0x0000000081b00000, 0x0000000081c00000|  0%| F|  |TAMS 0x0000000081b00000, 0x0000000081b00000| Untracked 
|  28|0x0000000081c00000, 0x0000000081c00000, 0x0000000081d00000|  0%| F|  |TAMS 0x0000000081c00000, 0x0000000081c00000| Untracked 
|  29|0x0000000081d00000, 0x0000000081d00000, 0x0000000081e00000|  0%| F|  |TAMS 0x0000000081d00000, 0x0000000081d00000| Untracked 
|  30|0x0000000081e00000, 0x0000000081e00000, 0x0000000081f00000|  0%| F|  |TAMS 0x0000000081e00000, 0x0000000081e00000| Untracked 
|  31|0x0000000081f00000, 0x0000000081f00000, 0x0000000082000000|  0%| F|  |TAMS 0x0000000081f00000, 0x0000000081f00000| Untracked 
|  32|0x0000000082000000, 0x0000000082000000, 0x0000000082100000|  0%| F|  |TAMS 0x0000000082000000, 0x0000000082000000| Untracked 
|  33|0x0000000082100000, 0x0000000082100000, 0x0000000082200000|  0%| F|  |TAMS 0x0000000082100000, 0x0000000082100000| Untracked 
|  34|0x0000000082200000, 0x0000000082200000, 0x0000000082300000|  0%| F|  |TAMS 0x0000000082200000, 0x0000000082200000| Untracked 
|  35|0x0000000082300000, 0x0000000082300000, 0x0000000082400000|  0%| F|  |TAMS 0x0000000082300000, 0x0000000082300000| Untracked 
|  36|0x0000000082400000, 0x0000000082400000, 0x0000000082500000|  0%| F|  |TAMS 0x0000000082400000, 0x0000000082400000| Untracked 
|  37|0x0000000082500000, 0x0000000082500000, 0x0000000082600000|  0%| F|  |TAMS 0x0000000082500000, 0x0000000082500000| Untracked 
|  38|0x0000000082600000, 0x0000000082600000, 0x0000000082700000|  0%| F|  |TAMS 0x0000000082600000, 0x0000000082600000| Untracked 
|  39|0x0000000082700000, 0x0000000082700000, 0x0000000082800000|  0%| F|  |TAMS 0x0000000082700000, 0x0000000082700000| Untracked 
|  40|0x0000000082800000, 0x0000000082800000, 0x0000000082900000|  0%| F|  |TAMS 0x0000000082800000, 0x0000000082800000| Untracked 
|  41|0x0000000082900000, 0x0000000082900000, 0x0000000082a00000|  0%| F|  |TAMS 0x0000000082900000, 0x0000000082900000| Untracked 
|  42|0x0000000082a00000, 0x0000000082a00000, 0x0000000082b00000|  0%| F|  |TAMS 0x0000000082a00000, 0x0000000082a00000| Untracked 
|  43|0x0000000082b00000, 0x0000000082b00000, 0x0000000082c00000|  0%| F|  |TAMS 0x0000000082b00000, 0x0000000082b00000| Untracked 
|  44|0x0000000082c00000, 0x0000000082c00000, 0x0000000082d00000|  0%| F|  |TAMS 0x0000000082c00000, 0x0000000082c00000| Untracked 
|  45|0x0000000082d00000, 0x0000000082d00000, 0x0000000082e00000|  0%| F|  |TAMS 0x0000000082d00000, 0x0000000082d00000| Untracked 
|  46|0x0000000082e00000, 0x0000000082e00000, 0x0000000082f00000|  0%| F|  |TAMS 0x0000000082e00000, 0x0000000082e00000| Untracked 
|  47|0x0000000082f00000, 0x0000000082f00000, 0x0000000083000000|  0%| F|  |TAMS 0x0000000082f00000, 0x0000000082f00000| Untracked 
|  48|0x0000000083000000, 0x0000000083000000, 0x0000000083100000|  0%| F|  |TAMS 0x0000000083000000, 0x0000000083000000| Untracked 
|  49|0x0000000083100000, 0x0000000083100000, 0x0000000083200000|  0%| F|  |TAMS 0x0000000083100000, 0x0000000083100000| Untracked 
|  50|0x0000000083200000, 0x0000000083200000, 0x0000000083300000|  0%| F|  |TAMS 0x0000000083200000, 0x0000000083200000| Untracked 
|  51|0x0000000083300000, 0x0000000083300000, 0x0000000083400000|  0%| F|  |TAMS 0x0000000083300000, 0x0000000083300000| Untracked 
|  52|0x0000000083400000, 0x0000000083400000, 0x0000000083500000|  0%| F|  |TAMS 0x0000000083400000, 0x0000000083400000| Untracked 
|  53|0x0000000083500000, 0x0000000083500000, 0x0000000083600000|  0%| F|  |TAMS 0x0000000083500000, 0x0000000083500000| Untracked 
|  54|0x0000000083600000, 0x0000000083600000, 0x0000000083700000|  0%| F|  |TAMS 0x0000000083600000, 0x0000000083600000| Untracked 
|  55|0x0000000083700000, 0x0000000083700000, 0x0000000083800000|  0%| F|  |TAMS 0x0000000083700000, 0x0000000083700000| Untracked 
|  56|0x0000000083800000, 0x0000000083800000, 0x0000000083900000|  0%| F|  |TAMS 0x0000000083800000, 0x0000000083800000| Untracked 
|  57|0x0000000083900000, 0x0000000083900000, 0x0000000083a00000|  0%| F|  |TAMS 0x0000000083900000, 0x0000000083900000| Untracked 
|  58|0x0000000083a00000, 0x0000000083a00000, 0x0000000083b00000|  0%| F|  |TAMS 0x0000000083a00000, 0x0000000083a00000| Untracked 
|  59|0x0000000083b00000, 0x0000000083b00000, 0x0000000083c00000|  0%| F|  |TAMS 0x0000000083b00000, 0x0000000083b00000| Untracked 
|  60|0x0000000083c00000, 0x0000000083c00000, 0x0000000083d00000|  0%| F|  |TAMS 0x0000000083c00000, 0x0000000083c00000| Untracked 
|  61|0x0000000083d00000, 0x0000000083d00000, 0x0000000083e00000|  0%| F|  |TAMS 0x0000000083d00000, 0x0000000083d00000| Untracked 
|  62|0x0000000083e00000, 0x0000000083e00000, 0x0000000083f00000|  0%| F|  |TAMS 0x0000000083e00000, 0x0000000083e00000| Untracked 
|  63|0x0000000083f00000, 0x0000000083f00000, 0x0000000084000000|  0%| F|  |TAMS 0x0000000083f00000, 0x0000000083f00000| Untracked 
|  64|0x0000000084000000, 0x0000000084000000, 0x0000000084100000|  0%| F|  |TAMS 0x0000000084000000, 0x0000000084000000| Untracked 
|  65|0x0000000084100000, 0x0000000084100000, 0x0000000084200000|  0%| F|  |TAMS 0x0000000084100000, 0x0000000084100000| Untracked 
|  66|0x0000000084200000, 0x0000000084200000, 0x0000000084300000|  0%| F|  |TAMS 0x0000000084200000, 0x0000000084200000| Untracked 
|  67|0x0000000084300000, 0x0000000084300000, 0x0000000084400000|  0%| F|  |TAMS 0x0000000084300000, 0x0000000084300000| Untracked 
|  68|0x0000000084400000, 0x0000000084400000, 0x0000000084500000|  0%| F|  |TAMS 0x0000000084400000, 0x0000000084400000| Untracked 
|  69|0x0000000084500000, 0x00000000845ae128, 0x0000000084600000| 67%| S|CS|TAMS 0x0000000084500000, 0x0000000084500000| Complete 
|  70|0x0000000084600000, 0x0000000084700000, 0x0000000084700000|100%| S|CS|TAMS 0x0000000084600000, 0x0000000084600000| Complete 
|  71|0x0000000084700000, 0x0000000084800000, 0x0000000084800000|100%| S|CS|TAMS 0x0000000084700000, 0x0000000084700000| Complete 
|  72|0x0000000084800000, 0x0000000084900000, 0x0000000084900000|100%| S|CS|TAMS 0x0000000084800000, 0x0000000084800000| Complete 
|  73|0x0000000084900000, 0x0000000084a00000, 0x0000000084a00000|100%| S|CS|TAMS 0x0000000084900000, 0x0000000084900000| Complete 
|  74|0x0000000084a00000, 0x0000000084a00000, 0x0000000084b00000|  0%| F|  |TAMS 0x0000000084a00000, 0x0000000084a00000| Untracked 
|  75|0x0000000084b00000, 0x0000000084b00000, 0x0000000084c00000|  0%| F|  |TAMS 0x0000000084b00000, 0x0000000084b00000| Untracked 
|  76|0x0000000084c00000, 0x0000000084c00000, 0x0000000084d00000|  0%| F|  |TAMS 0x0000000084c00000, 0x0000000084c00000| Untracked 
|  77|0x0000000084d00000, 0x0000000084d00000, 0x0000000084e00000|  0%| F|  |TAMS 0x0000000084d00000, 0x0000000084d00000| Untracked 
|  78|0x0000000084e00000, 0x0000000084e00000, 0x0000000084f00000|  0%| F|  |TAMS 0x0000000084e00000, 0x0000000084e00000| Untracked 
|  79|0x0000000084f00000, 0x0000000084f00000, 0x0000000085000000|  0%| F|  |TAMS 0x0000000084f00000, 0x0000000084f00000| Untracked 
|  80|0x0000000085000000, 0x0000000085000000, 0x0000000085100000|  0%| F|  |TAMS 0x0000000085000000, 0x0000000085000000| Untracked 
|  81|0x0000000085100000, 0x0000000085100000, 0x0000000085200000|  0%| F|  |TAMS 0x0000000085100000, 0x0000000085100000| Untracked 
|  82|0x0000000085200000, 0x0000000085200000, 0x0000000085300000|  0%| F|  |TAMS 0x0000000085200000, 0x0000000085200000| Untracked 
|  83|0x0000000085300000, 0x0000000085300000, 0x0000000085400000|  0%| F|  |TAMS 0x0000000085300000, 0x0000000085300000| Untracked 
|  84|0x0000000085400000, 0x0000000085400000, 0x0000000085500000|  0%| F|  |TAMS 0x0000000085400000, 0x0000000085400000| Untracked 
|  85|0x0000000085500000, 0x0000000085500000, 0x0000000085600000|  0%| F|  |TAMS 0x0000000085500000, 0x0000000085500000| Untracked 
|  86|0x0000000085600000, 0x0000000085600000, 0x0000000085700000|  0%| F|  |TAMS 0x0000000085600000, 0x0000000085600000| Untracked 
|  87|0x0000000085700000, 0x0000000085700000, 0x0000000085800000|  0%| F|  |TAMS 0x0000000085700000, 0x0000000085700000| Untracked 
|  88|0x0000000085800000, 0x0000000085800000, 0x0000000085900000|  0%| F|  |TAMS 0x0000000085800000, 0x0000000085800000| Untracked 
|  89|0x0000000085900000, 0x0000000085900000, 0x0000000085a00000|  0%| F|  |TAMS 0x0000000085900000, 0x0000000085900000| Untracked 
|  90|0x0000000085a00000, 0x0000000085a00000, 0x0000000085b00000|  0%| F|  |TAMS 0x0000000085a00000, 0x0000000085a00000| Untracked 
|  91|0x0000000085b00000, 0x0000000085b00000, 0x0000000085c00000|  0%| F|  |TAMS 0x0000000085b00000, 0x0000000085b00000| Untracked 
|  92|0x0000000085c00000, 0x0000000085c00000, 0x0000000085d00000|  0%| F|  |TAMS 0x0000000085c00000, 0x0000000085c00000| Untracked 
|  93|0x0000000085d00000, 0x0000000085d00000, 0x0000000085e00000|  0%| F|  |TAMS 0x0000000085d00000, 0x0000000085d00000| Untracked 
|  94|0x0000000085e00000, 0x0000000085e00000, 0x0000000085f00000|  0%| F|  |TAMS 0x0000000085e00000, 0x0000000085e00000| Untracked 
|  95|0x0000000085f00000, 0x0000000085f00000, 0x0000000086000000|  0%| F|  |TAMS 0x0000000085f00000, 0x0000000085f00000| Untracked 
|  96|0x0000000086000000, 0x0000000086000000, 0x0000000086100000|  0%| F|  |TAMS 0x0000000086000000, 0x0000000086000000| Untracked 
|  97|0x0000000086100000, 0x0000000086100000, 0x0000000086200000|  0%| F|  |TAMS 0x0000000086100000, 0x0000000086100000| Untracked 
|  98|0x0000000086200000, 0x0000000086200000, 0x0000000086300000|  0%| F|  |TAMS 0x0000000086200000, 0x0000000086200000| Untracked 
|  99|0x0000000086300000, 0x0000000086300000, 0x0000000086400000|  0%| F|  |TAMS 0x0000000086300000, 0x0000000086300000| Untracked 
| 100|0x0000000086400000, 0x0000000086400000, 0x0000000086500000|  0%| F|  |TAMS 0x0000000086400000, 0x0000000086400000| Untracked 
| 101|0x0000000086500000, 0x0000000086500000, 0x0000000086600000|  0%| F|  |TAMS 0x0000000086500000, 0x0000000086500000| Untracked 
| 102|0x0000000086600000, 0x0000000086600000, 0x0000000086700000|  0%| F|  |TAMS 0x0000000086600000, 0x0000000086600000| Untracked 
| 103|0x0000000086700000, 0x0000000086700000, 0x0000000086800000|  0%| F|  |TAMS 0x0000000086700000, 0x0000000086700000| Untracked 
| 104|0x0000000086800000, 0x0000000086800000, 0x0000000086900000|  0%| F|  |TAMS 0x0000000086800000, 0x0000000086800000| Untracked 
| 105|0x0000000086900000, 0x0000000086900000, 0x0000000086a00000|  0%| F|  |TAMS 0x0000000086900000, 0x0000000086900000| Untracked 
| 106|0x0000000086a00000, 0x0000000086a00000, 0x0000000086b00000|  0%| F|  |TAMS 0x0000000086a00000, 0x0000000086a00000| Untracked 
| 107|0x0000000086b00000, 0x0000000086b00000, 0x0000000086c00000|  0%| F|  |TAMS 0x0000000086b00000, 0x0000000086b00000| Untracked 
| 108|0x0000000086c00000, 0x0000000086c00000, 0x0000000086d00000|  0%| F|  |TAMS 0x0000000086c00000, 0x0000000086c00000| Untracked 
| 109|0x0000000086d00000, 0x0000000086d00000, 0x0000000086e00000|  0%| F|  |TAMS 0x0000000086d00000, 0x0000000086d00000| Untracked 
| 110|0x0000000086e00000, 0x0000000086e00000, 0x0000000086f00000|  0%| F|  |TAMS 0x0000000086e00000, 0x0000000086e00000| Untracked 
| 111|0x0000000086f00000, 0x0000000086f00000, 0x0000000087000000|  0%| F|  |TAMS 0x0000000086f00000, 0x0000000086f00000| Untracked 
| 112|0x0000000087000000, 0x0000000087000000, 0x0000000087100000|  0%| F|  |TAMS 0x0000000087000000, 0x0000000087000000| Untracked 
| 113|0x0000000087100000, 0x0000000087100000, 0x0000000087200000|  0%| F|  |TAMS 0x0000000087100000, 0x0000000087100000| Untracked 
| 114|0x0000000087200000, 0x0000000087200000, 0x0000000087300000|  0%| F|  |TAMS 0x0000000087200000, 0x0000000087200000| Untracked 
| 115|0x0000000087300000, 0x0000000087300000, 0x0000000087400000|  0%| F|  |TAMS 0x0000000087300000, 0x0000000087300000| Untracked 
| 116|0x0000000087400000, 0x0000000087400000, 0x0000000087500000|  0%| F|  |TAMS 0x0000000087400000, 0x0000000087400000| Untracked 
| 117|0x0000000087500000, 0x0000000087500000, 0x0000000087600000|  0%| F|  |TAMS 0x0000000087500000, 0x0000000087500000| Untracked 
| 118|0x0000000087600000, 0x0000000087600000, 0x0000000087700000|  0%| F|  |TAMS 0x0000000087600000, 0x0000000087600000| Untracked 
| 119|0x0000000087700000, 0x0000000087700000, 0x0000000087800000|  0%| F|  |TAMS 0x0000000087700000, 0x0000000087700000| Untracked 
| 120|0x0000000087800000, 0x0000000087800000, 0x0000000087900000|  0%| F|  |TAMS 0x0000000087800000, 0x0000000087800000| Untracked 
| 121|0x0000000087900000, 0x000000008799ca00, 0x0000000087a00000| 61%| E|  |TAMS 0x0000000087900000, 0x0000000087900000| Complete 
| 122|0x0000000087a00000, 0x0000000087b00000, 0x0000000087b00000|100%| E|CS|TAMS 0x0000000087a00000, 0x0000000087a00000| Complete 
| 123|0x0000000087b00000, 0x0000000087c00000, 0x0000000087c00000|100%| E|CS|TAMS 0x0000000087b00000, 0x0000000087b00000| Complete 
| 124|0x0000000087c00000, 0x0000000087d00000, 0x0000000087d00000|100%| E|CS|TAMS 0x0000000087c00000, 0x0000000087c00000| Complete 
| 125|0x0000000087d00000, 0x0000000087e00000, 0x0000000087e00000|100%| E|CS|TAMS 0x0000000087d00000, 0x0000000087d00000| Complete 

Card table byte_map: [0x00000184c0800000,0x00000184c0c00000] _byte_map_base: 0x00000184c0400000

Marking Bits (Prev, Next): (CMBitMap*) 0x00000184ab6fc678, (CMBitMap*) 0x00000184ab6fc6b0
 Prev Bits: [0x00000184c1000000, 0x00000184c3000000)
 Next Bits: [0x00000184c3000000, 0x00000184c5000000)

Polling page: 0x00000184ab7a0000

Metaspace:

Usage:
  Non-class:     40.66 MB capacity,    39.86 MB ( 98%) used,   699.11 KB (  2%) free+waste,   122.06 KB ( <1%) overhead. 
      Class:      6.28 MB capacity,     5.86 MB ( 93%) used,   380.30 KB (  6%) free+waste,    58.44 KB ( <1%) overhead. 
       Both:     46.94 MB capacity,    45.71 MB ( 97%) used,     1.05 MB (  2%) free+waste,   180.50 KB ( <1%) overhead. 

Virtual space:
  Non-class space:       42.00 MB reserved,      40.70 MB ( 97%) committed 
      Class space:        1.00 GB reserved,       6.32 MB ( <1%) committed 
             Both:        1.04 GB reserved,      47.03 MB (  4%) committed 

Chunk freelists:
   Non-Class:  46.00 KB
       Class:  0 bytes
        Both:  46.00 KB

MaxMetaspaceSize: 17179869184.00 GB
CompressedClassSpaceSize: 1.00 GB

CodeHeap 'non-profiled nmethods': size=120000Kb used=2471Kb max_used=2471Kb free=117528Kb
 bounds [0x00000184b8470000, 0x00000184b86e0000, 0x00000184bf9a0000]
CodeHeap 'profiled nmethods': size=120000Kb used=9530Kb max_used=9530Kb free=110469Kb
 bounds [0x00000184b0f40000, 0x00000184b1890000, 0x00000184b8470000]
CodeHeap 'non-nmethods': size=5760Kb used=2214Kb max_used=2258Kb free=3545Kb
 bounds [0x00000184b09a0000, 0x00000184b0c10000, 0x00000184b0f40000]
 total_blobs=5450 nmethods=4663 adapters=698
 compilation: enabled
              stopped_count=0, restarted_count=0
 full_count=0

Compilation events (20 events):
Event: 24.292 Thread 0x00000184c7aec000 nmethod 4584 0x00000184b185a290 code [0x00000184b185a4a0, 0x00000184b185aca8]
Event: 24.294 Thread 0x00000184c7aec000 4585       3       com.google.common.base.Preconditions::checkState (17 bytes)
Event: 24.295 Thread 0x00000184c7aec000 nmethod 4585 0x00000184b185ae10 code [0x00000184b185b000, 0x00000184b185b358]
Event: 24.296 Thread 0x00000184c7aec000 4586       3       com.google.common.cache.LocalCache$Segment::getEntry (73 bytes)
Event: 24.302 Thread 0x00000184c7aec000 nmethod 4586 0x00000184b185b510 code [0x00000184b185b8c0, 0x00000184b185d1d8]
Event: 24.305 Thread 0x00000184c7aec000 4589       3       com.google.common.cache.LocalCache$Segment::getFirst (21 bytes)
Event: 24.307 Thread 0x00000184c7aec000 nmethod 4589 0x00000184b185da90 code [0x00000184b185dd20, 0x00000184b185e828]
Event: 24.307 Thread 0x00000184c7aec000 4588       3       org.gradle.internal.operations.DefaultBuildOperationListenerManager$ProgressShieldingBuildOperationListener::finished (26 bytes)
Event: 24.308 Thread 0x00000184c7aec000 nmethod 4588 0x00000184b185ec10 code [0x00000184b185ede0, 0x00000184b185f098]
Event: 24.308 Thread 0x00000184c7aec000 4587       1       org.gradle.internal.component.model.DefaultIvyArtifactName::getType (5 bytes)
Event: 24.308 Thread 0x00000184c7aec000 nmethod 4587 0x00000184b86cf510 code [0x00000184b86cf6c0, 0x00000184b86cf778]
Event: 24.308 Thread 0x00000184c7aec000 4591       3       org.gradle.internal.logging.events.CategorisedOutputEvent::<init> (21 bytes)
Event: 24.309 Thread 0x00000184c7aec000 nmethod 4591 0x00000184b185f210 code [0x00000184b185f3e0, 0x00000184b185f658]
Event: 24.309 Thread 0x00000184c7aec000 4590       1       org.gradle.internal.operations.DefaultBuildOperationListenerManager::access$000 (5 bytes)
Event: 24.309 Thread 0x00000184c7aec000 nmethod 4590 0x00000184b86cf810 code [0x00000184b86cf9c0, 0x00000184b86cfa58]
Event: 24.309 Thread 0x00000184c7aec000 4592       1       org.gradle.internal.operations.BuildOperationState::getStartTime (5 bytes)
Event: 24.309 Thread 0x00000184c7aec000 nmethod 4592 0x00000184b86cfb10 code [0x00000184b86cfcc0, 0x00000184b86cfd78]
Event: 24.310 Thread 0x00000184c7aec000 4594       1       com.google.common.cache.LocalCache$StrongEntry::getNext (5 bytes)
Event: 24.310 Thread 0x00000184c7aec000 nmethod 4594 0x00000184b86cfe10 code [0x00000184b86cffc0, 0x00000184b86d0078]
Event: 24.310 Thread 0x00000184c7aec000 4595   !   3       org.gradle.internal.serialize.kryo.KryoBackedDecoder::readLong (15 bytes)

GC Heap History (20 events):
Event: 2.302 GC heap before
{Heap before GC invocations=0 (full 0):
 garbage-first heap   total 129024K, used 29696K [0x0000000080000000, 0x0000000100000000)
  region size 1024K, 24 young (24576K), 0 survivors (0K)
 Metaspace       used 9790K, capacity 9990K, committed 10112K, reserved 1058816K
  class space    used 1022K, capacity 1102K, committed 1152K, reserved 1048576K
}
Event: 2.316 GC heap after
{Heap after GC invocations=1 (full 0):
 garbage-first heap   total 129024K, used 9204K [0x0000000080000000, 0x0000000100000000)
  region size 1024K, 3 young (3072K), 3 survivors (3072K)
 Metaspace       used 9790K, capacity 9990K, committed 10112K, reserved 1058816K
  class space    used 1022K, capacity 1102K, committed 1152K, reserved 1048576K
}
Event: 3.619 GC heap before
{Heap before GC invocations=1 (full 0):
 garbage-first heap   total 129024K, used 30708K [0x0000000080000000, 0x0000000100000000)
  region size 1024K, 24 young (24576K), 3 survivors (3072K)
 Metaspace       used 10714K, capacity 10879K, committed 11008K, reserved 1058816K
  class space    used 1123K, capacity 1206K, committed 1280K, reserved 1048576K
}
Event: 3.631 GC heap after
{Heap after GC invocations=2 (full 0):
 garbage-first heap   total 129024K, used 9768K [0x0000000080000000, 0x0000000100000000)
  region size 1024K, 1 young (1024K), 1 survivors (1024K)
 Metaspace       used 10714K, capacity 10879K, committed 11008K, reserved 1058816K
  class space    used 1123K, capacity 1206K, committed 1280K, reserved 1048576K
}
Event: 12.196 GC heap before
{Heap before GC invocations=2 (full 0):
 garbage-first heap   total 129024K, used 59944K [0x0000000080000000, 0x0000000100000000)
  region size 1024K, 50 young (51200K), 1 survivors (1024K)
 Metaspace       used 17717K, capacity 18155K, committed 18432K, reserved 1064960K
  class space    used 2076K, capacity 2236K, committed 2304K, reserved 1048576K
}
Event: 12.209 GC heap after
{Heap after GC invocations=3 (full 0):
 garbage-first heap   total 129024K, used 15951K [0x0000000080000000, 0x0000000100000000)
  region size 1024K, 7 young (7168K), 7 survivors (7168K)
 Metaspace       used 17717K, capacity 18155K, committed 18432K, reserved 1064960K
  class space    used 2076K, capacity 2236K, committed 2304K, reserved 1048576K
}
Event: 12.939 GC heap before
{Heap before GC invocations=3 (full 0):
 garbage-first heap   total 129024K, used 40527K [0x0000000080000000, 0x0000000100000000)
  region size 1024K, 32 young (32768K), 7 survivors (7168K)
 Metaspace       used 20666K, capacity 21155K, committed 21296K, reserved 1069056K
  class space    used 2513K, capacity 2688K, committed 2688K, reserved 1048576K
}
Event: 12.963 GC heap after
{Heap after GC invocations=4 (full 0):
 garbage-first heap   total 129024K, used 16715K [0x0000000080000000, 0x0000000100000000)
  region size 1024K, 1 young (1024K), 1 survivors (1024K)
 Metaspace       used 20666K, capacity 21155K, committed 21296K, reserved 1069056K
  class space    used 2513K, capacity 2688K, committed 2688K, reserved 1048576K
}
Event: 14.817 GC heap before
{Heap before GC invocations=5 (full 0):
 garbage-first heap   total 129024K, used 69963K [0x0000000080000000, 0x0000000100000000)
  region size 1024K, 53 young (54272K), 1 survivors (1024K)
 Metaspace       used 25996K, capacity 26554K, committed 26752K, reserved 1073152K
  class space    used 3390K, capacity 3599K, committed 3712K, reserved 1048576K
}
Event: 14.832 GC heap after
{Heap after GC invocations=6 (full 0):
 garbage-first heap   total 129024K, used 18433K [0x0000000080000000, 0x0000000100000000)
  region size 1024K, 3 young (3072K), 3 survivors (3072K)
 Metaspace       used 25996K, capacity 26554K, committed 26752K, reserved 1073152K
  class space    used 3390K, capacity 3599K, committed 3712K, reserved 1048576K
}
Event: 18.104 GC heap before
{Heap before GC invocations=6 (full 0):
 garbage-first heap   total 129024K, used 74753K [0x0000000080000000, 0x0000000100000000)
  region size 1024K, 58 young (59392K), 3 survivors (3072K)
 Metaspace       used 34873K, capacity 35675K, committed 35840K, reserved 1081344K
  class space    used 4532K, capacity 4832K, committed 4864K, reserved 1048576K
}
Event: 18.119 GC heap after
{Heap after GC invocations=7 (full 0):
 garbage-first heap   total 129024K, used 21949K [0x0000000080000000, 0x0000000100000000)
  region size 1024K, 6 young (6144K), 6 survivors (6144K)
 Metaspace       used 34873K, capacity 35675K, committed 35840K, reserved 1081344K
  class space    used 4532K, capacity 4832K, committed 4864K, reserved 1048576K
}
Event: 18.213 GC heap before
{Heap before GC invocations=7 (full 0):
 garbage-first heap   total 129024K, used 21949K [0x0000000080000000, 0x0000000100000000)
  region size 1024K, 8 young (8192K), 6 survivors (6144K)
 Metaspace       used 35184K, capacity 36027K, committed 36048K, reserved 1081344K
  class space    used 4542K, capacity 4864K, committed 4864K, reserved 1048576K
}
Event: 18.242 GC heap after
{Heap after GC invocations=8 (full 0):
 garbage-first heap   total 129024K, used 22307K [0x0000000080000000, 0x0000000100000000)
  region size 1024K, 4 young (4096K), 4 survivors (4096K)
 Metaspace       used 35184K, capacity 36027K, committed 36048K, reserved 1081344K
  class space    used 4542K, capacity 4864K, committed 4864K, reserved 1048576K
}
Event: 19.869 GC heap before
{Heap before GC invocations=9 (full 0):
 garbage-first heap   total 129024K, used 71459K [0x0000000080000000, 0x0000000100000000)
  region size 1024K, 50 young (51200K), 4 survivors (4096K)
 Metaspace       used 38740K, capacity 39700K, committed 39836K, reserved 1083392K
  class space    used 4925K, capacity 5251K, committed 5324K, reserved 1048576K
}
Event: 19.888 GC heap after
{Heap after GC invocations=10 (full 0):
 garbage-first heap   total 129024K, used 26067K [0x0000000080000000, 0x0000000100000000)
  region size 1024K, 7 young (7168K), 7 survivors (7168K)
 Metaspace       used 38740K, capacity 39700K, committed 39836K, reserved 1083392K
  class space    used 4925K, capacity 5251K, committed 5324K, reserved 1048576K
}
Event: 22.065 GC heap before
{Heap before GC invocations=10 (full 0):
 garbage-first heap   total 129024K, used 75219K [0x0000000080000000, 0x0000000100000000)
  region size 1024K, 55 young (56320K), 7 survivors (7168K)
 Metaspace       used 43125K, capacity 44154K, committed 44316K, reserved 1087488K
  class space    used 5493K, capacity 5855K, committed 5964K, reserved 1048576K
}
Event: 22.087 GC heap after
{Heap after GC invocations=11 (full 0):
 garbage-first heap   total 129024K, used 28179K [0x0000000080000000, 0x0000000100000000)
  region size 1024K, 6 young (6144K), 6 survivors (6144K)
 Metaspace       used 43125K, capacity 44154K, committed 44316K, reserved 1087488K
  class space    used 5493K, capacity 5855K, committed 5964K, reserved 1048576K
}
Event: 24.265 GC heap before
{Heap before GC invocations=11 (full 0):
 garbage-first heap   total 129024K, used 79379K [0x0000000080000000, 0x0000000100000000)
  region size 1024K, 56 young (57344K), 6 survivors (6144K)
 Metaspace       used 46709K, capacity 47935K, committed 48156K, reserved 1091584K
  class space    used 5987K, capacity 6433K, committed 6476K, reserved 1048576K
}
Event: 24.284 GC heap after
{Heap after GC invocations=12 (full 0):
 garbage-first heap   total 129024K, used 30837K [0x0000000080000000, 0x0000000100000000)
  region size 1024K, 5 young (5120K), 5 survivors (5120K)
 Metaspace       used 46709K, capacity 47935K, committed 48156K, reserved 1091584K
  class space    used 5987K, capacity 6433K, committed 6476K, reserved 1048576K
}

Deoptimization events (20 events):
Event: 23.969 Thread 0x00000184c9bed000 DEOPT PACKING pc=0x00000184b85a4770 sp=0x00000058740f8de0
Event: 23.970 Thread 0x00000184c9bed000 DEOPT UNPACKING pc=0x00000184b09c78af sp=0x00000058740f8d38 mode 2
Event: 24.192 Thread 0x00000184cdb88800 Uncommon trap: trap_request=0xffffff4d fr.pc=0x00000184b855a9d8 relative=0x0000000000000f18
Event: 24.192 Thread 0x00000184cdb88800 Uncommon trap: reason=unstable_if action=reinterpret pc=0x00000184b855a9d8 method=java.util.concurrent.ConcurrentHashMap.addCount(JI)V @ 34 c2
Event: 24.192 Thread 0x00000184cdb88800 DEOPT PACKING pc=0x00000184b855a9d8 sp=0x00000058763fe4a0
Event: 24.192 Thread 0x00000184cdb88800 DEOPT UNPACKING pc=0x00000184b09c78af sp=0x00000058763fe370 mode 2
Event: 24.198 Thread 0x00000184cdb85000 Uncommon trap: trap_request=0xffffff5c fr.pc=0x00000184b86a97bc relative=0x00000000000013fc
Event: 24.198 Thread 0x00000184cdb86800 Uncommon trap: trap_request=0xffffff5c fr.pc=0x00000184b86a97bc relative=0x00000000000013fc
Event: 24.198 Thread 0x00000184cdb85000 Uncommon trap: reason=speculate_null_assert action=make_not_entrant pc=0x00000184b86a97bc method=java.lang.invoke.MethodType$ConcurrentWeakInternSet.add(Ljava/lang/Object;)Ljava/lang/Object; @ 47 c2
Event: 24.198 Thread 0x00000184cdb85000 DEOPT PACKING pc=0x00000184b86a97bc sp=0x00000058760fd7d0
Event: 24.198 Thread 0x00000184cdb86800 Uncommon trap: reason=speculate_null_assert action=make_not_entrant pc=0x00000184b86a97bc method=java.lang.invoke.MethodType$ConcurrentWeakInternSet.add(Ljava/lang/Object;)Ljava/lang/Object; @ 47 c2
Event: 24.198 Thread 0x00000184cdb86800 DEOPT PACKING pc=0x00000184b86a97bc sp=0x0000005875ffd340
Event: 24.198 Thread 0x00000184cdb85000 DEOPT UNPACKING pc=0x00000184b09c78af sp=0x00000058760fd788 mode 2
Event: 24.198 Thread 0x00000184cdb86800 DEOPT UNPACKING pc=0x00000184b09c78af sp=0x0000005875ffd2f8 mode 2
Event: 24.227 Thread 0x00000184cdb87800 Uncommon trap: trap_request=0xffffff4d fr.pc=0x00000184b8500928 relative=0x0000000000000148
Event: 24.227 Thread 0x00000184cdb87800 Uncommon trap: reason=unstable_if action=reinterpret pc=0x00000184b8500928 method=java.util.concurrent.ConcurrentHashMap.addCount(JI)V @ 7 c2
Event: 24.227 Thread 0x00000184cdb87800 DEOPT PACKING pc=0x00000184b8500928 sp=0x00000058761fe7e0
Event: 24.228 Thread 0x00000184cdb87800 DEOPT UNPACKING pc=0x00000184b09c78af sp=0x00000058761fe720 mode 2
Event: 24.295 Thread 0x00000184cdb83800 DEOPT PACKING pc=0x00000184b1604df4 sp=0x0000005875cfcd40
Event: 24.295 Thread 0x00000184cdb83800 DEOPT UNPACKING pc=0x00000184b09c76ce sp=0x0000005875cfc2e0 mode 0

Classes redefined (0 events):
No events

Internal exceptions (20 events):
Event: 21.621 Thread 0x00000184c9bed000 Exception <a 'java/lang/ClassNotFoundException'{0x00000000855774f0}: org/gradle/api/internal/project/ProjectScriptCustomizer> (0x00000000855774f0) thrown at [./src/hotspot/share/classfile/systemDictionary.cpp, line 231]
Event: 21.624 Thread 0x00000184c9bed000 Exception <a 'java/lang/ClassNotFoundException'{0x0000000085592960}: build_2oyxlqr33ugqafg0fj09oq52oCustomizer> (0x0000000085592960) thrown at [./src/hotspot/share/classfile/systemDictionary.cpp, line 231]
Event: 21.670 Thread 0x00000184c9bed000 Exception <a 'java/lang/ClassNotFoundException'{0x00000000854243c0}: org/gradle/api/internal/initialization/DefaultScriptHandlerBeanInfo> (0x00000000854243c0) thrown at [./src/hotspot/share/classfile/systemDictionary.cpp, line 231]
Event: 21.674 Thread 0x00000184c9bed000 Exception <a 'java/lang/ClassNotFoundException'{0x000000008544d378}: org/gradle/api/internal/initialization/DefaultScriptHandlerCustomizer> (0x000000008544d378) thrown at [./src/hotspot/share/classfile/systemDictionary.cpp, line 231]
Event: 22.139 Thread 0x00000184c9bed000 Exception <a 'java/lang/ClassNotFoundException'{0x0000000087c576a0}: org/gradle/api/internal/artifacts/dsl/dependencies/DefaultDependencyHandler_DecoratedBeanInfo> (0x0000000087c576a0) thrown at [./src/hotspot/share/classfile/systemDictionary.cpp, line 231]
Event: 22.142 Thread 0x00000184c9bed000 Exception <a 'java/lang/ClassNotFoundException'{0x0000000087c95a60}: org/gradle/api/internal/artifacts/dsl/dependencies/DefaultDependencyHandlerBeanInfo> (0x0000000087c95a60) thrown at [./src/hotspot/share/classfile/systemDictionary.cpp, line 231]
Event: 22.145 Thread 0x00000184c9bed000 Exception <a 'java/lang/ClassNotFoundException'{0x0000000087cd3f68}: org/gradle/api/internal/artifacts/dsl/dependencies/DefaultDependencyHandlerCustomizer> (0x0000000087cd3f68) thrown at [./src/hotspot/share/classfile/systemDictionary.cpp, line 231]
Event: 22.159 Thread 0x00000184c9bed000 Exception <a 'java/lang/ClassNotFoundException'{0x0000000087b3b820}: org/gradle/api/internal/artifacts/dsl/dependencies/DefaultDependencyHandler_DecoratedCustomizer> (0x0000000087b3b820) thrown at [./src/hotspot/share/classfile/systemDictionary.cpp, line 231]
Event: 22.216 Thread 0x00000184c9bed000 Exception <a 'java/lang/NoSuchMethodError'{0x0000000087a46968}: 'java.lang.Object java.lang.invoke.DirectMethodHandle$Holder.invokeStatic(java.lang.Object, java.lang.Object, int, java.lang.Object)'> (0x0000000087a46968) thrown at [./src/hotspot/share/interpreter/linkResolver.cpp, line 773]
Event: 22.217 Thread 0x00000184c9bed000 Exception <a 'java/lang/NoSuchMethodError'{0x0000000087a4dc00}: 'java.lang.Object java.lang.invoke.Invokers$Holder.linkToTargetMethod(java.lang.Object, int, java.lang.Object, java.lang.Object)'> (0x0000000087a4dc00) thrown at [./src/hotspot/share/interpreter/linkResolver.cpp, line 773]
Event: 22.832 Thread 0x00000184c9bed000 Exception <a 'java/lang/NoSuchMethodError'{0x00000000869a4450}: 'java.lang.Object java.lang.invoke.DelegatingMethodHandle$Holder.reinvoke_L(java.lang.Object, java.lang.Object, java.lang.Object, java.lang.Object, java.lang.Object, java.lang.Object, java.lang.Object, java.lang.Object, java.lang.Object, java.lang.Object, java.lang.Object, java.lang.Object, java.lang.Object, java.lang.Object, java.lang.Object, java.lang.Object, java.lang.Object, java.lang.Object, java.lang.Object, java.lang.Object, java.lang.O
Event: 22.835 Thread 0x00000184c9bed000 Exception <a 'java/lang/NoSuchMethodError'{0x00000000869afe58}: 'java.lang.Object java.lang.invoke.DirectMethodHandle$Holder.invokeSpecial(java.lang.Object, java.lang.Object, java.lang.Object, java.lang.Object, java.lang.Object, java.lang.Object, java.lang.Object, java.lang.Object, java.lang.Object, java.lang.Object, java.lang.Object, java.lang.Object, java.lang.Object, java.lang.Object, java.lang.Object, java.lang.Object, java.lang.Object, java.lang.Object, java.lang.Object, java.lang.Object, java.lang.Ob
Event: 22.836 Thread 0x00000184c9bed000 Exception <a 'java/lang/NoSuchMethodError'{0x00000000869b6048}: 'java.lang.Object java.lang.invoke.Invokers$Holder.invoker(java.lang.Object, java.lang.Object, java.lang.Object, java.lang.Object, java.lang.Object, java.lang.Object, java.lang.Object, java.lang.Object, java.lang.Object, java.lang.Object, java.lang.Object, java.lang.Object, java.lang.Object, java.lang.Object, java.lang.Object, java.lang.Object, java.lang.Object, java.lang.Object, java.lang.Object, java.lang.Object, java.lang.Object)'> (0x00000
Event: 22.837 Thread 0x00000184c9bed000 Exception <a 'java/lang/NoSuchMethodError'{0x00000000869bd3b8}: 'java.lang.Object java.lang.invoke.DelegatingMethodHandle$Holder.delegate(java.lang.Object, java.lang.Object, java.lang.Object, java.lang.Object, java.lang.Object, java.lang.Object, java.lang.Object, java.lang.Object, java.lang.Object, java.lang.Object, java.lang.Object, java.lang.Object, java.lang.Object, java.lang.Object, java.lang.Object, java.lang.Object, java.lang.Object, java.lang.Object, java.lang.Object, java.lang.Object, java.lang.Obj
Event: 22.854 Thread 0x00000184c9bed000 Exception <a 'java/lang/NoSuchMethodError'{0x0000000086810870}: 'java.lang.Object java.lang.invoke.DirectMethodHandle$Holder.invokeStatic(java.lang.Object, java.lang.Object, java.lang.Object, java.lang.Object, java.lang.Object, java.lang.Object, java.lang.Object, java.lang.Object, java.lang.Object, java.lang.Object, java.lang.Object, java.lang.Object, java.lang.Object, java.lang.Object, java.lang.Object)'> (0x0000000086810870) thrown at [./src/hotspot/share/interpreter/linkResolver.cpp, line 773]
Event: 22.858 Thread 0x00000184c9bed000 Exception <a 'java/lang/NoSuchMethodError'{0x0000000086820ea8}: 'java.lang.Object java.lang.invoke.DirectMethodHandle$Holder.invokeStatic(java.lang.Object, java.lang.Object, java.lang.Object, java.lang.Object, java.lang.Object, java.lang.Object, java.lang.Object, java.lang.Object, java.lang.Object, java.lang.Object, java.lang.Object, java.lang.Object, java.lang.Object, java.lang.Object, java.lang.Object, java.lang.Object)'> (0x0000000086820ea8) thrown at [./src/hotspot/share/interpreter/linkResolver.cpp, l
Event: 22.862 Thread 0x00000184c9bed000 Exception <a 'java/lang/NoSuchMethodError'{0x00000000868313f0}: 'java.lang.Object java.lang.invoke.DelegatingMethodHandle$Holder.reinvoke_L(java.lang.Object, java.lang.Object, java.lang.Object, java.lang.Object, java.lang.Object, java.lang.Object, java.lang.Object, java.lang.Object, java.lang.Object, java.lang.Object, java.lang.Object, java.lang.Object, java.lang.Object, java.lang.Object, java.lang.Object, java.lang.Object, java.lang.Object, java.lang.Object, java.lang.Object, java.lang.Object)'> (0x000000
Event: 22.979 Thread 0x00000184c9bed000 Exception <a 'java/lang/IncompatibleClassChangeError'{0x000000008658ba80}: Found class java.lang.Object, but interface was expected> (0x000000008658ba80) thrown at [./src/hotspot/share/interpreter/linkResolver.cpp, line 839]
Event: 23.257 Thread 0x00000184c9bed000 Exception <a 'java/lang/NoSuchMethodError'{0x0000000085d77b28}: 'int java.lang.invoke.DirectMethodHandle$Holder.invokeStaticInit(java.lang.Object)'> (0x0000000085d77b28) thrown at [./src/hotspot/share/interpreter/linkResolver.cpp, line 773]
Event: 24.063 Thread 0x00000184c9bed000 Exception <a 'java/lang/NoSuchMethodError'{0x00000000852eb680}: 'void java.lang.invoke.DirectMethodHandle$Holder.invokeStatic(java.lang.Object, java.lang.Object, java.lang.Object, int, java.lang.Object)'> (0x00000000852eb680) thrown at [./src/hotspot/share/interpreter/linkResolver.cpp, line 773]

Events (20 events):
Event: 24.217 loading class org/gradle/api/internal/artifacts/DefaultArtifactIdentifier
Event: 24.217 loading class org/gradle/api/internal/artifacts/DefaultArtifactIdentifier done
Event: 24.219 loading class org/gradle/api/internal/artifacts/ivyservice/resolutionstrategy/DefaultCachePolicy$CachedArtifactResolutionControl
Event: 24.219 loading class org/gradle/api/internal/artifacts/ivyservice/resolutionstrategy/DefaultCachePolicy$CachedArtifactResolutionControl done
Event: 24.220 Executing VM operation: RevokeBias
Event: 24.220 Executing VM operation: RevokeBias done
Event: 24.223 Executing VM operation: RevokeBias
Event: 24.223 loading class org/gradle/api/internal/artifacts/DownloadArtifactBuildOperationType
Event: 24.223 loading class org/gradle/api/internal/artifacts/DownloadArtifactBuildOperationType done
Event: 24.223 Executing VM operation: RevokeBias done
Event: 24.224 Executing VM operation: RevokeBias
Event: 24.225 Executing VM operation: RevokeBias done
Event: 24.226 loading class org/gradle/api/internal/artifacts/DownloadArtifactBuildOperationType$Result
Event: 24.226 loading class org/gradle/api/internal/artifacts/DownloadArtifactBuildOperationType$Result done
Event: 24.227 loading class org/gradle/api/internal/artifacts/DownloadArtifactBuildOperationType$1
Event: 24.227 loading class org/gradle/api/internal/artifacts/DownloadArtifactBuildOperationType$1 done
Event: 24.229 Executing VM operation: RevokeBias
Event: 24.229 Executing VM operation: RevokeBias done
Event: 24.264 Executing VM operation: G1CollectForAllocation
Event: 24.284 Executing VM operation: G1CollectForAllocation done


Dynamic libraries:
0x00007ff691e90000 - 0x00007ff691e9a000 	C:\Program Files\Android\Android Studio\jre\bin\java.exe
0x00007ff971490000 - 0x00007ff971685000 	C:\WINDOWS\SYSTEM32\ntdll.dll
0x00007ff9708d0000 - 0x00007ff97098e000 	C:\WINDOWS\System32\KERNEL32.DLL
0x00007ff96f000000 - 0x00007ff96f2c9000 	C:\WINDOWS\System32\KERNELBASE.dll
0x00007ff96f3e0000 - 0x00007ff96f4e0000 	C:\WINDOWS\System32\ucrtbase.dll
0x00007ff966960000 - 0x00007ff966979000 	C:\Program Files\Android\Android Studio\jre\bin\jli.dll
0x00007ff966940000 - 0x00007ff966957000 	C:\Program Files\Android\Android Studio\jre\bin\VCRUNTIME140.dll
0x00007ff970180000 - 0x00007ff970321000 	C:\WINDOWS\System32\USER32.dll
0x00007ff96ebb0000 - 0x00007ff96ebd2000 	C:\WINDOWS\System32\win32u.dll
0x00007ff9544c0000 - 0x00007ff95475a000 	C:\WINDOWS\WinSxS\amd64_microsoft.windows.common-controls_6595b64144ccf1df_6.0.19041.1110_none_60b5254171f9507e\COMCTL32.dll
0x00007ff9713c0000 - 0x00007ff9713eb000 	C:\WINDOWS\System32\GDI32.dll
0x00007ff96fc50000 - 0x00007ff96fcee000 	C:\WINDOWS\System32\msvcrt.dll
0x00007ff96f2d0000 - 0x00007ff96f3db000 	C:\WINDOWS\System32\gdi32full.dll
0x00007ff96ef60000 - 0x00007ff96effd000 	C:\WINDOWS\System32\msvcp_win.dll
0x00007ff970b00000 - 0x00007ff970b30000 	C:\WINDOWS\System32\IMM32.DLL
0x00007ff965200000 - 0x00007ff96529d000 	C:\Program Files\Android\Android Studio\jre\bin\msvcp140.dll
0x00007ff90e350000 - 0x00007ff90ee1f000 	C:\Program Files\Android\Android Studio\jre\bin\server\jvm.dll
0x00007ff970330000 - 0x00007ff9703dc000 	C:\WINDOWS\System32\ADVAPI32.dll
0x00007ff96fbb0000 - 0x00007ff96fc4b000 	C:\WINDOWS\System32\sechost.dll
0x00007ff96f4e0000 - 0x00007ff96f60a000 	C:\WINDOWS\System32\RPCRT4.dll
0x00007ff970170000 - 0x00007ff970178000 	C:\WINDOWS\System32\PSAPI.DLL
0x00007ff94cf50000 - 0x00007ff94cf77000 	C:\WINDOWS\SYSTEM32\WINMM.dll
0x00007ff94a2b0000 - 0x00007ff94a2b9000 	C:\WINDOWS\SYSTEM32\WSOCK32.dll
0x00007ff963010000 - 0x00007ff96301a000 	C:\WINDOWS\SYSTEM32\VERSION.dll
0x00007ff9703e0000 - 0x00007ff97044b000 	C:\WINDOWS\System32\WS2_32.dll
0x00007ff96d460000 - 0x00007ff96d472000 	C:\WINDOWS\SYSTEM32\kernel.appcore.dll
0x00007ff9411d0000 - 0x00007ff9411e1000 	C:\Program Files\Android\Android Studio\jre\bin\verify.dll
0x00007ff969960000 - 0x00007ff969b44000 	C:\WINDOWS\SYSTEM32\DBGHELP.DLL
0x00007ff94d770000 - 0x00007ff94d79c000 	C:\WINDOWS\SYSTEM32\dbgcore.DLL
0x00007ff96ec70000 - 0x00007ff96ecf3000 	C:\WINDOWS\System32\bcryptPrimitives.dll
0x00007ff93bd40000 - 0x00007ff93bd69000 	C:\Program Files\Android\Android Studio\jre\bin\java.dll
0x00007ff94a370000 - 0x00007ff94a37b000 	C:\Program Files\Android\Android Studio\jre\bin\jimage.dll
0x00007ff93bc90000 - 0x00007ff93bca8000 	C:\Program Files\Android\Android Studio\jre\bin\zip.dll
0x00007ff970c80000 - 0x00007ff9713bf000 	C:\WINDOWS\System32\SHELL32.dll
0x00007ff969c30000 - 0x00007ff96a3c0000 	C:\WINDOWS\SYSTEM32\windows.storage.dll
0x00007ff96f670000 - 0x00007ff96f9c5000 	C:\WINDOWS\System32\combase.dll
0x00007ff96e530000 - 0x00007ff96e55c000 	C:\WINDOWS\SYSTEM32\Wldp.dll
0x00007ff96f9d0000 - 0x00007ff96fa7d000 	C:\WINDOWS\System32\SHCORE.dll
0x00007ff9713f0000 - 0x00007ff971445000 	C:\WINDOWS\System32\shlwapi.dll
0x00007ff96eaf0000 - 0x00007ff96eb0f000 	C:\WINDOWS\SYSTEM32\profapi.dll
0x00007ff93baa0000 - 0x00007ff93baba000 	C:\Program Files\Android\Android Studio\jre\bin\net.dll
0x00007ff966ae0000 - 0x00007ff966be8000 	C:\WINDOWS\SYSTEM32\WINHTTP.dll
0x00007ff96e290000 - 0x00007ff96e2fa000 	C:\WINDOWS\system32\mswsock.dll
0x00007ff93ba80000 - 0x00007ff93ba94000 	C:\Program Files\Android\Android Studio\jre\bin\nio.dll
0x00007ff966870000 - 0x00007ff966897000 	C:\Users\Admin\.gradle\native\8bec1ad78214c89d9ad589b4d07fe93259594b29d510b10fafb7a158f7737e5d\windows-amd64\native-platform.dll
0x00007ff963340000 - 0x00007ff96347d000 	C:\Users\Admin\.gradle\native\53dbd7edfb1c66fb8903c78663c9afc45aea4f116125fa6feffd364cf09443e8\windows-amd64\native-platform-file-events.dll
0x00007ff93bdd0000 - 0x00007ff93bdda000 	C:\Program Files\Android\Android Studio\jre\bin\management.dll
0x00007ff93bcd0000 - 0x00007ff93bcdc000 	C:\Program Files\Android\Android Studio\jre\bin\management_ext.dll
0x00007ff96e480000 - 0x00007ff96e498000 	C:\WINDOWS\SYSTEM32\CRYPTSP.dll
0x00007ff96dc10000 - 0x00007ff96dc44000 	C:\WINDOWS\system32\rsaenh.dll
0x00007ff96ebe0000 - 0x00007ff96ec07000 	C:\WINDOWS\System32\bcrypt.dll
0x00007ff96eab0000 - 0x00007ff96eade000 	C:\WINDOWS\SYSTEM32\USERENV.dll
0x00007ff96e4a0000 - 0x00007ff96e4ac000 	C:\WINDOWS\SYSTEM32\CRYPTBASE.dll
0x00007ff96df80000 - 0x00007ff96dfbb000 	C:\WINDOWS\SYSTEM32\IPHLPAPI.DLL
0x00007ff970c70000 - 0x00007ff970c78000 	C:\WINDOWS\System32\NSI.dll
0x00007ff968f70000 - 0x00007ff968f87000 	C:\WINDOWS\SYSTEM32\dhcpcsvc6.DLL
0x00007ff968f50000 - 0x00007ff968f6d000 	C:\WINDOWS\SYSTEM32\dhcpcsvc.DLL
0x00007ff96dfc0000 - 0x00007ff96e08c000 	C:\WINDOWS\SYSTEM32\DNSAPI.dll

dbghelp: loaded successfully - version: 4.0.5 - missing functions: none
symbol engine: initialized successfully - sym options: 0x614 - pdb path: .;C:\Program Files\Android\Android Studio\jre\bin;C:\WINDOWS\SYSTEM32;C:\WINDOWS\WinSxS\amd64_microsoft.windows.common-controls_6595b64144ccf1df_6.0.19041.1110_none_60b5254171f9507e;C:\Program Files\Android\Android Studio\jre\bin\server;C:\Users\Admin\.gradle\native\8bec1ad78214c89d9ad589b4d07fe93259594b29d510b10fafb7a158f7737e5d\windows-amd64;C:\Users\Admin\.gradle\native\53dbd7edfb1c66fb8903c78663c9afc45aea4f116125fa6feffd364cf09443e8\windows-amd64

VM Arguments:
jvm_args: --add-opens=java.base/java.util=ALL-UNNAMED --add-opens=java.base/java.lang=ALL-UNNAMED --add-opens=java.base/java.lang.invoke=ALL-UNNAMED --add-opens=java.base/java.util=ALL-UNNAMED --add-opens=java.prefs/java.util.prefs=ALL-UNNAMED --add-opens=java.prefs/java.util.prefs=ALL-UNNAMED --add-opens=java.base/java.nio.charset=ALL-UNNAMED --add-opens=java.base/java.net=ALL-UNNAMED --add-opens=java.base/java.util.concurrent.atomic=ALL-UNNAMED -Xmx2048m -Dfile.encoding=UTF-8 -Duser.country=US -Duser.language=en -Duser.variant 
java_command: org.gradle.launcher.daemon.bootstrap.GradleDaemon 7.0.2
java_class_path (initial): C:\Users\Admin\.gradle\wrapper\dists\gradle-7.0.2-bin\857tjihv64xamwrf0h14cai3r\gradle-7.0.2\lib\gradle-launcher-7.0.2.jar
Launcher Type: SUN_STANDARD

[Global flags]
     intx CICompilerCount                          = 4                                         {product} {ergonomic}
     uint ConcGCThreads                            = 2                                         {product} {ergonomic}
     uint G1ConcRefinementThreads                  = 8                                         {product} {ergonomic}
   size_t G1HeapRegionSize                         = 1048576                                   {product} {ergonomic}
    uintx GCDrainStackTargetSize                   = 64                                        {product} {ergonomic}
   size_t InitialHeapSize                          = 132120576                                 {product} {ergonomic}
   size_t MarkStackSize                            = 4194304                                   {product} {ergonomic}
   size_t MaxHeapSize                              = 2147483648                                {product} {command line}
   size_t MaxNewSize                               = 1287651328                                {product} {ergonomic}
   size_t MinHeapDeltaBytes                        = 1048576                                   {product} {ergonomic}
    uintx NonNMethodCodeHeapSize                   = 5836300                                {pd product} {ergonomic}
    uintx NonProfiledCodeHeapSize                  = 122910970                              {pd product} {ergonomic}
    uintx ProfiledCodeHeapSize                     = 122910970                              {pd product} {ergonomic}
    uintx ReservedCodeCacheSize                    = 251658240                              {pd product} {ergonomic}
     bool SegmentedCodeCache                       = true                                      {product} {ergonomic}
     bool UseCompressedClassPointers               = true                                 {lp64_product} {ergonomic}
     bool UseCompressedOops                        = true                                 {lp64_product} {ergonomic}
     bool UseG1GC                                  = true                                      {product} {ergonomic}
     bool UseLargePagesIndividualAllocation        = false                                  {pd product} {ergonomic}

Logging:
Log output configuration:
 #0: stdout all=warning uptime,level,tags
 #1: stderr all=off uptime,level,tags

Environment Variables:
PATH=C:\Program Files (x86)\Common Files\Oracle\Java\javapath;C:\Program Files\Common Files\Oracle\Java\javapath;C:\ProgramData\Oracle\Java\javapath;C:\WINDOWS\system32;C:\WINDOWS;C:\WINDOWS\System32\Wbem;C:\WINDOWS\System32\WindowsPowerShell\v1.0\;C:\WINDOWS\System32\OpenSSH\;C:\Program Files\Java\jdk-14\bin;C:\Program Files\Git\cmd;C:\Program Files\nodejs\;C:\Users\Admin\AppData\Local\Microsoft\WindowsApps;C:\Users\Admin\AppData\Roaming\npm;
USERNAME=Admin
OS=Windows_NT
PROCESSOR_IDENTIFIER=Intel64 Family 6 Model 142 Stepping 10, GenuineIntel



---------------  S Y S T E M  ---------------

OS: Windows 10 , 64 bit Build 19041 (10.0.19041.1202)
OS uptime: 0 days 1:42 hours

CPU:total 8 (initial active 8) (4 cores per cpu, 2 threads per core) family 6 model 142 stepping 10 microcode 0xb4, cmov, cx8, fxsr, mmx, sse, sse2, sse3, ssse3, sse4.1, sse4.2, popcnt, avx, avx2, aes, clmul, erms, 3dnowpref, lzcnt, ht, tsc, tscinvbit, bmi1, bmi2, adx, fma

Memory: 4k page, system-wide physical 8026M (1287M free)
TotalPageFile size 9050M (AvailPageFile size 2M)
current process WorkingSet (physical memory assigned to process): 265M, peak: 273M
current process commit charge ("private bytes"): 337M, peak: 348M

vm_info: OpenJDK 64-Bit Server VM (11.0.10+0-b96-7249189) for windows-amd64 JRE (11.0.10+0-b96-7249189), built on Mar 31 2021 21:44:00 by "builder" with MS VC++ 14.0 (VS2015)

END.
