#
# There is insufficient memory for the Java Runtime Environment to continue.
# Native memory allocation (malloc) failed to allocate 1303056 bytes for Chunk::new
# Possible reasons:
#   The system is out of physical RAM or swap space
#   The process is running with CompressedOops enabled, and the Java Heap may be blocking the growth of the native heap
# Possible solutions:
#   Reduce memory load on the system
#   Increase physical memory or swap space
#   Check if swap backing store is full
#   Decrease Java heap size (-Xmx/-Xms)
#   Decrease number of Java threads
#   Decrease Java thread stack sizes (-Xss)
#   Set larger code cache with -XX:ReservedCodeCacheSize=
#   JVM is running with Unscaled Compressed Oops mode in which the Java heap is
#     placed in the first 4GB address space. The Java Heap base address is the
#     maximum limit for the native heap growth. Please use -XX:HeapBaseMinAddress
#     to set the Java Heap base and to place the Java Heap above 4GB virtual address.
# This output file may be truncated or incomplete.
#
#  Out of Memory Error (./src/hotspot/share/memory/arena.cpp:197), pid=12672, tid=7104
#
# JRE version: OpenJDK Runtime Environment (11.0.10) (build 11.0.10+0-b96-7249189)
# Java VM: OpenJDK 64-Bit Server VM (11.0.10+0-b96-7249189, mixed mode, tiered, compressed oops, g1 gc, windows-amd64)
# No core dump will be written. Minidumps are not enabled by default on client versions of Windows
#

---------------  S U M M A R Y ------------

Command Line: --add-opens=java.base/java.util=ALL-UNNAMED --add-opens=java.base/java.lang=ALL-UNNAMED --add-opens=java.base/java.lang.invoke=ALL-UNNAMED --add-opens=java.base/java.util=ALL-UNNAMED --add-opens=java.prefs/java.util.prefs=ALL-UNNAMED --add-opens=java.prefs/java.util.prefs=ALL-UNNAMED --add-opens=java.base/java.nio.charset=ALL-UNNAMED --add-opens=java.base/java.net=ALL-UNNAMED --add-opens=java.base/java.util.concurrent.atomic=ALL-UNNAMED -Xmx2048m -Dfile.encoding=UTF-8 -Duser.country=US -Duser.language=en -Duser.variant org.gradle.launcher.daemon.bootstrap.GradleDaemon 7.0.2

Host: Intel(R) Core(TM) i7-8550U CPU @ 1.80GHz, 8 cores, 7G,  Windows 10 , 64 bit Build 19041 (10.0.19041.1202)
Time: Wed Nov  3 12:50:08 2021 Arab Standard Time elapsed time: 324.613824 seconds (0d 0h 5m 24s)

---------------  T H R E A D  ---------------

Current thread (0x000001f79e53c000):  JavaThread "C2 CompilerThread1" daemon [_thread_in_native, id=7104, stack(0x000000deda700000,0x000000deda800000)]


Current CompileTask:
C2: 324614 17030       4       com.android.tools.r8.graph.B0$c::a (559 bytes)

Stack: [0x000000deda700000,0x000000deda800000]
Native frames: (J=compiled Java code, j=interpreted, Vv=VM code, C=native code)
V  [jvm.dll+0x5ecfaa]
V  [jvm.dll+0x722bd5]
V  [jvm.dll+0x72412d]
V  [jvm.dll+0x7247e3]
V  [jvm.dll+0x242928]
V  [jvm.dll+0xbc4fc]
V  [jvm.dll+0xbca0c]
V  [jvm.dll+0x352d3b]
V  [jvm.dll+0x320ad3]
V  [jvm.dll+0x31ffca]
V  [jvm.dll+0x1fb602]
V  [jvm.dll+0x1fa7f4]
V  [jvm.dll+0x18354c]
V  [jvm.dll+0x208ee7]
V  [jvm.dll+0x207731]
V  [jvm.dll+0x6eb1cf]
V  [jvm.dll+0x6e3d45]
V  [jvm.dll+0x5ebe96]
C  [ucrtbase.dll+0x21bb2]
C  [KERNEL32.DLL+0x17034]
C  [ntdll.dll+0x52651]


---------------  P R O C E S S  ---------------

Threads class SMR info:
_java_thread_list=0x000001f79ebc48c0, length=74, elements={
0x000001f7fe239000, 0x000001f79abb3800, 0x000001f79abbd000, 0x000001f79b544800,
0x000001f79b547800, 0x000001f79b549000, 0x000001f79b54c000, 0x000001f79b550800,
0x000001f79abd5000, 0x000001f79b693800, 0x000001f79d9db800, 0x000001f79b783800,
0x000001f79ec29800, 0x000001f79d9d5800, 0x000001f79d9d4800, 0x000001f79d9d2800,
0x000001f79d9d4000, 0x000001f79d9d0800, 0x000001f79f124800, 0x000001f79f127000,
0x000001f79f125000, 0x000001f79f127800, 0x000001f79f122800, 0x000001f79f130800,
0x000001f79e9a6800, 0x000001f79e9ab000, 0x000001f79e9ab800, 0x000001f79e9ac800,
0x000001f79e9ad800, 0x000001f79f12d800, 0x000001f79f12b800, 0x000001f79e9ae000,
0x000001f79e9a8800, 0x000001f79e9aa000, 0x000001f79e9af000, 0x000001f79e9a9000,
0x000001f79e9b4800, 0x000001f79e9af800, 0x000001f79e9b4000, 0x000001f79e9b0800,
0x000001f79e9b1800, 0x000001f79e9b2000, 0x000001f79b946800, 0x000001f79b947000,
0x000001f79b941800, 0x000001f79b945000, 0x000001f79b948000, 0x000001f79b942800,
0x000001f79b949800, 0x000001f79b949000, 0x000001f79b945800, 0x000001f79b94c000,
0x000001f79b94b800, 0x000001f79b94d000, 0x000001f79b950000, 0x000001f79b94e800,
0x000001f79b94a800, 0x000001f79b94f800, 0x000001f79b94e000, 0x000001f79f129800,
0x000001f79f12c800, 0x000001f79f128800, 0x000001f79f12f000, 0x000001f79f12e000,
0x000001f79f130000, 0x000001f79d9d1800, 0x000001f79d9cf000, 0x000001f79d9d3000,
0x000001f79f12b000, 0x000001f79f12a000, 0x000001f79e9b3000, 0x000001f79b944000,
0x000001f79e538000, 0x000001f79e53c000
}

Java Threads: ( => current thread )
  0x000001f7fe239000 JavaThread "main" [_thread_blocked, id=10260, stack(0x000000ded4d00000,0x000000ded4e00000)]
  0x000001f79abb3800 JavaThread "Reference Handler" daemon [_thread_blocked, id=10792, stack(0x000000ded5400000,0x000000ded5500000)]
  0x000001f79abbd000 JavaThread "Finalizer" daemon [_thread_blocked, id=13028, stack(0x000000ded5500000,0x000000ded5600000)]
  0x000001f79b544800 JavaThread "Signal Dispatcher" daemon [_thread_blocked, id=12948, stack(0x000000ded5600000,0x000000ded5700000)]
  0x000001f79b547800 JavaThread "Attach Listener" daemon [_thread_blocked, id=5444, stack(0x000000ded5700000,0x000000ded5800000)]
  0x000001f79b549000 JavaThread "Service Thread" daemon [_thread_blocked, id=2748, stack(0x000000ded5800000,0x000000ded5900000)]
  0x000001f79b54c000 JavaThread "C2 CompilerThread0" daemon [_thread_in_native, id=6268, stack(0x000000ded5900000,0x000000ded5a00000)]
  0x000001f79b550800 JavaThread "C1 CompilerThread0" daemon [_thread_in_native, id=668, stack(0x000000ded5a00000,0x000000ded5b00000)]
  0x000001f79abd5000 JavaThread "Sweeper thread" daemon [_thread_blocked, id=4720, stack(0x000000ded5b00000,0x000000ded5c00000)]
  0x000001f79b693800 JavaThread "Common-Cleaner" daemon [_thread_blocked, id=3256, stack(0x000000ded5c00000,0x000000ded5d00000)]
  0x000001f79d9db800 JavaThread "Daemon health stats" [_thread_blocked, id=1728, stack(0x000000ded6200000,0x000000ded6300000)]
  0x000001f79b783800 JavaThread "Incoming local TCP Connector on port 53376" [_thread_in_native, id=9872, stack(0x000000ded5e00000,0x000000ded5f00000)]
  0x000001f79ec29800 JavaThread "Daemon periodic checks" [_thread_blocked, id=8864, stack(0x000000ded6100000,0x000000ded6200000)]
  0x000001f79d9d5800 JavaThread "Cache worker for file hash cache (C:\Users\Admin\.gradle\caches\7.0.2\fileHashes)" [_thread_blocked, id=13248, stack(0x000000ded6f00000,0x000000ded7000000)]
  0x000001f79d9d4800 JavaThread "File lock request listener" [_thread_in_native, id=4804, stack(0x000000ded7000000,0x000000ded7100000)]
  0x000001f79d9d2800 JavaThread "Cache worker for journal cache (C:\Users\Admin\.gradle\caches\journal-1)" [_thread_blocked, id=13236, stack(0x000000ded7200000,0x000000ded7300000)]
  0x000001f79d9d4000 JavaThread "File watcher server" daemon [_thread_in_native, id=12916, stack(0x000000ded7500000,0x000000ded7600000)]
  0x000001f79d9d0800 JavaThread "File watcher consumer" daemon [_thread_blocked, id=2108, stack(0x000000ded7600000,0x000000ded7700000)]
  0x000001f79f124800 JavaThread "Cache worker for execution history cache (C:\Users\Admin\.gradle\caches\7.0.2\executionHistory)" [_thread_blocked, id=9296, stack(0x000000ded7b00000,0x000000ded7c00000)]
  0x000001f79f127000 JavaThread "jar transforms" [_thread_blocked, id=13220, stack(0x000000ded7c00000,0x000000ded7d00000)]
  0x000001f79f125000 JavaThread "jar transforms Thread 2" [_thread_blocked, id=736, stack(0x000000ded7d00000,0x000000ded7e00000)]
  0x000001f79f127800 JavaThread "Cache worker for file content cache (C:\Users\Admin\.gradle\caches\7.0.2\fileContent)" [_thread_blocked, id=12052, stack(0x000000ded7e00000,0x000000ded7f00000)]
  0x000001f79f122800 JavaThread "jar transforms Thread 3" [_thread_blocked, id=7048, stack(0x000000ded8000000,0x000000ded8100000)]
  0x000001f79f130800 JavaThread "jar transforms Thread 4" [_thread_blocked, id=12348, stack(0x000000ded7a00000,0x000000ded7b00000)]
  0x000001f79e9a6800 JavaThread "jar transforms Thread 5" [_thread_blocked, id=12724, stack(0x000000ded8a00000,0x000000ded8b00000)]
  0x000001f79e9ab000 JavaThread "jar transforms Thread 6" [_thread_blocked, id=4936, stack(0x000000ded8b00000,0x000000ded8c00000)]
  0x000001f79e9ab800 JavaThread "jar transforms Thread 7" [_thread_blocked, id=4800, stack(0x000000ded8c00000,0x000000ded8d00000)]
  0x000001f79e9ac800 JavaThread "jar transforms Thread 8" [_thread_blocked, id=12700, stack(0x000000ded8d00000,0x000000ded8e00000)]
  0x000001f79e9ad800 JavaThread "Memory manager" [_thread_blocked, id=11784, stack(0x000000ded8f00000,0x000000ded9000000)]
  0x000001f79f12d800 JavaThread "Daemon Thread 2" [_thread_blocked, id=7684, stack(0x000000ded4a00000,0x000000ded4b00000)]
  0x000001f79f12b800 JavaThread "Daemon worker Thread 2" [_thread_blocked, id=11104, stack(0x000000ded6300000,0x000000ded6400000)]
  0x000001f79e9ae000 JavaThread "Handler for socket connection from /127.0.0.1:53376 to /127.0.0.1:53706" [_thread_in_native, id=12904, stack(0x000000ded4b00000,0x000000ded4c00000)]
  0x000001f79e9a8800 JavaThread "Cancel handler" [_thread_blocked, id=3616, stack(0x000000ded4c00000,0x000000ded4d00000)]
  0x000001f79e9aa000 JavaThread "Asynchronous log dispatcher for DefaultDaemonConnection: socket connection from /127.0.0.1:53376 to /127.0.0.1:53706" [_thread_blocked, id=10740, stack(0x000000ded6400000,0x000000ded6500000)]
  0x000001f79e9af000 JavaThread "Stdin handler" [_thread_blocked, id=11864, stack(0x000000ded6500000,0x000000ded6600000)]
  0x000001f79e9a9000 JavaThread "Daemon client event forwarder" [_thread_blocked, id=9792, stack(0x000000ded6600000,0x000000ded6700000)]
  0x000001f79e9b4800 JavaThread "Cache worker for file hash cache (C:\Users\Admin\AndroidStudioProjects\updateProfile2\.gradle\7.0.2\fileHashes)" [_thread_blocked, id=13208, stack(0x000000ded6700000,0x000000ded6800000)]
  0x000001f79e9af800 JavaThread "Cache worker for checksums cache (C:\Users\Admin\AndroidStudioProjects\updateProfile2\.gradle\checksums)" [_thread_blocked, id=12884, stack(0x000000ded6800000,0x000000ded6900000)]
  0x000001f79e9b4000 JavaThread "Cache worker for cache directory md-supplier (C:\Users\Admin\.gradle\caches\7.0.2\md-supplier)" [_thread_blocked, id=8560, stack(0x000000ded6900000,0x000000ded6a00000)]
  0x000001f79e9b0800 JavaThread "Cache worker for cache directory md-rule (C:\Users\Admin\.gradle\caches\7.0.2\md-rule)" [_thread_blocked, id=12920, stack(0x000000ded7300000,0x000000ded7400000)]
  0x000001f79e9b1800 JavaThread "Cache worker for dependencies-accessors (C:\Users\Admin\AndroidStudioProjects\updateProfile2\.gradle\7.0.2\dependencies-accessors)" [_thread_blocked, id=2388, stack(0x000000ded7400000,0x000000ded7500000)]
  0x000001f79e9b2000 JavaThread "Cache worker for Build Output Cleanup Cache (C:\Users\Admin\AndroidStudioProjects\updateProfile2\.gradle\buildOutputCleanup)" [_thread_blocked, id=1304, stack(0x000000ded7700000,0x000000ded7800000)]
  0x000001f79b946800 JavaThread "Build operations" [_thread_blocked, id=13304, stack(0x000000ded7f00000,0x000000ded8000000)]
  0x000001f79b947000 JavaThread "Build operations Thread 2" [_thread_blocked, id=4864, stack(0x000000ded8100000,0x000000ded8200000)]
  0x000001f79b941800 JavaThread "Build operations Thread 3" [_thread_blocked, id=796, stack(0x000000ded8200000,0x000000ded8300000)]
  0x000001f79b945000 JavaThread "Build operations Thread 4" [_thread_blocked, id=5180, stack(0x000000ded8300000,0x000000ded8400000)]
  0x000001f79b948000 JavaThread "Build operations Thread 5" [_thread_blocked, id=7592, stack(0x000000ded8400000,0x000000ded8500000)]
  0x000001f79b942800 JavaThread "Build operations Thread 6" [_thread_blocked, id=9460, stack(0x000000ded8500000,0x000000ded8600000)]
  0x000001f79b949800 JavaThread "Build operations Thread 7" [_thread_blocked, id=4332, stack(0x000000ded8600000,0x000000ded8700000)]
  0x000001f79b949000 JavaThread "Build operations Thread 8" [_thread_blocked, id=9080, stack(0x000000ded8700000,0x000000ded8800000)]
  0x000001f79b945800 JavaThread "build event listener" [_thread_blocked, id=10196, stack(0x000000ded8800000,0x000000ded8900000)]
  0x000001f79b94c000 JavaThread "Execution worker for ':'" [_thread_blocked, id=7512, stack(0x000000ded8900000,0x000000ded8a00000)]
  0x000001f79b94b800 JavaThread "Execution worker for ':' Thread 2" [_thread_blocked, id=9132, stack(0x000000ded8e00000,0x000000ded8f00000)]
  0x000001f79b94d000 JavaThread "Execution worker for ':' Thread 3" [_thread_blocked, id=12032, stack(0x000000ded9200000,0x000000ded9300000)]
  0x000001f79b950000 JavaThread "Execution worker for ':' Thread 4" [_thread_blocked, id=8400, stack(0x000000ded9300000,0x000000ded9400000)]
  0x000001f79b94e800 JavaThread "Execution worker for ':' Thread 5" [_thread_blocked, id=7432, stack(0x000000ded9400000,0x000000ded9500000)]
  0x000001f79b94a800 JavaThread "Execution worker for ':' Thread 6" [_thread_blocked, id=5616, stack(0x000000ded9500000,0x000000ded9600000)]
  0x000001f79b94f800 JavaThread "Execution worker for ':' Thread 7" [_thread_blocked, id=1512, stack(0x000000ded9600000,0x000000ded9700000)]
  0x000001f79b94e000 JavaThread "Cache worker for execution history cache (C:\Users\Admin\AndroidStudioProjects\updateProfile2\.gradle\7.0.2\executionHistory)" [_thread_blocked, id=5576, stack(0x000000ded9700000,0x000000ded9800000)]
  0x000001f79f129800 JavaThread "WorkerExecutor Queue" [_thread_blocked, id=7728, stack(0x000000ded9800000,0x000000ded9900000)]
  0x000001f79f12c800 JavaThread "WorkerExecutor Queue Thread 2" [_thread_blocked, id=10300, stack(0x000000ded9900000,0x000000ded9a00000)]
  0x000001f79f128800 JavaThread "pool-18-thread-1" [_thread_blocked, id=2284, stack(0x000000ded9a00000,0x000000ded9b00000)]
  0x000001f79f12f000 JavaThread "stderr" [_thread_in_native, id=12924, stack(0x000000ded9e00000,0x000000ded9f00000)]
  0x000001f79f12e000 JavaThread "stdout" [_thread_in_native, id=10712, stack(0x000000ded9f00000,0x000000deda000000)]
  0x000001f79f130000 JavaThread "Cache worker for Java compile cache (C:\Users\Admin\.gradle\caches\7.0.2\javaCompile)" [_thread_blocked, id=8688, stack(0x000000deda000000,0x000000deda100000)]
  0x000001f79d9d1800 JavaThread "Cache worker for Java compile cache (C:\Users\Admin\AndroidStudioProjects\updateProfile2\.gradle\7.0.2\javaCompile)" [_thread_blocked, id=9352, stack(0x000000deda100000,0x000000deda200000)]
  0x000001f79d9cf000 JavaThread "WorkerExecutor Queue Thread 3" [_thread_blocked, id=2548, stack(0x000000ded7800000,0x000000ded7900000)]
  0x000001f79d9d3000 JavaThread "WorkerExecutor Queue Thread 4" [_thread_blocked, id=8760, stack(0x000000ded7900000,0x000000ded7a00000)]
  0x000001f79f12b000 JavaThread "WorkerExecutor Queue Thread 5" [_thread_blocked, id=9008, stack(0x000000deda200000,0x000000deda300000)]
  0x000001f79f12a000 JavaThread "WorkerExecutor Queue Thread 6" [_thread_blocked, id=1468, stack(0x000000deda300000,0x000000deda400000)]
  0x000001f79e9b3000 JavaThread "WorkerExecutor Queue Thread 7" [_thread_in_vm, id=1016, stack(0x000000deda400000,0x000000deda500000)]
  0x000001f79b944000 JavaThread "WorkerExecutor Queue Thread 8" [_thread_blocked, id=10288, stack(0x000000deda500000,0x000000deda600000)]
  0x000001f79e538000 JavaThread "WorkerExecutor Queue Thread 9" [_thread_blocked, id=3704, stack(0x000000deda600000,0x000000deda700000)]
=>0x000001f79e53c000 JavaThread "C2 CompilerThread1" daemon [_thread_in_native, id=7104, stack(0x000000deda700000,0x000000deda800000)]

Other Threads:
  0x000001f79abaf800 VMThread "VM Thread" [stack: 0x000000ded5300000,0x000000ded5400000] [id=11000]
  0x000001f79b6a8800 WatcherThread [stack: 0x000000ded5d00000,0x000000ded5e00000] [id=5736]
  0x000001f7fe253800 GCTaskThread "GC Thread#0" [stack: 0x000000ded4e00000,0x000000ded4f00000] [id=4492]
  0x000001f79badc000 GCTaskThread "GC Thread#1" [stack: 0x000000ded5f00000,0x000000ded6000000] [id=2620]
  0x000001f79c3be000 GCTaskThread "GC Thread#2" [stack: 0x000000ded6000000,0x000000ded6100000] [id=2960]
  0x000001f79ec63800 GCTaskThread "GC Thread#3" [stack: 0x000000ded6a00000,0x000000ded6b00000] [id=10716]
  0x000001f79e11a800 GCTaskThread "GC Thread#4" [stack: 0x000000ded6b00000,0x000000ded6c00000] [id=756]
  0x000001f79d34e800 GCTaskThread "GC Thread#5" [stack: 0x000000ded6c00000,0x000000ded6d00000] [id=2608]
  0x000001f79c792800 GCTaskThread "GC Thread#6" [stack: 0x000000ded6d00000,0x000000ded6e00000] [id=11536]
  0x000001f79d442000 GCTaskThread "GC Thread#7" [stack: 0x000000ded6e00000,0x000000ded6f00000] [id=5500]
  0x000001f7fe283800 ConcurrentGCThread "G1 Main Marker" [stack: 0x000000ded4f00000,0x000000ded5000000] [id=9568]
  0x000001f7fe286000 ConcurrentGCThread "G1 Conc#0" [stack: 0x000000ded5000000,0x000000ded5100000] [id=1560]
  0x000001f79c3bd000 ConcurrentGCThread "G1 Conc#1" [stack: 0x000000ded7100000,0x000000ded7200000] [id=13232]
  0x000001f7fe317000 ConcurrentGCThread "G1 Refine#0" [stack: 0x000000ded5100000,0x000000ded5200000] [id=13064]
  0x000001f7a1f84800 ConcurrentGCThread "G1 Refine#1" [stack: 0x000000ded9b00000,0x000000ded9c00000] [id=6752]
  0x000001f7a1f81800 ConcurrentGCThread "G1 Refine#2" [stack: 0x000000ded9c00000,0x000000ded9d00000] [id=10440]
  0x000001f7a1f80800 ConcurrentGCThread "G1 Refine#3" [stack: 0x000000ded9d00000,0x000000ded9e00000] [id=2476]
  0x000001f79aa00800 ConcurrentGCThread "G1 Young RemSet Sampling" [stack: 0x000000ded5200000,0x000000ded5300000] [id=9560]

Threads with active compile tasks:
C2 CompilerThread0 324710 17130       4       com.android.tools.r8.internal.Is$$Lambda$1575/0x0000000100e5b040::accept (20 bytes)
C1 CompilerThread0 324710 17148       3       com.android.tools.r8.internal.U6::a (6044 bytes)
C2 CompilerThread1 324710 17030       4       com.android.tools.r8.graph.B0$c::a (559 bytes)

VM state:not at safepoint (normal execution)

VM Mutex/Monitor currently owned by a thread: None

Heap address: 0x0000000080000000, size: 2048 MB, Compressed Oops mode: 32-bit
Narrow klass base: 0x0000000000000000, Narrow klass shift: 3
Compressed class space size: 1073741824 Address: 0x0000000100000000

Heap:
 garbage-first heap   total 187392K, used 125029K [0x0000000080000000, 0x0000000100000000)
  region size 1024K, 39 young (39936K), 1 survivors (1024K)
 Metaspace       used 107791K, capacity 110844K, committed 111164K, reserved 1146880K
  class space    used 13595K, capacity 14754K, committed 14848K, reserved 1048576K
Heap Regions: E=young(eden), S=young(survivor), O=old, HS=humongous(starts), HC=humongous(continues), CS=collection set, F=free, A=archive, TAMS=top-at-mark-start (previous, next)
|   0|0x0000000080000000, 0x0000000080100000, 0x0000000080100000|100%| O|  |TAMS 0x0000000080100000, 0x0000000080000000| Untracked 
|   1|0x0000000080100000, 0x0000000080200000, 0x0000000080200000|100%| O|  |TAMS 0x0000000080200000, 0x0000000080100000| Untracked 
|   2|0x0000000080200000, 0x0000000080300000, 0x0000000080300000|100%| O|  |TAMS 0x0000000080300000, 0x0000000080200000| Untracked 
|   3|0x0000000080300000, 0x0000000080400000, 0x0000000080400000|100%|HS|  |TAMS 0x0000000080400000, 0x0000000080300000| Complete 
|   4|0x0000000080400000, 0x0000000080500000, 0x0000000080500000|100%|HC|  |TAMS 0x0000000080500000, 0x0000000080400000| Complete 
|   5|0x0000000080500000, 0x0000000080600000, 0x0000000080600000|100%|HC|  |TAMS 0x0000000080600000, 0x0000000080500000| Complete 
|   6|0x0000000080600000, 0x0000000080700000, 0x0000000080700000|100%| O|  |TAMS 0x0000000080700000, 0x0000000080600000| Untracked 
|   7|0x0000000080700000, 0x0000000080800000, 0x0000000080800000|100%| O|  |TAMS 0x0000000080800000, 0x0000000080700000| Untracked 
|   8|0x0000000080800000, 0x0000000080900000, 0x0000000080900000|100%| O|  |TAMS 0x0000000080900000, 0x0000000080800000| Untracked 
|   9|0x0000000080900000, 0x0000000080a00000, 0x0000000080a00000|100%| O|  |TAMS 0x0000000080a00000, 0x0000000080900000| Untracked 
|  10|0x0000000080a00000, 0x0000000080b00000, 0x0000000080b00000|100%| O|  |TAMS 0x0000000080b00000, 0x0000000080a00000| Untracked 
|  11|0x0000000080b00000, 0x0000000080c00000, 0x0000000080c00000|100%| O|  |TAMS 0x0000000080c00000, 0x0000000080b00000| Untracked 
|  12|0x0000000080c00000, 0x0000000080d00000, 0x0000000080d00000|100%| O|  |TAMS 0x0000000080d00000, 0x0000000080c00000| Untracked 
|  13|0x0000000080d00000, 0x0000000080e00000, 0x0000000080e00000|100%| O|  |TAMS 0x0000000080e00000, 0x0000000080d00000| Untracked 
|  14|0x0000000080e00000, 0x0000000080f00000, 0x0000000080f00000|100%| O|  |TAMS 0x0000000080f00000, 0x0000000080e00000| Untracked 
|  15|0x0000000080f00000, 0x0000000081000000, 0x0000000081000000|100%| O|  |TAMS 0x0000000081000000, 0x0000000080f00000| Untracked 
|  16|0x0000000081000000, 0x0000000081100000, 0x0000000081100000|100%|HS|  |TAMS 0x0000000081100000, 0x0000000081000000| Complete 
|  17|0x0000000081100000, 0x0000000081200000, 0x0000000081200000|100%| O|  |TAMS 0x0000000081200000, 0x0000000081100000| Untracked 
|  18|0x0000000081200000, 0x0000000081300000, 0x0000000081300000|100%| O|  |TAMS 0x0000000081300000, 0x0000000081200000| Untracked 
|  19|0x0000000081300000, 0x0000000081400000, 0x0000000081400000|100%| O|  |TAMS 0x0000000081400000, 0x0000000081300000| Untracked 
|  20|0x0000000081400000, 0x0000000081500000, 0x0000000081500000|100%| O|  |TAMS 0x0000000081500000, 0x0000000081400000| Untracked 
|  21|0x0000000081500000, 0x0000000081600000, 0x0000000081600000|100%| O|  |TAMS 0x0000000081600000, 0x0000000081500000| Untracked 
|  22|0x0000000081600000, 0x0000000081700000, 0x0000000081700000|100%| O|  |TAMS 0x0000000081700000, 0x0000000081600000| Untracked 
|  23|0x0000000081700000, 0x0000000081800000, 0x0000000081800000|100%|HS|  |TAMS 0x0000000081800000, 0x0000000081700000| Complete 
|  24|0x0000000081800000, 0x0000000081900000, 0x0000000081900000|100%|HS|  |TAMS 0x0000000081900000, 0x0000000081800000| Complete 
|  25|0x0000000081900000, 0x0000000081a00000, 0x0000000081a00000|100%|HC|  |TAMS 0x0000000081a00000, 0x0000000081900000| Complete 
|  26|0x0000000081a00000, 0x0000000081b00000, 0x0000000081b00000|100%| O|  |TAMS 0x0000000081b00000, 0x0000000081a00000| Untracked 
|  27|0x0000000081b00000, 0x0000000081c00000, 0x0000000081c00000|100%| O|  |TAMS 0x0000000081c00000, 0x0000000081b00000| Untracked 
|  28|0x0000000081c00000, 0x0000000081d00000, 0x0000000081d00000|100%| O|  |TAMS 0x0000000081d00000, 0x0000000081c00000| Untracked 
|  29|0x0000000081d00000, 0x0000000081e00000, 0x0000000081e00000|100%| O|  |TAMS 0x0000000081e00000, 0x0000000081d00000| Untracked 
|  30|0x0000000081e00000, 0x0000000081f00000, 0x0000000081f00000|100%| O|  |TAMS 0x0000000081f00000, 0x0000000081e00000| Untracked 
|  31|0x0000000081f00000, 0x0000000082000000, 0x0000000082000000|100%| O|  |TAMS 0x0000000082000000, 0x0000000081f00000| Untracked 
|  32|0x0000000082000000, 0x0000000082100000, 0x0000000082100000|100%| O|  |TAMS 0x0000000082100000, 0x0000000082000000| Untracked 
|  33|0x0000000082100000, 0x0000000082200000, 0x0000000082200000|100%| O|  |TAMS 0x0000000082200000, 0x0000000082100000| Untracked 
|  34|0x0000000082200000, 0x0000000082300000, 0x0000000082300000|100%| O|  |TAMS 0x0000000082300000, 0x0000000082200000| Untracked 
|  35|0x0000000082300000, 0x0000000082400000, 0x0000000082400000|100%| O|  |TAMS 0x0000000082400000, 0x0000000082300000| Untracked 
|  36|0x0000000082400000, 0x0000000082500000, 0x0000000082500000|100%| O|  |TAMS 0x0000000082500000, 0x0000000082400000| Untracked 
|  37|0x0000000082500000, 0x0000000082600000, 0x0000000082600000|100%| O|  |TAMS 0x0000000082600000, 0x0000000082500000| Untracked 
|  38|0x0000000082600000, 0x0000000082700000, 0x0000000082700000|100%| O|  |TAMS 0x0000000082700000, 0x0000000082600000| Untracked 
|  39|0x0000000082700000, 0x0000000082800000, 0x0000000082800000|100%| O|  |TAMS 0x0000000082800000, 0x0000000082700000| Untracked 
|  40|0x0000000082800000, 0x0000000082900000, 0x0000000082900000|100%| O|  |TAMS 0x0000000082900000, 0x0000000082800000| Untracked 
|  41|0x0000000082900000, 0x0000000082a00000, 0x0000000082a00000|100%| O|  |TAMS 0x0000000082a00000, 0x0000000082900000| Untracked 
|  42|0x0000000082a00000, 0x0000000082b00000, 0x0000000082b00000|100%| O|  |TAMS 0x0000000082b00000, 0x0000000082a00000| Untracked 
|  43|0x0000000082b00000, 0x0000000082c00000, 0x0000000082c00000|100%| O|  |TAMS 0x0000000082c00000, 0x0000000082b00000| Untracked 
|  44|0x0000000082c00000, 0x0000000082d00000, 0x0000000082d00000|100%| O|  |TAMS 0x0000000082d00000, 0x0000000082c00000| Untracked 
|  45|0x0000000082d00000, 0x0000000082e00000, 0x0000000082e00000|100%| O|  |TAMS 0x0000000082e00000, 0x0000000082d00000| Untracked 
|  46|0x0000000082e00000, 0x0000000082f00000, 0x0000000082f00000|100%| O|  |TAMS 0x0000000082f00000, 0x0000000082e00000| Untracked 
|  47|0x0000000082f00000, 0x0000000083000000, 0x0000000083000000|100%| O|  |TAMS 0x0000000083000000, 0x0000000082f00000| Untracked 
|  48|0x0000000083000000, 0x0000000083100000, 0x0000000083100000|100%| O|  |TAMS 0x0000000083100000, 0x0000000083000000| Untracked 
|  49|0x0000000083100000, 0x0000000083200000, 0x0000000083200000|100%| O|  |TAMS 0x0000000083200000, 0x0000000083100000| Untracked 
|  50|0x0000000083200000, 0x0000000083300000, 0x0000000083300000|100%| O|  |TAMS 0x0000000083300000, 0x0000000083200000| Untracked 
|  51|0x0000000083300000, 0x0000000083400000, 0x0000000083400000|100%| O|  |TAMS 0x0000000083400000, 0x0000000083300000| Untracked 
|  52|0x0000000083400000, 0x0000000083500000, 0x0000000083500000|100%| O|  |TAMS 0x0000000083400000, 0x0000000083400000| Untracked 
|  53|0x0000000083500000, 0x0000000083600000, 0x0000000083600000|100%| O|  |TAMS 0x0000000083600000, 0x0000000083500000| Untracked 
|  54|0x0000000083600000, 0x0000000083700000, 0x0000000083700000|100%| O|  |TAMS 0x0000000083700000, 0x0000000083600000| Untracked 
|  55|0x0000000083700000, 0x0000000083800000, 0x0000000083800000|100%| O|  |TAMS 0x0000000083800000, 0x0000000083700000| Untracked 
|  56|0x0000000083800000, 0x0000000083900000, 0x0000000083900000|100%| O|  |TAMS 0x0000000083900000, 0x0000000083800000| Untracked 
|  57|0x0000000083900000, 0x0000000083a00000, 0x0000000083a00000|100%| O|  |TAMS 0x0000000083a00000, 0x0000000083900000| Untracked 
|  58|0x0000000083a00000, 0x0000000083b00000, 0x0000000083b00000|100%| O|  |TAMS 0x0000000083b00000, 0x0000000083a00000| Untracked 
|  59|0x0000000083b00000, 0x0000000083c00000, 0x0000000083c00000|100%| O|  |TAMS 0x0000000083b00000, 0x0000000083b00000| Untracked 
|  60|0x0000000083c00000, 0x0000000083c00000, 0x0000000083d00000|  0%| F|  |TAMS 0x0000000083c00000, 0x0000000083c00000| Untracked 
|  61|0x0000000083d00000, 0x0000000083e00000, 0x0000000083e00000|100%| O|  |TAMS 0x0000000083e00000, 0x0000000083d00000| Untracked 
|  62|0x0000000083e00000, 0x0000000083f00000, 0x0000000083f00000|100%| O|  |TAMS 0x0000000083f00000, 0x0000000083e00000| Untracked 
|  63|0x0000000083f00000, 0x0000000084000000, 0x0000000084000000|100%| O|  |TAMS 0x0000000083f00000, 0x0000000083f00000| Untracked 
|  64|0x0000000084000000, 0x0000000084100000, 0x0000000084100000|100%| O|  |TAMS 0x0000000084100000, 0x0000000084000000| Untracked 
|  65|0x0000000084100000, 0x0000000084200000, 0x0000000084200000|100%| O|  |TAMS 0x00000000841e9a00, 0x0000000084100000| Untracked 
|  66|0x0000000084200000, 0x0000000084300000, 0x0000000084300000|100%| O|  |TAMS 0x0000000084300000, 0x0000000084200000| Untracked 
|  67|0x0000000084300000, 0x0000000084400000, 0x0000000084400000|100%| O|  |TAMS 0x0000000084400000, 0x0000000084300000| Untracked 
|  68|0x0000000084400000, 0x0000000084500000, 0x0000000084500000|100%| O|  |TAMS 0x0000000084400000, 0x0000000084400000| Untracked 
|  69|0x0000000084500000, 0x0000000084600000, 0x0000000084600000|100%| O|  |TAMS 0x0000000084600000, 0x0000000084500000| Untracked 
|  70|0x0000000084600000, 0x0000000084700000, 0x0000000084700000|100%| O|  |TAMS 0x0000000084700000, 0x0000000084600000| Untracked 
|  71|0x0000000084700000, 0x0000000084800000, 0x0000000084800000|100%| O|  |TAMS 0x0000000084800000, 0x0000000084700000| Untracked 
|  72|0x0000000084800000, 0x0000000084900000, 0x0000000084900000|100%| O|  |TAMS 0x0000000084900000, 0x0000000084800000| Untracked 
|  73|0x0000000084900000, 0x0000000084a00000, 0x0000000084a00000|100%| O|  |TAMS 0x0000000084a00000, 0x0000000084900000| Untracked 
|  74|0x0000000084a00000, 0x0000000084b00000, 0x0000000084b00000|100%|HS|  |TAMS 0x0000000084a00000, 0x0000000084a00000| Complete 
|  75|0x0000000084b00000, 0x0000000084c00000, 0x0000000084c00000|100%|HC|  |TAMS 0x0000000084b00000, 0x0000000084b00000| Complete 
|  76|0x0000000084c00000, 0x0000000084d00000, 0x0000000084d00000|100%| O|  |TAMS 0x0000000084d00000, 0x0000000084c00000| Untracked 
|  77|0x0000000084d00000, 0x0000000084e00000, 0x0000000084e00000|100%| O|  |TAMS 0x0000000084e00000, 0x0000000084d00000| Untracked 
|  78|0x0000000084e00000, 0x0000000084f00000, 0x0000000084f00000|100%| O|  |TAMS 0x0000000084f00000, 0x0000000084e00000| Untracked 
|  79|0x0000000084f00000, 0x0000000085000000, 0x0000000085000000|100%| O|  |TAMS 0x0000000085000000, 0x0000000084f00000| Untracked 
|  80|0x0000000085000000, 0x0000000085100000, 0x0000000085100000|100%| O|  |TAMS 0x0000000085100000, 0x0000000085000000| Untracked 
|  81|0x0000000085100000, 0x0000000085200000, 0x0000000085200000|100%| O|  |TAMS 0x0000000085100000, 0x0000000085100000| Untracked 
|  82|0x0000000085200000, 0x0000000085300000, 0x0000000085300000|100%| O|  |TAMS 0x0000000085200000, 0x0000000085200000| Untracked 
|  83|0x0000000085300000, 0x0000000085400000, 0x0000000085400000|100%| O|  |TAMS 0x0000000085300000, 0x0000000085300000| Untracked 
|  84|0x0000000085400000, 0x0000000085500000, 0x0000000085500000|100%| O|  |TAMS 0x0000000085400000, 0x0000000085400000| Untracked 
|  85|0x0000000085500000, 0x0000000085519400, 0x0000000085600000|  9%| O|  |TAMS 0x0000000085500000, 0x0000000085500000| Untracked 
|  86|0x0000000085600000, 0x0000000085600000, 0x0000000085700000|  0%| F|  |TAMS 0x0000000085600000, 0x0000000085600000| Untracked 
|  87|0x0000000085700000, 0x0000000085700000, 0x0000000085800000|  0%| F|  |TAMS 0x0000000085700000, 0x0000000085700000| Untracked 
|  88|0x0000000085800000, 0x0000000085800000, 0x0000000085900000|  0%| F|  |TAMS 0x0000000085800000, 0x0000000085800000| Untracked 
|  89|0x0000000085900000, 0x0000000085900000, 0x0000000085a00000|  0%| F|  |TAMS 0x0000000085900000, 0x0000000085900000| Untracked 
|  90|0x0000000085a00000, 0x0000000085a00000, 0x0000000085b00000|  0%| F|  |TAMS 0x0000000085a00000, 0x0000000085a00000| Untracked 
|  91|0x0000000085b00000, 0x0000000085b00000, 0x0000000085c00000|  0%| F|  |TAMS 0x0000000085b00000, 0x0000000085b00000| Untracked 
|  92|0x0000000085c00000, 0x0000000085c00000, 0x0000000085d00000|  0%| F|  |TAMS 0x0000000085c00000, 0x0000000085c00000| Untracked 
|  93|0x0000000085d00000, 0x0000000085d00000, 0x0000000085e00000|  0%| F|  |TAMS 0x0000000085d00000, 0x0000000085d00000| Untracked 
|  94|0x0000000085e00000, 0x0000000085e00000, 0x0000000085f00000|  0%| F|  |TAMS 0x0000000085e00000, 0x0000000085e00000| Untracked 
|  95|0x0000000085f00000, 0x0000000086000000, 0x0000000086000000|100%| O|  |TAMS 0x0000000086000000, 0x0000000085f00000| Untracked 
|  96|0x0000000086000000, 0x0000000086000000, 0x0000000086100000|  0%| F|  |TAMS 0x0000000086000000, 0x0000000086000000| Untracked 
|  97|0x0000000086100000, 0x0000000086100000, 0x0000000086200000|  0%| F|  |TAMS 0x0000000086100000, 0x0000000086100000| Untracked 
|  98|0x0000000086200000, 0x0000000086200000, 0x0000000086300000|  0%| F|  |TAMS 0x0000000086200000, 0x0000000086200000| Untracked 
|  99|0x0000000086300000, 0x0000000086300000, 0x0000000086400000|  0%| F|  |TAMS 0x0000000086300000, 0x0000000086300000| Untracked 
| 100|0x0000000086400000, 0x0000000086400000, 0x0000000086500000|  0%| F|  |TAMS 0x0000000086400000, 0x0000000086400000| Untracked 
| 101|0x0000000086500000, 0x0000000086500000, 0x0000000086600000|  0%| F|  |TAMS 0x0000000086500000, 0x0000000086500000| Untracked 
| 102|0x0000000086600000, 0x0000000086600000, 0x0000000086700000|  0%| F|  |TAMS 0x0000000086600000, 0x0000000086600000| Untracked 
| 103|0x0000000086700000, 0x0000000086700000, 0x0000000086800000|  0%| F|  |TAMS 0x0000000086700000, 0x0000000086700000| Untracked 
| 104|0x0000000086800000, 0x0000000086800000, 0x0000000086900000|  0%| F|  |TAMS 0x0000000086800000, 0x0000000086800000| Untracked 
| 105|0x0000000086900000, 0x0000000086900000, 0x0000000086a00000|  0%| F|  |TAMS 0x0000000086900000, 0x0000000086900000| Untracked 
| 106|0x0000000086a00000, 0x0000000086a00000, 0x0000000086b00000|  0%| F|  |TAMS 0x0000000086a00000, 0x0000000086a00000| Untracked 
| 107|0x0000000086b00000, 0x0000000086b00000, 0x0000000086c00000|  0%| F|  |TAMS 0x0000000086b00000, 0x0000000086b00000| Untracked 
| 108|0x0000000086c00000, 0x0000000086c00000, 0x0000000086d00000|  0%| F|  |TAMS 0x0000000086c00000, 0x0000000086c00000| Untracked 
| 109|0x0000000086d00000, 0x0000000086d00000, 0x0000000086e00000|  0%| F|  |TAMS 0x0000000086d00000, 0x0000000086d00000| Untracked 
| 110|0x0000000086e00000, 0x0000000086e00000, 0x0000000086f00000|  0%| F|  |TAMS 0x0000000086e00000, 0x0000000086e00000| Untracked 
| 111|0x0000000086f00000, 0x0000000086f00000, 0x0000000087000000|  0%| F|  |TAMS 0x0000000086f00000, 0x0000000086f00000| Untracked 
| 112|0x0000000087000000, 0x0000000087000000, 0x0000000087100000|  0%| F|  |TAMS 0x0000000087000000, 0x0000000087000000| Untracked 
| 113|0x0000000087100000, 0x0000000087100000, 0x0000000087200000|  0%| F|  |TAMS 0x0000000087100000, 0x0000000087100000| Untracked 
| 114|0x0000000087200000, 0x0000000087200000, 0x0000000087300000|  0%| F|  |TAMS 0x0000000087200000, 0x0000000087200000| Untracked 
| 115|0x0000000087300000, 0x0000000087300000, 0x0000000087400000|  0%| F|  |TAMS 0x0000000087300000, 0x0000000087300000| Untracked 
| 116|0x0000000087400000, 0x0000000087400000, 0x0000000087500000|  0%| F|  |TAMS 0x0000000087400000, 0x0000000087400000| Untracked 
| 117|0x0000000087500000, 0x0000000087500000, 0x0000000087600000|  0%| F|  |TAMS 0x0000000087500000, 0x0000000087500000| Untracked 
| 118|0x0000000087600000, 0x0000000087600000, 0x0000000087700000|  0%| F|  |TAMS 0x0000000087600000, 0x0000000087600000| Untracked 
| 119|0x0000000087700000, 0x0000000087700000, 0x0000000087800000|  0%| F|  |TAMS 0x0000000087700000, 0x0000000087700000| Untracked 
| 120|0x0000000087800000, 0x0000000087800000, 0x0000000087900000|  0%| F|  |TAMS 0x0000000087800000, 0x0000000087800000| Untracked 
| 121|0x0000000087900000, 0x0000000087900000, 0x0000000087a00000|  0%| F|  |TAMS 0x0000000087900000, 0x0000000087900000| Untracked 
| 122|0x0000000087a00000, 0x0000000087a00000, 0x0000000087b00000|  0%| F|  |TAMS 0x0000000087a00000, 0x0000000087a00000| Untracked 
| 123|0x0000000087b00000, 0x0000000087b00000, 0x0000000087c00000|  0%| F|  |TAMS 0x0000000087b00000, 0x0000000087b00000| Untracked 
| 124|0x0000000087c00000, 0x0000000087c00000, 0x0000000087d00000|  0%| F|  |TAMS 0x0000000087c00000, 0x0000000087c00000| Untracked 
| 125|0x0000000087d00000, 0x0000000087d00000, 0x0000000087e00000|  0%| F|  |TAMS 0x0000000087d00000, 0x0000000087d00000| Untracked 
| 126|0x0000000087e00000, 0x0000000087e00000, 0x0000000087f00000|  0%| F|  |TAMS 0x0000000087e00000, 0x0000000087e00000| Untracked 
| 127|0x0000000087f00000, 0x0000000087f00000, 0x0000000088000000|  0%| F|  |TAMS 0x0000000087f00000, 0x0000000087f00000| Untracked 
| 128|0x0000000088000000, 0x0000000088000000, 0x0000000088100000|  0%| F|  |TAMS 0x0000000088000000, 0x0000000088000000| Untracked 
| 129|0x0000000088100000, 0x0000000088100000, 0x0000000088200000|  0%| F|  |TAMS 0x0000000088100000, 0x0000000088100000| Untracked 
| 130|0x0000000088200000, 0x0000000088200000, 0x0000000088300000|  0%| F|  |TAMS 0x0000000088200000, 0x0000000088200000| Untracked 
| 131|0x0000000088300000, 0x0000000088300000, 0x0000000088400000|  0%| F|  |TAMS 0x0000000088300000, 0x0000000088300000| Untracked 
| 132|0x0000000088400000, 0x0000000088400000, 0x0000000088500000|  0%| F|  |TAMS 0x0000000088400000, 0x0000000088400000| Untracked 
| 133|0x0000000088500000, 0x0000000088500000, 0x0000000088600000|  0%| F|  |TAMS 0x0000000088500000, 0x0000000088500000| Untracked 
| 134|0x0000000088600000, 0x0000000088600000, 0x0000000088700000|  0%| F|  |TAMS 0x0000000088600000, 0x0000000088600000| Untracked 
| 135|0x0000000088700000, 0x0000000088700000, 0x0000000088800000|  0%| F|  |TAMS 0x0000000088700000, 0x0000000088700000| Untracked 
| 136|0x0000000088800000, 0x0000000088800000, 0x0000000088900000|  0%| F|  |TAMS 0x0000000088800000, 0x0000000088800000| Untracked 
| 137|0x0000000088900000, 0x0000000088900000, 0x0000000088a00000|  0%| F|  |TAMS 0x0000000088900000, 0x0000000088900000| Untracked 
| 138|0x0000000088a00000, 0x0000000088a00000, 0x0000000088b00000|  0%| F|  |TAMS 0x0000000088a00000, 0x0000000088a00000| Untracked 
| 139|0x0000000088b00000, 0x0000000088b00000, 0x0000000088c00000|  0%| F|  |TAMS 0x0000000088b00000, 0x0000000088b00000| Untracked 
| 140|0x0000000088c00000, 0x0000000088c00000, 0x0000000088d00000|  0%| F|  |TAMS 0x0000000088c00000, 0x0000000088c00000| Untracked 
| 141|0x0000000088d00000, 0x0000000088d00000, 0x0000000088e00000|  0%| F|  |TAMS 0x0000000088d00000, 0x0000000088d00000| Untracked 
| 142|0x0000000088e00000, 0x0000000088e00000, 0x0000000088f00000|  0%| F|  |TAMS 0x0000000088e00000, 0x0000000088e00000| Untracked 
| 143|0x0000000088f00000, 0x0000000088f00000, 0x0000000089000000|  0%| F|  |TAMS 0x0000000088f00000, 0x0000000088f00000| Untracked 
| 144|0x0000000089000000, 0x00000000890c1828, 0x0000000089100000| 75%| E|  |TAMS 0x0000000089000000, 0x0000000089000000| Complete 
| 145|0x0000000089100000, 0x0000000089200000, 0x0000000089200000|100%| E|CS|TAMS 0x0000000089100000, 0x0000000089100000| Complete 
| 146|0x0000000089200000, 0x0000000089300000, 0x0000000089300000|100%| E|CS|TAMS 0x0000000089200000, 0x0000000089200000| Complete 
| 147|0x0000000089300000, 0x0000000089400000, 0x0000000089400000|100%| E|CS|TAMS 0x0000000089300000, 0x0000000089300000| Complete 
| 148|0x0000000089400000, 0x0000000089500000, 0x0000000089500000|100%| E|CS|TAMS 0x0000000089400000, 0x0000000089400000| Complete 
| 149|0x0000000089500000, 0x0000000089600000, 0x0000000089600000|100%| E|CS|TAMS 0x0000000089500000, 0x0000000089500000| Complete 
| 150|0x0000000089600000, 0x0000000089700000, 0x0000000089700000|100%| E|CS|TAMS 0x0000000089600000, 0x0000000089600000| Complete 
| 151|0x0000000089700000, 0x0000000089800000, 0x0000000089800000|100%| E|  |TAMS 0x0000000089700000, 0x0000000089700000| Complete 
| 152|0x0000000089800000, 0x0000000089900000, 0x0000000089900000|100%| E|CS|TAMS 0x0000000089800000, 0x0000000089800000| Complete 
| 153|0x0000000089900000, 0x0000000089a00000, 0x0000000089a00000|100%| E|CS|TAMS 0x0000000089900000, 0x0000000089900000| Complete 
| 154|0x0000000089a00000, 0x0000000089b00000, 0x0000000089b00000|100%| E|CS|TAMS 0x0000000089a00000, 0x0000000089a00000| Complete 
| 155|0x0000000089b00000, 0x0000000089c00000, 0x0000000089c00000|100%| E|CS|TAMS 0x0000000089b00000, 0x0000000089b00000| Complete 
| 156|0x0000000089c00000, 0x0000000089d00000, 0x0000000089d00000|100%| E|CS|TAMS 0x0000000089c00000, 0x0000000089c00000| Complete 
| 157|0x0000000089d00000, 0x0000000089e00000, 0x0000000089e00000|100%| E|CS|TAMS 0x0000000089d00000, 0x0000000089d00000| Complete 
| 158|0x0000000089e00000, 0x0000000089f00000, 0x0000000089f00000|100%| E|CS|TAMS 0x0000000089e00000, 0x0000000089e00000| Complete 
| 159|0x0000000089f00000, 0x000000008a000000, 0x000000008a000000|100%| E|CS|TAMS 0x0000000089f00000, 0x0000000089f00000| Complete 
| 160|0x000000008a000000, 0x000000008a100000, 0x000000008a100000|100%| E|CS|TAMS 0x000000008a000000, 0x000000008a000000| Complete 
| 161|0x000000008a100000, 0x000000008a200000, 0x000000008a200000|100%| E|CS|TAMS 0x000000008a100000, 0x000000008a100000| Complete 
| 162|0x000000008a200000, 0x000000008a300000, 0x000000008a300000|100%| E|CS|TAMS 0x000000008a200000, 0x000000008a200000| Complete 
| 163|0x000000008a300000, 0x000000008a400000, 0x000000008a400000|100%| E|CS|TAMS 0x000000008a300000, 0x000000008a300000| Complete 
| 164|0x000000008a400000, 0x000000008a500000, 0x000000008a500000|100%| E|CS|TAMS 0x000000008a400000, 0x000000008a400000| Complete 
| 165|0x000000008a500000, 0x000000008a600000, 0x000000008a600000|100%| E|CS|TAMS 0x000000008a500000, 0x000000008a500000| Complete 
| 166|0x000000008a600000, 0x000000008a700000, 0x000000008a700000|100%| E|CS|TAMS 0x000000008a600000, 0x000000008a600000| Complete 
| 167|0x000000008a700000, 0x000000008a800000, 0x000000008a800000|100%| E|CS|TAMS 0x000000008a700000, 0x000000008a700000| Complete 
| 168|0x000000008a800000, 0x000000008a900000, 0x000000008a900000|100%| E|CS|TAMS 0x000000008a800000, 0x000000008a800000| Complete 
| 169|0x000000008a900000, 0x000000008aa00000, 0x000000008aa00000|100%| E|CS|TAMS 0x000000008a900000, 0x000000008a900000| Complete 
| 170|0x000000008aa00000, 0x000000008ab00000, 0x000000008ab00000|100%| E|CS|TAMS 0x000000008aa00000, 0x000000008aa00000| Complete 
| 171|0x000000008ab00000, 0x000000008ac00000, 0x000000008ac00000|100%| E|CS|TAMS 0x000000008ab00000, 0x000000008ab00000| Complete 
| 172|0x000000008ac00000, 0x000000008ad00000, 0x000000008ad00000|100%| E|CS|TAMS 0x000000008ac00000, 0x000000008ac00000| Complete 
| 173|0x000000008ad00000, 0x000000008ae00000, 0x000000008ae00000|100%| E|CS|TAMS 0x000000008ad00000, 0x000000008ad00000| Complete 
| 174|0x000000008ae00000, 0x000000008af00000, 0x000000008af00000|100%| E|CS|TAMS 0x000000008ae00000, 0x000000008ae00000| Complete 
| 175|0x000000008af00000, 0x000000008b000000, 0x000000008b000000|100%| E|CS|TAMS 0x000000008af00000, 0x000000008af00000| Complete 
| 176|0x000000008b000000, 0x000000008b100000, 0x000000008b100000|100%| S|CS|TAMS 0x000000008b000000, 0x000000008b000000| Complete 
| 177|0x000000008b100000, 0x000000008b200000, 0x000000008b200000|100%| E|CS|TAMS 0x000000008b100000, 0x000000008b100000| Complete 
| 178|0x000000008b200000, 0x000000008b300000, 0x000000008b300000|100%| E|CS|TAMS 0x000000008b200000, 0x000000008b200000| Complete 
| 179|0x000000008b300000, 0x000000008b400000, 0x000000008b400000|100%| E|CS|TAMS 0x000000008b300000, 0x000000008b300000| Complete 
| 180|0x000000008b400000, 0x000000008b500000, 0x000000008b500000|100%| E|CS|TAMS 0x000000008b400000, 0x000000008b400000| Complete 
| 181|0x000000008b500000, 0x000000008b600000, 0x000000008b600000|100%| E|CS|TAMS 0x000000008b500000, 0x000000008b500000| Complete 
| 182|0x000000008b600000, 0x000000008b700000, 0x000000008b700000|100%| E|CS|TAMS 0x000000008b600000, 0x000000008b600000| Complete 

Card table byte_map: [0x000001f7938c0000,0x000001f793cc0000] _byte_map_base: 0x000001f7934c0000

Marking Bits (Prev, Next): (CMBitMap*) 0x000001f7fe27ad90, (CMBitMap*) 0x000001f7fe27ad58
 Prev Bits: [0x000001f7960c0000, 0x000001f7980c0000)
 Next Bits: [0x000001f7940c0000, 0x000001f7960c0000)

Polling page: 0x000001f780000000

Metaspace:

Usage:
  Non-class:     93.98 MB capacity,    92.09 MB ( 98%) used,     1.54 MB (  2%) free+waste,   358.56 KB ( <1%) overhead. 
      Class:     14.42 MB capacity,    13.29 MB ( 92%) used,   991.29 KB (  7%) free+waste,   163.50 KB (  1%) overhead. 
       Both:    108.40 MB capacity,   105.38 MB ( 97%) used,     2.51 MB (  2%) free+waste,   522.06 KB ( <1%) overhead. 

Virtual space:
  Non-class space:       96.00 MB reserved,      94.06 MB ( 98%) committed 
      Class space:        1.00 GB reserved,      14.50 MB (  1%) committed 
             Both:        1.09 GB reserved,     108.56 MB ( 10%) committed 

Chunk freelists:
   Non-Class:  12.00 KB
       Class:  19.00 KB
        Both:  31.00 KB

MaxMetaspaceSize: 17179869184.00 GB
CompressedClassSpaceSize: 1.00 GB

CodeHeap 'non-profiled nmethods': size=120000Kb used=11849Kb max_used=11849Kb free=108150Kb
 bounds [0x000001f78b500000, 0x000001f78c0a0000, 0x000001f792a30000]
CodeHeap 'profiled nmethods': size=120000Kb used=37173Kb max_used=37173Kb free=82826Kb
 bounds [0x000001f783fd0000, 0x000001f786420000, 0x000001f78b500000]
CodeHeap 'non-nmethods': size=5760Kb used=2328Kb max_used=2370Kb free=3431Kb
 bounds [0x000001f783a30000, 0x000001f783ca0000, 0x000001f783fd0000]
 total_blobs=17635 nmethods=16695 adapters=850
 compilation: enabled
              stopped_count=0, restarted_count=0
 full_count=0

Compilation events (20 events):
Event: 324.590 Thread 0x000001f79b54c000 nmethod 17065 0x000001f78c08da90 code [0x000001f78c08dc20, 0x000001f78c08dc78]
Event: 324.590 Thread 0x000001f79b550800 17095       1       com.android.tools.r8.internal.lw::b (2 bytes)
Event: 324.590 Thread 0x000001f79b54c000 17059       4       com.android.tools.r8.graph.T::c (23 bytes)
Event: 324.591 Thread 0x000001f79b550800 nmethod 17095 0x000001f78c08dd10 code [0x000001f78c08dec0, 0x000001f78c08df78]
Event: 324.591 Thread 0x000001f79b550800 17096       1       com.android.tools.r8.graph.V::O (5 bytes)
Event: 324.591 Thread 0x000001f79b550800 nmethod 17096 0x000001f78c08e010 code [0x000001f78c08e1c0, 0x000001f78c08e278]
Event: 324.592 Thread 0x000001f79b550800 17097       3       com.android.tools.r8.graph.c::l (8 bytes)
Event: 324.592 Thread 0x000001f79b550800 nmethod 17097 0x000001f78640a290 code [0x000001f78640a440, 0x000001f78640a558]
Event: 324.592 Thread 0x000001f79b550800 17098       3       com.android.tools.r8.graph.e::A (8 bytes)
Event: 324.593 Thread 0x000001f79b550800 nmethod 17098 0x000001f78640a610 code [0x000001f78640a7c0, 0x000001f78640a9b8]
Event: 324.601 Thread 0x000001f79b550800 17099       3       com.android.tools.r8.internal.kw::a (15 bytes)
Event: 324.602 Thread 0x000001f79b550800 nmethod 17099 0x000001f78640aa90 code [0x000001f78640ac40, 0x000001f78640ae48]
Event: 324.602 Thread 0x000001f79b550800 17100       3       com.android.tools.r8.internal.b2$e::<init> (10 bytes)
Event: 324.603 Thread 0x000001f79b550800 nmethod 17100 0x000001f78640af10 code [0x000001f78640b0c0, 0x000001f78640b278]
Event: 324.603 Thread 0x000001f79b550800 17101       3       com.android.tools.r8.internal.b2$f::a (181 bytes)
Event: 324.608 Thread 0x000001f79b550800 nmethod 17101 0x000001f78640b390 code [0x000001f78640b6e0, 0x000001f78640cac8]
Event: 324.608 Thread 0x000001f79b550800 17102       3       com.android.tools.r8.internal.N9::a (13 bytes)
Event: 324.608 Thread 0x000001f79b54c000 nmethod 17059 0x000001f78c08e310 code [0x000001f78c08e4e0, 0x000001f78c08e798]
Event: 324.608 Thread 0x000001f79b550800 nmethod 17102 0x000001f78640d210 code [0x000001f78640d3e0, 0x000001f78640d768]
Event: 324.608 Thread 0x000001f79b54c000 17066       4       com.android.tools.r8.graph.A0::e (29 bytes)

GC Heap History (20 events):
Event: 263.381 GC heap before
{Heap before GC invocations=31 (full 0):
 garbage-first heap   total 187392K, used 131500K [0x0000000080000000, 0x0000000100000000)
  region size 1024K, 50 young (51200K), 2 survivors (2048K)
 Metaspace       used 90463K, capacity 92848K, committed 92988K, reserved 1130496K
  class space    used 11408K, capacity 12242K, committed 12288K, reserved 1048576K
}
Event: 263.550 GC heap after
{Heap after GC invocations=32 (full 0):
 garbage-first heap   total 187392K, used 99880K [0x0000000080000000, 0x0000000100000000)
  region size 1024K, 8 young (8192K), 8 survivors (8192K)
 Metaspace       used 90463K, capacity 92848K, committed 92988K, reserved 1130496K
  class space    used 11408K, capacity 12242K, committed 12288K, reserved 1048576K
}
Event: 298.869 GC heap before
{Heap before GC invocations=33 (full 0):
 garbage-first heap   total 187392K, used 153128K [0x0000000080000000, 0x0000000100000000)
  region size 1024K, 49 young (50176K), 8 survivors (8192K)
 Metaspace       used 90719K, capacity 93165K, committed 93372K, reserved 1130496K
  class space    used 11426K, capacity 12305K, committed 12416K, reserved 1048576K
}
Event: 298.909 GC heap after
{Heap after GC invocations=34 (full 0):
 garbage-first heap   total 187392K, used 107278K [0x0000000080000000, 0x0000000100000000)
  region size 1024K, 5 young (5120K), 5 survivors (5120K)
 Metaspace       used 90719K, capacity 93165K, committed 93372K, reserved 1130496K
  class space    used 11426K, capacity 12305K, committed 12416K, reserved 1048576K
}
Event: 299.193 GC heap before
{Heap before GC invocations=34 (full 0):
 garbage-first heap   total 187392K, used 110350K [0x0000000080000000, 0x0000000100000000)
  region size 1024K, 9 young (9216K), 5 survivors (5120K)
 Metaspace       used 90800K, capacity 93301K, committed 93628K, reserved 1130496K
  class space    used 11435K, capacity 12323K, committed 12416K, reserved 1048576K
}
Event: 299.216 GC heap after
{Heap after GC invocations=35 (full 0):
 garbage-first heap   total 187392K, used 107720K [0x0000000080000000, 0x0000000100000000)
  region size 1024K, 2 young (2048K), 2 survivors (2048K)
 Metaspace       used 90800K, capacity 93301K, committed 93628K, reserved 1130496K
  class space    used 11435K, capacity 12323K, committed 12416K, reserved 1048576K
}
Event: 299.386 GC heap before
{Heap before GC invocations=35 (full 0):
 garbage-first heap   total 187392K, used 112840K [0x0000000080000000, 0x0000000100000000)
  region size 1024K, 8 young (8192K), 2 survivors (2048K)
 Metaspace       used 90811K, capacity 93303K, committed 93628K, reserved 1130496K
  class space    used 11435K, capacity 12323K, committed 12416K, reserved 1048576K
}
Event: 299.403 GC heap after
{Heap after GC invocations=36 (full 0):
 garbage-first heap   total 187392K, used 107617K [0x0000000080000000, 0x0000000100000000)
  region size 1024K, 2 young (2048K), 2 survivors (2048K)
 Metaspace       used 90811K, capacity 93303K, committed 93628K, reserved 1130496K
  class space    used 11435K, capacity 12323K, committed 12416K, reserved 1048576K
}
Event: 300.812 GC heap before
{Heap before GC invocations=37 (full 0):
 garbage-first heap   total 187392K, used 149601K [0x0000000080000000, 0x0000000100000000)
  region size 1024K, 42 young (43008K), 2 survivors (2048K)
 Metaspace       used 91007K, capacity 93556K, committed 93884K, reserved 1130496K
  class space    used 11441K, capacity 12333K, committed 12416K, reserved 1048576K
}
Event: 300.825 GC heap after
{Heap after GC invocations=38 (full 0):
 garbage-first heap   total 187392K, used 93148K [0x0000000080000000, 0x0000000100000000)
  region size 1024K, 2 young (2048K), 2 survivors (2048K)
 Metaspace       used 91007K, capacity 93556K, committed 93884K, reserved 1130496K
  class space    used 11441K, capacity 12333K, committed 12416K, reserved 1048576K
}
Event: 306.350 GC heap before
{Heap before GC invocations=38 (full 0):
 garbage-first heap   total 187392K, used 99292K [0x0000000080000000, 0x0000000100000000)
  region size 1024K, 9 young (9216K), 2 survivors (2048K)
 Metaspace       used 91372K, capacity 93915K, committed 94140K, reserved 1130496K
  class space    used 11478K, capacity 12368K, committed 12416K, reserved 1048576K
}
Event: 306.365 GC heap after
{Heap after GC invocations=39 (full 0):
 garbage-first heap   total 187392K, used 78669K [0x0000000080000000, 0x0000000100000000)
  region size 1024K, 1 young (1024K), 1 survivors (1024K)
 Metaspace       used 91372K, capacity 93915K, committed 94140K, reserved 1130496K
  class space    used 11478K, capacity 12368K, committed 12416K, reserved 1048576K
}
Event: 308.245 GC heap before
{Heap before GC invocations=39 (full 0):
 garbage-first heap   total 187392K, used 136013K [0x0000000080000000, 0x0000000100000000)
  region size 1024K, 58 young (59392K), 1 survivors (1024K)
 Metaspace       used 92150K, capacity 94651K, committed 94780K, reserved 1132544K
  class space    used 11557K, capacity 12442K, committed 12544K, reserved 1048576K
}
Event: 308.257 GC heap after
{Heap after GC invocations=40 (full 0):
 garbage-first heap   total 187392K, used 80625K [0x0000000080000000, 0x0000000100000000)
  region size 1024K, 3 young (3072K), 3 survivors (3072K)
 Metaspace       used 92150K, capacity 94651K, committed 94780K, reserved 1132544K
  class space    used 11557K, capacity 12442K, committed 12544K, reserved 1048576K
}
Event: 311.461 GC heap before
{Heap before GC invocations=40 (full 0):
 garbage-first heap   total 187392K, used 131825K [0x0000000080000000, 0x0000000100000000)
  region size 1024K, 55 young (56320K), 3 survivors (3072K)
 Metaspace       used 99230K, capacity 101751K, committed 101820K, reserved 1138688K
  class space    used 12447K, capacity 13382K, committed 13440K, reserved 1048576K
}
Event: 311.519 GC heap after
{Heap after GC invocations=41 (full 0):
 garbage-first heap   total 187392K, used 85128K [0x0000000080000000, 0x0000000100000000)
  region size 1024K, 8 young (8192K), 8 survivors (8192K)
 Metaspace       used 99230K, capacity 101751K, committed 101820K, reserved 1138688K
  class space    used 12447K, capacity 13382K, committed 13440K, reserved 1048576K
}
Event: 323.151 GC heap before
{Heap before GC invocations=42 (full 0):
 garbage-first heap   total 187392K, used 146568K [0x0000000080000000, 0x0000000100000000)
  region size 1024K, 64 young (65536K), 8 survivors (8192K)
 Metaspace       used 102558K, capacity 105323K, committed 105660K, reserved 1140736K
  class space    used 12816K, capacity 13825K, committed 13952K, reserved 1048576K
}
Event: 323.175 GC heap after
{Heap after GC invocations=43 (full 0):
 garbage-first heap   total 187392K, used 88056K [0x0000000080000000, 0x0000000100000000)
  region size 1024K, 3 young (3072K), 3 survivors (3072K)
 Metaspace       used 102558K, capacity 105323K, committed 105660K, reserved 1140736K
  class space    used 12816K, capacity 13825K, committed 13952K, reserved 1048576K
}
Event: 323.344 GC heap before
{Heap before GC invocations=43 (full 0):
 garbage-first heap   total 187392K, used 93176K [0x0000000080000000, 0x0000000100000000)
  region size 1024K, 9 young (9216K), 3 survivors (3072K)
 Metaspace       used 103144K, capacity 105910K, committed 106172K, reserved 1142784K
  class space    used 12878K, capacity 13891K, committed 13952K, reserved 1048576K
}
Event: 323.355 GC heap after
{Heap after GC invocations=44 (full 0):
 garbage-first heap   total 187392K, used 88165K [0x0000000080000000, 0x0000000100000000)
  region size 1024K, 1 young (1024K), 1 survivors (1024K)
 Metaspace       used 103144K, capacity 105910K, committed 106172K, reserved 1142784K
  class space    used 12878K, capacity 13891K, committed 13952K, reserved 1048576K
}

Deoptimization events (20 events):
Event: 323.115 Thread 0x000001f79d9d3000 DEOPT UNPACKING pc=0x000001f783a578af sp=0x000000ded79fd940 mode 2
Event: 323.115 Thread 0x000001f79b944000 DEOPT UNPACKING pc=0x000001f783a578af sp=0x000000deda5fd3b0 mode 2
Event: 323.120 Thread 0x000001f79f12c800 DEOPT PACKING pc=0x000001f78bfdeff8 sp=0x000000ded99fd9a0
Event: 323.120 Thread 0x000001f79f12c800 DEOPT UNPACKING pc=0x000001f783a578af sp=0x000000ded99fd910 mode 2
Event: 323.224 Thread 0x000001f79e9b3000 Uncommon trap: trap_request=0xffffff4d fr.pc=0x000001f78ba90cf8 relative=0x0000000000001778
Event: 323.224 Thread 0x000001f79e9b3000 Uncommon trap: reason=unstable_if action=reinterpret pc=0x000001f78ba90cf8 method=java.util.concurrent.ConcurrentHashMap.putVal(Ljava/lang/Object;Ljava/lang/Object;Z)Ljava/lang/Object; @ 162 c2
Event: 323.224 Thread 0x000001f79e9b3000 DEOPT PACKING pc=0x000001f78ba90cf8 sp=0x000000deda4f8c90
Event: 323.224 Thread 0x000001f79e9b3000 DEOPT UNPACKING pc=0x000001f783a578af sp=0x000000deda4f8c38 mode 2
Event: 323.224 Thread 0x000001f79e9b3000 Uncommon trap: trap_request=0xffffff4d fr.pc=0x000001f78bf4b318 relative=0x00000000000002b8
Event: 323.224 Thread 0x000001f79e9b3000 Uncommon trap: reason=unstable_if action=reinterpret pc=0x000001f78bf4b318 method=com.google.common.collect.MapMakerInternalMap$Segment.getEntry(Ljava/lang/Object;I)Lcom/google/common/collect/MapMakerInternalMap$InternalEntry; @ 63 c2
Event: 323.224 Thread 0x000001f79e9b3000 DEOPT PACKING pc=0x000001f78bf4b318 sp=0x000000deda4f8b60
Event: 323.224 Thread 0x000001f79e9b3000 DEOPT UNPACKING pc=0x000001f783a578af sp=0x000000deda4f8b18 mode 2
Event: 323.225 Thread 0x000001f79e9b3000 Uncommon trap: trap_request=0xffffff4d fr.pc=0x000001f78bf5743c relative=0x00000000000020bc
Event: 323.225 Thread 0x000001f79e9b3000 Uncommon trap: reason=unstable_if action=reinterpret pc=0x000001f78bf5743c method=com.google.common.collect.MapMakerInternalMap$Segment.put(Ljava/lang/Object;ILjava/lang/Object;Z)Ljava/lang/Object; @ 92 c2
Event: 323.225 Thread 0x000001f79e9b3000 DEOPT PACKING pc=0x000001f78bf5743c sp=0x000000deda4f8b80
Event: 323.225 Thread 0x000001f79e9b3000 DEOPT UNPACKING pc=0x000001f783a578af sp=0x000000deda4f8b48 mode 2
Event: 323.815 Thread 0x000001f79f12b000 Uncommon trap: trap_request=0xffffff4d fr.pc=0x000001f78b71398c relative=0x000000000000112c
Event: 323.815 Thread 0x000001f79f12b000 Uncommon trap: reason=unstable_if action=reinterpret pc=0x000001f78b71398c method=java.util.WeakHashMap.remove(Ljava/lang/Object;)Ljava/lang/Object; @ 94 c2
Event: 323.815 Thread 0x000001f79f12b000 DEOPT PACKING pc=0x000001f78b71398c sp=0x000000deda2f9170
Event: 323.815 Thread 0x000001f79f12b000 DEOPT UNPACKING pc=0x000001f783a578af sp=0x000000deda2f9048 mode 2

Classes redefined (0 events):
No events

Internal exceptions (20 events):
Event: 321.283 Thread 0x000001f79b94f800 Exception <a 'sun/nio/fs/WindowsException'{0x0000000088f04c68}> (0x0000000088f04c68) thrown at [./src/hotspot/share/prims/jni.cpp, line 615]
Event: 321.290 Thread 0x000001f79b94f800 Exception <a 'sun/nio/fs/WindowsException'{0x0000000088f08868}> (0x0000000088f08868) thrown at [./src/hotspot/share/prims/jni.cpp, line 615]
Event: 321.332 Thread 0x000001f79b94f800 Exception <a 'sun/nio/fs/WindowsException'{0x0000000088f10de8}> (0x0000000088f10de8) thrown at [./src/hotspot/share/prims/jni.cpp, line 615]
Event: 321.362 Thread 0x000001f79b94f800 Exception <a 'sun/nio/fs/WindowsException'{0x0000000088f1eec0}> (0x0000000088f1eec0) thrown at [./src/hotspot/share/prims/jni.cpp, line 615]
Event: 321.889 Thread 0x000001f79e9a9000 Exception <a 'java/lang/NoSuchMethodError'{0x0000000088da3a60}: <clinit>> (0x0000000088da3a60) thrown at [./src/hotspot/share/prims/jni.cpp, line 1362]
Event: 322.575 Thread 0x000001f79b94f800 Exception <a 'sun/nio/fs/WindowsException'{0x0000000088713eb0}> (0x0000000088713eb0) thrown at [./src/hotspot/share/prims/jni.cpp, line 615]
Event: 322.726 Thread 0x000001f79b94f800 Exception <a 'java/lang/NoSuchMethodError'{0x00000000887b1958}: <clinit>> (0x00000000887b1958) thrown at [./src/hotspot/share/prims/jni.cpp, line 1362]
Event: 323.184 Thread 0x000001f79d9d3000 Exception <a 'sun/nio/fs/WindowsException'{0x000000008b6cbad8}> (0x000000008b6cbad8) thrown at [./src/hotspot/share/prims/jni.cpp, line 615]
Event: 323.184 Thread 0x000001f79f129800 Exception <a 'sun/nio/fs/WindowsException'{0x000000008b634910}> (0x000000008b634910) thrown at [./src/hotspot/share/prims/jni.cpp, line 615]
Event: 323.195 Thread 0x000001f79f12c800 Exception <a 'sun/nio/fs/WindowsException'{0x000000008b5e76d8}> (0x000000008b5e76d8) thrown at [./src/hotspot/share/prims/jni.cpp, line 615]
Event: 323.659 Thread 0x000001f79d9d3000 Exception <a 'java/lang/NoSuchMethodError'{0x000000008b2bf0c8}: 'java.lang.Object java.lang.invoke.DirectMethodHandle$Holder.invokeStatic(java.lang.Object, java.lang.Object, java.lang.Object, java.lang.Object, java.lang.Object, java.lang.Object, java.lang.Object, java.lang.Object, java.lang.Object, java.lang.Object, java.lang.Object, java.lang.Object, java.lang.Object, java.lang.Object, java.lang.Object, java.lang.Object, java.lang.Object, java.lang.Object, int, java.lang.Object)'> (0x000000008b2bf0c8) thr
Event: 323.660 Thread 0x000001f79d9d3000 Exception <a 'java/lang/NoSuchMethodError'{0x000000008b2c4e58}: 'java.lang.Object java.lang.invoke.DirectMethodHandle$Holder.invokeStaticInit(java.lang.Object, java.lang.Object, java.lang.Object, java.lang.Object, java.lang.Object, java.lang.Object, java.lang.Object, java.lang.Object, java.lang.Object, java.lang.Object, java.lang.Object, java.lang.Object, java.lang.Object, java.lang.Object, java.lang.Object, java.lang.Object, java.lang.Object, java.lang.Object, int, java.lang.Object)'> (0x000000008b2c4e58)
Event: 323.752 Thread 0x000001f79f129800 Exception <a 'java/lang/IncompatibleClassChangeError'{0x000000008b170c08}: Found class java.lang.Object, but interface was expected> (0x000000008b170c08) thrown at [./src/hotspot/share/interpreter/linkResolver.cpp, line 839]
Event: 323.752 Thread 0x000001f79f12b000 Exception <a 'java/lang/IncompatibleClassChangeError'{0x000000008b1f6860}: Found class java.lang.Object, but interface was expected> (0x000000008b1f6860) thrown at [./src/hotspot/share/interpreter/linkResolver.cpp, line 839]
Event: 323.752 Thread 0x000001f79d9d3000 Exception <a 'java/lang/IncompatibleClassChangeError'{0x000000008b108c50}: Found class java.lang.Object, but interface was expected> (0x000000008b108c50) thrown at [./src/hotspot/share/interpreter/linkResolver.cpp, line 839]
Event: 323.886 Thread 0x000001f79d9d3000 Exception <a 'java/lang/NoSuchMethodError'{0x000000008ae430c8}: 'long java.lang.invoke.DirectMethodHandle$Holder.invokeStatic(java.lang.Object, long, java.lang.Object)'> (0x000000008ae430c8) thrown at [./src/hotspot/share/interpreter/linkResolver.cpp, line 773]
Event: 324.252 Thread 0x000001f79f12c800 Exception <a 'java/lang/NoSuchMethodError'{0x000000008a2a2090}: 'void java.lang.invoke.DirectMethodHandle$Holder.invokeStatic(java.lang.Object, java.lang.Object, java.lang.Object, int)'> (0x000000008a2a2090) thrown at [./src/hotspot/share/interpreter/linkResolver.cpp, line 773]
Event: 324.253 Thread 0x000001f79d9d3000 Exception <a 'java/lang/NoSuchMethodError'{0x000000008a49dcb0}: 'void java.lang.invoke.DirectMethodHandle$Holder.invokeStatic(java.lang.Object, java.lang.Object, java.lang.Object, int)'> (0x000000008a49dcb0) thrown at [./src/hotspot/share/interpreter/linkResolver.cpp, line 773]
Event: 324.266 Thread 0x000001f79e9b3000 Exception <a 'java/lang/IncompatibleClassChangeError'{0x000000008a246430}: Found class java.lang.Object, but interface was expected> (0x000000008a246430) thrown at [./src/hotspot/share/interpreter/linkResolver.cpp, line 839]
Event: 324.267 Thread 0x000001f79f129800 Exception <a 'java/lang/IncompatibleClassChangeError'{0x000000008a6da858}: Found class java.lang.Object, but interface was expected> (0x000000008a6da858) thrown at [./src/hotspot/share/interpreter/linkResolver.cpp, line 839]

Events (20 events):
Event: 324.605 loading class com/android/tools/r8/internal/b2$h
Event: 324.605 loading class com/android/tools/r8/internal/b2$h done
Event: 324.605 loading class com/android/tools/r8/internal/b2$h
Event: 324.605 loading class com/android/tools/r8/internal/b2$h done
Event: 324.605 loading class com/android/tools/r8/internal/Ni
Event: 324.605 loading class com/android/tools/r8/internal/Ni done
Event: 324.605 loading class com/android/tools/r8/internal/b2$h
Event: 324.605 loading class com/android/tools/r8/internal/b2$h done
Event: 324.605 loading class com/android/tools/r8/internal/b2$h
Event: 324.605 loading class com/android/tools/r8/internal/b2$h done
Event: 324.606 loading class com/android/tools/r8/internal/b2$h
Event: 324.606 loading class com/android/tools/r8/internal/b2$h done
Event: 324.606 loading class com/android/tools/r8/internal/Ni$a
Event: 324.606 loading class com/android/tools/r8/internal/Ni$a done
Event: 324.607 loading class com/android/tools/r8/internal/rz
Event: 324.607 loading class com/android/tools/r8/internal/rz done
Event: 324.608 loading class com/android/tools/r8/internal/Ni
Event: 324.608 loading class com/android/tools/r8/internal/Ni done
Event: 324.608 loading class com/android/tools/r8/internal/b2$h
Event: 324.608 loading class com/android/tools/r8/internal/b2$h done


Dynamic libraries:
0x00007ff6e3520000 - 0x00007ff6e352a000 	C:\Program Files\Android\Android Studio\jre\bin\java.exe
0x00007ffa8d110000 - 0x00007ffa8d305000 	C:\WINDOWS\SYSTEM32\ntdll.dll
0x00007ffa8bee0000 - 0x00007ffa8bf9e000 	C:\WINDOWS\System32\KERNEL32.DLL
0x00007ffa8ac80000 - 0x00007ffa8af49000 	C:\WINDOWS\System32\KERNELBASE.dll
0x00007ffa8b060000 - 0x00007ffa8b160000 	C:\WINDOWS\System32\ucrtbase.dll
0x00007ffa52db0000 - 0x00007ffa52dc9000 	C:\Program Files\Android\Android Studio\jre\bin\jli.dll
0x00007ffa52d90000 - 0x00007ffa52da7000 	C:\Program Files\Android\Android Studio\jre\bin\VCRUNTIME140.dll
0x00007ffa8c0b0000 - 0x00007ffa8c251000 	C:\WINDOWS\System32\USER32.dll
0x00007ffa8a9d0000 - 0x00007ffa8a9f2000 	C:\WINDOWS\System32\win32u.dll
0x00007ffa70410000 - 0x00007ffa706aa000 	C:\WINDOWS\WinSxS\amd64_microsoft.windows.common-controls_6595b64144ccf1df_6.0.19041.1110_none_60b5254171f9507e\COMCTL32.dll
0x00007ffa8b340000 - 0x00007ffa8b36b000 	C:\WINDOWS\System32\GDI32.dll
0x00007ffa8b2a0000 - 0x00007ffa8b33e000 	C:\WINDOWS\System32\msvcrt.dll
0x00007ffa8af50000 - 0x00007ffa8b05b000 	C:\WINDOWS\System32\gdi32full.dll
0x00007ffa8a880000 - 0x00007ffa8a91d000 	C:\WINDOWS\System32\msvcp_win.dll
0x00007ffa8b650000 - 0x00007ffa8b680000 	C:\WINDOWS\System32\IMM32.DLL
0x00007ffa49620000 - 0x00007ffa496bd000 	C:\Program Files\Android\Android Studio\jre\bin\msvcp140.dll
0x00007ffa461b0000 - 0x00007ffa46c7f000 	C:\Program Files\Android\Android Studio\jre\bin\server\jvm.dll
0x00007ffa8b680000 - 0x00007ffa8b72c000 	C:\WINDOWS\System32\ADVAPI32.dll
0x00007ffa8b500000 - 0x00007ffa8b59b000 	C:\WINDOWS\System32\sechost.dll
0x00007ffa8b370000 - 0x00007ffa8b49a000 	C:\WINDOWS\System32\RPCRT4.dll
0x00007ffa8c9f0000 - 0x00007ffa8c9f8000 	C:\WINDOWS\System32\PSAPI.DLL
0x00007ffa69380000 - 0x00007ffa693a7000 	C:\WINDOWS\SYSTEM32\WINMM.dll
0x00007ffa67250000 - 0x00007ffa67259000 	C:\WINDOWS\SYSTEM32\WSOCK32.dll
0x00007ffa7e720000 - 0x00007ffa7e72a000 	C:\WINDOWS\SYSTEM32\VERSION.dll
0x00007ffa8c8a0000 - 0x00007ffa8c90b000 	C:\WINDOWS\System32\WS2_32.dll
0x00007ffa890b0000 - 0x00007ffa890c2000 	C:\WINDOWS\SYSTEM32\kernel.appcore.dll
0x00007ffa70e60000 - 0x00007ffa70e71000 	C:\Program Files\Android\Android Studio\jre\bin\verify.dll
0x00007ffa855e0000 - 0x00007ffa857c4000 	C:\WINDOWS\SYSTEM32\DBGHELP.DLL
0x00007ffa6aad0000 - 0x00007ffa6aafc000 	C:\WINDOWS\SYSTEM32\dbgcore.DLL
0x00007ffa8abc0000 - 0x00007ffa8ac43000 	C:\WINDOWS\System32\bcryptPrimitives.dll
0x00007ffa60060000 - 0x00007ffa60089000 	C:\Program Files\Android\Android Studio\jre\bin\java.dll
0x00007ffa76650000 - 0x00007ffa7665b000 	C:\Program Files\Android\Android Studio\jre\bin\jimage.dll
0x00007ffa6f0f0000 - 0x00007ffa6f108000 	C:\Program Files\Android\Android Studio\jre\bin\zip.dll
0x00007ffa8b7a0000 - 0x00007ffa8bedf000 	C:\WINDOWS\System32\SHELL32.dll
0x00007ffa857d0000 - 0x00007ffa85f60000 	C:\WINDOWS\SYSTEM32\windows.storage.dll
0x00007ffa8c470000 - 0x00007ffa8c7c5000 	C:\WINDOWS\System32\combase.dll
0x00007ffa8a1b0000 - 0x00007ffa8a1dc000 	C:\WINDOWS\SYSTEM32\Wldp.dll
0x00007ffa8b160000 - 0x00007ffa8b20d000 	C:\WINDOWS\System32\SHCORE.dll
0x00007ffa8b4a0000 - 0x00007ffa8b4f5000 	C:\WINDOWS\System32\shlwapi.dll
0x00007ffa8a770000 - 0x00007ffa8a78f000 	C:\WINDOWS\SYSTEM32\profapi.dll
0x00007ffa6e720000 - 0x00007ffa6e73a000 	C:\Program Files\Android\Android Studio\jre\bin\net.dll
0x00007ffa84280000 - 0x00007ffa84388000 	C:\WINDOWS\SYSTEM32\WINHTTP.dll
0x00007ffa89f10000 - 0x00007ffa89f7a000 	C:\WINDOWS\system32\mswsock.dll
0x00007ffa6d190000 - 0x00007ffa6d1a4000 	C:\Program Files\Android\Android Studio\jre\bin\nio.dll
0x00007ffa6cd00000 - 0x00007ffa6cd27000 	C:\Users\Admin\.gradle\native\8bec1ad78214c89d9ad589b4d07fe93259594b29d510b10fafb7a158f7737e5d\windows-amd64\native-platform.dll
0x00007ffa46c80000 - 0x00007ffa46dbd000 	C:\Users\Admin\.gradle\native\53dbd7edfb1c66fb8903c78663c9afc45aea4f116125fa6feffd364cf09443e8\windows-amd64\native-platform-file-events.dll
0x00007ffa70ee0000 - 0x00007ffa70eea000 	C:\Program Files\Android\Android Studio\jre\bin\management.dll
0x00007ffa701f0000 - 0x00007ffa701fc000 	C:\Program Files\Android\Android Studio\jre\bin\management_ext.dll
0x00007ffa8a100000 - 0x00007ffa8a118000 	C:\WINDOWS\SYSTEM32\CRYPTSP.dll
0x00007ffa89890000 - 0x00007ffa898c4000 	C:\WINDOWS\system32\rsaenh.dll
0x00007ffa8ac50000 - 0x00007ffa8ac77000 	C:\WINDOWS\System32\bcrypt.dll
0x00007ffa8a730000 - 0x00007ffa8a75e000 	C:\WINDOWS\SYSTEM32\USERENV.dll
0x00007ffa8a120000 - 0x00007ffa8a12c000 	C:\WINDOWS\SYSTEM32\CRYPTBASE.dll
0x00007ffa89c00000 - 0x00007ffa89c3b000 	C:\WINDOWS\SYSTEM32\IPHLPAPI.DLL
0x00007ffa8c020000 - 0x00007ffa8c028000 	C:\WINDOWS\System32\NSI.dll
0x00007ffa84cd0000 - 0x00007ffa84ce7000 	C:\WINDOWS\SYSTEM32\dhcpcsvc6.DLL
0x00007ffa84cb0000 - 0x00007ffa84ccd000 	C:\WINDOWS\SYSTEM32\dhcpcsvc.DLL
0x00007ffa89c40000 - 0x00007ffa89d0c000 	C:\WINDOWS\SYSTEM32\DNSAPI.dll

dbghelp: loaded successfully - version: 4.0.5 - missing functions: none
symbol engine: initialized successfully - sym options: 0x614 - pdb path: .;C:\Program Files\Android\Android Studio\jre\bin;C:\WINDOWS\SYSTEM32;C:\WINDOWS\WinSxS\amd64_microsoft.windows.common-controls_6595b64144ccf1df_6.0.19041.1110_none_60b5254171f9507e;C:\Program Files\Android\Android Studio\jre\bin\server;C:\Users\Admin\.gradle\native\8bec1ad78214c89d9ad589b4d07fe93259594b29d510b10fafb7a158f7737e5d\windows-amd64;C:\Users\Admin\.gradle\native\53dbd7edfb1c66fb8903c78663c9afc45aea4f116125fa6feffd364cf09443e8\windows-amd64

VM Arguments:
jvm_args: --add-opens=java.base/java.util=ALL-UNNAMED --add-opens=java.base/java.lang=ALL-UNNAMED --add-opens=java.base/java.lang.invoke=ALL-UNNAMED --add-opens=java.base/java.util=ALL-UNNAMED --add-opens=java.prefs/java.util.prefs=ALL-UNNAMED --add-opens=java.prefs/java.util.prefs=ALL-UNNAMED --add-opens=java.base/java.nio.charset=ALL-UNNAMED --add-opens=java.base/java.net=ALL-UNNAMED --add-opens=java.base/java.util.concurrent.atomic=ALL-UNNAMED -Xmx2048m -Dfile.encoding=UTF-8 -Duser.country=US -Duser.language=en -Duser.variant 
java_command: org.gradle.launcher.daemon.bootstrap.GradleDaemon 7.0.2
java_class_path (initial): C:\Users\Admin\.gradle\wrapper\dists\gradle-7.0.2-bin\857tjihv64xamwrf0h14cai3r\gradle-7.0.2\lib\gradle-launcher-7.0.2.jar
Launcher Type: SUN_STANDARD

[Global flags]
     intx CICompilerCount                          = 4                                         {product} {ergonomic}
     uint ConcGCThreads                            = 2                                         {product} {ergonomic}
     uint G1ConcRefinementThreads                  = 8                                         {product} {ergonomic}
   size_t G1HeapRegionSize                         = 1048576                                   {product} {ergonomic}
    uintx GCDrainStackTargetSize                   = 64                                        {product} {ergonomic}
   size_t InitialHeapSize                          = 132120576                                 {product} {ergonomic}
   size_t MarkStackSize                            = 4194304                                   {product} {ergonomic}
   size_t MaxHeapSize                              = 2147483648                                {product} {command line}
   size_t MaxNewSize                               = 1287651328                                {product} {ergonomic}
   size_t MinHeapDeltaBytes                        = 1048576                                   {product} {ergonomic}
    uintx NonNMethodCodeHeapSize                   = 5836300                                {pd product} {ergonomic}
    uintx NonProfiledCodeHeapSize                  = 122910970                              {pd product} {ergonomic}
    uintx ProfiledCodeHeapSize                     = 122910970                              {pd product} {ergonomic}
    uintx ReservedCodeCacheSize                    = 251658240                              {pd product} {ergonomic}
     bool SegmentedCodeCache                       = true                                      {product} {ergonomic}
     bool UseCompressedClassPointers               = true                                 {lp64_product} {ergonomic}
     bool UseCompressedOops                        = true                                 {lp64_product} {ergonomic}
     bool UseG1GC                                  = true                                      {product} {ergonomic}
     bool UseLargePagesIndividualAllocation        = false                                  {pd product} {ergonomic}

Logging:
Log output configuration:
 #0: stdout all=warning uptime,level,tags
 #1: stderr all=off uptime,level,tags

Environment Variables:
PATH=C:\Program Files (x86)\Common Files\Oracle\Java\javapath;C:\Program Files\Common Files\Oracle\Java\javapath;C:\ProgramData\Oracle\Java\javapath;C:\WINDOWS\system32;C:\WINDOWS;C:\WINDOWS\System32\Wbem;C:\WINDOWS\System32\WindowsPowerShell\v1.0\;C:\WINDOWS\System32\OpenSSH\;C:\Program Files\Java\jdk-14\bin;C:\Program Files\Git\cmd;C:\Program Files\nodejs\;C:\Users\Admin\AppData\Local\Microsoft\WindowsApps;C:\Users\Admin\AppData\Roaming\npm;
USERNAME=Admin
OS=Windows_NT
PROCESSOR_IDENTIFIER=Intel64 Family 6 Model 142 Stepping 10, GenuineIntel



---------------  S Y S T E M  ---------------

OS: Windows 10 , 64 bit Build 19041 (10.0.19041.1202)
OS uptime: 0 days 9:53 hours

CPU:total 8 (initial active 8) (4 cores per cpu, 2 threads per core) family 6 model 142 stepping 10 microcode 0xb4, cmov, cx8, fxsr, mmx, sse, sse2, sse3, ssse3, sse4.1, sse4.2, popcnt, avx, avx2, aes, clmul, erms, 3dnowpref, lzcnt, ht, tsc, tscinvbit, bmi1, bmi2, adx, fma

Memory: 4k page, system-wide physical 8026M (463M free)
TotalPageFile size 9050M (AvailPageFile size 8M)
current process WorkingSet (physical memory assigned to process): 500M, peak: 500M
current process commit charge ("private bytes"): 534M, peak: 534M

vm_info: OpenJDK 64-Bit Server VM (11.0.10+0-b96-7249189) for windows-amd64 JRE (11.0.10+0-b96-7249189), built on Mar 31 2021 21:44:00 by "builder" with MS VC++ 14.0 (VS2015)

END.
