#
# There is insufficient memory for the Java Runtime Environment to continue.
# Native memory allocation (malloc) failed to allocate 1006736 bytes for Chunk::new
# Possible reasons:
#   The system is out of physical RAM or swap space
#   The process is running with CompressedOops enabled, and the Java Heap may be blocking the growth of the native heap
# Possible solutions:
#   Reduce memory load on the system
#   Increase physical memory or swap space
#   Check if swap backing store is full
#   Decrease Java heap size (-Xmx/-Xms)
#   Decrease number of Java threads
#   Decrease Java thread stack sizes (-Xss)
#   Set larger code cache with -XX:ReservedCodeCacheSize=
#   JVM is running with Unscaled Compressed Oops mode in which the Java heap is
#     placed in the first 4GB address space. The Java Heap base address is the
#     maximum limit for the native heap growth. Please use -XX:HeapBaseMinAddress
#     to set the Java Heap base and to place the Java Heap above 4GB virtual address.
# This output file may be truncated or incomplete.
#
#  Out of Memory Error (./src/hotspot/share/memory/arena.cpp:197), pid=3940, tid=10628
#
# JRE version: OpenJDK Runtime Environment (11.0.10) (build 11.0.10+0-b96-7249189)
# Java VM: OpenJDK 64-Bit Server VM (11.0.10+0-b96-7249189, mixed mode, tiered, compressed oops, g1 gc, windows-amd64)
# No core dump will be written. Minidumps are not enabled by default on client versions of Windows
#

---------------  S U M M A R Y ------------

Command Line: --add-opens=java.base/java.util=ALL-UNNAMED --add-opens=java.base/java.lang=ALL-UNNAMED --add-opens=java.base/java.lang.invoke=ALL-UNNAMED --add-opens=java.base/java.util=ALL-UNNAMED --add-opens=java.prefs/java.util.prefs=ALL-UNNAMED --add-opens=java.prefs/java.util.prefs=ALL-UNNAMED --add-opens=java.base/java.nio.charset=ALL-UNNAMED --add-opens=java.base/java.net=ALL-UNNAMED --add-opens=java.base/java.util.concurrent.atomic=ALL-UNNAMED -Xmx2048m -Dfile.encoding=UTF-8 -Duser.country=US -Duser.language=en -Duser.variant org.gradle.launcher.daemon.bootstrap.GradleDaemon 7.0.2

Host: Intel(R) Core(TM) i7-8550U CPU @ 1.80GHz, 8 cores, 7G,  Windows 10 , 64 bit Build 19041 (10.0.19041.1202)
Time: Mon Nov  1 19:20:59 2021 Arab Standard Time elapsed time: 536.420585 seconds (0d 0h 8m 56s)

---------------  T H R E A D  ---------------

Current thread (0x00000170299ba800):  JavaThread "C2 CompilerThread2" daemon [_thread_in_native, id=10628, stack(0x000000344c100000,0x000000344c200000)]


Current CompileTask:
C2: 536420 19893       4       org.gradle.api.internal.artifacts.result.DefaultResolutionResult::eachElement (92 bytes)

Stack: [0x000000344c100000,0x000000344c200000]
Native frames: (J=compiled Java code, j=interpreted, Vv=VM code, C=native code)
V  [jvm.dll+0x5ecfaa]
V  [jvm.dll+0x722bd5]
V  [jvm.dll+0x72412d]
V  [jvm.dll+0x7247e3]
V  [jvm.dll+0x242928]
V  [jvm.dll+0xbc4fc]
V  [jvm.dll+0xbca0c]
V  [jvm.dll+0x2b4fd4]
V  [jvm.dll+0x506028]
V  [jvm.dll+0x1fccf6]
V  [jvm.dll+0x1fa77f]
V  [jvm.dll+0x18354c]
V  [jvm.dll+0x208ee7]
V  [jvm.dll+0x207731]
V  [jvm.dll+0x6eb1cf]
V  [jvm.dll+0x6e3d45]
V  [jvm.dll+0x5ebe96]
C  [ucrtbase.dll+0x21bb2]
C  [KERNEL32.DLL+0x17034]
C  [ntdll.dll+0x52651]


---------------  P R O C E S S  ---------------

Threads class SMR info:
_java_thread_list=0x000001702a5414c0, length=63, elements={
0x000001700e69b800, 0x0000017028b0e800, 0x0000017028b10000, 0x0000017028b27000,
0x0000017028b29000, 0x0000017028b2a000, 0x0000017028b2f000, 0x0000017028b36000,
0x0000017028b3b800, 0x00000170295e8000, 0x000001702b25d800, 0x0000017029824000,
0x000001702ce26800, 0x000001702d00c000, 0x000001702d011000, 0x000001702d00e800,
0x000001702d012800, 0x000001702d00c800, 0x000001702cbab000, 0x000001702cba7000,
0x000001702cbad800, 0x000001702cbae000, 0x000001702cbb1800, 0x000001702e8b2800,
0x000001702e8b1800, 0x000001702e8b3000, 0x000001702e8b4000, 0x000001702e8b5000,
0x000001702e8bb800, 0x00000170299c3800, 0x0000017029722000, 0x00000170299b6800,
0x00000170299bd000, 0x0000017029723000, 0x0000017029723800, 0x0000017029724800,
0x000001702971e800, 0x0000017029725000, 0x000001702971f800, 0x0000017029726000,
0x0000017029720800, 0x000001702972b000, 0x0000017029727800, 0x0000017029729800,
0x0000017029727000, 0x0000017029728800, 0x000001702972d800, 0x000001702972a000,
0x000001702972b800, 0x000001702972c800, 0x00000170299b9000, 0x00000170299bb800,
0x00000170299bc800, 0x00000170299ba800, 0x00000170299be000, 0x00000170299b8800,
0x00000170299c1000, 0x00000170299bf000, 0x00000170299c4800, 0x00000170299c2000,
0x00000170299c5800, 0x00000170299c0800, 0x00000170299c3000
}

Java Threads: ( => current thread )
  0x000001700e69b800 JavaThread "main" [_thread_blocked, id=10156, stack(0x0000003448800000,0x0000003448900000)]
  0x0000017028b0e800 JavaThread "Reference Handler" daemon [_thread_blocked, id=10956, stack(0x0000003448f00000,0x0000003449000000)]
  0x0000017028b10000 JavaThread "Finalizer" daemon [_thread_blocked, id=8544, stack(0x0000003449000000,0x0000003449100000)]
  0x0000017028b27000 JavaThread "Signal Dispatcher" daemon [_thread_blocked, id=8072, stack(0x0000003449100000,0x0000003449200000)]
  0x0000017028b29000 JavaThread "Attach Listener" daemon [_thread_blocked, id=11492, stack(0x0000003449200000,0x0000003449300000)]
  0x0000017028b2a000 JavaThread "Service Thread" daemon [_thread_blocked, id=2244, stack(0x0000003449300000,0x0000003449400000)]
  0x0000017028b2f000 JavaThread "C2 CompilerThread0" daemon [_thread_in_native, id=2892, stack(0x0000003449400000,0x0000003449500000)]
  0x0000017028b36000 JavaThread "C1 CompilerThread0" daemon [_thread_in_vm, id=10656, stack(0x0000003449500000,0x0000003449600000)]
  0x0000017028b3b800 JavaThread "Sweeper thread" daemon [_thread_blocked, id=1964, stack(0x0000003449600000,0x0000003449700000)]
  0x00000170295e8000 JavaThread "Common-Cleaner" daemon [_thread_blocked, id=9164, stack(0x0000003449700000,0x0000003449800000)]
  0x000001702b25d800 JavaThread "Daemon health stats" [_thread_blocked, id=2768, stack(0x0000003449d00000,0x0000003449e00000)]
  0x0000017029824000 JavaThread "Incoming local TCP Connector on port 54201" [_thread_in_native, id=11624, stack(0x0000003449900000,0x0000003449a00000)]
  0x000001702ce26800 JavaThread "Daemon periodic checks" [_thread_blocked, id=12324, stack(0x0000003449c00000,0x0000003449d00000)]
  0x000001702d00c000 JavaThread "Cache worker for file hash cache (C:\Users\Admin\.gradle\caches\7.0.2\fileHashes)" [_thread_blocked, id=5020, stack(0x000000344aa00000,0x000000344ab00000)]
  0x000001702d011000 JavaThread "File lock request listener" [_thread_in_native, id=1468, stack(0x000000344ab00000,0x000000344ac00000)]
  0x000001702d00e800 JavaThread "Cache worker for journal cache (C:\Users\Admin\.gradle\caches\journal-1)" [_thread_blocked, id=11616, stack(0x000000344ad00000,0x000000344ae00000)]
  0x000001702d012800 JavaThread "File watcher server" daemon [_thread_in_native, id=6968, stack(0x000000344b000000,0x000000344b100000)]
  0x000001702d00c800 JavaThread "File watcher consumer" daemon [_thread_blocked, id=12864, stack(0x000000344b100000,0x000000344b200000)]
  0x000001702cbab000 JavaThread "Cache worker for execution history cache (C:\Users\Admin\.gradle\caches\7.0.2\executionHistory)" [_thread_blocked, id=1608, stack(0x000000344b600000,0x000000344b700000)]
  0x000001702cba7000 JavaThread "jar transforms" [_thread_blocked, id=11988, stack(0x000000344b700000,0x000000344b800000)]
  0x000001702cbad800 JavaThread "jar transforms Thread 2" [_thread_blocked, id=12172, stack(0x000000344b800000,0x000000344b900000)]
  0x000001702cbae000 JavaThread "Cache worker for file content cache (C:\Users\Admin\.gradle\caches\7.0.2\fileContent)" [_thread_blocked, id=2260, stack(0x000000344b900000,0x000000344ba00000)]
  0x000001702cbb1800 JavaThread "jar transforms Thread 3" [_thread_blocked, id=6000, stack(0x000000344bb00000,0x000000344bc00000)]
  0x000001702e8b2800 JavaThread "jar transforms Thread 4" [_thread_blocked, id=7220, stack(0x000000344c500000,0x000000344c600000)]
  0x000001702e8b1800 JavaThread "jar transforms Thread 5" [_thread_blocked, id=7664, stack(0x000000344c600000,0x000000344c700000)]
  0x000001702e8b3000 JavaThread "jar transforms Thread 6" [_thread_blocked, id=8456, stack(0x000000344c700000,0x000000344c800000)]
  0x000001702e8b4000 JavaThread "jar transforms Thread 7" [_thread_blocked, id=6768, stack(0x000000344c800000,0x000000344c900000)]
  0x000001702e8b5000 JavaThread "jar transforms Thread 8" [_thread_blocked, id=5632, stack(0x000000344c900000,0x000000344ca00000)]
  0x000001702e8bb800 JavaThread "Memory manager" [_thread_blocked, id=7860, stack(0x000000344ca00000,0x000000344cb00000)]
  0x00000170299c3800 JavaThread "Cache worker for Java compile cache (C:\Users\Admin\.gradle\caches\7.0.2\javaCompile)" [_thread_blocked, id=1700, stack(0x000000344d800000,0x000000344d900000)]
  0x0000017029722000 JavaThread "ForkJoinPool.commonPool-worker-15" daemon [_thread_blocked, id=12664, stack(0x000000344e500000,0x000000344e600000)]
  0x00000170299b6800 JavaThread "Daemon Thread 4" [_thread_blocked, id=13060, stack(0x0000003448500000,0x0000003448600000)]
  0x00000170299bd000 JavaThread "Daemon worker Thread 4" [_thread_blocked, id=3836, stack(0x0000003449e00000,0x0000003449f00000)]
  0x0000017029723000 JavaThread "Handler for socket connection from /127.0.0.1:54201 to /127.0.0.1:54492" [_thread_in_native, id=12356, stack(0x0000003448600000,0x0000003448700000)]
  0x0000017029723800 JavaThread "Cancel handler" [_thread_blocked, id=13292, stack(0x0000003448700000,0x0000003448800000)]
  0x0000017029724800 JavaThread "Asynchronous log dispatcher for DefaultDaemonConnection: socket connection from /127.0.0.1:54201 to /127.0.0.1:54492" [_thread_blocked, id=9764, stack(0x0000003449f00000,0x000000344a000000)]
  0x000001702971e800 JavaThread "Stdin handler" [_thread_blocked, id=6008, stack(0x000000344a000000,0x000000344a100000)]
  0x0000017029725000 JavaThread "Daemon client event forwarder" [_thread_blocked, id=7132, stack(0x000000344a100000,0x000000344a200000)]
  0x000001702971f800 JavaThread "Cache worker for file hash cache (C:\Users\Admin\AndroidStudioProjects\updateProfile2\.gradle\7.0.2\fileHashes)" [_thread_blocked, id=11156, stack(0x000000344a200000,0x000000344a300000)]
  0x0000017029726000 JavaThread "Cache worker for checksums cache (C:\Users\Admin\AndroidStudioProjects\updateProfile2\.gradle\checksums)" [_thread_blocked, id=12032, stack(0x000000344a300000,0x000000344a400000)]
  0x0000017029720800 JavaThread "Cache worker for cache directory md-supplier (C:\Users\Admin\.gradle\caches\7.0.2\md-supplier)" [_thread_blocked, id=5528, stack(0x000000344a400000,0x000000344a500000)]
  0x000001702972b000 JavaThread "Cache worker for cache directory md-rule (C:\Users\Admin\.gradle\caches\7.0.2\md-rule)" [_thread_blocked, id=9232, stack(0x000000344ae00000,0x000000344af00000)]
  0x0000017029727800 JavaThread "Cache worker for dependencies-accessors (C:\Users\Admin\AndroidStudioProjects\updateProfile2\.gradle\7.0.2\dependencies-accessors)" [_thread_blocked, id=12556, stack(0x000000344af00000,0x000000344b000000)]
  0x0000017029729800 JavaThread "Cache worker for Build Output Cleanup Cache (C:\Users\Admin\AndroidStudioProjects\updateProfile2\.gradle\buildOutputCleanup)" [_thread_blocked, id=4880, stack(0x000000344b200000,0x000000344b300000)]
  0x0000017029727000 JavaThread "C2 CompilerThread1" daemon [_thread_in_native, id=9560, stack(0x000000344b300000,0x000000344b400000)]
  0x0000017029728800 JavaThread "Build operations" [_thread_blocked, id=4640, stack(0x000000344b400000,0x000000344b500000)]
  0x000001702972d800 JavaThread "Build operations Thread 2" [_thread_blocked, id=6016, stack(0x000000344b500000,0x000000344b600000)]
  0x000001702972a000 JavaThread "Build operations Thread 3" [_thread_blocked, id=11888, stack(0x000000344ba00000,0x000000344bb00000)]
  0x000001702972b800 JavaThread "Build operations Thread 4" [_thread_blocked, id=12384, stack(0x000000344bc00000,0x000000344bd00000)]
  0x000001702972c800 JavaThread "Build operations Thread 5" [_thread_blocked, id=5292, stack(0x000000344bd00000,0x000000344be00000)]
  0x00000170299b9000 JavaThread "Build operations Thread 6" [_thread_blocked, id=12920, stack(0x000000344be00000,0x000000344bf00000)]
  0x00000170299bb800 JavaThread "Build operations Thread 7" [_thread_blocked, id=3488, stack(0x000000344bf00000,0x000000344c000000)]
  0x00000170299bc800 JavaThread "Build operations Thread 8" [_thread_blocked, id=13300, stack(0x000000344c000000,0x000000344c100000)]
=>0x00000170299ba800 JavaThread "C2 CompilerThread2" daemon [_thread_in_native, id=10628, stack(0x000000344c100000,0x000000344c200000)]
  0x00000170299be000 JavaThread "build event listener" [_thread_blocked, id=1476, stack(0x000000344c200000,0x000000344c300000)]
  0x00000170299b8800 JavaThread "Execution worker for ':'" [_thread_blocked, id=12656, stack(0x000000344c300000,0x000000344c400000)]
  0x00000170299c1000 JavaThread "Execution worker for ':' Thread 2" [_thread_blocked, id=5732, stack(0x000000344c400000,0x000000344c500000)]
  0x00000170299bf000 JavaThread "Execution worker for ':' Thread 3" [_thread_blocked, id=8636, stack(0x000000344cb00000,0x000000344cc00000)]
  0x00000170299c4800 JavaThread "Execution worker for ':' Thread 4" [_thread_blocked, id=10676, stack(0x000000344cc00000,0x000000344cd00000)]
  0x00000170299c2000 JavaThread "Execution worker for ':' Thread 5" [_thread_blocked, id=4512, stack(0x000000344cd00000,0x000000344ce00000)]
  0x00000170299c5800 JavaThread "Execution worker for ':' Thread 6" [_thread_blocked, id=11536, stack(0x000000344ce00000,0x000000344cf00000)]
  0x00000170299c0800 JavaThread "Execution worker for ':' Thread 7" [_thread_blocked, id=12352, stack(0x000000344cf00000,0x000000344d000000)]
  0x00000170299c3000 JavaThread "Cache worker for execution history cache (C:\Users\Admin\AndroidStudioProjects\updateProfile2\.gradle\7.0.2\executionHistory)" [_thread_blocked, id=1340, stack(0x000000344d000000,0x000000344d100000)]

Other Threads:
  0x0000017028b0b800 VMThread "VM Thread" [stack: 0x0000003448e00000,0x0000003448f00000] [id=4624]
  0x0000017029603000 WatcherThread [stack: 0x0000003449800000,0x0000003449900000] [id=224]
  0x000001700e6b5000 GCTaskThread "GC Thread#0" [stack: 0x0000003448900000,0x0000003448a00000] [id=2824]
  0x000001702a0ba000 GCTaskThread "GC Thread#1" [stack: 0x0000003449a00000,0x0000003449b00000] [id=1972]
  0x000001702992f000 GCTaskThread "GC Thread#2" [stack: 0x0000003449b00000,0x0000003449c00000] [id=5588]
  0x000001702a806800 GCTaskThread "GC Thread#3" [stack: 0x000000344a500000,0x000000344a600000] [id=1176]
  0x000001702c65b800 GCTaskThread "GC Thread#4" [stack: 0x000000344a600000,0x000000344a700000] [id=3432]
  0x000001702a368800 GCTaskThread "GC Thread#5" [stack: 0x000000344a700000,0x000000344a800000] [id=9440]
  0x000001702b9e0000 GCTaskThread "GC Thread#6" [stack: 0x000000344a800000,0x000000344a900000] [id=12196]
  0x000001702b9db800 GCTaskThread "GC Thread#7" [stack: 0x000000344a900000,0x000000344aa00000] [id=8792]
  0x000001700e6e7000 ConcurrentGCThread "G1 Main Marker" [stack: 0x0000003448a00000,0x0000003448b00000] [id=7604]
  0x000001700e6e9000 ConcurrentGCThread "G1 Conc#0" [stack: 0x0000003448b00000,0x0000003448c00000] [id=8224]
  0x000001702a826000 ConcurrentGCThread "G1 Conc#1" [stack: 0x000000344ac00000,0x000000344ad00000] [id=1828]
  0x000001700e774000 ConcurrentGCThread "G1 Refine#0" [stack: 0x0000003448c00000,0x0000003448d00000] [id=13240]
  0x0000017028960800 ConcurrentGCThread "G1 Young RemSet Sampling" [stack: 0x0000003448d00000,0x0000003448e00000] [id=3028]

Threads with active compile tasks:
C2 CompilerThread0 536534 19984       4       org.gradle.api.internal.file.collections.UnpackingVisitor::add (355 bytes)
C1 CompilerThread0 536534 20000       3       org.gradle.internal.component.model.MultipleCandidateMatcher::matchCandidate (78 bytes)
C2 CompilerThread1 536534 19965       4       org.gradle.internal.graph.CachingDirectedGraphWalker::doSearch (659 bytes)
C2 CompilerThread2 536534 19893       4       org.gradle.api.internal.artifacts.result.DefaultResolutionResult::eachElement (92 bytes)

VM state:not at safepoint (normal execution)

VM Mutex/Monitor currently owned by a thread:  ([mutex/lock_event])
[0x000001700e697db0] Safepoint_lock - owner thread: 0x0000000000000000
[0x000001700e6975d0] Threads_lock - owner thread: 0x0000017028b0b800
[0x000001700e697e40] Heap_lock - owner thread: 0x00000170299c1000

Heap address: 0x0000000080000000, size: 2048 MB, Compressed Oops mode: 32-bit
Narrow klass base: 0x0000000000000000, Narrow klass shift: 3
Compressed class space size: 1073741824 Address: 0x0000000100000000

Heap:
 garbage-first heap   total 225280K, used 174520K [0x0000000080000000, 0x0000000100000000)
  region size 1024K, 68 young (69632K), 0 survivors (0K)
 Metaspace       used 118087K, capacity 121439K, committed 121596K, reserved 1155072K
  class space    used 14953K, capacity 16229K, committed 16256K, reserved 1048576K
Heap Regions: E=young(eden), S=young(survivor), O=old, HS=humongous(starts), HC=humongous(continues), CS=collection set, F=free, A=archive, TAMS=top-at-mark-start (previous, next)
|   0|0x0000000080000000, 0x0000000080100000, 0x0000000080100000|100%| O|  |TAMS 0x0000000080100000, 0x0000000080100000| Untracked 
|   1|0x0000000080100000, 0x0000000080200000, 0x0000000080200000|100%| O|  |TAMS 0x0000000080200000, 0x0000000080200000| Untracked 
|   2|0x0000000080200000, 0x0000000080300000, 0x0000000080300000|100%| O|  |TAMS 0x0000000080300000, 0x0000000080300000| Untracked 
|   3|0x0000000080300000, 0x0000000080400000, 0x0000000080400000|100%|HS|  |TAMS 0x0000000080400000, 0x0000000080400000| Complete 
|   4|0x0000000080400000, 0x0000000080500000, 0x0000000080500000|100%|HC|  |TAMS 0x0000000080500000, 0x0000000080500000| Complete 
|   5|0x0000000080500000, 0x0000000080600000, 0x0000000080600000|100%|HC|  |TAMS 0x0000000080600000, 0x0000000080600000| Complete 
|   6|0x0000000080600000, 0x0000000080700000, 0x0000000080700000|100%| O|  |TAMS 0x0000000080700000, 0x0000000080700000| Untracked 
|   7|0x0000000080700000, 0x0000000080800000, 0x0000000080800000|100%| O|  |TAMS 0x0000000080800000, 0x0000000080800000| Untracked 
|   8|0x0000000080800000, 0x0000000080900000, 0x0000000080900000|100%| O|  |TAMS 0x0000000080900000, 0x0000000080900000| Untracked 
|   9|0x0000000080900000, 0x0000000080a00000, 0x0000000080a00000|100%| O|  |TAMS 0x0000000080a00000, 0x0000000080a00000| Untracked 
|  10|0x0000000080a00000, 0x0000000080b00000, 0x0000000080b00000|100%| O|  |TAMS 0x0000000080b00000, 0x0000000080b00000| Untracked 
|  11|0x0000000080b00000, 0x0000000080c00000, 0x0000000080c00000|100%| O|  |TAMS 0x0000000080c00000, 0x0000000080c00000| Untracked 
|  12|0x0000000080c00000, 0x0000000080d00000, 0x0000000080d00000|100%| O|  |TAMS 0x0000000080d00000, 0x0000000080d00000| Untracked 
|  13|0x0000000080d00000, 0x0000000080e00000, 0x0000000080e00000|100%| O|  |TAMS 0x0000000080e00000, 0x0000000080e00000| Untracked 
|  14|0x0000000080e00000, 0x0000000080f00000, 0x0000000080f00000|100%| O|  |TAMS 0x0000000080f00000, 0x0000000080f00000| Untracked 
|  15|0x0000000080f00000, 0x0000000081000000, 0x0000000081000000|100%| O|  |TAMS 0x0000000081000000, 0x0000000081000000| Untracked 
|  16|0x0000000081000000, 0x0000000081100000, 0x0000000081100000|100%| O|  |TAMS 0x0000000081100000, 0x0000000081100000| Untracked 
|  17|0x0000000081100000, 0x0000000081200000, 0x0000000081200000|100%| O|  |TAMS 0x0000000081200000, 0x0000000081200000| Untracked 
|  18|0x0000000081200000, 0x0000000081300000, 0x0000000081300000|100%| O|  |TAMS 0x0000000081300000, 0x0000000081300000| Untracked 
|  19|0x0000000081300000, 0x0000000081400000, 0x0000000081400000|100%|HS|  |TAMS 0x0000000081400000, 0x0000000081400000| Complete 
|  20|0x0000000081400000, 0x0000000081500000, 0x0000000081500000|100%| O|  |TAMS 0x0000000081500000, 0x0000000081500000| Untracked 
|  21|0x0000000081500000, 0x0000000081600000, 0x0000000081600000|100%| O|  |TAMS 0x0000000081600000, 0x0000000081600000| Untracked 
|  22|0x0000000081600000, 0x0000000081700000, 0x0000000081700000|100%| O|  |TAMS 0x0000000081700000, 0x0000000081700000| Untracked 
|  23|0x0000000081700000, 0x0000000081800000, 0x0000000081800000|100%| O|  |TAMS 0x0000000081800000, 0x0000000081800000| Untracked 
|  24|0x0000000081800000, 0x0000000081900000, 0x0000000081900000|100%| O|  |TAMS 0x0000000081900000, 0x0000000081900000| Untracked 
|  25|0x0000000081900000, 0x0000000081a00000, 0x0000000081a00000|100%| O|  |TAMS 0x0000000081a00000, 0x0000000081a00000| Untracked 
|  26|0x0000000081a00000, 0x0000000081b00000, 0x0000000081b00000|100%| O|  |TAMS 0x0000000081b00000, 0x0000000081b00000| Untracked 
|  27|0x0000000081b00000, 0x0000000081c00000, 0x0000000081c00000|100%|HS|  |TAMS 0x0000000081c00000, 0x0000000081c00000| Complete 
|  28|0x0000000081c00000, 0x0000000081d00000, 0x0000000081d00000|100%|HS|  |TAMS 0x0000000081d00000, 0x0000000081d00000| Complete 
|  29|0x0000000081d00000, 0x0000000081e00000, 0x0000000081e00000|100%|HC|  |TAMS 0x0000000081e00000, 0x0000000081e00000| Complete 
|  30|0x0000000081e00000, 0x0000000081f00000, 0x0000000081f00000|100%| O|  |TAMS 0x0000000081f00000, 0x0000000081f00000| Untracked 
|  31|0x0000000081f00000, 0x0000000082000000, 0x0000000082000000|100%| O|  |TAMS 0x0000000082000000, 0x0000000082000000| Untracked 
|  32|0x0000000082000000, 0x0000000082100000, 0x0000000082100000|100%| O|  |TAMS 0x0000000082100000, 0x0000000082100000| Untracked 
|  33|0x0000000082100000, 0x0000000082200000, 0x0000000082200000|100%| O|  |TAMS 0x0000000082200000, 0x0000000082200000| Untracked 
|  34|0x0000000082200000, 0x0000000082300000, 0x0000000082300000|100%| O|  |TAMS 0x0000000082300000, 0x0000000082300000| Untracked 
|  35|0x0000000082300000, 0x0000000082400000, 0x0000000082400000|100%| O|  |TAMS 0x0000000082400000, 0x0000000082400000| Untracked 
|  36|0x0000000082400000, 0x0000000082500000, 0x0000000082500000|100%| O|  |TAMS 0x0000000082500000, 0x0000000082500000| Untracked 
|  37|0x0000000082500000, 0x0000000082600000, 0x0000000082600000|100%| O|  |TAMS 0x0000000082600000, 0x0000000082600000| Untracked 
|  38|0x0000000082600000, 0x0000000082700000, 0x0000000082700000|100%| O|  |TAMS 0x0000000082700000, 0x0000000082700000| Untracked 
|  39|0x0000000082700000, 0x0000000082800000, 0x0000000082800000|100%| O|  |TAMS 0x0000000082800000, 0x0000000082800000| Untracked 
|  40|0x0000000082800000, 0x0000000082900000, 0x0000000082900000|100%| O|  |TAMS 0x0000000082900000, 0x0000000082900000| Untracked 
|  41|0x0000000082900000, 0x0000000082a00000, 0x0000000082a00000|100%| O|  |TAMS 0x0000000082a00000, 0x0000000082a00000| Untracked 
|  42|0x0000000082a00000, 0x0000000082b00000, 0x0000000082b00000|100%| O|  |TAMS 0x0000000082b00000, 0x0000000082b00000| Untracked 
|  43|0x0000000082b00000, 0x0000000082c00000, 0x0000000082c00000|100%| O|  |TAMS 0x0000000082c00000, 0x0000000082c00000| Untracked 
|  44|0x0000000082c00000, 0x0000000082d00000, 0x0000000082d00000|100%| O|  |TAMS 0x0000000082d00000, 0x0000000082d00000| Untracked 
|  45|0x0000000082d00000, 0x0000000082e00000, 0x0000000082e00000|100%| O|  |TAMS 0x0000000082e00000, 0x0000000082e00000| Untracked 
|  46|0x0000000082e00000, 0x0000000082f00000, 0x0000000082f00000|100%| O|  |TAMS 0x0000000082f00000, 0x0000000082f00000| Untracked 
|  47|0x0000000082f00000, 0x0000000083000000, 0x0000000083000000|100%| O|  |TAMS 0x0000000083000000, 0x0000000083000000| Untracked 
|  48|0x0000000083000000, 0x0000000083100000, 0x0000000083100000|100%| O|  |TAMS 0x0000000083100000, 0x0000000083100000| Untracked 
|  49|0x0000000083100000, 0x0000000083200000, 0x0000000083200000|100%| O|  |TAMS 0x0000000083200000, 0x0000000083200000| Untracked 
|  50|0x0000000083200000, 0x0000000083300000, 0x0000000083300000|100%| O|  |TAMS 0x0000000083300000, 0x0000000083300000| Untracked 
|  51|0x0000000083300000, 0x0000000083400000, 0x0000000083400000|100%| O|  |TAMS 0x0000000083400000, 0x0000000083400000| Untracked 
|  52|0x0000000083400000, 0x0000000083500000, 0x0000000083500000|100%| O|  |TAMS 0x0000000083500000, 0x0000000083500000| Untracked 
|  53|0x0000000083500000, 0x0000000083600000, 0x0000000083600000|100%| O|  |TAMS 0x0000000083500000, 0x0000000083600000| Untracked 
|  54|0x0000000083600000, 0x0000000083700000, 0x0000000083700000|100%| O|  |TAMS 0x0000000083700000, 0x0000000083700000| Untracked 
|  55|0x0000000083700000, 0x0000000083800000, 0x0000000083800000|100%| O|  |TAMS 0x0000000083800000, 0x0000000083800000| Untracked 
|  56|0x0000000083800000, 0x0000000083900000, 0x0000000083900000|100%| O|  |TAMS 0x0000000083900000, 0x0000000083900000| Untracked 
|  57|0x0000000083900000, 0x0000000083a00000, 0x0000000083a00000|100%|HS|  |TAMS 0x0000000083a00000, 0x0000000083a00000| Complete 
|  58|0x0000000083a00000, 0x0000000083b00000, 0x0000000083b00000|100%|HC|  |TAMS 0x0000000083b00000, 0x0000000083b00000| Complete 
|  59|0x0000000083b00000, 0x0000000083c00000, 0x0000000083c00000|100%| O|  |TAMS 0x0000000083b00000, 0x0000000083c00000| Untracked 
|  60|0x0000000083c00000, 0x0000000083d00000, 0x0000000083d00000|100%| O|  |TAMS 0x0000000083c00000, 0x0000000083d00000| Untracked 
|  61|0x0000000083d00000, 0x0000000083e00000, 0x0000000083e00000|100%| O|  |TAMS 0x0000000083e00000, 0x0000000083e00000| Untracked 
|  62|0x0000000083e00000, 0x0000000083f00000, 0x0000000083f00000|100%| O|  |TAMS 0x0000000083f00000, 0x0000000083f00000| Untracked 
|  63|0x0000000083f00000, 0x0000000084000000, 0x0000000084000000|100%| O|  |TAMS 0x0000000083f00000, 0x0000000084000000| Untracked 
|  64|0x0000000084000000, 0x0000000084100000, 0x0000000084100000|100%| O|  |TAMS 0x0000000084100000, 0x0000000084100000| Untracked 
|  65|0x0000000084100000, 0x0000000084200000, 0x0000000084200000|100%| O|  |TAMS 0x0000000084200000, 0x0000000084200000| Untracked 
|  66|0x0000000084200000, 0x0000000084300000, 0x0000000084300000|100%| O|  |TAMS 0x0000000084300000, 0x0000000084300000| Untracked 
|  67|0x0000000084300000, 0x0000000084400000, 0x0000000084400000|100%| O|  |TAMS 0x0000000084300000, 0x0000000084400000| Untracked 
|  68|0x0000000084400000, 0x0000000084500000, 0x0000000084500000|100%| O|  |TAMS 0x0000000084500000, 0x0000000084500000| Untracked 
|  69|0x0000000084500000, 0x0000000084600000, 0x0000000084600000|100%| O|  |TAMS 0x0000000084600000, 0x0000000084600000| Untracked 
|  70|0x0000000084600000, 0x0000000084700000, 0x0000000084700000|100%| O|  |TAMS 0x0000000084700000, 0x0000000084700000| Untracked 
|  71|0x0000000084700000, 0x0000000084800000, 0x0000000084800000|100%| O|  |TAMS 0x0000000084800000, 0x0000000084800000| Untracked 
|  72|0x0000000084800000, 0x0000000084900000, 0x0000000084900000|100%| O|  |TAMS 0x0000000084900000, 0x0000000084900000| Untracked 
|  73|0x0000000084900000, 0x0000000084a00000, 0x0000000084a00000|100%| O|  |TAMS 0x0000000084a00000, 0x0000000084a00000| Untracked 
|  74|0x0000000084a00000, 0x0000000084b00000, 0x0000000084b00000|100%| O|  |TAMS 0x0000000084b00000, 0x0000000084b00000| Untracked 
|  75|0x0000000084b00000, 0x0000000084c00000, 0x0000000084c00000|100%| O|  |TAMS 0x0000000084c00000, 0x0000000084c00000| Untracked 
|  76|0x0000000084c00000, 0x0000000084d00000, 0x0000000084d00000|100%| O|  |TAMS 0x0000000084d00000, 0x0000000084d00000| Untracked 
|  77|0x0000000084d00000, 0x0000000084d99600, 0x0000000084e00000| 59%| O|  |TAMS 0x0000000084d00000, 0x0000000084e00000| Untracked 
|  78|0x0000000084e00000, 0x0000000084f00000, 0x0000000084f00000|100%| O|  |TAMS 0x0000000084f00000, 0x0000000084f00000| Untracked 
|  79|0x0000000084f00000, 0x0000000085000000, 0x0000000085000000|100%| O|  |TAMS 0x0000000085000000, 0x0000000085000000| Untracked 
|  80|0x0000000085000000, 0x0000000085000000, 0x0000000085100000|  0%| F|  |TAMS 0x0000000085000000, 0x0000000085000000| Untracked 
|  81|0x0000000085100000, 0x0000000085200000, 0x0000000085200000|100%| O|  |TAMS 0x0000000085200000, 0x0000000085200000| Untracked 
|  82|0x0000000085200000, 0x0000000085300000, 0x0000000085300000|100%| O|  |TAMS 0x0000000085300000, 0x0000000085300000| Untracked 
|  83|0x0000000085300000, 0x0000000085300000, 0x0000000085400000|  0%| F|  |TAMS 0x0000000085300000, 0x0000000085300000| Untracked 
|  84|0x0000000085400000, 0x0000000085400000, 0x0000000085500000|  0%| F|  |TAMS 0x0000000085400000, 0x0000000085400000| Untracked 
|  85|0x0000000085500000, 0x0000000085500000, 0x0000000085600000|  0%| F|  |TAMS 0x0000000085500000, 0x0000000085500000| Untracked 
|  86|0x0000000085600000, 0x0000000085700000, 0x0000000085700000|100%| O|  |TAMS 0x0000000085700000, 0x0000000085700000| Untracked 
|  87|0x0000000085700000, 0x0000000085800000, 0x0000000085800000|100%| O|  |TAMS 0x0000000085700000, 0x0000000085800000| Untracked 
|  88|0x0000000085800000, 0x0000000085800000, 0x0000000085900000|  0%| F|  |TAMS 0x0000000085800000, 0x0000000085800000| Untracked 
|  89|0x0000000085900000, 0x0000000085900000, 0x0000000085a00000|  0%| F|  |TAMS 0x0000000085900000, 0x0000000085900000| Untracked 
|  90|0x0000000085a00000, 0x0000000085b00000, 0x0000000085b00000|100%| O|  |TAMS 0x0000000085b00000, 0x0000000085b00000| Untracked 
|  91|0x0000000085b00000, 0x0000000085c00000, 0x0000000085c00000|100%| O|  |TAMS 0x0000000085c00000, 0x0000000085c00000| Untracked 
|  92|0x0000000085c00000, 0x0000000085d00000, 0x0000000085d00000|100%| O|  |TAMS 0x0000000085d00000, 0x0000000085d00000| Untracked 
|  93|0x0000000085d00000, 0x0000000085e00000, 0x0000000085e00000|100%| O|  |TAMS 0x0000000085e00000, 0x0000000085e00000| Untracked 
|  94|0x0000000085e00000, 0x0000000085f00000, 0x0000000085f00000|100%| O|  |TAMS 0x0000000085f00000, 0x0000000085f00000| Untracked 
|  95|0x0000000085f00000, 0x0000000085f00000, 0x0000000086000000|  0%| F|  |TAMS 0x0000000085f00000, 0x0000000085f00000| Untracked 
|  96|0x0000000086000000, 0x0000000086000000, 0x0000000086100000|  0%| F|  |TAMS 0x0000000086000000, 0x0000000086000000| Untracked 
|  97|0x0000000086100000, 0x0000000086200000, 0x0000000086200000|100%| O|  |TAMS 0x0000000086200000, 0x0000000086200000| Untracked 
|  98|0x0000000086200000, 0x0000000086300000, 0x0000000086300000|100%| O|  |TAMS 0x0000000086300000, 0x0000000086300000| Untracked 
|  99|0x0000000086300000, 0x0000000086400000, 0x0000000086400000|100%| O|  |TAMS 0x0000000086400000, 0x0000000086400000| Untracked 
| 100|0x0000000086400000, 0x0000000086500000, 0x0000000086500000|100%| O|  |TAMS 0x0000000086500000, 0x0000000086500000| Untracked 
| 101|0x0000000086500000, 0x0000000086600000, 0x0000000086600000|100%| O|  |TAMS 0x0000000086600000, 0x0000000086600000| Untracked 
| 102|0x0000000086600000, 0x0000000086700000, 0x0000000086700000|100%| O|  |TAMS 0x0000000086700000, 0x0000000086700000| Untracked 
| 103|0x0000000086700000, 0x0000000086800000, 0x0000000086800000|100%| O|  |TAMS 0x0000000086800000, 0x0000000086800000| Untracked 
| 104|0x0000000086800000, 0x0000000086900000, 0x0000000086900000|100%| O|  |TAMS 0x0000000086900000, 0x0000000086900000| Untracked 
| 105|0x0000000086900000, 0x0000000086a00000, 0x0000000086a00000|100%| O|  |TAMS 0x0000000086a00000, 0x0000000086a00000| Untracked 
| 106|0x0000000086a00000, 0x0000000086b00000, 0x0000000086b00000|100%| O|  |TAMS 0x0000000086b00000, 0x0000000086b00000| Untracked 
| 107|0x0000000086b00000, 0x0000000086c00000, 0x0000000086c00000|100%| O|  |TAMS 0x0000000086b00000, 0x0000000086c00000| Untracked 
| 108|0x0000000086c00000, 0x0000000086c00000, 0x0000000086d00000|  0%| F|  |TAMS 0x0000000086c00000, 0x0000000086c00000| Untracked 
| 109|0x0000000086d00000, 0x0000000086d00000, 0x0000000086e00000|  0%| F|  |TAMS 0x0000000086d00000, 0x0000000086d00000| Untracked 
| 110|0x0000000086e00000, 0x0000000086e00000, 0x0000000086f00000|  0%| F|  |TAMS 0x0000000086e00000, 0x0000000086e00000| Untracked 
| 111|0x0000000086f00000, 0x0000000086f00000, 0x0000000087000000|  0%| F|  |TAMS 0x0000000086f00000, 0x0000000086f00000| Untracked 
| 112|0x0000000087000000, 0x0000000087000000, 0x0000000087100000|  0%| F|  |TAMS 0x0000000087000000, 0x0000000087000000| Untracked 
| 113|0x0000000087100000, 0x0000000087100000, 0x0000000087200000|  0%| F|  |TAMS 0x0000000087100000, 0x0000000087100000| Untracked 
| 114|0x0000000087200000, 0x0000000087200000, 0x0000000087300000|  0%| F|  |TAMS 0x0000000087200000, 0x0000000087200000| Untracked 
| 115|0x0000000087300000, 0x0000000087400000, 0x0000000087400000|100%| O|  |TAMS 0x0000000087300000, 0x0000000087400000| Untracked 
| 116|0x0000000087400000, 0x0000000087400000, 0x0000000087500000|  0%| F|  |TAMS 0x0000000087400000, 0x0000000087400000| Untracked 
| 117|0x0000000087500000, 0x0000000087500000, 0x0000000087600000|  0%| F|  |TAMS 0x0000000087500000, 0x0000000087500000| Untracked 
| 118|0x0000000087600000, 0x0000000087600000, 0x0000000087700000|  0%| F|  |TAMS 0x0000000087600000, 0x0000000087600000| Untracked 
| 119|0x0000000087700000, 0x0000000087700000, 0x0000000087800000|  0%| F|  |TAMS 0x0000000087700000, 0x0000000087700000| Untracked 
| 120|0x0000000087800000, 0x0000000087800000, 0x0000000087900000|  0%| F|  |TAMS 0x0000000087800000, 0x0000000087800000| Untracked 
| 121|0x0000000087900000, 0x0000000087900000, 0x0000000087a00000|  0%| F|  |TAMS 0x0000000087900000, 0x0000000087900000| Untracked 
| 122|0x0000000087a00000, 0x0000000087a00000, 0x0000000087b00000|  0%| F|  |TAMS 0x0000000087a00000, 0x0000000087a00000| Untracked 
| 123|0x0000000087b00000, 0x0000000087b00000, 0x0000000087c00000|  0%| F|  |TAMS 0x0000000087b00000, 0x0000000087b00000| Untracked 
| 124|0x0000000087c00000, 0x0000000087c00000, 0x0000000087d00000|  0%| F|  |TAMS 0x0000000087c00000, 0x0000000087c00000| Untracked 
| 125|0x0000000087d00000, 0x0000000087d00000, 0x0000000087e00000|  0%| F|  |TAMS 0x0000000087d00000, 0x0000000087d00000| Untracked 
| 126|0x0000000087e00000, 0x0000000087e00000, 0x0000000087f00000|  0%| F|  |TAMS 0x0000000087e00000, 0x0000000087e00000| Untracked 
| 127|0x0000000087f00000, 0x0000000087f00000, 0x0000000088000000|  0%| F|  |TAMS 0x0000000087f00000, 0x0000000087f00000| Untracked 
| 128|0x0000000088000000, 0x0000000088000000, 0x0000000088100000|  0%| F|  |TAMS 0x0000000088000000, 0x0000000088000000| Untracked 
| 129|0x0000000088100000, 0x0000000088100000, 0x0000000088200000|  0%| F|  |TAMS 0x0000000088100000, 0x0000000088100000| Untracked 
| 130|0x0000000088200000, 0x0000000088200000, 0x0000000088300000|  0%| F|  |TAMS 0x0000000088200000, 0x0000000088200000| Untracked 
| 131|0x0000000088300000, 0x0000000088300000, 0x0000000088400000|  0%| F|  |TAMS 0x0000000088300000, 0x0000000088300000| Untracked 
| 132|0x0000000088400000, 0x0000000088400000, 0x0000000088500000|  0%| F|  |TAMS 0x0000000088400000, 0x0000000088400000| Untracked 
| 133|0x0000000088500000, 0x0000000088500000, 0x0000000088600000|  0%| F|  |TAMS 0x0000000088500000, 0x0000000088500000| Untracked 
| 134|0x0000000088600000, 0x0000000088600000, 0x0000000088700000|  0%| F|  |TAMS 0x0000000088600000, 0x0000000088600000| Untracked 
| 135|0x0000000088700000, 0x0000000088700000, 0x0000000088800000|  0%| F|  |TAMS 0x0000000088700000, 0x0000000088700000| Untracked 
| 136|0x0000000088800000, 0x0000000088800000, 0x0000000088900000|  0%| F|  |TAMS 0x0000000088800000, 0x0000000088800000| Untracked 
| 137|0x0000000088900000, 0x0000000088900000, 0x0000000088a00000|  0%| F|  |TAMS 0x0000000088900000, 0x0000000088900000| Untracked 
| 138|0x0000000088a00000, 0x0000000088a00000, 0x0000000088b00000|  0%| F|  |TAMS 0x0000000088a00000, 0x0000000088a00000| Untracked 
| 139|0x0000000088b00000, 0x0000000088b00000, 0x0000000088c00000|  0%| F|  |TAMS 0x0000000088b00000, 0x0000000088b00000| Untracked 
| 140|0x0000000088c00000, 0x0000000088c00000, 0x0000000088d00000|  0%| F|  |TAMS 0x0000000088c00000, 0x0000000088c00000| Untracked 
| 141|0x0000000088d00000, 0x0000000088d00000, 0x0000000088e00000|  0%| F|  |TAMS 0x0000000088d00000, 0x0000000088d00000| Untracked 
| 142|0x0000000088e00000, 0x0000000088e00000, 0x0000000088f00000|  0%| F|  |TAMS 0x0000000088e00000, 0x0000000088e00000| Untracked 
| 143|0x0000000088f00000, 0x0000000088f00000, 0x0000000089000000|  0%| F|  |TAMS 0x0000000088f00000, 0x0000000088f00000| Untracked 
| 144|0x0000000089000000, 0x0000000089000000, 0x0000000089100000|  0%| F|  |TAMS 0x0000000089000000, 0x0000000089000000| Untracked 
| 145|0x0000000089100000, 0x0000000089100000, 0x0000000089200000|  0%| F|  |TAMS 0x0000000089100000, 0x0000000089100000| Untracked 
| 146|0x0000000089200000, 0x0000000089200000, 0x0000000089300000|  0%| F|  |TAMS 0x0000000089200000, 0x0000000089200000| Untracked 
| 147|0x0000000089300000, 0x00000000893d0ae8, 0x0000000089400000| 81%| S|  |TAMS 0x0000000089300000, 0x0000000089300000| Complete 
| 148|0x0000000089400000, 0x0000000089500000, 0x0000000089500000|100%| S|  |TAMS 0x0000000089400000, 0x0000000089400000| Complete 
| 149|0x0000000089500000, 0x0000000089600000, 0x0000000089600000|100%| S|  |TAMS 0x0000000089500000, 0x0000000089500000| Complete 
| 150|0x0000000089600000, 0x0000000089700000, 0x0000000089700000|100%| E|CS|TAMS 0x0000000089600000, 0x0000000089700000| Complete 
| 151|0x0000000089700000, 0x0000000089800000, 0x0000000089800000|100%| E|CS|TAMS 0x0000000089700000, 0x0000000089800000| Complete 
| 152|0x0000000089800000, 0x0000000089900000, 0x0000000089900000|100%| E|CS|TAMS 0x0000000089800000, 0x0000000089900000| Complete 
| 153|0x0000000089900000, 0x0000000089a00000, 0x0000000089a00000|100%| E|CS|TAMS 0x0000000089900000, 0x0000000089a00000| Complete 
| 154|0x0000000089a00000, 0x0000000089ad4d30, 0x0000000089b00000| 83%| E|CS|TAMS 0x0000000089a00000, 0x0000000089ad4d30| Complete 
| 155|0x0000000089b00000, 0x0000000089c00000, 0x0000000089c00000|100%| E|CS|TAMS 0x0000000089b00000, 0x0000000089c00000| Complete 
| 156|0x0000000089c00000, 0x0000000089d00000, 0x0000000089d00000|100%| E|CS|TAMS 0x0000000089c00000, 0x0000000089d00000| Complete 
| 157|0x0000000089d00000, 0x0000000089e00000, 0x0000000089e00000|100%| E|CS|TAMS 0x0000000089d00000, 0x0000000089e00000| Complete 
| 158|0x0000000089e00000, 0x0000000089f00000, 0x0000000089f00000|100%| E|CS|TAMS 0x0000000089e00000, 0x0000000089f00000| Complete 
| 159|0x0000000089f00000, 0x000000008a000000, 0x000000008a000000|100%| E|CS|TAMS 0x0000000089f00000, 0x000000008a000000| Complete 
| 160|0x000000008a000000, 0x000000008a100000, 0x000000008a100000|100%| E|CS|TAMS 0x000000008a000000, 0x000000008a100000| Complete 
| 161|0x000000008a100000, 0x000000008a200000, 0x000000008a200000|100%| E|CS|TAMS 0x000000008a100000, 0x000000008a200000| Complete 
| 162|0x000000008a200000, 0x000000008a300000, 0x000000008a300000|100%| E|CS|TAMS 0x000000008a200000, 0x000000008a300000| Complete 
| 163|0x000000008a300000, 0x000000008a400000, 0x000000008a400000|100%| E|CS|TAMS 0x000000008a300000, 0x000000008a400000| Complete 
| 164|0x000000008a400000, 0x000000008a500000, 0x000000008a500000|100%| E|CS|TAMS 0x000000008a400000, 0x000000008a500000| Complete 
| 165|0x000000008a500000, 0x000000008a600000, 0x000000008a600000|100%| E|CS|TAMS 0x000000008a500000, 0x000000008a600000| Complete 
| 166|0x000000008a600000, 0x000000008a700000, 0x000000008a700000|100%| E|CS|TAMS 0x000000008a600000, 0x000000008a700000| Complete 
| 167|0x000000008a700000, 0x000000008a800000, 0x000000008a800000|100%| E|CS|TAMS 0x000000008a700000, 0x000000008a800000| Complete 
| 168|0x000000008a800000, 0x000000008a900000, 0x000000008a900000|100%| E|CS|TAMS 0x000000008a800000, 0x000000008a900000| Complete 
| 169|0x000000008a900000, 0x000000008aa00000, 0x000000008aa00000|100%| E|CS|TAMS 0x000000008a900000, 0x000000008aa00000| Complete 
| 170|0x000000008aa00000, 0x000000008ab00000, 0x000000008ab00000|100%| E|CS|TAMS 0x000000008aa00000, 0x000000008ab00000| Complete 
| 171|0x000000008ab00000, 0x000000008ac00000, 0x000000008ac00000|100%| E|CS|TAMS 0x000000008ab00000, 0x000000008ac00000| Complete 
| 172|0x000000008ac00000, 0x000000008ad00000, 0x000000008ad00000|100%| E|CS|TAMS 0x000000008ac00000, 0x000000008ad00000| Complete 
| 173|0x000000008ad00000, 0x000000008ae00000, 0x000000008ae00000|100%| E|CS|TAMS 0x000000008ad00000, 0x000000008ae00000| Complete 
| 174|0x000000008ae00000, 0x000000008af00000, 0x000000008af00000|100%| E|CS|TAMS 0x000000008ae00000, 0x000000008af00000| Complete 
| 175|0x000000008af00000, 0x000000008b000000, 0x000000008b000000|100%| E|CS|TAMS 0x000000008af00000, 0x000000008b000000| Complete 
| 176|0x000000008b000000, 0x000000008b100000, 0x000000008b100000|100%| E|CS|TAMS 0x000000008b000000, 0x000000008b100000| Complete 
| 177|0x000000008b100000, 0x000000008b200000, 0x000000008b200000|100%| E|CS|TAMS 0x000000008b100000, 0x000000008b200000| Complete 
| 178|0x000000008b200000, 0x000000008b300000, 0x000000008b300000|100%| E|CS|TAMS 0x000000008b200000, 0x000000008b300000| Complete 
| 179|0x000000008b300000, 0x000000008b400000, 0x000000008b400000|100%| E|CS|TAMS 0x000000008b300000, 0x000000008b400000| Complete 
| 180|0x000000008b400000, 0x000000008b500000, 0x000000008b500000|100%| E|CS|TAMS 0x000000008b400000, 0x000000008b500000| Complete 
| 181|0x000000008b500000, 0x000000008b600000, 0x000000008b600000|100%| E|CS|TAMS 0x000000008b500000, 0x000000008b600000| Complete 
| 182|0x000000008b600000, 0x000000008b700000, 0x000000008b700000|100%| E|CS|TAMS 0x000000008b600000, 0x000000008b700000| Complete 
| 183|0x000000008b700000, 0x000000008b800000, 0x000000008b800000|100%| E|CS|TAMS 0x000000008b700000, 0x000000008b800000| Complete 
| 184|0x000000008b800000, 0x000000008b900000, 0x000000008b900000|100%| E|CS|TAMS 0x000000008b800000, 0x000000008b900000| Complete 
| 185|0x000000008b900000, 0x000000008ba00000, 0x000000008ba00000|100%| E|CS|TAMS 0x000000008b900000, 0x000000008ba00000| Complete 
| 186|0x000000008ba00000, 0x000000008bb00000, 0x000000008bb00000|100%| E|CS|TAMS 0x000000008ba00000, 0x000000008bb00000| Complete 
| 187|0x000000008bb00000, 0x000000008bc00000, 0x000000008bc00000|100%| E|CS|TAMS 0x000000008bb00000, 0x000000008bc00000| Complete 
| 188|0x000000008bc00000, 0x000000008bd00000, 0x000000008bd00000|100%| E|CS|TAMS 0x000000008bc00000, 0x000000008bd00000| Complete 
| 189|0x000000008bd00000, 0x000000008be00000, 0x000000008be00000|100%| E|CS|TAMS 0x000000008bd00000, 0x000000008be00000| Complete 
| 190|0x000000008be00000, 0x000000008bf00000, 0x000000008bf00000|100%| E|CS|TAMS 0x000000008be00000, 0x000000008bf00000| Complete 
| 191|0x000000008bf00000, 0x000000008c000000, 0x000000008c000000|100%| E|CS|TAMS 0x000000008bf00000, 0x000000008c000000| Complete 
| 192|0x000000008c000000, 0x000000008c100000, 0x000000008c100000|100%| E|CS|TAMS 0x000000008c000000, 0x000000008c100000| Complete 
| 193|0x000000008c100000, 0x000000008c200000, 0x000000008c200000|100%| E|CS|TAMS 0x000000008c100000, 0x000000008c200000| Complete 
| 194|0x000000008c200000, 0x000000008c300000, 0x000000008c300000|100%| E|CS|TAMS 0x000000008c200000, 0x000000008c300000| Complete 
| 195|0x000000008c300000, 0x000000008c400000, 0x000000008c400000|100%| E|CS|TAMS 0x000000008c300000, 0x000000008c400000| Complete 
| 196|0x000000008c400000, 0x000000008c500000, 0x000000008c500000|100%| E|CS|TAMS 0x000000008c400000, 0x000000008c500000| Complete 
| 197|0x000000008c500000, 0x000000008c600000, 0x000000008c600000|100%| E|CS|TAMS 0x000000008c500000, 0x000000008c600000| Complete 
| 198|0x000000008c600000, 0x000000008c700000, 0x000000008c700000|100%| E|CS|TAMS 0x000000008c600000, 0x000000008c700000| Complete 
| 199|0x000000008c700000, 0x000000008c800000, 0x000000008c800000|100%| E|CS|TAMS 0x000000008c700000, 0x000000008c800000| Complete 
| 200|0x000000008c800000, 0x000000008c900000, 0x000000008c900000|100%| E|CS|TAMS 0x000000008c800000, 0x000000008c900000| Complete 
| 201|0x000000008c900000, 0x000000008ca00000, 0x000000008ca00000|100%| E|CS|TAMS 0x000000008c900000, 0x000000008ca00000| Complete 
| 202|0x000000008ca00000, 0x000000008cb00000, 0x000000008cb00000|100%| E|CS|TAMS 0x000000008ca00000, 0x000000008cb00000| Complete 
| 203|0x000000008cb00000, 0x000000008cc00000, 0x000000008cc00000|100%| E|CS|TAMS 0x000000008cb00000, 0x000000008cc00000| Complete 
| 204|0x000000008cc00000, 0x000000008cd00000, 0x000000008cd00000|100%| E|CS|TAMS 0x000000008cc00000, 0x000000008cd00000| Complete 
| 205|0x000000008cd00000, 0x000000008ce00000, 0x000000008ce00000|100%| E|CS|TAMS 0x000000008cd00000, 0x000000008ce00000| Complete 
| 206|0x000000008ce00000, 0x000000008cf00000, 0x000000008cf00000|100%| E|CS|TAMS 0x000000008ce00000, 0x000000008cf00000| Complete 
| 207|0x000000008cf00000, 0x000000008d000000, 0x000000008d000000|100%| E|CS|TAMS 0x000000008cf00000, 0x000000008d000000| Complete 
| 208|0x000000008d000000, 0x000000008d100000, 0x000000008d100000|100%| E|CS|TAMS 0x000000008d000000, 0x000000008d100000| Complete 
| 209|0x000000008d100000, 0x000000008d200000, 0x000000008d200000|100%| E|CS|TAMS 0x000000008d100000, 0x000000008d200000| Complete 
| 210|0x000000008d200000, 0x000000008d300000, 0x000000008d300000|100%| E|CS|TAMS 0x000000008d200000, 0x000000008d300000| Complete 
| 211|0x000000008d300000, 0x000000008d400000, 0x000000008d400000|100%| E|CS|TAMS 0x000000008d300000, 0x000000008d400000| Complete 
| 212|0x000000008d400000, 0x000000008d500000, 0x000000008d500000|100%| E|CS|TAMS 0x000000008d400000, 0x000000008d500000| Complete 
| 213|0x000000008d500000, 0x000000008d600000, 0x000000008d600000|100%| E|CS|TAMS 0x000000008d500000, 0x000000008d600000| Complete 
| 214|0x000000008d600000, 0x000000008d700000, 0x000000008d700000|100%| E|CS|TAMS 0x000000008d600000, 0x000000008d700000| Complete 
| 215|0x000000008d700000, 0x000000008d800000, 0x000000008d800000|100%| E|CS|TAMS 0x000000008d700000, 0x000000008d800000| Complete 
| 216|0x000000008d800000, 0x000000008d900000, 0x000000008d900000|100%| E|CS|TAMS 0x000000008d800000, 0x000000008d900000| Complete 
| 217|0x000000008d900000, 0x000000008da00000, 0x000000008da00000|100%| E|CS|TAMS 0x000000008d900000, 0x000000008da00000| Complete 
| 218|0x000000008da00000, 0x000000008db00000, 0x000000008db00000|100%| E|CS|TAMS 0x000000008da00000, 0x000000008db00000| Complete 
| 219|0x000000008db00000, 0x000000008dc00000, 0x000000008dc00000|100%| E|CS|TAMS 0x000000008db00000, 0x000000008dc00000| Complete 

Card table byte_map: [0x00000170218c0000,0x0000017021cc0000] _byte_map_base: 0x00000170214c0000

Marking Bits (Prev, Next): (CMBitMap*) 0x000001700e6de260, (CMBitMap*) 0x000001700e6de228
 Prev Bits: [0x00000170240c0000, 0x00000170260c0000)
 Next Bits: [0x00000170220c0000, 0x00000170240c0000)

Polling page: 0x000001700c670000

Metaspace:

Usage:
  Non-class:    102.74 MB capacity,   100.72 MB ( 98%) used,     1.62 MB (  2%) free+waste,   413.50 KB ( <1%) overhead. 
      Class:     15.85 MB capacity,    14.60 MB ( 92%) used,     1.06 MB (  7%) free+waste,   187.19 KB (  1%) overhead. 
       Both:    118.59 MB capacity,   115.32 MB ( 97%) used,     2.69 MB (  2%) free+waste,   600.69 KB ( <1%) overhead. 

Virtual space:
  Non-class space:      104.00 MB reserved,     102.87 MB ( 99%) committed 
      Class space:        1.00 GB reserved,      15.88 MB (  2%) committed 
             Both:        1.10 GB reserved,     118.75 MB ( 11%) committed 

Chunk freelists:
   Non-Class:  0 bytes
       Class:  0 bytes
        Both:  0 bytes

MaxMetaspaceSize: 17179869184.00 GB
CompressedClassSpaceSize: 1.00 GB

CodeHeap 'non-profiled nmethods': size=120000Kb used=12121Kb max_used=12121Kb free=107878Kb
 bounds [0x0000017019c60000, 0x000001701a840000, 0x0000017021190000]
CodeHeap 'profiled nmethods': size=120000Kb used=42474Kb max_used=42474Kb free=77525Kb
 bounds [0x0000017012730000, 0x00000170150b0000, 0x0000017019c60000]
CodeHeap 'non-nmethods': size=5760Kb used=2353Kb max_used=2405Kb free=3406Kb
 bounds [0x0000017012190000, 0x0000017012400000, 0x0000017012730000]
 total_blobs=20442 nmethods=19473 adapters=878
 compilation: enabled
              stopped_count=0, restarted_count=0
 full_count=0

Compilation events (20 events):
Event: 536.396 Thread 0x0000017029727000 19946       4       com.google.common.collect.AbstractMapBasedMultimap::put (92 bytes)
Event: 536.398 Thread 0x0000017028b36000 nmethod 19950 0x0000017015090c90 code [0x0000017015091060, 0x0000017015093498]
Event: 536.398 Thread 0x0000017028b36000 19945       3       org.gradle.internal.ImmutableActionSet$SetWithFewActions::<init> (10 bytes)
Event: 536.398 Thread 0x0000017028b36000 nmethod 19945 0x0000017015093d90 code [0x0000017015093f40, 0x0000017015094158]
Event: 536.398 Thread 0x0000017028b36000 19943       3       com.android.build.api.variant.impl.ApplicationVariantImpl_Decorated::getMinSdkVersion (40 bytes)
Event: 536.400 Thread 0x0000017028b36000 nmethod 19943 0x0000017015094290 code [0x0000017015094500, 0x0000017015095008]
Event: 536.401 Thread 0x0000017028b36000 19944       3       com.android.build.api.variant.impl.VariantImpl::getMinSdkVersion (17 bytes)
Event: 536.401 Thread 0x0000017028b36000 nmethod 19944 0x0000017015095310 code [0x00000170150954e0, 0x00000170150957a8]
Event: 536.401 Thread 0x0000017028b36000 19952       3       org.gradle.api.internal.DefaultNamedDomainObjectCollection::realized (16 bytes)
Event: 536.402 Thread 0x0000017028b36000 nmethod 19952 0x0000017015095890 code [0x0000017015095a80, 0x0000017015095e28]
Event: 536.402 Thread 0x0000017028b36000 19937       3       com.android.build.api.variant.impl.ApplicationVariantImpl_Decorated::getBuildFeatures (40 bytes)
Event: 536.403 Thread 0x0000017028b36000 nmethod 19937 0x0000017015095f90 code [0x00000170150961c0, 0x00000170150968c8]
Event: 536.404 Thread 0x0000017028b36000 19953       1       com.android.build.gradle.tasks.MergeResources_Decorated::getModelIdentityDisplayName (5 bytes)
Event: 536.404 Thread 0x0000017028b36000 nmethod 19953 0x000001701a830210 code [0x000001701a8303c0, 0x000001701a830478]
Event: 536.404 Thread 0x0000017028b36000 19942       1       com.android.build.gradle.tasks.RenderscriptCompile_Decorated::getModelIdentityDisplayName (5 bytes)
Event: 536.404 Thread 0x0000017028b36000 nmethod 19942 0x000001701a830510 code [0x000001701a8306c0, 0x000001701a830778]
Event: 536.404 Thread 0x0000017028b36000 19951       1       org.gradle.api.internal.artifacts.ivyservice.resolveengine.graph.builder.RootNode::isSelected (2 bytes)
Event: 536.404 Thread 0x0000017028b36000 nmethod 19951 0x000001701a830810 code [0x000001701a8309c0, 0x000001701a830a78]
Event: 536.405 Thread 0x0000017028b36000 19954  s    3       org.gradle.internal.component.local.model.DefaultLocalComponentMetadata$DefaultLocalConfigurationMetadata::realizeDependencies (36 bytes)
Event: 536.406 Thread 0x0000017028b36000 nmethod 19954 0x0000017015096b10 code [0x0000017015096d20, 0x0000017015097308]

GC Heap History (20 events):
Event: 47.505 GC heap before
{Heap before GC invocations=29 (full 0):
 garbage-first heap   total 187392K, used 131154K [0x0000000080000000, 0x0000000100000000)
  region size 1024K, 49 young (50176K), 1 survivors (1024K)
 Metaspace       used 90803K, capacity 92947K, committed 93052K, reserved 1130496K
  class space    used 11457K, capacity 12233K, committed 12288K, reserved 1048576K
}
Event: 47.518 GC heap after
{Heap after GC invocations=30 (full 0):
 garbage-first heap   total 225280K, used 85464K [0x0000000080000000, 0x0000000100000000)
  region size 1024K, 4 young (4096K), 4 survivors (4096K)
 Metaspace       used 90803K, capacity 92947K, committed 93052K, reserved 1130496K
  class space    used 11457K, capacity 12233K, committed 12288K, reserved 1048576K
}
Event: 49.385 GC heap before
{Heap before GC invocations=30 (full 0):
 garbage-first heap   total 225280K, used 149976K [0x0000000080000000, 0x0000000100000000)
  region size 1024K, 68 young (69632K), 4 survivors (4096K)
 Metaspace       used 92180K, capacity 94389K, committed 94460K, reserved 1132544K
  class space    used 11610K, capacity 12412K, committed 12416K, reserved 1048576K
}
Event: 49.400 GC heap after
{Heap after GC invocations=31 (full 0):
 garbage-first heap   total 225280K, used 88097K [0x0000000080000000, 0x0000000100000000)
  region size 1024K, 6 young (6144K), 6 survivors (6144K)
 Metaspace       used 92180K, capacity 94389K, committed 94460K, reserved 1132544K
  class space    used 11610K, capacity 12412K, committed 12416K, reserved 1048576K
}
Event: 53.332 GC heap before
{Heap before GC invocations=31 (full 0):
 garbage-first heap   total 225280K, used 158753K [0x0000000080000000, 0x0000000100000000)
  region size 1024K, 73 young (74752K), 6 survivors (6144K)
 Metaspace       used 99793K, capacity 102123K, committed 102396K, reserved 1138688K
  class space    used 12533K, capacity 13349K, committed 13440K, reserved 1048576K
}
Event: 53.362 GC heap after
{Heap after GC invocations=32 (full 0):
 garbage-first heap   total 225280K, used 100676K [0x0000000080000000, 0x0000000100000000)
  region size 1024K, 10 young (10240K), 10 survivors (10240K)
 Metaspace       used 99793K, capacity 102123K, committed 102396K, reserved 1138688K
  class space    used 12533K, capacity 13349K, committed 13440K, reserved 1048576K
}
Event: 56.043 GC heap before
{Heap before GC invocations=32 (full 0):
 garbage-first heap   total 225280K, used 165188K [0x0000000080000000, 0x0000000100000000)
  region size 1024K, 72 young (73728K), 10 survivors (10240K)
 Metaspace       used 105490K, capacity 108045K, committed 108156K, reserved 1142784K
  class space    used 13306K, capacity 14277K, committed 14336K, reserved 1048576K
}
Event: 56.090 GC heap after
{Heap after GC invocations=33 (full 0):
 garbage-first heap   total 225280K, used 109868K [0x0000000080000000, 0x0000000100000000)
  region size 1024K, 9 young (9216K), 9 survivors (9216K)
 Metaspace       used 105490K, capacity 108045K, committed 108156K, reserved 1142784K
  class space    used 13306K, capacity 14277K, committed 14336K, reserved 1048576K
}
Event: 58.221 GC heap before
{Heap before GC invocations=33 (full 0):
 garbage-first heap   total 225280K, used 168236K [0x0000000080000000, 0x0000000100000000)
  region size 1024K, 67 young (68608K), 9 survivors (9216K)
 Metaspace       used 112406K, capacity 115594K, committed 115708K, reserved 1148928K
  class space    used 14407K, capacity 15630K, committed 15744K, reserved 1048576K
}
Event: 58.268 GC heap after
{Heap after GC invocations=34 (full 0):
 garbage-first heap   total 225280K, used 113079K [0x0000000080000000, 0x0000000100000000)
  region size 1024K, 4 young (4096K), 4 survivors (4096K)
 Metaspace       used 112406K, capacity 115594K, committed 115708K, reserved 1148928K
  class space    used 14407K, capacity 15630K, committed 15744K, reserved 1048576K
}
Event: 59.129 GC heap before
{Heap before GC invocations=34 (full 0):
 garbage-first heap   total 225280K, used 128439K [0x0000000080000000, 0x0000000100000000)
  region size 1024K, 21 young (21504K), 4 survivors (4096K)
 Metaspace       used 112721K, capacity 115893K, committed 116220K, reserved 1150976K
  class space    used 14407K, capacity 15630K, committed 15744K, reserved 1048576K
}
Event: 59.149 GC heap after
{Heap after GC invocations=35 (full 0):
 garbage-first heap   total 225280K, used 114440K [0x0000000080000000, 0x0000000100000000)
  region size 1024K, 5 young (5120K), 5 survivors (5120K)
 Metaspace       used 112721K, capacity 115893K, committed 116220K, reserved 1150976K
  class space    used 14407K, capacity 15630K, committed 15744K, reserved 1048576K
}
Event: 86.640 GC heap before
{Heap before GC invocations=36 (full 0):
 garbage-first heap   total 225280K, used 178952K [0x0000000080000000, 0x0000000100000000)
  region size 1024K, 62 young (63488K), 5 survivors (5120K)
 Metaspace       used 115952K, capacity 119180K, committed 119420K, reserved 1153024K
  class space    used 14869K, capacity 16082K, committed 16128K, reserved 1048576K
}
Event: 86.660 GC heap after
{Heap after GC invocations=37 (full 0):
 garbage-first heap   total 225280K, used 110944K [0x0000000080000000, 0x0000000100000000)
  region size 1024K, 3 young (3072K), 3 survivors (3072K)
 Metaspace       used 115952K, capacity 119180K, committed 119420K, reserved 1153024K
  class space    used 14869K, capacity 16082K, committed 16128K, reserved 1048576K
}
Event: 86.839 GC heap before
{Heap before GC invocations=37 (full 0):
 garbage-first heap   total 225280K, used 118112K [0x0000000080000000, 0x0000000100000000)
  region size 1024K, 11 young (11264K), 3 survivors (3072K)
 Metaspace       used 116024K, capacity 119192K, committed 119420K, reserved 1153024K
  class space    used 14869K, capacity 16083K, committed 16128K, reserved 1048576K
}
Event: 86.872 GC heap after
{Heap after GC invocations=38 (full 0):
 garbage-first heap   total 225280K, used 100010K [0x0000000080000000, 0x0000000100000000)
  region size 1024K, 1 young (1024K), 1 survivors (1024K)
 Metaspace       used 116024K, capacity 119192K, committed 119420K, reserved 1153024K
  class space    used 14869K, capacity 16083K, committed 16128K, reserved 1048576K
}
Event: 178.715 GC heap before
{Heap before GC invocations=38 (full 0):
 garbage-first heap   total 225280K, used 166570K [0x0000000080000000, 0x0000000100000000)
  region size 1024K, 67 young (68608K), 1 survivors (1024K)
 Metaspace       used 117004K, capacity 120243K, committed 120444K, reserved 1153024K
  class space    used 14891K, capacity 16119K, committed 16128K, reserved 1048576K
}
Event: 178.741 GC heap after
{Heap after GC invocations=39 (full 0):
 garbage-first heap   total 225280K, used 106743K [0x0000000080000000, 0x0000000100000000)
  region size 1024K, 8 young (8192K), 8 survivors (8192K)
 Metaspace       used 117004K, capacity 120243K, committed 120444K, reserved 1153024K
  class space    used 14891K, capacity 16119K, committed 16128K, reserved 1048576K
}
Event: 476.049 GC heap before
{Heap before GC invocations=39 (full 0):
 garbage-first heap   total 225280K, used 171255K [0x0000000080000000, 0x0000000100000000)
  region size 1024K, 72 young (73728K), 8 survivors (8192K)
 Metaspace       used 117588K, capacity 120934K, committed 121084K, reserved 1155072K
  class space    used 14923K, capacity 16177K, committed 16256K, reserved 1048576K
}
Event: 476.063 GC heap after
{Heap after GC invocations=40 (full 0):
 garbage-first heap   total 225280K, used 104888K [0x0000000080000000, 0x0000000100000000)
  region size 1024K, 2 young (2048K), 2 survivors (2048K)
 Metaspace       used 117588K, capacity 120934K, committed 121084K, reserved 1155072K
  class space    used 14923K, capacity 16177K, committed 16256K, reserved 1048576K
}

Deoptimization events (20 events):
Event: 396.197 Thread 0x00000170299c5800 DEOPT PACKING pc=0x000001701a774d94 sp=0x000000344cff9e80
Event: 396.198 Thread 0x00000170299c5800 DEOPT UNPACKING pc=0x00000170121b78af sp=0x000000344cff9e30 mode 2
Event: 471.298 Thread 0x000001702b25d800 DEOPT PACKING pc=0x0000017014772a41 sp=0x0000003449dfe950
Event: 471.298 Thread 0x000001702b25d800 DEOPT UNPACKING pc=0x00000170121b76ce sp=0x0000003449dfddf0 mode 0
Event: 475.949 Thread 0x00000170299bd000 Uncommon trap: trap_request=0xffffffc6 fr.pc=0x000001701a2920f0 relative=0x0000000000000130
Event: 475.949 Thread 0x00000170299bd000 Uncommon trap: reason=bimorphic_or_optimized_type_check action=maybe_recompile pc=0x000001701a2920f0 method=java.util.Collections$UnmodifiableList.get(I)Ljava/lang/Object; @ 5 c2
Event: 475.949 Thread 0x00000170299bd000 DEOPT PACKING pc=0x000001701a2920f0 sp=0x0000003449efe650
Event: 475.949 Thread 0x00000170299bd000 DEOPT UNPACKING pc=0x00000170121b78af sp=0x0000003449efe5e8 mode 2
Event: 475.983 Thread 0x00000170299bd000 Uncommon trap: trap_request=0xffffffcc fr.pc=0x000001701a77ddbc relative=0x000000000000017c
Event: 475.983 Thread 0x00000170299bd000 Uncommon trap: reason=intrinsic_or_type_checked_inlining action=make_not_entrant pc=0x000001701a77ddbc method=java.util.ArrayList$SubList.toArray([Ljava/lang/Object;)[Ljava/lang/Object; @ 58 c2
Event: 475.983 Thread 0x00000170299bd000 DEOPT PACKING pc=0x000001701a77ddbc sp=0x0000003449ef9bc0
Event: 475.983 Thread 0x00000170299bd000 DEOPT UNPACKING pc=0x00000170121b78af sp=0x0000003449ef9b70 mode 2
Event: 476.302 Thread 0x00000170299bd000 DEOPT PACKING pc=0x0000017013e155b1 sp=0x0000003449ef9090
Event: 476.302 Thread 0x00000170299bd000 DEOPT UNPACKING pc=0x00000170121b76ce sp=0x0000003449ef8560 mode 0
Event: 476.372 Thread 0x00000170299bd000 DEOPT PACKING pc=0x0000017012bcd179 sp=0x0000003449ef8dd0
Event: 476.372 Thread 0x00000170299bd000 DEOPT UNPACKING pc=0x00000170121b76ce sp=0x0000003449ef8298 mode 0
Event: 476.535 Thread 0x00000170299bd000 DEOPT PACKING pc=0x000001701356493b sp=0x0000003449ef82f0
Event: 476.535 Thread 0x00000170299bd000 DEOPT UNPACKING pc=0x00000170121b76ce sp=0x0000003449ef7830 mode 0
Event: 476.713 Thread 0x0000017029727000 DEOPT PACKING pc=0x0000017013de6a8d sp=0x000000344c3fbbf0
Event: 476.713 Thread 0x0000017029727000 DEOPT UNPACKING pc=0x00000170121b76ce sp=0x000000344c3fb088 mode 0

Classes redefined (0 events):
No events

Internal exceptions (20 events):
Event: 395.471 Thread 0x000001702971e800 Exception <a 'java/lang/NoClassDefFoundError'{0x000000008b8e9d18}: org/jetbrains/kotlin/gradle/plugin/KotlinBasePluginWrapper> (0x000000008b8e9d18) thrown at [./src/hotspot/share/oops/constantPool.cpp, line 775]
Event: 395.499 Thread 0x000001702971e800 Exception <a 'sun/nio/fs/WindowsException'{0x000000008b7b5228}> (0x000000008b7b5228) thrown at [./src/hotspot/share/prims/jni.cpp, line 615]
Event: 395.519 Thread 0x000001702971e800 Exception <a 'sun/nio/fs/WindowsException'{0x000000008b6593d8}> (0x000000008b6593d8) thrown at [./src/hotspot/share/prims/jni.cpp, line 615]
Event: 395.520 Thread 0x000001702971e800 Exception <a 'sun/nio/fs/WindowsException'{0x000000008b65a4a8}> (0x000000008b65a4a8) thrown at [./src/hotspot/share/prims/jni.cpp, line 615]
Event: 395.520 Thread 0x000001702971e800 Exception <a 'sun/nio/fs/WindowsException'{0x000000008b65b5c8}> (0x000000008b65b5c8) thrown at [./src/hotspot/share/prims/jni.cpp, line 615]
Event: 395.521 Thread 0x000001702971e800 Exception <a 'sun/nio/fs/WindowsException'{0x000000008b65c6e8}> (0x000000008b65c6e8) thrown at [./src/hotspot/share/prims/jni.cpp, line 615]
Event: 476.348 Thread 0x00000170299bd000 Exception <a 'sun/nio/fs/WindowsException'{0x000000008cd69970}> (0x000000008cd69970) thrown at [./src/hotspot/share/prims/jni.cpp, line 615]
Event: 476.451 Thread 0x00000170299bd000 Exception <a 'java/lang/NoClassDefFoundError'{0x000000008ca229d8}: org/jetbrains/kotlin/gradle/plugin/KotlinBasePluginWrapper> (0x000000008ca229d8) thrown at [./src/hotspot/share/oops/constantPool.cpp, line 775]
Event: 476.474 Thread 0x00000170299bd000 Exception <a 'sun/nio/fs/WindowsException'{0x000000008caeaf58}> (0x000000008caeaf58) thrown at [./src/hotspot/share/prims/jni.cpp, line 615]
Event: 476.490 Thread 0x00000170299bd000 Exception <a 'sun/nio/fs/WindowsException'{0x000000008c98f098}> (0x000000008c98f098) thrown at [./src/hotspot/share/prims/jni.cpp, line 615]
Event: 476.491 Thread 0x00000170299bd000 Exception <a 'sun/nio/fs/WindowsException'{0x000000008c990168}> (0x000000008c990168) thrown at [./src/hotspot/share/prims/jni.cpp, line 615]
Event: 476.491 Thread 0x00000170299bd000 Exception <a 'sun/nio/fs/WindowsException'{0x000000008c991288}> (0x000000008c991288) thrown at [./src/hotspot/share/prims/jni.cpp, line 615]
Event: 476.491 Thread 0x00000170299bd000 Exception <a 'sun/nio/fs/WindowsException'{0x000000008c9923a8}> (0x000000008c9923a8) thrown at [./src/hotspot/share/prims/jni.cpp, line 615]
Event: 536.155 Thread 0x00000170299bd000 Exception <a 'sun/nio/fs/WindowsException'{0x000000008a0151d8}> (0x000000008a0151d8) thrown at [./src/hotspot/share/prims/jni.cpp, line 615]
Event: 536.245 Thread 0x00000170299bd000 Exception <a 'java/lang/NoClassDefFoundError'{0x0000000089ee2b70}: org/jetbrains/kotlin/gradle/plugin/KotlinBasePluginWrapper> (0x0000000089ee2b70) thrown at [./src/hotspot/share/oops/constantPool.cpp, line 775]
Event: 536.269 Thread 0x00000170299bd000 Exception <a 'sun/nio/fs/WindowsException'{0x0000000089db3fa0}> (0x0000000089db3fa0) thrown at [./src/hotspot/share/prims/jni.cpp, line 615]
Event: 536.291 Thread 0x00000170299bd000 Exception <a 'sun/nio/fs/WindowsException'{0x0000000089c579c8}> (0x0000000089c579c8) thrown at [./src/hotspot/share/prims/jni.cpp, line 615]
Event: 536.292 Thread 0x00000170299bd000 Exception <a 'sun/nio/fs/WindowsException'{0x0000000089c58a98}> (0x0000000089c58a98) thrown at [./src/hotspot/share/prims/jni.cpp, line 615]
Event: 536.292 Thread 0x00000170299bd000 Exception <a 'sun/nio/fs/WindowsException'{0x0000000089c59bb8}> (0x0000000089c59bb8) thrown at [./src/hotspot/share/prims/jni.cpp, line 615]
Event: 536.292 Thread 0x00000170299bd000 Exception <a 'sun/nio/fs/WindowsException'{0x0000000089c5af28}> (0x0000000089c5af28) thrown at [./src/hotspot/share/prims/jni.cpp, line 615]

Events (20 events):
Event: 535.800 Executing VM operation: RevokeBias done
Event: 535.818 Thread 0x0000017029726000 Thread added: 0x0000017029726000
Event: 535.822 Thread 0x0000017029720800 Thread added: 0x0000017029720800
Event: 535.829 Thread 0x000001702972b000 Thread added: 0x000001702972b000
Event: 535.843 Thread 0x0000017029727800 Thread added: 0x0000017029727800
Event: 535.878 Thread 0x0000017029729800 Thread added: 0x0000017029729800
Event: 535.998 Thread 0x0000017029727000 Thread added: 0x0000017029727000
Event: 536.033 Thread 0x0000017029728800 Thread added: 0x0000017029728800
Event: 536.034 Thread 0x000001702972d800 Thread added: 0x000001702972d800
Event: 536.034 Thread 0x000001702972a000 Thread added: 0x000001702972a000
Event: 536.034 Thread 0x000001702972b800 Thread added: 0x000001702972b800
Event: 536.035 Thread 0x000001702972c800 Thread added: 0x000001702972c800
Event: 536.035 Thread 0x00000170299b9000 Thread added: 0x00000170299b9000
Event: 536.035 Executing VM operation: RevokeBias
Event: 536.036 Executing VM operation: RevokeBias done
Event: 536.037 Thread 0x00000170299bb800 Thread added: 0x00000170299bb800
Event: 536.038 Thread 0x00000170299bc800 Thread added: 0x00000170299bc800
Event: 536.148 Thread 0x00000170299ba800 Thread added: 0x00000170299ba800
Event: 536.327 Executing VM operation: BulkRevokeBias
Event: 536.330 Executing VM operation: BulkRevokeBias done


Dynamic libraries:
0x00007ff79e7a0000 - 0x00007ff79e7aa000 	C:\Program Files\Android\Android Studio\jre\bin\java.exe
0x00007ffd10410000 - 0x00007ffd10605000 	C:\WINDOWS\SYSTEM32\ntdll.dll
0x00007ffd0fef0000 - 0x00007ffd0ffae000 	C:\WINDOWS\System32\KERNEL32.DLL
0x00007ffd0df60000 - 0x00007ffd0e229000 	C:\WINDOWS\System32\KERNELBASE.dll
0x00007ffd0db30000 - 0x00007ffd0dc30000 	C:\WINDOWS\System32\ucrtbase.dll
0x00007ffd05700000 - 0x00007ffd05719000 	C:\Program Files\Android\Android Studio\jre\bin\jli.dll
0x00007ffd02bf0000 - 0x00007ffd02c07000 	C:\Program Files\Android\Android Studio\jre\bin\VCRUNTIME140.dll
0x00007ffd0fa90000 - 0x00007ffd0fc31000 	C:\WINDOWS\System32\USER32.dll
0x00007ffcf33d0000 - 0x00007ffcf366a000 	C:\WINDOWS\WinSxS\amd64_microsoft.windows.common-controls_6595b64144ccf1df_6.0.19041.1110_none_60b5254171f9507e\COMCTL32.dll
0x00007ffd0e230000 - 0x00007ffd0e252000 	C:\WINDOWS\System32\win32u.dll
0x00007ffd0f450000 - 0x00007ffd0f4ee000 	C:\WINDOWS\System32\msvcrt.dll
0x00007ffd103a0000 - 0x00007ffd103cb000 	C:\WINDOWS\System32\GDI32.dll
0x00007ffd0dce0000 - 0x00007ffd0ddeb000 	C:\WINDOWS\System32\gdi32full.dll
0x00007ffd0e3c0000 - 0x00007ffd0e45d000 	C:\WINDOWS\System32\msvcp_win.dll
0x00007ffd0e730000 - 0x00007ffd0e760000 	C:\WINDOWS\System32\IMM32.DLL
0x00007ffce9960000 - 0x00007ffce99fd000 	C:\Program Files\Android\Android Studio\jre\bin\msvcp140.dll
0x00007ffcca070000 - 0x00007ffccab3f000 	C:\Program Files\Android\Android Studio\jre\bin\server\jvm.dll
0x00007ffd0ebc0000 - 0x00007ffd0ec6c000 	C:\WINDOWS\System32\ADVAPI32.dll
0x00007ffd0ec70000 - 0x00007ffd0ed0b000 	C:\WINDOWS\System32\sechost.dll
0x00007ffd0e580000 - 0x00007ffd0e6aa000 	C:\WINDOWS\System32\RPCRT4.dll
0x00007ffd0fee0000 - 0x00007ffd0fee8000 	C:\WINDOWS\System32\PSAPI.DLL
0x00007ffce9d60000 - 0x00007ffce9d69000 	C:\WINDOWS\SYSTEM32\WSOCK32.dll
0x00007ffd02cd0000 - 0x00007ffd02cda000 	C:\WINDOWS\SYSTEM32\VERSION.dll
0x00007ffd0e7f0000 - 0x00007ffd0e85b000 	C:\WINDOWS\System32\WS2_32.dll
0x00007ffcebf20000 - 0x00007ffcebf47000 	C:\WINDOWS\SYSTEM32\WINMM.dll
0x00007ffd0c3b0000 - 0x00007ffd0c3c2000 	C:\WINDOWS\SYSTEM32\kernel.appcore.dll
0x00007ffd056e0000 - 0x00007ffd056f1000 	C:\Program Files\Android\Android Studio\jre\bin\verify.dll
0x00007ffd088e0000 - 0x00007ffd08ac4000 	C:\WINDOWS\SYSTEM32\DBGHELP.DLL
0x00007ffcec4f0000 - 0x00007ffcec51c000 	C:\WINDOWS\SYSTEM32\dbgcore.DLL
0x00007ffd0ddf0000 - 0x00007ffd0de73000 	C:\WINDOWS\System32\bcryptPrimitives.dll
0x00007ffd040a0000 - 0x00007ffd040c9000 	C:\Program Files\Android\Android Studio\jre\bin\java.dll
0x00007ffd056d0000 - 0x00007ffd056db000 	C:\Program Files\Android\Android Studio\jre\bin\jimage.dll
0x00007ffd04080000 - 0x00007ffd04098000 	C:\Program Files\Android\Android Studio\jre\bin\zip.dll
0x00007ffd0ed10000 - 0x00007ffd0f44f000 	C:\WINDOWS\System32\SHELL32.dll
0x00007ffd08ad0000 - 0x00007ffd09260000 	C:\WINDOWS\SYSTEM32\windows.storage.dll
0x00007ffd0e860000 - 0x00007ffd0ebb5000 	C:\WINDOWS\System32\combase.dll
0x00007ffd0d580000 - 0x00007ffd0d5ac000 	C:\WINDOWS\SYSTEM32\Wldp.dll
0x00007ffd10090000 - 0x00007ffd1013d000 	C:\WINDOWS\System32\SHCORE.dll
0x00007ffd0f970000 - 0x00007ffd0f9c5000 	C:\WINDOWS\System32\shlwapi.dll
0x00007ffd0da70000 - 0x00007ffd0da8f000 	C:\WINDOWS\SYSTEM32\profapi.dll
0x00007ffd04060000 - 0x00007ffd0407a000 	C:\Program Files\Android\Android Studio\jre\bin\net.dll
0x00007ffd07610000 - 0x00007ffd07718000 	C:\WINDOWS\SYSTEM32\WINHTTP.dll
0x00007ffd0d2e0000 - 0x00007ffd0d34a000 	C:\WINDOWS\system32\mswsock.dll
0x00007ffd04040000 - 0x00007ffd04054000 	C:\Program Files\Android\Android Studio\jre\bin\nio.dll
0x00007ffd03e50000 - 0x00007ffd03e77000 	C:\Users\Admin\.gradle\native\8bec1ad78214c89d9ad589b4d07fe93259594b29d510b10fafb7a158f7737e5d\windows-amd64\native-platform.dll
0x00007ffcd3d00000 - 0x00007ffcd3e3d000 	C:\Users\Admin\.gradle\native\53dbd7edfb1c66fb8903c78663c9afc45aea4f116125fa6feffd364cf09443e8\windows-amd64\native-platform-file-events.dll
0x00007ffd04690000 - 0x00007ffd0469a000 	C:\Program Files\Android\Android Studio\jre\bin\management.dll
0x00007ffd04030000 - 0x00007ffd0403c000 	C:\Program Files\Android\Android Studio\jre\bin\management_ext.dll
0x00007ffd0d4d0000 - 0x00007ffd0d4e8000 	C:\WINDOWS\SYSTEM32\CRYPTSP.dll
0x00007ffd0cbf0000 - 0x00007ffd0cc24000 	C:\WINDOWS\system32\rsaenh.dll
0x00007ffd0df30000 - 0x00007ffd0df57000 	C:\WINDOWS\System32\bcrypt.dll
0x00007ffd0da30000 - 0x00007ffd0da5e000 	C:\WINDOWS\SYSTEM32\USERENV.dll
0x00007ffd0d4f0000 - 0x00007ffd0d4fc000 	C:\WINDOWS\SYSTEM32\CRYPTBASE.dll
0x00007ffd0cf80000 - 0x00007ffd0cfbb000 	C:\WINDOWS\SYSTEM32\IPHLPAPI.DLL
0x00007ffd0fed0000 - 0x00007ffd0fed8000 	C:\WINDOWS\System32\NSI.dll
0x00007ffd08000000 - 0x00007ffd08017000 	C:\WINDOWS\SYSTEM32\dhcpcsvc6.DLL
0x00007ffd07fe0000 - 0x00007ffd07ffd000 	C:\WINDOWS\SYSTEM32\dhcpcsvc.DLL
0x00007ffd0cfc0000 - 0x00007ffd0d08c000 	C:\WINDOWS\SYSTEM32\DNSAPI.dll

dbghelp: loaded successfully - version: 4.0.5 - missing functions: none
symbol engine: initialized successfully - sym options: 0x614 - pdb path: .;C:\Program Files\Android\Android Studio\jre\bin;C:\WINDOWS\SYSTEM32;C:\WINDOWS\WinSxS\amd64_microsoft.windows.common-controls_6595b64144ccf1df_6.0.19041.1110_none_60b5254171f9507e;C:\Program Files\Android\Android Studio\jre\bin\server;C:\Users\Admin\.gradle\native\8bec1ad78214c89d9ad589b4d07fe93259594b29d510b10fafb7a158f7737e5d\windows-amd64;C:\Users\Admin\.gradle\native\53dbd7edfb1c66fb8903c78663c9afc45aea4f116125fa6feffd364cf09443e8\windows-amd64

VM Arguments:
jvm_args: --add-opens=java.base/java.util=ALL-UNNAMED --add-opens=java.base/java.lang=ALL-UNNAMED --add-opens=java.base/java.lang.invoke=ALL-UNNAMED --add-opens=java.base/java.util=ALL-UNNAMED --add-opens=java.prefs/java.util.prefs=ALL-UNNAMED --add-opens=java.prefs/java.util.prefs=ALL-UNNAMED --add-opens=java.base/java.nio.charset=ALL-UNNAMED --add-opens=java.base/java.net=ALL-UNNAMED --add-opens=java.base/java.util.concurrent.atomic=ALL-UNNAMED -Xmx2048m -Dfile.encoding=UTF-8 -Duser.country=US -Duser.language=en -Duser.variant 
java_command: org.gradle.launcher.daemon.bootstrap.GradleDaemon 7.0.2
java_class_path (initial): C:\Users\Admin\.gradle\wrapper\dists\gradle-7.0.2-bin\857tjihv64xamwrf0h14cai3r\gradle-7.0.2\lib\gradle-launcher-7.0.2.jar
Launcher Type: SUN_STANDARD

[Global flags]
     intx CICompilerCount                          = 4                                         {product} {ergonomic}
     uint ConcGCThreads                            = 2                                         {product} {ergonomic}
     uint G1ConcRefinementThreads                  = 8                                         {product} {ergonomic}
   size_t G1HeapRegionSize                         = 1048576                                   {product} {ergonomic}
    uintx GCDrainStackTargetSize                   = 64                                        {product} {ergonomic}
   size_t InitialHeapSize                          = 132120576                                 {product} {ergonomic}
   size_t MarkStackSize                            = 4194304                                   {product} {ergonomic}
   size_t MaxHeapSize                              = 2147483648                                {product} {command line}
   size_t MaxNewSize                               = 1287651328                                {product} {ergonomic}
   size_t MinHeapDeltaBytes                        = 1048576                                   {product} {ergonomic}
    uintx NonNMethodCodeHeapSize                   = 5836300                                {pd product} {ergonomic}
    uintx NonProfiledCodeHeapSize                  = 122910970                              {pd product} {ergonomic}
    uintx ProfiledCodeHeapSize                     = 122910970                              {pd product} {ergonomic}
    uintx ReservedCodeCacheSize                    = 251658240                              {pd product} {ergonomic}
     bool SegmentedCodeCache                       = true                                      {product} {ergonomic}
     bool UseCompressedClassPointers               = true                                 {lp64_product} {ergonomic}
     bool UseCompressedOops                        = true                                 {lp64_product} {ergonomic}
     bool UseG1GC                                  = true                                      {product} {ergonomic}
     bool UseLargePagesIndividualAllocation        = false                                  {pd product} {ergonomic}

Logging:
Log output configuration:
 #0: stdout all=warning uptime,level,tags
 #1: stderr all=off uptime,level,tags

Environment Variables:
PATH=C:\Program Files (x86)\Common Files\Oracle\Java\javapath;C:\Program Files\Common Files\Oracle\Java\javapath;C:\ProgramData\Oracle\Java\javapath;C:\WINDOWS\system32;C:\WINDOWS;C:\WINDOWS\System32\Wbem;C:\WINDOWS\System32\WindowsPowerShell\v1.0\;C:\WINDOWS\System32\OpenSSH\;C:\Program Files\Java\jdk-14\bin;C:\Program Files\Git\cmd;C:\Program Files\nodejs\;C:\Users\Admin\AppData\Local\Microsoft\WindowsApps;C:\Users\Admin\AppData\Roaming\npm;
USERNAME=Admin
OS=Windows_NT
PROCESSOR_IDENTIFIER=Intel64 Family 6 Model 142 Stepping 10, GenuineIntel



---------------  S Y S T E M  ---------------

OS: Windows 10 , 64 bit Build 19041 (10.0.19041.1202)
OS uptime: 0 days 8:00 hours

CPU:total 8 (initial active 8) (4 cores per cpu, 2 threads per core) family 6 model 142 stepping 10 microcode 0xb4, cmov, cx8, fxsr, mmx, sse, sse2, sse3, ssse3, sse4.1, sse4.2, popcnt, avx, avx2, aes, clmul, erms, 3dnowpref, lzcnt, ht, tsc, tscinvbit, bmi1, bmi2, adx, fma

Memory: 4k page, system-wide physical 8026M (1183M free)
TotalPageFile size 9050M (AvailPageFile size 4M)
current process WorkingSet (physical memory assigned to process): 549M, peak: 550M
current process commit charge ("private bytes"): 582M, peak: 584M

vm_info: OpenJDK 64-Bit Server VM (11.0.10+0-b96-7249189) for windows-amd64 JRE (11.0.10+0-b96-7249189), built on Mar 31 2021 21:44:00 by "builder" with MS VC++ 14.0 (VS2015)

END.
