#
# There is insufficient memory for the Java Runtime Environment to continue.
# Native memory allocation (malloc) failed to allocate 1160656 bytes for Chunk::new
# Possible reasons:
#   The system is out of physical RAM or swap space
#   The process is running with CompressedOops enabled, and the Java Heap may be blocking the growth of the native heap
# Possible solutions:
#   Reduce memory load on the system
#   Increase physical memory or swap space
#   Check if swap backing store is full
#   Decrease Java heap size (-Xmx/-Xms)
#   Decrease number of Java threads
#   Decrease Java thread stack sizes (-Xss)
#   Set larger code cache with -XX:ReservedCodeCacheSize=
#   JVM is running with Unscaled Compressed Oops mode in which the Java heap is
#     placed in the first 4GB address space. The Java Heap base address is the
#     maximum limit for the native heap growth. Please use -XX:HeapBaseMinAddress
#     to set the Java Heap base and to place the Java Heap above 4GB virtual address.
# This output file may be truncated or incomplete.
#
#  Out of Memory Error (./src/hotspot/share/memory/arena.cpp:197), pid=1264, tid=4856
#
# JRE version: OpenJDK Runtime Environment (11.0.10) (build 11.0.10+0-b96-7249189)
# Java VM: OpenJDK 64-Bit Server VM (11.0.10+0-b96-7249189, mixed mode, tiered, compressed oops, g1 gc, windows-amd64)
# No core dump will be written. Minidumps are not enabled by default on client versions of Windows
#

---------------  S U M M A R Y ------------

Command Line: --add-opens=java.base/java.util=ALL-UNNAMED --add-opens=java.base/java.lang=ALL-UNNAMED --add-opens=java.base/java.lang.invoke=ALL-UNNAMED --add-opens=java.base/java.util=ALL-UNNAMED --add-opens=java.prefs/java.util.prefs=ALL-UNNAMED --add-opens=java.prefs/java.util.prefs=ALL-UNNAMED --add-opens=java.base/java.nio.charset=ALL-UNNAMED --add-opens=java.base/java.net=ALL-UNNAMED --add-opens=java.base/java.util.concurrent.atomic=ALL-UNNAMED -Xmx2048m -Dfile.encoding=UTF-8 -Duser.country=US -Duser.language=en -Duser.variant org.gradle.launcher.daemon.bootstrap.GradleDaemon 7.0.2

Host: Intel(R) Core(TM) i7-8550U CPU @ 1.80GHz, 8 cores, 7G,  Windows 10 , 64 bit Build 19041 (10.0.19041.1202)
Time: Mon Oct 25 18:03:57 2021 Arab Standard Time elapsed time: 20.605754 seconds (0d 0h 0m 20s)

---------------  T H R E A D  ---------------

Current thread (0x000001acdf402800):  JavaThread "C2 CompilerThread1" daemon [_thread_in_native, id=4856, stack(0x000000186b300000,0x000000186b400000)]


Current CompileTask:
C2:  20606 5140 % !   4       java.util.jar.Attributes::read @ 186 (390 bytes)

Stack: [0x000000186b300000,0x000000186b400000]
Native frames: (J=compiled Java code, j=interpreted, Vv=VM code, C=native code)
V  [jvm.dll+0x5ecfaa]
V  [jvm.dll+0x722bd5]
V  [jvm.dll+0x72412d]
V  [jvm.dll+0x7247e3]
V  [jvm.dll+0x242928]
V  [jvm.dll+0xbc4fc]
V  [jvm.dll+0xbca0c]
V  [jvm.dll+0x352d3b]
V  [jvm.dll+0x320ad3]
V  [jvm.dll+0x31ffca]
V  [jvm.dll+0x1fb602]
V  [jvm.dll+0x1fa7f4]
V  [jvm.dll+0x18354c]
V  [jvm.dll+0x208ee7]
V  [jvm.dll+0x207731]
V  [jvm.dll+0x6eb1cf]
V  [jvm.dll+0x6e3d45]
V  [jvm.dll+0x5ebe96]
C  [ucrtbase.dll+0x21bb2]
C  [KERNEL32.DLL+0x17034]
C  [ntdll.dll+0x52651]


---------------  P R O C E S S  ---------------

Threads class SMR info:
_java_thread_list=0x000001ace4ddc210, length=50, elements={
0x000001acc2c8a800, 0x000001acdd8bf800, 0x000001acdd8c3000, 0x000001acde252800,
0x000001acdd8d8800, 0x000001acdd8da800, 0x000001acdd8e6800, 0x000001acdd8f1000,
0x000001acdd8f8800, 0x000001acde3c4800, 0x000001acde3c8000, 0x000001acde3c4000,
0x000001acde3c7000, 0x000001acde3c9800, 0x000001acde3ca800, 0x000001acde3c5800,
0x000001acde3c8800, 0x000001acde3c6000, 0x000001ace0162000, 0x000001ace0166000,
0x000001ace0163800, 0x000001ace0165800, 0x000001ace0163000, 0x000001ace0167000,
0x000001ace0164800, 0x000001ace0161800, 0x000001ace0168000, 0x000001ace1d44000,
0x000001ace1d43800, 0x000001ace1d45000, 0x000001acdf402800, 0x000001ace1d46000,
0x000001ace1d42800, 0x000001ace1d40000, 0x000001ace17d1000, 0x000001ace17d1800,
0x000001ace17d2800, 0x000001ace17d3800, 0x000001ace17d4000, 0x000001ace17cf000,
0x000001ace17d8000, 0x000001ace17d5000, 0x000001ace17d5800, 0x000001ace17db800,
0x000001ace17d7800, 0x000001ace17d9000, 0x000001ace17dc800, 0x000001ace17d6800,
0x000001ace17da000, 0x000001ace17dd000
}

Java Threads: ( => current thread )
  0x000001acc2c8a800 JavaThread "main" [_thread_blocked, id=6784, stack(0x0000001868d00000,0x0000001868e00000)]
  0x000001acdd8bf800 JavaThread "Reference Handler" daemon [_thread_blocked, id=6588, stack(0x0000001869400000,0x0000001869500000)]
  0x000001acdd8c3000 JavaThread "Finalizer" daemon [_thread_blocked, id=10156, stack(0x0000001869500000,0x0000001869600000)]
  0x000001acde252800 JavaThread "Signal Dispatcher" daemon [_thread_blocked, id=5068, stack(0x0000001869600000,0x0000001869700000)]
  0x000001acdd8d8800 JavaThread "Attach Listener" daemon [_thread_blocked, id=5716, stack(0x0000001869700000,0x0000001869800000)]
  0x000001acdd8da800 JavaThread "Service Thread" daemon [_thread_blocked, id=6260, stack(0x0000001869800000,0x0000001869900000)]
  0x000001acdd8e6800 JavaThread "C2 CompilerThread0" daemon [_thread_in_native, id=2212, stack(0x0000001869900000,0x0000001869a00000)]
  0x000001acdd8f1000 JavaThread "C1 CompilerThread0" daemon [_thread_blocked, id=3280, stack(0x0000001869a00000,0x0000001869b00000)]
  0x000001acdd8f8800 JavaThread "Sweeper thread" daemon [_thread_blocked, id=12516, stack(0x0000001869b00000,0x0000001869c00000)]
  0x000001acde3c4800 JavaThread "Common-Cleaner" daemon [_thread_blocked, id=3204, stack(0x0000001869c00000,0x0000001869d00000)]
  0x000001acde3c8000 JavaThread "Daemon health stats" [_thread_blocked, id=1680, stack(0x000000186a200000,0x000000186a300000)]
  0x000001acde3c4000 JavaThread "Incoming local TCP Connector on port 53177" [_thread_in_native, id=264, stack(0x0000001869e00000,0x0000001869f00000)]
  0x000001acde3c7000 JavaThread "Daemon periodic checks" [_thread_blocked, id=11772, stack(0x000000186a100000,0x000000186a200000)]
  0x000001acde3c9800 JavaThread "Daemon" [_thread_blocked, id=8396, stack(0x000000186a300000,0x000000186a400000)]
  0x000001acde3ca800 JavaThread "Handler for socket connection from /127.0.0.1:53177 to /127.0.0.1:53178" [_thread_in_native, id=8964, stack(0x000000186a400000,0x000000186a500000)]
  0x000001acde3c5800 JavaThread "Cancel handler" [_thread_blocked, id=12804, stack(0x000000186a500000,0x000000186a600000)]
  0x000001acde3c8800 JavaThread "Daemon worker" [_thread_in_Java, id=1596, stack(0x000000186a600000,0x000000186a700000)]
  0x000001acde3c6000 JavaThread "Asynchronous log dispatcher for DefaultDaemonConnection: socket connection from /127.0.0.1:53177 to /127.0.0.1:53178" [_thread_blocked, id=10284, stack(0x000000186a700000,0x000000186a800000)]
  0x000001ace0162000 JavaThread "Stdin handler" [_thread_blocked, id=11992, stack(0x000000186a800000,0x000000186a900000)]
  0x000001ace0166000 JavaThread "Daemon client event forwarder" [_thread_blocked, id=12532, stack(0x000000186a900000,0x000000186aa00000)]
  0x000001ace0163800 JavaThread "Cache worker for file hash cache (C:\Users\Admin\.gradle\caches\7.0.2\fileHashes)" [_thread_blocked, id=4092, stack(0x000000186af00000,0x000000186b000000)]
  0x000001ace0165800 JavaThread "File lock request listener" [_thread_in_native, id=12420, stack(0x000000186b000000,0x000000186b100000)]
  0x000001ace0163000 JavaThread "Cache worker for journal cache (C:\Users\Admin\.gradle\caches\journal-1)" [_thread_blocked, id=2132, stack(0x000000186b200000,0x000000186b300000)]
  0x000001ace0167000 JavaThread "Cache worker for file hash cache (C:\Users\Admin\AndroidStudioProjects\updateProfile2\.gradle\7.0.2\fileHashes)" [_thread_blocked, id=5532, stack(0x000000186b400000,0x000000186b500000)]
  0x000001ace0164800 JavaThread "File watcher server" daemon [_thread_in_native, id=4616, stack(0x000000186b500000,0x000000186b600000)]
  0x000001ace0161800 JavaThread "File watcher consumer" daemon [_thread_blocked, id=9564, stack(0x000000186b600000,0x000000186b700000)]
  0x000001ace0168000 JavaThread "Cache worker for checksums cache (C:\Users\Admin\AndroidStudioProjects\updateProfile2\.gradle\checksums)" [_thread_blocked, id=8232, stack(0x000000186b700000,0x000000186b800000)]
  0x000001ace1d44000 JavaThread "Cache worker for cache directory md-supplier (C:\Users\Admin\.gradle\caches\7.0.2\md-supplier)" [_thread_blocked, id=2780, stack(0x000000186b800000,0x000000186b900000)]
  0x000001ace1d43800 JavaThread "Cache worker for cache directory md-rule (C:\Users\Admin\.gradle\caches\7.0.2\md-rule)" [_thread_blocked, id=6568, stack(0x000000186ba00000,0x000000186bb00000)]
  0x000001ace1d45000 JavaThread "Cache worker for execution history cache (C:\Users\Admin\.gradle\caches\7.0.2\executionHistory)" [_thread_blocked, id=840, stack(0x000000186bb00000,0x000000186bc00000)]
=>0x000001acdf402800 JavaThread "C2 CompilerThread1" daemon [_thread_in_native, id=4856, stack(0x000000186b300000,0x000000186b400000)]
  0x000001ace1d46000 JavaThread "jar transforms" [_thread_blocked, id=10280, stack(0x000000186bc00000,0x000000186bd00000)]
  0x000001ace1d42800 JavaThread "jar transforms Thread 2" [_thread_blocked, id=10784, stack(0x000000186bd00000,0x000000186be00000)]
  0x000001ace1d40000 JavaThread "Cache worker for file content cache (C:\Users\Admin\.gradle\caches\7.0.2\fileContent)" [_thread_blocked, id=3912, stack(0x000000186be00000,0x000000186bf00000)]
  0x000001ace17d1000 JavaThread "Cache worker for dependencies-accessors (C:\Users\Admin\AndroidStudioProjects\updateProfile2\.gradle\7.0.2\dependencies-accessors)" [_thread_blocked, id=12072, stack(0x000000186bf00000,0x000000186c000000)]
  0x000001ace17d1800 JavaThread "jar transforms Thread 3" [_thread_blocked, id=7664, stack(0x000000186c000000,0x000000186c100000)]
  0x000001ace17d2800 JavaThread "Cache worker for Build Output Cleanup Cache (C:\Users\Admin\AndroidStudioProjects\updateProfile2\.gradle\buildOutputCleanup)" [_thread_blocked, id=7684, stack(0x000000186c100000,0x000000186c200000)]
  0x000001ace17d3800 JavaThread "Build operations" [_thread_blocked, id=5812, stack(0x000000186c200000,0x000000186c300000)]
  0x000001ace17d4000 JavaThread "Build operations Thread 2" [_thread_blocked, id=10104, stack(0x000000186c300000,0x000000186c400000)]
  0x000001ace17cf000 JavaThread "Build operations Thread 3" [_thread_blocked, id=2708, stack(0x000000186c400000,0x000000186c500000)]
  0x000001ace17d8000 JavaThread "Build operations Thread 4" [_thread_blocked, id=3764, stack(0x000000186c500000,0x000000186c600000)]
  0x000001ace17d5000 JavaThread "Build operations Thread 5" [_thread_blocked, id=6320, stack(0x000000186c600000,0x000000186c700000)]
  0x000001ace17d5800 JavaThread "Build operations Thread 6" [_thread_blocked, id=3264, stack(0x000000186c700000,0x000000186c800000)]
  0x000001ace17db800 JavaThread "Build operations Thread 7" [_thread_blocked, id=4500, stack(0x000000186c800000,0x000000186c900000)]
  0x000001ace17d7800 JavaThread "Build operations Thread 8" [_thread_blocked, id=9636, stack(0x000000186c900000,0x000000186ca00000)]
  0x000001ace17d9000 JavaThread "jar transforms Thread 4" [_thread_blocked, id=4644, stack(0x000000186ca00000,0x000000186cb00000)]
  0x000001ace17dc800 JavaThread "jar transforms Thread 5" [_thread_blocked, id=12980, stack(0x000000186cb00000,0x000000186cc00000)]
  0x000001ace17d6800 JavaThread "jar transforms Thread 6" [_thread_blocked, id=2280, stack(0x000000186cc00000,0x000000186cd00000)]
  0x000001ace17da000 JavaThread "jar transforms Thread 7" [_thread_blocked, id=5328, stack(0x000000186cd00000,0x000000186ce00000)]
  0x000001ace17dd000 JavaThread "jar transforms Thread 8" [_thread_blocked, id=9264, stack(0x000000186ce00000,0x000000186cf00000)]

Other Threads:
  0x000001acdd8bd000 VMThread "VM Thread" [stack: 0x0000001869300000,0x0000001869400000] [id=10964]
  0x000001acde3bd800 WatcherThread [stack: 0x0000001869d00000,0x0000001869e00000] [id=10484]
  0x000001acc2ca5000 GCTaskThread "GC Thread#0" [stack: 0x0000001868e00000,0x0000001868f00000] [id=8420]
  0x000001acdecc5800 GCTaskThread "GC Thread#1" [stack: 0x0000001869f00000,0x000000186a000000] [id=9932]
  0x000001acdeab9800 GCTaskThread "GC Thread#2" [stack: 0x000000186a000000,0x000000186a100000] [id=13208]
  0x000001acdfd3d800 GCTaskThread "GC Thread#3" [stack: 0x000000186aa00000,0x000000186ab00000] [id=11948]
  0x000001ace01ff800 GCTaskThread "GC Thread#4" [stack: 0x000000186ab00000,0x000000186ac00000] [id=7480]
  0x000001ace02c3800 GCTaskThread "GC Thread#5" [stack: 0x000000186ac00000,0x000000186ad00000] [id=9088]
  0x000001acdfa0a000 GCTaskThread "GC Thread#6" [stack: 0x000000186ad00000,0x000000186ae00000] [id=6040]
  0x000001ace1e08000 GCTaskThread "GC Thread#7" [stack: 0x000000186ae00000,0x000000186af00000] [id=1836]
  0x000001acc2cd6000 ConcurrentGCThread "G1 Main Marker" [stack: 0x0000001868f00000,0x0000001869000000] [id=3624]
  0x000001acc2cd8800 ConcurrentGCThread "G1 Conc#0" [stack: 0x0000001869000000,0x0000001869100000] [id=5788]
  0x000001ace1e08800 ConcurrentGCThread "G1 Conc#1" [stack: 0x000000186b100000,0x000000186b200000] [id=8388]
  0x000001acdd710800 ConcurrentGCThread "G1 Refine#0" [stack: 0x0000001869100000,0x0000001869200000] [id=6992]
  0x000001acdd711800 ConcurrentGCThread "G1 Young RemSet Sampling" [stack: 0x0000001869200000,0x0000001869300000] [id=2320]

Threads with active compile tasks:
C2 CompilerThread0  20683 5149       4       org.gradle.internal.service.DefaultServiceRegistry$OwnServices::getService (309 bytes)
C2 CompilerThread1  20684 5140 % !   4       java.util.jar.Attributes::read @ 186 (390 bytes)

VM state:not at safepoint (normal execution)

VM Mutex/Monitor currently owned by a thread: None

Heap address: 0x0000000080000000, size: 2048 MB, Compressed Oops mode: 32-bit
Narrow klass base: 0x0000000000000000, Narrow klass shift: 3
Compressed class space size: 1073741824 Address: 0x0000000100000000

Heap:
 garbage-first heap   total 155648K, used 78833K [0x0000000080000000, 0x0000000100000000)
  region size 1024K, 49 young (50176K), 5 survivors (5120K)
 Metaspace       used 50018K, capacity 51336K, committed 51532K, reserved 1093632K
  class space    used 6380K, capacity 6850K, committed 6988K, reserved 1048576K
Heap Regions: E=young(eden), S=young(survivor), O=old, HS=humongous(starts), HC=humongous(continues), CS=collection set, F=free, A=archive, TAMS=top-at-mark-start (previous, next)
|   0|0x0000000080000000, 0x0000000080100000, 0x0000000080100000|100%| O|  |TAMS 0x0000000080100000, 0x0000000080000000| Untracked 
|   1|0x0000000080100000, 0x0000000080200000, 0x0000000080200000|100%| O|  |TAMS 0x0000000080200000, 0x0000000080100000| Untracked 
|   2|0x0000000080200000, 0x0000000080300000, 0x0000000080300000|100%| O|  |TAMS 0x0000000080300000, 0x0000000080200000| Untracked 
|   3|0x0000000080300000, 0x0000000080400000, 0x0000000080400000|100%|HS|  |TAMS 0x0000000080400000, 0x0000000080300000| Complete 
|   4|0x0000000080400000, 0x0000000080500000, 0x0000000080500000|100%|HC|  |TAMS 0x0000000080500000, 0x0000000080400000| Complete 
|   5|0x0000000080500000, 0x0000000080600000, 0x0000000080600000|100%|HC|  |TAMS 0x0000000080600000, 0x0000000080500000| Complete 
|   6|0x0000000080600000, 0x0000000080700000, 0x0000000080700000|100%| O|  |TAMS 0x0000000080700000, 0x0000000080600000| Untracked 
|   7|0x0000000080700000, 0x0000000080800000, 0x0000000080800000|100%| O|  |TAMS 0x0000000080800000, 0x0000000080700000| Untracked 
|   8|0x0000000080800000, 0x0000000080900000, 0x0000000080900000|100%| O|  |TAMS 0x0000000080900000, 0x0000000080800000| Untracked 
|   9|0x0000000080900000, 0x0000000080a00000, 0x0000000080a00000|100%| O|  |TAMS 0x0000000080a00000, 0x0000000080900000| Untracked 
|  10|0x0000000080a00000, 0x0000000080b00000, 0x0000000080b00000|100%| O|  |TAMS 0x0000000080b00000, 0x0000000080a00000| Untracked 
|  11|0x0000000080b00000, 0x0000000080c00000, 0x0000000080c00000|100%| O|  |TAMS 0x0000000080c00000, 0x0000000080b00000| Untracked 
|  12|0x0000000080c00000, 0x0000000080d00000, 0x0000000080d00000|100%| O|  |TAMS 0x0000000080d00000, 0x0000000080c00000| Untracked 
|  13|0x0000000080d00000, 0x0000000080e00000, 0x0000000080e00000|100%| O|  |TAMS 0x0000000080e00000, 0x0000000080d00000| Untracked 
|  14|0x0000000080e00000, 0x0000000080f00000, 0x0000000080f00000|100%| O|  |TAMS 0x0000000080f00000, 0x0000000080e00000| Untracked 
|  15|0x0000000080f00000, 0x0000000081000000, 0x0000000081000000|100%| O|  |TAMS 0x0000000081000000, 0x0000000080f00000| Untracked 
|  16|0x0000000081000000, 0x0000000081100000, 0x0000000081100000|100%| O|  |TAMS 0x00000000810aba00, 0x0000000081000000| Untracked 
|  17|0x0000000081100000, 0x0000000081200000, 0x0000000081200000|100%| O|  |TAMS 0x0000000081100000, 0x0000000081100000| Untracked 
|  18|0x0000000081200000, 0x0000000081300000, 0x0000000081300000|100%| O|  |TAMS 0x0000000081200000, 0x0000000081200000| Untracked 
|  19|0x0000000081300000, 0x0000000081400000, 0x0000000081400000|100%| O|  |TAMS 0x0000000081300000, 0x0000000081300000| Untracked 
|  20|0x0000000081400000, 0x0000000081500000, 0x0000000081500000|100%| O|  |TAMS 0x0000000081400000, 0x0000000081400000| Untracked 
|  21|0x0000000081500000, 0x0000000081600000, 0x0000000081600000|100%| O|  |TAMS 0x0000000081500000, 0x0000000081500000| Untracked 
|  22|0x0000000081600000, 0x0000000081700000, 0x0000000081700000|100%| O|  |TAMS 0x0000000081600000, 0x0000000081600000| Untracked 
|  23|0x0000000081700000, 0x0000000081800000, 0x0000000081800000|100%| O|  |TAMS 0x0000000081700000, 0x0000000081700000| Untracked 
|  24|0x0000000081800000, 0x0000000081900000, 0x0000000081900000|100%| O|  |TAMS 0x0000000081800000, 0x0000000081800000| Untracked 
|  25|0x0000000081900000, 0x0000000081a00000, 0x0000000081a00000|100%| O|  |TAMS 0x0000000081900000, 0x0000000081900000| Untracked 
|  26|0x0000000081a00000, 0x0000000081a47e00, 0x0000000081b00000| 28%| O|  |TAMS 0x0000000081a00000, 0x0000000081a00000| Untracked 
|  27|0x0000000081b00000, 0x0000000081c00000, 0x0000000081c00000|100%|HS|  |TAMS 0x0000000081b00000, 0x0000000081b00000| Complete 
|  28|0x0000000081c00000, 0x0000000081d00000, 0x0000000081d00000|100%|HS|  |TAMS 0x0000000081c00000, 0x0000000081c00000| Complete 
|  29|0x0000000081d00000, 0x0000000081e00000, 0x0000000081e00000|100%|HS|  |TAMS 0x0000000081d00000, 0x0000000081d00000| Complete 
|  30|0x0000000081e00000, 0x0000000081f00000, 0x0000000081f00000|100%|HC|  |TAMS 0x0000000081e00000, 0x0000000081e00000| Complete 
|  31|0x0000000081f00000, 0x0000000081f00000, 0x0000000082000000|  0%| F|  |TAMS 0x0000000081f00000, 0x0000000081f00000| Untracked 
|  32|0x0000000082000000, 0x0000000082000000, 0x0000000082100000|  0%| F|  |TAMS 0x0000000082000000, 0x0000000082000000| Untracked 
|  33|0x0000000082100000, 0x0000000082100000, 0x0000000082200000|  0%| F|  |TAMS 0x0000000082100000, 0x0000000082100000| Untracked 
|  34|0x0000000082200000, 0x0000000082200000, 0x0000000082300000|  0%| F|  |TAMS 0x0000000082200000, 0x0000000082200000| Untracked 
|  35|0x0000000082300000, 0x0000000082300000, 0x0000000082400000|  0%| F|  |TAMS 0x0000000082300000, 0x0000000082300000| Untracked 
|  36|0x0000000082400000, 0x0000000082400000, 0x0000000082500000|  0%| F|  |TAMS 0x0000000082400000, 0x0000000082400000| Untracked 
|  37|0x0000000082500000, 0x0000000082500000, 0x0000000082600000|  0%| F|  |TAMS 0x0000000082500000, 0x0000000082500000| Untracked 
|  38|0x0000000082600000, 0x0000000082600000, 0x0000000082700000|  0%| F|  |TAMS 0x0000000082600000, 0x0000000082600000| Untracked 
|  39|0x0000000082700000, 0x0000000082700000, 0x0000000082800000|  0%| F|  |TAMS 0x0000000082700000, 0x0000000082700000| Untracked 
|  40|0x0000000082800000, 0x0000000082800000, 0x0000000082900000|  0%| F|  |TAMS 0x0000000082800000, 0x0000000082800000| Untracked 
|  41|0x0000000082900000, 0x0000000082900000, 0x0000000082a00000|  0%| F|  |TAMS 0x0000000082900000, 0x0000000082900000| Untracked 
|  42|0x0000000082a00000, 0x0000000082a00000, 0x0000000082b00000|  0%| F|  |TAMS 0x0000000082a00000, 0x0000000082a00000| Untracked 
|  43|0x0000000082b00000, 0x0000000082b00000, 0x0000000082c00000|  0%| F|  |TAMS 0x0000000082b00000, 0x0000000082b00000| Untracked 
|  44|0x0000000082c00000, 0x0000000082c00000, 0x0000000082d00000|  0%| F|  |TAMS 0x0000000082c00000, 0x0000000082c00000| Untracked 
|  45|0x0000000082d00000, 0x0000000082d00000, 0x0000000082e00000|  0%| F|  |TAMS 0x0000000082d00000, 0x0000000082d00000| Untracked 
|  46|0x0000000082e00000, 0x0000000082e00000, 0x0000000082f00000|  0%| F|  |TAMS 0x0000000082e00000, 0x0000000082e00000| Untracked 
|  47|0x0000000082f00000, 0x0000000082f00000, 0x0000000083000000|  0%| F|  |TAMS 0x0000000082f00000, 0x0000000082f00000| Untracked 
|  48|0x0000000083000000, 0x0000000083000000, 0x0000000083100000|  0%| F|  |TAMS 0x0000000083000000, 0x0000000083000000| Untracked 
|  49|0x0000000083100000, 0x0000000083100000, 0x0000000083200000|  0%| F|  |TAMS 0x0000000083100000, 0x0000000083100000| Untracked 
|  50|0x0000000083200000, 0x0000000083200000, 0x0000000083300000|  0%| F|  |TAMS 0x0000000083200000, 0x0000000083200000| Untracked 
|  51|0x0000000083300000, 0x0000000083300000, 0x0000000083400000|  0%| F|  |TAMS 0x0000000083300000, 0x0000000083300000| Untracked 
|  52|0x0000000083400000, 0x0000000083400000, 0x0000000083500000|  0%| F|  |TAMS 0x0000000083400000, 0x0000000083400000| Untracked 
|  53|0x0000000083500000, 0x0000000083500000, 0x0000000083600000|  0%| F|  |TAMS 0x0000000083500000, 0x0000000083500000| Untracked 
|  54|0x0000000083600000, 0x0000000083600000, 0x0000000083700000|  0%| F|  |TAMS 0x0000000083600000, 0x0000000083600000| Untracked 
|  55|0x0000000083700000, 0x0000000083700000, 0x0000000083800000|  0%| F|  |TAMS 0x0000000083700000, 0x0000000083700000| Untracked 
|  56|0x0000000083800000, 0x0000000083800000, 0x0000000083900000|  0%| F|  |TAMS 0x0000000083800000, 0x0000000083800000| Untracked 
|  57|0x0000000083900000, 0x0000000083900000, 0x0000000083a00000|  0%| F|  |TAMS 0x0000000083900000, 0x0000000083900000| Untracked 
|  58|0x0000000083a00000, 0x0000000083a00000, 0x0000000083b00000|  0%| F|  |TAMS 0x0000000083a00000, 0x0000000083a00000| Untracked 
|  59|0x0000000083b00000, 0x0000000083b00000, 0x0000000083c00000|  0%| F|  |TAMS 0x0000000083b00000, 0x0000000083b00000| Untracked 
|  60|0x0000000083c00000, 0x0000000083c00000, 0x0000000083d00000|  0%| F|  |TAMS 0x0000000083c00000, 0x0000000083c00000| Untracked 
|  61|0x0000000083d00000, 0x0000000083d00000, 0x0000000083e00000|  0%| F|  |TAMS 0x0000000083d00000, 0x0000000083d00000| Untracked 
|  62|0x0000000083e00000, 0x0000000083e00000, 0x0000000083f00000|  0%| F|  |TAMS 0x0000000083e00000, 0x0000000083e00000| Untracked 
|  63|0x0000000083f00000, 0x0000000083f00000, 0x0000000084000000|  0%| F|  |TAMS 0x0000000083f00000, 0x0000000083f00000| Untracked 
|  64|0x0000000084000000, 0x0000000084000000, 0x0000000084100000|  0%| F|  |TAMS 0x0000000084000000, 0x0000000084000000| Untracked 
|  65|0x0000000084100000, 0x0000000084100000, 0x0000000084200000|  0%| F|  |TAMS 0x0000000084100000, 0x0000000084100000| Untracked 
|  66|0x0000000084200000, 0x00000000842b4780, 0x0000000084300000| 70%| S|CS|TAMS 0x0000000084200000, 0x0000000084200000| Complete 
|  67|0x0000000084300000, 0x0000000084400000, 0x0000000084400000|100%| S|CS|TAMS 0x0000000084300000, 0x0000000084300000| Complete 
|  68|0x0000000084400000, 0x0000000084500000, 0x0000000084500000|100%| S|CS|TAMS 0x0000000084400000, 0x0000000084400000| Complete 
|  69|0x0000000084500000, 0x0000000084600000, 0x0000000084600000|100%| S|CS|TAMS 0x0000000084500000, 0x0000000084500000| Complete 
|  70|0x0000000084600000, 0x0000000084700000, 0x0000000084700000|100%| S|CS|TAMS 0x0000000084600000, 0x0000000084600000| Complete 
|  71|0x0000000084700000, 0x0000000084700000, 0x0000000084800000|  0%| F|  |TAMS 0x0000000084700000, 0x0000000084700000| Untracked 
|  72|0x0000000084800000, 0x0000000084800000, 0x0000000084900000|  0%| F|  |TAMS 0x0000000084800000, 0x0000000084800000| Untracked 
|  73|0x0000000084900000, 0x0000000084900000, 0x0000000084a00000|  0%| F|  |TAMS 0x0000000084900000, 0x0000000084900000| Untracked 
|  74|0x0000000084a00000, 0x0000000084a00000, 0x0000000084b00000|  0%| F|  |TAMS 0x0000000084a00000, 0x0000000084a00000| Untracked 
|  75|0x0000000084b00000, 0x0000000084b00000, 0x0000000084c00000|  0%| F|  |TAMS 0x0000000084b00000, 0x0000000084b00000| Untracked 
|  76|0x0000000084c00000, 0x0000000084c00000, 0x0000000084d00000|  0%| F|  |TAMS 0x0000000084c00000, 0x0000000084c00000| Untracked 
|  77|0x0000000084d00000, 0x0000000084d00000, 0x0000000084e00000|  0%| F|  |TAMS 0x0000000084d00000, 0x0000000084d00000| Untracked 
|  78|0x0000000084e00000, 0x0000000084e00000, 0x0000000084f00000|  0%| F|  |TAMS 0x0000000084e00000, 0x0000000084e00000| Untracked 
|  79|0x0000000084f00000, 0x0000000084f00000, 0x0000000085000000|  0%| F|  |TAMS 0x0000000084f00000, 0x0000000084f00000| Untracked 
|  80|0x0000000085000000, 0x0000000085000000, 0x0000000085100000|  0%| F|  |TAMS 0x0000000085000000, 0x0000000085000000| Untracked 
|  81|0x0000000085100000, 0x0000000085100000, 0x0000000085200000|  0%| F|  |TAMS 0x0000000085100000, 0x0000000085100000| Untracked 
|  82|0x0000000085200000, 0x0000000085200000, 0x0000000085300000|  0%| F|  |TAMS 0x0000000085200000, 0x0000000085200000| Untracked 
|  83|0x0000000085300000, 0x0000000085300000, 0x0000000085400000|  0%| F|  |TAMS 0x0000000085300000, 0x0000000085300000| Untracked 
|  84|0x0000000085400000, 0x0000000085400000, 0x0000000085500000|  0%| F|  |TAMS 0x0000000085400000, 0x0000000085400000| Untracked 
|  85|0x0000000085500000, 0x0000000085500000, 0x0000000085600000|  0%| F|  |TAMS 0x0000000085500000, 0x0000000085500000| Untracked 
|  86|0x0000000085600000, 0x0000000085600000, 0x0000000085700000|  0%| F|  |TAMS 0x0000000085600000, 0x0000000085600000| Untracked 
|  87|0x0000000085700000, 0x0000000085700000, 0x0000000085800000|  0%| F|  |TAMS 0x0000000085700000, 0x0000000085700000| Untracked 
|  88|0x0000000085800000, 0x0000000085800000, 0x0000000085900000|  0%| F|  |TAMS 0x0000000085800000, 0x0000000085800000| Untracked 
|  89|0x0000000085900000, 0x0000000085900000, 0x0000000085a00000|  0%| F|  |TAMS 0x0000000085900000, 0x0000000085900000| Untracked 
|  90|0x0000000085a00000, 0x0000000085a00000, 0x0000000085b00000|  0%| F|  |TAMS 0x0000000085a00000, 0x0000000085a00000| Untracked 
|  91|0x0000000085b00000, 0x0000000085b00000, 0x0000000085c00000|  0%| F|  |TAMS 0x0000000085b00000, 0x0000000085b00000| Untracked 
|  92|0x0000000085c00000, 0x0000000085c00000, 0x0000000085d00000|  0%| F|  |TAMS 0x0000000085c00000, 0x0000000085c00000| Untracked 
|  93|0x0000000085d00000, 0x0000000085d00000, 0x0000000085e00000|  0%| F|  |TAMS 0x0000000085d00000, 0x0000000085d00000| Untracked 
|  94|0x0000000085e00000, 0x0000000085e00000, 0x0000000085f00000|  0%| F|  |TAMS 0x0000000085e00000, 0x0000000085e00000| Untracked 
|  95|0x0000000085f00000, 0x0000000085f00000, 0x0000000086000000|  0%| F|  |TAMS 0x0000000085f00000, 0x0000000085f00000| Untracked 
|  96|0x0000000086000000, 0x0000000086000000, 0x0000000086100000|  0%| F|  |TAMS 0x0000000086000000, 0x0000000086000000| Untracked 
|  97|0x0000000086100000, 0x0000000086100000, 0x0000000086200000|  0%| F|  |TAMS 0x0000000086100000, 0x0000000086100000| Untracked 
|  98|0x0000000086200000, 0x0000000086200000, 0x0000000086300000|  0%| F|  |TAMS 0x0000000086200000, 0x0000000086200000| Untracked 
|  99|0x0000000086300000, 0x0000000086300000, 0x0000000086400000|  0%| F|  |TAMS 0x0000000086300000, 0x0000000086300000| Untracked 
| 100|0x0000000086400000, 0x0000000086400000, 0x0000000086500000|  0%| F|  |TAMS 0x0000000086400000, 0x0000000086400000| Untracked 
| 101|0x0000000086500000, 0x0000000086500000, 0x0000000086600000|  0%| F|  |TAMS 0x0000000086500000, 0x0000000086500000| Untracked 
| 102|0x0000000086600000, 0x0000000086600000, 0x0000000086700000|  0%| F|  |TAMS 0x0000000086600000, 0x0000000086600000| Untracked 
| 103|0x0000000086700000, 0x0000000086700000, 0x0000000086800000|  0%| F|  |TAMS 0x0000000086700000, 0x0000000086700000| Untracked 
| 104|0x0000000086800000, 0x0000000086800000, 0x0000000086900000|  0%| F|  |TAMS 0x0000000086800000, 0x0000000086800000| Untracked 
| 105|0x0000000086900000, 0x0000000086900000, 0x0000000086a00000|  0%| F|  |TAMS 0x0000000086900000, 0x0000000086900000| Untracked 
| 106|0x0000000086a00000, 0x0000000086a00000, 0x0000000086b00000|  0%| F|  |TAMS 0x0000000086a00000, 0x0000000086a00000| Untracked 
| 107|0x0000000086b00000, 0x0000000086b00000, 0x0000000086c00000|  0%| F|  |TAMS 0x0000000086b00000, 0x0000000086b00000| Untracked 
| 108|0x0000000086c00000, 0x0000000086c80800, 0x0000000086d00000| 50%| E|  |TAMS 0x0000000086c00000, 0x0000000086c00000| Complete 
| 109|0x0000000086d00000, 0x0000000086e00000, 0x0000000086e00000|100%| E|CS|TAMS 0x0000000086d00000, 0x0000000086d00000| Complete 
| 110|0x0000000086e00000, 0x0000000086f00000, 0x0000000086f00000|100%| E|CS|TAMS 0x0000000086e00000, 0x0000000086e00000| Complete 
| 111|0x0000000086f00000, 0x0000000087000000, 0x0000000087000000|100%| E|CS|TAMS 0x0000000086f00000, 0x0000000086f00000| Complete 
| 112|0x0000000087000000, 0x0000000087100000, 0x0000000087100000|100%| E|CS|TAMS 0x0000000087000000, 0x0000000087000000| Complete 
| 113|0x0000000087100000, 0x0000000087200000, 0x0000000087200000|100%| E|CS|TAMS 0x0000000087100000, 0x0000000087100000| Complete 
| 114|0x0000000087200000, 0x0000000087300000, 0x0000000087300000|100%| E|CS|TAMS 0x0000000087200000, 0x0000000087200000| Complete 
| 115|0x0000000087300000, 0x0000000087400000, 0x0000000087400000|100%| E|CS|TAMS 0x0000000087300000, 0x0000000087300000| Complete 
| 116|0x0000000087400000, 0x0000000087500000, 0x0000000087500000|100%| E|CS|TAMS 0x0000000087400000, 0x0000000087400000| Complete 
| 117|0x0000000087500000, 0x0000000087600000, 0x0000000087600000|100%| E|CS|TAMS 0x0000000087500000, 0x0000000087500000| Complete 
| 118|0x0000000087600000, 0x0000000087700000, 0x0000000087700000|100%| E|CS|TAMS 0x0000000087600000, 0x0000000087600000| Complete 
| 119|0x0000000087700000, 0x0000000087800000, 0x0000000087800000|100%| E|CS|TAMS 0x0000000087700000, 0x0000000087700000| Complete 
| 120|0x0000000087800000, 0x0000000087900000, 0x0000000087900000|100%| E|CS|TAMS 0x0000000087800000, 0x0000000087800000| Complete 
| 121|0x0000000087900000, 0x0000000087a00000, 0x0000000087a00000|100%| E|CS|TAMS 0x0000000087900000, 0x0000000087900000| Complete 
| 122|0x0000000087a00000, 0x0000000087b00000, 0x0000000087b00000|100%| E|CS|TAMS 0x0000000087a00000, 0x0000000087a00000| Complete 
| 123|0x0000000087b00000, 0x0000000087c00000, 0x0000000087c00000|100%| E|CS|TAMS 0x0000000087b00000, 0x0000000087b00000| Complete 
| 124|0x0000000087c00000, 0x0000000087d00000, 0x0000000087d00000|100%| E|CS|TAMS 0x0000000087c00000, 0x0000000087c00000| Complete 
| 125|0x0000000087d00000, 0x0000000087e00000, 0x0000000087e00000|100%| E|CS|TAMS 0x0000000087d00000, 0x0000000087d00000| Complete 
| 126|0x0000000087e00000, 0x0000000087f00000, 0x0000000087f00000|100%| E|CS|TAMS 0x0000000087e00000, 0x0000000087e00000| Complete 
| 127|0x0000000087f00000, 0x0000000088000000, 0x0000000088000000|100%| E|CS|TAMS 0x0000000087f00000, 0x0000000087f00000| Complete 
| 128|0x0000000088000000, 0x0000000088100000, 0x0000000088100000|100%| E|CS|TAMS 0x0000000088000000, 0x0000000088000000| Complete 
| 129|0x0000000088100000, 0x0000000088200000, 0x0000000088200000|100%| E|CS|TAMS 0x0000000088100000, 0x0000000088100000| Complete 
| 130|0x0000000088200000, 0x0000000088300000, 0x0000000088300000|100%| E|CS|TAMS 0x0000000088200000, 0x0000000088200000| Complete 
| 131|0x0000000088300000, 0x0000000088400000, 0x0000000088400000|100%| E|CS|TAMS 0x0000000088300000, 0x0000000088300000| Complete 
| 132|0x0000000088400000, 0x0000000088500000, 0x0000000088500000|100%| E|CS|TAMS 0x0000000088400000, 0x0000000088400000| Complete 
| 133|0x0000000088500000, 0x0000000088600000, 0x0000000088600000|100%| E|CS|TAMS 0x0000000088500000, 0x0000000088500000| Complete 
| 134|0x0000000088600000, 0x0000000088700000, 0x0000000088700000|100%| E|CS|TAMS 0x0000000088600000, 0x0000000088600000| Complete 
| 135|0x0000000088700000, 0x0000000088800000, 0x0000000088800000|100%| E|CS|TAMS 0x0000000088700000, 0x0000000088700000| Complete 
| 136|0x0000000088800000, 0x0000000088900000, 0x0000000088900000|100%| E|CS|TAMS 0x0000000088800000, 0x0000000088800000| Complete 
| 137|0x0000000088900000, 0x0000000088a00000, 0x0000000088a00000|100%| E|CS|TAMS 0x0000000088900000, 0x0000000088900000| Complete 
| 138|0x0000000088a00000, 0x0000000088b00000, 0x0000000088b00000|100%| E|CS|TAMS 0x0000000088a00000, 0x0000000088a00000| Complete 
| 139|0x0000000088b00000, 0x0000000088c00000, 0x0000000088c00000|100%| E|  |TAMS 0x0000000088b00000, 0x0000000088b00000| Complete 
| 140|0x0000000088c00000, 0x0000000088d00000, 0x0000000088d00000|100%| E|CS|TAMS 0x0000000088c00000, 0x0000000088c00000| Complete 
| 141|0x0000000088d00000, 0x0000000088e00000, 0x0000000088e00000|100%| E|CS|TAMS 0x0000000088d00000, 0x0000000088d00000| Complete 
| 142|0x0000000088e00000, 0x0000000088f00000, 0x0000000088f00000|100%| E|CS|TAMS 0x0000000088e00000, 0x0000000088e00000| Complete 
| 143|0x0000000088f00000, 0x0000000089000000, 0x0000000089000000|100%| E|CS|TAMS 0x0000000088f00000, 0x0000000088f00000| Complete 
| 144|0x0000000089000000, 0x0000000089100000, 0x0000000089100000|100%| E|CS|TAMS 0x0000000089000000, 0x0000000089000000| Complete 
| 145|0x0000000089100000, 0x0000000089200000, 0x0000000089200000|100%| E|CS|TAMS 0x0000000089100000, 0x0000000089100000| Complete 
| 146|0x0000000089200000, 0x0000000089300000, 0x0000000089300000|100%| E|CS|TAMS 0x0000000089200000, 0x0000000089200000| Complete 
| 147|0x0000000089300000, 0x0000000089400000, 0x0000000089400000|100%| E|CS|TAMS 0x0000000089300000, 0x0000000089300000| Complete 
| 148|0x0000000089400000, 0x0000000089500000, 0x0000000089500000|100%| E|CS|TAMS 0x0000000089400000, 0x0000000089400000| Complete 
| 149|0x0000000089500000, 0x0000000089600000, 0x0000000089600000|100%| E|CS|TAMS 0x0000000089500000, 0x0000000089500000| Complete 
| 150|0x0000000089600000, 0x0000000089700000, 0x0000000089700000|100%| E|CS|TAMS 0x0000000089600000, 0x0000000089600000| Complete 
| 151|0x0000000089700000, 0x0000000089800000, 0x0000000089800000|100%| E|CS|TAMS 0x0000000089700000, 0x0000000089700000| Complete 

Card table byte_map: [0x000001acd65f0000,0x000001acd69f0000] _byte_map_base: 0x000001acd61f0000

Marking Bits (Prev, Next): (CMBitMap*) 0x000001acc2ccd428, (CMBitMap*) 0x000001acc2ccd460
 Prev Bits: [0x000001acd6df0000, 0x000001acd8df0000)
 Next Bits: [0x000001acd8df0000, 0x000001acdadf0000)

Polling page: 0x000001acc13b0000

Metaspace:

Usage:
  Non-class:     43.44 MB capacity,    42.64 MB ( 98%) used,   690.10 KB (  2%) free+waste,   131.00 KB ( <1%) overhead. 
      Class:      6.69 MB capacity,     6.24 MB ( 93%) used,   397.73 KB (  6%) free+waste,    62.50 KB ( <1%) overhead. 
       Both:     50.13 MB capacity,    48.88 MB ( 98%) used,     1.06 MB (  2%) free+waste,   193.50 KB ( <1%) overhead. 

Virtual space:
  Non-class space:       44.00 MB reserved,      43.50 MB ( 99%) committed 
      Class space:        1.00 GB reserved,       6.82 MB ( <1%) committed 
             Both:        1.04 GB reserved,      50.32 MB (  5%) committed 

Chunk freelists:
   Non-Class:  58.00 KB
       Class:  62.00 KB
        Both:  120.00 KB

MaxMetaspaceSize: 17179869184.00 GB
CompressedClassSpaceSize: 1.00 GB

CodeHeap 'non-profiled nmethods': size=120000Kb used=2784Kb max_used=2784Kb free=117215Kb
 bounds [0x000001acce250000, 0x000001acce510000, 0x000001acd5780000]
CodeHeap 'profiled nmethods': size=120000Kb used=10610Kb max_used=10610Kb free=109389Kb
 bounds [0x000001acc6d20000, 0x000001acc7780000, 0x000001acce250000]
CodeHeap 'non-nmethods': size=5760Kb used=2218Kb max_used=2265Kb free=3541Kb
 bounds [0x000001acc6780000, 0x000001acc69f0000, 0x000001acc6d20000]
 total_blobs=5952 nmethods=5160 adapters=703
 compilation: enabled
              stopped_count=0, restarted_count=0
 full_count=0

Compilation events (20 events):
Event: 20.495 Thread 0x000001acdd8f1000 5164       3       sun.reflect.generics.parser.SignatureParser::parseMethodSig (10 bytes)
Event: 20.496 Thread 0x000001acdd8f1000 nmethod 5164 0x000001acc7765590 code [0x000001acc7765760, 0x000001acc7765948]
Event: 20.504 Thread 0x000001acdd8f1000 5169       3       com.google.common.collect.LinkedHashMultimap$ValueEntry::<init> (18 bytes)
Event: 20.504 Thread 0x000001acdd8f1000 nmethod 5169 0x000001acc7765a10 code [0x000001acc7765be0, 0x000001acc7765f18]
Event: 20.504 Thread 0x000001acdd8f1000 5170       3       com.google.common.collect.ImmutableEntry::<init> (15 bytes)
Event: 20.505 Thread 0x000001acdd8f1000 nmethod 5170 0x000001acc7766010 code [0x000001acc77661e0, 0x000001acc7766458]
Event: 20.511 Thread 0x000001acdd8f1000 5171       3       java.util.TreeMap$Values::iterator (19 bytes)
Event: 20.513 Thread 0x000001acdd8f1000 nmethod 5171 0x000001acc7766590 code [0x000001acc7766780, 0x000001acc7766c98]
Event: 20.513 Thread 0x000001acdd8f1000 5172       3       java.util.TreeMap$ValueIterator::<init> (12 bytes)
Event: 20.513 Thread 0x000001acdd8f1000 nmethod 5172 0x000001acc7766e90 code [0x000001acc7767060, 0x000001acc7767378]
Event: 20.515 Thread 0x000001acdd8f1000 5173       1       java.util.zip.ZipEntry::getName (5 bytes)
Event: 20.516 Thread 0x000001acdd8f1000 nmethod 5173 0x000001acce503d10 code [0x000001acce503ec0, 0x000001acce503f78]
Event: 20.517 Thread 0x000001acdd8e6800 nmethod 5133 0x000001acce504010 code [0x000001acce5043e0, 0x000001acce506fe8]
Event: 20.517 Thread 0x000001acdd8e6800 5149       4       org.gradle.internal.service.DefaultServiceRegistry$OwnServices::getService (309 bytes)
Event: 20.519 Thread 0x000001acdd8f1000 5174       2       org.objectweb.asm.SymbolTable$Entry::<init> (17 bytes)
Event: 20.520 Thread 0x000001acdd8f1000 nmethod 5174 0x000001acc7767490 code [0x000001acc7767640, 0x000001acc7767788]
Event: 20.520 Thread 0x000001acdd8f1000 5175       3       org.objectweb.asm.SymbolTable::addConstantUtf8 (98 bytes)
Event: 20.522 Thread 0x000001acdd8f1000 nmethod 5175 0x000001acc7767890 code [0x000001acc7767ae0, 0x000001acc7768158]
Event: 20.525 Thread 0x000001acdd8f1000 5176       3       org.gradle.internal.classloader.FilteringClassLoader::classAllowed (80 bytes)
Event: 20.527 Thread 0x000001acdd8f1000 nmethod 5176 0x000001acc7768510 code [0x000001acc7768780, 0x000001acc77690b8]

GC Heap History (20 events):
Event: 2.140 GC heap before
{Heap before GC invocations=0 (full 0):
 garbage-first heap   total 129024K, used 29696K [0x0000000080000000, 0x0000000100000000)
  region size 1024K, 24 young (24576K), 0 survivors (0K)
 Metaspace       used 9800K, capacity 9986K, committed 10112K, reserved 1058816K
  class space    used 1022K, capacity 1102K, committed 1152K, reserved 1048576K
}
Event: 2.155 GC heap after
{Heap after GC invocations=1 (full 0):
 garbage-first heap   total 129024K, used 8904K [0x0000000080000000, 0x0000000100000000)
  region size 1024K, 3 young (3072K), 3 survivors (3072K)
 Metaspace       used 9800K, capacity 9986K, committed 10112K, reserved 1058816K
  class space    used 1022K, capacity 1102K, committed 1152K, reserved 1048576K
}
Event: 3.081 GC heap before
{Heap before GC invocations=1 (full 0):
 garbage-first heap   total 129024K, used 30408K [0x0000000080000000, 0x0000000100000000)
  region size 1024K, 24 young (24576K), 3 survivors (3072K)
 Metaspace       used 10716K, capacity 10939K, committed 11264K, reserved 1058816K
  class space    used 1123K, capacity 1206K, committed 1280K, reserved 1048576K
}
Event: 3.090 GC heap after
{Heap after GC invocations=2 (full 0):
 garbage-first heap   total 129024K, used 10330K [0x0000000080000000, 0x0000000100000000)
  region size 1024K, 1 young (1024K), 1 survivors (1024K)
 Metaspace       used 10716K, capacity 10939K, committed 11264K, reserved 1058816K
  class space    used 1123K, capacity 1206K, committed 1280K, reserved 1048576K
}
Event: 8.792 GC heap before
{Heap before GC invocations=2 (full 0):
 garbage-first heap   total 129024K, used 59482K [0x0000000080000000, 0x0000000100000000)
  region size 1024K, 48 young (49152K), 1 survivors (1024K)
 Metaspace       used 17502K, capacity 17895K, committed 18048K, reserved 1064960K
  class space    used 2044K, capacity 2172K, committed 2176K, reserved 1048576K
}
Event: 8.806 GC heap after
{Heap after GC invocations=3 (full 0):
 garbage-first heap   total 129024K, used 16490K [0x0000000080000000, 0x0000000100000000)
  region size 1024K, 6 young (6144K), 6 survivors (6144K)
 Metaspace       used 17502K, capacity 17895K, committed 18048K, reserved 1064960K
  class space    used 2044K, capacity 2172K, committed 2176K, reserved 1048576K
}
Event: 9.587 GC heap before
{Heap before GC invocations=3 (full 0):
 garbage-first heap   total 129024K, used 43114K [0x0000000080000000, 0x0000000100000000)
  region size 1024K, 33 young (33792K), 6 survivors (6144K)
 Metaspace       used 20639K, capacity 21119K, committed 21248K, reserved 1067008K
  class space    used 2520K, capacity 2720K, committed 2816K, reserved 1048576K
}
Event: 9.605 GC heap after
{Heap after GC invocations=4 (full 0):
 garbage-first heap   total 129024K, used 17345K [0x0000000080000000, 0x0000000100000000)
  region size 1024K, 1 young (1024K), 1 survivors (1024K)
 Metaspace       used 20639K, capacity 21119K, committed 21248K, reserved 1067008K
  class space    used 2520K, capacity 2720K, committed 2816K, reserved 1048576K
}
Event: 11.082 GC heap before
{Heap before GC invocations=5 (full 0):
 garbage-first heap   total 129024K, used 65473K [0x0000000080000000, 0x0000000100000000)
  region size 1024K, 49 young (50176K), 1 survivors (1024K)
 Metaspace       used 25645K, capacity 26259K, committed 26368K, reserved 1073152K
  class space    used 3351K, capacity 3566K, committed 3584K, reserved 1048576K
}
Event: 11.092 GC heap after
{Heap after GC invocations=6 (full 0):
 garbage-first heap   total 129024K, used 19019K [0x0000000080000000, 0x0000000100000000)
  region size 1024K, 3 young (3072K), 3 survivors (3072K)
 Metaspace       used 25645K, capacity 26259K, committed 26368K, reserved 1073152K
  class space    used 3351K, capacity 3566K, committed 3584K, reserved 1048576K
}
Event: 13.047 GC heap before
{Heap before GC invocations=6 (full 0):
 garbage-first heap   total 129024K, used 71243K [0x0000000080000000, 0x0000000100000000)
  region size 1024K, 54 young (55296K), 3 survivors (3072K)
 Metaspace       used 31730K, capacity 32425K, committed 32640K, reserved 1077248K
  class space    used 4186K, capacity 4473K, committed 4480K, reserved 1048576K
}
Event: 13.058 GC heap after
{Heap after GC invocations=7 (full 0):
 garbage-first heap   total 129024K, used 21246K [0x0000000080000000, 0x0000000100000000)
  region size 1024K, 5 young (5120K), 5 survivors (5120K)
 Metaspace       used 31730K, capacity 32425K, committed 32640K, reserved 1077248K
  class space    used 4186K, capacity 4473K, committed 4480K, reserved 1048576K
}
Event: 13.687 GC heap before
{Heap before GC invocations=7 (full 0):
 garbage-first heap   total 129024K, used 29438K [0x0000000080000000, 0x0000000100000000)
  region size 1024K, 14 young (14336K), 5 survivors (5120K)
 Metaspace       used 35023K, capacity 35832K, committed 35840K, reserved 1081344K
  class space    used 4531K, capacity 4864K, committed 4864K, reserved 1048576K
}
Event: 13.714 GC heap after
{Heap after GC invocations=8 (full 0):
 garbage-first heap   total 129024K, used 22914K [0x0000000080000000, 0x0000000100000000)
  region size 1024K, 6 young (6144K), 6 survivors (6144K)
 Metaspace       used 35023K, capacity 35832K, committed 35840K, reserved 1081344K
  class space    used 4531K, capacity 4864K, committed 4864K, reserved 1048576K
}
Event: 15.332 GC heap before
{Heap before GC invocations=9 (full 0):
 garbage-first heap   total 129024K, used 75138K [0x0000000080000000, 0x0000000100000000)
  region size 1024K, 54 young (55296K), 6 survivors (6144K)
 Metaspace       used 38692K, capacity 39633K, committed 39884K, reserved 1083392K
  class space    used 4922K, capacity 5251K, committed 5324K, reserved 1048576K
}
Event: 15.356 GC heap after
{Heap after GC invocations=10 (full 0):
 garbage-first heap   total 129024K, used 26621K [0x0000000080000000, 0x0000000100000000)
  region size 1024K, 7 young (7168K), 7 survivors (7168K)
 Metaspace       used 38692K, capacity 39633K, committed 39884K, reserved 1083392K
  class space    used 4922K, capacity 5251K, committed 5324K, reserved 1048576K
}
Event: 17.394 GC heap before
{Heap before GC invocations=10 (full 0):
 garbage-first heap   total 129024K, used 77821K [0x0000000080000000, 0x0000000100000000)
  region size 1024K, 57 young (58368K), 7 survivors (7168K)
 Metaspace       used 43255K, capacity 44386K, committed 44620K, reserved 1087488K
  class space    used 5512K, capacity 5892K, committed 5964K, reserved 1048576K
}
Event: 17.416 GC heap after
{Heap after GC invocations=11 (full 0):
 garbage-first heap   total 129024K, used 29232K [0x0000000080000000, 0x0000000100000000)
  region size 1024K, 6 young (6144K), 6 survivors (6144K)
 Metaspace       used 43255K, capacity 44386K, committed 44620K, reserved 1087488K
  class space    used 5512K, capacity 5892K, committed 5964K, reserved 1048576K
}
Event: 19.097 GC heap before
{Heap before GC invocations=11 (full 0):
 garbage-first heap   total 129024K, used 81456K [0x0000000080000000, 0x0000000100000000)
  region size 1024K, 57 young (58368K), 6 survivors (6144K)
 Metaspace       used 46757K, capacity 48004K, committed 48204K, reserved 1091584K
  class space    used 5996K, capacity 6437K, committed 6476K, reserved 1048576K
}
Event: 19.121 GC heap after
{Heap after GC invocations=12 (full 0):
 garbage-first heap   total 155648K, used 31729K [0x0000000080000000, 0x0000000100000000)
  region size 1024K, 5 young (5120K), 5 survivors (5120K)
 Metaspace       used 46757K, capacity 48004K, committed 48204K, reserved 1091584K
  class space    used 5996K, capacity 6437K, committed 6476K, reserved 1048576K
}

Deoptimization events (20 events):
Event: 20.149 Thread 0x000001acde3c8800 Uncommon trap: trap_request=0xffffff4d fr.pc=0x000001acce2a1fe0 relative=0x0000000000000580
Event: 20.149 Thread 0x000001acde3c8800 Uncommon trap: reason=unstable_if action=reinterpret pc=0x000001acce2a1fe0 method=java.util.jar.Manifest$FastInputStream.readLine([BII)I @ 130 c2
Event: 20.149 Thread 0x000001acde3c8800 DEOPT PACKING pc=0x000001acce2a1fe0 sp=0x000000186a6f7e70
Event: 20.149 Thread 0x000001acde3c8800 DEOPT UNPACKING pc=0x000001acc67a78af sp=0x000000186a6f7e00 mode 2
Event: 20.463 Thread 0x000001acde3c8800 Uncommon trap: trap_request=0xffffff4d fr.pc=0x000001acce3c8ed4 relative=0x00000000000008d4
Event: 20.464 Thread 0x000001acde3c8800 Uncommon trap: reason=unstable_if action=reinterpret pc=0x000001acce3c8ed4 method=java.io.BufferedInputStream.read([BII)I @ 56 c2
Event: 20.464 Thread 0x000001acde3c8800 DEOPT PACKING pc=0x000001acce3c8ed4 sp=0x000000186a6f7550
Event: 20.464 Thread 0x000001acde3c8800 DEOPT UNPACKING pc=0x000001acc67a78af sp=0x000000186a6f7508 mode 2
Event: 20.468 Thread 0x000001acde3c8800 Uncommon trap: trap_request=0xffffff4d fr.pc=0x000001acce32eef4 relative=0x0000000000000054
Event: 20.468 Thread 0x000001acde3c8800 Uncommon trap: reason=unstable_if action=reinterpret pc=0x000001acce32eef4 method=java.util.regex.Pattern.has(I)Z @ 6 c2
Event: 20.468 Thread 0x000001acde3c8800 DEOPT PACKING pc=0x000001acce32eef4 sp=0x000000186a6f6540
Event: 20.468 Thread 0x000001acde3c8800 DEOPT UNPACKING pc=0x000001acc67a78af sp=0x000000186a6f64d0 mode 2
Event: 20.519 Thread 0x000001acde3c8800 Uncommon trap: trap_request=0xffffff45 fr.pc=0x000001acce40180c relative=0x0000000000000d4c
Event: 20.519 Thread 0x000001acde3c8800 Uncommon trap: reason=unstable_fused_if action=reinterpret pc=0x000001acce40180c method=org.objectweb.asm.ByteVector.putUTF8(Ljava/lang/String;)Lorg/objectweb/asm/ByteVector; @ 93 c2
Event: 20.519 Thread 0x000001acde3c8800 DEOPT PACKING pc=0x000001acce40180c sp=0x000000186a6f7ff0
Event: 20.519 Thread 0x000001acde3c8800 DEOPT UNPACKING pc=0x000001acc67a78af sp=0x000000186a6f7f48 mode 2
Event: 20.520 Thread 0x000001acde3c8800 Uncommon trap: trap_request=0xffffff4d fr.pc=0x000001acce421838 relative=0x0000000000005af8
Event: 20.520 Thread 0x000001acde3c8800 Uncommon trap: reason=unstable_if action=reinterpret pc=0x000001acce421838 method=org.objectweb.asm.Frame.execute(IILorg/objectweb/asm/Symbol;Lorg/objectweb/asm/SymbolTable;)V @ 1 c2
Event: 20.520 Thread 0x000001acde3c8800 DEOPT PACKING pc=0x000001acce421838 sp=0x000000186a6f81e0
Event: 20.520 Thread 0x000001acde3c8800 DEOPT UNPACKING pc=0x000001acc67a78af sp=0x000000186a6f8188 mode 2

Classes redefined (0 events):
No events

Internal exceptions (20 events):
Event: 19.961 Thread 0x000001acde3c8800 Exception <a 'java/lang/ClassNotFoundException'{0x00000000882af708}: org/gradle/api/tasks/DeleteCustomizer> (0x00000000882af708) thrown at [./src/hotspot/share/classfile/systemDictionary.cpp, line 231]
Event: 19.967 Thread 0x000001acde3c8800 Exception <a 'java/lang/ClassNotFoundException'{0x00000000882edae8}: org/gradle/api/tasks/Delete_DecoratedCustomizer> (0x00000000882edae8) thrown at [./src/hotspot/share/classfile/systemDictionary.cpp, line 231]
Event: 20.030 Thread 0x000001acde3c8800 Exception <a 'java/lang/NoSuchMethodError'{0x00000000881ffbb0}: 'long java.lang.invoke.DirectMethodHandle$Holder.invokeVirtual(java.lang.Object, java.lang.Object)'> (0x00000000881ffbb0) thrown at [./src/hotspot/share/interpreter/linkResolver.cpp, line 773]
Event: 20.039 Thread 0x000001ace0166000 Exception <a 'java/lang/NoSuchMethodError'{0x00000000880aa588}: <clinit>> (0x00000000880aa588) thrown at [./src/hotspot/share/prims/jni.cpp, line 1362]
Event: 20.046 Thread 0x000001ace0166000 Exception <a 'java/lang/NoSuchMethodError'{0x00000000880ca820}: <clinit>> (0x00000000880ca820) thrown at [./src/hotspot/share/prims/jni.cpp, line 1362]
Event: 20.047 Thread 0x000001ace0166000 Exception <a 'java/lang/NoSuchMethodError'{0x00000000880cb930}: <clinit>> (0x00000000880cb930) thrown at [./src/hotspot/share/prims/jni.cpp, line 1362]
Event: 20.047 Thread 0x000001ace0166000 Exception <a 'java/lang/NoSuchMethodError'{0x00000000880ccc38}: <clinit>> (0x00000000880ccc38) thrown at [./src/hotspot/share/prims/jni.cpp, line 1362]
Event: 20.047 Thread 0x000001ace0166000 Exception <a 'java/lang/NoSuchMethodError'{0x00000000880cdea0}: <clinit>> (0x00000000880cdea0) thrown at [./src/hotspot/share/prims/jni.cpp, line 1362]
Event: 20.050 Thread 0x000001ace0166000 Exception <a 'java/lang/NoSuchMethodError'{0x00000000880d7cd0}: <clinit>> (0x00000000880d7cd0) thrown at [./src/hotspot/share/prims/jni.cpp, line 1362]
Event: 20.053 Thread 0x000001ace0166000 Exception <a 'java/lang/NoSuchMethodError'{0x00000000880e23d0}: <clinit>> (0x00000000880e23d0) thrown at [./src/hotspot/share/prims/jni.cpp, line 1362]
Event: 20.061 Thread 0x000001ace0166000 Exception <a 'java/lang/NoSuchMethodError'{0x00000000880f63f8}: <clinit>> (0x00000000880f63f8) thrown at [./src/hotspot/share/prims/jni.cpp, line 1362]
Event: 20.081 Thread 0x000001acde3c8800 Exception <a 'java/lang/ClassNotFoundException'{0x0000000087f42ff8}: build_f1h08rwk14t4gg7ywv7kq6z1lBeanInfo> (0x0000000087f42ff8) thrown at [./src/hotspot/share/classfile/systemDictionary.cpp, line 231]
Event: 20.082 Thread 0x000001acde3c8800 Exception <a 'java/lang/ClassNotFoundException'{0x0000000087f4df20}: build_f1h08rwk14t4gg7ywv7kq6z1lCustomizer> (0x0000000087f4df20) thrown at [./src/hotspot/share/classfile/systemDictionary.cpp, line 231]
Event: 20.106 Thread 0x000001acde3c8800 Exception <a 'java/lang/ClassNotFoundException'{0x0000000087fce2a8}: org/gradle/plugin/use/internal/PluginRequestCollector$PluginDependenciesSpecImplBeanInfo> (0x0000000087fce2a8) thrown at [./src/hotspot/share/classfile/systemDictionary.cpp, line 231]
Event: 20.108 Thread 0x000001acde3c8800 Exception <a 'java/lang/ClassNotFoundException'{0x0000000087ffc158}: org/gradle/plugin/use/internal/PluginRequestCollector$PluginDependenciesSpecImplCustomizer> (0x0000000087ffc158) thrown at [./src/hotspot/share/classfile/systemDictionary.cpp, line 231]
Event: 20.192 Thread 0x000001acde3c8800 Exception <a 'java/lang/ClassNotFoundException'{0x0000000087c791b8}: org/gradle/api/internal/plugins/DefaultObjectConfigurationActionBeanInfo> (0x0000000087c791b8) thrown at [./src/hotspot/share/classfile/systemDictionary.cpp, line 231]
Event: 20.195 Thread 0x000001acde3c8800 Exception <a 'java/lang/ClassNotFoundException'{0x0000000087cac798}: org/gradle/api/internal/plugins/DefaultObjectConfigurationActionCustomizer> (0x0000000087cac798) thrown at [./src/hotspot/share/classfile/systemDictionary.cpp, line 231]
Event: 20.497 Thread 0x000001acde3c8800 Exception <a 'java/lang/NoSuchMethodError'{0x00000000872760e8}: 'java.lang.Object java.lang.invoke.DirectMethodHandle$Holder.invokeStatic(java.lang.Object, java.lang.Object, java.lang.Object, java.lang.Object, int)'> (0x00000000872760e8) thrown at [./src/hotspot/share/interpreter/linkResolver.cpp, line 773]
Event: 20.498 Thread 0x000001acde3c8800 Exception <a 'java/lang/NoSuchMethodError'{0x000000008727aae0}: 'java.lang.Object java.lang.invoke.DirectMethodHandle$Holder.invokeSpecial(java.lang.Object, java.lang.Object, java.lang.Object, java.lang.Object, java.lang.Object, int)'> (0x000000008727aae0) thrown at [./src/hotspot/share/interpreter/linkResolver.cpp, line 773]
Event: 20.499 Thread 0x000001acde3c8800 Exception <a 'java/lang/NoSuchMethodError'{0x000000008727f120}: 'java.lang.Object java.lang.invoke.Invokers$Holder.linkToTargetMethod(java.lang.Object, java.lang.Object, java.lang.Object, int, java.lang.Object)'> (0x000000008727f120) thrown at [./src/hotspot/share/interpreter/linkResolver.cpp, line 773]

Events (20 events):
Event: 20.538 loading class kotlin/text/StringsKt__StringsKt
Event: 20.538 loading class kotlin/text/StringsKt__StringsKt done
Event: 20.543 loading class kotlin/text/StringsKt__StringsJVMKt
Event: 20.543 loading class kotlin/text/StringsKt__StringsJVMKt done
Event: 20.546 loading class kotlin/text/StringsKt__StringNumberConversionsKt
Event: 20.546 loading class kotlin/text/StringsKt__StringNumberConversionsKt done
Event: 20.547 loading class kotlin/text/StringsKt__StringNumberConversionsJVMKt
Event: 20.547 loading class kotlin/text/StringsKt__StringNumberConversionsJVMKt done
Event: 20.549 loading class kotlin/text/StringsKt__StringBuilderKt
Event: 20.549 loading class kotlin/text/StringsKt__StringBuilderKt done
Event: 20.550 loading class kotlin/text/StringsKt__StringBuilderJVMKt
Event: 20.550 loading class kotlin/text/StringsKt__StringBuilderJVMKt done
Event: 20.551 loading class kotlin/text/StringsKt__RegexExtensionsKt
Event: 20.551 loading class kotlin/text/StringsKt__RegexExtensionsKt done
Event: 20.552 loading class kotlin/text/StringsKt__RegexExtensionsJVMKt
Event: 20.552 loading class kotlin/text/StringsKt__RegexExtensionsJVMKt done
Event: 20.553 loading class kotlin/text/StringsKt__IndentKt
Event: 20.553 loading class kotlin/text/StringsKt__IndentKt done
Event: 20.555 loading class kotlin/text/StringsKt__AppendableKt
Event: 20.555 loading class kotlin/text/StringsKt__AppendableKt done


Dynamic libraries:
0x00007ff691e90000 - 0x00007ff691e9a000 	C:\Program Files\Android\Android Studio\jre\bin\java.exe
0x00007ff971490000 - 0x00007ff971685000 	C:\WINDOWS\SYSTEM32\ntdll.dll
0x00007ff9708d0000 - 0x00007ff97098e000 	C:\WINDOWS\System32\KERNEL32.DLL
0x00007ff96f000000 - 0x00007ff96f2c9000 	C:\WINDOWS\System32\KERNELBASE.dll
0x00007ff96f3e0000 - 0x00007ff96f4e0000 	C:\WINDOWS\System32\ucrtbase.dll
0x00007ff965730000 - 0x00007ff965747000 	C:\Program Files\Android\Android Studio\jre\bin\VCRUNTIME140.dll
0x00007ff965040000 - 0x00007ff965059000 	C:\Program Files\Android\Android Studio\jre\bin\jli.dll
0x00007ff970180000 - 0x00007ff970321000 	C:\WINDOWS\System32\USER32.dll
0x00007ff96ebb0000 - 0x00007ff96ebd2000 	C:\WINDOWS\System32\win32u.dll
0x00007ff9544c0000 - 0x00007ff95475a000 	C:\WINDOWS\WinSxS\amd64_microsoft.windows.common-controls_6595b64144ccf1df_6.0.19041.1110_none_60b5254171f9507e\COMCTL32.dll
0x00007ff9713c0000 - 0x00007ff9713eb000 	C:\WINDOWS\System32\GDI32.dll
0x00007ff96fc50000 - 0x00007ff96fcee000 	C:\WINDOWS\System32\msvcrt.dll
0x00007ff96f2d0000 - 0x00007ff96f3db000 	C:\WINDOWS\System32\gdi32full.dll
0x00007ff96ef60000 - 0x00007ff96effd000 	C:\WINDOWS\System32\msvcp_win.dll
0x00007ff970b00000 - 0x00007ff970b30000 	C:\WINDOWS\System32\IMM32.DLL
0x00007ff963350000 - 0x00007ff9633ed000 	C:\Program Files\Android\Android Studio\jre\bin\msvcp140.dll
0x00007ff928bb0000 - 0x00007ff92967f000 	C:\Program Files\Android\Android Studio\jre\bin\server\jvm.dll
0x00007ff970330000 - 0x00007ff9703dc000 	C:\WINDOWS\System32\ADVAPI32.dll
0x00007ff96fbb0000 - 0x00007ff96fc4b000 	C:\WINDOWS\System32\sechost.dll
0x00007ff96f4e0000 - 0x00007ff96f60a000 	C:\WINDOWS\System32\RPCRT4.dll
0x00007ff970170000 - 0x00007ff970178000 	C:\WINDOWS\System32\PSAPI.DLL
0x00007ff94a2b0000 - 0x00007ff94a2b9000 	C:\WINDOWS\SYSTEM32\WSOCK32.dll
0x00007ff94cf50000 - 0x00007ff94cf77000 	C:\WINDOWS\SYSTEM32\WINMM.dll
0x00007ff963010000 - 0x00007ff96301a000 	C:\WINDOWS\SYSTEM32\VERSION.dll
0x00007ff9703e0000 - 0x00007ff97044b000 	C:\WINDOWS\System32\WS2_32.dll
0x00007ff96d460000 - 0x00007ff96d472000 	C:\WINDOWS\SYSTEM32\kernel.appcore.dll
0x00007ff966960000 - 0x00007ff966971000 	C:\Program Files\Android\Android Studio\jre\bin\verify.dll
0x00007ff969960000 - 0x00007ff969b44000 	C:\WINDOWS\SYSTEM32\DBGHELP.DLL
0x00007ff94d770000 - 0x00007ff94d79c000 	C:\WINDOWS\SYSTEM32\dbgcore.DLL
0x00007ff96ec70000 - 0x00007ff96ecf3000 	C:\WINDOWS\System32\bcryptPrimitives.dll
0x00007ff965190000 - 0x00007ff9651b9000 	C:\Program Files\Android\Android Studio\jre\bin\java.dll
0x00007ff966900000 - 0x00007ff96690b000 	C:\Program Files\Android\Android Studio\jre\bin\jimage.dll
0x00007ff965170000 - 0x00007ff965188000 	C:\Program Files\Android\Android Studio\jre\bin\zip.dll
0x00007ff970c80000 - 0x00007ff9713bf000 	C:\WINDOWS\System32\SHELL32.dll
0x00007ff969c30000 - 0x00007ff96a3c0000 	C:\WINDOWS\SYSTEM32\windows.storage.dll
0x00007ff96f670000 - 0x00007ff96f9c5000 	C:\WINDOWS\System32\combase.dll
0x00007ff96e530000 - 0x00007ff96e55c000 	C:\WINDOWS\SYSTEM32\Wldp.dll
0x00007ff96f9d0000 - 0x00007ff96fa7d000 	C:\WINDOWS\System32\SHCORE.dll
0x00007ff9713f0000 - 0x00007ff971445000 	C:\WINDOWS\System32\shlwapi.dll
0x00007ff96eaf0000 - 0x00007ff96eb0f000 	C:\WINDOWS\SYSTEM32\profapi.dll
0x00007ff965150000 - 0x00007ff96516a000 	C:\Program Files\Android\Android Studio\jre\bin\net.dll
0x00007ff966ae0000 - 0x00007ff966be8000 	C:\WINDOWS\SYSTEM32\WINHTTP.dll
0x00007ff96e290000 - 0x00007ff96e2fa000 	C:\WINDOWS\system32\mswsock.dll
0x00007ff965130000 - 0x00007ff965144000 	C:\Program Files\Android\Android Studio\jre\bin\nio.dll
0x00007ff966870000 - 0x00007ff966897000 	C:\Users\Admin\.gradle\native\8bec1ad78214c89d9ad589b4d07fe93259594b29d510b10fafb7a158f7737e5d\windows-amd64\native-platform.dll
0x00007ff963cd0000 - 0x00007ff963e0d000 	C:\Users\Admin\.gradle\native\53dbd7edfb1c66fb8903c78663c9afc45aea4f116125fa6feffd364cf09443e8\windows-amd64\native-platform-file-events.dll
0x00007ff966950000 - 0x00007ff96695a000 	C:\Program Files\Android\Android Studio\jre\bin\management.dll
0x00007ff966830000 - 0x00007ff96683c000 	C:\Program Files\Android\Android Studio\jre\bin\management_ext.dll
0x00007ff96e480000 - 0x00007ff96e498000 	C:\WINDOWS\SYSTEM32\CRYPTSP.dll
0x00007ff96dc10000 - 0x00007ff96dc44000 	C:\WINDOWS\system32\rsaenh.dll
0x00007ff96ebe0000 - 0x00007ff96ec07000 	C:\WINDOWS\System32\bcrypt.dll
0x00007ff96eab0000 - 0x00007ff96eade000 	C:\WINDOWS\SYSTEM32\USERENV.dll
0x00007ff96e4a0000 - 0x00007ff96e4ac000 	C:\WINDOWS\SYSTEM32\CRYPTBASE.dll
0x00007ff96df80000 - 0x00007ff96dfbb000 	C:\WINDOWS\SYSTEM32\IPHLPAPI.DLL
0x00007ff970c70000 - 0x00007ff970c78000 	C:\WINDOWS\System32\NSI.dll
0x00007ff968f70000 - 0x00007ff968f87000 	C:\WINDOWS\SYSTEM32\dhcpcsvc6.DLL
0x00007ff968f50000 - 0x00007ff968f6d000 	C:\WINDOWS\SYSTEM32\dhcpcsvc.DLL
0x00007ff96dfc0000 - 0x00007ff96e08c000 	C:\WINDOWS\SYSTEM32\DNSAPI.dll

dbghelp: loaded successfully - version: 4.0.5 - missing functions: none
symbol engine: initialized successfully - sym options: 0x614 - pdb path: .;C:\Program Files\Android\Android Studio\jre\bin;C:\WINDOWS\SYSTEM32;C:\WINDOWS\WinSxS\amd64_microsoft.windows.common-controls_6595b64144ccf1df_6.0.19041.1110_none_60b5254171f9507e;C:\Program Files\Android\Android Studio\jre\bin\server;C:\Users\Admin\.gradle\native\8bec1ad78214c89d9ad589b4d07fe93259594b29d510b10fafb7a158f7737e5d\windows-amd64;C:\Users\Admin\.gradle\native\53dbd7edfb1c66fb8903c78663c9afc45aea4f116125fa6feffd364cf09443e8\windows-amd64

VM Arguments:
jvm_args: --add-opens=java.base/java.util=ALL-UNNAMED --add-opens=java.base/java.lang=ALL-UNNAMED --add-opens=java.base/java.lang.invoke=ALL-UNNAMED --add-opens=java.base/java.util=ALL-UNNAMED --add-opens=java.prefs/java.util.prefs=ALL-UNNAMED --add-opens=java.prefs/java.util.prefs=ALL-UNNAMED --add-opens=java.base/java.nio.charset=ALL-UNNAMED --add-opens=java.base/java.net=ALL-UNNAMED --add-opens=java.base/java.util.concurrent.atomic=ALL-UNNAMED -Xmx2048m -Dfile.encoding=UTF-8 -Duser.country=US -Duser.language=en -Duser.variant 
java_command: org.gradle.launcher.daemon.bootstrap.GradleDaemon 7.0.2
java_class_path (initial): C:\Users\Admin\.gradle\wrapper\dists\gradle-7.0.2-bin\857tjihv64xamwrf0h14cai3r\gradle-7.0.2\lib\gradle-launcher-7.0.2.jar
Launcher Type: SUN_STANDARD

[Global flags]
     intx CICompilerCount                          = 4                                         {product} {ergonomic}
     uint ConcGCThreads                            = 2                                         {product} {ergonomic}
     uint G1ConcRefinementThreads                  = 8                                         {product} {ergonomic}
   size_t G1HeapRegionSize                         = 1048576                                   {product} {ergonomic}
    uintx GCDrainStackTargetSize                   = 64                                        {product} {ergonomic}
   size_t InitialHeapSize                          = 132120576                                 {product} {ergonomic}
   size_t MarkStackSize                            = 4194304                                   {product} {ergonomic}
   size_t MaxHeapSize                              = 2147483648                                {product} {command line}
   size_t MaxNewSize                               = 1287651328                                {product} {ergonomic}
   size_t MinHeapDeltaBytes                        = 1048576                                   {product} {ergonomic}
    uintx NonNMethodCodeHeapSize                   = 5836300                                {pd product} {ergonomic}
    uintx NonProfiledCodeHeapSize                  = 122910970                              {pd product} {ergonomic}
    uintx ProfiledCodeHeapSize                     = 122910970                              {pd product} {ergonomic}
    uintx ReservedCodeCacheSize                    = 251658240                              {pd product} {ergonomic}
     bool SegmentedCodeCache                       = true                                      {product} {ergonomic}
     bool UseCompressedClassPointers               = true                                 {lp64_product} {ergonomic}
     bool UseCompressedOops                        = true                                 {lp64_product} {ergonomic}
     bool UseG1GC                                  = true                                      {product} {ergonomic}
     bool UseLargePagesIndividualAllocation        = false                                  {pd product} {ergonomic}

Logging:
Log output configuration:
 #0: stdout all=warning uptime,level,tags
 #1: stderr all=off uptime,level,tags

Environment Variables:
PATH=C:\Program Files (x86)\Common Files\Oracle\Java\javapath;C:\Program Files\Common Files\Oracle\Java\javapath;C:\ProgramData\Oracle\Java\javapath;C:\WINDOWS\system32;C:\WINDOWS;C:\WINDOWS\System32\Wbem;C:\WINDOWS\System32\WindowsPowerShell\v1.0\;C:\WINDOWS\System32\OpenSSH\;C:\Program Files\Java\jdk-14\bin;C:\Program Files\Git\cmd;C:\Program Files\nodejs\;C:\Users\Admin\AppData\Local\Microsoft\WindowsApps;C:\Users\Admin\AppData\Roaming\npm;
USERNAME=Admin
OS=Windows_NT
PROCESSOR_IDENTIFIER=Intel64 Family 6 Model 142 Stepping 10, GenuineIntel



---------------  S Y S T E M  ---------------

OS: Windows 10 , 64 bit Build 19041 (10.0.19041.1202)
OS uptime: 0 days 4:50 hours

CPU:total 8 (initial active 8) (4 cores per cpu, 2 threads per core) family 6 model 142 stepping 10 microcode 0xb4, cmov, cx8, fxsr, mmx, sse, sse2, sse3, ssse3, sse4.1, sse4.2, popcnt, avx, avx2, aes, clmul, erms, 3dnowpref, lzcnt, ht, tsc, tscinvbit, bmi1, bmi2, adx, fma

Memory: 4k page, system-wide physical 8026M (1263M free)
TotalPageFile size 9050M (AvailPageFile size 5M)
current process WorkingSet (physical memory assigned to process): 299M, peak: 299M
current process commit charge ("private bytes"): 370M, peak: 370M

vm_info: OpenJDK 64-Bit Server VM (11.0.10+0-b96-7249189) for windows-amd64 JRE (11.0.10+0-b96-7249189), built on Mar 31 2021 21:44:00 by "builder" with MS VC++ 14.0 (VS2015)

END.
