#
# There is insufficient memory for the Java Runtime Environment to continue.
# Native memory allocation (malloc) failed to allocate 920976 bytes for Chunk::new
# Possible reasons:
#   The system is out of physical RAM or swap space
#   The process is running with CompressedOops enabled, and the Java Heap may be blocking the growth of the native heap
# Possible solutions:
#   Reduce memory load on the system
#   Increase physical memory or swap space
#   Check if swap backing store is full
#   Decrease Java heap size (-Xmx/-Xms)
#   Decrease number of Java threads
#   Decrease Java thread stack sizes (-Xss)
#   Set larger code cache with -XX:ReservedCodeCacheSize=
#   JVM is running with Unscaled Compressed Oops mode in which the Java heap is
#     placed in the first 4GB address space. The Java Heap base address is the
#     maximum limit for the native heap growth. Please use -XX:HeapBaseMinAddress
#     to set the Java Heap base and to place the Java Heap above 4GB virtual address.
# This output file may be truncated or incomplete.
#
#  Out of Memory Error (./src/hotspot/share/memory/arena.cpp:197), pid=1488, tid=5784
#
# JRE version: OpenJDK Runtime Environment (11.0.10) (build 11.0.10+0-b96-7249189)
# Java VM: OpenJDK 64-Bit Server VM (11.0.10+0-b96-7249189, mixed mode, tiered, compressed oops, g1 gc, windows-amd64)
# No core dump will be written. Minidumps are not enabled by default on client versions of Windows
#

---------------  S U M M A R Y ------------

Command Line: --add-opens=java.base/java.util=ALL-UNNAMED --add-opens=java.base/java.lang=ALL-UNNAMED --add-opens=java.base/java.lang.invoke=ALL-UNNAMED --add-opens=java.base/java.util=ALL-UNNAMED --add-opens=java.prefs/java.util.prefs=ALL-UNNAMED --add-opens=java.prefs/java.util.prefs=ALL-UNNAMED --add-opens=java.base/java.nio.charset=ALL-UNNAMED --add-opens=java.base/java.net=ALL-UNNAMED --add-opens=java.base/java.util.concurrent.atomic=ALL-UNNAMED -Xmx2048m -Dfile.encoding=UTF-8 -Duser.country=US -Duser.language=en -Duser.variant org.gradle.launcher.daemon.bootstrap.GradleDaemon 7.0.2

Host: Intel(R) Core(TM) i7-8550U CPU @ 1.80GHz, 8 cores, 7G,  Windows 10 , 64 bit Build 19041 (10.0.19041.1202)
Time: Mon Oct 25 14:52:01 2021 Arab Standard Time elapsed time: 3263.826963 seconds (0d 0h 54m 23s)

---------------  T H R E A D  ---------------

Current thread (0x000001fc96d26800):  JavaThread "C2 CompilerThread1" daemon [_thread_in_native, id=5784, stack(0x0000004ff8a00000,0x0000004ff8b00000)]


Current CompileTask:
C2:3263827 18527       4       com.android.tools.r8.internal.X4::a (1165 bytes)

Stack: [0x0000004ff8a00000,0x0000004ff8b00000]
Native frames: (J=compiled Java code, j=interpreted, Vv=VM code, C=native code)
V  [jvm.dll+0x5ecfaa]
V  [jvm.dll+0x722bd5]
V  [jvm.dll+0x72412d]
V  [jvm.dll+0x7247e3]
V  [jvm.dll+0x242928]
V  [jvm.dll+0xbc4fc]
V  [jvm.dll+0xbca0c]
V  [jvm.dll+0x2b4fd4]
V  [jvm.dll+0x506028]
V  [jvm.dll+0x1fcdfd]
V  [jvm.dll+0x1fa77f]
V  [jvm.dll+0x18354c]
V  [jvm.dll+0x208ee7]
V  [jvm.dll+0x207731]
V  [jvm.dll+0x6eb1cf]
V  [jvm.dll+0x6e3d45]
V  [jvm.dll+0x5ebe96]
C  [ucrtbase.dll+0x21bb2]
C  [KERNEL32.DLL+0x17034]
C  [ntdll.dll+0x52651]


---------------  P R O C E S S  ---------------

Threads class SMR info:
_java_thread_list=0x000001fc9d929d10, length=69, elements={
0x000001fcf946b000, 0x000001fcff0a1000, 0x000001fcff0ac800, 0x000001fcffa22800,
0x000001fcff0ba800, 0x000001fcff0bd800, 0x000001fcff0c0800, 0x000001fcff0cd000,
0x000001fcff0d2800, 0x000001fcffb81800, 0x000001fc97189800, 0x000001fc95ea8000,
0x000001fc971a5800, 0x000001fc96d28800, 0x000001fc96d26000, 0x000001fc96d27800,
0x000001fc96d23800, 0x000001fc96d2a000, 0x000001fc96d24800, 0x000001fc96d25000,
0x000001fc966dc000, 0x000001fc966df000, 0x000001fc966e2800, 0x000001fc966dd800,
0x000001fc966de800, 0x000001fc966e1800, 0x000001fc966e3000, 0x000001fc966e7000,
0x000001fc9c8ea800, 0x000001fc9c8e8000, 0x000001fc9c8e3000, 0x000001fc9c8e8800,
0x000001fc9c8e9800, 0x000001fc9c8e4000, 0x000001fc9c8e4800, 0x000001fc9c8eb000,
0x000001fc9c8e5800, 0x000001fc9c8ed800, 0x000001fc9c8f1000, 0x000001fc9c8f1800,
0x000001fc9c8ee800, 0x000001fc9c8ef000, 0x000001fc966dc800, 0x000001fc966e4000,
0x000001fc966e0000, 0x000001fc966e0800, 0x000001fc966ea800, 0x000001fc966e9000,
0x000001fc966e9800, 0x000001fc96d29000, 0x000001fc9cb26000, 0x000001fc9cb24000,
0x000001fc9cb29000, 0x000001fc9cb25000, 0x000001fc9cb26800, 0x000001fc9cb27800,
0x000001fc9cb28800, 0x000001fc9cb23800, 0x000001fc9cb2b000, 0x000001fc9cb2f000,
0x000001fc9cb2f800, 0x000001fc9cb2c800, 0x000001fc9cb2d000, 0x000001fc9cb2a000,
0x000001fc9cb30800, 0x000001fc9cb31800, 0x000001fc9cb2b800, 0x000001fc96d26800,
0x000001fc9cb2e000
}

Java Threads: ( => current thread )
  0x000001fcf946b000 JavaThread "main" [_thread_blocked, id=1908, stack(0x0000004ff6e00000,0x0000004ff6f00000)]
  0x000001fcff0a1000 JavaThread "Reference Handler" daemon [_thread_blocked, id=7144, stack(0x0000004ff7500000,0x0000004ff7600000)]
  0x000001fcff0ac800 JavaThread "Finalizer" daemon [_thread_blocked, id=2072, stack(0x0000004ff7600000,0x0000004ff7700000)]
  0x000001fcffa22800 JavaThread "Signal Dispatcher" daemon [_thread_blocked, id=8580, stack(0x0000004ff7700000,0x0000004ff7800000)]
  0x000001fcff0ba800 JavaThread "Attach Listener" daemon [_thread_blocked, id=3100, stack(0x0000004ff7800000,0x0000004ff7900000)]
  0x000001fcff0bd800 JavaThread "Service Thread" daemon [_thread_blocked, id=2980, stack(0x0000004ff7900000,0x0000004ff7a00000)]
  0x000001fcff0c0800 JavaThread "C2 CompilerThread0" daemon [_thread_in_native, id=10348, stack(0x0000004ff7a00000,0x0000004ff7b00000)]
  0x000001fcff0cd000 JavaThread "C1 CompilerThread0" daemon [_thread_in_native, id=11732, stack(0x0000004ff7b00000,0x0000004ff7c00000)]
  0x000001fcff0d2800 JavaThread "Sweeper thread" daemon [_thread_blocked, id=1680, stack(0x0000004ff7c00000,0x0000004ff7d00000)]
  0x000001fcffb81800 JavaThread "Common-Cleaner" daemon [_thread_blocked, id=10340, stack(0x0000004ff7d00000,0x0000004ff7e00000)]
  0x000001fc97189800 JavaThread "Daemon health stats" [_thread_blocked, id=10848, stack(0x0000004ff8300000,0x0000004ff8400000)]
  0x000001fc95ea8000 JavaThread "Incoming local TCP Connector on port 50283" [_thread_in_native, id=3572, stack(0x0000004ff7f00000,0x0000004ff8000000)]
  0x000001fc971a5800 JavaThread "Daemon periodic checks" [_thread_blocked, id=7304, stack(0x0000004ff8200000,0x0000004ff8300000)]
  0x000001fc96d28800 JavaThread "Cache worker for file hash cache (C:\Users\Admin\.gradle\caches\7.0.2\fileHashes)" [_thread_blocked, id=12076, stack(0x0000004ff8c00000,0x0000004ff8d00000)]
  0x000001fc96d26000 JavaThread "File lock request listener" [_thread_in_native, id=12480, stack(0x0000004ff8d00000,0x0000004ff8e00000)]
  0x000001fc96d27800 JavaThread "Cache worker for journal cache (C:\Users\Admin\.gradle\caches\journal-1)" [_thread_blocked, id=12536, stack(0x0000004ff9300000,0x0000004ff9400000)]
  0x000001fc96d23800 JavaThread "File watcher server" daemon [_thread_in_native, id=8452, stack(0x0000004ff9700000,0x0000004ff9800000)]
  0x000001fc96d2a000 JavaThread "File watcher consumer" daemon [_thread_blocked, id=5936, stack(0x0000004ff9800000,0x0000004ff9900000)]
  0x000001fc96d24800 JavaThread "jar transforms" [_thread_blocked, id=436, stack(0x0000004ff9900000,0x0000004ff9a00000)]
  0x000001fc96d25000 JavaThread "jar transforms Thread 2" [_thread_blocked, id=9396, stack(0x0000004ff9a00000,0x0000004ff9b00000)]
  0x000001fc966dc000 JavaThread "jar transforms Thread 3" [_thread_blocked, id=5156, stack(0x0000004ff9b00000,0x0000004ff9c00000)]
  0x000001fc966df000 JavaThread "jar transforms Thread 4" [_thread_blocked, id=11984, stack(0x0000004ff9c00000,0x0000004ff9d00000)]
  0x000001fc966e2800 JavaThread "jar transforms Thread 5" [_thread_blocked, id=12420, stack(0x0000004ff9d00000,0x0000004ff9e00000)]
  0x000001fc966dd800 JavaThread "jar transforms Thread 6" [_thread_blocked, id=12436, stack(0x0000004ff9e00000,0x0000004ff9f00000)]
  0x000001fc966de800 JavaThread "jar transforms Thread 7" [_thread_blocked, id=11292, stack(0x0000004ff9f00000,0x0000004ffa000000)]
  0x000001fc966e1800 JavaThread "jar transforms Thread 8" [_thread_blocked, id=10576, stack(0x0000004ffa000000,0x0000004ffa100000)]
  0x000001fc966e3000 JavaThread "Cache worker for execution history cache (C:\Users\Admin\.gradle\caches\7.0.2\executionHistory)" [_thread_blocked, id=8116, stack(0x0000004ffa100000,0x0000004ffa200000)]
  0x000001fc966e7000 JavaThread "Cache worker for file content cache (C:\Users\Admin\.gradle\caches\7.0.2\fileContent)" [_thread_blocked, id=11268, stack(0x0000004ffa500000,0x0000004ffa600000)]
  0x000001fc9c8ea800 JavaThread "Memory manager" [_thread_blocked, id=10184, stack(0x0000004ffb100000,0x0000004ffb200000)]
  0x000001fc9c8e8000 JavaThread "Daemon Thread 2" [_thread_blocked, id=8132, stack(0x0000004ff6b00000,0x0000004ff6c00000)]
  0x000001fc9c8e3000 JavaThread "Handler for socket connection from /127.0.0.1:50283 to /127.0.0.1:50405" [_thread_in_native, id=10564, stack(0x0000004ff6c00000,0x0000004ff6d00000)]
  0x000001fc9c8e8800 JavaThread "Cancel handler" [_thread_blocked, id=10932, stack(0x0000004ff6d00000,0x0000004ff6e00000)]
  0x000001fc9c8e9800 JavaThread "Daemon worker Thread 2" [_thread_blocked, id=10260, stack(0x0000004ff8500000,0x0000004ff8600000)]
  0x000001fc9c8e4000 JavaThread "Asynchronous log dispatcher for DefaultDaemonConnection: socket connection from /127.0.0.1:50283 to /127.0.0.1:50405" [_thread_blocked, id=12020, stack(0x0000004ff8600000,0x0000004ff8700000)]
  0x000001fc9c8e4800 JavaThread "Stdin handler" [_thread_blocked, id=10876, stack(0x0000004ff8700000,0x0000004ff8800000)]
  0x000001fc9c8eb000 JavaThread "Daemon client event forwarder" [_thread_blocked, id=2592, stack(0x0000004ff8800000,0x0000004ff8900000)]
  0x000001fc9c8e5800 JavaThread "Cache worker for file hash cache (C:\Users\Admin\AndroidStudioProjects\updateProfile2\.gradle\7.0.2\fileHashes)" [_thread_blocked, id=5268, stack(0x0000004ff8900000,0x0000004ff8a00000)]
  0x000001fc9c8ed800 JavaThread "Cache worker for checksums cache (C:\Users\Admin\AndroidStudioProjects\updateProfile2\.gradle\checksums)" [_thread_blocked, id=4108, stack(0x0000004ff8b00000,0x0000004ff8c00000)]
  0x000001fc9c8f1000 JavaThread "Cache worker for cache directory md-supplier (C:\Users\Admin\.gradle\caches\7.0.2\md-supplier)" [_thread_blocked, id=7164, stack(0x0000004ff9400000,0x0000004ff9500000)]
  0x000001fc9c8f1800 JavaThread "Cache worker for cache directory md-rule (C:\Users\Admin\.gradle\caches\7.0.2\md-rule)" [_thread_blocked, id=5844, stack(0x0000004ff9500000,0x0000004ff9600000)]
  0x000001fc9c8ee800 JavaThread "Cache worker for dependencies-accessors (C:\Users\Admin\AndroidStudioProjects\updateProfile2\.gradle\7.0.2\dependencies-accessors)" [_thread_blocked, id=2780, stack(0x0000004ff9600000,0x0000004ff9700000)]
  0x000001fc9c8ef000 JavaThread "Cache worker for Build Output Cleanup Cache (C:\Users\Admin\AndroidStudioProjects\updateProfile2\.gradle\buildOutputCleanup)" [_thread_blocked, id=6432, stack(0x0000004ffa200000,0x0000004ffa300000)]
  0x000001fc966dc800 JavaThread "Build operations" [_thread_blocked, id=6420, stack(0x0000004ffa300000,0x0000004ffa400000)]
  0x000001fc966e4000 JavaThread "Build operations Thread 2" [_thread_blocked, id=9340, stack(0x0000004ffa400000,0x0000004ffa500000)]
  0x000001fc966e0000 JavaThread "Build operations Thread 3" [_thread_blocked, id=6624, stack(0x0000004ffa600000,0x0000004ffa700000)]
  0x000001fc966e0800 JavaThread "Build operations Thread 4" [_thread_blocked, id=1960, stack(0x0000004ffa700000,0x0000004ffa800000)]
  0x000001fc966ea800 JavaThread "Build operations Thread 5" [_thread_blocked, id=11432, stack(0x0000004ffa800000,0x0000004ffa900000)]
  0x000001fc966e9000 JavaThread "Build operations Thread 6" [_thread_blocked, id=9964, stack(0x0000004ffa900000,0x0000004ffaa00000)]
  0x000001fc966e9800 JavaThread "Build operations Thread 7" [_thread_in_Java, id=10368, stack(0x0000004ffaa00000,0x0000004ffab00000)]
  0x000001fc96d29000 JavaThread "Build operations Thread 8" [_thread_blocked, id=7848, stack(0x0000004ffab00000,0x0000004ffac00000)]
  0x000001fc9cb26000 JavaThread "build event listener" [_thread_blocked, id=10548, stack(0x0000004ffad00000,0x0000004ffae00000)]
  0x000001fc9cb24000 JavaThread "Execution worker for ':'" [_thread_blocked, id=5464, stack(0x0000004ffae00000,0x0000004ffaf00000)]
  0x000001fc9cb29000 JavaThread "Execution worker for ':' Thread 2" [_thread_blocked, id=5468, stack(0x0000004ffaf00000,0x0000004ffb000000)]
  0x000001fc9cb25000 JavaThread "Execution worker for ':' Thread 3" [_thread_blocked, id=10852, stack(0x0000004ffb000000,0x0000004ffb100000)]
  0x000001fc9cb26800 JavaThread "Execution worker for ':' Thread 4" [_thread_blocked, id=4776, stack(0x0000004ffb200000,0x0000004ffb300000)]
  0x000001fc9cb27800 JavaThread "Execution worker for ':' Thread 5" [_thread_blocked, id=10428, stack(0x0000004ffb300000,0x0000004ffb400000)]
  0x000001fc9cb28800 JavaThread "Execution worker for ':' Thread 6" [_thread_blocked, id=5112, stack(0x0000004ffb400000,0x0000004ffb500000)]
  0x000001fc9cb23800 JavaThread "Execution worker for ':' Thread 7" [_thread_blocked, id=8428, stack(0x0000004ffb500000,0x0000004ffb600000)]
  0x000001fc9cb2b000 JavaThread "Cache worker for execution history cache (C:\Users\Admin\AndroidStudioProjects\updateProfile2\.gradle\7.0.2\executionHistory)" [_thread_blocked, id=8612, stack(0x0000004ffb600000,0x0000004ffb700000)]
  0x000001fc9cb2f000 JavaThread "WorkerExecutor Queue" [_thread_blocked, id=4240, stack(0x0000004ffac00000,0x0000004ffad00000)]
  0x000001fc9cb2f800 JavaThread "WorkerExecutor Queue Thread 2" [_thread_blocked, id=8236, stack(0x0000004ffb800000,0x0000004ffb900000)]
  0x000001fc9cb2c800 JavaThread "WorkerExecutor Queue Thread 3" [_thread_blocked, id=6888, stack(0x0000004ffb900000,0x0000004ffba00000)]
  0x000001fc9cb2d000 JavaThread "WorkerExecutor Queue Thread 4" [_thread_blocked, id=7900, stack(0x0000004ffbb00000,0x0000004ffbc00000)]
  0x000001fc9cb2a000 JavaThread "WorkerExecutor Queue Thread 5" [_thread_blocked, id=10696, stack(0x0000004ffbc00000,0x0000004ffbd00000)]
  0x000001fc9cb30800 JavaThread "WorkerExecutor Queue Thread 6" [_thread_blocked, id=11852, stack(0x0000004ffbd00000,0x0000004ffbe00000)]
  0x000001fc9cb31800 JavaThread "WorkerExecutor Queue Thread 7" [_thread_blocked, id=13164, stack(0x0000004ffbe00000,0x0000004ffbf00000)]
  0x000001fc9cb2b800 JavaThread "WorkerExecutor Queue Thread 8" [_thread_blocked, id=2188, stack(0x0000004ffbf00000,0x0000004ffc000000)]
=>0x000001fc96d26800 JavaThread "C2 CompilerThread1" daemon [_thread_in_native, id=5784, stack(0x0000004ff8a00000,0x0000004ff8b00000)]
  0x000001fc9cb2e000 JavaThread "C2 CompilerThread2" daemon [_thread_in_native, id=13232, stack(0x0000004ffb700000,0x0000004ffb800000)]

Other Threads:
  0x000001fcff09f000 VMThread "VM Thread" [stack: 0x0000004ff7400000,0x0000004ff7500000] [id=984]
  0x000001fcffb9c000 WatcherThread [stack: 0x0000004ff7e00000,0x0000004ff7f00000] [id=2824]
  0x000001fcf9485800 GCTaskThread "GC Thread#0" [stack: 0x0000004ff6f00000,0x0000004ff7000000] [id=8096]
  0x000001fc95762800 GCTaskThread "GC Thread#1" [stack: 0x0000004ff8000000,0x0000004ff8100000] [id=980]
  0x000001fc9576f000 GCTaskThread "GC Thread#2" [stack: 0x0000004ff8100000,0x0000004ff8200000] [id=7312]
  0x000001fc96bbc000 GCTaskThread "GC Thread#3" [stack: 0x0000004ff8400000,0x0000004ff8500000] [id=7488]
  0x000001fc9594e800 GCTaskThread "GC Thread#4" [stack: 0x0000004ff8e00000,0x0000004ff8f00000] [id=9948]
  0x000001fc95480000 GCTaskThread "GC Thread#5" [stack: 0x0000004ff8f00000,0x0000004ff9000000] [id=12980]
  0x000001fc96d42800 GCTaskThread "GC Thread#6" [stack: 0x0000004ff9000000,0x0000004ff9100000] [id=12468]
  0x000001fc97673800 GCTaskThread "GC Thread#7" [stack: 0x0000004ff9100000,0x0000004ff9200000] [id=8044]
  0x000001fcf94b6800 ConcurrentGCThread "G1 Main Marker" [stack: 0x0000004ff7000000,0x0000004ff7100000] [id=4964]
  0x000001fcf94b9000 ConcurrentGCThread "G1 Conc#0" [stack: 0x0000004ff7100000,0x0000004ff7200000] [id=5052]
  0x000001fcffda6800 ConcurrentGCThread "G1 Conc#1" [stack: 0x0000004ff9200000,0x0000004ff9300000] [id=8232]
  0x000001fcfeef0800 ConcurrentGCThread "G1 Refine#0" [stack: 0x0000004ff7200000,0x0000004ff7300000] [id=13196]
  0x000001fc9d351000 ConcurrentGCThread "G1 Refine#1" [stack: 0x0000004ffba00000,0x0000004ffbb00000] [id=6908]
  0x000001fcfeef1800 ConcurrentGCThread "G1 Young RemSet Sampling" [stack: 0x0000004ff7300000,0x0000004ff7400000] [id=5920]

Threads with active compile tasks:
C2 CompilerThread03263926 17116 %     4       com.android.tools.r8.internal.U6::a @ 2560 (6044 bytes)
C1 CompilerThread03263926 18630       3       com.android.tools.r8.internal.F7::a (704 bytes)
C2 CompilerThread13263926 18527       4       com.android.tools.r8.internal.X4::a (1165 bytes)
C2 CompilerThread23263926 18637       4       com.android.tools.r8.ir.regalloc.b::g (190 bytes)

VM state:not at safepoint (normal execution)

VM Mutex/Monitor currently owned by a thread: None

Heap address: 0x0000000080000000, size: 2048 MB, Compressed Oops mode: 32-bit
Narrow klass base: 0x0000000000000000, Narrow klass shift: 3
Compressed class space size: 1073741824 Address: 0x0000000100000000

Heap:
 garbage-first heap   total 225280K, used 173772K [0x0000000080000000, 0x0000000100000000)
  region size 1024K, 52 young (53248K), 8 survivors (8192K)
 Metaspace       used 122486K, capacity 125652K, committed 125776K, reserved 1159168K
  class space    used 15460K, capacity 16595K, committed 16640K, reserved 1048576K
Heap Regions: E=young(eden), S=young(survivor), O=old, HS=humongous(starts), HC=humongous(continues), CS=collection set, F=free, A=archive, TAMS=top-at-mark-start (previous, next)
|   0|0x0000000080000000, 0x0000000080100000, 0x0000000080100000|100%| O|  |TAMS 0x0000000080100000, 0x0000000080000000| Untracked 
|   1|0x0000000080100000, 0x0000000080200000, 0x0000000080200000|100%| O|  |TAMS 0x0000000080200000, 0x0000000080100000| Untracked 
|   2|0x0000000080200000, 0x0000000080300000, 0x0000000080300000|100%| O|  |TAMS 0x0000000080300000, 0x0000000080200000| Untracked 
|   3|0x0000000080300000, 0x0000000080400000, 0x0000000080400000|100%|HS|  |TAMS 0x0000000080400000, 0x0000000080300000| Complete 
|   4|0x0000000080400000, 0x0000000080500000, 0x0000000080500000|100%|HC|  |TAMS 0x0000000080500000, 0x0000000080400000| Complete 
|   5|0x0000000080500000, 0x0000000080600000, 0x0000000080600000|100%|HC|  |TAMS 0x0000000080600000, 0x0000000080500000| Complete 
|   6|0x0000000080600000, 0x0000000080700000, 0x0000000080700000|100%| O|  |TAMS 0x0000000080700000, 0x0000000080600000| Untracked 
|   7|0x0000000080700000, 0x0000000080800000, 0x0000000080800000|100%| O|  |TAMS 0x0000000080800000, 0x0000000080700000| Untracked 
|   8|0x0000000080800000, 0x0000000080900000, 0x0000000080900000|100%| O|  |TAMS 0x0000000080900000, 0x0000000080800000| Untracked 
|   9|0x0000000080900000, 0x0000000080a00000, 0x0000000080a00000|100%| O|  |TAMS 0x0000000080a00000, 0x0000000080900000| Untracked 
|  10|0x0000000080a00000, 0x0000000080b00000, 0x0000000080b00000|100%| O|  |TAMS 0x0000000080b00000, 0x0000000080a00000| Untracked 
|  11|0x0000000080b00000, 0x0000000080c00000, 0x0000000080c00000|100%| O|  |TAMS 0x0000000080b00000, 0x0000000080b00000| Untracked 
|  12|0x0000000080c00000, 0x0000000080d00000, 0x0000000080d00000|100%| O|  |TAMS 0x0000000080d00000, 0x0000000080c00000| Untracked 
|  13|0x0000000080d00000, 0x0000000080e00000, 0x0000000080e00000|100%| O|  |TAMS 0x0000000080e00000, 0x0000000080d00000| Untracked 
|  14|0x0000000080e00000, 0x0000000080f00000, 0x0000000080f00000|100%| O|  |TAMS 0x0000000080f00000, 0x0000000080e00000| Untracked 
|  15|0x0000000080f00000, 0x0000000081000000, 0x0000000081000000|100%|HS|  |TAMS 0x0000000081000000, 0x0000000080f00000| Complete 
|  16|0x0000000081000000, 0x0000000081100000, 0x0000000081100000|100%|HC|  |TAMS 0x0000000081100000, 0x0000000081000000| Complete 
|  17|0x0000000081100000, 0x0000000081200000, 0x0000000081200000|100%|HS|  |TAMS 0x0000000081200000, 0x0000000081100000| Complete 
|  18|0x0000000081200000, 0x0000000081300000, 0x0000000081300000|100%|HC|  |TAMS 0x0000000081300000, 0x0000000081200000| Complete 
|  19|0x0000000081300000, 0x0000000081400000, 0x0000000081400000|100%|HC|  |TAMS 0x0000000081400000, 0x0000000081300000| Complete 
|  20|0x0000000081400000, 0x0000000081500000, 0x0000000081500000|100%|HS|  |TAMS 0x0000000081500000, 0x0000000081400000| Complete 
|  21|0x0000000081500000, 0x0000000081600000, 0x0000000081600000|100%|HC|  |TAMS 0x0000000081600000, 0x0000000081500000| Complete 
|  22|0x0000000081600000, 0x0000000081700000, 0x0000000081700000|100%|HC|  |TAMS 0x0000000081700000, 0x0000000081600000| Complete 
|  23|0x0000000081700000, 0x0000000081800000, 0x0000000081800000|100%|HC|  |TAMS 0x0000000081800000, 0x0000000081700000| Complete 
|  24|0x0000000081800000, 0x0000000081900000, 0x0000000081900000|100%|HC|  |TAMS 0x0000000081900000, 0x0000000081800000| Complete 
|  25|0x0000000081900000, 0x0000000081a00000, 0x0000000081a00000|100%| O|  |TAMS 0x0000000081a00000, 0x0000000081900000| Untracked 
|  26|0x0000000081a00000, 0x0000000081b00000, 0x0000000081b00000|100%| O|  |TAMS 0x0000000081b00000, 0x0000000081a00000| Untracked 
|  27|0x0000000081b00000, 0x0000000081c00000, 0x0000000081c00000|100%| O|  |TAMS 0x0000000081c00000, 0x0000000081b00000| Untracked 
|  28|0x0000000081c00000, 0x0000000081d00000, 0x0000000081d00000|100%| O|  |TAMS 0x0000000081d00000, 0x0000000081c00000| Untracked 
|  29|0x0000000081d00000, 0x0000000081e00000, 0x0000000081e00000|100%| O|  |TAMS 0x0000000081e00000, 0x0000000081d00000| Untracked 
|  30|0x0000000081e00000, 0x0000000081f00000, 0x0000000081f00000|100%| O|  |TAMS 0x0000000081f00000, 0x0000000081e00000| Untracked 
|  31|0x0000000081f00000, 0x0000000082000000, 0x0000000082000000|100%|HS|  |TAMS 0x0000000082000000, 0x0000000081f00000| Complete 
|  32|0x0000000082000000, 0x0000000082100000, 0x0000000082100000|100%|HC|  |TAMS 0x0000000082100000, 0x0000000082000000| Complete 
|  33|0x0000000082100000, 0x0000000082200000, 0x0000000082200000|100%|HC|  |TAMS 0x0000000082200000, 0x0000000082100000| Complete 
|  34|0x0000000082200000, 0x0000000082300000, 0x0000000082300000|100%|HC|  |TAMS 0x0000000082300000, 0x0000000082200000| Complete 
|  35|0x0000000082300000, 0x0000000082400000, 0x0000000082400000|100%|HC|  |TAMS 0x0000000082400000, 0x0000000082300000| Complete 
|  36|0x0000000082400000, 0x0000000082500000, 0x0000000082500000|100%| O|  |TAMS 0x0000000082500000, 0x0000000082400000| Untracked 
|  37|0x0000000082500000, 0x0000000082600000, 0x0000000082600000|100%| O|  |TAMS 0x0000000082600000, 0x0000000082500000| Untracked 
|  38|0x0000000082600000, 0x0000000082700000, 0x0000000082700000|100%| O|  |TAMS 0x0000000082700000, 0x0000000082600000| Untracked 
|  39|0x0000000082700000, 0x0000000082800000, 0x0000000082800000|100%|HS|  |TAMS 0x0000000082800000, 0x0000000082700000| Complete 
|  40|0x0000000082800000, 0x0000000082900000, 0x0000000082900000|100%|HC|  |TAMS 0x0000000082900000, 0x0000000082800000| Complete 
|  41|0x0000000082900000, 0x0000000082a00000, 0x0000000082a00000|100%|HC|  |TAMS 0x0000000082a00000, 0x0000000082900000| Complete 
|  42|0x0000000082a00000, 0x0000000082b00000, 0x0000000082b00000|100%| O|  |TAMS 0x0000000082b00000, 0x0000000082a00000| Untracked 
|  43|0x0000000082b00000, 0x0000000082c00000, 0x0000000082c00000|100%| O|  |TAMS 0x0000000082c00000, 0x0000000082b00000| Untracked 
|  44|0x0000000082c00000, 0x0000000082d00000, 0x0000000082d00000|100%| O|  |TAMS 0x0000000082d00000, 0x0000000082c00000| Untracked 
|  45|0x0000000082d00000, 0x0000000082e00000, 0x0000000082e00000|100%| O|  |TAMS 0x0000000082e00000, 0x0000000082d00000| Untracked 
|  46|0x0000000082e00000, 0x0000000082f00000, 0x0000000082f00000|100%| O|  |TAMS 0x0000000082f00000, 0x0000000082e00000| Untracked 
|  47|0x0000000082f00000, 0x0000000083000000, 0x0000000083000000|100%| O|  |TAMS 0x0000000083000000, 0x0000000082f00000| Untracked 
|  48|0x0000000083000000, 0x0000000083100000, 0x0000000083100000|100%| O|  |TAMS 0x0000000083100000, 0x0000000083000000| Untracked 
|  49|0x0000000083100000, 0x0000000083200000, 0x0000000083200000|100%| O|  |TAMS 0x0000000083200000, 0x0000000083100000| Untracked 
|  50|0x0000000083200000, 0x0000000083300000, 0x0000000083300000|100%| O|  |TAMS 0x0000000083300000, 0x0000000083200000| Untracked 
|  51|0x0000000083300000, 0x0000000083400000, 0x0000000083400000|100%| O|  |TAMS 0x0000000083300000, 0x0000000083300000| Untracked 
|  52|0x0000000083400000, 0x0000000083500000, 0x0000000083500000|100%| O|  |TAMS 0x0000000083500000, 0x0000000083400000| Untracked 
|  53|0x0000000083500000, 0x0000000083600000, 0x0000000083600000|100%|HS|  |TAMS 0x0000000083600000, 0x0000000083500000| Complete 
|  54|0x0000000083600000, 0x0000000083700000, 0x0000000083700000|100%|HS|  |TAMS 0x0000000083700000, 0x0000000083600000| Complete 
|  55|0x0000000083700000, 0x0000000083800000, 0x0000000083800000|100%|HS|  |TAMS 0x0000000083800000, 0x0000000083700000| Complete 
|  56|0x0000000083800000, 0x0000000083900000, 0x0000000083900000|100%|HC|  |TAMS 0x0000000083900000, 0x0000000083800000| Complete 
|  57|0x0000000083900000, 0x0000000083a00000, 0x0000000083a00000|100%| O|  |TAMS 0x0000000083900000, 0x0000000083900000| Untracked 
|  58|0x0000000083a00000, 0x0000000083b00000, 0x0000000083b00000|100%| O|  |TAMS 0x0000000083a00000, 0x0000000083a00000| Untracked 
|  59|0x0000000083b00000, 0x0000000083c00000, 0x0000000083c00000|100%| O|  |TAMS 0x0000000083c00000, 0x0000000083b00000| Untracked 
|  60|0x0000000083c00000, 0x0000000083d00000, 0x0000000083d00000|100%| O|  |TAMS 0x0000000083c00000, 0x0000000083c00000| Untracked 
|  61|0x0000000083d00000, 0x0000000083e00000, 0x0000000083e00000|100%| O|  |TAMS 0x0000000083e00000, 0x0000000083d00000| Untracked 
|  62|0x0000000083e00000, 0x0000000083f00000, 0x0000000083f00000|100%| O|  |TAMS 0x0000000083f00000, 0x0000000083e00000| Untracked 
|  63|0x0000000083f00000, 0x0000000084000000, 0x0000000084000000|100%| O|  |TAMS 0x0000000084000000, 0x0000000083f00000| Untracked 
|  64|0x0000000084000000, 0x0000000084100000, 0x0000000084100000|100%| O|  |TAMS 0x0000000084000000, 0x0000000084000000| Untracked 
|  65|0x0000000084100000, 0x0000000084200000, 0x0000000084200000|100%| O|  |TAMS 0x0000000084200000, 0x0000000084100000| Untracked 
|  66|0x0000000084200000, 0x0000000084300000, 0x0000000084300000|100%| O|  |TAMS 0x0000000084300000, 0x0000000084200000| Untracked 
|  67|0x0000000084300000, 0x0000000084400000, 0x0000000084400000|100%| O|  |TAMS 0x0000000084400000, 0x0000000084300000| Untracked 
|  68|0x0000000084400000, 0x0000000084500000, 0x0000000084500000|100%| O|  |TAMS 0x0000000084500000, 0x0000000084400000| Untracked 
|  69|0x0000000084500000, 0x0000000084600000, 0x0000000084600000|100%| O|  |TAMS 0x0000000084600000, 0x0000000084500000| Untracked 
|  70|0x0000000084600000, 0x0000000084700000, 0x0000000084700000|100%|HS|  |TAMS 0x0000000084700000, 0x0000000084600000| Complete 
|  71|0x0000000084700000, 0x0000000084800000, 0x0000000084800000|100%| O|  |TAMS 0x0000000084800000, 0x0000000084700000| Untracked 
|  72|0x0000000084800000, 0x0000000084900000, 0x0000000084900000|100%| O|  |TAMS 0x0000000084900000, 0x0000000084800000| Untracked 
|  73|0x0000000084900000, 0x0000000084a00000, 0x0000000084a00000|100%| O|  |TAMS 0x0000000084900000, 0x0000000084900000| Untracked 
|  74|0x0000000084a00000, 0x0000000084b00000, 0x0000000084b00000|100%| O|  |TAMS 0x0000000084a00000, 0x0000000084a00000| Untracked 
|  75|0x0000000084b00000, 0x0000000084c00000, 0x0000000084c00000|100%| O|  |TAMS 0x0000000084bcb200, 0x0000000084b00000| Untracked 
|  76|0x0000000084c00000, 0x0000000084d00000, 0x0000000084d00000|100%| O|  |TAMS 0x0000000084c00000, 0x0000000084c00000| Untracked 
|  77|0x0000000084d00000, 0x0000000084e00000, 0x0000000084e00000|100%| O|  |TAMS 0x0000000084d00000, 0x0000000084d00000| Untracked 
|  78|0x0000000084e00000, 0x0000000084f00000, 0x0000000084f00000|100%| O|  |TAMS 0x0000000084f00000, 0x0000000084e00000| Untracked 
|  79|0x0000000084f00000, 0x0000000085000000, 0x0000000085000000|100%| O|  |TAMS 0x0000000085000000, 0x0000000084f00000| Untracked 
|  80|0x0000000085000000, 0x0000000085100000, 0x0000000085100000|100%| O|  |TAMS 0x0000000085000000, 0x0000000085000000| Untracked 
|  81|0x0000000085100000, 0x0000000085200000, 0x0000000085200000|100%| O|  |TAMS 0x0000000085200000, 0x0000000085100000| Untracked 
|  82|0x0000000085200000, 0x0000000085300000, 0x0000000085300000|100%| O|  |TAMS 0x0000000085200000, 0x0000000085200000| Untracked 
|  83|0x0000000085300000, 0x0000000085400000, 0x0000000085400000|100%| O|  |TAMS 0x0000000085300000, 0x0000000085300000| Untracked 
|  84|0x0000000085400000, 0x0000000085500000, 0x0000000085500000|100%| O|  |TAMS 0x0000000085400000, 0x0000000085400000| Untracked 
|  85|0x0000000085500000, 0x0000000085600000, 0x0000000085600000|100%| O|  |TAMS 0x0000000085500000, 0x0000000085500000| Untracked 
|  86|0x0000000085600000, 0x0000000085700000, 0x0000000085700000|100%| O|  |TAMS 0x0000000085600000, 0x0000000085600000| Untracked 
|  87|0x0000000085700000, 0x0000000085800000, 0x0000000085800000|100%| O|  |TAMS 0x0000000085800000, 0x0000000085700000| Untracked 
|  88|0x0000000085800000, 0x0000000085900000, 0x0000000085900000|100%| O|  |TAMS 0x0000000085800000, 0x0000000085800000| Untracked 
|  89|0x0000000085900000, 0x0000000085a00000, 0x0000000085a00000|100%| O|  |TAMS 0x0000000085900000, 0x0000000085900000| Untracked 
|  90|0x0000000085a00000, 0x0000000085b00000, 0x0000000085b00000|100%| O|  |TAMS 0x0000000085b00000, 0x0000000085a00000| Untracked 
|  91|0x0000000085b00000, 0x0000000085c00000, 0x0000000085c00000|100%| O|  |TAMS 0x0000000085b00000, 0x0000000085b00000| Untracked 
|  92|0x0000000085c00000, 0x0000000085d00000, 0x0000000085d00000|100%| O|  |TAMS 0x0000000085d00000, 0x0000000085c00000| Untracked 
|  93|0x0000000085d00000, 0x0000000085e00000, 0x0000000085e00000|100%| O|  |TAMS 0x0000000085e00000, 0x0000000085d00000| Untracked 
|  94|0x0000000085e00000, 0x0000000085f00000, 0x0000000085f00000|100%| O|  |TAMS 0x0000000085e00000, 0x0000000085e00000| Untracked 
|  95|0x0000000085f00000, 0x0000000086000000, 0x0000000086000000|100%| O|  |TAMS 0x0000000085f00000, 0x0000000085f00000| Untracked 
|  96|0x0000000086000000, 0x0000000086100000, 0x0000000086100000|100%| O|  |TAMS 0x0000000086100000, 0x0000000086000000| Untracked 
|  97|0x0000000086100000, 0x0000000086200000, 0x0000000086200000|100%| O|  |TAMS 0x0000000086200000, 0x0000000086100000| Untracked 
|  98|0x0000000086200000, 0x0000000086300000, 0x0000000086300000|100%| O|  |TAMS 0x0000000086300000, 0x0000000086200000| Untracked 
|  99|0x0000000086300000, 0x0000000086400000, 0x0000000086400000|100%| O|  |TAMS 0x0000000086400000, 0x0000000086300000| Untracked 
| 100|0x0000000086400000, 0x0000000086500000, 0x0000000086500000|100%| O|  |TAMS 0x0000000086400000, 0x0000000086400000| Untracked 
| 101|0x0000000086500000, 0x0000000086600000, 0x0000000086600000|100%| O|  |TAMS 0x0000000086600000, 0x0000000086500000| Untracked 
| 102|0x0000000086600000, 0x0000000086700000, 0x0000000086700000|100%| O|  |TAMS 0x0000000086700000, 0x0000000086600000| Untracked 
| 103|0x0000000086700000, 0x0000000086800000, 0x0000000086800000|100%| O|  |TAMS 0x0000000086800000, 0x0000000086700000| Untracked 
| 104|0x0000000086800000, 0x0000000086900000, 0x0000000086900000|100%| O|  |TAMS 0x0000000086900000, 0x0000000086800000| Untracked 
| 105|0x0000000086900000, 0x0000000086a00000, 0x0000000086a00000|100%| O|  |TAMS 0x0000000086a00000, 0x0000000086900000| Untracked 
| 106|0x0000000086a00000, 0x0000000086b00000, 0x0000000086b00000|100%| O|  |TAMS 0x0000000086b00000, 0x0000000086a00000| Untracked 
| 107|0x0000000086b00000, 0x0000000086c00000, 0x0000000086c00000|100%| O|  |TAMS 0x0000000086b00000, 0x0000000086b00000| Untracked 
| 108|0x0000000086c00000, 0x0000000086d00000, 0x0000000086d00000|100%| O|  |TAMS 0x0000000086c00000, 0x0000000086c00000| Untracked 
| 109|0x0000000086d00000, 0x0000000086db3000, 0x0000000086e00000| 69%| O|  |TAMS 0x0000000086d00000, 0x0000000086d00000| Untracked 
| 110|0x0000000086e00000, 0x0000000086e00000, 0x0000000086f00000|  0%| F|  |TAMS 0x0000000086e00000, 0x0000000086e00000| Untracked 
| 111|0x0000000086f00000, 0x0000000086f00000, 0x0000000087000000|  0%| F|  |TAMS 0x0000000086f00000, 0x0000000086f00000| Untracked 
| 112|0x0000000087000000, 0x0000000087000000, 0x0000000087100000|  0%| F|  |TAMS 0x0000000087000000, 0x0000000087000000| Untracked 
| 113|0x0000000087100000, 0x0000000087100000, 0x0000000087200000|  0%| F|  |TAMS 0x0000000087100000, 0x0000000087100000| Untracked 
| 114|0x0000000087200000, 0x0000000087200000, 0x0000000087300000|  0%| F|  |TAMS 0x0000000087200000, 0x0000000087200000| Untracked 
| 115|0x0000000087300000, 0x0000000087300000, 0x0000000087400000|  0%| F|  |TAMS 0x0000000087300000, 0x0000000087300000| Untracked 
| 116|0x0000000087400000, 0x0000000087400000, 0x0000000087500000|  0%| F|  |TAMS 0x0000000087400000, 0x0000000087400000| Untracked 
| 117|0x0000000087500000, 0x0000000087500000, 0x0000000087600000|  0%| F|  |TAMS 0x0000000087500000, 0x0000000087500000| Untracked 
| 118|0x0000000087600000, 0x0000000087600000, 0x0000000087700000|  0%| F|  |TAMS 0x0000000087600000, 0x0000000087600000| Untracked 
| 119|0x0000000087700000, 0x0000000087700000, 0x0000000087800000|  0%| F|  |TAMS 0x0000000087700000, 0x0000000087700000| Untracked 
| 120|0x0000000087800000, 0x0000000087800000, 0x0000000087900000|  0%| F|  |TAMS 0x0000000087800000, 0x0000000087800000| Untracked 
| 121|0x0000000087900000, 0x0000000087900000, 0x0000000087a00000|  0%| F|  |TAMS 0x0000000087900000, 0x0000000087900000| Untracked 
| 122|0x0000000087a00000, 0x0000000087a00000, 0x0000000087b00000|  0%| F|  |TAMS 0x0000000087a00000, 0x0000000087a00000| Untracked 
| 123|0x0000000087b00000, 0x0000000087c00000, 0x0000000087c00000|100%| O|  |TAMS 0x0000000087c00000, 0x0000000087b00000| Untracked 
| 124|0x0000000087c00000, 0x0000000087d00000, 0x0000000087d00000|100%| O|  |TAMS 0x0000000087d00000, 0x0000000087c00000| Untracked 
| 125|0x0000000087d00000, 0x0000000087e00000, 0x0000000087e00000|100%| O|  |TAMS 0x0000000087e00000, 0x0000000087d00000| Untracked 
| 126|0x0000000087e00000, 0x0000000087f00000, 0x0000000087f00000|100%| O|  |TAMS 0x0000000087f00000, 0x0000000087e00000| Untracked 
| 127|0x0000000087f00000, 0x0000000087f00000, 0x0000000088000000|  0%| F|  |TAMS 0x0000000087f00000, 0x0000000087f00000| Untracked 
| 128|0x0000000088000000, 0x0000000088000000, 0x0000000088100000|  0%| F|  |TAMS 0x0000000088000000, 0x0000000088000000| Untracked 
| 129|0x0000000088100000, 0x0000000088100000, 0x0000000088200000|  0%| F|  |TAMS 0x0000000088100000, 0x0000000088100000| Untracked 
| 130|0x0000000088200000, 0x0000000088200000, 0x0000000088300000|  0%| F|  |TAMS 0x0000000088200000, 0x0000000088200000| Untracked 
| 131|0x0000000088300000, 0x0000000088300000, 0x0000000088400000|  0%| F|  |TAMS 0x0000000088300000, 0x0000000088300000| Untracked 
| 132|0x0000000088400000, 0x0000000088500000, 0x0000000088500000|100%| O|  |TAMS 0x0000000088500000, 0x0000000088400000| Untracked 
| 133|0x0000000088500000, 0x0000000088500000, 0x0000000088600000|  0%| F|  |TAMS 0x0000000088500000, 0x0000000088500000| Untracked 
| 134|0x0000000088600000, 0x0000000088600000, 0x0000000088700000|  0%| F|  |TAMS 0x0000000088600000, 0x0000000088600000| Untracked 
| 135|0x0000000088700000, 0x0000000088700000, 0x0000000088800000|  0%| F|  |TAMS 0x0000000088700000, 0x0000000088700000| Untracked 
| 136|0x0000000088800000, 0x0000000088800000, 0x0000000088900000|  0%| F|  |TAMS 0x0000000088800000, 0x0000000088800000| Untracked 
| 137|0x0000000088900000, 0x0000000088900000, 0x0000000088a00000|  0%| F|  |TAMS 0x0000000088900000, 0x0000000088900000| Untracked 
| 138|0x0000000088a00000, 0x0000000088a00000, 0x0000000088b00000|  0%| F|  |TAMS 0x0000000088a00000, 0x0000000088a00000| Untracked 
| 139|0x0000000088b00000, 0x0000000088c00000, 0x0000000088c00000|100%| O|  |TAMS 0x0000000088c00000, 0x0000000088b00000| Untracked 
| 140|0x0000000088c00000, 0x0000000088d00000, 0x0000000088d00000|100%| O|  |TAMS 0x0000000088d00000, 0x0000000088c00000| Untracked 
| 141|0x0000000088d00000, 0x0000000088e00000, 0x0000000088e00000|100%| O|  |TAMS 0x0000000088e00000, 0x0000000088d00000| Untracked 
| 142|0x0000000088e00000, 0x0000000088f00000, 0x0000000088f00000|100%| O|  |TAMS 0x0000000088f00000, 0x0000000088e00000| Untracked 
| 143|0x0000000088f00000, 0x0000000088f00000, 0x0000000089000000|  0%| F|  |TAMS 0x0000000088f00000, 0x0000000088f00000| Untracked 
| 144|0x0000000089000000, 0x0000000089000000, 0x0000000089100000|  0%| F|  |TAMS 0x0000000089000000, 0x0000000089000000| Untracked 
| 145|0x0000000089100000, 0x0000000089100000, 0x0000000089200000|  0%| F|  |TAMS 0x0000000089100000, 0x0000000089100000| Untracked 
| 146|0x0000000089200000, 0x0000000089200000, 0x0000000089300000|  0%| F|  |TAMS 0x0000000089200000, 0x0000000089200000| Untracked 
| 147|0x0000000089300000, 0x0000000089300000, 0x0000000089400000|  0%| F|  |TAMS 0x0000000089300000, 0x0000000089300000| Untracked 
| 148|0x0000000089400000, 0x0000000089400000, 0x0000000089500000|  0%| F|  |TAMS 0x0000000089400000, 0x0000000089400000| Untracked 
| 149|0x0000000089500000, 0x0000000089500000, 0x0000000089600000|  0%| F|  |TAMS 0x0000000089500000, 0x0000000089500000| Untracked 
| 150|0x0000000089600000, 0x0000000089600000, 0x0000000089700000|  0%| F|  |TAMS 0x0000000089600000, 0x0000000089600000| Untracked 
| 151|0x0000000089700000, 0x0000000089700000, 0x0000000089800000|  0%| F|  |TAMS 0x0000000089700000, 0x0000000089700000| Untracked 
| 152|0x0000000089800000, 0x0000000089800000, 0x0000000089900000|  0%| F|  |TAMS 0x0000000089800000, 0x0000000089800000| Untracked 
| 153|0x0000000089900000, 0x0000000089a00000, 0x0000000089a00000|100%| S|CS|TAMS 0x0000000089900000, 0x0000000089900000| Complete 
| 154|0x0000000089a00000, 0x0000000089b00000, 0x0000000089b00000|100%| S|CS|TAMS 0x0000000089a00000, 0x0000000089a00000| Complete 
| 155|0x0000000089b00000, 0x0000000089c00000, 0x0000000089c00000|100%| S|CS|TAMS 0x0000000089b00000, 0x0000000089b00000| Complete 
| 156|0x0000000089c00000, 0x0000000089d00000, 0x0000000089d00000|100%| S|CS|TAMS 0x0000000089c00000, 0x0000000089c00000| Complete 
| 157|0x0000000089d00000, 0x0000000089e00000, 0x0000000089e00000|100%| S|CS|TAMS 0x0000000089d00000, 0x0000000089d00000| Complete 
| 158|0x0000000089e00000, 0x0000000089f00000, 0x0000000089f00000|100%| S|CS|TAMS 0x0000000089e00000, 0x0000000089e00000| Complete 
| 159|0x0000000089f00000, 0x000000008a000000, 0x000000008a000000|100%| S|CS|TAMS 0x0000000089f00000, 0x0000000089f00000| Complete 
| 160|0x000000008a000000, 0x000000008a100000, 0x000000008a100000|100%| S|CS|TAMS 0x000000008a000000, 0x000000008a000000| Complete 
| 161|0x000000008a100000, 0x000000008a100000, 0x000000008a200000|  0%| F|  |TAMS 0x000000008a100000, 0x000000008a100000| Untracked 
| 162|0x000000008a200000, 0x000000008a200000, 0x000000008a300000|  0%| F|  |TAMS 0x000000008a200000, 0x000000008a200000| Untracked 
| 163|0x000000008a300000, 0x000000008a300000, 0x000000008a400000|  0%| F|  |TAMS 0x000000008a300000, 0x000000008a300000| Untracked 
| 164|0x000000008a400000, 0x000000008a400000, 0x000000008a500000|  0%| F|  |TAMS 0x000000008a400000, 0x000000008a400000| Untracked 
| 165|0x000000008a500000, 0x000000008a500000, 0x000000008a600000|  0%| F|  |TAMS 0x000000008a500000, 0x000000008a500000| Untracked 
| 166|0x000000008a600000, 0x000000008a600000, 0x000000008a700000|  0%| F|  |TAMS 0x000000008a600000, 0x000000008a600000| Untracked 
| 167|0x000000008a700000, 0x000000008a700000, 0x000000008a800000|  0%| F|  |TAMS 0x000000008a700000, 0x000000008a700000| Untracked 
| 168|0x000000008a800000, 0x000000008a800000, 0x000000008a900000|  0%| F|  |TAMS 0x000000008a800000, 0x000000008a800000| Untracked 
| 169|0x000000008a900000, 0x000000008a900000, 0x000000008aa00000|  0%| F|  |TAMS 0x000000008a900000, 0x000000008a900000| Untracked 
| 170|0x000000008aa00000, 0x000000008aa00000, 0x000000008ab00000|  0%| F|  |TAMS 0x000000008aa00000, 0x000000008aa00000| Untracked 
| 171|0x000000008ab00000, 0x000000008ab00000, 0x000000008ac00000|  0%| F|  |TAMS 0x000000008ab00000, 0x000000008ab00000| Untracked 
| 172|0x000000008ac00000, 0x000000008ac00000, 0x000000008ad00000|  0%| F|  |TAMS 0x000000008ac00000, 0x000000008ac00000| Untracked 
| 173|0x000000008ad00000, 0x000000008ad00000, 0x000000008ae00000|  0%| F|  |TAMS 0x000000008ad00000, 0x000000008ad00000| Untracked 
| 174|0x000000008ae00000, 0x000000008ae00000, 0x000000008af00000|  0%| F|  |TAMS 0x000000008ae00000, 0x000000008ae00000| Untracked 
| 175|0x000000008af00000, 0x000000008af00000, 0x000000008b000000|  0%| F|  |TAMS 0x000000008af00000, 0x000000008af00000| Untracked 
| 176|0x000000008b000000, 0x000000008b0da770, 0x000000008b100000| 85%| E|  |TAMS 0x000000008b000000, 0x000000008b000000| Complete 
| 177|0x000000008b100000, 0x000000008b200000, 0x000000008b200000|100%| E|CS|TAMS 0x000000008b100000, 0x000000008b100000| Complete 
| 178|0x000000008b200000, 0x000000008b300000, 0x000000008b300000|100%| E|CS|TAMS 0x000000008b200000, 0x000000008b200000| Complete 
| 179|0x000000008b300000, 0x000000008b400000, 0x000000008b400000|100%| E|CS|TAMS 0x000000008b300000, 0x000000008b300000| Complete 
| 180|0x000000008b400000, 0x000000008b500000, 0x000000008b500000|100%| E|CS|TAMS 0x000000008b400000, 0x000000008b400000| Complete 
| 181|0x000000008b500000, 0x000000008b600000, 0x000000008b600000|100%| E|CS|TAMS 0x000000008b500000, 0x000000008b500000| Complete 
| 182|0x000000008b600000, 0x000000008b700000, 0x000000008b700000|100%| E|CS|TAMS 0x000000008b600000, 0x000000008b600000| Complete 
| 183|0x000000008b700000, 0x000000008b800000, 0x000000008b800000|100%| E|CS|TAMS 0x000000008b700000, 0x000000008b700000| Complete 
| 184|0x000000008b800000, 0x000000008b900000, 0x000000008b900000|100%| E|CS|TAMS 0x000000008b800000, 0x000000008b800000| Complete 
| 185|0x000000008b900000, 0x000000008ba00000, 0x000000008ba00000|100%| E|CS|TAMS 0x000000008b900000, 0x000000008b900000| Complete 
| 186|0x000000008ba00000, 0x000000008bb00000, 0x000000008bb00000|100%| E|CS|TAMS 0x000000008ba00000, 0x000000008ba00000| Complete 
| 187|0x000000008bb00000, 0x000000008bc00000, 0x000000008bc00000|100%| E|CS|TAMS 0x000000008bb00000, 0x000000008bb00000| Complete 
| 188|0x000000008bc00000, 0x000000008bd00000, 0x000000008bd00000|100%| E|CS|TAMS 0x000000008bc00000, 0x000000008bc00000| Complete 
| 189|0x000000008bd00000, 0x000000008be00000, 0x000000008be00000|100%| E|CS|TAMS 0x000000008bd00000, 0x000000008bd00000| Complete 
| 190|0x000000008be00000, 0x000000008bf00000, 0x000000008bf00000|100%| E|CS|TAMS 0x000000008be00000, 0x000000008be00000| Complete 
| 191|0x000000008bf00000, 0x000000008c000000, 0x000000008c000000|100%| E|CS|TAMS 0x000000008bf00000, 0x000000008bf00000| Complete 
| 192|0x000000008c000000, 0x000000008c100000, 0x000000008c100000|100%| E|CS|TAMS 0x000000008c000000, 0x000000008c000000| Complete 
| 193|0x000000008c100000, 0x000000008c200000, 0x000000008c200000|100%| E|CS|TAMS 0x000000008c100000, 0x000000008c100000| Complete 
| 194|0x000000008c200000, 0x000000008c300000, 0x000000008c300000|100%| E|CS|TAMS 0x000000008c200000, 0x000000008c200000| Complete 
| 195|0x000000008c300000, 0x000000008c400000, 0x000000008c400000|100%| E|CS|TAMS 0x000000008c300000, 0x000000008c300000| Complete 
| 196|0x000000008c400000, 0x000000008c500000, 0x000000008c500000|100%| E|CS|TAMS 0x000000008c400000, 0x000000008c400000| Complete 
| 197|0x000000008c500000, 0x000000008c600000, 0x000000008c600000|100%| E|CS|TAMS 0x000000008c500000, 0x000000008c500000| Complete 
| 198|0x000000008c600000, 0x000000008c700000, 0x000000008c700000|100%| E|CS|TAMS 0x000000008c600000, 0x000000008c600000| Complete 
| 199|0x000000008c700000, 0x000000008c800000, 0x000000008c800000|100%| E|CS|TAMS 0x000000008c700000, 0x000000008c700000| Complete 
| 200|0x000000008c800000, 0x000000008c900000, 0x000000008c900000|100%| E|CS|TAMS 0x000000008c800000, 0x000000008c800000| Complete 
| 201|0x000000008c900000, 0x000000008ca00000, 0x000000008ca00000|100%| E|CS|TAMS 0x000000008c900000, 0x000000008c900000| Complete 
| 202|0x000000008ca00000, 0x000000008cb00000, 0x000000008cb00000|100%| E|CS|TAMS 0x000000008ca00000, 0x000000008ca00000| Complete 
| 203|0x000000008cb00000, 0x000000008cc00000, 0x000000008cc00000|100%| E|CS|TAMS 0x000000008cb00000, 0x000000008cb00000| Complete 
| 204|0x000000008cc00000, 0x000000008cd00000, 0x000000008cd00000|100%| E|CS|TAMS 0x000000008cc00000, 0x000000008cc00000| Complete 
| 205|0x000000008cd00000, 0x000000008ce00000, 0x000000008ce00000|100%| E|CS|TAMS 0x000000008cd00000, 0x000000008cd00000| Complete 
| 206|0x000000008ce00000, 0x000000008cf00000, 0x000000008cf00000|100%| E|CS|TAMS 0x000000008ce00000, 0x000000008ce00000| Complete 
| 207|0x000000008cf00000, 0x000000008d000000, 0x000000008d000000|100%| E|CS|TAMS 0x000000008cf00000, 0x000000008cf00000| Complete 
| 208|0x000000008d000000, 0x000000008d100000, 0x000000008d100000|100%| E|CS|TAMS 0x000000008d000000, 0x000000008d000000| Complete 
| 209|0x000000008d100000, 0x000000008d200000, 0x000000008d200000|100%| E|CS|TAMS 0x000000008d100000, 0x000000008d100000| Complete 
| 210|0x000000008d200000, 0x000000008d300000, 0x000000008d300000|100%| E|CS|TAMS 0x000000008d200000, 0x000000008d200000| Complete 
| 211|0x000000008d300000, 0x000000008d400000, 0x000000008d400000|100%| E|CS|TAMS 0x000000008d300000, 0x000000008d300000| Complete 
| 212|0x000000008d400000, 0x000000008d500000, 0x000000008d500000|100%| E|CS|TAMS 0x000000008d400000, 0x000000008d400000| Complete 
| 213|0x000000008d500000, 0x000000008d600000, 0x000000008d600000|100%| E|CS|TAMS 0x000000008d500000, 0x000000008d500000| Complete 
| 214|0x000000008d600000, 0x000000008d700000, 0x000000008d700000|100%| E|CS|TAMS 0x000000008d600000, 0x000000008d600000| Complete 
| 215|0x000000008d700000, 0x000000008d800000, 0x000000008d800000|100%| E|CS|TAMS 0x000000008d700000, 0x000000008d700000| Complete 
| 216|0x000000008d800000, 0x000000008d900000, 0x000000008d900000|100%| E|CS|TAMS 0x000000008d800000, 0x000000008d800000| Complete 
| 217|0x000000008d900000, 0x000000008da00000, 0x000000008da00000|100%| E|CS|TAMS 0x000000008d900000, 0x000000008d900000| Complete 
| 218|0x000000008da00000, 0x000000008db00000, 0x000000008db00000|100%| E|CS|TAMS 0x000000008da00000, 0x000000008da00000| Complete 
| 219|0x000000008db00000, 0x000000008dc00000, 0x000000008dc00000|100%| E|CS|TAMS 0x000000008db00000, 0x000000008db00000| Complete 

Card table byte_map: [0x000001fcfddc0000,0x000001fcfe1c0000] _byte_map_base: 0x000001fcfd9c0000

Marking Bits (Prev, Next): (CMBitMap*) 0x000001fcf94ade20, (CMBitMap*) 0x000001fcf94adde8
 Prev Bits: [0x000001fc91000000, 0x000001fc93000000)
 Next Bits: [0x000001fc8f000000, 0x000001fc91000000)

Polling page: 0x000001fcf7b70000

Metaspace:

Usage:
  Non-class:    106.50 MB capacity,   104.54 MB ( 98%) used,     1.61 MB (  2%) free+waste,   359.75 KB ( <1%) overhead. 
      Class:     16.21 MB capacity,    15.10 MB ( 93%) used,   973.83 KB (  6%) free+waste,   160.19 KB ( <1%) overhead. 
       Both:    122.71 MB capacity,   119.63 MB ( 97%) used,     2.56 MB (  2%) free+waste,   519.94 KB ( <1%) overhead. 

Virtual space:
  Non-class space:      108.00 MB reserved,     106.58 MB ( 99%) committed 
      Class space:        1.00 GB reserved,      16.25 MB (  2%) committed 
             Both:        1.11 GB reserved,     122.83 MB ( 11%) committed 

Chunk freelists:
   Non-Class:  15.00 KB
       Class:  13.00 KB
        Both:  28.00 KB

MaxMetaspaceSize: 17179869184.00 GB
CompressedClassSpaceSize: 1.00 GB

CodeHeap 'non-profiled nmethods': size=120000Kb used=11125Kb max_used=11179Kb free=108875Kb
 bounds [0x000001fc87ad0000, 0x000001fc885c0000, 0x000001fc8f000000]
CodeHeap 'profiled nmethods': size=120000Kb used=39692Kb max_used=39692Kb free=80307Kb
 bounds [0x000001fc805a0000, 0x000001fc82c80000, 0x000001fc87ad0000]
CodeHeap 'non-nmethods': size=5760Kb used=2349Kb max_used=2399Kb free=3410Kb
 bounds [0x000001fc80000000, 0x000001fc80270000, 0x000001fc805a0000]
 total_blobs=18429 nmethods=17461 adapters=877
 compilation: enabled
              stopped_count=0, restarted_count=0
 full_count=0

Compilation events (20 events):
Event: 3263.802 Thread 0x000001fcff0cd000 nmethod 18597 0x000001fc82c2f690 code [0x000001fc82c2ff00, 0x000001fc82c359b8]
Event: 3263.803 Thread 0x000001fcff0cd000 18598       3       com.android.tools.r8.internal.Me::a (128 bytes)
Event: 3263.805 Thread 0x000001fcff0cd000 nmethod 18598 0x000001fc82c37a90 code [0x000001fc82c37d40, 0x000001fc82c38b58]
Event: 3263.805 Thread 0x000001fcff0cd000 18593       3       com.android.tools.r8.internal.Nv::b (62 bytes)
Event: 3263.809 Thread 0x000001fcff0cd000 nmethod 18593 0x000001fc82c39090 code [0x000001fc82c393e0, 0x000001fc82c3a578]
Event: 3263.809 Thread 0x000001fcff0cd000 18599       3       java.util.HashMap$Values::contains (9 bytes)
Event: 3263.810 Thread 0x000001fcff0cd000 nmethod 18599 0x000001fc82c3ab90 code [0x000001fc82c3ad40, 0x000001fc82c3af08]
Event: 3263.810 Thread 0x000001fcff0cd000 18601       3       com.android.tools.r8.graph.e0::size (6 bytes)
Event: 3263.810 Thread 0x000001fcff0cd000 nmethod 18601 0x000001fc82c3b010 code [0x000001fc82c3b1c0, 0x000001fc82c3b2d8]
Event: 3263.810 Thread 0x000001fcff0cd000 18602       3       com.android.tools.r8.internal.dG::v (37 bytes)
Event: 3263.811 Thread 0x000001fcff0cd000 nmethod 18602 0x000001fc82c3b390 code [0x000001fc82c3b560, 0x000001fc82c3bb18]
Event: 3263.811 Thread 0x000001fcff0cd000 18595       3       com.android.tools.r8.internal.Xi::<init> (7 bytes)
Event: 3263.811 Thread 0x000001fcff0cd000 nmethod 18595 0x000001fc82c3bc10 code [0x000001fc82c3bdc0, 0x000001fc82c3bee8]
Event: 3263.811 Thread 0x000001fcff0cd000 18596       1       com.android.tools.r8.internal.Me$d::c (5 bytes)
Event: 3263.812 Thread 0x000001fcff0cd000 nmethod 18596 0x000001fc87d67890 code [0x000001fc87d67a40, 0x000001fc87d67ad8]
Event: 3263.812 Thread 0x000001fcff0cd000 18603       3       com.android.tools.r8.internal.i2::M (8 bytes)
Event: 3263.812 Thread 0x000001fcff0cd000 nmethod 18603 0x000001fc82c3bf90 code [0x000001fc82c3c140, 0x000001fc82c3c398]
Event: 3263.817 Thread 0x000001fcff0cd000 18604       3       com.android.tools.r8.internal.ej::<init> (8 bytes)
Event: 3263.817 Thread 0x000001fcff0cd000 nmethod 18604 0x000001fc82c3c490 code [0x000001fc82c3c660, 0x000001fc82c3c8c8]
Event: 3263.820 Thread 0x000001fcff0cd000 18605       3       com.android.tools.r8.internal.i2::a (63 bytes)

GC Heap History (20 events):
Event: 3252.767 GC heap before
{Heap before GC invocations=51 (full 0):
 garbage-first heap   total 187392K, used 166847K [0x0000000080000000, 0x0000000100000000)
  region size 1024K, 35 young (35840K), 1 survivors (1024K)
 Metaspace       used 106366K, capacity 109117K, committed 110032K, reserved 1144832K
  class space    used 13429K, capacity 14408K, committed 14720K, reserved 1048576K
}
Event: 3252.780 GC heap after
{Heap after GC invocations=52 (full 0):
 garbage-first heap   total 187392K, used 121202K [0x0000000080000000, 0x0000000100000000)
  region size 1024K, 4 young (4096K), 4 survivors (4096K)
 Metaspace       used 106366K, capacity 109117K, committed 110032K, reserved 1144832K
  class space    used 13429K, capacity 14408K, committed 14720K, reserved 1048576K
}
Event: 3253.719 GC heap before
{Heap before GC invocations=53 (full 0):
 garbage-first heap   total 187392K, used 153970K [0x0000000080000000, 0x0000000100000000)
  region size 1024K, 37 young (37888K), 4 survivors (4096K)
 Metaspace       used 108188K, capacity 110974K, committed 111952K, reserved 1146880K
  class space    used 13564K, capacity 14536K, committed 14848K, reserved 1048576K
}
Event: 3253.735 GC heap after
{Heap after GC invocations=54 (full 0):
 garbage-first heap   total 187392K, used 122629K [0x0000000080000000, 0x0000000100000000)
  region size 1024K, 2 young (2048K), 2 survivors (2048K)
 Metaspace       used 108188K, capacity 110974K, committed 111952K, reserved 1146880K
  class space    used 13564K, capacity 14536K, committed 14848K, reserved 1048576K
}
Event: 3253.807 GC heap before
{Heap before GC invocations=54 (full 0):
 garbage-first heap   total 187392K, used 129797K [0x0000000080000000, 0x0000000100000000)
  region size 1024K, 9 young (9216K), 2 survivors (2048K)
 Metaspace       used 108209K, capacity 110974K, committed 111952K, reserved 1146880K
  class space    used 13564K, capacity 14536K, committed 14848K, reserved 1048576K
}
Event: 3253.832 GC heap after
{Heap after GC invocations=55 (full 0):
 garbage-first heap   total 187392K, used 111514K [0x0000000080000000, 0x0000000100000000)
  region size 1024K, 1 young (1024K), 1 survivors (1024K)
 Metaspace       used 108209K, capacity 110974K, committed 111952K, reserved 1146880K
  class space    used 13564K, capacity 14536K, committed 14848K, reserved 1048576K
}
Event: 3253.969 GC heap before
{Heap before GC invocations=55 (full 0):
 garbage-first heap   total 187392K, used 118682K [0x0000000080000000, 0x0000000100000000)
  region size 1024K, 9 young (9216K), 1 survivors (1024K)
 Metaspace       used 108315K, capacity 111102K, committed 111952K, reserved 1146880K
  class space    used 13571K, capacity 14536K, committed 14848K, reserved 1048576K
}
Event: 3253.986 GC heap after
{Heap after GC invocations=56 (full 0):
 garbage-first heap   total 187392K, used 112011K [0x0000000080000000, 0x0000000100000000)
  region size 1024K, 2 young (2048K), 2 survivors (2048K)
 Metaspace       used 108315K, capacity 111102K, committed 111952K, reserved 1146880K
  class space    used 13571K, capacity 14536K, committed 14848K, reserved 1048576K
}
Event: 3254.962 GC heap before
{Heap before GC invocations=56 (full 0):
 garbage-first heap   total 187392K, used 150923K [0x0000000080000000, 0x0000000100000000)
  region size 1024K, 40 young (40960K), 2 survivors (2048K)
 Metaspace       used 109642K, capacity 112416K, committed 113360K, reserved 1148928K
  class space    used 13699K, capacity 14674K, committed 14976K, reserved 1048576K
}
Event: 3254.974 GC heap after
{Heap after GC invocations=57 (full 0):
 garbage-first heap   total 187392K, used 113236K [0x0000000080000000, 0x0000000100000000)
  region size 1024K, 3 young (3072K), 3 survivors (3072K)
 Metaspace       used 109642K, capacity 112416K, committed 113360K, reserved 1148928K
  class space    used 13699K, capacity 14674K, committed 14976K, reserved 1048576K
}
Event: 3256.284 GC heap before
{Heap before GC invocations=57 (full 0):
 garbage-first heap   total 187392K, used 152148K [0x0000000080000000, 0x0000000100000000)
  region size 1024K, 41 young (41984K), 3 survivors (3072K)
 Metaspace       used 111686K, capacity 114454K, committed 115152K, reserved 1148928K
  class space    used 13965K, capacity 14967K, committed 15232K, reserved 1048576K
}
Event: 3256.293 GC heap after
{Heap after GC invocations=58 (full 0):
 garbage-first heap   total 187392K, used 113738K [0x0000000080000000, 0x0000000100000000)
  region size 1024K, 3 young (3072K), 3 survivors (3072K)
 Metaspace       used 111686K, capacity 114454K, committed 115152K, reserved 1148928K
  class space    used 13965K, capacity 14967K, committed 15232K, reserved 1048576K
}
Event: 3257.581 GC heap before
{Heap before GC invocations=58 (full 0):
 garbage-first heap   total 187392K, used 153674K [0x0000000080000000, 0x0000000100000000)
  region size 1024K, 43 young (44032K), 3 survivors (3072K)
 Metaspace       used 113372K, capacity 116162K, committed 116944K, reserved 1150976K
  class space    used 14156K, capacity 15145K, committed 15488K, reserved 1048576K
}
Event: 3257.597 GC heap after
{Heap after GC invocations=59 (full 0):
 garbage-first heap   total 187392K, used 116725K [0x0000000080000000, 0x0000000100000000)
  region size 1024K, 6 young (6144K), 6 survivors (6144K)
 Metaspace       used 113372K, capacity 116162K, committed 116944K, reserved 1150976K
  class space    used 14156K, capacity 15145K, committed 15488K, reserved 1048576K
}
Event: 3258.706 GC heap before
{Heap before GC invocations=59 (full 0):
 garbage-first heap   total 187392K, used 154613K [0x0000000080000000, 0x0000000100000000)
  region size 1024K, 44 young (45056K), 6 survivors (6144K)
 Metaspace       used 114366K, capacity 117140K, committed 117712K, reserved 1150976K
  class space    used 14273K, capacity 15270K, committed 15488K, reserved 1048576K
}
Event: 3258.738 GC heap after
{Heap after GC invocations=60 (full 0):
 garbage-first heap   total 225280K, used 119728K [0x0000000080000000, 0x0000000100000000)
  region size 1024K, 6 young (6144K), 6 survivors (6144K)
 Metaspace       used 114366K, capacity 117140K, committed 117712K, reserved 1150976K
  class space    used 14273K, capacity 15270K, committed 15488K, reserved 1048576K
}
Event: 3260.280 GC heap before
{Heap before GC invocations=60 (full 0):
 garbage-first heap   total 225280K, used 175024K [0x0000000080000000, 0x0000000100000000)
  region size 1024K, 59 young (60416K), 6 survivors (6144K)
 Metaspace       used 116505K, capacity 119442K, committed 119888K, reserved 1153024K
  class space    used 14574K, capacity 15647K, committed 15872K, reserved 1048576K
}
Event: 3260.301 GC heap after
{Heap after GC invocations=61 (full 0):
 garbage-first heap   total 225280K, used 122673K [0x0000000080000000, 0x0000000100000000)
  region size 1024K, 6 young (6144K), 6 survivors (6144K)
 Metaspace       used 116505K, capacity 119442K, committed 119888K, reserved 1153024K
  class space    used 14574K, capacity 15647K, committed 15872K, reserved 1048576K
}
Event: 3261.678 GC heap before
{Heap before GC invocations=61 (full 0):
 garbage-first heap   total 225280K, used 175921K [0x0000000080000000, 0x0000000100000000)
  region size 1024K, 59 young (60416K), 6 survivors (6144K)
 Metaspace       used 119386K, capacity 122419K, committed 122576K, reserved 1155072K
  class space    used 15047K, capacity 16152K, committed 16256K, reserved 1048576K
}
Event: 3261.715 GC heap after
{Heap after GC invocations=62 (full 0):
 garbage-first heap   total 225280K, used 129740K [0x0000000080000000, 0x0000000100000000)
  region size 1024K, 8 young (8192K), 8 survivors (8192K)
 Metaspace       used 119386K, capacity 122419K, committed 122576K, reserved 1155072K
  class space    used 15047K, capacity 16152K, committed 16256K, reserved 1048576K
}

Deoptimization events (20 events):
Event: 3263.262 Thread 0x000001fc966e9800 Uncommon trap: trap_request=0xffffffbe fr.pc=0x000001fc87ce98c4 relative=0x0000000000000ca4
Event: 3263.262 Thread 0x000001fc966e9800 Uncommon trap: reason=profile_predicate action=maybe_recompile pc=0x000001fc87ce98c4 method=com.android.tools.r8.internal.xj.b(Ljava/lang/Iterable;Lcom/android/tools/r8/internal/aw;)Z @ 22 c2
Event: 3263.262 Thread 0x000001fc966e9800 DEOPT PACKING pc=0x000001fc87ce98c4 sp=0x0000004ffaaf9b60
Event: 3263.262 Thread 0x000001fc966e9800 DEOPT UNPACKING pc=0x000001fc800278af sp=0x0000004ffaaf99c0 mode 2
Event: 3263.262 Thread 0x000001fc966e9800 Uncommon trap: trap_request=0xffffffbe fr.pc=0x000001fc87ce98b0 relative=0x0000000000000c90
Event: 3263.262 Thread 0x000001fc966e9800 Uncommon trap: reason=profile_predicate action=maybe_recompile pc=0x000001fc87ce98b0 method=com.android.tools.r8.internal.xj.b(Ljava/lang/Iterable;Lcom/android/tools/r8/internal/aw;)Z @ 22 c2
Event: 3263.262 Thread 0x000001fc966e9800 DEOPT PACKING pc=0x000001fc87ce98b0 sp=0x0000004ffaaf99e0
Event: 3263.262 Thread 0x000001fc966e9800 DEOPT UNPACKING pc=0x000001fc800278af sp=0x0000004ffaaf99e8 mode 2
Event: 3263.262 Thread 0x000001fc966e9800 Uncommon trap: trap_request=0xffffffbe fr.pc=0x000001fc87ce98b0 relative=0x0000000000000c90
Event: 3263.262 Thread 0x000001fc966e9800 Uncommon trap: reason=profile_predicate action=maybe_recompile pc=0x000001fc87ce98b0 method=com.android.tools.r8.internal.xj.b(Ljava/lang/Iterable;Lcom/android/tools/r8/internal/aw;)Z @ 22 c2
Event: 3263.262 Thread 0x000001fc966e9800 DEOPT PACKING pc=0x000001fc87ce98b0 sp=0x0000004ffaaf99e0
Event: 3263.262 Thread 0x000001fc966e9800 DEOPT UNPACKING pc=0x000001fc800278af sp=0x0000004ffaaf99e8 mode 2
Event: 3263.262 Thread 0x000001fc966e9800 Uncommon trap: trap_request=0xffffffbe fr.pc=0x000001fc87ce98b0 relative=0x0000000000000c90
Event: 3263.262 Thread 0x000001fc966e9800 Uncommon trap: reason=profile_predicate action=maybe_recompile pc=0x000001fc87ce98b0 method=com.android.tools.r8.internal.xj.b(Ljava/lang/Iterable;Lcom/android/tools/r8/internal/aw;)Z @ 22 c2
Event: 3263.262 Thread 0x000001fc966e9800 DEOPT PACKING pc=0x000001fc87ce98b0 sp=0x0000004ffaaf99e0
Event: 3263.262 Thread 0x000001fc966e9800 DEOPT UNPACKING pc=0x000001fc800278af sp=0x0000004ffaaf99e8 mode 2
Event: 3263.682 Thread 0x000001fc966e9800 Uncommon trap: trap_request=0xffffff4d fr.pc=0x000001fc87ce70c8 relative=0x0000000000000268
Event: 3263.682 Thread 0x000001fc966e9800 Uncommon trap: reason=unstable_if action=reinterpret pc=0x000001fc87ce70c8 method=com.android.tools.r8.ir.regalloc.b.compareTo(Ljava/lang/Object;)I @ 87 c2
Event: 3263.682 Thread 0x000001fc966e9800 DEOPT PACKING pc=0x000001fc87ce70c8 sp=0x0000004ffaaf9490
Event: 3263.682 Thread 0x000001fc966e9800 DEOPT UNPACKING pc=0x000001fc800278af sp=0x0000004ffaaf9428 mode 2

Classes redefined (0 events):
No events

Internal exceptions (20 events):
Event: 3254.517 Thread 0x000001fc9cb26800 Exception <a 'sun/nio/fs/WindowsException'{0x000000008a491ad0}> (0x000000008a491ad0) thrown at [./src/hotspot/share/prims/jni.cpp, line 615]
Event: 3254.518 Thread 0x000001fc9cb26800 Exception <a 'sun/nio/fs/WindowsException'{0x000000008a492960}> (0x000000008a492960) thrown at [./src/hotspot/share/prims/jni.cpp, line 615]
Event: 3257.487 Thread 0x000001fc9c8e9800 Exception <a 'java/lang/NoSuchMethodError'{0x00000000893eb310}: 'int java.lang.invoke.DirectMethodHandle$Holder.invokeSpecial(java.lang.Object, java.lang.Object, java.lang.Object, java.lang.Object, java.lang.Object)'> (0x00000000893eb310) thrown at [./src/hotspot/share/interpreter/linkResolver.cpp, line 773]
Event: 3257.509 Thread 0x000001fc9c8e9800 Exception <a 'sun/nio/fs/WindowsException'{0x0000000089293278}> (0x0000000089293278) thrown at [./src/hotspot/share/prims/jni.cpp, line 615]
Event: 3257.510 Thread 0x000001fc9c8e9800 Exception <a 'sun/nio/fs/WindowsException'{0x0000000089294900}> (0x0000000089294900) thrown at [./src/hotspot/share/prims/jni.cpp, line 615]
Event: 3257.521 Thread 0x000001fc9c8e9800 Implicit null exception at 0x000001fc87b19029 to 0x000001fc87b19110
Event: 3257.535 Thread 0x000001fc9cb2a000 Exception <a 'sun/nio/fs/WindowsException'{0x00000000891ccd30}> (0x00000000891ccd30) thrown at [./src/hotspot/share/prims/jni.cpp, line 615]
Event: 3257.537 Thread 0x000001fc9cb2a000 Exception <a 'sun/nio/fs/WindowsException'{0x00000000891cd040}> (0x00000000891cd040) thrown at [./src/hotspot/share/prims/jni.cpp, line 615]
Event: 3259.316 Thread 0x000001fc9cb2a000 Exception <a 'java/lang/NoSuchMethodError'{0x000000008c780840}: 'java.lang.Object java.lang.invoke.DirectMethodHandle$Holder.invokeVirtual(java.lang.Object, java.lang.Object, int)'> (0x000000008c780840) thrown at [./src/hotspot/share/interpreter/linkResolver.cpp, line 773]
Event: 3259.325 Thread 0x000001fc9cb2a000 Exception <a 'java/lang/NoSuchMethodError'{0x000000008c7f71f8}: 'void java.lang.invoke.DirectMethodHandle$Holder.invokeStatic(java.lang.Object, java.lang.Object, java.lang.Object, int)'> (0x000000008c7f71f8) thrown at [./src/hotspot/share/interpreter/linkResolver.cpp, line 773]
Event: 3259.431 Thread 0x000001fc966e9800 Exception <a 'sun/nio/fs/WindowsException'{0x000000008c462f30}> (0x000000008c462f30) thrown at [./src/hotspot/share/prims/jni.cpp, line 615]
Event: 3259.648 Thread 0x000001fc966e9800 Exception <a 'java/lang/IncompatibleClassChangeError'{0x000000008bd937e8}: Found class java.lang.Object, but interface was expected> (0x000000008bd937e8) thrown at [./src/hotspot/share/interpreter/linkResolver.cpp, line 839]
Event: 3259.827 Thread 0x000001fc966e9800 Exception <a 'java/lang/NoSuchMethodError'{0x000000008b3f8218}: 'java.lang.Object java.lang.invoke.DirectMethodHandle$Holder.invokeStatic(java.lang.Object, long)'> (0x000000008b3f8218) thrown at [./src/hotspot/share/interpreter/linkResolver.cpp, line 773]
Event: 3260.251 Thread 0x000001fc966e9800 Exception <a 'java/lang/IncompatibleClassChangeError'{0x000000008a785da8}: Found class java.lang.Object, but interface was expected> (0x000000008a785da8) thrown at [./src/hotspot/share/interpreter/linkResolver.cpp, line 839]
Event: 3261.533 Thread 0x000001fc966e9800 Exception <a 'java/lang/NoSuchMethodError'{0x000000008a9de208}: 'java.lang.Object java.lang.invoke.DirectMethodHandle$Holder.invokeVirtual(java.lang.Object, java.lang.Object, int, java.lang.Object)'> (0x000000008a9de208) thrown at [./src/hotspot/share/interpreter/linkResolver.cpp, line 773]
Event: 3261.542 Thread 0x000001fc966e9800 Exception <a 'java/lang/IncompatibleClassChangeError'{0x000000008a9fca50}: Found class java.lang.Object, but interface was expected> (0x000000008a9fca50) thrown at [./src/hotspot/share/interpreter/linkResolver.cpp, line 839]
Event: 3261.544 Thread 0x000001fc966e9800 Exception <a 'java/lang/IncompatibleClassChangeError'{0x000000008a8077b0}: Found class java.lang.Object, but interface was expected> (0x000000008a8077b0) thrown at [./src/hotspot/share/interpreter/linkResolver.cpp, line 839]
Event: 3261.766 Thread 0x000001fc966e9800 Exception <a 'java/lang/NoSuchMethodError'{0x000000008dbb2048}: 'void java.lang.invoke.DirectMethodHandle$Holder.invokeVirtual(java.lang.Object, java.lang.Object, int, java.lang.Object)'> (0x000000008dbb2048) thrown at [./src/hotspot/share/interpreter/linkResolver.cpp, line 773]
Event: 3261.880 Thread 0x000001fc966e9800 Exception <a 'java/lang/NoSuchMethodError'{0x000000008d93fbd8}: 'java.lang.Object java.lang.invoke.DirectMethodHandle$Holder.invokeInterface(java.lang.Object, java.lang.Object, int)'> (0x000000008d93fbd8) thrown at [./src/hotspot/share/interpreter/linkResolver.cpp, line 773]
Event: 3262.044 Thread 0x000001fc966e9800 Exception <a 'java/lang/NoSuchMethodError'{0x000000008d7b8c68}: 'java.lang.Object java.lang.invoke.DirectMethodHandle$Holder.newInvokeSpecial(java.lang.Object, int)'> (0x000000008d7b8c68) thrown at [./src/hotspot/share/interpreter/linkResolver.cpp, line 773]

Events (20 events):
Event: 3263.237 loading class com/android/tools/r8/code/c3
Event: 3263.237 loading class com/android/tools/r8/code/c3 done
Event: 3263.239 loading class com/android/tools/r8/code/Z2
Event: 3263.239 loading class com/android/tools/r8/code/Z2 done
Event: 3263.239 loading class com/android/tools/r8/code/X2
Event: 3263.239 loading class com/android/tools/r8/code/X2 done
Event: 3263.240 loading class com/android/tools/r8/code/U2
Event: 3263.240 loading class com/android/tools/r8/code/U2 done
Event: 3263.241 loading class com/android/tools/r8/code/b3
Event: 3263.241 loading class com/android/tools/r8/code/b3 done
Event: 3263.241 loading class com/android/tools/r8/code/a3
Event: 3263.241 loading class com/android/tools/r8/code/a3 done
Event: 3263.265 Executing VM operation: ICBufferFull
Event: 3263.265 Executing VM operation: ICBufferFull done
Event: 3263.509 loading class com/android/tools/r8/internal/j2
Event: 3263.509 loading class com/android/tools/r8/internal/j2 done
Event: 3263.510 loading class com/android/tools/r8/internal/aw
Event: 3263.510 loading class com/android/tools/r8/internal/aw done
Event: 3263.588 Executing VM operation: ICBufferFull
Event: 3263.589 Executing VM operation: ICBufferFull done


Dynamic libraries:
0x00007ff691e90000 - 0x00007ff691e9a000 	C:\Program Files\Android\Android Studio\jre\bin\java.exe
0x00007ff971490000 - 0x00007ff971685000 	C:\WINDOWS\SYSTEM32\ntdll.dll
0x00007ff9708d0000 - 0x00007ff97098e000 	C:\WINDOWS\System32\KERNEL32.DLL
0x00007ff96f000000 - 0x00007ff96f2c9000 	C:\WINDOWS\System32\KERNELBASE.dll
0x00007ff96f3e0000 - 0x00007ff96f4e0000 	C:\WINDOWS\System32\ucrtbase.dll
0x00007ff965c00000 - 0x00007ff965c19000 	C:\Program Files\Android\Android Studio\jre\bin\jli.dll
0x00007ff963320000 - 0x00007ff963337000 	C:\Program Files\Android\Android Studio\jre\bin\VCRUNTIME140.dll
0x00007ff970180000 - 0x00007ff970321000 	C:\WINDOWS\System32\USER32.dll
0x00007ff96ebb0000 - 0x00007ff96ebd2000 	C:\WINDOWS\System32\win32u.dll
0x00007ff9544c0000 - 0x00007ff95475a000 	C:\WINDOWS\WinSxS\amd64_microsoft.windows.common-controls_6595b64144ccf1df_6.0.19041.1110_none_60b5254171f9507e\COMCTL32.dll
0x00007ff9713c0000 - 0x00007ff9713eb000 	C:\WINDOWS\System32\GDI32.dll
0x00007ff96fc50000 - 0x00007ff96fcee000 	C:\WINDOWS\System32\msvcrt.dll
0x00007ff96f2d0000 - 0x00007ff96f3db000 	C:\WINDOWS\System32\gdi32full.dll
0x00007ff96ef60000 - 0x00007ff96effd000 	C:\WINDOWS\System32\msvcp_win.dll
0x00007ff970b00000 - 0x00007ff970b30000 	C:\WINDOWS\System32\IMM32.DLL
0x00007ff963280000 - 0x00007ff96331d000 	C:\Program Files\Android\Android Studio\jre\bin\msvcp140.dll
0x00007ff90e350000 - 0x00007ff90ee1f000 	C:\Program Files\Android\Android Studio\jre\bin\server\jvm.dll
0x00007ff970330000 - 0x00007ff9703dc000 	C:\WINDOWS\System32\ADVAPI32.dll
0x00007ff96fbb0000 - 0x00007ff96fc4b000 	C:\WINDOWS\System32\sechost.dll
0x00007ff96f4e0000 - 0x00007ff96f60a000 	C:\WINDOWS\System32\RPCRT4.dll
0x00007ff970170000 - 0x00007ff970178000 	C:\WINDOWS\System32\PSAPI.DLL
0x00007ff94a2b0000 - 0x00007ff94a2b9000 	C:\WINDOWS\SYSTEM32\WSOCK32.dll
0x00007ff94cf50000 - 0x00007ff94cf77000 	C:\WINDOWS\SYSTEM32\WINMM.dll
0x00007ff9703e0000 - 0x00007ff97044b000 	C:\WINDOWS\System32\WS2_32.dll
0x00007ff963010000 - 0x00007ff96301a000 	C:\WINDOWS\SYSTEM32\VERSION.dll
0x00007ff96d460000 - 0x00007ff96d472000 	C:\WINDOWS\SYSTEM32\kernel.appcore.dll
0x00007ff9411d0000 - 0x00007ff9411e1000 	C:\Program Files\Android\Android Studio\jre\bin\verify.dll
0x00007ff969960000 - 0x00007ff969b44000 	C:\WINDOWS\SYSTEM32\DBGHELP.DLL
0x00007ff94d770000 - 0x00007ff94d79c000 	C:\WINDOWS\SYSTEM32\dbgcore.DLL
0x00007ff96ec70000 - 0x00007ff96ecf3000 	C:\WINDOWS\System32\bcryptPrimitives.dll
0x00007ff93bd40000 - 0x00007ff93bd69000 	C:\Program Files\Android\Android Studio\jre\bin\java.dll
0x00007ff94a370000 - 0x00007ff94a37b000 	C:\Program Files\Android\Android Studio\jre\bin\jimage.dll
0x00007ff93bc90000 - 0x00007ff93bca8000 	C:\Program Files\Android\Android Studio\jre\bin\zip.dll
0x00007ff970c80000 - 0x00007ff9713bf000 	C:\WINDOWS\System32\SHELL32.dll
0x00007ff969c30000 - 0x00007ff96a3c0000 	C:\WINDOWS\SYSTEM32\windows.storage.dll
0x00007ff96f670000 - 0x00007ff96f9c5000 	C:\WINDOWS\System32\combase.dll
0x00007ff96e530000 - 0x00007ff96e55c000 	C:\WINDOWS\SYSTEM32\Wldp.dll
0x00007ff96f9d0000 - 0x00007ff96fa7d000 	C:\WINDOWS\System32\SHCORE.dll
0x00007ff9713f0000 - 0x00007ff971445000 	C:\WINDOWS\System32\shlwapi.dll
0x00007ff96eaf0000 - 0x00007ff96eb0f000 	C:\WINDOWS\SYSTEM32\profapi.dll
0x00007ff93baa0000 - 0x00007ff93baba000 	C:\Program Files\Android\Android Studio\jre\bin\net.dll
0x00007ff966ae0000 - 0x00007ff966be8000 	C:\WINDOWS\SYSTEM32\WINHTTP.dll
0x00007ff96e290000 - 0x00007ff96e2fa000 	C:\WINDOWS\system32\mswsock.dll
0x00007ff93ba80000 - 0x00007ff93ba94000 	C:\Program Files\Android\Android Studio\jre\bin\nio.dll
0x00007ff966870000 - 0x00007ff966897000 	C:\Users\Admin\.gradle\native\8bec1ad78214c89d9ad589b4d07fe93259594b29d510b10fafb7a158f7737e5d\windows-amd64\native-platform.dll
0x00007ff963340000 - 0x00007ff96347d000 	C:\Users\Admin\.gradle\native\53dbd7edfb1c66fb8903c78663c9afc45aea4f116125fa6feffd364cf09443e8\windows-amd64\native-platform-file-events.dll
0x00007ff93bdd0000 - 0x00007ff93bdda000 	C:\Program Files\Android\Android Studio\jre\bin\management.dll
0x00007ff93bcd0000 - 0x00007ff93bcdc000 	C:\Program Files\Android\Android Studio\jre\bin\management_ext.dll
0x00007ff96e480000 - 0x00007ff96e498000 	C:\WINDOWS\SYSTEM32\CRYPTSP.dll
0x00007ff96dc10000 - 0x00007ff96dc44000 	C:\WINDOWS\system32\rsaenh.dll
0x00007ff96ebe0000 - 0x00007ff96ec07000 	C:\WINDOWS\System32\bcrypt.dll
0x00007ff96eab0000 - 0x00007ff96eade000 	C:\WINDOWS\SYSTEM32\USERENV.dll
0x00007ff96e4a0000 - 0x00007ff96e4ac000 	C:\WINDOWS\SYSTEM32\CRYPTBASE.dll
0x00007ff96df80000 - 0x00007ff96dfbb000 	C:\WINDOWS\SYSTEM32\IPHLPAPI.DLL
0x00007ff970c70000 - 0x00007ff970c78000 	C:\WINDOWS\System32\NSI.dll
0x00007ff968f70000 - 0x00007ff968f87000 	C:\WINDOWS\SYSTEM32\dhcpcsvc6.DLL
0x00007ff968f50000 - 0x00007ff968f6d000 	C:\WINDOWS\SYSTEM32\dhcpcsvc.DLL
0x00007ff96dfc0000 - 0x00007ff96e08c000 	C:\WINDOWS\SYSTEM32\DNSAPI.dll

dbghelp: loaded successfully - version: 4.0.5 - missing functions: none
symbol engine: initialized successfully - sym options: 0x614 - pdb path: .;C:\Program Files\Android\Android Studio\jre\bin;C:\WINDOWS\SYSTEM32;C:\WINDOWS\WinSxS\amd64_microsoft.windows.common-controls_6595b64144ccf1df_6.0.19041.1110_none_60b5254171f9507e;C:\Program Files\Android\Android Studio\jre\bin\server;C:\Users\Admin\.gradle\native\8bec1ad78214c89d9ad589b4d07fe93259594b29d510b10fafb7a158f7737e5d\windows-amd64;C:\Users\Admin\.gradle\native\53dbd7edfb1c66fb8903c78663c9afc45aea4f116125fa6feffd364cf09443e8\windows-amd64

VM Arguments:
jvm_args: --add-opens=java.base/java.util=ALL-UNNAMED --add-opens=java.base/java.lang=ALL-UNNAMED --add-opens=java.base/java.lang.invoke=ALL-UNNAMED --add-opens=java.base/java.util=ALL-UNNAMED --add-opens=java.prefs/java.util.prefs=ALL-UNNAMED --add-opens=java.prefs/java.util.prefs=ALL-UNNAMED --add-opens=java.base/java.nio.charset=ALL-UNNAMED --add-opens=java.base/java.net=ALL-UNNAMED --add-opens=java.base/java.util.concurrent.atomic=ALL-UNNAMED -Xmx2048m -Dfile.encoding=UTF-8 -Duser.country=US -Duser.language=en -Duser.variant 
java_command: org.gradle.launcher.daemon.bootstrap.GradleDaemon 7.0.2
java_class_path (initial): C:\Users\Admin\.gradle\wrapper\dists\gradle-7.0.2-bin\857tjihv64xamwrf0h14cai3r\gradle-7.0.2\lib\gradle-launcher-7.0.2.jar
Launcher Type: SUN_STANDARD

[Global flags]
     intx CICompilerCount                          = 4                                         {product} {ergonomic}
     uint ConcGCThreads                            = 2                                         {product} {ergonomic}
     uint G1ConcRefinementThreads                  = 8                                         {product} {ergonomic}
   size_t G1HeapRegionSize                         = 1048576                                   {product} {ergonomic}
    uintx GCDrainStackTargetSize                   = 64                                        {product} {ergonomic}
   size_t InitialHeapSize                          = 132120576                                 {product} {ergonomic}
   size_t MarkStackSize                            = 4194304                                   {product} {ergonomic}
   size_t MaxHeapSize                              = 2147483648                                {product} {command line}
   size_t MaxNewSize                               = 1287651328                                {product} {ergonomic}
   size_t MinHeapDeltaBytes                        = 1048576                                   {product} {ergonomic}
    uintx NonNMethodCodeHeapSize                   = 5836300                                {pd product} {ergonomic}
    uintx NonProfiledCodeHeapSize                  = 122910970                              {pd product} {ergonomic}
    uintx ProfiledCodeHeapSize                     = 122910970                              {pd product} {ergonomic}
    uintx ReservedCodeCacheSize                    = 251658240                              {pd product} {ergonomic}
     bool SegmentedCodeCache                       = true                                      {product} {ergonomic}
     bool UseCompressedClassPointers               = true                                 {lp64_product} {ergonomic}
     bool UseCompressedOops                        = true                                 {lp64_product} {ergonomic}
     bool UseG1GC                                  = true                                      {product} {ergonomic}
     bool UseLargePagesIndividualAllocation        = false                                  {pd product} {ergonomic}

Logging:
Log output configuration:
 #0: stdout all=warning uptime,level,tags
 #1: stderr all=off uptime,level,tags

Environment Variables:
PATH=C:\Program Files (x86)\Common Files\Oracle\Java\javapath;C:\Program Files\Common Files\Oracle\Java\javapath;C:\ProgramData\Oracle\Java\javapath;C:\WINDOWS\system32;C:\WINDOWS;C:\WINDOWS\System32\Wbem;C:\WINDOWS\System32\WindowsPowerShell\v1.0\;C:\WINDOWS\System32\OpenSSH\;C:\Program Files\Java\jdk-14\bin;C:\Program Files\Git\cmd;C:\Program Files\nodejs\;C:\Users\Admin\AppData\Local\Microsoft\WindowsApps;C:\Users\Admin\AppData\Roaming\npm;
USERNAME=Admin
OS=Windows_NT
PROCESSOR_IDENTIFIER=Intel64 Family 6 Model 142 Stepping 10, GenuineIntel



---------------  S Y S T E M  ---------------

OS: Windows 10 , 64 bit Build 19041 (10.0.19041.1202)
OS uptime: 0 days 1:38 hours

CPU:total 8 (initial active 8) (4 cores per cpu, 2 threads per core) family 6 model 142 stepping 10 microcode 0xb4, cmov, cx8, fxsr, mmx, sse, sse2, sse3, ssse3, sse4.1, sse4.2, popcnt, avx, avx2, aes, clmul, erms, 3dnowpref, lzcnt, ht, tsc, tscinvbit, bmi1, bmi2, adx, fma

Memory: 4k page, system-wide physical 8026M (1326M free)
TotalPageFile size 9050M (AvailPageFile size 1M)
current process WorkingSet (physical memory assigned to process): 512M, peak: 512M
current process commit charge ("private bytes"): 602M, peak: 603M

vm_info: OpenJDK 64-Bit Server VM (11.0.10+0-b96-7249189) for windows-amd64 JRE (11.0.10+0-b96-7249189), built on Mar 31 2021 21:44:00 by "builder" with MS VC++ 14.0 (VS2015)

END.
