#
# There is insufficient memory for the Java Runtime Environment to continue.
# Native memory allocation (malloc) failed to allocate 1024496 bytes for Chunk::new
# Possible reasons:
#   The system is out of physical RAM or swap space
#   The process is running with CompressedOops enabled, and the Java Heap may be blocking the growth of the native heap
# Possible solutions:
#   Reduce memory load on the system
#   Increase physical memory or swap space
#   Check if swap backing store is full
#   Decrease Java heap size (-Xmx/-Xms)
#   Decrease number of Java threads
#   Decrease Java thread stack sizes (-Xss)
#   Set larger code cache with -XX:ReservedCodeCacheSize=
#   JVM is running with Unscaled Compressed Oops mode in which the Java heap is
#     placed in the first 4GB address space. The Java Heap base address is the
#     maximum limit for the native heap growth. Please use -XX:HeapBaseMinAddress
#     to set the Java Heap base and to place the Java Heap above 4GB virtual address.
# This output file may be truncated or incomplete.
#
#  Out of Memory Error (./src/hotspot/share/memory/arena.cpp:197), pid=6368, tid=8272
#
# JRE version: OpenJDK Runtime Environment (11.0.10) (build 11.0.10+0-b96-7249189)
# Java VM: OpenJDK 64-Bit Server VM (11.0.10+0-b96-7249189, mixed mode, tiered, compressed oops, g1 gc, windows-amd64)
# No core dump will be written. Minidumps are not enabled by default on client versions of Windows
#

---------------  S U M M A R Y ------------

Command Line: --add-opens=java.base/java.util=ALL-UNNAMED --add-opens=java.base/java.lang=ALL-UNNAMED --add-opens=java.base/java.lang.invoke=ALL-UNNAMED --add-opens=java.base/java.util=ALL-UNNAMED --add-opens=java.prefs/java.util.prefs=ALL-UNNAMED --add-opens=java.prefs/java.util.prefs=ALL-UNNAMED --add-opens=java.base/java.nio.charset=ALL-UNNAMED --add-opens=java.base/java.net=ALL-UNNAMED --add-opens=java.base/java.util.concurrent.atomic=ALL-UNNAMED -Xmx2048m -Dfile.encoding=UTF-8 -Duser.country=US -Duser.language=en -Duser.variant org.gradle.launcher.daemon.bootstrap.GradleDaemon 7.0.2

Host: Intel(R) Core(TM) i7-8550U CPU @ 1.80GHz, 8 cores, 7G,  Windows 10 , 64 bit Build 19041 (10.0.19041.1202)
Time: Mon Oct 25 18:02:57 2021 Arab Standard Time elapsed time: 22.060653 seconds (0d 0h 0m 22s)

---------------  T H R E A D  ---------------

Current thread (0x000002a279659800):  JavaThread "C2 CompilerThread0" daemon [_thread_in_native, id=8272, stack(0x000000ab4e000000,0x000000ab4e100000)]


Current CompileTask:
C2:  22060 5406       4       org.objectweb.asm.Frame::execute (2318 bytes)

Stack: [0x000000ab4e000000,0x000000ab4e100000]
Native frames: (J=compiled Java code, j=interpreted, Vv=VM code, C=native code)
V  [jvm.dll+0x5ecfaa]
V  [jvm.dll+0x722bd5]
V  [jvm.dll+0x72412d]
V  [jvm.dll+0x7247e3]
V  [jvm.dll+0x242928]
V  [jvm.dll+0xbc4fc]
V  [jvm.dll+0xbca0c]
V  [jvm.dll+0x352d7d]
V  [jvm.dll+0x19800c]
V  [jvm.dll+0x1fb70e]
V  [jvm.dll+0x1fa7f4]
V  [jvm.dll+0x18354c]
V  [jvm.dll+0x208ee7]
V  [jvm.dll+0x207731]
V  [jvm.dll+0x6eb1cf]
V  [jvm.dll+0x6e3d45]
V  [jvm.dll+0x5ebe96]
C  [ucrtbase.dll+0x21bb2]
C  [KERNEL32.DLL+0x17034]
C  [ntdll.dll+0x52651]


---------------  P R O C E S S  ---------------

Threads class SMR info:
_java_thread_list=0x000002a20fe719d0, length=51, elements={
0x000002a26d9ec000, 0x000002a279632800, 0x000002a27963b800, 0x000002a279fc2800,
0x000002a27964d000, 0x000002a279655000, 0x000002a279659800, 0x000002a27965e000,
0x000002a279651000, 0x000002a279653000, 0x000002a279651800, 0x000002a27964f000,
0x000002a279650000, 0x000002a279652800, 0x000002a279654000, 0x000002a279655800,
0x000002a27b279000, 0x000002a27b274000, 0x000002a27b27a000, 0x000002a27b27a800,
0x000002a27b276800, 0x000002a27b277800, 0x000002a27b275000, 0x000002a27c148000,
0x000002a27b276000, 0x000002a27b278000, 0x000002a27c8b1000, 0x000002a27c8b1800,
0x000002a27c8b4000, 0x000002a27c8b3800, 0x000002a27c8b2800, 0x000002a210257000,
0x000002a27c8ae800, 0x000002a27c8b5000, 0x000002a27c8af000, 0x000002a27c8ba800,
0x000002a27c8b8000, 0x000002a27c8bc000, 0x000002a27c8b6800, 0x000002a27c8bd000,
0x000002a27c8b9000, 0x000002a27c8ba000, 0x000002a210af1800, 0x000002a210af4800,
0x000002a210af8000, 0x000002a210af3000, 0x000002a210af4000, 0x000002a210af5800,
0x000002a210af7000, 0x000002a210af6000, 0x000002a210af2000
}

Java Threads: ( => current thread )
  0x000002a26d9ec000 JavaThread "main" [_thread_blocked, id=12532, stack(0x000000ab4d400000,0x000000ab4d500000)]
  0x000002a279632800 JavaThread "Reference Handler" daemon [_thread_blocked, id=288, stack(0x000000ab4db00000,0x000000ab4dc00000)]
  0x000002a27963b800 JavaThread "Finalizer" daemon [_thread_blocked, id=12900, stack(0x000000ab4dc00000,0x000000ab4dd00000)]
  0x000002a279fc2800 JavaThread "Signal Dispatcher" daemon [_thread_blocked, id=2704, stack(0x000000ab4dd00000,0x000000ab4de00000)]
  0x000002a27964d000 JavaThread "Attach Listener" daemon [_thread_blocked, id=11772, stack(0x000000ab4de00000,0x000000ab4df00000)]
  0x000002a279655000 JavaThread "Service Thread" daemon [_thread_blocked, id=8396, stack(0x000000ab4df00000,0x000000ab4e000000)]
=>0x000002a279659800 JavaThread "C2 CompilerThread0" daemon [_thread_in_native, id=8272, stack(0x000000ab4e000000,0x000000ab4e100000)]
  0x000002a27965e000 JavaThread "C1 CompilerThread0" daemon [_thread_in_native, id=8964, stack(0x000000ab4e100000,0x000000ab4e200000)]
  0x000002a279651000 JavaThread "Sweeper thread" daemon [_thread_blocked, id=12804, stack(0x000000ab4e200000,0x000000ab4e300000)]
  0x000002a279653000 JavaThread "Common-Cleaner" daemon [_thread_blocked, id=1596, stack(0x000000ab4e300000,0x000000ab4e400000)]
  0x000002a279651800 JavaThread "Daemon health stats" [_thread_blocked, id=11992, stack(0x000000ab4e900000,0x000000ab4ea00000)]
  0x000002a27964f000 JavaThread "Incoming local TCP Connector on port 53150" [_thread_in_native, id=7480, stack(0x000000ab4e500000,0x000000ab4e600000)]
  0x000002a279650000 JavaThread "Daemon periodic checks" [_thread_blocked, id=11948, stack(0x000000ab4e800000,0x000000ab4e900000)]
  0x000002a279652800 JavaThread "Daemon" [_thread_blocked, id=9088, stack(0x000000ab4ea00000,0x000000ab4eb00000)]
  0x000002a279654000 JavaThread "Handler for socket connection from /127.0.0.1:53150 to /127.0.0.1:53151" [_thread_in_native, id=6040, stack(0x000000ab4eb00000,0x000000ab4ec00000)]
  0x000002a279655800 JavaThread "Cancel handler" [_thread_blocked, id=1836, stack(0x000000ab4ec00000,0x000000ab4ed00000)]
  0x000002a27b279000 JavaThread "Daemon worker" [_thread_in_Java, id=10932, stack(0x000000ab4ed00000,0x000000ab4ee00000)]
  0x000002a27b274000 JavaThread "Asynchronous log dispatcher for DefaultDaemonConnection: socket connection from /127.0.0.1:53150 to /127.0.0.1:53151" [_thread_blocked, id=10844, stack(0x000000ab4ee00000,0x000000ab4ef00000)]
  0x000002a27b27a000 JavaThread "Stdin handler" [_thread_blocked, id=13008, stack(0x000000ab4ef00000,0x000000ab4f000000)]
  0x000002a27b27a800 JavaThread "Daemon client event forwarder" [_thread_blocked, id=10956, stack(0x000000ab4f000000,0x000000ab4f100000)]
  0x000002a27b276800 JavaThread "Cache worker for file hash cache (C:\Users\Admin\.gradle\caches\7.0.2\fileHashes)" [_thread_blocked, id=8020, stack(0x000000ab4f600000,0x000000ab4f700000)]
  0x000002a27b277800 JavaThread "File lock request listener" [_thread_in_native, id=11640, stack(0x000000ab4f700000,0x000000ab4f800000)]
  0x000002a27b275000 JavaThread "Cache worker for journal cache (C:\Users\Admin\.gradle\caches\journal-1)" [_thread_blocked, id=7452, stack(0x000000ab4f900000,0x000000ab4fa00000)]
  0x000002a27c148000 JavaThread "C2 CompilerThread1" daemon [_thread_in_native, id=11292, stack(0x000000ab4fa00000,0x000000ab4fb00000)]
  0x000002a27b276000 JavaThread "Cache worker for file hash cache (C:\Users\Admin\AndroidStudioProjects\updateProfile2\.gradle\7.0.2\fileHashes)" [_thread_blocked, id=5476, stack(0x000000ab4fb00000,0x000000ab4fc00000)]
  0x000002a27b278000 JavaThread "File watcher server" daemon [_thread_in_native, id=5316, stack(0x000000ab4fc00000,0x000000ab4fd00000)]
  0x000002a27c8b1000 JavaThread "File watcher consumer" daemon [_thread_blocked, id=7900, stack(0x000000ab4fd00000,0x000000ab4fe00000)]
  0x000002a27c8b1800 JavaThread "Cache worker for checksums cache (C:\Users\Admin\AndroidStudioProjects\updateProfile2\.gradle\checksums)" [_thread_blocked, id=11096, stack(0x000000ab4fe00000,0x000000ab4ff00000)]
  0x000002a27c8b4000 JavaThread "Cache worker for cache directory md-supplier (C:\Users\Admin\.gradle\caches\7.0.2\md-supplier)" [_thread_blocked, id=9988, stack(0x000000ab4ff00000,0x000000ab50000000)]
  0x000002a27c8b3800 JavaThread "Cache worker for cache directory md-rule (C:\Users\Admin\.gradle\caches\7.0.2\md-rule)" [_thread_blocked, id=1168, stack(0x000000ab50100000,0x000000ab50200000)]
  0x000002a27c8b2800 JavaThread "Cache worker for execution history cache (C:\Users\Admin\.gradle\caches\7.0.2\executionHistory)" [_thread_blocked, id=7136, stack(0x000000ab50200000,0x000000ab50300000)]
  0x000002a210257000 JavaThread "C2 CompilerThread2" daemon [_thread_in_native, id=9452, stack(0x000000ab50000000,0x000000ab50100000)]
  0x000002a27c8ae800 JavaThread "jar transforms" [_thread_blocked, id=1676, stack(0x000000ab50300000,0x000000ab50400000)]
  0x000002a27c8b5000 JavaThread "jar transforms Thread 2" [_thread_blocked, id=6880, stack(0x000000ab50400000,0x000000ab50500000)]
  0x000002a27c8af000 JavaThread "Cache worker for file content cache (C:\Users\Admin\.gradle\caches\7.0.2\fileContent)" [_thread_blocked, id=3020, stack(0x000000ab50500000,0x000000ab50600000)]
  0x000002a27c8ba800 JavaThread "Cache worker for dependencies-accessors (C:\Users\Admin\AndroidStudioProjects\updateProfile2\.gradle\7.0.2\dependencies-accessors)" [_thread_blocked, id=12408, stack(0x000000ab50600000,0x000000ab50700000)]
  0x000002a27c8b8000 JavaThread "jar transforms Thread 3" [_thread_blocked, id=856, stack(0x000000ab50700000,0x000000ab50800000)]
  0x000002a27c8bc000 JavaThread "Cache worker for Build Output Cleanup Cache (C:\Users\Admin\AndroidStudioProjects\updateProfile2\.gradle\buildOutputCleanup)" [_thread_blocked, id=11788, stack(0x000000ab50800000,0x000000ab50900000)]
  0x000002a27c8b6800 JavaThread "Build operations" [_thread_blocked, id=12868, stack(0x000000ab50900000,0x000000ab50a00000)]
  0x000002a27c8bd000 JavaThread "Build operations Thread 2" [_thread_blocked, id=7532, stack(0x000000ab50a00000,0x000000ab50b00000)]
  0x000002a27c8b9000 JavaThread "Build operations Thread 3" [_thread_blocked, id=8260, stack(0x000000ab50b00000,0x000000ab50c00000)]
  0x000002a27c8ba000 JavaThread "Build operations Thread 4" [_thread_blocked, id=4376, stack(0x000000ab50c00000,0x000000ab50d00000)]
  0x000002a210af1800 JavaThread "Build operations Thread 5" [_thread_blocked, id=3408, stack(0x000000ab50d00000,0x000000ab50e00000)]
  0x000002a210af4800 JavaThread "Build operations Thread 6" [_thread_blocked, id=12284, stack(0x000000ab50e00000,0x000000ab50f00000)]
  0x000002a210af8000 JavaThread "Build operations Thread 7" [_thread_blocked, id=6272, stack(0x000000ab50f00000,0x000000ab51000000)]
  0x000002a210af3000 JavaThread "Build operations Thread 8" [_thread_blocked, id=7196, stack(0x000000ab51000000,0x000000ab51100000)]
  0x000002a210af4000 JavaThread "jar transforms Thread 4" [_thread_blocked, id=272, stack(0x000000ab51100000,0x000000ab51200000)]
  0x000002a210af5800 JavaThread "jar transforms Thread 5" [_thread_blocked, id=736, stack(0x000000ab51200000,0x000000ab51300000)]
  0x000002a210af7000 JavaThread "jar transforms Thread 6" [_thread_blocked, id=11812, stack(0x000000ab51300000,0x000000ab51400000)]
  0x000002a210af6000 JavaThread "jar transforms Thread 7" [_thread_blocked, id=12800, stack(0x000000ab51400000,0x000000ab51500000)]
  0x000002a210af2000 JavaThread "jar transforms Thread 8" [_thread_blocked, id=8412, stack(0x000000ab51500000,0x000000ab51600000)]

Other Threads:
  0x000002a27962e800 VMThread "VM Thread" [stack: 0x000000ab4da00000,0x000000ab4db00000] [id=5776]
  0x000002a27a14e000 WatcherThread [stack: 0x000000ab4e400000,0x000000ab4e500000] [id=9828]
  0x000002a26da05800 GCTaskThread "GC Thread#0" [stack: 0x000000ab4d500000,0x000000ab4d600000] [id=12536]
  0x000002a27ae24000 GCTaskThread "GC Thread#1" [stack: 0x000000ab4e600000,0x000000ab4e700000] [id=3852]
  0x000002a27af11800 GCTaskThread "GC Thread#2" [stack: 0x000000ab4e700000,0x000000ab4e800000] [id=10284]
  0x000002a27ba3a800 GCTaskThread "GC Thread#3" [stack: 0x000000ab4f100000,0x000000ab4f200000] [id=4248]
  0x000002a27c03f000 GCTaskThread "GC Thread#4" [stack: 0x000000ab4f200000,0x000000ab4f300000] [id=4092]
  0x000002a27c03f800 GCTaskThread "GC Thread#5" [stack: 0x000000ab4f300000,0x000000ab4f400000] [id=12420]
  0x000002a27aa9f800 GCTaskThread "GC Thread#6" [stack: 0x000000ab4f400000,0x000000ab4f500000] [id=8388]
  0x000002a27aaa0800 GCTaskThread "GC Thread#7" [stack: 0x000000ab4f500000,0x000000ab4f600000] [id=2132]
  0x000002a26da37800 ConcurrentGCThread "G1 Main Marker" [stack: 0x000000ab4d600000,0x000000ab4d700000] [id=10400]
  0x000002a26da39800 ConcurrentGCThread "G1 Conc#0" [stack: 0x000000ab4d700000,0x000000ab4d800000] [id=10952]
  0x000002a27b65e000 ConcurrentGCThread "G1 Conc#1" [stack: 0x000000ab4f800000,0x000000ab4f900000] [id=11784]
  0x000002a26dac5000 ConcurrentGCThread "G1 Refine#0" [stack: 0x000000ab4d800000,0x000000ab4d900000] [id=3996]
  0x000002a279480800 ConcurrentGCThread "G1 Young RemSet Sampling" [stack: 0x000000ab4d900000,0x000000ab4da00000] [id=264]

Threads with active compile tasks:
C2 CompilerThread0  22134 5406       4       org.objectweb.asm.Frame::execute (2318 bytes)
C1 CompilerThread0  22134 5542       3       com.google.common.reflect.TypeToken::getRawTypes (34 bytes)
C2 CompilerThread1  22134 5407       4       org.objectweb.asm.SymbolTable::addConstantMemberReference (147 bytes)

VM state:not at safepoint (normal execution)

VM Mutex/Monitor currently owned by a thread: None

Heap address: 0x0000000080000000, size: 2048 MB, Compressed Oops mode: 32-bit
Narrow klass base: 0x0000000000000000, Narrow klass shift: 3
Compressed class space size: 1073741824 Address: 0x0000000100000000

Heap:
 garbage-first heap   total 155648K, used 75776K [0x0000000080000000, 0x0000000100000000)
  region size 1024K, 44 young (45056K), 10 survivors (10240K)
 Metaspace       used 55702K, capacity 57014K, committed 57212K, reserved 1099776K
  class space    used 7058K, capacity 7564K, committed 7680K, reserved 1048576K
Heap Regions: E=young(eden), S=young(survivor), O=old, HS=humongous(starts), HC=humongous(continues), CS=collection set, F=free, A=archive, TAMS=top-at-mark-start (previous, next)
|   0|0x0000000080000000, 0x0000000080100000, 0x0000000080100000|100%| O|  |TAMS 0x0000000080100000, 0x0000000080000000| Untracked 
|   1|0x0000000080100000, 0x0000000080200000, 0x0000000080200000|100%| O|  |TAMS 0x0000000080200000, 0x0000000080100000| Untracked 
|   2|0x0000000080200000, 0x0000000080300000, 0x0000000080300000|100%| O|  |TAMS 0x0000000080300000, 0x0000000080200000| Untracked 
|   3|0x0000000080300000, 0x0000000080400000, 0x0000000080400000|100%|HS|  |TAMS 0x0000000080400000, 0x0000000080300000| Complete 
|   4|0x0000000080400000, 0x0000000080500000, 0x0000000080500000|100%|HC|  |TAMS 0x0000000080500000, 0x0000000080400000| Complete 
|   5|0x0000000080500000, 0x0000000080600000, 0x0000000080600000|100%|HC|  |TAMS 0x0000000080600000, 0x0000000080500000| Complete 
|   6|0x0000000080600000, 0x0000000080700000, 0x0000000080700000|100%| O|  |TAMS 0x0000000080700000, 0x0000000080600000| Untracked 
|   7|0x0000000080700000, 0x0000000080800000, 0x0000000080800000|100%| O|  |TAMS 0x0000000080800000, 0x0000000080700000| Untracked 
|   8|0x0000000080800000, 0x0000000080900000, 0x0000000080900000|100%| O|  |TAMS 0x0000000080900000, 0x0000000080800000| Untracked 
|   9|0x0000000080900000, 0x0000000080a00000, 0x0000000080a00000|100%| O|  |TAMS 0x0000000080a00000, 0x0000000080900000| Untracked 
|  10|0x0000000080a00000, 0x0000000080b00000, 0x0000000080b00000|100%| O|  |TAMS 0x0000000080b00000, 0x0000000080a00000| Untracked 
|  11|0x0000000080b00000, 0x0000000080c00000, 0x0000000080c00000|100%| O|  |TAMS 0x0000000080c00000, 0x0000000080b00000| Untracked 
|  12|0x0000000080c00000, 0x0000000080d00000, 0x0000000080d00000|100%| O|  |TAMS 0x0000000080d00000, 0x0000000080c00000| Untracked 
|  13|0x0000000080d00000, 0x0000000080e00000, 0x0000000080e00000|100%| O|  |TAMS 0x0000000080e00000, 0x0000000080d00000| Untracked 
|  14|0x0000000080e00000, 0x0000000080f00000, 0x0000000080f00000|100%| O|  |TAMS 0x0000000080f00000, 0x0000000080e00000| Untracked 
|  15|0x0000000080f00000, 0x0000000081000000, 0x0000000081000000|100%| O|  |TAMS 0x0000000080ff4a00, 0x0000000080f00000| Untracked 
|  16|0x0000000081000000, 0x0000000081100000, 0x0000000081100000|100%|HS|  |TAMS 0x0000000081000000, 0x0000000081000000| Complete 
|  17|0x0000000081100000, 0x0000000081200000, 0x0000000081200000|100%| O|  |TAMS 0x0000000081100000, 0x0000000081100000| Untracked 
|  18|0x0000000081200000, 0x0000000081300000, 0x0000000081300000|100%| O|  |TAMS 0x0000000081200000, 0x0000000081200000| Untracked 
|  19|0x0000000081300000, 0x0000000081400000, 0x0000000081400000|100%| O|  |TAMS 0x0000000081300000, 0x0000000081300000| Untracked 
|  20|0x0000000081400000, 0x0000000081500000, 0x0000000081500000|100%| O|  |TAMS 0x0000000081400000, 0x0000000081400000| Untracked 
|  21|0x0000000081500000, 0x0000000081600000, 0x0000000081600000|100%| O|  |TAMS 0x0000000081500000, 0x0000000081500000| Untracked 
|  22|0x0000000081600000, 0x0000000081700000, 0x0000000081700000|100%| O|  |TAMS 0x0000000081600000, 0x0000000081600000| Untracked 
|  23|0x0000000081700000, 0x0000000081800000, 0x0000000081800000|100%| O|  |TAMS 0x0000000081700000, 0x0000000081700000| Untracked 
|  24|0x0000000081800000, 0x0000000081900000, 0x0000000081900000|100%| O|  |TAMS 0x0000000081800000, 0x0000000081800000| Untracked 
|  25|0x0000000081900000, 0x0000000081a00000, 0x0000000081a00000|100%| O|  |TAMS 0x0000000081900000, 0x0000000081900000| Untracked 
|  26|0x0000000081a00000, 0x0000000081b00000, 0x0000000081b00000|100%| O|  |TAMS 0x0000000081a00000, 0x0000000081a00000| Untracked 
|  27|0x0000000081b00000, 0x0000000081c00000, 0x0000000081c00000|100%| O|  |TAMS 0x0000000081b00000, 0x0000000081b00000| Untracked 
|  28|0x0000000081c00000, 0x0000000081d00000, 0x0000000081d00000|100%|HS|  |TAMS 0x0000000081c00000, 0x0000000081c00000| Complete 
|  29|0x0000000081d00000, 0x0000000081e00000, 0x0000000081e00000|100%|HS|  |TAMS 0x0000000081d00000, 0x0000000081d00000| Complete 
|  30|0x0000000081e00000, 0x0000000081f00000, 0x0000000081f00000|100%|HC|  |TAMS 0x0000000081e00000, 0x0000000081e00000| Complete 
|  31|0x0000000081f00000, 0x0000000081f00000, 0x0000000082000000|  0%| F|  |TAMS 0x0000000081f00000, 0x0000000081f00000| Untracked 
|  32|0x0000000082000000, 0x0000000082000000, 0x0000000082100000|  0%| F|  |TAMS 0x0000000082000000, 0x0000000082000000| Untracked 
|  33|0x0000000082100000, 0x0000000082100000, 0x0000000082200000|  0%| F|  |TAMS 0x0000000082100000, 0x0000000082100000| Untracked 
|  34|0x0000000082200000, 0x0000000082200000, 0x0000000082300000|  0%| F|  |TAMS 0x0000000082200000, 0x0000000082200000| Untracked 
|  35|0x0000000082300000, 0x0000000082300000, 0x0000000082400000|  0%| F|  |TAMS 0x0000000082300000, 0x0000000082300000| Untracked 
|  36|0x0000000082400000, 0x0000000082400000, 0x0000000082500000|  0%| F|  |TAMS 0x0000000082400000, 0x0000000082400000| Untracked 
|  37|0x0000000082500000, 0x0000000082500000, 0x0000000082600000|  0%| F|  |TAMS 0x0000000082500000, 0x0000000082500000| Untracked 
|  38|0x0000000082600000, 0x0000000082600000, 0x0000000082700000|  0%| F|  |TAMS 0x0000000082600000, 0x0000000082600000| Untracked 
|  39|0x0000000082700000, 0x0000000082700000, 0x0000000082800000|  0%| F|  |TAMS 0x0000000082700000, 0x0000000082700000| Untracked 
|  40|0x0000000082800000, 0x0000000082800000, 0x0000000082900000|  0%| F|  |TAMS 0x0000000082800000, 0x0000000082800000| Untracked 
|  41|0x0000000082900000, 0x0000000082900000, 0x0000000082a00000|  0%| F|  |TAMS 0x0000000082900000, 0x0000000082900000| Untracked 
|  42|0x0000000082a00000, 0x0000000082a00000, 0x0000000082b00000|  0%| F|  |TAMS 0x0000000082a00000, 0x0000000082a00000| Untracked 
|  43|0x0000000082b00000, 0x0000000082b00000, 0x0000000082c00000|  0%| F|  |TAMS 0x0000000082b00000, 0x0000000082b00000| Untracked 
|  44|0x0000000082c00000, 0x0000000082c00000, 0x0000000082d00000|  0%| F|  |TAMS 0x0000000082c00000, 0x0000000082c00000| Untracked 
|  45|0x0000000082d00000, 0x0000000082d00000, 0x0000000082e00000|  0%| F|  |TAMS 0x0000000082d00000, 0x0000000082d00000| Untracked 
|  46|0x0000000082e00000, 0x0000000082e00000, 0x0000000082f00000|  0%| F|  |TAMS 0x0000000082e00000, 0x0000000082e00000| Untracked 
|  47|0x0000000082f00000, 0x0000000082f00000, 0x0000000083000000|  0%| F|  |TAMS 0x0000000082f00000, 0x0000000082f00000| Untracked 
|  48|0x0000000083000000, 0x0000000083000000, 0x0000000083100000|  0%| F|  |TAMS 0x0000000083000000, 0x0000000083000000| Untracked 
|  49|0x0000000083100000, 0x0000000083100000, 0x0000000083200000|  0%| F|  |TAMS 0x0000000083100000, 0x0000000083100000| Untracked 
|  50|0x0000000083200000, 0x0000000083200000, 0x0000000083300000|  0%| F|  |TAMS 0x0000000083200000, 0x0000000083200000| Untracked 
|  51|0x0000000083300000, 0x0000000083300000, 0x0000000083400000|  0%| F|  |TAMS 0x0000000083300000, 0x0000000083300000| Untracked 
|  52|0x0000000083400000, 0x0000000083400000, 0x0000000083500000|  0%| F|  |TAMS 0x0000000083400000, 0x0000000083400000| Untracked 
|  53|0x0000000083500000, 0x0000000083500000, 0x0000000083600000|  0%| F|  |TAMS 0x0000000083500000, 0x0000000083500000| Untracked 
|  54|0x0000000083600000, 0x0000000083600000, 0x0000000083700000|  0%| F|  |TAMS 0x0000000083600000, 0x0000000083600000| Untracked 
|  55|0x0000000083700000, 0x0000000083700000, 0x0000000083800000|  0%| F|  |TAMS 0x0000000083700000, 0x0000000083700000| Untracked 
|  56|0x0000000083800000, 0x0000000083800000, 0x0000000083900000|  0%| F|  |TAMS 0x0000000083800000, 0x0000000083800000| Untracked 
|  57|0x0000000083900000, 0x0000000083900000, 0x0000000083a00000|  0%| F|  |TAMS 0x0000000083900000, 0x0000000083900000| Untracked 
|  58|0x0000000083a00000, 0x0000000083a00000, 0x0000000083b00000|  0%| F|  |TAMS 0x0000000083a00000, 0x0000000083a00000| Untracked 
|  59|0x0000000083b00000, 0x0000000083b00000, 0x0000000083c00000|  0%| F|  |TAMS 0x0000000083b00000, 0x0000000083b00000| Untracked 
|  60|0x0000000083c00000, 0x0000000083c00000, 0x0000000083d00000|  0%| F|  |TAMS 0x0000000083c00000, 0x0000000083c00000| Untracked 
|  61|0x0000000083d00000, 0x0000000083d00000, 0x0000000083e00000|  0%| F|  |TAMS 0x0000000083d00000, 0x0000000083d00000| Untracked 
|  62|0x0000000083e00000, 0x0000000083e00000, 0x0000000083f00000|  0%| F|  |TAMS 0x0000000083e00000, 0x0000000083e00000| Untracked 
|  63|0x0000000083f00000, 0x0000000083f00000, 0x0000000084000000|  0%| F|  |TAMS 0x0000000083f00000, 0x0000000083f00000| Untracked 
|  64|0x0000000084000000, 0x0000000084000000, 0x0000000084100000|  0%| F|  |TAMS 0x0000000084000000, 0x0000000084000000| Untracked 
|  65|0x0000000084100000, 0x0000000084100000, 0x0000000084200000|  0%| F|  |TAMS 0x0000000084100000, 0x0000000084100000| Untracked 
|  66|0x0000000084200000, 0x0000000084200000, 0x0000000084300000|  0%| F|  |TAMS 0x0000000084200000, 0x0000000084200000| Untracked 
|  67|0x0000000084300000, 0x0000000084300000, 0x0000000084400000|  0%| F|  |TAMS 0x0000000084300000, 0x0000000084300000| Untracked 
|  68|0x0000000084400000, 0x0000000084400000, 0x0000000084500000|  0%| F|  |TAMS 0x0000000084400000, 0x0000000084400000| Untracked 
|  69|0x0000000084500000, 0x0000000084600000, 0x0000000084600000|100%| S|CS|TAMS 0x0000000084500000, 0x0000000084500000| Complete 
|  70|0x0000000084600000, 0x0000000084700000, 0x0000000084700000|100%| S|CS|TAMS 0x0000000084600000, 0x0000000084600000| Complete 
|  71|0x0000000084700000, 0x0000000084800000, 0x0000000084800000|100%| S|CS|TAMS 0x0000000084700000, 0x0000000084700000| Complete 
|  72|0x0000000084800000, 0x0000000084900000, 0x0000000084900000|100%| S|CS|TAMS 0x0000000084800000, 0x0000000084800000| Complete 
|  73|0x0000000084900000, 0x0000000084a00000, 0x0000000084a00000|100%| S|CS|TAMS 0x0000000084900000, 0x0000000084900000| Complete 
|  74|0x0000000084a00000, 0x0000000084b00000, 0x0000000084b00000|100%| S|CS|TAMS 0x0000000084a00000, 0x0000000084a00000| Complete 
|  75|0x0000000084b00000, 0x0000000084c00000, 0x0000000084c00000|100%| S|CS|TAMS 0x0000000084b00000, 0x0000000084b00000| Complete 
|  76|0x0000000084c00000, 0x0000000084d00000, 0x0000000084d00000|100%| S|CS|TAMS 0x0000000084c00000, 0x0000000084c00000| Complete 
|  77|0x0000000084d00000, 0x0000000084e00000, 0x0000000084e00000|100%| S|CS|TAMS 0x0000000084d00000, 0x0000000084d00000| Complete 
|  78|0x0000000084e00000, 0x0000000084f00000, 0x0000000084f00000|100%| S|CS|TAMS 0x0000000084e00000, 0x0000000084e00000| Complete 
|  79|0x0000000084f00000, 0x0000000084f00000, 0x0000000085000000|  0%| F|  |TAMS 0x0000000084f00000, 0x0000000084f00000| Untracked 
|  80|0x0000000085000000, 0x0000000085000000, 0x0000000085100000|  0%| F|  |TAMS 0x0000000085000000, 0x0000000085000000| Untracked 
|  81|0x0000000085100000, 0x0000000085100000, 0x0000000085200000|  0%| F|  |TAMS 0x0000000085100000, 0x0000000085100000| Untracked 
|  82|0x0000000085200000, 0x0000000085200000, 0x0000000085300000|  0%| F|  |TAMS 0x0000000085200000, 0x0000000085200000| Untracked 
|  83|0x0000000085300000, 0x0000000085300000, 0x0000000085400000|  0%| F|  |TAMS 0x0000000085300000, 0x0000000085300000| Untracked 
|  84|0x0000000085400000, 0x0000000085400000, 0x0000000085500000|  0%| F|  |TAMS 0x0000000085400000, 0x0000000085400000| Untracked 
|  85|0x0000000085500000, 0x0000000085500000, 0x0000000085600000|  0%| F|  |TAMS 0x0000000085500000, 0x0000000085500000| Untracked 
|  86|0x0000000085600000, 0x0000000085600000, 0x0000000085700000|  0%| F|  |TAMS 0x0000000085600000, 0x0000000085600000| Untracked 
|  87|0x0000000085700000, 0x0000000085700000, 0x0000000085800000|  0%| F|  |TAMS 0x0000000085700000, 0x0000000085700000| Untracked 
|  88|0x0000000085800000, 0x0000000085800000, 0x0000000085900000|  0%| F|  |TAMS 0x0000000085800000, 0x0000000085800000| Untracked 
|  89|0x0000000085900000, 0x0000000085900000, 0x0000000085a00000|  0%| F|  |TAMS 0x0000000085900000, 0x0000000085900000| Untracked 
|  90|0x0000000085a00000, 0x0000000085a00000, 0x0000000085b00000|  0%| F|  |TAMS 0x0000000085a00000, 0x0000000085a00000| Untracked 
|  91|0x0000000085b00000, 0x0000000085b00000, 0x0000000085c00000|  0%| F|  |TAMS 0x0000000085b00000, 0x0000000085b00000| Untracked 
|  92|0x0000000085c00000, 0x0000000085c00000, 0x0000000085d00000|  0%| F|  |TAMS 0x0000000085c00000, 0x0000000085c00000| Untracked 
|  93|0x0000000085d00000, 0x0000000085d00000, 0x0000000085e00000|  0%| F|  |TAMS 0x0000000085d00000, 0x0000000085d00000| Untracked 
|  94|0x0000000085e00000, 0x0000000085e00000, 0x0000000085f00000|  0%| F|  |TAMS 0x0000000085e00000, 0x0000000085e00000| Untracked 
|  95|0x0000000085f00000, 0x0000000085f00000, 0x0000000086000000|  0%| F|  |TAMS 0x0000000085f00000, 0x0000000085f00000| Untracked 
|  96|0x0000000086000000, 0x0000000086000000, 0x0000000086100000|  0%| F|  |TAMS 0x0000000086000000, 0x0000000086000000| Untracked 
|  97|0x0000000086100000, 0x0000000086100000, 0x0000000086200000|  0%| F|  |TAMS 0x0000000086100000, 0x0000000086100000| Untracked 
|  98|0x0000000086200000, 0x0000000086200000, 0x0000000086300000|  0%| F|  |TAMS 0x0000000086200000, 0x0000000086200000| Untracked 
|  99|0x0000000086300000, 0x0000000086300000, 0x0000000086400000|  0%| F|  |TAMS 0x0000000086300000, 0x0000000086300000| Untracked 
| 100|0x0000000086400000, 0x0000000086400000, 0x0000000086500000|  0%| F|  |TAMS 0x0000000086400000, 0x0000000086400000| Untracked 
| 101|0x0000000086500000, 0x0000000086500000, 0x0000000086600000|  0%| F|  |TAMS 0x0000000086500000, 0x0000000086500000| Untracked 
| 102|0x0000000086600000, 0x0000000086600000, 0x0000000086700000|  0%| F|  |TAMS 0x0000000086600000, 0x0000000086600000| Untracked 
| 103|0x0000000086700000, 0x0000000086700000, 0x0000000086800000|  0%| F|  |TAMS 0x0000000086700000, 0x0000000086700000| Untracked 
| 104|0x0000000086800000, 0x0000000086800000, 0x0000000086900000|  0%| F|  |TAMS 0x0000000086800000, 0x0000000086800000| Untracked 
| 105|0x0000000086900000, 0x0000000086900000, 0x0000000086a00000|  0%| F|  |TAMS 0x0000000086900000, 0x0000000086900000| Untracked 
| 106|0x0000000086a00000, 0x0000000086a00000, 0x0000000086b00000|  0%| F|  |TAMS 0x0000000086a00000, 0x0000000086a00000| Untracked 
| 107|0x0000000086b00000, 0x0000000086b00000, 0x0000000086c00000|  0%| F|  |TAMS 0x0000000086b00000, 0x0000000086b00000| Untracked 
| 108|0x0000000086c00000, 0x0000000086c00000, 0x0000000086d00000|  0%| F|  |TAMS 0x0000000086c00000, 0x0000000086c00000| Untracked 
| 109|0x0000000086d00000, 0x0000000086d00000, 0x0000000086e00000|  0%| F|  |TAMS 0x0000000086d00000, 0x0000000086d00000| Untracked 
| 110|0x0000000086e00000, 0x0000000086e00000, 0x0000000086f00000|  0%| F|  |TAMS 0x0000000086e00000, 0x0000000086e00000| Untracked 
| 111|0x0000000086f00000, 0x0000000086f00000, 0x0000000087000000|  0%| F|  |TAMS 0x0000000086f00000, 0x0000000086f00000| Untracked 
| 112|0x0000000087000000, 0x0000000087000000, 0x0000000087100000|  0%| F|  |TAMS 0x0000000087000000, 0x0000000087000000| Untracked 
| 113|0x0000000087100000, 0x0000000087100000, 0x0000000087200000|  0%| F|  |TAMS 0x0000000087100000, 0x0000000087100000| Untracked 
| 114|0x0000000087200000, 0x0000000087200000, 0x0000000087300000|  0%| F|  |TAMS 0x0000000087200000, 0x0000000087200000| Untracked 
| 115|0x0000000087300000, 0x0000000087300000, 0x0000000087400000|  0%| F|  |TAMS 0x0000000087300000, 0x0000000087300000| Untracked 
| 116|0x0000000087400000, 0x0000000087400000, 0x0000000087500000|  0%| F|  |TAMS 0x0000000087400000, 0x0000000087400000| Untracked 
| 117|0x0000000087500000, 0x0000000087500000, 0x0000000087600000|  0%| F|  |TAMS 0x0000000087500000, 0x0000000087500000| Untracked 
| 118|0x0000000087600000, 0x0000000087680800, 0x0000000087700000| 50%| E|  |TAMS 0x0000000087600000, 0x0000000087600000| Complete 
| 119|0x0000000087700000, 0x0000000087800000, 0x0000000087800000|100%| E|CS|TAMS 0x0000000087700000, 0x0000000087700000| Complete 
| 120|0x0000000087800000, 0x0000000087900000, 0x0000000087900000|100%| E|CS|TAMS 0x0000000087800000, 0x0000000087800000| Complete 
| 121|0x0000000087900000, 0x0000000087a00000, 0x0000000087a00000|100%| E|CS|TAMS 0x0000000087900000, 0x0000000087900000| Complete 
| 122|0x0000000087a00000, 0x0000000087b00000, 0x0000000087b00000|100%| E|CS|TAMS 0x0000000087a00000, 0x0000000087a00000| Complete 
| 123|0x0000000087b00000, 0x0000000087c00000, 0x0000000087c00000|100%| E|CS|TAMS 0x0000000087b00000, 0x0000000087b00000| Complete 
| 124|0x0000000087c00000, 0x0000000087d00000, 0x0000000087d00000|100%| E|CS|TAMS 0x0000000087c00000, 0x0000000087c00000| Complete 
| 125|0x0000000087d00000, 0x0000000087e00000, 0x0000000087e00000|100%| E|CS|TAMS 0x0000000087d00000, 0x0000000087d00000| Complete 
| 126|0x0000000087e00000, 0x0000000087f00000, 0x0000000087f00000|100%| E|CS|TAMS 0x0000000087e00000, 0x0000000087e00000| Complete 
| 127|0x0000000087f00000, 0x0000000088000000, 0x0000000088000000|100%| E|CS|TAMS 0x0000000087f00000, 0x0000000087f00000| Complete 
| 128|0x0000000088000000, 0x0000000088100000, 0x0000000088100000|100%| E|CS|TAMS 0x0000000088000000, 0x0000000088000000| Complete 
| 129|0x0000000088100000, 0x0000000088200000, 0x0000000088200000|100%| E|CS|TAMS 0x0000000088100000, 0x0000000088100000| Complete 
| 130|0x0000000088200000, 0x0000000088300000, 0x0000000088300000|100%| E|CS|TAMS 0x0000000088200000, 0x0000000088200000| Complete 
| 131|0x0000000088300000, 0x0000000088400000, 0x0000000088400000|100%| E|CS|TAMS 0x0000000088300000, 0x0000000088300000| Complete 
| 132|0x0000000088400000, 0x0000000088500000, 0x0000000088500000|100%| E|CS|TAMS 0x0000000088400000, 0x0000000088400000| Complete 
| 133|0x0000000088500000, 0x0000000088600000, 0x0000000088600000|100%| E|CS|TAMS 0x0000000088500000, 0x0000000088500000| Complete 
| 134|0x0000000088600000, 0x0000000088700000, 0x0000000088700000|100%| E|CS|TAMS 0x0000000088600000, 0x0000000088600000| Complete 
| 135|0x0000000088700000, 0x0000000088800000, 0x0000000088800000|100%| E|CS|TAMS 0x0000000088700000, 0x0000000088700000| Complete 
| 136|0x0000000088800000, 0x0000000088900000, 0x0000000088900000|100%| E|CS|TAMS 0x0000000088800000, 0x0000000088800000| Complete 
| 137|0x0000000088900000, 0x0000000088a00000, 0x0000000088a00000|100%| E|CS|TAMS 0x0000000088900000, 0x0000000088900000| Complete 
| 138|0x0000000088a00000, 0x0000000088b00000, 0x0000000088b00000|100%| E|CS|TAMS 0x0000000088a00000, 0x0000000088a00000| Complete 
| 139|0x0000000088b00000, 0x0000000088c00000, 0x0000000088c00000|100%| E|CS|TAMS 0x0000000088b00000, 0x0000000088b00000| Complete 
| 140|0x0000000088c00000, 0x0000000088d00000, 0x0000000088d00000|100%| E|CS|TAMS 0x0000000088c00000, 0x0000000088c00000| Complete 
| 141|0x0000000088d00000, 0x0000000088e00000, 0x0000000088e00000|100%| E|CS|TAMS 0x0000000088d00000, 0x0000000088d00000| Complete 
| 142|0x0000000088e00000, 0x0000000088f00000, 0x0000000088f00000|100%| E|CS|TAMS 0x0000000088e00000, 0x0000000088e00000| Complete 
| 143|0x0000000088f00000, 0x0000000089000000, 0x0000000089000000|100%| E|CS|TAMS 0x0000000088f00000, 0x0000000088f00000| Complete 
| 144|0x0000000089000000, 0x0000000089100000, 0x0000000089100000|100%| E|CS|TAMS 0x0000000089000000, 0x0000000089000000| Complete 
| 145|0x0000000089100000, 0x0000000089200000, 0x0000000089200000|100%| E|CS|TAMS 0x0000000089100000, 0x0000000089100000| Complete 
| 146|0x0000000089200000, 0x0000000089300000, 0x0000000089300000|100%| E|CS|TAMS 0x0000000089200000, 0x0000000089200000| Complete 
| 147|0x0000000089300000, 0x0000000089400000, 0x0000000089400000|100%| E|CS|TAMS 0x0000000089300000, 0x0000000089300000| Complete 
| 148|0x0000000089400000, 0x0000000089500000, 0x0000000089500000|100%| E|CS|TAMS 0x0000000089400000, 0x0000000089400000| Complete 
| 149|0x0000000089500000, 0x0000000089600000, 0x0000000089600000|100%| E|CS|TAMS 0x0000000089500000, 0x0000000089500000| Complete 
| 150|0x0000000089600000, 0x0000000089700000, 0x0000000089700000|100%| E|CS|TAMS 0x0000000089600000, 0x0000000089600000| Complete 
| 151|0x0000000089700000, 0x0000000089800000, 0x0000000089800000|100%| E|CS|TAMS 0x0000000089700000, 0x0000000089700000| Complete 

Card table byte_map: [0x000002a272350000,0x000002a272750000] _byte_map_base: 0x000002a271f50000

Marking Bits (Prev, Next): (CMBitMap*) 0x000002a26da2e978, (CMBitMap*) 0x000002a26da2e9b0
 Prev Bits: [0x000002a272b50000, 0x000002a274b50000)
 Next Bits: [0x000002a274b50000, 0x000002a276b50000)

Polling page: 0x000002a26c390000

Metaspace:

Usage:
  Non-class:     48.42 MB capacity,    47.53 MB ( 98%) used,   761.03 KB (  2%) free+waste,   144.31 KB ( <1%) overhead. 
      Class:      7.39 MB capacity,     6.90 MB ( 93%) used,   434.71 KB (  6%) free+waste,    68.38 KB ( <1%) overhead. 
       Both:     55.80 MB capacity,    54.43 MB ( 98%) used,     1.17 MB (  2%) free+waste,   212.69 KB ( <1%) overhead. 

Virtual space:
  Non-class space:       50.00 MB reserved,      48.62 MB ( 97%) committed 
      Class space:        1.00 GB reserved,       7.50 MB ( <1%) committed 
             Both:        1.05 GB reserved,      56.12 MB (  5%) committed 

Chunk freelists:
   Non-Class:  16.00 KB
       Class:  20.00 KB
        Both:  36.00 KB

MaxMetaspaceSize: 17179869184.00 GB
CompressedClassSpaceSize: 1.00 GB

CodeHeap 'non-profiled nmethods': size=120000Kb used=3084Kb max_used=3084Kb free=116915Kb
 bounds [0x000002a207ad0000, 0x000002a207de0000, 0x000002a20f000000]
CodeHeap 'profiled nmethods': size=120000Kb used=11524Kb max_used=11524Kb free=108476Kb
 bounds [0x000002a2005a0000, 0x000002a2010f0000, 0x000002a207ad0000]
CodeHeap 'non-nmethods': size=5760Kb used=2238Kb max_used=2277Kb free=3522Kb
 bounds [0x000002a200000000, 0x000002a200270000, 0x000002a2005a0000]
 total_blobs=6337 nmethods=5520 adapters=728
 compilation: enabled
              stopped_count=0, restarted_count=0
 full_count=0

Compilation events (20 events):
Event: 21.929 Thread 0x000002a210257000 5447       4       java.util.HashMap$HashMapSpliterator::getFence (53 bytes)
Event: 21.931 Thread 0x000002a210257000 nmethod 5447 0x000002a207dc9f10 code [0x000002a207dca0a0, 0x000002a207dca138]
Event: 21.931 Thread 0x000002a210257000 5446       4       java.lang.invoke.VarHandleGuards::guard_LLL_Z (70 bytes)
Event: 21.938 Thread 0x000002a210257000 nmethod 5446 0x000002a207dca210 code [0x000002a207dca3c0, 0x000002a207dca548]
Event: 21.943 Thread 0x000002a27965e000 5448       3       kotlin.jvm.internal.Intrinsics::checkParameterIsNotNull (9 bytes)
Event: 21.945 Thread 0x000002a27965e000 nmethod 5448 0x000002a2010a4010 code [0x000002a2010a4220, 0x000002a2010a46f8]
Event: 21.950 Thread 0x000002a210257000 5449       4       org.objectweb.asm.Frame::merge (322 bytes)
Event: 21.957 Thread 0x000002a27965e000 5451       3       sun.reflect.annotation.AnnotationParser::parseMemberValue (162 bytes)
Event: 21.961 Thread 0x000002a27965e000 nmethod 5451 0x000002a2010a4910 code [0x000002a2010a4c60, 0x000002a2010a5ed8]
Event: 21.962 Thread 0x000002a210257000 nmethod 5449 0x000002a207dca790 code [0x000002a207dca940, 0x000002a207dcab88]
Event: 21.962 Thread 0x000002a210257000 5450       4       org.objectweb.asm.SymbolTable::addConstantUtf8Reference (101 bytes)
Event: 21.963 Thread 0x000002a27965e000 5453       3       java.util.concurrent.ConcurrentHashMap$Traverser::<init> (36 bytes)
Event: 21.963 Thread 0x000002a27965e000 nmethod 5453 0x000002a2010a6510 code [0x000002a2010a66c0, 0x000002a2010a68b8]
Event: 21.966 Thread 0x000002a27965e000 5454       3       org.objectweb.asm.SymbolTable::addConstantIntegerOrFloat (100 bytes)
Event: 21.968 Thread 0x000002a27965e000 nmethod 5454 0x000002a2010a6990 code [0x000002a2010a6bc0, 0x000002a2010a7178]
Event: 21.990 Thread 0x000002a27965e000 5455       3       com.google.common.collect.ImmutableSet::builder (8 bytes)
Event: 21.991 Thread 0x000002a27965e000 nmethod 5455 0x000002a2010a7490 code [0x000002a2010a7680, 0x000002a2010a7a88]
Event: 22.002 Thread 0x000002a27965e000 5456       3       java.lang.reflect.AccessibleObject::checkAccess (40 bytes)
Event: 22.003 Thread 0x000002a27965e000 nmethod 5456 0x000002a2010a7c10 code [0x000002a2010a7e00, 0x000002a2010a8138]
Event: 22.003 Thread 0x000002a27965e000 5458       3       org.objectweb.asm.AnnotationWriter::visit (935 bytes)

GC Heap History (18 events):
Event: 1.986 GC heap before
{Heap before GC invocations=0 (full 0):
 garbage-first heap   total 129024K, used 29696K [0x0000000080000000, 0x0000000100000000)
  region size 1024K, 24 young (24576K), 0 survivors (0K)
 Metaspace       used 9803K, capacity 9986K, committed 10112K, reserved 1058816K
  class space    used 1021K, capacity 1102K, committed 1152K, reserved 1048576K
}
Event: 2.001 GC heap after
{Heap after GC invocations=1 (full 0):
 garbage-first heap   total 129024K, used 8924K [0x0000000080000000, 0x0000000100000000)
  region size 1024K, 3 young (3072K), 3 survivors (3072K)
 Metaspace       used 9803K, capacity 9986K, committed 10112K, reserved 1058816K
  class space    used 1021K, capacity 1102K, committed 1152K, reserved 1048576K
}
Event: 2.908 GC heap before
{Heap before GC invocations=1 (full 0):
 garbage-first heap   total 129024K, used 30428K [0x0000000080000000, 0x0000000100000000)
  region size 1024K, 24 young (24576K), 3 survivors (3072K)
 Metaspace       used 10720K, capacity 11003K, committed 11264K, reserved 1058816K
  class space    used 1122K, capacity 1206K, committed 1280K, reserved 1048576K
}
Event: 2.921 GC heap after
{Heap after GC invocations=2 (full 0):
 garbage-first heap   total 129024K, used 9719K [0x0000000080000000, 0x0000000100000000)
  region size 1024K, 1 young (1024K), 1 survivors (1024K)
 Metaspace       used 10720K, capacity 11003K, committed 11264K, reserved 1058816K
  class space    used 1122K, capacity 1206K, committed 1280K, reserved 1048576K
}
Event: 8.706 GC heap before
{Heap before GC invocations=2 (full 0):
 garbage-first heap   total 129024K, used 55799K [0x0000000080000000, 0x0000000100000000)
  region size 1024K, 46 young (47104K), 1 survivors (1024K)
 Metaspace       used 17395K, capacity 17831K, committed 18048K, reserved 1064960K
  class space    used 2017K, capacity 2172K, committed 2176K, reserved 1048576K
}
Event: 8.718 GC heap after
{Heap after GC invocations=3 (full 0):
 garbage-first heap   total 129024K, used 15785K [0x0000000080000000, 0x0000000100000000)
  region size 1024K, 6 young (6144K), 6 survivors (6144K)
 Metaspace       used 17395K, capacity 17831K, committed 18048K, reserved 1064960K
  class space    used 2017K, capacity 2172K, committed 2176K, reserved 1048576K
}
Event: 9.520 GC heap before
{Heap before GC invocations=3 (full 0):
 garbage-first heap   total 129024K, used 44457K [0x0000000080000000, 0x0000000100000000)
  region size 1024K, 35 young (35840K), 6 survivors (6144K)
 Metaspace       used 20634K, capacity 21151K, committed 21296K, reserved 1069056K
  class space    used 2513K, capacity 2688K, committed 2688K, reserved 1048576K
}
Event: 9.537 GC heap after
{Heap after GC invocations=4 (full 0):
 garbage-first heap   total 129024K, used 17423K [0x0000000080000000, 0x0000000100000000)
  region size 1024K, 2 young (2048K), 2 survivors (2048K)
 Metaspace       used 20634K, capacity 21151K, committed 21296K, reserved 1069056K
  class space    used 2513K, capacity 2688K, committed 2688K, reserved 1048576K
}
Event: 10.969 GC heap before
{Heap before GC invocations=5 (full 0):
 garbage-first heap   total 129024K, used 66575K [0x0000000080000000, 0x0000000100000000)
  region size 1024K, 50 young (51200K), 2 survivors (2048K)
 Metaspace       used 25648K, capacity 26259K, committed 26288K, reserved 1073152K
  class space    used 3350K, capacity 3566K, committed 3584K, reserved 1048576K
}
Event: 10.978 GC heap after
{Heap after GC invocations=6 (full 0):
 garbage-first heap   total 129024K, used 19081K [0x0000000080000000, 0x0000000100000000)
  region size 1024K, 3 young (3072K), 3 survivors (3072K)
 Metaspace       used 25648K, capacity 26259K, committed 26288K, reserved 1073152K
  class space    used 3350K, capacity 3566K, committed 3584K, reserved 1048576K
}
Event: 13.379 GC heap before
{Heap before GC invocations=6 (full 0):
 garbage-first heap   total 129024K, used 79497K [0x0000000080000000, 0x0000000100000000)
  region size 1024K, 64 young (65536K), 3 survivors (3072K)
 Metaspace       used 34808K, capacity 35608K, committed 35708K, reserved 1081344K
  class space    used 4528K, capacity 4832K, committed 4864K, reserved 1048576K
}
Event: 13.408 GC heap after
{Heap after GC invocations=7 (full 0):
 garbage-first heap   total 129024K, used 23143K [0x0000000080000000, 0x0000000100000000)
  region size 1024K, 7 young (7168K), 7 survivors (7168K)
 Metaspace       used 34808K, capacity 35608K, committed 35708K, reserved 1081344K
  class space    used 4528K, capacity 4832K, committed 4864K, reserved 1048576K
}
Event: 15.564 GC heap before
{Heap before GC invocations=8 (full 0):
 garbage-first heap   total 129024K, used 88679K [0x0000000080000000, 0x0000000100000000)
  region size 1024K, 68 young (69632K), 7 survivors (7168K)
 Metaspace       used 39493K, capacity 40432K, committed 40700K, reserved 1085440K
  class space    used 5044K, capacity 5390K, committed 5504K, reserved 1048576K
}
Event: 15.595 GC heap after
{Heap after GC invocations=9 (full 0):
 garbage-first heap   total 129024K, used 27602K [0x0000000080000000, 0x0000000100000000)
  region size 1024K, 9 young (9216K), 9 survivors (9216K)
 Metaspace       used 39493K, capacity 40432K, committed 40700K, reserved 1085440K
  class space    used 5044K, capacity 5390K, committed 5504K, reserved 1048576K
}
Event: 17.821 GC heap before
{Heap before GC invocations=9 (full 0):
 garbage-first heap   total 129024K, used 90066K [0x0000000080000000, 0x0000000100000000)
  region size 1024K, 70 young (71680K), 9 survivors (9216K)
 Metaspace       used 45097K, capacity 46173K, committed 46332K, reserved 1089536K
  class space    used 5792K, capacity 6192K, committed 6272K, reserved 1048576K
}
Event: 17.846 GC heap after
{Heap after GC invocations=10 (full 0):
 garbage-first heap   total 155648K, used 29642K [0x0000000080000000, 0x0000000100000000)
  region size 1024K, 3 young (3072K), 3 survivors (3072K)
 Metaspace       used 45097K, capacity 46173K, committed 46332K, reserved 1089536K
  class space    used 5792K, capacity 6192K, committed 6272K, reserved 1048576K
}
Event: 20.670 GC heap before
{Heap before GC invocations=10 (full 0):
 garbage-first heap   total 155648K, used 107466K [0x0000000080000000, 0x0000000100000000)
  region size 1024K, 76 young (77824K), 3 survivors (3072K)
 Metaspace       used 50320K, capacity 51610K, committed 51836K, reserved 1093632K
  class space    used 6424K, capacity 6877K, committed 6912K, reserved 1048576K
}
Event: 20.686 GC heap after
{Heap after GC invocations=11 (full 0):
 garbage-first heap   total 155648K, used 41984K [0x0000000080000000, 0x0000000100000000)
  region size 1024K, 10 young (10240K), 10 survivors (10240K)
 Metaspace       used 50320K, capacity 51610K, committed 51836K, reserved 1093632K
  class space    used 6424K, capacity 6877K, committed 6912K, reserved 1048576K
}

Deoptimization events (20 events):
Event: 20.422 Thread 0x000002a27b279000 Uncommon trap: trap_request=0xffffff45 fr.pc=0x000002a207beadec relative=0x000000000000020c
Event: 20.422 Thread 0x000002a27b279000 Uncommon trap: reason=unstable_fused_if action=reinterpret pc=0x000002a207beadec method=org.objectweb.asm.ByteVector.putUTF8(Ljava/lang/String;)Lorg/objectweb/asm/ByteVector; @ 93 c2
Event: 20.422 Thread 0x000002a27b279000 DEOPT PACKING pc=0x000002a207beadec sp=0x000000ab4edf80b0
Event: 20.422 Thread 0x000002a27b279000 DEOPT UNPACKING pc=0x000002a2000278af sp=0x000000ab4edf8030 mode 2
Event: 21.434 Thread 0x000002a27b279000 Uncommon trap: trap_request=0xffffffc6 fr.pc=0x000002a207cfec8c relative=0x000000000000094c
Event: 21.434 Thread 0x000002a27b279000 Uncommon trap: reason=bimorphic_or_optimized_type_check action=maybe_recompile pc=0x000002a207cfec8c method=java.util.Spliterators$IteratorSpliterator.tryAdvance(Ljava/util/function/Consumer;)Z @ 50 c2
Event: 21.434 Thread 0x000002a27b279000 DEOPT PACKING pc=0x000002a207cfec8c sp=0x000000ab4edf7db0
Event: 21.434 Thread 0x000002a27b279000 DEOPT UNPACKING pc=0x000002a2000278af sp=0x000000ab4edf7b98 mode 2
Event: 21.434 Thread 0x000002a27b279000 Uncommon trap: trap_request=0xffffffc6 fr.pc=0x000002a207c1c034 relative=0x00000000000002b4
Event: 21.434 Thread 0x000002a27b279000 Uncommon trap: reason=bimorphic_or_optimized_type_check action=maybe_recompile pc=0x000002a207c1c034 method=java.util.Spliterators$IteratorSpliterator.tryAdvance(Ljava/util/function/Consumer;)Z @ 50 c2
Event: 21.434 Thread 0x000002a27b279000 DEOPT PACKING pc=0x000002a207c1c034 sp=0x000000ab4edf7bf0
Event: 21.435 Thread 0x000002a27b279000 DEOPT UNPACKING pc=0x000002a2000278af sp=0x000000ab4edf7b90 mode 2
Event: 21.515 Thread 0x000002a27b279000 Uncommon trap: trap_request=0xffffff4d fr.pc=0x000002a207dc1920 relative=0x0000000000000420
Event: 21.515 Thread 0x000002a27b279000 Uncommon trap: reason=unstable_if action=reinterpret pc=0x000002a207dc1920 method=org.gradle.internal.instantiation.generator.AbstractClassGenerator$InjectionAnnotationValidator.validateMethod(Ljava/lang/reflect/Method;Lorg/gradle/internal/reflect/Propert
Event: 21.515 Thread 0x000002a27b279000 DEOPT PACKING pc=0x000002a207dc1920 sp=0x000000ab4edf7d10
Event: 21.515 Thread 0x000002a27b279000 DEOPT UNPACKING pc=0x000002a2000278af sp=0x000000ab4edf7cd8 mode 2
Event: 21.866 Thread 0x000002a27b279000 Uncommon trap: trap_request=0xffffffc6 fr.pc=0x000002a207d72d10 relative=0x00000000000037f0
Event: 21.866 Thread 0x000002a27b279000 Uncommon trap: reason=bimorphic_or_optimized_type_check action=maybe_recompile pc=0x000002a207d72d10 method=java.util.AbstractCollection.addAll(Ljava/util/Collection;)Z @ 29 c2
Event: 21.866 Thread 0x000002a27b279000 DEOPT PACKING pc=0x000002a207d72d10 sp=0x000000ab4edf8760
Event: 21.866 Thread 0x000002a27b279000 DEOPT UNPACKING pc=0x000002a2000278af sp=0x000000ab4edf8760 mode 2

Classes redefined (0 events):
No events

Internal exceptions (20 events):
Event: 19.834 Thread 0x000002a27b27a800 Exception <a 'java/lang/NoSuchMethodError'{0x0000000089709508}: <clinit>> (0x0000000089709508) thrown at [./src/hotspot/share/prims/jni.cpp, line 1362]
Event: 19.840 Thread 0x000002a27b27a800 Exception <a 'java/lang/NoSuchMethodError'{0x000000008641d728}: <clinit>> (0x000000008641d728) thrown at [./src/hotspot/share/prims/jni.cpp, line 1362]
Event: 19.840 Thread 0x000002a27b27a800 Exception <a 'java/lang/NoSuchMethodError'{0x000000008641e838}: <clinit>> (0x000000008641e838) thrown at [./src/hotspot/share/prims/jni.cpp, line 1362]
Event: 19.841 Thread 0x000002a27b27a800 Exception <a 'java/lang/NoSuchMethodError'{0x000000008641fb40}: <clinit>> (0x000000008641fb40) thrown at [./src/hotspot/share/prims/jni.cpp, line 1362]
Event: 19.841 Thread 0x000002a27b27a800 Exception <a 'java/lang/NoSuchMethodError'{0x0000000086420b60}: <clinit>> (0x0000000086420b60) thrown at [./src/hotspot/share/prims/jni.cpp, line 1362]
Event: 19.843 Thread 0x000002a27b27a800 Exception <a 'java/lang/NoSuchMethodError'{0x000000008642a950}: <clinit>> (0x000000008642a950) thrown at [./src/hotspot/share/prims/jni.cpp, line 1362]
Event: 19.845 Thread 0x000002a27b27a800 Exception <a 'java/lang/NoSuchMethodError'{0x0000000086434dd0}: <clinit>> (0x0000000086434dd0) thrown at [./src/hotspot/share/prims/jni.cpp, line 1362]
Event: 19.850 Thread 0x000002a27b27a800 Exception <a 'java/lang/NoSuchMethodError'{0x0000000086448b10}: <clinit>> (0x0000000086448b10) thrown at [./src/hotspot/share/prims/jni.cpp, line 1362]
Event: 19.876 Thread 0x000002a27b279000 Exception <a 'java/lang/ClassNotFoundException'{0x00000000864b0880}: build_f1h08rwk14t4gg7ywv7kq6z1lBeanInfo> (0x00000000864b0880) thrown at [./src/hotspot/share/classfile/systemDictionary.cpp, line 231]
Event: 19.877 Thread 0x000002a27b279000 Exception <a 'java/lang/ClassNotFoundException'{0x00000000864bb7a8}: build_f1h08rwk14t4gg7ywv7kq6z1lCustomizer> (0x00000000864bb7a8) thrown at [./src/hotspot/share/classfile/systemDictionary.cpp, line 231]
Event: 19.900 Thread 0x000002a27b279000 Exception <a 'java/lang/ClassNotFoundException'{0x000000008633c040}: org/gradle/plugin/use/internal/PluginRequestCollector$PluginDependenciesSpecImplBeanInfo> (0x000000008633c040) thrown at [./src/hotspot/share/classfile/systemDictionary.cpp, line 231]
Event: 19.902 Thread 0x000002a27b279000 Exception <a 'java/lang/ClassNotFoundException'{0x0000000086369ef0}: org/gradle/plugin/use/internal/PluginRequestCollector$PluginDependenciesSpecImplCustomizer> (0x0000000086369ef0) thrown at [./src/hotspot/share/classfile/systemDictionary.cpp, line 231]
Event: 19.992 Thread 0x000002a27b279000 Exception <a 'java/lang/ClassNotFoundException'{0x00000000861e7348}: org/gradle/api/internal/plugins/DefaultObjectConfigurationActionBeanInfo> (0x00000000861e7348) thrown at [./src/hotspot/share/classfile/systemDictionary.cpp, line 231]
Event: 19.995 Thread 0x000002a27b279000 Exception <a 'java/lang/ClassNotFoundException'{0x000000008601abc0}: org/gradle/api/internal/plugins/DefaultObjectConfigurationActionCustomizer> (0x000000008601abc0) thrown at [./src/hotspot/share/classfile/systemDictionary.cpp, line 231]
Event: 20.325 Thread 0x000002a27b279000 Exception <a 'java/lang/NoSuchMethodError'{0x00000000857eac40}: 'java.lang.Object java.lang.invoke.DirectMethodHandle$Holder.invokeStatic(java.lang.Object, java.lang.Object, java.lang.Object, java.lang.Object, int)'> (0x00000000857eac40) thrown at [./src/hotspot/share/interpreter/linkResolver.cpp, line 773]
Event: 20.326 Thread 0x000002a27b279000 Exception <a 'java/lang/NoSuchMethodError'{0x00000000857ef638}: 'java.lang.Object java.lang.invoke.DirectMethodHandle$Holder.invokeSpecial(java.lang.Object, java.lang.Object, java.lang.Object, java.lang.Object, java.lang.Object, int)'> (0x00000000857ef638) thrown at [./src/hotspot/share/interpreter/linkResolver.cpp, line 773]
Event: 20.327 Thread 0x000002a27b279000 Exception <a 'java/lang/NoSuchMethodError'{0x00000000857f3c78}: 'java.lang.Object java.lang.invoke.Invokers$Holder.linkToTargetMethod(java.lang.Object, java.lang.Object, java.lang.Object, int, java.lang.Object)'> (0x00000000857f3c78) thrown at [./src/hotspot/share/interpreter/linkResolver.cpp, line 773]
Event: 20.923 Thread 0x000002a27b279000 Exception <a 'java/lang/NoSuchMethodError'{0x0000000089150e20}: 'java.lang.Object java.lang.invoke.DirectMethodHandle$Holder.invokeSpecial(java.lang.Object, java.lang.Object, int, int, java.lang.Object, java.lang.Object, java.lang.Object)'> (0x0000000089150e20) thrown at [./src/hotspot/share/interpreter/linkResolver.cpp, line 773]
Event: 20.923 Thread 0x000002a27b279000 Exception <a 'java/lang/NoSuchMethodError'{0x00000000891553a0}: 'java.lang.Object java.lang.invoke.DelegatingMethodHandle$Holder.reinvoke_L(java.lang.Object, int, int, java.lang.Object, java.lang.Object, java.lang.Object)'> (0x00000000891553a0) thrown at [./src/hotspot/share/interpreter/linkResolver.cpp, line 773]
Event: 21.467 Thread 0x000002a27b279000 Exception <a 'java/lang/NoSuchMethodError'{0x00000000886c3158}: 'int java.lang.invoke.DirectMethodHandle$Holder.invokeInterface(java.lang.Object, java.lang.Object, java.lang.Object, java.lang.Object)'> (0x00000000886c3158) thrown at [./src/hotspot/share/interpreter/linkResolver.cpp, line 773]

Events (20 events):
Event: 21.991 loading class java/util/concurrent/ForkJoinPool
Event: 21.994 loading class java/util/concurrent/ForkJoinPool done
Event: 21.995 loading class java/util/concurrent/ForkJoinTask
Event: 21.997 loading class java/util/concurrent/ForkJoinTask done
Event: 21.997 loading class java/util/concurrent/ForkJoinPool$DefaultForkJoinWorkerThreadFactory
Event: 21.997 loading class java/util/concurrent/ForkJoinPool$ForkJoinWorkerThreadFactory
Event: 21.997 loading class java/util/concurrent/ForkJoinPool$ForkJoinWorkerThreadFactory done
Event: 21.997 loading class java/util/concurrent/ForkJoinPool$DefaultForkJoinWorkerThreadFactory done
Event: 21.998 loading class java/util/concurrent/ForkJoinPool$1
Event: 21.998 loading class java/util/concurrent/ForkJoinPool$1 done
Event: 21.998 loading class com/intellij/concurrency/IdeaForkJoinWorkerThreadFactory
Event: 21.998 loading class com/intellij/concurrency/IdeaForkJoinWorkerThreadFactory done
Event: 21.999 loading class java/util/concurrent/ForkJoinPool$WorkQueue
Event: 22.000 loading class java/util/concurrent/ForkJoinPool$WorkQueue done
Event: 22.000 loading class com/android/build/gradle/internal/services/Aapt2ThreadPoolBuildService$Params
Event: 22.000 loading class com/android/build/gradle/internal/services/Aapt2ThreadPoolBuildService$Params done
Event: 22.007 loading class com/android/build/gradle/internal/services/Aapt2DaemonBuildService$RegistrationAction
Event: 22.007 loading class com/android/build/gradle/internal/services/Aapt2DaemonBuildService$RegistrationAction done
Event: 22.009 loading class com/android/build/gradle/internal/services/Aapt2DaemonBuildService
Event: 22.009 loading class com/android/build/gradle/internal/services/Aapt2DaemonBuildService done


Dynamic libraries:
0x00007ff691e90000 - 0x00007ff691e9a000 	C:\Program Files\Android\Android Studio\jre\bin\java.exe
0x00007ff971490000 - 0x00007ff971685000 	C:\WINDOWS\SYSTEM32\ntdll.dll
0x00007ff9708d0000 - 0x00007ff97098e000 	C:\WINDOWS\System32\KERNEL32.DLL
0x00007ff96f000000 - 0x00007ff96f2c9000 	C:\WINDOWS\System32\KERNELBASE.dll
0x00007ff96f3e0000 - 0x00007ff96f4e0000 	C:\WINDOWS\System32\ucrtbase.dll
0x00007ff965040000 - 0x00007ff965057000 	C:\Program Files\Android\Android Studio\jre\bin\VCRUNTIME140.dll
0x00007ff965730000 - 0x00007ff965749000 	C:\Program Files\Android\Android Studio\jre\bin\jli.dll
0x00007ff970180000 - 0x00007ff970321000 	C:\WINDOWS\System32\USER32.dll
0x00007ff9544c0000 - 0x00007ff95475a000 	C:\WINDOWS\WinSxS\amd64_microsoft.windows.common-controls_6595b64144ccf1df_6.0.19041.1110_none_60b5254171f9507e\COMCTL32.dll
0x00007ff96ebb0000 - 0x00007ff96ebd2000 	C:\WINDOWS\System32\win32u.dll
0x00007ff96fc50000 - 0x00007ff96fcee000 	C:\WINDOWS\System32\msvcrt.dll
0x00007ff9713c0000 - 0x00007ff9713eb000 	C:\WINDOWS\System32\GDI32.dll
0x00007ff96f2d0000 - 0x00007ff96f3db000 	C:\WINDOWS\System32\gdi32full.dll
0x00007ff96ef60000 - 0x00007ff96effd000 	C:\WINDOWS\System32\msvcp_win.dll
0x00007ff970b00000 - 0x00007ff970b30000 	C:\WINDOWS\System32\IMM32.DLL
0x00007ff963350000 - 0x00007ff9633ed000 	C:\Program Files\Android\Android Studio\jre\bin\msvcp140.dll
0x00007ff928bb0000 - 0x00007ff92967f000 	C:\Program Files\Android\Android Studio\jre\bin\server\jvm.dll
0x00007ff970330000 - 0x00007ff9703dc000 	C:\WINDOWS\System32\ADVAPI32.dll
0x00007ff96fbb0000 - 0x00007ff96fc4b000 	C:\WINDOWS\System32\sechost.dll
0x00007ff96f4e0000 - 0x00007ff96f60a000 	C:\WINDOWS\System32\RPCRT4.dll
0x00007ff970170000 - 0x00007ff970178000 	C:\WINDOWS\System32\PSAPI.DLL
0x00007ff94cf50000 - 0x00007ff94cf77000 	C:\WINDOWS\SYSTEM32\WINMM.dll
0x00007ff94a2b0000 - 0x00007ff94a2b9000 	C:\WINDOWS\SYSTEM32\WSOCK32.dll
0x00007ff963010000 - 0x00007ff96301a000 	C:\WINDOWS\SYSTEM32\VERSION.dll
0x00007ff9703e0000 - 0x00007ff97044b000 	C:\WINDOWS\System32\WS2_32.dll
0x00007ff96d460000 - 0x00007ff96d472000 	C:\WINDOWS\SYSTEM32\kernel.appcore.dll
0x00007ff966960000 - 0x00007ff966971000 	C:\Program Files\Android\Android Studio\jre\bin\verify.dll
0x00007ff969960000 - 0x00007ff969b44000 	C:\WINDOWS\SYSTEM32\DBGHELP.DLL
0x00007ff94d770000 - 0x00007ff94d79c000 	C:\WINDOWS\SYSTEM32\dbgcore.DLL
0x00007ff96ec70000 - 0x00007ff96ecf3000 	C:\WINDOWS\System32\bcryptPrimitives.dll
0x00007ff965190000 - 0x00007ff9651b9000 	C:\Program Files\Android\Android Studio\jre\bin\java.dll
0x00007ff966900000 - 0x00007ff96690b000 	C:\Program Files\Android\Android Studio\jre\bin\jimage.dll
0x00007ff965170000 - 0x00007ff965188000 	C:\Program Files\Android\Android Studio\jre\bin\zip.dll
0x00007ff970c80000 - 0x00007ff9713bf000 	C:\WINDOWS\System32\SHELL32.dll
0x00007ff969c30000 - 0x00007ff96a3c0000 	C:\WINDOWS\SYSTEM32\windows.storage.dll
0x00007ff96f670000 - 0x00007ff96f9c5000 	C:\WINDOWS\System32\combase.dll
0x00007ff96e530000 - 0x00007ff96e55c000 	C:\WINDOWS\SYSTEM32\Wldp.dll
0x00007ff96f9d0000 - 0x00007ff96fa7d000 	C:\WINDOWS\System32\SHCORE.dll
0x00007ff9713f0000 - 0x00007ff971445000 	C:\WINDOWS\System32\shlwapi.dll
0x00007ff96eaf0000 - 0x00007ff96eb0f000 	C:\WINDOWS\SYSTEM32\profapi.dll
0x00007ff965150000 - 0x00007ff96516a000 	C:\Program Files\Android\Android Studio\jre\bin\net.dll
0x00007ff966ae0000 - 0x00007ff966be8000 	C:\WINDOWS\SYSTEM32\WINHTTP.dll
0x00007ff96e290000 - 0x00007ff96e2fa000 	C:\WINDOWS\system32\mswsock.dll
0x00007ff965130000 - 0x00007ff965144000 	C:\Program Files\Android\Android Studio\jre\bin\nio.dll
0x00007ff966870000 - 0x00007ff966897000 	C:\Users\Admin\.gradle\native\8bec1ad78214c89d9ad589b4d07fe93259594b29d510b10fafb7a158f7737e5d\windows-amd64\native-platform.dll
0x00007ff963cd0000 - 0x00007ff963e0d000 	C:\Users\Admin\.gradle\native\53dbd7edfb1c66fb8903c78663c9afc45aea4f116125fa6feffd364cf09443e8\windows-amd64\native-platform-file-events.dll
0x00007ff966950000 - 0x00007ff96695a000 	C:\Program Files\Android\Android Studio\jre\bin\management.dll
0x00007ff966830000 - 0x00007ff96683c000 	C:\Program Files\Android\Android Studio\jre\bin\management_ext.dll
0x00007ff96e480000 - 0x00007ff96e498000 	C:\WINDOWS\SYSTEM32\CRYPTSP.dll
0x00007ff96dc10000 - 0x00007ff96dc44000 	C:\WINDOWS\system32\rsaenh.dll
0x00007ff96ebe0000 - 0x00007ff96ec07000 	C:\WINDOWS\System32\bcrypt.dll
0x00007ff96eab0000 - 0x00007ff96eade000 	C:\WINDOWS\SYSTEM32\USERENV.dll
0x00007ff96e4a0000 - 0x00007ff96e4ac000 	C:\WINDOWS\SYSTEM32\CRYPTBASE.dll
0x00007ff96df80000 - 0x00007ff96dfbb000 	C:\WINDOWS\SYSTEM32\IPHLPAPI.DLL
0x00007ff970c70000 - 0x00007ff970c78000 	C:\WINDOWS\System32\NSI.dll
0x00007ff968f70000 - 0x00007ff968f87000 	C:\WINDOWS\SYSTEM32\dhcpcsvc6.DLL
0x00007ff968f50000 - 0x00007ff968f6d000 	C:\WINDOWS\SYSTEM32\dhcpcsvc.DLL
0x00007ff96dfc0000 - 0x00007ff96e08c000 	C:\WINDOWS\SYSTEM32\DNSAPI.dll

dbghelp: loaded successfully - version: 4.0.5 - missing functions: none
symbol engine: initialized successfully - sym options: 0x614 - pdb path: .;C:\Program Files\Android\Android Studio\jre\bin;C:\WINDOWS\SYSTEM32;C:\WINDOWS\WinSxS\amd64_microsoft.windows.common-controls_6595b64144ccf1df_6.0.19041.1110_none_60b5254171f9507e;C:\Program Files\Android\Android Studio\jre\bin\server;C:\Users\Admin\.gradle\native\8bec1ad78214c89d9ad589b4d07fe93259594b29d510b10fafb7a158f7737e5d\windows-amd64;C:\Users\Admin\.gradle\native\53dbd7edfb1c66fb8903c78663c9afc45aea4f116125fa6feffd364cf09443e8\windows-amd64

VM Arguments:
jvm_args: --add-opens=java.base/java.util=ALL-UNNAMED --add-opens=java.base/java.lang=ALL-UNNAMED --add-opens=java.base/java.lang.invoke=ALL-UNNAMED --add-opens=java.base/java.util=ALL-UNNAMED --add-opens=java.prefs/java.util.prefs=ALL-UNNAMED --add-opens=java.prefs/java.util.prefs=ALL-UNNAMED --add-opens=java.base/java.nio.charset=ALL-UNNAMED --add-opens=java.base/java.net=ALL-UNNAMED --add-opens=java.base/java.util.concurrent.atomic=ALL-UNNAMED -Xmx2048m -Dfile.encoding=UTF-8 -Duser.country=US -Duser.language=en -Duser.variant 
java_command: org.gradle.launcher.daemon.bootstrap.GradleDaemon 7.0.2
java_class_path (initial): C:\Users\Admin\.gradle\wrapper\dists\gradle-7.0.2-bin\857tjihv64xamwrf0h14cai3r\gradle-7.0.2\lib\gradle-launcher-7.0.2.jar
Launcher Type: SUN_STANDARD

[Global flags]
     intx CICompilerCount                          = 4                                         {product} {ergonomic}
     uint ConcGCThreads                            = 2                                         {product} {ergonomic}
     uint G1ConcRefinementThreads                  = 8                                         {product} {ergonomic}
   size_t G1HeapRegionSize                         = 1048576                                   {product} {ergonomic}
    uintx GCDrainStackTargetSize                   = 64                                        {product} {ergonomic}
   size_t InitialHeapSize                          = 132120576                                 {product} {ergonomic}
   size_t MarkStackSize                            = 4194304                                   {product} {ergonomic}
   size_t MaxHeapSize                              = 2147483648                                {product} {command line}
   size_t MaxNewSize                               = 1287651328                                {product} {ergonomic}
   size_t MinHeapDeltaBytes                        = 1048576                                   {product} {ergonomic}
    uintx NonNMethodCodeHeapSize                   = 5836300                                {pd product} {ergonomic}
    uintx NonProfiledCodeHeapSize                  = 122910970                              {pd product} {ergonomic}
    uintx ProfiledCodeHeapSize                     = 122910970                              {pd product} {ergonomic}
    uintx ReservedCodeCacheSize                    = 251658240                              {pd product} {ergonomic}
     bool SegmentedCodeCache                       = true                                      {product} {ergonomic}
     bool UseCompressedClassPointers               = true                                 {lp64_product} {ergonomic}
     bool UseCompressedOops                        = true                                 {lp64_product} {ergonomic}
     bool UseG1GC                                  = true                                      {product} {ergonomic}
     bool UseLargePagesIndividualAllocation        = false                                  {pd product} {ergonomic}

Logging:
Log output configuration:
 #0: stdout all=warning uptime,level,tags
 #1: stderr all=off uptime,level,tags

Environment Variables:
PATH=C:\Program Files (x86)\Common Files\Oracle\Java\javapath;C:\Program Files\Common Files\Oracle\Java\javapath;C:\ProgramData\Oracle\Java\javapath;C:\WINDOWS\system32;C:\WINDOWS;C:\WINDOWS\System32\Wbem;C:\WINDOWS\System32\WindowsPowerShell\v1.0\;C:\WINDOWS\System32\OpenSSH\;C:\Program Files\Java\jdk-14\bin;C:\Program Files\Git\cmd;C:\Program Files\nodejs\;C:\Users\Admin\AppData\Local\Microsoft\WindowsApps;C:\Users\Admin\AppData\Roaming\npm;
USERNAME=Admin
OS=Windows_NT
PROCESSOR_IDENTIFIER=Intel64 Family 6 Model 142 Stepping 10, GenuineIntel



---------------  S Y S T E M  ---------------

OS: Windows 10 , 64 bit Build 19041 (10.0.19041.1202)
OS uptime: 0 days 4:49 hours

CPU:total 8 (initial active 8) (4 cores per cpu, 2 threads per core) family 6 model 142 stepping 10 microcode 0xb4, cmov, cx8, fxsr, mmx, sse, sse2, sse3, ssse3, sse4.1, sse4.2, popcnt, avx, avx2, aes, clmul, erms, 3dnowpref, lzcnt, ht, tsc, tscinvbit, bmi1, bmi2, adx, fma

Memory: 4k page, system-wide physical 8026M (1254M free)
TotalPageFile size 9050M (AvailPageFile size 2M)
current process WorkingSet (physical memory assigned to process): 326M, peak: 327M
current process commit charge ("private bytes"): 383M, peak: 385M

vm_info: OpenJDK 64-Bit Server VM (11.0.10+0-b96-7249189) for windows-amd64 JRE (11.0.10+0-b96-7249189), built on Mar 31 2021 21:44:00 by "builder" with MS VC++ 14.0 (VS2015)

END.
