#
# There is insufficient memory for the Java Runtime Environment to continue.
# Native memory allocation (malloc) failed to allocate 2160816 bytes for Chunk::new
# Possible reasons:
#   The system is out of physical RAM or swap space
#   The process is running with CompressedOops enabled, and the Java Heap may be blocking the growth of the native heap
# Possible solutions:
#   Reduce memory load on the system
#   Increase physical memory or swap space
#   Check if swap backing store is full
#   Decrease Java heap size (-Xmx/-Xms)
#   Decrease number of Java threads
#   Decrease Java thread stack sizes (-Xss)
#   Set larger code cache with -XX:ReservedCodeCacheSize=
#   JVM is running with Unscaled Compressed Oops mode in which the Java heap is
#     placed in the first 4GB address space. The Java Heap base address is the
#     maximum limit for the native heap growth. Please use -XX:HeapBaseMinAddress
#     to set the Java Heap base and to place the Java Heap above 4GB virtual address.
# This output file may be truncated or incomplete.
#
#  Out of Memory Error (./src/hotspot/share/memory/arena.cpp:197), pid=11308, tid=8736
#
# JRE version: OpenJDK Runtime Environment (11.0.10) (build 11.0.10+0-b96-7249189)
# Java VM: OpenJDK 64-Bit Server VM (11.0.10+0-b96-7249189, mixed mode, tiered, compressed oops, g1 gc, windows-amd64)
# No core dump will be written. Minidumps are not enabled by default on client versions of Windows
#

---------------  S U M M A R Y ------------

Command Line: --add-opens=java.base/java.util=ALL-UNNAMED --add-opens=java.base/java.lang=ALL-UNNAMED --add-opens=java.base/java.lang.invoke=ALL-UNNAMED --add-opens=java.base/java.util=ALL-UNNAMED --add-opens=java.prefs/java.util.prefs=ALL-UNNAMED --add-opens=java.prefs/java.util.prefs=ALL-UNNAMED --add-opens=java.base/java.nio.charset=ALL-UNNAMED --add-opens=java.base/java.net=ALL-UNNAMED --add-opens=java.base/java.util.concurrent.atomic=ALL-UNNAMED -Xmx2048m -Dfile.encoding=UTF-8 -Duser.country=US -Duser.language=en -Duser.variant org.gradle.launcher.daemon.bootstrap.GradleDaemon 7.0.2

Host: Intel(R) Core(TM) i7-8550U CPU @ 1.80GHz, 8 cores, 7G,  Windows 10 , 64 bit Build 19041 (10.0.19041.1202)
Time: Mon Oct 25 14:57:10 2021 Arab Standard Time elapsed time: 18.289795 seconds (0d 0h 0m 18s)

---------------  T H R E A D  ---------------

Current thread (0x0000028e4fa91800):  JavaThread "C2 CompilerThread2" daemon [_thread_in_native, id=8736, stack(0x0000009d86d00000,0x0000009d86e00000)]


Current CompileTask:
C2:  18290 3827       4       java.lang.invoke.LambdaForm$Name::replaceNames (174 bytes)

Stack: [0x0000009d86d00000,0x0000009d86e00000]
Native frames: (J=compiled Java code, j=interpreted, Vv=VM code, C=native code)
V  [jvm.dll+0x5ecfaa]
V  [jvm.dll+0x722bd5]
V  [jvm.dll+0x72412d]
V  [jvm.dll+0x7247e3]
V  [jvm.dll+0x242928]
V  [jvm.dll+0xbc4fc]
V  [jvm.dll+0xbca0c]
V  [jvm.dll+0x352d3b]
V  [jvm.dll+0x320ad3]
V  [jvm.dll+0x31ffca]
V  [jvm.dll+0x1fb602]
V  [jvm.dll+0x1fa7f4]
V  [jvm.dll+0x18354c]
V  [jvm.dll+0x208ee7]
V  [jvm.dll+0x207731]
V  [jvm.dll+0x6eb1cf]
V  [jvm.dll+0x6e3d45]
V  [jvm.dll+0x5ebe96]
C  [ucrtbase.dll+0x21bb2]
C  [KERNEL32.DLL+0x17034]
C  [ntdll.dll+0x52651]


---------------  P R O C E S S  ---------------

Threads class SMR info:
_java_thread_list=0x0000028e4fa50870, length=38, elements={
0x0000028e2ecbb000, 0x0000028e49912000, 0x0000028e49913000, 0x0000028e4a2a2800,
0x0000028e4992d800, 0x0000028e4992e000, 0x0000028e49939800, 0x0000028e4993d800,
0x0000028e49943000, 0x0000028e4a3f3000, 0x0000028e4d66c800, 0x0000028e4d36e800,
0x0000028e4caa6800, 0x0000028e4be2e800, 0x0000028e4cd75800, 0x0000028e4c16b800,
0x0000028e4c16c800, 0x0000028e4c4e7800, 0x0000028e4c4e8000, 0x0000028e4c0de000,
0x0000028e4c0dc800, 0x0000028e4c0df000, 0x0000028e4c0e0800, 0x0000028e4c0dd800,
0x0000028e4c0e1800, 0x0000028e4c0e0000, 0x0000028e4c0db800, 0x0000028e4c0e2800,
0x0000028e4f4c5000, 0x0000028e4f4c9000, 0x0000028e4bdfd000, 0x0000028e4f4c6000,
0x0000028e4f4c6800, 0x0000028e4f4ca000, 0x0000028e4f4c4000, 0x0000028e4fa91800,
0x0000028e4f4cb800, 0x0000028e4f4ca800
}

Java Threads: ( => current thread )
  0x0000028e2ecbb000 JavaThread "main" [_thread_blocked, id=9832, stack(0x0000009d83f00000,0x0000009d84000000)]
  0x0000028e49912000 JavaThread "Reference Handler" daemon [_thread_blocked, id=3476, stack(0x0000009d84600000,0x0000009d84700000)]
  0x0000028e49913000 JavaThread "Finalizer" daemon [_thread_blocked, id=7288, stack(0x0000009d84700000,0x0000009d84800000)]
  0x0000028e4a2a2800 JavaThread "Signal Dispatcher" daemon [_thread_blocked, id=4260, stack(0x0000009d84800000,0x0000009d84900000)]
  0x0000028e4992d800 JavaThread "Attach Listener" daemon [_thread_blocked, id=4992, stack(0x0000009d84900000,0x0000009d84a00000)]
  0x0000028e4992e000 JavaThread "Service Thread" daemon [_thread_blocked, id=8692, stack(0x0000009d84a00000,0x0000009d84b00000)]
  0x0000028e49939800 JavaThread "C2 CompilerThread0" daemon [_thread_in_native, id=7788, stack(0x0000009d84b00000,0x0000009d84c00000)]
  0x0000028e4993d800 JavaThread "C1 CompilerThread0" daemon [_thread_blocked, id=2268, stack(0x0000009d84c00000,0x0000009d84d00000)]
  0x0000028e49943000 JavaThread "Sweeper thread" daemon [_thread_blocked, id=8832, stack(0x0000009d84d00000,0x0000009d84e00000)]
  0x0000028e4a3f3000 JavaThread "Common-Cleaner" daemon [_thread_blocked, id=4716, stack(0x0000009d84e00000,0x0000009d84f00000)]
  0x0000028e4d66c800 JavaThread "Daemon health stats" [_thread_blocked, id=12344, stack(0x0000009d85400000,0x0000009d85500000)]
  0x0000028e4d36e800 JavaThread "Incoming local TCP Connector on port 50473" [_thread_in_native, id=11836, stack(0x0000009d85000000,0x0000009d85100000)]
  0x0000028e4caa6800 JavaThread "Daemon periodic checks" [_thread_blocked, id=12504, stack(0x0000009d85300000,0x0000009d85400000)]
  0x0000028e4be2e800 JavaThread "Daemon" [_thread_blocked, id=11652, stack(0x0000009d85500000,0x0000009d85600000)]
  0x0000028e4cd75800 JavaThread "Handler for socket connection from /127.0.0.1:50473 to /127.0.0.1:50474" [_thread_in_native, id=5684, stack(0x0000009d85600000,0x0000009d85700000)]
  0x0000028e4c16b800 JavaThread "Cancel handler" [_thread_blocked, id=8, stack(0x0000009d85700000,0x0000009d85800000)]
  0x0000028e4c16c800 JavaThread "Daemon worker" [_thread_in_Java, id=12768, stack(0x0000009d85800000,0x0000009d85900000)]
  0x0000028e4c4e7800 JavaThread "Asynchronous log dispatcher for DefaultDaemonConnection: socket connection from /127.0.0.1:50473 to /127.0.0.1:50474" [_thread_blocked, id=8152, stack(0x0000009d85900000,0x0000009d85a00000)]
  0x0000028e4c4e8000 JavaThread "Stdin handler" [_thread_blocked, id=3544, stack(0x0000009d85a00000,0x0000009d85b00000)]
  0x0000028e4c0de000 JavaThread "Daemon client event forwarder" [_thread_blocked, id=13304, stack(0x0000009d85b00000,0x0000009d85c00000)]
  0x0000028e4c0dc800 JavaThread "Cache worker for file hash cache (C:\Users\Admin\.gradle\caches\7.0.2\fileHashes)" [_thread_blocked, id=11960, stack(0x0000009d86100000,0x0000009d86200000)]
  0x0000028e4c0df000 JavaThread "File lock request listener" [_thread_in_native, id=9056, stack(0x0000009d86200000,0x0000009d86300000)]
  0x0000028e4c0e0800 JavaThread "Cache worker for journal cache (C:\Users\Admin\.gradle\caches\journal-1)" [_thread_blocked, id=3384, stack(0x0000009d86400000,0x0000009d86500000)]
  0x0000028e4c0dd800 JavaThread "Cache worker for file hash cache (C:\Users\Admin\AndroidStudioProjects\updateProfile2\.gradle\7.0.2\fileHashes)" [_thread_blocked, id=10116, stack(0x0000009d86600000,0x0000009d86700000)]
  0x0000028e4c0e1800 JavaThread "File watcher server" daemon [_thread_in_native, id=11068, stack(0x0000009d86700000,0x0000009d86800000)]
  0x0000028e4c0e0000 JavaThread "File watcher consumer" daemon [_thread_blocked, id=11252, stack(0x0000009d86800000,0x0000009d86900000)]
  0x0000028e4c0db800 JavaThread "Cache worker for checksums cache (C:\Users\Admin\AndroidStudioProjects\updateProfile2\.gradle\checksums)" [_thread_blocked, id=7000, stack(0x0000009d86900000,0x0000009d86a00000)]
  0x0000028e4c0e2800 JavaThread "Cache worker for cache directory md-supplier (C:\Users\Admin\.gradle\caches\7.0.2\md-supplier)" [_thread_blocked, id=9176, stack(0x0000009d86a00000,0x0000009d86b00000)]
  0x0000028e4f4c5000 JavaThread "Cache worker for cache directory md-rule (C:\Users\Admin\.gradle\caches\7.0.2\md-rule)" [_thread_blocked, id=9152, stack(0x0000009d86c00000,0x0000009d86d00000)]
  0x0000028e4f4c9000 JavaThread "Cache worker for execution history cache (C:\Users\Admin\.gradle\caches\7.0.2\executionHistory)" [_thread_blocked, id=640, stack(0x0000009d86b00000,0x0000009d86c00000)]
  0x0000028e4bdfd000 JavaThread "C2 CompilerThread1" daemon [_thread_in_native, id=12808, stack(0x0000009d86500000,0x0000009d86600000)]
  0x0000028e4f4c6000 JavaThread "jar transforms" [_thread_blocked, id=12412, stack(0x0000009d86e00000,0x0000009d86f00000)]
  0x0000028e4f4c6800 JavaThread "jar transforms Thread 2" [_thread_blocked, id=12956, stack(0x0000009d86f00000,0x0000009d87000000)]
  0x0000028e4f4ca000 JavaThread "Cache worker for file content cache (C:\Users\Admin\.gradle\caches\7.0.2\fileContent)" [_thread_blocked, id=11844, stack(0x0000009d87000000,0x0000009d87100000)]
  0x0000028e4f4c4000 JavaThread "Cache worker for dependencies-accessors (C:\Users\Admin\AndroidStudioProjects\updateProfile2\.gradle\7.0.2\dependencies-accessors)" [_thread_blocked, id=8876, stack(0x0000009d87100000,0x0000009d87200000)]
=>0x0000028e4fa91800 JavaThread "C2 CompilerThread2" daemon [_thread_in_native, id=8736, stack(0x0000009d86d00000,0x0000009d86e00000)]
  0x0000028e4f4cb800 JavaThread "jar transforms Thread 3" [_thread_blocked, id=8500, stack(0x0000009d87200000,0x0000009d87300000)]
  0x0000028e4f4ca800 JavaThread "Cache worker for Build Output Cleanup Cache (C:\Users\Admin\AndroidStudioProjects\updateProfile2\.gradle\buildOutputCleanup)" [_thread_blocked, id=2308, stack(0x0000009d87300000,0x0000009d87400000)]

Other Threads:
  0x0000028e4990e000 VMThread "VM Thread" [stack: 0x0000009d84500000,0x0000009d84600000] [id=1444]
  0x0000028e4a427000 WatcherThread [stack: 0x0000009d84f00000,0x0000009d85000000] [id=10120]
  0x0000028e2ecd4800 GCTaskThread "GC Thread#0" [stack: 0x0000009d84000000,0x0000009d84100000] [id=10784]
  0x0000028e4b0b2800 GCTaskThread "GC Thread#1" [stack: 0x0000009d85100000,0x0000009d85200000] [id=9404]
  0x0000028e4ac7a800 GCTaskThread "GC Thread#2" [stack: 0x0000009d85200000,0x0000009d85300000] [id=5952]
  0x0000028e4c30e000 GCTaskThread "GC Thread#3" [stack: 0x0000009d85c00000,0x0000009d85d00000] [id=12632]
  0x0000028e4c30e800 GCTaskThread "GC Thread#4" [stack: 0x0000009d85d00000,0x0000009d85e00000] [id=4484]
  0x0000028e4a80a800 GCTaskThread "GC Thread#5" [stack: 0x0000009d85e00000,0x0000009d85f00000] [id=3200]
  0x0000028e4a75d800 GCTaskThread "GC Thread#6" [stack: 0x0000009d85f00000,0x0000009d86000000] [id=4056]
  0x0000028e4c515800 GCTaskThread "GC Thread#7" [stack: 0x0000009d86000000,0x0000009d86100000] [id=9636]
  0x0000028e2ed06800 ConcurrentGCThread "G1 Main Marker" [stack: 0x0000009d84100000,0x0000009d84200000] [id=10068]
  0x0000028e2ed08800 ConcurrentGCThread "G1 Conc#0" [stack: 0x0000009d84200000,0x0000009d84300000] [id=12984]
  0x0000028e4c513000 ConcurrentGCThread "G1 Conc#1" [stack: 0x0000009d86300000,0x0000009d86400000] [id=7100]
  0x0000028e2ed99800 ConcurrentGCThread "G1 Refine#0" [stack: 0x0000009d84300000,0x0000009d84400000] [id=7904]
  0x0000028e49760800 ConcurrentGCThread "G1 Young RemSet Sampling" [stack: 0x0000009d84400000,0x0000009d84500000] [id=10360]

Threads with active compile tasks:
C2 CompilerThread0  18380 3922       4       com.esotericsoftware.kryo.io.Input::readUtf8 (90 bytes)
C1 CompilerThread0  18380 3966       3       org.gradle.internal.component.external.model.DefaultModuleComponentSelector::<init> (120 bytes)
C2 CompilerThread1  18380 3758       4       java.util.Arrays::binarySearch0 (95 bytes)
C2 CompilerThread2  18381 3827       4       java.lang.invoke.LambdaForm$Name::replaceNames (174 bytes)

VM state:not at safepoint (normal execution)

VM Mutex/Monitor currently owned by a thread: None

Heap address: 0x0000000080000000, size: 2048 MB, Compressed Oops mode: 32-bit
Narrow klass base: 0x0000000000000000, Narrow klass shift: 3
Compressed class space size: 1073741824 Address: 0x0000000100000000

Heap:
 garbage-first heap   total 155648K, used 39730K [0x0000000080000000, 0x0000000100000000)
  region size 1024K, 14 young (14336K), 3 survivors (3072K)
 Metaspace       used 45737K, capacity 46954K, committed 47052K, reserved 1089536K
  class space    used 5868K, capacity 6301K, committed 6348K, reserved 1048576K
Heap Regions: E=young(eden), S=young(survivor), O=old, HS=humongous(starts), HC=humongous(continues), CS=collection set, F=free, A=archive, TAMS=top-at-mark-start (previous, next)
|   0|0x0000000080000000, 0x0000000080100000, 0x0000000080100000|100%| O|  |TAMS 0x0000000080100000, 0x0000000080000000| Untracked 
|   1|0x0000000080100000, 0x0000000080200000, 0x0000000080200000|100%| O|  |TAMS 0x0000000080200000, 0x0000000080100000| Untracked 
|   2|0x0000000080200000, 0x0000000080300000, 0x0000000080300000|100%| O|  |TAMS 0x0000000080300000, 0x0000000080200000| Untracked 
|   3|0x0000000080300000, 0x0000000080400000, 0x0000000080400000|100%|HS|  |TAMS 0x0000000080400000, 0x0000000080300000| Complete 
|   4|0x0000000080400000, 0x0000000080500000, 0x0000000080500000|100%|HC|  |TAMS 0x0000000080500000, 0x0000000080400000| Complete 
|   5|0x0000000080500000, 0x0000000080600000, 0x0000000080600000|100%|HC|  |TAMS 0x0000000080600000, 0x0000000080500000| Complete 
|   6|0x0000000080600000, 0x0000000080700000, 0x0000000080700000|100%| O|  |TAMS 0x0000000080700000, 0x0000000080600000| Untracked 
|   7|0x0000000080700000, 0x0000000080800000, 0x0000000080800000|100%| O|  |TAMS 0x0000000080800000, 0x0000000080700000| Untracked 
|   8|0x0000000080800000, 0x0000000080900000, 0x0000000080900000|100%| O|  |TAMS 0x0000000080900000, 0x0000000080800000| Untracked 
|   9|0x0000000080900000, 0x0000000080a00000, 0x0000000080a00000|100%| O|  |TAMS 0x0000000080a00000, 0x0000000080900000| Untracked 
|  10|0x0000000080a00000, 0x0000000080b00000, 0x0000000080b00000|100%| O|  |TAMS 0x0000000080b00000, 0x0000000080a00000| Untracked 
|  11|0x0000000080b00000, 0x0000000080c00000, 0x0000000080c00000|100%| O|  |TAMS 0x0000000080c00000, 0x0000000080b00000| Untracked 
|  12|0x0000000080c00000, 0x0000000080d00000, 0x0000000080d00000|100%| O|  |TAMS 0x0000000080d00000, 0x0000000080c00000| Untracked 
|  13|0x0000000080d00000, 0x0000000080e00000, 0x0000000080e00000|100%| O|  |TAMS 0x0000000080e00000, 0x0000000080d00000| Untracked 
|  14|0x0000000080e00000, 0x0000000080f00000, 0x0000000080f00000|100%| O|  |TAMS 0x0000000080f00000, 0x0000000080e00000| Untracked 
|  15|0x0000000080f00000, 0x0000000081000000, 0x0000000081000000|100%| O|  |TAMS 0x0000000080fcb000, 0x0000000080f00000| Untracked 
|  16|0x0000000081000000, 0x0000000081000000, 0x0000000081100000|  0%| F|  |TAMS 0x0000000081000000, 0x0000000081000000| Untracked 
|  17|0x0000000081100000, 0x0000000081200000, 0x0000000081200000|100%| O|  |TAMS 0x0000000081100000, 0x0000000081100000| Untracked 
|  18|0x0000000081200000, 0x0000000081300000, 0x0000000081300000|100%| O|  |TAMS 0x0000000081200000, 0x0000000081200000| Untracked 
|  19|0x0000000081300000, 0x0000000081400000, 0x0000000081400000|100%| O|  |TAMS 0x0000000081300000, 0x0000000081300000| Untracked 
|  20|0x0000000081400000, 0x0000000081500000, 0x0000000081500000|100%| O|  |TAMS 0x0000000081400000, 0x0000000081400000| Untracked 
|  21|0x0000000081500000, 0x0000000081600000, 0x0000000081600000|100%| O|  |TAMS 0x0000000081500000, 0x0000000081500000| Untracked 
|  22|0x0000000081600000, 0x0000000081700000, 0x0000000081700000|100%| O|  |TAMS 0x0000000081600000, 0x0000000081600000| Untracked 
|  23|0x0000000081700000, 0x0000000081800000, 0x0000000081800000|100%| O|  |TAMS 0x0000000081700000, 0x0000000081700000| Untracked 
|  24|0x0000000081800000, 0x0000000081900000, 0x0000000081900000|100%| O|  |TAMS 0x0000000081800000, 0x0000000081800000| Untracked 
|  25|0x0000000081900000, 0x0000000081a00000, 0x0000000081a00000|100%| O|  |TAMS 0x0000000081900000, 0x0000000081900000| Untracked 
|  26|0x0000000081a00000, 0x0000000081af3200, 0x0000000081b00000| 94%| O|  |TAMS 0x0000000081a00000, 0x0000000081a00000| Untracked 
|  27|0x0000000081b00000, 0x0000000081b00000, 0x0000000081c00000|  0%| F|  |TAMS 0x0000000081b00000, 0x0000000081b00000| Untracked 
|  28|0x0000000081c00000, 0x0000000081c00000, 0x0000000081d00000|  0%| F|  |TAMS 0x0000000081c00000, 0x0000000081c00000| Untracked 
|  29|0x0000000081d00000, 0x0000000081d00000, 0x0000000081e00000|  0%| F|  |TAMS 0x0000000081d00000, 0x0000000081d00000| Untracked 
|  30|0x0000000081e00000, 0x0000000081e00000, 0x0000000081f00000|  0%| F|  |TAMS 0x0000000081e00000, 0x0000000081e00000| Untracked 
|  31|0x0000000081f00000, 0x0000000081f00000, 0x0000000082000000|  0%| F|  |TAMS 0x0000000081f00000, 0x0000000081f00000| Untracked 
|  32|0x0000000082000000, 0x0000000082000000, 0x0000000082100000|  0%| F|  |TAMS 0x0000000082000000, 0x0000000082000000| Untracked 
|  33|0x0000000082100000, 0x0000000082100000, 0x0000000082200000|  0%| F|  |TAMS 0x0000000082100000, 0x0000000082100000| Untracked 
|  34|0x0000000082200000, 0x0000000082200000, 0x0000000082300000|  0%| F|  |TAMS 0x0000000082200000, 0x0000000082200000| Untracked 
|  35|0x0000000082300000, 0x0000000082300000, 0x0000000082400000|  0%| F|  |TAMS 0x0000000082300000, 0x0000000082300000| Untracked 
|  36|0x0000000082400000, 0x0000000082400000, 0x0000000082500000|  0%| F|  |TAMS 0x0000000082400000, 0x0000000082400000| Untracked 
|  37|0x0000000082500000, 0x0000000082500000, 0x0000000082600000|  0%| F|  |TAMS 0x0000000082500000, 0x0000000082500000| Untracked 
|  38|0x0000000082600000, 0x0000000082600000, 0x0000000082700000|  0%| F|  |TAMS 0x0000000082600000, 0x0000000082600000| Untracked 
|  39|0x0000000082700000, 0x0000000082700000, 0x0000000082800000|  0%| F|  |TAMS 0x0000000082700000, 0x0000000082700000| Untracked 
|  40|0x0000000082800000, 0x0000000082800000, 0x0000000082900000|  0%| F|  |TAMS 0x0000000082800000, 0x0000000082800000| Untracked 
|  41|0x0000000082900000, 0x0000000082900000, 0x0000000082a00000|  0%| F|  |TAMS 0x0000000082900000, 0x0000000082900000| Untracked 
|  42|0x0000000082a00000, 0x0000000082a00000, 0x0000000082b00000|  0%| F|  |TAMS 0x0000000082a00000, 0x0000000082a00000| Untracked 
|  43|0x0000000082b00000, 0x0000000082b00000, 0x0000000082c00000|  0%| F|  |TAMS 0x0000000082b00000, 0x0000000082b00000| Untracked 
|  44|0x0000000082c00000, 0x0000000082c00000, 0x0000000082d00000|  0%| F|  |TAMS 0x0000000082c00000, 0x0000000082c00000| Untracked 
|  45|0x0000000082d00000, 0x0000000082d00000, 0x0000000082e00000|  0%| F|  |TAMS 0x0000000082d00000, 0x0000000082d00000| Untracked 
|  46|0x0000000082e00000, 0x0000000082e00000, 0x0000000082f00000|  0%| F|  |TAMS 0x0000000082e00000, 0x0000000082e00000| Untracked 
|  47|0x0000000082f00000, 0x0000000082f00000, 0x0000000083000000|  0%| F|  |TAMS 0x0000000082f00000, 0x0000000082f00000| Untracked 
|  48|0x0000000083000000, 0x0000000083000000, 0x0000000083100000|  0%| F|  |TAMS 0x0000000083000000, 0x0000000083000000| Untracked 
|  49|0x0000000083100000, 0x0000000083100000, 0x0000000083200000|  0%| F|  |TAMS 0x0000000083100000, 0x0000000083100000| Untracked 
|  50|0x0000000083200000, 0x0000000083200000, 0x0000000083300000|  0%| F|  |TAMS 0x0000000083200000, 0x0000000083200000| Untracked 
|  51|0x0000000083300000, 0x0000000083300000, 0x0000000083400000|  0%| F|  |TAMS 0x0000000083300000, 0x0000000083300000| Untracked 
|  52|0x0000000083400000, 0x0000000083400000, 0x0000000083500000|  0%| F|  |TAMS 0x0000000083400000, 0x0000000083400000| Untracked 
|  53|0x0000000083500000, 0x0000000083500000, 0x0000000083600000|  0%| F|  |TAMS 0x0000000083500000, 0x0000000083500000| Untracked 
|  54|0x0000000083600000, 0x0000000083600000, 0x0000000083700000|  0%| F|  |TAMS 0x0000000083600000, 0x0000000083600000| Untracked 
|  55|0x0000000083700000, 0x0000000083700000, 0x0000000083800000|  0%| F|  |TAMS 0x0000000083700000, 0x0000000083700000| Untracked 
|  56|0x0000000083800000, 0x0000000083800000, 0x0000000083900000|  0%| F|  |TAMS 0x0000000083800000, 0x0000000083800000| Untracked 
|  57|0x0000000083900000, 0x0000000083900000, 0x0000000083a00000|  0%| F|  |TAMS 0x0000000083900000, 0x0000000083900000| Untracked 
|  58|0x0000000083a00000, 0x0000000083a00000, 0x0000000083b00000|  0%| F|  |TAMS 0x0000000083a00000, 0x0000000083a00000| Untracked 
|  59|0x0000000083b00000, 0x0000000083b00000, 0x0000000083c00000|  0%| F|  |TAMS 0x0000000083b00000, 0x0000000083b00000| Untracked 
|  60|0x0000000083c00000, 0x0000000083cd99e0, 0x0000000083d00000| 85%| S|CS|TAMS 0x0000000083c00000, 0x0000000083c00000| Complete 
|  61|0x0000000083d00000, 0x0000000083e00000, 0x0000000083e00000|100%| S|CS|TAMS 0x0000000083d00000, 0x0000000083d00000| Complete 
|  62|0x0000000083e00000, 0x0000000083f00000, 0x0000000083f00000|100%| S|CS|TAMS 0x0000000083e00000, 0x0000000083e00000| Complete 
|  63|0x0000000083f00000, 0x0000000083f00000, 0x0000000084000000|  0%| F|  |TAMS 0x0000000083f00000, 0x0000000083f00000| Untracked 
|  64|0x0000000084000000, 0x0000000084000000, 0x0000000084100000|  0%| F|  |TAMS 0x0000000084000000, 0x0000000084000000| Untracked 
|  65|0x0000000084100000, 0x0000000084100000, 0x0000000084200000|  0%| F|  |TAMS 0x0000000084100000, 0x0000000084100000| Untracked 
|  66|0x0000000084200000, 0x0000000084200000, 0x0000000084300000|  0%| F|  |TAMS 0x0000000084200000, 0x0000000084200000| Untracked 
|  67|0x0000000084300000, 0x0000000084300000, 0x0000000084400000|  0%| F|  |TAMS 0x0000000084300000, 0x0000000084300000| Untracked 
|  68|0x0000000084400000, 0x0000000084400000, 0x0000000084500000|  0%| F|  |TAMS 0x0000000084400000, 0x0000000084400000| Untracked 
|  69|0x0000000084500000, 0x0000000084500000, 0x0000000084600000|  0%| F|  |TAMS 0x0000000084500000, 0x0000000084500000| Untracked 
|  70|0x0000000084600000, 0x0000000084600000, 0x0000000084700000|  0%| F|  |TAMS 0x0000000084600000, 0x0000000084600000| Untracked 
|  71|0x0000000084700000, 0x0000000084700000, 0x0000000084800000|  0%| F|  |TAMS 0x0000000084700000, 0x0000000084700000| Untracked 
|  72|0x0000000084800000, 0x0000000084800000, 0x0000000084900000|  0%| F|  |TAMS 0x0000000084800000, 0x0000000084800000| Untracked 
|  73|0x0000000084900000, 0x0000000084900000, 0x0000000084a00000|  0%| F|  |TAMS 0x0000000084900000, 0x0000000084900000| Untracked 
|  74|0x0000000084a00000, 0x0000000084a00000, 0x0000000084b00000|  0%| F|  |TAMS 0x0000000084a00000, 0x0000000084a00000| Untracked 
|  75|0x0000000084b00000, 0x0000000084b00000, 0x0000000084c00000|  0%| F|  |TAMS 0x0000000084b00000, 0x0000000084b00000| Untracked 
|  76|0x0000000084c00000, 0x0000000084c00000, 0x0000000084d00000|  0%| F|  |TAMS 0x0000000084c00000, 0x0000000084c00000| Untracked 
|  77|0x0000000084d00000, 0x0000000084d00000, 0x0000000084e00000|  0%| F|  |TAMS 0x0000000084d00000, 0x0000000084d00000| Untracked 
|  78|0x0000000084e00000, 0x0000000084e00000, 0x0000000084f00000|  0%| F|  |TAMS 0x0000000084e00000, 0x0000000084e00000| Untracked 
|  79|0x0000000084f00000, 0x0000000084f00000, 0x0000000085000000|  0%| F|  |TAMS 0x0000000084f00000, 0x0000000084f00000| Untracked 
|  80|0x0000000085000000, 0x0000000085000000, 0x0000000085100000|  0%| F|  |TAMS 0x0000000085000000, 0x0000000085000000| Untracked 
|  81|0x0000000085100000, 0x0000000085100000, 0x0000000085200000|  0%| F|  |TAMS 0x0000000085100000, 0x0000000085100000| Untracked 
|  82|0x0000000085200000, 0x0000000085200000, 0x0000000085300000|  0%| F|  |TAMS 0x0000000085200000, 0x0000000085200000| Untracked 
|  83|0x0000000085300000, 0x0000000085300000, 0x0000000085400000|  0%| F|  |TAMS 0x0000000085300000, 0x0000000085300000| Untracked 
|  84|0x0000000085400000, 0x0000000085400000, 0x0000000085500000|  0%| F|  |TAMS 0x0000000085400000, 0x0000000085400000| Untracked 
|  85|0x0000000085500000, 0x0000000085500000, 0x0000000085600000|  0%| F|  |TAMS 0x0000000085500000, 0x0000000085500000| Untracked 
|  86|0x0000000085600000, 0x0000000085600000, 0x0000000085700000|  0%| F|  |TAMS 0x0000000085600000, 0x0000000085600000| Untracked 
|  87|0x0000000085700000, 0x0000000085700000, 0x0000000085800000|  0%| F|  |TAMS 0x0000000085700000, 0x0000000085700000| Untracked 
|  88|0x0000000085800000, 0x0000000085800000, 0x0000000085900000|  0%| F|  |TAMS 0x0000000085800000, 0x0000000085800000| Untracked 
|  89|0x0000000085900000, 0x0000000085900000, 0x0000000085a00000|  0%| F|  |TAMS 0x0000000085900000, 0x0000000085900000| Untracked 
|  90|0x0000000085a00000, 0x0000000085a00000, 0x0000000085b00000|  0%| F|  |TAMS 0x0000000085a00000, 0x0000000085a00000| Untracked 
|  91|0x0000000085b00000, 0x0000000085b00000, 0x0000000085c00000|  0%| F|  |TAMS 0x0000000085b00000, 0x0000000085b00000| Untracked 
|  92|0x0000000085c00000, 0x0000000085c00000, 0x0000000085d00000|  0%| F|  |TAMS 0x0000000085c00000, 0x0000000085c00000| Untracked 
|  93|0x0000000085d00000, 0x0000000085d00000, 0x0000000085e00000|  0%| F|  |TAMS 0x0000000085d00000, 0x0000000085d00000| Untracked 
|  94|0x0000000085e00000, 0x0000000085e00000, 0x0000000085f00000|  0%| F|  |TAMS 0x0000000085e00000, 0x0000000085e00000| Untracked 
|  95|0x0000000085f00000, 0x0000000085f00000, 0x0000000086000000|  0%| F|  |TAMS 0x0000000085f00000, 0x0000000085f00000| Untracked 
|  96|0x0000000086000000, 0x0000000086000000, 0x0000000086100000|  0%| F|  |TAMS 0x0000000086000000, 0x0000000086000000| Untracked 
|  97|0x0000000086100000, 0x0000000086100000, 0x0000000086200000|  0%| F|  |TAMS 0x0000000086100000, 0x0000000086100000| Untracked 
|  98|0x0000000086200000, 0x0000000086200000, 0x0000000086300000|  0%| F|  |TAMS 0x0000000086200000, 0x0000000086200000| Untracked 
|  99|0x0000000086300000, 0x0000000086300000, 0x0000000086400000|  0%| F|  |TAMS 0x0000000086300000, 0x0000000086300000| Untracked 
| 100|0x0000000086400000, 0x0000000086400000, 0x0000000086500000|  0%| F|  |TAMS 0x0000000086400000, 0x0000000086400000| Untracked 
| 101|0x0000000086500000, 0x0000000086500000, 0x0000000086600000|  0%| F|  |TAMS 0x0000000086500000, 0x0000000086500000| Untracked 
| 102|0x0000000086600000, 0x0000000086600000, 0x0000000086700000|  0%| F|  |TAMS 0x0000000086600000, 0x0000000086600000| Untracked 
| 103|0x0000000086700000, 0x0000000086700000, 0x0000000086800000|  0%| F|  |TAMS 0x0000000086700000, 0x0000000086700000| Untracked 
| 104|0x0000000086800000, 0x0000000086800000, 0x0000000086900000|  0%| F|  |TAMS 0x0000000086800000, 0x0000000086800000| Untracked 
| 105|0x0000000086900000, 0x0000000086900000, 0x0000000086a00000|  0%| F|  |TAMS 0x0000000086900000, 0x0000000086900000| Untracked 
| 106|0x0000000086a00000, 0x0000000086a00000, 0x0000000086b00000|  0%| F|  |TAMS 0x0000000086a00000, 0x0000000086a00000| Untracked 
| 107|0x0000000086b00000, 0x0000000086b00000, 0x0000000086c00000|  0%| F|  |TAMS 0x0000000086b00000, 0x0000000086b00000| Untracked 
| 108|0x0000000086c00000, 0x0000000086c00000, 0x0000000086d00000|  0%| F|  |TAMS 0x0000000086c00000, 0x0000000086c00000| Untracked 
| 109|0x0000000086d00000, 0x0000000086d00000, 0x0000000086e00000|  0%| F|  |TAMS 0x0000000086d00000, 0x0000000086d00000| Untracked 
| 110|0x0000000086e00000, 0x0000000086e00000, 0x0000000086f00000|  0%| F|  |TAMS 0x0000000086e00000, 0x0000000086e00000| Untracked 
| 111|0x0000000086f00000, 0x0000000086f00000, 0x0000000087000000|  0%| F|  |TAMS 0x0000000086f00000, 0x0000000086f00000| Untracked 
| 112|0x0000000087000000, 0x0000000087000000, 0x0000000087100000|  0%| F|  |TAMS 0x0000000087000000, 0x0000000087000000| Untracked 
| 113|0x0000000087100000, 0x0000000087100000, 0x0000000087200000|  0%| F|  |TAMS 0x0000000087100000, 0x0000000087100000| Untracked 
| 114|0x0000000087200000, 0x0000000087200000, 0x0000000087300000|  0%| F|  |TAMS 0x0000000087200000, 0x0000000087200000| Untracked 
| 115|0x0000000087300000, 0x0000000087300000, 0x0000000087400000|  0%| F|  |TAMS 0x0000000087300000, 0x0000000087300000| Untracked 
| 116|0x0000000087400000, 0x0000000087400000, 0x0000000087500000|  0%| F|  |TAMS 0x0000000087400000, 0x0000000087400000| Untracked 
| 117|0x0000000087500000, 0x0000000087500000, 0x0000000087600000|  0%| F|  |TAMS 0x0000000087500000, 0x0000000087500000| Untracked 
| 118|0x0000000087600000, 0x0000000087600000, 0x0000000087700000|  0%| F|  |TAMS 0x0000000087600000, 0x0000000087600000| Untracked 
| 119|0x0000000087700000, 0x0000000087700000, 0x0000000087800000|  0%| F|  |TAMS 0x0000000087700000, 0x0000000087700000| Untracked 
| 120|0x0000000087800000, 0x0000000087800000, 0x0000000087900000|  0%| F|  |TAMS 0x0000000087800000, 0x0000000087800000| Untracked 
| 121|0x0000000087900000, 0x0000000087900000, 0x0000000087a00000|  0%| F|  |TAMS 0x0000000087900000, 0x0000000087900000| Untracked 
| 122|0x0000000087a00000, 0x0000000087a00000, 0x0000000087b00000|  0%| F|  |TAMS 0x0000000087a00000, 0x0000000087a00000| Untracked 
| 123|0x0000000087b00000, 0x0000000087b00000, 0x0000000087c00000|  0%| F|  |TAMS 0x0000000087b00000, 0x0000000087b00000| Untracked 
| 124|0x0000000087c00000, 0x0000000087c00000, 0x0000000087d00000|  0%| F|  |TAMS 0x0000000087c00000, 0x0000000087c00000| Untracked 
| 125|0x0000000087d00000, 0x0000000087d00000, 0x0000000087e00000|  0%| F|  |TAMS 0x0000000087d00000, 0x0000000087d00000| Untracked 
| 126|0x0000000087e00000, 0x0000000087e00000, 0x0000000087f00000|  0%| F|  |TAMS 0x0000000087e00000, 0x0000000087e00000| Untracked 
| 127|0x0000000087f00000, 0x0000000087f00000, 0x0000000088000000|  0%| F|  |TAMS 0x0000000087f00000, 0x0000000087f00000| Untracked 
| 128|0x0000000088000000, 0x0000000088000000, 0x0000000088100000|  0%| F|  |TAMS 0x0000000088000000, 0x0000000088000000| Untracked 
| 129|0x0000000088100000, 0x0000000088100000, 0x0000000088200000|  0%| F|  |TAMS 0x0000000088100000, 0x0000000088100000| Untracked 
| 130|0x0000000088200000, 0x0000000088200000, 0x0000000088300000|  0%| F|  |TAMS 0x0000000088200000, 0x0000000088200000| Untracked 
| 131|0x0000000088300000, 0x0000000088300000, 0x0000000088400000|  0%| F|  |TAMS 0x0000000088300000, 0x0000000088300000| Untracked 
| 132|0x0000000088400000, 0x0000000088400000, 0x0000000088500000|  0%| F|  |TAMS 0x0000000088400000, 0x0000000088400000| Untracked 
| 133|0x0000000088500000, 0x0000000088500000, 0x0000000088600000|  0%| F|  |TAMS 0x0000000088500000, 0x0000000088500000| Untracked 
| 134|0x0000000088600000, 0x0000000088600000, 0x0000000088700000|  0%| F|  |TAMS 0x0000000088600000, 0x0000000088600000| Untracked 
| 135|0x0000000088700000, 0x0000000088700000, 0x0000000088800000|  0%| F|  |TAMS 0x0000000088700000, 0x0000000088700000| Untracked 
| 136|0x0000000088800000, 0x0000000088800000, 0x0000000088900000|  0%| F|  |TAMS 0x0000000088800000, 0x0000000088800000| Untracked 
| 137|0x0000000088900000, 0x0000000088900000, 0x0000000088a00000|  0%| F|  |TAMS 0x0000000088900000, 0x0000000088900000| Untracked 
| 138|0x0000000088a00000, 0x0000000088a00000, 0x0000000088b00000|  0%| F|  |TAMS 0x0000000088a00000, 0x0000000088a00000| Untracked 
| 139|0x0000000088b00000, 0x0000000088b00000, 0x0000000088c00000|  0%| F|  |TAMS 0x0000000088b00000, 0x0000000088b00000| Untracked 
| 140|0x0000000088c00000, 0x0000000088c00000, 0x0000000088d00000|  0%| F|  |TAMS 0x0000000088c00000, 0x0000000088c00000| Untracked 
| 141|0x0000000088d00000, 0x0000000088d81010, 0x0000000088e00000| 50%| E|  |TAMS 0x0000000088d00000, 0x0000000088d00000| Complete 
| 142|0x0000000088e00000, 0x0000000088f00000, 0x0000000088f00000|100%| E|CS|TAMS 0x0000000088e00000, 0x0000000088e00000| Complete 
| 143|0x0000000088f00000, 0x0000000089000000, 0x0000000089000000|100%| E|CS|TAMS 0x0000000088f00000, 0x0000000088f00000| Complete 
| 144|0x0000000089000000, 0x0000000089100000, 0x0000000089100000|100%| E|CS|TAMS 0x0000000089000000, 0x0000000089000000| Complete 
| 145|0x0000000089100000, 0x0000000089200000, 0x0000000089200000|100%| E|CS|TAMS 0x0000000089100000, 0x0000000089100000| Complete 
| 146|0x0000000089200000, 0x0000000089300000, 0x0000000089300000|100%| E|CS|TAMS 0x0000000089200000, 0x0000000089200000| Complete 
| 147|0x0000000089300000, 0x0000000089400000, 0x0000000089400000|100%| E|CS|TAMS 0x0000000089300000, 0x0000000089300000| Complete 
| 148|0x0000000089400000, 0x0000000089500000, 0x0000000089500000|100%| E|CS|TAMS 0x0000000089400000, 0x0000000089400000| Complete 
| 149|0x0000000089500000, 0x0000000089600000, 0x0000000089600000|100%| E|CS|TAMS 0x0000000089500000, 0x0000000089500000| Complete 
| 150|0x0000000089600000, 0x0000000089700000, 0x0000000089700000|100%| E|CS|TAMS 0x0000000089600000, 0x0000000089600000| Complete 
| 151|0x0000000089700000, 0x0000000089800000, 0x0000000089800000|100%| E|CS|TAMS 0x0000000089700000, 0x0000000089700000| Complete 

Card table byte_map: [0x0000028e42640000,0x0000028e42a40000] _byte_map_base: 0x0000028e42240000

Marking Bits (Prev, Next): (CMBitMap*) 0x0000028e2ecfd978, (CMBitMap*) 0x0000028e2ecfd9b0
 Prev Bits: [0x0000028e42e40000, 0x0000028e44e40000)
 Next Bits: [0x0000028e44e40000, 0x0000028e46e40000)

Polling page: 0x0000028e2eda0000

Metaspace:

Usage:
  Non-class:     39.70 MB capacity,    38.94 MB ( 98%) used,   662.97 KB (  2%) free+waste,   112.13 KB ( <1%) overhead. 
      Class:      6.15 MB capacity,     5.73 MB ( 93%) used,   377.84 KB (  6%) free+waste,    53.94 KB ( <1%) overhead. 
       Both:     45.85 MB capacity,    44.67 MB ( 97%) used,     1.02 MB (  2%) free+waste,   166.06 KB ( <1%) overhead. 

Virtual space:
  Non-class space:       40.00 MB reserved,      39.75 MB (>99%) committed 
      Class space:        1.00 GB reserved,       6.20 MB ( <1%) committed 
             Both:        1.04 GB reserved,      45.95 MB (  4%) committed 

Chunk freelists:
   Non-Class:  51.00 KB
       Class:  3.00 KB
        Both:  54.00 KB

MaxMetaspaceSize: 17179869184.00 GB
CompressedClassSpaceSize: 1.00 GB

CodeHeap 'non-profiled nmethods': size=120000Kb used=2074Kb max_used=2074Kb free=117925Kb
 bounds [0x0000028e3a2a0000, 0x0000028e3a510000, 0x0000028e417d0000]
CodeHeap 'profiled nmethods': size=120000Kb used=8361Kb max_used=8361Kb free=111638Kb
 bounds [0x0000028e32d70000, 0x0000028e335a0000, 0x0000028e3a2a0000]
CodeHeap 'non-nmethods': size=5760Kb used=2213Kb max_used=2252Kb free=3546Kb
 bounds [0x0000028e327d0000, 0x0000028e32a40000, 0x0000028e32d70000]
 total_blobs=4717 nmethods=3935 adapters=693
 compilation: enabled
              stopped_count=0, restarted_count=0
 full_count=0

Compilation events (20 events):
Event: 18.279 Thread 0x0000028e4993d800 nmethod 3887 0x0000028e3a498590 code [0x0000028e3a498740, 0x0000028e3a4987f8]
Event: 18.279 Thread 0x0000028e4993d800 3886       1       org.gradle.api.internal.artifacts.DefaultModuleIdentifier::hashCode (5 bytes)
Event: 18.279 Thread 0x0000028e4993d800 nmethod 3886 0x0000028e3a498890 code [0x0000028e3a498a40, 0x0000028e3a498af8]
Event: 18.280 Thread 0x0000028e4993d800 3888       1       org.gradle.internal.component.external.model.GradleDependencyMetadata::getSelector (5 bytes)
Event: 18.281 Thread 0x0000028e4993d800 nmethod 3888 0x0000028e3a498b90 code [0x0000028e3a498d40, 0x0000028e3a498df8]
Event: 18.281 Thread 0x0000028e4993d800 3889       1       org.gradle.internal.component.external.model.GradleDependencyMetadata::isConstraint (5 bytes)
Event: 18.281 Thread 0x0000028e4993d800 nmethod 3889 0x0000028e3a498e90 code [0x0000028e3a499040, 0x0000028e3a4990f8]
Event: 18.281 Thread 0x0000028e4993d800 3890       3       java.lang.Boolean::hashCode (14 bytes)
Event: 18.282 Thread 0x0000028e4993d800 nmethod 3890 0x0000028e33582790 code [0x0000028e33582940, 0x0000028e33582a78]
Event: 18.282 Thread 0x0000028e4993d800 3891       1       org.gradle.api.internal.artifacts.dependencies.DefaultImmutableVersionConstraint::hashCode (5 bytes)
Event: 18.282 Thread 0x0000028e4993d800 nmethod 3891 0x0000028e3a499190 code [0x0000028e3a499340, 0x0000028e3a4993f8]
Event: 18.282 Thread 0x0000028e4993d800 3892       1       org.gradle.api.internal.artifacts.dependencies.DefaultImmutableVersionConstraint::getStrictVersion (5 bytes)
Event: 18.283 Thread 0x0000028e4993d800 nmethod 3892 0x0000028e3a499490 code [0x0000028e3a499640, 0x0000028e3a4996f8]
Event: 18.283 Thread 0x0000028e4993d800 3893       3       java.lang.Boolean::hashCode (8 bytes)
Event: 18.284 Thread 0x0000028e4993d800 nmethod 3893 0x0000028e33582b10 code [0x0000028e33582cc0, 0x0000028e33582e78]
Event: 18.284 Thread 0x0000028e4993d800 3894       3       com.google.common.base.Objects::equal (23 bytes)
Event: 18.284 Thread 0x0000028e4993d800 nmethod 3894 0x0000028e33582f10 code [0x0000028e335830e0, 0x0000028e33583348]
Event: 18.284 Thread 0x0000028e4993d800 3895       1       org.gradle.internal.component.external.model.DefaultModuleComponentSelector::getVersionConstraint (5 bytes)
Event: 18.285 Thread 0x0000028e4993d800 nmethod 3895 0x0000028e3a499790 code [0x0000028e3a499940, 0x0000028e3a4999f8]
Event: 18.285 Thread 0x0000028e4993d800 3896       3       org.gradle.internal.component.external.model.GradleDependencyMetadata::getSelector (5 bytes)

GC Heap History (16 events):
Event: 2.194 GC heap before
{Heap before GC invocations=0 (full 0):
 garbage-first heap   total 129024K, used 29696K [0x0000000080000000, 0x0000000100000000)
  region size 1024K, 24 young (24576K), 0 survivors (0K)
 Metaspace       used 9800K, capacity 9986K, committed 10112K, reserved 1058816K
  class space    used 1022K, capacity 1102K, committed 1152K, reserved 1048576K
}
Event: 2.210 GC heap after
{Heap after GC invocations=1 (full 0):
 garbage-first heap   total 129024K, used 9098K [0x0000000080000000, 0x0000000100000000)
  region size 1024K, 3 young (3072K), 3 survivors (3072K)
 Metaspace       used 9800K, capacity 9986K, committed 10112K, reserved 1058816K
  class space    used 1022K, capacity 1102K, committed 1152K, reserved 1048576K
}
Event: 3.119 GC heap before
{Heap before GC invocations=1 (full 0):
 garbage-first heap   total 129024K, used 30602K [0x0000000080000000, 0x0000000100000000)
  region size 1024K, 24 young (24576K), 3 survivors (3072K)
 Metaspace       used 10713K, capacity 10939K, committed 11264K, reserved 1058816K
  class space    used 1123K, capacity 1206K, committed 1280K, reserved 1048576K
}
Event: 3.129 GC heap after
{Heap after GC invocations=2 (full 0):
 garbage-first heap   total 129024K, used 9625K [0x0000000080000000, 0x0000000100000000)
  region size 1024K, 1 young (1024K), 1 survivors (1024K)
 Metaspace       used 10713K, capacity 10939K, committed 11264K, reserved 1058816K
  class space    used 1123K, capacity 1206K, committed 1280K, reserved 1048576K
}
Event: 8.891 GC heap before
{Heap before GC invocations=2 (full 0):
 garbage-first heap   total 129024K, used 56729K [0x0000000080000000, 0x0000000100000000)
  region size 1024K, 47 young (48128K), 1 survivors (1024K)
 Metaspace       used 17440K, capacity 17895K, committed 18048K, reserved 1064960K
  class space    used 2034K, capacity 2172K, committed 2176K, reserved 1048576K
}
Event: 8.905 GC heap after
{Heap after GC invocations=3 (full 0):
 garbage-first heap   total 129024K, used 15714K [0x0000000080000000, 0x0000000100000000)
  region size 1024K, 6 young (6144K), 6 survivors (6144K)
 Metaspace       used 17440K, capacity 17895K, committed 18048K, reserved 1064960K
  class space    used 2034K, capacity 2172K, committed 2176K, reserved 1048576K
}
Event: 9.706 GC heap before
{Heap before GC invocations=3 (full 0):
 garbage-first heap   total 129024K, used 43362K [0x0000000080000000, 0x0000000100000000)
  region size 1024K, 34 young (34816K), 6 survivors (6144K)
 Metaspace       used 20629K, capacity 21119K, committed 21248K, reserved 1067008K
  class space    used 2518K, capacity 2720K, committed 2816K, reserved 1048576K
}
Event: 9.726 GC heap after
{Heap after GC invocations=4 (full 0):
 garbage-first heap   total 129024K, used 17257K [0x0000000080000000, 0x0000000100000000)
  region size 1024K, 2 young (2048K), 2 survivors (2048K)
 Metaspace       used 20629K, capacity 21119K, committed 21248K, reserved 1067008K
  class space    used 2518K, capacity 2720K, committed 2816K, reserved 1048576K
}
Event: 11.137 GC heap before
{Heap before GC invocations=5 (full 0):
 garbage-first heap   total 129024K, used 65385K [0x0000000080000000, 0x0000000100000000)
  region size 1024K, 50 young (51200K), 2 survivors (2048K)
 Metaspace       used 25685K, capacity 26291K, committed 26496K, reserved 1073152K
  class space    used 3357K, capacity 3598K, committed 3712K, reserved 1048576K
}
Event: 11.145 GC heap after
{Heap after GC invocations=6 (full 0):
 garbage-first heap   total 129024K, used 18899K [0x0000000080000000, 0x0000000100000000)
  region size 1024K, 3 young (3072K), 3 survivors (3072K)
 Metaspace       used 25685K, capacity 26291K, committed 26496K, reserved 1073152K
  class space    used 3357K, capacity 3598K, committed 3712K, reserved 1048576K
}
Event: 13.649 GC heap before
{Heap before GC invocations=6 (full 0):
 garbage-first heap   total 129024K, used 78291K [0x0000000080000000, 0x0000000100000000)
  region size 1024K, 63 young (64512K), 3 survivors (3072K)
 Metaspace       used 35045K, capacity 35832K, committed 35840K, reserved 1081344K
  class space    used 4539K, capacity 4864K, committed 4864K, reserved 1048576K
}
Event: 13.679 GC heap after
{Heap after GC invocations=7 (full 0):
 garbage-first heap   total 129024K, used 22422K [0x0000000080000000, 0x0000000100000000)
  region size 1024K, 7 young (7168K), 7 survivors (7168K)
 Metaspace       used 35045K, capacity 35832K, committed 35840K, reserved 1081344K
  class space    used 4539K, capacity 4864K, committed 4864K, reserved 1048576K
}
Event: 15.847 GC heap before
{Heap before GC invocations=8 (full 0):
 garbage-first heap   total 129024K, used 86934K [0x0000000080000000, 0x0000000100000000)
  region size 1024K, 67 young (68608K), 7 survivors (7168K)
 Metaspace       used 39437K, capacity 40333K, committed 40524K, reserved 1085440K
  class space    used 5029K, capacity 5357K, committed 5452K, reserved 1048576K
}
Event: 15.870 GC heap after
{Heap after GC invocations=9 (full 0):
 garbage-first heap   total 129024K, used 27392K [0x0000000080000000, 0x0000000100000000)
  region size 1024K, 9 young (9216K), 9 survivors (9216K)
 Metaspace       used 39437K, capacity 40333K, committed 40524K, reserved 1085440K
  class space    used 5029K, capacity 5357K, committed 5452K, reserved 1048576K
}
Event: 17.929 GC heap before
{Heap before GC invocations=9 (full 0):
 garbage-first heap   total 129024K, used 88832K [0x0000000080000000, 0x0000000100000000)
  region size 1024K, 69 young (70656K), 9 survivors (9216K)
 Metaspace       used 44915K, capacity 46069K, committed 46156K, reserved 1089536K
  class space    used 5767K, capacity 6156K, committed 6220K, reserved 1048576K
}
Event: 17.960 GC heap after
{Heap after GC invocations=10 (full 0):
 garbage-first heap   total 155648K, used 29490K [0x0000000080000000, 0x0000000100000000)
  region size 1024K, 3 young (3072K), 3 survivors (3072K)
 Metaspace       used 44915K, capacity 46069K, committed 46156K, reserved 1089536K
  class space    used 5767K, capacity 6156K, committed 6220K, reserved 1048576K
}

Deoptimization events (20 events):
Event: 17.319 Thread 0x0000028e4c16c800 Uncommon trap: trap_request=0xffffff4d fr.pc=0x0000028e3a312e80 relative=0x00000000000001c0
Event: 17.319 Thread 0x0000028e4c16c800 Uncommon trap: reason=unstable_if action=reinterpret pc=0x0000028e3a312e80 method=java.net.URI$Parser.scan(IILjava/lang/String;)I @ 26 c2
Event: 17.319 Thread 0x0000028e4c16c800 DEOPT PACKING pc=0x0000028e3a312e80 sp=0x0000009d858f8ea0
Event: 17.319 Thread 0x0000028e4c16c800 DEOPT UNPACKING pc=0x0000028e327f78af sp=0x0000009d858f8e30 mode 2
Event: 17.319 Thread 0x0000028e4c16c800 Uncommon trap: trap_request=0xffffff4d fr.pc=0x0000028e3a2edbdc relative=0x000000000000011c
Event: 17.319 Thread 0x0000028e4c16c800 Uncommon trap: reason=unstable_if action=reinterpret pc=0x0000028e3a2edbdc method=java.net.URI.match(CJJ)Z @ 45 c2
Event: 17.319 Thread 0x0000028e4c16c800 DEOPT PACKING pc=0x0000028e3a2edbdc sp=0x0000009d858f8c10
Event: 17.319 Thread 0x0000028e4c16c800 DEOPT UNPACKING pc=0x0000028e327f78af sp=0x0000009d858f8b48 mode 2
Event: 17.319 Thread 0x0000028e4c16c800 Uncommon trap: trap_request=0xffffff4d fr.pc=0x0000028e3a2c08e8 relative=0x0000000000000048
Event: 17.319 Thread 0x0000028e4c16c800 Uncommon trap: reason=unstable_if action=reinterpret pc=0x0000028e3a2c08e8 method=java.net.URI.match(CJJ)Z @ 19 c2
Event: 17.319 Thread 0x0000028e4c16c800 DEOPT PACKING pc=0x0000028e3a2c08e8 sp=0x0000009d858f8c20
Event: 17.319 Thread 0x0000028e4c16c800 DEOPT UNPACKING pc=0x0000028e327f78af sp=0x0000009d858f8bd0 mode 2
Event: 17.782 Thread 0x0000028e4c16c800 Uncommon trap: trap_request=0xffffff4d fr.pc=0x0000028e3a425da8 relative=0x0000000000001f88
Event: 17.782 Thread 0x0000028e4c16c800 Uncommon trap: reason=unstable_if action=reinterpret pc=0x0000028e3a425da8 method=jdk.internal.org.objectweb.asm.Frame.execute(IILjdk/internal/org/objectweb/asm/ClassWriter;Ljdk/internal/org/objectweb/asm/Item;)V @ 1 c2
Event: 17.782 Thread 0x0000028e4c16c800 DEOPT PACKING pc=0x0000028e3a425da8 sp=0x0000009d858f7910
Event: 17.782 Thread 0x0000028e4c16c800 DEOPT UNPACKING pc=0x0000028e327f78af sp=0x0000009d858f78d8 mode 2
Event: 18.164 Thread 0x0000028e4d66c800 Uncommon trap: trap_request=0xffffffbe fr.pc=0x0000028e3a410c50 relative=0x00000000000005d0
Event: 18.164 Thread 0x0000028e4d66c800 Uncommon trap: reason=profile_predicate action=maybe_recompile pc=0x0000028e3a410c50 method=java.util.stream.ReferencePipeline.forEachWithCancel(Ljava/util/Spliterator;Ljava/util/stream/Sink;)Z @ 8 c2
Event: 18.164 Thread 0x0000028e4d66c800 DEOPT PACKING pc=0x0000028e3a410c50 sp=0x0000009d854fead0
Event: 18.164 Thread 0x0000028e4d66c800 DEOPT UNPACKING pc=0x0000028e327f78af sp=0x0000009d854fea70 mode 2

Classes redefined (0 events):
No events

Internal exceptions (20 events):
Event: 16.862 Thread 0x0000028e4c16c800 Exception <a 'java/lang/ClassNotFoundException'{0x00000000862ef0c8}: org/gradle/api/internal/project/ProjectScriptBeanInfo> (0x00000000862ef0c8) thrown at [./src/hotspot/share/classfile/systemDictionary.cpp, line 231]
Event: 16.864 Thread 0x0000028e4c16c800 Exception <a 'java/lang/ClassNotFoundException'{0x00000000861055c8}: org/gradle/api/internal/project/ProjectScriptCustomizer> (0x00000000861055c8) thrown at [./src/hotspot/share/classfile/systemDictionary.cpp, line 231]
Event: 16.868 Thread 0x0000028e4c16c800 Exception <a 'java/lang/ClassNotFoundException'{0x00000000861207b8}: build_2oyxlqr33ugqafg0fj09oq52oCustomizer> (0x00000000861207b8) thrown at [./src/hotspot/share/classfile/systemDictionary.cpp, line 231]
Event: 16.897 Thread 0x0000028e4c16c800 Exception <a 'java/lang/ClassNotFoundException'{0x00000000861b2c78}: org/gradle/api/internal/initialization/DefaultScriptHandlerBeanInfo> (0x00000000861b2c78) thrown at [./src/hotspot/share/classfile/systemDictionary.cpp, line 231]
Event: 16.900 Thread 0x0000028e4c16c800 Exception <a 'java/lang/ClassNotFoundException'{0x00000000861dbc30}: org/gradle/api/internal/initialization/DefaultScriptHandlerCustomizer> (0x00000000861dbc30) thrown at [./src/hotspot/share/classfile/systemDictionary.cpp, line 231]
Event: 17.218 Thread 0x0000028e4c16c800 Exception <a 'java/lang/ClassNotFoundException'{0x00000000859b6a40}: org/gradle/api/internal/artifacts/dsl/dependencies/DefaultDependencyHandler_DecoratedBeanInfo> (0x00000000859b6a40) thrown at [./src/hotspot/share/classfile/systemDictionary.cpp, line 231]
Event: 17.221 Thread 0x0000028e4c16c800 Exception <a 'java/lang/ClassNotFoundException'{0x00000000859f4ba0}: org/gradle/api/internal/artifacts/dsl/dependencies/DefaultDependencyHandlerBeanInfo> (0x00000000859f4ba0) thrown at [./src/hotspot/share/classfile/systemDictionary.cpp, line 231]
Event: 17.225 Thread 0x0000028e4c16c800 Exception <a 'java/lang/ClassNotFoundException'{0x00000000858335c0}: org/gradle/api/internal/artifacts/dsl/dependencies/DefaultDependencyHandlerCustomizer> (0x00000000858335c0) thrown at [./src/hotspot/share/classfile/systemDictionary.cpp, line 231]
Event: 17.239 Thread 0x0000028e4c16c800 Exception <a 'java/lang/ClassNotFoundException'{0x000000008589ac20}: org/gradle/api/internal/artifacts/dsl/dependencies/DefaultDependencyHandler_DecoratedCustomizer> (0x000000008589ac20) thrown at [./src/hotspot/share/classfile/systemDictionary.cpp, line 231]
Event: 17.288 Thread 0x0000028e4c16c800 Exception <a 'java/lang/NoSuchMethodError'{0x00000000857a5ba8}: 'java.lang.Object java.lang.invoke.DirectMethodHandle$Holder.invokeStatic(java.lang.Object, java.lang.Object, int, java.lang.Object)'> (0x00000000857a5ba8) thrown at [./src/hotspot/share/interpreter/linkResolver.cpp, line 773]
Event: 17.290 Thread 0x0000028e4c16c800 Exception <a 'java/lang/NoSuchMethodError'{0x00000000857ace40}: 'java.lang.Object java.lang.invoke.Invokers$Holder.linkToTargetMethod(java.lang.Object, int, java.lang.Object, java.lang.Object)'> (0x00000000857ace40) thrown at [./src/hotspot/share/interpreter/linkResolver.cpp, line 773]
Event: 17.777 Thread 0x0000028e4c16c800 Exception <a 'java/lang/NoSuchMethodError'{0x00000000846d0ac8}: 'java.lang.Object java.lang.invoke.DelegatingMethodHandle$Holder.reinvoke_L(java.lang.Object, java.lang.Object, java.lang.Object, java.lang.Object, java.lang.Object, java.lang.Object, java.lang.Object, java.lang.Object, java.lang.Object, java.lang.Object, java.lang.Object, java.lang.Object, java.lang.Object, java.lang.Object, java.lang.Object, java.lang.Object, java.lang.Object, java.lang.Object, java.lang.Object, java.lang.Object, java.lang.O
Event: 17.779 Thread 0x0000028e4c16c800 Exception <a 'java/lang/NoSuchMethodError'{0x00000000846dc4d0}: 'java.lang.Object java.lang.invoke.DirectMethodHandle$Holder.invokeSpecial(java.lang.Object, java.lang.Object, java.lang.Object, java.lang.Object, java.lang.Object, java.lang.Object, java.lang.Object, java.lang.Object, java.lang.Object, java.lang.Object, java.lang.Object, java.lang.Object, java.lang.Object, java.lang.Object, java.lang.Object, java.lang.Object, java.lang.Object, java.lang.Object, java.lang.Object, java.lang.Object, java.lang.Ob
Event: 17.780 Thread 0x0000028e4c16c800 Exception <a 'java/lang/NoSuchMethodError'{0x00000000846e26c0}: 'java.lang.Object java.lang.invoke.Invokers$Holder.invoker(java.lang.Object, java.lang.Object, java.lang.Object, java.lang.Object, java.lang.Object, java.lang.Object, java.lang.Object, java.lang.Object, java.lang.Object, java.lang.Object, java.lang.Object, java.lang.Object, java.lang.Object, java.lang.Object, java.lang.Object, java.lang.Object, java.lang.Object, java.lang.Object, java.lang.Object, java.lang.Object, java.lang.Object)'> (0x00000
Event: 17.781 Thread 0x0000028e4c16c800 Exception <a 'java/lang/NoSuchMethodError'{0x00000000846e9a30}: 'java.lang.Object java.lang.invoke.DelegatingMethodHandle$Holder.delegate(java.lang.Object, java.lang.Object, java.lang.Object, java.lang.Object, java.lang.Object, java.lang.Object, java.lang.Object, java.lang.Object, java.lang.Object, java.lang.Object, java.lang.Object, java.lang.Object, java.lang.Object, java.lang.Object, java.lang.Object, java.lang.Object, java.lang.Object, java.lang.Object, java.lang.Object, java.lang.Object, java.lang.Obj
Event: 17.797 Thread 0x0000028e4c16c800 Exception <a 'java/lang/NoSuchMethodError'{0x00000000845332c8}: 'java.lang.Object java.lang.invoke.DirectMethodHandle$Holder.invokeStatic(java.lang.Object, java.lang.Object, java.lang.Object, java.lang.Object, java.lang.Object, java.lang.Object, java.lang.Object, java.lang.Object, java.lang.Object, java.lang.Object, java.lang.Object, java.lang.Object, java.lang.Object, java.lang.Object, java.lang.Object)'> (0x00000000845332c8) thrown at [./src/hotspot/share/interpreter/linkResolver.cpp, line 773]
Event: 17.801 Thread 0x0000028e4c16c800 Exception <a 'java/lang/NoSuchMethodError'{0x0000000084543900}: 'java.lang.Object java.lang.invoke.DirectMethodHandle$Holder.invokeStatic(java.lang.Object, java.lang.Object, java.lang.Object, java.lang.Object, java.lang.Object, java.lang.Object, java.lang.Object, java.lang.Object, java.lang.Object, java.lang.Object, java.lang.Object, java.lang.Object, java.lang.Object, java.lang.Object, java.lang.Object, java.lang.Object)'> (0x0000000084543900) thrown at [./src/hotspot/share/interpreter/linkResolver.cpp, l
Event: 17.806 Thread 0x0000028e4c16c800 Exception <a 'java/lang/NoSuchMethodError'{0x0000000084553e48}: 'java.lang.Object java.lang.invoke.DelegatingMethodHandle$Holder.reinvoke_L(java.lang.Object, java.lang.Object, java.lang.Object, java.lang.Object, java.lang.Object, java.lang.Object, java.lang.Object, java.lang.Object, java.lang.Object, java.lang.Object, java.lang.Object, java.lang.Object, java.lang.Object, java.lang.Object, java.lang.Object, java.lang.Object, java.lang.Object, java.lang.Object, java.lang.Object, java.lang.Object)'> (0x000000
Event: 17.919 Thread 0x0000028e4c16c800 Exception <a 'java/lang/IncompatibleClassChangeError'{0x00000000842ade08}: Found class java.lang.Object, but interface was expected> (0x00000000842ade08) thrown at [./src/hotspot/share/interpreter/linkResolver.cpp, line 839]
Event: 18.234 Thread 0x0000028e4c16c800 Exception <a 'java/lang/NoSuchMethodError'{0x00000000890b2288}: 'int java.lang.invoke.DirectMethodHandle$Holder.invokeStaticInit(java.lang.Object)'> (0x00000000890b2288) thrown at [./src/hotspot/share/interpreter/linkResolver.cpp, line 773]

Events (20 events):
Event: 18.265 loading class org/gradle/internal/component/model/DefaultCompatibilityCheckResult
Event: 18.265 loading class org/gradle/internal/component/model/DefaultCompatibilityCheckResult done
Event: 18.268 loading class org/gradle/internal/component/model/MultipleCandidateMatcher$MatchResult
Event: 18.268 loading class org/gradle/internal/component/model/MultipleCandidateMatcher$MatchResult done
Event: 18.271 loading class org/gradle/internal/component/model/DefaultSelectedByVariantMatchingConfigurationMetadata
Event: 18.271 loading class org/gradle/internal/component/model/DefaultSelectedByVariantMatchingConfigurationMetadata done
Event: 18.273 loading class org/gradle/api/internal/artifacts/ResolvedConfigurationIdentifier
Event: 18.273 loading class org/gradle/api/internal/artifacts/ResolvedConfigurationIdentifier done
Event: 18.273 loading class org/gradle/api/internal/artifacts/ResolvedConfigurationIdentifier
Event: 18.273 loading class org/gradle/api/internal/artifacts/ResolvedConfigurationIdentifier done
Event: 18.273 loading class org/gradle/api/internal/artifacts/ivyservice/resolveengine/graph/builder/ResolveState
Event: 18.273 loading class org/gradle/api/internal/artifacts/ivyservice/resolveengine/graph/builder/ResolveState done
Event: 18.275 loading class org/gradle/api/internal/artifacts/ivyservice/resolveengine/excludes/specs/ExcludeSpec
Event: 18.275 loading class org/gradle/api/internal/artifacts/ivyservice/resolveengine/excludes/specs/ExcludeSpec done
Event: 18.275 loading class org/gradle/api/internal/artifacts/ivyservice/resolveengine/excludes/specs/ExcludeSpec
Event: 18.275 loading class org/gradle/api/internal/artifacts/ivyservice/resolveengine/excludes/specs/ExcludeSpec done
Event: 18.275 loading class org/gradle/api/internal/artifacts/ivyservice/resolveengine/excludes/factories/OptimizingExcludeFactory
Event: 18.275 loading class org/gradle/api/internal/artifacts/ivyservice/resolveengine/excludes/factories/OptimizingExcludeFactory done
Event: 18.276 loading class org/gradle/api/internal/artifacts/ivyservice/resolveengine/excludes/factories/Optimizations
Event: 18.276 loading class org/gradle/api/internal/artifacts/ivyservice/resolveengine/excludes/factories/Optimizations done


Dynamic libraries:
0x00007ff691e90000 - 0x00007ff691e9a000 	C:\Program Files\Android\Android Studio\jre\bin\java.exe
0x00007ff971490000 - 0x00007ff971685000 	C:\WINDOWS\SYSTEM32\ntdll.dll
0x00007ff9708d0000 - 0x00007ff97098e000 	C:\WINDOWS\System32\KERNEL32.DLL
0x00007ff96f000000 - 0x00007ff96f2c9000 	C:\WINDOWS\System32\KERNELBASE.dll
0x00007ff96f3e0000 - 0x00007ff96f4e0000 	C:\WINDOWS\System32\ucrtbase.dll
0x00007ff966960000 - 0x00007ff966979000 	C:\Program Files\Android\Android Studio\jre\bin\jli.dll
0x00007ff966940000 - 0x00007ff966957000 	C:\Program Files\Android\Android Studio\jre\bin\VCRUNTIME140.dll
0x00007ff970180000 - 0x00007ff970321000 	C:\WINDOWS\System32\USER32.dll
0x00007ff9544c0000 - 0x00007ff95475a000 	C:\WINDOWS\WinSxS\amd64_microsoft.windows.common-controls_6595b64144ccf1df_6.0.19041.1110_none_60b5254171f9507e\COMCTL32.dll
0x00007ff96ebb0000 - 0x00007ff96ebd2000 	C:\WINDOWS\System32\win32u.dll
0x00007ff96fc50000 - 0x00007ff96fcee000 	C:\WINDOWS\System32\msvcrt.dll
0x00007ff9713c0000 - 0x00007ff9713eb000 	C:\WINDOWS\System32\GDI32.dll
0x00007ff96f2d0000 - 0x00007ff96f3db000 	C:\WINDOWS\System32\gdi32full.dll
0x00007ff96ef60000 - 0x00007ff96effd000 	C:\WINDOWS\System32\msvcp_win.dll
0x00007ff970b00000 - 0x00007ff970b30000 	C:\WINDOWS\System32\IMM32.DLL
0x00007ff965120000 - 0x00007ff9651bd000 	C:\Program Files\Android\Android Studio\jre\bin\msvcp140.dll
0x00007ff90e350000 - 0x00007ff90ee1f000 	C:\Program Files\Android\Android Studio\jre\bin\server\jvm.dll
0x00007ff970330000 - 0x00007ff9703dc000 	C:\WINDOWS\System32\ADVAPI32.dll
0x00007ff96fbb0000 - 0x00007ff96fc4b000 	C:\WINDOWS\System32\sechost.dll
0x00007ff96f4e0000 - 0x00007ff96f60a000 	C:\WINDOWS\System32\RPCRT4.dll
0x00007ff970170000 - 0x00007ff970178000 	C:\WINDOWS\System32\PSAPI.DLL
0x00007ff94a2b0000 - 0x00007ff94a2b9000 	C:\WINDOWS\SYSTEM32\WSOCK32.dll
0x00007ff94cf50000 - 0x00007ff94cf77000 	C:\WINDOWS\SYSTEM32\WINMM.dll
0x00007ff9703e0000 - 0x00007ff97044b000 	C:\WINDOWS\System32\WS2_32.dll
0x00007ff963010000 - 0x00007ff96301a000 	C:\WINDOWS\SYSTEM32\VERSION.dll
0x00007ff96d460000 - 0x00007ff96d472000 	C:\WINDOWS\SYSTEM32\kernel.appcore.dll
0x00007ff9411d0000 - 0x00007ff9411e1000 	C:\Program Files\Android\Android Studio\jre\bin\verify.dll
0x00007ff969960000 - 0x00007ff969b44000 	C:\WINDOWS\SYSTEM32\DBGHELP.DLL
0x00007ff94d770000 - 0x00007ff94d79c000 	C:\WINDOWS\SYSTEM32\dbgcore.DLL
0x00007ff96ec70000 - 0x00007ff96ecf3000 	C:\WINDOWS\System32\bcryptPrimitives.dll
0x00007ff93bd40000 - 0x00007ff93bd69000 	C:\Program Files\Android\Android Studio\jre\bin\java.dll
0x00007ff94a370000 - 0x00007ff94a37b000 	C:\Program Files\Android\Android Studio\jre\bin\jimage.dll
0x00007ff93bc90000 - 0x00007ff93bca8000 	C:\Program Files\Android\Android Studio\jre\bin\zip.dll
0x00007ff970c80000 - 0x00007ff9713bf000 	C:\WINDOWS\System32\SHELL32.dll
0x00007ff969c30000 - 0x00007ff96a3c0000 	C:\WINDOWS\SYSTEM32\windows.storage.dll
0x00007ff96f670000 - 0x00007ff96f9c5000 	C:\WINDOWS\System32\combase.dll
0x00007ff96e530000 - 0x00007ff96e55c000 	C:\WINDOWS\SYSTEM32\Wldp.dll
0x00007ff96f9d0000 - 0x00007ff96fa7d000 	C:\WINDOWS\System32\SHCORE.dll
0x00007ff9713f0000 - 0x00007ff971445000 	C:\WINDOWS\System32\shlwapi.dll
0x00007ff96eaf0000 - 0x00007ff96eb0f000 	C:\WINDOWS\SYSTEM32\profapi.dll
0x00007ff93baa0000 - 0x00007ff93baba000 	C:\Program Files\Android\Android Studio\jre\bin\net.dll
0x00007ff966ae0000 - 0x00007ff966be8000 	C:\WINDOWS\SYSTEM32\WINHTTP.dll
0x00007ff96e290000 - 0x00007ff96e2fa000 	C:\WINDOWS\system32\mswsock.dll
0x00007ff93ba80000 - 0x00007ff93ba94000 	C:\Program Files\Android\Android Studio\jre\bin\nio.dll
0x00007ff966870000 - 0x00007ff966897000 	C:\Users\Admin\.gradle\native\8bec1ad78214c89d9ad589b4d07fe93259594b29d510b10fafb7a158f7737e5d\windows-amd64\native-platform.dll
0x00007ff963340000 - 0x00007ff96347d000 	C:\Users\Admin\.gradle\native\53dbd7edfb1c66fb8903c78663c9afc45aea4f116125fa6feffd364cf09443e8\windows-amd64\native-platform-file-events.dll
0x00007ff93bdd0000 - 0x00007ff93bdda000 	C:\Program Files\Android\Android Studio\jre\bin\management.dll
0x00007ff93bcd0000 - 0x00007ff93bcdc000 	C:\Program Files\Android\Android Studio\jre\bin\management_ext.dll
0x00007ff96e480000 - 0x00007ff96e498000 	C:\WINDOWS\SYSTEM32\CRYPTSP.dll
0x00007ff96dc10000 - 0x00007ff96dc44000 	C:\WINDOWS\system32\rsaenh.dll
0x00007ff96ebe0000 - 0x00007ff96ec07000 	C:\WINDOWS\System32\bcrypt.dll
0x00007ff96eab0000 - 0x00007ff96eade000 	C:\WINDOWS\SYSTEM32\USERENV.dll
0x00007ff96e4a0000 - 0x00007ff96e4ac000 	C:\WINDOWS\SYSTEM32\CRYPTBASE.dll
0x00007ff96df80000 - 0x00007ff96dfbb000 	C:\WINDOWS\SYSTEM32\IPHLPAPI.DLL
0x00007ff970c70000 - 0x00007ff970c78000 	C:\WINDOWS\System32\NSI.dll
0x00007ff968f70000 - 0x00007ff968f87000 	C:\WINDOWS\SYSTEM32\dhcpcsvc6.DLL
0x00007ff968f50000 - 0x00007ff968f6d000 	C:\WINDOWS\SYSTEM32\dhcpcsvc.DLL
0x00007ff96dfc0000 - 0x00007ff96e08c000 	C:\WINDOWS\SYSTEM32\DNSAPI.dll

dbghelp: loaded successfully - version: 4.0.5 - missing functions: none
symbol engine: initialized successfully - sym options: 0x614 - pdb path: .;C:\Program Files\Android\Android Studio\jre\bin;C:\WINDOWS\SYSTEM32;C:\WINDOWS\WinSxS\amd64_microsoft.windows.common-controls_6595b64144ccf1df_6.0.19041.1110_none_60b5254171f9507e;C:\Program Files\Android\Android Studio\jre\bin\server;C:\Users\Admin\.gradle\native\8bec1ad78214c89d9ad589b4d07fe93259594b29d510b10fafb7a158f7737e5d\windows-amd64;C:\Users\Admin\.gradle\native\53dbd7edfb1c66fb8903c78663c9afc45aea4f116125fa6feffd364cf09443e8\windows-amd64

VM Arguments:
jvm_args: --add-opens=java.base/java.util=ALL-UNNAMED --add-opens=java.base/java.lang=ALL-UNNAMED --add-opens=java.base/java.lang.invoke=ALL-UNNAMED --add-opens=java.base/java.util=ALL-UNNAMED --add-opens=java.prefs/java.util.prefs=ALL-UNNAMED --add-opens=java.prefs/java.util.prefs=ALL-UNNAMED --add-opens=java.base/java.nio.charset=ALL-UNNAMED --add-opens=java.base/java.net=ALL-UNNAMED --add-opens=java.base/java.util.concurrent.atomic=ALL-UNNAMED -Xmx2048m -Dfile.encoding=UTF-8 -Duser.country=US -Duser.language=en -Duser.variant 
java_command: org.gradle.launcher.daemon.bootstrap.GradleDaemon 7.0.2
java_class_path (initial): C:\Users\Admin\.gradle\wrapper\dists\gradle-7.0.2-bin\857tjihv64xamwrf0h14cai3r\gradle-7.0.2\lib\gradle-launcher-7.0.2.jar
Launcher Type: SUN_STANDARD

[Global flags]
     intx CICompilerCount                          = 4                                         {product} {ergonomic}
     uint ConcGCThreads                            = 2                                         {product} {ergonomic}
     uint G1ConcRefinementThreads                  = 8                                         {product} {ergonomic}
   size_t G1HeapRegionSize                         = 1048576                                   {product} {ergonomic}
    uintx GCDrainStackTargetSize                   = 64                                        {product} {ergonomic}
   size_t InitialHeapSize                          = 132120576                                 {product} {ergonomic}
   size_t MarkStackSize                            = 4194304                                   {product} {ergonomic}
   size_t MaxHeapSize                              = 2147483648                                {product} {command line}
   size_t MaxNewSize                               = 1287651328                                {product} {ergonomic}
   size_t MinHeapDeltaBytes                        = 1048576                                   {product} {ergonomic}
    uintx NonNMethodCodeHeapSize                   = 5836300                                {pd product} {ergonomic}
    uintx NonProfiledCodeHeapSize                  = 122910970                              {pd product} {ergonomic}
    uintx ProfiledCodeHeapSize                     = 122910970                              {pd product} {ergonomic}
    uintx ReservedCodeCacheSize                    = 251658240                              {pd product} {ergonomic}
     bool SegmentedCodeCache                       = true                                      {product} {ergonomic}
     bool UseCompressedClassPointers               = true                                 {lp64_product} {ergonomic}
     bool UseCompressedOops                        = true                                 {lp64_product} {ergonomic}
     bool UseG1GC                                  = true                                      {product} {ergonomic}
     bool UseLargePagesIndividualAllocation        = false                                  {pd product} {ergonomic}

Logging:
Log output configuration:
 #0: stdout all=warning uptime,level,tags
 #1: stderr all=off uptime,level,tags

Environment Variables:
PATH=C:\Program Files (x86)\Common Files\Oracle\Java\javapath;C:\Program Files\Common Files\Oracle\Java\javapath;C:\ProgramData\Oracle\Java\javapath;C:\WINDOWS\system32;C:\WINDOWS;C:\WINDOWS\System32\Wbem;C:\WINDOWS\System32\WindowsPowerShell\v1.0\;C:\WINDOWS\System32\OpenSSH\;C:\Program Files\Java\jdk-14\bin;C:\Program Files\Git\cmd;C:\Program Files\nodejs\;C:\Users\Admin\AppData\Local\Microsoft\WindowsApps;C:\Users\Admin\AppData\Roaming\npm;
USERNAME=Admin
OS=Windows_NT
PROCESSOR_IDENTIFIER=Intel64 Family 6 Model 142 Stepping 10, GenuineIntel



---------------  S Y S T E M  ---------------

OS: Windows 10 , 64 bit Build 19041 (10.0.19041.1202)
OS uptime: 0 days 1:43 hours

CPU:total 8 (initial active 8) (4 cores per cpu, 2 threads per core) family 6 model 142 stepping 10 microcode 0xb4, cmov, cx8, fxsr, mmx, sse, sse2, sse3, ssse3, sse4.1, sse4.2, popcnt, avx, avx2, aes, clmul, erms, 3dnowpref, lzcnt, ht, tsc, tscinvbit, bmi1, bmi2, adx, fma

Memory: 4k page, system-wide physical 8026M (1257M free)
TotalPageFile size 9050M (AvailPageFile size 1M)
current process WorkingSet (physical memory assigned to process): 288M, peak: 288M
current process commit charge ("private bytes"): 362M, peak: 364M

vm_info: OpenJDK 64-Bit Server VM (11.0.10+0-b96-7249189) for windows-amd64 JRE (11.0.10+0-b96-7249189), built on Mar 31 2021 21:44:00 by "builder" with MS VC++ 14.0 (VS2015)

END.
