#
# There is insufficient memory for the Java Runtime Environment to continue.
# Native memory allocation (mmap) failed to map 27262976 bytes for Failed to commit area from 0x0000000087e00000 to 0x0000000089800000 of length 27262976.
# Possible reasons:
#   The system is out of physical RAM or swap space
#   The process is running with CompressedOops enabled, and the Java Heap may be blocking the growth of the native heap
# Possible solutions:
#   Reduce memory load on the system
#   Increase physical memory or swap space
#   Check if swap backing store is full
#   Decrease Java heap size (-Xmx/-Xms)
#   Decrease number of Java threads
#   Decrease Java thread stack sizes (-Xss)
#   Set larger code cache with -XX:ReservedCodeCacheSize=
#   JVM is running with Unscaled Compressed Oops mode in which the Java heap is
#     placed in the first 4GB address space. The Java Heap base address is the
#     maximum limit for the native heap growth. Please use -XX:HeapBaseMinAddress
#     to set the Java Heap base and to place the Java Heap above 4GB virtual address.
# This output file may be truncated or incomplete.
#
#  Out of Memory Error (./src/hotspot/os/windows/os_windows.cpp:3301), pid=1844, tid=13008
#
# JRE version: OpenJDK Runtime Environment (11.0.10) (build 11.0.10+0-b96-7249189)
# Java VM: OpenJDK 64-Bit Server VM (11.0.10+0-b96-7249189, mixed mode, tiered, compressed oops, g1 gc, windows-amd64)
# No core dump will be written. Minidumps are not enabled by default on client versions of Windows
#

---------------  S U M M A R Y ------------

Command Line: --add-opens=java.base/java.util=ALL-UNNAMED --add-opens=java.base/java.lang=ALL-UNNAMED --add-opens=java.base/java.lang.invoke=ALL-UNNAMED --add-opens=java.base/java.util=ALL-UNNAMED --add-opens=java.prefs/java.util.prefs=ALL-UNNAMED --add-opens=java.prefs/java.util.prefs=ALL-UNNAMED --add-opens=java.base/java.nio.charset=ALL-UNNAMED --add-opens=java.base/java.net=ALL-UNNAMED --add-opens=java.base/java.util.concurrent.atomic=ALL-UNNAMED -Xmx2048m -Dfile.encoding=UTF-8 -Duser.country=US -Duser.language=en -Duser.variant org.gradle.launcher.daemon.bootstrap.GradleDaemon 7.0.2

Host: Intel(R) Core(TM) i7-8550U CPU @ 1.80GHz, 8 cores, 7G,  Windows 10 , 64 bit Build 19041 (10.0.19041.1202)
Time: Mon Oct 25 18:05:47 2021 Arab Standard Time elapsed time: 20.239819 seconds (0d 0h 0m 20s)

---------------  T H R E A D  ---------------

Current thread (0x0000020d77bfe000):  VMThread "VM Thread" [stack: 0x00000032f3400000,0x00000032f3500000] [id=13008]

Stack: [0x00000032f3400000,0x00000032f3500000]
[error occurred during error reporting (printing stack bounds), id 0xc0000005, EXCEPTION_ACCESS_VIOLATION (0xc0000005) at pc=0x0000020d60ac0f2d]

Native frames: (J=compiled Java code, j=interpreted, Vv=VM code, C=native code)
V  [jvm.dll+0x5ecfaa]
V  [jvm.dll+0x722bd5]
V  [jvm.dll+0x72412d]
V  [jvm.dll+0x724745]
V  [jvm.dll+0x7246fb]
V  [jvm.dll+0x5ec348]
V  [jvm.dll+0x5ecad8]
C  [ntdll.dll+0xa20cf]
C  [ntdll.dll+0x51454]
C  [ntdll.dll+0xa0bfe]
C  0x0000020d60ac0f2d

VM_Operation (0x00000032f47f4430): G1CollectForAllocation, mode: safepoint, requested by thread 0x0000020d786ec800


---------------  P R O C E S S  ---------------

Threads class SMR info:
_java_thread_list=0x0000020d7f29fdb0, length=51, elements={
0x0000020d5cfcc800, 0x0000020d77c02000, 0x0000020d77c0b800, 0x0000020d78582800,
0x0000020d77c1a800, 0x0000020d77c1c000, 0x0000020d77c2a000, 0x0000020d77c34000,
0x0000020d77c39800, 0x0000020d786ea000, 0x0000020d786eb800, 0x0000020d786e6000,
0x0000020d786e7800, 0x0000020d786e8800, 0x0000020d786e9000, 0x0000020d786eb000,
0x0000020d786ec800, 0x0000020d786e6800, 0x0000020d78946000, 0x0000020d78945000,
0x0000020d78943800, 0x0000020d78940800, 0x0000020d78942800, 0x0000020d78941000,
0x0000020d78947000, 0x0000020d78947800, 0x0000020d78942000, 0x0000020d78948800,
0x0000020d78949800, 0x0000020d7894c800, 0x0000020d7894d800, 0x0000020d7894a000,
0x0000020d7894f000, 0x0000020d7894b000, 0x0000020d7c0f9800, 0x0000020d7c0f8800,
0x0000020d7c0f5800, 0x0000020d7c0fc000, 0x0000020d7c0f6000, 0x0000020d7c0f8000,
0x0000020d7e031800, 0x0000020d7e02e000, 0x0000020d7e02f800, 0x0000020d7e033000,
0x0000020d7e02d000, 0x0000020d7e032000, 0x0000020d7e030800, 0x0000020d7e034800,
0x0000020d7e033800, 0x0000020d7e02f000, 0x0000020d7e038000
}

Java Threads: ( => current thread )
  0x0000020d5cfcc800 JavaThread "main" [_thread_blocked, id=2904, stack(0x00000032f2e00000,0x00000032f2f00000)]
  0x0000020d77c02000 JavaThread "Reference Handler" daemon [_thread_blocked, id=1404, stack(0x00000032f3500000,0x00000032f3600000)]
  0x0000020d77c0b800 JavaThread "Finalizer" daemon [_thread_blocked, id=2116, stack(0x00000032f3600000,0x00000032f3700000)]
  0x0000020d78582800 JavaThread "Signal Dispatcher" daemon [_thread_blocked, id=11992, stack(0x00000032f3700000,0x00000032f3800000)]
  0x0000020d77c1a800 JavaThread "Attach Listener" daemon [_thread_blocked, id=8984, stack(0x00000032f3800000,0x00000032f3900000)]
  0x0000020d77c1c000 JavaThread "Service Thread" daemon [_thread_blocked, id=5576, stack(0x00000032f3900000,0x00000032f3a00000)]
  0x0000020d77c2a000 JavaThread "C2 CompilerThread0" daemon [_thread_blocked, id=4620, stack(0x00000032f3a00000,0x00000032f3b00000)]
  0x0000020d77c34000 JavaThread "C1 CompilerThread0" daemon [_thread_blocked, id=12928, stack(0x00000032f3b00000,0x00000032f3c00000)]
  0x0000020d77c39800 JavaThread "Sweeper thread" daemon [_thread_blocked, id=8868, stack(0x00000032f3c00000,0x00000032f3d00000)]
  0x0000020d786ea000 JavaThread "Common-Cleaner" daemon [_thread_blocked, id=5340, stack(0x00000032f3d00000,0x00000032f3e00000)]
  0x0000020d786eb800 JavaThread "Daemon health stats" [_thread_blocked, id=12368, stack(0x00000032f4300000,0x00000032f4400000)]
  0x0000020d786e6000 JavaThread "Incoming local TCP Connector on port 53228" [_thread_in_native, id=13080, stack(0x00000032f3f00000,0x00000032f4000000)]
  0x0000020d786e7800 JavaThread "Daemon periodic checks" [_thread_blocked, id=7528, stack(0x00000032f4200000,0x00000032f4300000)]
  0x0000020d786e8800 JavaThread "Daemon" [_thread_blocked, id=12164, stack(0x00000032f4400000,0x00000032f4500000)]
  0x0000020d786e9000 JavaThread "Handler for socket connection from /127.0.0.1:53228 to /127.0.0.1:53229" [_thread_in_native, id=7740, stack(0x00000032f4500000,0x00000032f4600000)]
  0x0000020d786eb000 JavaThread "Cancel handler" [_thread_blocked, id=9856, stack(0x00000032f4600000,0x00000032f4700000)]
  0x0000020d786ec800 JavaThread "Daemon worker" [_thread_blocked, id=11236, stack(0x00000032f4700000,0x00000032f4800000)]
  0x0000020d786e6800 JavaThread "Asynchronous log dispatcher for DefaultDaemonConnection: socket connection from /127.0.0.1:53228 to /127.0.0.1:53229" [_thread_blocked, id=8620, stack(0x00000032f4800000,0x00000032f4900000)]
  0x0000020d78946000 JavaThread "Stdin handler" [_thread_blocked, id=11876, stack(0x00000032f4900000,0x00000032f4a00000)]
  0x0000020d78945000 JavaThread "Daemon client event forwarder" [_thread_blocked, id=12360, stack(0x00000032f4a00000,0x00000032f4b00000)]
  0x0000020d78943800 JavaThread "Cache worker for file hash cache (C:\Users\Admin\.gradle\caches\7.0.2\fileHashes)" [_thread_blocked, id=8172, stack(0x00000032f5000000,0x00000032f5100000)]
  0x0000020d78940800 JavaThread "File lock request listener" [_thread_in_native, id=9608, stack(0x00000032f5100000,0x00000032f5200000)]
  0x0000020d78942800 JavaThread "Cache worker for journal cache (C:\Users\Admin\.gradle\caches\journal-1)" [_thread_blocked, id=2912, stack(0x00000032f5300000,0x00000032f5400000)]
  0x0000020d78941000 JavaThread "C2 CompilerThread1" daemon [_thread_blocked, id=10144, stack(0x00000032f5400000,0x00000032f5500000)]
  0x0000020d78947000 JavaThread "Cache worker for file hash cache (C:\Users\Admin\AndroidStudioProjects\updateProfile2\.gradle\7.0.2\fileHashes)" [_thread_blocked, id=1132, stack(0x00000032f5500000,0x00000032f5600000)]
  0x0000020d78947800 JavaThread "File watcher server" daemon [_thread_in_native, id=5656, stack(0x00000032f5600000,0x00000032f5700000)]
  0x0000020d78942000 JavaThread "File watcher consumer" daemon [_thread_blocked, id=9136, stack(0x00000032f5700000,0x00000032f5800000)]
  0x0000020d78948800 JavaThread "Cache worker for checksums cache (C:\Users\Admin\AndroidStudioProjects\updateProfile2\.gradle\checksums)" [_thread_blocked, id=8024, stack(0x00000032f5800000,0x00000032f5900000)]
  0x0000020d78949800 JavaThread "Cache worker for cache directory md-supplier (C:\Users\Admin\.gradle\caches\7.0.2\md-supplier)" [_thread_blocked, id=9808, stack(0x00000032f5900000,0x00000032f5a00000)]
  0x0000020d7894c800 JavaThread "Cache worker for cache directory md-rule (C:\Users\Admin\.gradle\caches\7.0.2\md-rule)" [_thread_blocked, id=756, stack(0x00000032f5b00000,0x00000032f5c00000)]
  0x0000020d7894d800 JavaThread "Cache worker for execution history cache (C:\Users\Admin\.gradle\caches\7.0.2\executionHistory)" [_thread_blocked, id=11968, stack(0x00000032f5c00000,0x00000032f5d00000)]
  0x0000020d7894a000 JavaThread "C2 CompilerThread2" daemon [_thread_in_native, id=2576, stack(0x00000032f5a00000,0x00000032f5b00000)]
  0x0000020d7894f000 JavaThread "jar transforms" [_thread_blocked, id=9276, stack(0x00000032f5d00000,0x00000032f5e00000)]
  0x0000020d7894b000 JavaThread "jar transforms Thread 2" [_thread_blocked, id=2524, stack(0x00000032f5e00000,0x00000032f5f00000)]
  0x0000020d7c0f9800 JavaThread "Cache worker for file content cache (C:\Users\Admin\.gradle\caches\7.0.2\fileContent)" [_thread_blocked, id=6580, stack(0x00000032f5f00000,0x00000032f6000000)]
  0x0000020d7c0f8800 JavaThread "Cache worker for dependencies-accessors (C:\Users\Admin\AndroidStudioProjects\updateProfile2\.gradle\7.0.2\dependencies-accessors)" [_thread_blocked, id=6916, stack(0x00000032f6000000,0x00000032f6100000)]
  0x0000020d7c0f5800 JavaThread "jar transforms Thread 3" [_thread_blocked, id=10812, stack(0x00000032f6100000,0x00000032f6200000)]
  0x0000020d7c0fc000 JavaThread "Cache worker for Build Output Cleanup Cache (C:\Users\Admin\AndroidStudioProjects\updateProfile2\.gradle\buildOutputCleanup)" [_thread_blocked, id=12588, stack(0x00000032f6200000,0x00000032f6300000)]
  0x0000020d7c0f6000 JavaThread "Build operations" [_thread_blocked, id=276, stack(0x00000032f6300000,0x00000032f6400000)]
  0x0000020d7c0f8000 JavaThread "Build operations Thread 2" [_thread_blocked, id=3292, stack(0x00000032f6400000,0x00000032f6500000)]
  0x0000020d7e031800 JavaThread "Build operations Thread 3" [_thread_blocked, id=6136, stack(0x00000032f6500000,0x00000032f6600000)]
  0x0000020d7e02e000 JavaThread "Build operations Thread 4" [_thread_blocked, id=5776, stack(0x00000032f6600000,0x00000032f6700000)]
  0x0000020d7e02f800 JavaThread "Build operations Thread 5" [_thread_blocked, id=7000, stack(0x00000032f6700000,0x00000032f6800000)]
  0x0000020d7e033000 JavaThread "Build operations Thread 6" [_thread_blocked, id=1436, stack(0x00000032f6800000,0x00000032f6900000)]
  0x0000020d7e02d000 JavaThread "Build operations Thread 7" [_thread_blocked, id=2960, stack(0x00000032f6900000,0x00000032f6a00000)]
  0x0000020d7e032000 JavaThread "Build operations Thread 8" [_thread_blocked, id=9060, stack(0x00000032f6a00000,0x00000032f6b00000)]
  0x0000020d7e030800 JavaThread "jar transforms Thread 4" [_thread_blocked, id=12644, stack(0x00000032f6b00000,0x00000032f6c00000)]
  0x0000020d7e034800 JavaThread "jar transforms Thread 5" [_thread_blocked, id=7836, stack(0x00000032f6c00000,0x00000032f6d00000)]
  0x0000020d7e033800 JavaThread "jar transforms Thread 6" [_thread_blocked, id=2212, stack(0x00000032f6d00000,0x00000032f6e00000)]
  0x0000020d7e02f000 JavaThread "jar transforms Thread 7" [_thread_blocked, id=7768, stack(0x00000032f6e00000,0x00000032f6f00000)]
  0x0000020d7e038000 JavaThread "jar transforms Thread 8" [_thread_blocked, id=12516, stack(0x00000032f6f00000,0x00000032f7000000)]

Other Threads:
=>0x0000020d77bfe000 VMThread "VM Thread" [stack: 0x00000032f3400000,0x00000032f3500000] [id=13008]
  0x0000020d78720000 WatcherThread [stack: 0x00000032f3e00000,0x00000032f3f00000] [id=3976]
  0x0000020d5cfe7000 GCTaskThread "GC Thread#0" [stack: 0x00000032f2f00000,0x00000032f3000000] [id=5068]
  0x0000020d792f6800 GCTaskThread "GC Thread#1" [stack: 0x00000032f4000000,0x00000032f4100000] [id=9264]
  0x0000020d79353800 GCTaskThread "GC Thread#2" [stack: 0x00000032f4100000,0x00000032f4200000] [id=4856]
  0x0000020d79637000 GCTaskThread "GC Thread#3" [stack: 0x00000032f4b00000,0x00000032f4c00000] [id=960]
  0x0000020d7a782000 GCTaskThread "GC Thread#4" [stack: 0x00000032f4c00000,0x00000032f4d00000] [id=8436]
  0x0000020d7a783000 GCTaskThread "GC Thread#5" [stack: 0x00000032f4d00000,0x00000032f4e00000] [id=8116]
  0x0000020d7a0d8000 GCTaskThread "GC Thread#6" [stack: 0x00000032f4e00000,0x00000032f4f00000] [id=5464]
  0x0000020d79a91800 GCTaskThread "GC Thread#7" [stack: 0x00000032f4f00000,0x00000032f5000000] [id=10788]
  0x0000020d5d018800 ConcurrentGCThread "G1 Main Marker" [stack: 0x00000032f3000000,0x00000032f3100000] [id=12524]
  0x0000020d5d01b000 ConcurrentGCThread "G1 Conc#0" [stack: 0x00000032f3100000,0x00000032f3200000] [id=3560]
  0x0000020d7a34c000 ConcurrentGCThread "G1 Conc#1" [stack: 0x00000032f5200000,0x00000032f5300000] [id=6968]
  0x0000020d77a50800 ConcurrentGCThread "G1 Refine#0" [stack: 0x00000032f3200000,0x00000032f3300000] [id=832]
  0x0000020d77a51800 ConcurrentGCThread "G1 Young RemSet Sampling" [stack: 0x00000032f3300000,0x00000032f3400000] [id=12520]

Threads with active compile tasks:
C2 CompilerThread1  20284 5070       4       java.lang.StringLatin1::toUpperCase (180 bytes)
C2 CompilerThread2  20284 4909       4       groovy.lang.MetaClassImpl$1MOPIter::methodNameAction (325 bytes)

VM state:at safepoint (normal execution)

VM Mutex/Monitor currently owned by a thread:  ([mutex/lock_event])
[0x0000020d5cfc8ff0] Threads_lock - owner thread: 0x0000020d77bfe000
[0x0000020d5cfc7100] Heap_lock - owner thread: 0x0000020d786ec800

Heap address: 0x0000000080000000, size: 2048 MB, Compressed Oops mode: 32-bit
Narrow klass base: 0x0000000000000000, Narrow klass shift: 3
Compressed class space size: 1073741824 Address: 0x0000000100000000

Heap:
 garbage-first heap   total 155648K, used 41352K [0x0000000080000000, 0x0000000100000000)
  region size 1024K, 9 young (9216K), 9 survivors (9216K)
 Metaspace       used 48035K, capacity 49336K, committed 49408K, reserved 1091584K
  class space    used 6148K, capacity 6609K, committed 6656K, reserved 1048576K
Heap Regions: E=young(eden), S=young(survivor), O=old, HS=humongous(starts), HC=humongous(continues), CS=collection set, F=free, A=archive, TAMS=top-at-mark-start (previous, next)
|   0|0x0000000080000000, 0x0000000080100000, 0x0000000080100000|100%| O|  |TAMS 0x0000000080100000, 0x0000000080000000| Untracked 
|   1|0x0000000080100000, 0x0000000080200000, 0x0000000080200000|100%| O|  |TAMS 0x0000000080200000, 0x0000000080100000| Untracked 
|   2|0x0000000080200000, 0x0000000080300000, 0x0000000080300000|100%| O|  |TAMS 0x0000000080300000, 0x0000000080200000| Untracked 
|   3|0x0000000080300000, 0x0000000080400000, 0x0000000080400000|100%|HS|  |TAMS 0x0000000080400000, 0x0000000080300000| Complete 
|   4|0x0000000080400000, 0x0000000080500000, 0x0000000080500000|100%|HC|  |TAMS 0x0000000080500000, 0x0000000080400000| Complete 
|   5|0x0000000080500000, 0x0000000080600000, 0x0000000080600000|100%|HC|  |TAMS 0x0000000080600000, 0x0000000080500000| Complete 
|   6|0x0000000080600000, 0x0000000080700000, 0x0000000080700000|100%| O|  |TAMS 0x0000000080700000, 0x0000000080600000| Untracked 
|   7|0x0000000080700000, 0x0000000080800000, 0x0000000080800000|100%| O|  |TAMS 0x0000000080800000, 0x0000000080700000| Untracked 
|   8|0x0000000080800000, 0x0000000080900000, 0x0000000080900000|100%| O|  |TAMS 0x0000000080900000, 0x0000000080800000| Untracked 
|   9|0x0000000080900000, 0x0000000080a00000, 0x0000000080a00000|100%| O|  |TAMS 0x0000000080a00000, 0x0000000080900000| Untracked 
|  10|0x0000000080a00000, 0x0000000080b00000, 0x0000000080b00000|100%| O|  |TAMS 0x0000000080b00000, 0x0000000080a00000| Untracked 
|  11|0x0000000080b00000, 0x0000000080c00000, 0x0000000080c00000|100%| O|  |TAMS 0x0000000080c00000, 0x0000000080b00000| Untracked 
|  12|0x0000000080c00000, 0x0000000080d00000, 0x0000000080d00000|100%| O|  |TAMS 0x0000000080d00000, 0x0000000080c00000| Untracked 
|  13|0x0000000080d00000, 0x0000000080e00000, 0x0000000080e00000|100%| O|  |TAMS 0x0000000080e00000, 0x0000000080d00000| Untracked 
|  14|0x0000000080e00000, 0x0000000080f00000, 0x0000000080f00000|100%| O|  |TAMS 0x0000000080f00000, 0x0000000080e00000| Untracked 
|  15|0x0000000080f00000, 0x0000000081000000, 0x0000000081000000|100%| O|  |TAMS 0x0000000081000000, 0x0000000080f00000| Untracked 
|  16|0x0000000081000000, 0x0000000081100000, 0x0000000081100000|100%| O|  |TAMS 0x0000000081100000, 0x0000000081000000| Untracked 
|  17|0x0000000081100000, 0x0000000081200000, 0x0000000081200000|100%| O|  |TAMS 0x0000000081200000, 0x0000000081100000| Untracked 
|  18|0x0000000081200000, 0x0000000081300000, 0x0000000081300000|100%| O|  |TAMS 0x0000000081231800, 0x0000000081200000| Untracked 
|  19|0x0000000081300000, 0x0000000081400000, 0x0000000081400000|100%|HS|  |TAMS 0x0000000081300000, 0x0000000081300000| Complete 
|  20|0x0000000081400000, 0x0000000081500000, 0x0000000081500000|100%| O|  |TAMS 0x0000000081400000, 0x0000000081400000| Untracked 
|  21|0x0000000081500000, 0x0000000081600000, 0x0000000081600000|100%| O|  |TAMS 0x0000000081500000, 0x0000000081500000| Untracked 
|  22|0x0000000081600000, 0x0000000081700000, 0x0000000081700000|100%| O|  |TAMS 0x0000000081600000, 0x0000000081600000| Untracked 
|  23|0x0000000081700000, 0x0000000081800000, 0x0000000081800000|100%| O|  |TAMS 0x0000000081700000, 0x0000000081700000| Untracked 
|  24|0x0000000081800000, 0x0000000081900000, 0x0000000081900000|100%|HS|  |TAMS 0x0000000081800000, 0x0000000081800000| Complete 
|  25|0x0000000081900000, 0x0000000081a00000, 0x0000000081a00000|100%|HS|  |TAMS 0x0000000081900000, 0x0000000081900000| Complete 
|  26|0x0000000081a00000, 0x0000000081b00000, 0x0000000081b00000|100%|HC|  |TAMS 0x0000000081a00000, 0x0000000081a00000| Complete 
|  27|0x0000000081b00000, 0x0000000081c00000, 0x0000000081c00000|100%| O|  |TAMS 0x0000000081b00000, 0x0000000081b00000| Untracked 
|  28|0x0000000081c00000, 0x0000000081d00000, 0x0000000081d00000|100%| O|  |TAMS 0x0000000081c00000, 0x0000000081c00000| Untracked 
|  29|0x0000000081d00000, 0x0000000081e00000, 0x0000000081e00000|100%| O|  |TAMS 0x0000000081d00000, 0x0000000081d00000| Untracked 
|  30|0x0000000081e00000, 0x0000000081f00000, 0x0000000081f00000|100%| O|  |TAMS 0x0000000081e00000, 0x0000000081e00000| Untracked 
|  31|0x0000000081f00000, 0x0000000081f62000, 0x0000000082000000| 38%| O|  |TAMS 0x0000000081f00000, 0x0000000081f00000| Untracked 
|  32|0x0000000082000000, 0x0000000082000000, 0x0000000082100000|  0%| F|  |TAMS 0x0000000082000000, 0x0000000082000000| Untracked 
|  33|0x0000000082100000, 0x0000000082100000, 0x0000000082200000|  0%| F|  |TAMS 0x0000000082100000, 0x0000000082100000| Untracked 
|  34|0x0000000082200000, 0x0000000082200000, 0x0000000082300000|  0%| F|  |TAMS 0x0000000082200000, 0x0000000082200000| Untracked 
|  35|0x0000000082300000, 0x0000000082300000, 0x0000000082400000|  0%| F|  |TAMS 0x0000000082300000, 0x0000000082300000| Untracked 
|  36|0x0000000082400000, 0x0000000082400000, 0x0000000082500000|  0%| F|  |TAMS 0x0000000082400000, 0x0000000082400000| Untracked 
|  37|0x0000000082500000, 0x0000000082500000, 0x0000000082600000|  0%| F|  |TAMS 0x0000000082500000, 0x0000000082500000| Untracked 
|  38|0x0000000082600000, 0x0000000082600000, 0x0000000082700000|  0%| F|  |TAMS 0x0000000082600000, 0x0000000082600000| Untracked 
|  39|0x0000000082700000, 0x0000000082700000, 0x0000000082800000|  0%| F|  |TAMS 0x0000000082700000, 0x0000000082700000| Untracked 
|  40|0x0000000082800000, 0x0000000082800000, 0x0000000082900000|  0%| F|  |TAMS 0x0000000082800000, 0x0000000082800000| Untracked 
|  41|0x0000000082900000, 0x0000000082900000, 0x0000000082a00000|  0%| F|  |TAMS 0x0000000082900000, 0x0000000082900000| Untracked 
|  42|0x0000000082a00000, 0x0000000082a00000, 0x0000000082b00000|  0%| F|  |TAMS 0x0000000082a00000, 0x0000000082a00000| Untracked 
|  43|0x0000000082b00000, 0x0000000082b00000, 0x0000000082c00000|  0%| F|  |TAMS 0x0000000082b00000, 0x0000000082b00000| Untracked 
|  44|0x0000000082c00000, 0x0000000082c00000, 0x0000000082d00000|  0%| F|  |TAMS 0x0000000082c00000, 0x0000000082c00000| Untracked 
|  45|0x0000000082d00000, 0x0000000082d00000, 0x0000000082e00000|  0%| F|  |TAMS 0x0000000082d00000, 0x0000000082d00000| Untracked 
|  46|0x0000000082e00000, 0x0000000082e00000, 0x0000000082f00000|  0%| F|  |TAMS 0x0000000082e00000, 0x0000000082e00000| Untracked 
|  47|0x0000000082f00000, 0x0000000082f00000, 0x0000000083000000|  0%| F|  |TAMS 0x0000000082f00000, 0x0000000082f00000| Untracked 
|  48|0x0000000083000000, 0x0000000083000000, 0x0000000083100000|  0%| F|  |TAMS 0x0000000083000000, 0x0000000083000000| Untracked 
|  49|0x0000000083100000, 0x0000000083200000, 0x0000000083200000|100%| S|CS|TAMS 0x0000000083100000, 0x0000000083100000| Complete 
|  50|0x0000000083200000, 0x0000000083200000, 0x0000000083300000|  0%| F|  |TAMS 0x0000000083200000, 0x0000000083200000| Untracked 
|  51|0x0000000083300000, 0x0000000083300000, 0x0000000083400000|  0%| F|  |TAMS 0x0000000083300000, 0x0000000083300000| Untracked 
|  52|0x0000000083400000, 0x0000000083400000, 0x0000000083500000|  0%| F|  |TAMS 0x0000000083400000, 0x0000000083400000| Untracked 
|  53|0x0000000083500000, 0x0000000083500000, 0x0000000083600000|  0%| F|  |TAMS 0x0000000083500000, 0x0000000083500000| Untracked 
|  54|0x0000000083600000, 0x0000000083600000, 0x0000000083700000|  0%| F|  |TAMS 0x0000000083600000, 0x0000000083600000| Untracked 
|  55|0x0000000083700000, 0x0000000083800000, 0x0000000083800000|100%| S|CS|TAMS 0x0000000083700000, 0x0000000083700000| Complete 
|  56|0x0000000083800000, 0x0000000083900000, 0x0000000083900000|100%| S|CS|TAMS 0x0000000083800000, 0x0000000083800000| Complete 
|  57|0x0000000083900000, 0x0000000083a00000, 0x0000000083a00000|100%| S|CS|TAMS 0x0000000083900000, 0x0000000083900000| Complete 
|  58|0x0000000083a00000, 0x0000000083b00000, 0x0000000083b00000|100%| S|CS|TAMS 0x0000000083a00000, 0x0000000083a00000| Complete 
|  59|0x0000000083b00000, 0x0000000083c00000, 0x0000000083c00000|100%| S|CS|TAMS 0x0000000083b00000, 0x0000000083b00000| Complete 
|  60|0x0000000083c00000, 0x0000000083d00000, 0x0000000083d00000|100%| S|CS|TAMS 0x0000000083c00000, 0x0000000083c00000| Complete 
|  61|0x0000000083d00000, 0x0000000083e00000, 0x0000000083e00000|100%| S|CS|TAMS 0x0000000083d00000, 0x0000000083d00000| Complete 
|  62|0x0000000083e00000, 0x0000000083f00000, 0x0000000083f00000|100%| S|CS|TAMS 0x0000000083e00000, 0x0000000083e00000| Complete 
|  63|0x0000000083f00000, 0x0000000083f00000, 0x0000000084000000|  0%| F|  |TAMS 0x0000000083f00000, 0x0000000083f00000| Untracked 
|  64|0x0000000084000000, 0x0000000084000000, 0x0000000084100000|  0%| F|  |TAMS 0x0000000084000000, 0x0000000084000000| Untracked 
|  65|0x0000000084100000, 0x0000000084100000, 0x0000000084200000|  0%| F|  |TAMS 0x0000000084100000, 0x0000000084100000| Untracked 
|  66|0x0000000084200000, 0x0000000084200000, 0x0000000084300000|  0%| F|  |TAMS 0x0000000084200000, 0x0000000084200000| Untracked 
|  67|0x0000000084300000, 0x0000000084300000, 0x0000000084400000|  0%| F|  |TAMS 0x0000000084300000, 0x0000000084300000| Untracked 
|  68|0x0000000084400000, 0x0000000084400000, 0x0000000084500000|  0%| F|  |TAMS 0x0000000084400000, 0x0000000084400000| Untracked 
|  69|0x0000000084500000, 0x0000000084500000, 0x0000000084600000|  0%| F|  |TAMS 0x0000000084500000, 0x0000000084500000| Untracked 
|  70|0x0000000084600000, 0x0000000084600000, 0x0000000084700000|  0%| F|  |TAMS 0x0000000084600000, 0x0000000084600000| Untracked 
|  71|0x0000000084700000, 0x0000000084700000, 0x0000000084800000|  0%| F|  |TAMS 0x0000000084700000, 0x0000000084700000| Untracked 
|  72|0x0000000084800000, 0x0000000084800000, 0x0000000084900000|  0%| F|  |TAMS 0x0000000084800000, 0x0000000084800000| Untracked 
|  73|0x0000000084900000, 0x0000000084900000, 0x0000000084a00000|  0%| F|  |TAMS 0x0000000084900000, 0x0000000084900000| Untracked 
|  74|0x0000000084a00000, 0x0000000084a00000, 0x0000000084b00000|  0%| F|  |TAMS 0x0000000084a00000, 0x0000000084a00000| Untracked 
|  75|0x0000000084b00000, 0x0000000084b00000, 0x0000000084c00000|  0%| F|  |TAMS 0x0000000084b00000, 0x0000000084b00000| Untracked 
|  76|0x0000000084c00000, 0x0000000084c00000, 0x0000000084d00000|  0%| F|  |TAMS 0x0000000084c00000, 0x0000000084c00000| Untracked 
|  77|0x0000000084d00000, 0x0000000084d00000, 0x0000000084e00000|  0%| F|  |TAMS 0x0000000084d00000, 0x0000000084d00000| Untracked 
|  78|0x0000000084e00000, 0x0000000084e00000, 0x0000000084f00000|  0%| F|  |TAMS 0x0000000084e00000, 0x0000000084e00000| Untracked 
|  79|0x0000000084f00000, 0x0000000084f00000, 0x0000000085000000|  0%| F|  |TAMS 0x0000000084f00000, 0x0000000084f00000| Untracked 
|  80|0x0000000085000000, 0x0000000085000000, 0x0000000085100000|  0%| F|  |TAMS 0x0000000085000000, 0x0000000085000000| Untracked 
|  81|0x0000000085100000, 0x0000000085100000, 0x0000000085200000|  0%| F|  |TAMS 0x0000000085100000, 0x0000000085100000| Untracked 
|  82|0x0000000085200000, 0x0000000085200000, 0x0000000085300000|  0%| F|  |TAMS 0x0000000085200000, 0x0000000085200000| Untracked 
|  83|0x0000000085300000, 0x0000000085300000, 0x0000000085400000|  0%| F|  |TAMS 0x0000000085300000, 0x0000000085300000| Untracked 
|  84|0x0000000085400000, 0x0000000085400000, 0x0000000085500000|  0%| F|  |TAMS 0x0000000085400000, 0x0000000085400000| Untracked 
|  85|0x0000000085500000, 0x0000000085500000, 0x0000000085600000|  0%| F|  |TAMS 0x0000000085500000, 0x0000000085500000| Untracked 
|  86|0x0000000085600000, 0x0000000085600000, 0x0000000085700000|  0%| F|  |TAMS 0x0000000085600000, 0x0000000085600000| Untracked 
|  87|0x0000000085700000, 0x0000000085700000, 0x0000000085800000|  0%| F|  |TAMS 0x0000000085700000, 0x0000000085700000| Untracked 
|  88|0x0000000085800000, 0x0000000085800000, 0x0000000085900000|  0%| F|  |TAMS 0x0000000085800000, 0x0000000085800000| Untracked 
|  89|0x0000000085900000, 0x0000000085900000, 0x0000000085a00000|  0%| F|  |TAMS 0x0000000085900000, 0x0000000085900000| Untracked 
|  90|0x0000000085a00000, 0x0000000085a00000, 0x0000000085b00000|  0%| F|  |TAMS 0x0000000085a00000, 0x0000000085a00000| Untracked 
|  91|0x0000000085b00000, 0x0000000085b00000, 0x0000000085c00000|  0%| F|  |TAMS 0x0000000085b00000, 0x0000000085b00000| Untracked 
|  92|0x0000000085c00000, 0x0000000085c00000, 0x0000000085d00000|  0%| F|  |TAMS 0x0000000085c00000, 0x0000000085c00000| Untracked 
|  93|0x0000000085d00000, 0x0000000085d00000, 0x0000000085e00000|  0%| F|  |TAMS 0x0000000085d00000, 0x0000000085d00000| Untracked 
|  94|0x0000000085e00000, 0x0000000085e00000, 0x0000000085f00000|  0%| F|  |TAMS 0x0000000085e00000, 0x0000000085e00000| Untracked 
|  95|0x0000000085f00000, 0x0000000085f00000, 0x0000000086000000|  0%| F|  |TAMS 0x0000000085f00000, 0x0000000085f00000| Untracked 
|  96|0x0000000086000000, 0x0000000086000000, 0x0000000086100000|  0%| F|  |TAMS 0x0000000086000000, 0x0000000086000000| Untracked 
|  97|0x0000000086100000, 0x0000000086100000, 0x0000000086200000|  0%| F|  |TAMS 0x0000000086100000, 0x0000000086100000| Untracked 
|  98|0x0000000086200000, 0x0000000086200000, 0x0000000086300000|  0%| F|  |TAMS 0x0000000086200000, 0x0000000086200000| Untracked 
|  99|0x0000000086300000, 0x0000000086300000, 0x0000000086400000|  0%| F|  |TAMS 0x0000000086300000, 0x0000000086300000| Untracked 
| 100|0x0000000086400000, 0x0000000086400000, 0x0000000086500000|  0%| F|  |TAMS 0x0000000086400000, 0x0000000086400000| Untracked 
| 101|0x0000000086500000, 0x0000000086500000, 0x0000000086600000|  0%| F|  |TAMS 0x0000000086500000, 0x0000000086500000| Untracked 
| 102|0x0000000086600000, 0x0000000086600000, 0x0000000086700000|  0%| F|  |TAMS 0x0000000086600000, 0x0000000086600000| Untracked 
| 103|0x0000000086700000, 0x0000000086700000, 0x0000000086800000|  0%| F|  |TAMS 0x0000000086700000, 0x0000000086700000| Untracked 
| 104|0x0000000086800000, 0x0000000086800000, 0x0000000086900000|  0%| F|  |TAMS 0x0000000086800000, 0x0000000086800000| Untracked 
| 105|0x0000000086900000, 0x0000000086900000, 0x0000000086a00000|  0%| F|  |TAMS 0x0000000086900000, 0x0000000086900000| Untracked 
| 106|0x0000000086a00000, 0x0000000086a00000, 0x0000000086b00000|  0%| F|  |TAMS 0x0000000086a00000, 0x0000000086a00000| Untracked 
| 107|0x0000000086b00000, 0x0000000086b00000, 0x0000000086c00000|  0%| F|  |TAMS 0x0000000086b00000, 0x0000000086b00000| Untracked 
| 108|0x0000000086c00000, 0x0000000086c00000, 0x0000000086d00000|  0%| F|  |TAMS 0x0000000086c00000, 0x0000000086c00000| Untracked 
| 109|0x0000000086d00000, 0x0000000086d00000, 0x0000000086e00000|  0%| F|  |TAMS 0x0000000086d00000, 0x0000000086d00000| Untracked 
| 110|0x0000000086e00000, 0x0000000086e00000, 0x0000000086f00000|  0%| F|  |TAMS 0x0000000086e00000, 0x0000000086e00000| Untracked 
| 111|0x0000000086f00000, 0x0000000086f00000, 0x0000000087000000|  0%| F|  |TAMS 0x0000000086f00000, 0x0000000086f00000| Untracked 
| 112|0x0000000087000000, 0x0000000087000000, 0x0000000087100000|  0%| F|  |TAMS 0x0000000087000000, 0x0000000087000000| Untracked 
| 113|0x0000000087100000, 0x0000000087100000, 0x0000000087200000|  0%| F|  |TAMS 0x0000000087100000, 0x0000000087100000| Untracked 
| 114|0x0000000087200000, 0x0000000087200000, 0x0000000087300000|  0%| F|  |TAMS 0x0000000087200000, 0x0000000087200000| Untracked 
| 115|0x0000000087300000, 0x0000000087300000, 0x0000000087400000|  0%| F|  |TAMS 0x0000000087300000, 0x0000000087300000| Untracked 
| 116|0x0000000087400000, 0x0000000087400000, 0x0000000087500000|  0%| F|  |TAMS 0x0000000087400000, 0x0000000087400000| Untracked 
| 117|0x0000000087500000, 0x0000000087500000, 0x0000000087600000|  0%| F|  |TAMS 0x0000000087500000, 0x0000000087500000| Untracked 
| 118|0x0000000087600000, 0x0000000087600000, 0x0000000087700000|  0%| F|  |TAMS 0x0000000087600000, 0x0000000087600000| Untracked 
| 119|0x0000000087700000, 0x0000000087700000, 0x0000000087800000|  0%| F|  |TAMS 0x0000000087700000, 0x0000000087700000| Untracked 
| 120|0x0000000087800000, 0x0000000087800000, 0x0000000087900000|  0%| F|  |TAMS 0x0000000087800000, 0x0000000087800000| Untracked 
| 121|0x0000000087900000, 0x0000000087900000, 0x0000000087a00000|  0%| F|  |TAMS 0x0000000087900000, 0x0000000087900000| Untracked 
| 122|0x0000000087a00000, 0x0000000087a00000, 0x0000000087b00000|  0%| F|  |TAMS 0x0000000087a00000, 0x0000000087a00000| Untracked 
| 123|0x0000000087b00000, 0x0000000087b00000, 0x0000000087c00000|  0%| F|  |TAMS 0x0000000087b00000, 0x0000000087b00000| Untracked 
| 124|0x0000000087c00000, 0x0000000087c00000, 0x0000000087d00000|  0%| F|  |TAMS 0x0000000087c00000, 0x0000000087c00000| Untracked 
| 125|0x0000000087d00000, 0x0000000087d00000, 0x0000000087e00000|  0%| F|  |TAMS 0x0000000087d00000, 0x0000000087d00000| Untracked 

Card table byte_map: [0x0000020d70920000,0x0000020d70d20000] _byte_map_base: 0x0000020d70520000

Marking Bits (Prev, Next): (CMBitMap*) 0x0000020d5d00fd08, (CMBitMap*) 0x0000020d5d00fd40
 Prev Bits: [0x0000020d71120000, 0x0000020d73120000)
 Next Bits: [0x0000020d73120000, 0x0000020d75120000)

Polling page: 0x0000020d5b7b0000

Metaspace:

Usage:
  Non-class:     41.73 MB capacity,    40.91 MB ( 98%) used,   712.57 KB (  2%) free+waste,   127.38 KB ( <1%) overhead. 
      Class:      6.45 MB capacity,     6.00 MB ( 93%) used,   399.25 KB (  6%) free+waste,    61.00 KB ( <1%) overhead. 
       Both:     48.18 MB capacity,    46.91 MB ( 97%) used,     1.09 MB (  2%) free+waste,   188.38 KB ( <1%) overhead. 

Virtual space:
  Non-class space:       42.00 MB reserved,      41.75 MB (>99%) committed 
      Class space:        1.00 GB reserved,       6.50 MB ( <1%) committed 
             Both:        1.04 GB reserved,      48.25 MB (  5%) committed 

Chunk freelists:
   Non-Class:  25.00 KB
       Class:  15.00 KB
        Both:  40.00 KB

MaxMetaspaceSize: 17179869184.00 GB
CompressedClassSpaceSize: 1.00 GB

CodeHeap 'non-profiled nmethods': size=120000Kb used=2708Kb max_used=2708Kb free=117292Kb
 bounds [0x0000020d68590000, 0x0000020d68840000, 0x0000020d6fac0000]
CodeHeap 'profiled nmethods': size=120000Kb used=10254Kb max_used=10254Kb free=109745Kb
 bounds [0x0000020d61060000, 0x0000020d61a70000, 0x0000020d68590000]
CodeHeap 'non-nmethods': size=5760Kb used=2217Kb max_used=2280Kb free=3542Kb
 bounds [0x0000020d60ac0000, 0x0000020d60d30000, 0x0000020d61060000]
 total_blobs=5825 nmethods=5036 adapters=700
 compilation: enabled
              stopped_count=0, restarted_count=0
 full_count=0

Compilation events (20 events):
Event: 20.173 Thread 0x0000020d77c34000 5066       1       com.google.common.collect.MapMakerInternalMap$StrongKeyWeakValueSegment::access$100 (5 bytes)
Event: 20.173 Thread 0x0000020d77c34000 nmethod 5066 0x0000020d68834390 code [0x0000020d68834540, 0x0000020d688345d8]
Event: 20.179 Thread 0x0000020d77c34000 5067       3       java.util.regex.Pattern::range (292 bytes)
Event: 20.180 Thread 0x0000020d78941000 5070       4       java.lang.StringLatin1::toUpperCase (180 bytes)
Event: 20.188 Thread 0x0000020d77c34000 nmethod 5067 0x0000020d61a5df90 code [0x0000020d61a5e440, 0x0000020d61a606c8]
Event: 20.188 Thread 0x0000020d77c34000 5071       3       java.util.jar.Manifest$FastInputStream::readLine (296 bytes)
Event: 20.189 Thread 0x0000020d77c2a000 nmethod 5063 0x0000020d68834690 code [0x0000020d68834840, 0x0000020d68834dd8]
Event: 20.190 Thread 0x0000020d77c34000 nmethod 5071 0x0000020d61a61290 code [0x0000020d61a614c0, 0x0000020d61a61da8]
Event: 20.190 Thread 0x0000020d77c34000 5068       3       com.google.common.collect.MapMakerInternalMap$StrongKeyWeakValueSegment::self (5 bytes)
Event: 20.191 Thread 0x0000020d77c34000 nmethod 5068 0x0000020d61a62110 code [0x0000020d61a622c0, 0x0000020d61a62418]
Event: 20.191 Thread 0x0000020d77c34000 5069       3       com.google.common.collect.MapMakerInternalMap$StrongKeyWeakValueSegment::self (2 bytes)
Event: 20.191 Thread 0x0000020d77c34000 nmethod 5069 0x0000020d61a62510 code [0x0000020d61a626c0, 0x0000020d61a627b8]
Event: 20.197 Thread 0x0000020d77c34000 5072       3       com.google.common.collect.MapMakerInternalMap::rehash (49 bytes)
Event: 20.197 Thread 0x0000020d77c34000 nmethod 5072 0x0000020d61a62890 code [0x0000020d61a62a40, 0x0000020d61a62b58]
Event: 20.197 Thread 0x0000020d77c34000 5073       3       com.google.common.collect.MapMakerInternalMap::segmentFor (17 bytes)
Event: 20.198 Thread 0x0000020d77c34000 nmethod 5073 0x0000020d61a62c10 code [0x0000020d61a62dc0, 0x0000020d61a62ef8]
Event: 20.198 Thread 0x0000020d77c34000 5074       3       java.lang.management.ManagementFactory$$Lambda$61/0x0000000100161840::apply (12 bytes)
Event: 20.198 Thread 0x0000020d77c34000 nmethod 5074 0x0000020d61a63010 code [0x0000020d61a63200, 0x0000020d61a635d8]
Event: 20.198 Thread 0x0000020d77c34000 5075       3       sun.management.MemoryPoolImpl::getType (15 bytes)
Event: 20.199 Thread 0x0000020d77c34000 nmethod 5075 0x0000020d61a63710 code [0x0000020d61a638c0, 0x0000020d61a63a18]

GC Heap History (19 events):
Event: 2.207 GC heap before
{Heap before GC invocations=0 (full 0):
 garbage-first heap   total 129024K, used 29696K [0x0000000080000000, 0x0000000100000000)
  region size 1024K, 24 young (24576K), 0 survivors (0K)
 Metaspace       used 9792K, capacity 9986K, committed 10112K, reserved 1058816K
  class space    used 1022K, capacity 1102K, committed 1152K, reserved 1048576K
}
Event: 2.223 GC heap after
{Heap after GC invocations=1 (full 0):
 garbage-first heap   total 129024K, used 8995K [0x0000000080000000, 0x0000000100000000)
  region size 1024K, 3 young (3072K), 3 survivors (3072K)
 Metaspace       used 9792K, capacity 9986K, committed 10112K, reserved 1058816K
  class space    used 1022K, capacity 1102K, committed 1152K, reserved 1048576K
}
Event: 3.221 GC heap before
{Heap before GC invocations=1 (full 0):
 garbage-first heap   total 129024K, used 30499K [0x0000000080000000, 0x0000000100000000)
  region size 1024K, 24 young (24576K), 3 survivors (3072K)
 Metaspace       used 10717K, capacity 11003K, committed 11264K, reserved 1058816K
  class space    used 1123K, capacity 1206K, committed 1280K, reserved 1048576K
}
Event: 3.230 GC heap after
{Heap after GC invocations=2 (full 0):
 garbage-first heap   total 129024K, used 9773K [0x0000000080000000, 0x0000000100000000)
  region size 1024K, 1 young (1024K), 1 survivors (1024K)
 Metaspace       used 10717K, capacity 11003K, committed 11264K, reserved 1058816K
  class space    used 1123K, capacity 1206K, committed 1280K, reserved 1048576K
}
Event: 8.895 GC heap before
{Heap before GC invocations=2 (full 0):
 garbage-first heap   total 129024K, used 57901K [0x0000000080000000, 0x0000000100000000)
  region size 1024K, 47 young (48128K), 1 survivors (1024K)
 Metaspace       used 17439K, capacity 17895K, committed 18048K, reserved 1064960K
  class space    used 2034K, capacity 2172K, committed 2176K, reserved 1048576K
}
Event: 8.909 GC heap after
{Heap after GC invocations=3 (full 0):
 garbage-first heap   total 129024K, used 16443K [0x0000000080000000, 0x0000000100000000)
  region size 1024K, 6 young (6144K), 6 survivors (6144K)
 Metaspace       used 17439K, capacity 17895K, committed 18048K, reserved 1064960K
  class space    used 2034K, capacity 2172K, committed 2176K, reserved 1048576K
}
Event: 9.674 GC heap before
{Heap before GC invocations=3 (full 0):
 garbage-first heap   total 129024K, used 44091K [0x0000000080000000, 0x0000000100000000)
  region size 1024K, 34 young (34816K), 6 survivors (6144K)
 Metaspace       used 20631K, capacity 21119K, committed 21248K, reserved 1067008K
  class space    used 2519K, capacity 2720K, committed 2816K, reserved 1048576K
}
Event: 9.688 GC heap after
{Heap after GC invocations=4 (full 0):
 garbage-first heap   total 129024K, used 17092K [0x0000000080000000, 0x0000000100000000)
  region size 1024K, 1 young (1024K), 1 survivors (1024K)
 Metaspace       used 20631K, capacity 21119K, committed 21248K, reserved 1067008K
  class space    used 2519K, capacity 2720K, committed 2816K, reserved 1048576K
}
Event: 11.208 GC heap before
{Heap before GC invocations=5 (full 0):
 garbage-first heap   total 129024K, used 65220K [0x0000000080000000, 0x0000000100000000)
  region size 1024K, 49 young (50176K), 1 survivors (1024K)
 Metaspace       used 25668K, capacity 26291K, committed 26496K, reserved 1073152K
  class space    used 3352K, capacity 3598K, committed 3712K, reserved 1048576K
}
Event: 11.215 GC heap after
{Heap after GC invocations=6 (full 0):
 garbage-first heap   total 129024K, used 18732K [0x0000000080000000, 0x0000000100000000)
  region size 1024K, 3 young (3072K), 3 survivors (3072K)
 Metaspace       used 25668K, capacity 26291K, committed 26496K, reserved 1073152K
  class space    used 3352K, capacity 3598K, committed 3712K, reserved 1048576K
}
Event: 13.290 GC heap before
{Heap before GC invocations=6 (full 0):
 garbage-first heap   total 129024K, used 71980K [0x0000000080000000, 0x0000000100000000)
  region size 1024K, 55 young (56320K), 3 survivors (3072K)
 Metaspace       used 32296K, capacity 33078K, committed 33152K, reserved 1077248K
  class space    used 4216K, capacity 4476K, committed 4480K, reserved 1048576K
}
Event: 13.304 GC heap after
{Heap after GC invocations=7 (full 0):
 garbage-first heap   total 129024K, used 21451K [0x0000000080000000, 0x0000000100000000)
  region size 1024K, 6 young (6144K), 6 survivors (6144K)
 Metaspace       used 32296K, capacity 33078K, committed 33152K, reserved 1077248K
  class space    used 4216K, capacity 4476K, committed 4480K, reserved 1048576K
}
Event: 13.788 GC heap before
{Heap before GC invocations=7 (full 0):
 garbage-first heap   total 129024K, used 28619K [0x0000000080000000, 0x0000000100000000)
  region size 1024K, 14 young (14336K), 6 survivors (6144K)
 Metaspace       used 35012K, capacity 35800K, committed 35840K, reserved 1081344K
  class space    used 4531K, capacity 4832K, committed 4864K, reserved 1048576K
}
Event: 13.811 GC heap after
{Heap after GC invocations=8 (full 0):
 garbage-first heap   total 129024K, used 22939K [0x0000000080000000, 0x0000000100000000)
  region size 1024K, 5 young (5120K), 5 survivors (5120K)
 Metaspace       used 35012K, capacity 35800K, committed 35840K, reserved 1081344K
  class space    used 4531K, capacity 4832K, committed 4864K, reserved 1048576K
}
Event: 15.729 GC heap before
{Heap before GC invocations=9 (full 0):
 garbage-first heap   total 129024K, used 85403K [0x0000000080000000, 0x0000000100000000)
  region size 1024K, 63 young (64512K), 5 survivors (5120K)
 Metaspace       used 39077K, capacity 39964K, committed 40192K, reserved 1083392K
  class space    used 4990K, capacity 5319K, committed 5376K, reserved 1048576K
}
Event: 15.754 GC heap after
{Heap after GC invocations=10 (full 0):
 garbage-first heap   total 129024K, used 27289K [0x0000000080000000, 0x0000000100000000)
  region size 1024K, 8 young (8192K), 8 survivors (8192K)
 Metaspace       used 39077K, capacity 39964K, committed 40192K, reserved 1083392K
  class space    used 4990K, capacity 5319K, committed 5376K, reserved 1048576K
}
Event: 17.966 GC heap before
{Heap before GC invocations=10 (full 0):
 garbage-first heap   total 129024K, used 89753K [0x0000000080000000, 0x0000000100000000)
  region size 1024K, 69 young (70656K), 8 survivors (8192K)
 Metaspace       used 44747K, capacity 45841K, committed 46208K, reserved 1089536K
  class space    used 5745K, capacity 6145K, committed 6272K, reserved 1048576K
}
Event: 17.990 GC heap after
{Heap after GC invocations=11 (full 0):
 garbage-first heap   total 129024K, used 29511K [0x0000000080000000, 0x0000000100000000)
  region size 1024K, 7 young (7168K), 7 survivors (7168K)
 Metaspace       used 44747K, capacity 45841K, committed 46208K, reserved 1089536K
  class space    used 5745K, capacity 6145K, committed 6272K, reserved 1048576K
}
Event: 20.212 GC heap before
{Heap before GC invocations=11 (full 0):
 garbage-first heap   total 129024K, used 95047K [0x0000000080000000, 0x0000000100000000)
  region size 1024K, 68 young (69632K), 7 survivors (7168K)
 Metaspace       used 48035K, capacity 49336K, committed 49408K, reserved 1091584K
  class space    used 6148K, capacity 6609K, committed 6656K, reserved 1048576K
}

Deoptimization events (20 events):
Event: 19.716 Thread 0x0000020d786ec800 DEOPT PACKING pc=0x0000020d612a9517 sp=0x00000032f47f2020
Event: 19.716 Thread 0x0000020d786ec800 DEOPT UNPACKING pc=0x0000020d60ae76ce sp=0x00000032f47f15a8 mode 0
Event: 19.719 Thread 0x0000020d786ec800 DEOPT PACKING pc=0x0000020d616cff74 sp=0x00000032f47f1e50
Event: 19.719 Thread 0x0000020d786ec800 DEOPT UNPACKING pc=0x0000020d60ae76ce sp=0x00000032f47f13f0 mode 0
Event: 19.803 Thread 0x0000020d786ec800 Uncommon trap: trap_request=0xffffff4d fr.pc=0x0000020d68804b84 relative=0x0000000000000524
Event: 19.803 Thread 0x0000020d786ec800 Uncommon trap: reason=unstable_if action=reinterpret pc=0x0000020d68804b84 method=com.google.common.collect.RegularImmutableMap.get([I[Ljava/lang/Object;IILjava/lang/Object;)Ljava/lang/Object; @ 34 c2
Event: 19.803 Thread 0x0000020d786ec800 DEOPT PACKING pc=0x0000020d68804b84 sp=0x00000032f47f8270
Event: 19.803 Thread 0x0000020d786ec800 DEOPT UNPACKING pc=0x0000020d60ae78af sp=0x00000032f47f8198 mode 2
Event: 20.074 Thread 0x0000020d786ec800 Uncommon trap: trap_request=0xffffffc6 fr.pc=0x0000020d6869f0ec relative=0x000000000000020c
Event: 20.074 Thread 0x0000020d786ec800 Uncommon trap: reason=bimorphic_or_optimized_type_check action=maybe_recompile pc=0x0000020d6869f0ec method=com.google.common.base.CharMatcher.indexIn(Ljava/lang/CharSequence;I)I @ 31 c2
Event: 20.074 Thread 0x0000020d786ec800 DEOPT PACKING pc=0x0000020d6869f0ec sp=0x00000032f47f8810
Event: 20.074 Thread 0x0000020d786ec800 DEOPT UNPACKING pc=0x0000020d60ae78af sp=0x00000032f47f87b8 mode 2
Event: 20.083 Thread 0x0000020d786ec800 Uncommon trap: trap_request=0xffffffc6 fr.pc=0x0000020d6869f0ec relative=0x000000000000020c
Event: 20.083 Thread 0x0000020d786ec800 Uncommon trap: reason=bimorphic_or_optimized_type_check action=maybe_recompile pc=0x0000020d6869f0ec method=com.google.common.base.CharMatcher.indexIn(Ljava/lang/CharSequence;I)I @ 31 c2
Event: 20.083 Thread 0x0000020d786ec800 DEOPT PACKING pc=0x0000020d6869f0ec sp=0x00000032f47fa0f0
Event: 20.083 Thread 0x0000020d786ec800 DEOPT UNPACKING pc=0x0000020d60ae78af sp=0x00000032f47fa098 mode 2
Event: 20.117 Thread 0x0000020d786ec800 Uncommon trap: trap_request=0xffffff4d fr.pc=0x0000020d685e2760 relative=0x0000000000000580
Event: 20.117 Thread 0x0000020d786ec800 Uncommon trap: reason=unstable_if action=reinterpret pc=0x0000020d685e2760 method=java.util.jar.Manifest$FastInputStream.readLine([BII)I @ 130 c2
Event: 20.117 Thread 0x0000020d786ec800 DEOPT PACKING pc=0x0000020d685e2760 sp=0x00000032f47f80b0
Event: 20.117 Thread 0x0000020d786ec800 DEOPT UNPACKING pc=0x0000020d60ae78af sp=0x00000032f47f8040 mode 2

Classes redefined (0 events):
No events

Internal exceptions (20 events):
Event: 19.879 Thread 0x0000020d786ec800 Exception <a 'java/lang/ClassNotFoundException'{0x000000008499b398}: org/gradle/api/internal/AbstractTaskCustomizer> (0x000000008499b398) thrown at [./src/hotspot/share/classfile/systemDictionary.cpp, line 231]
Event: 19.890 Thread 0x0000020d786ec800 Exception <a 'java/lang/ClassNotFoundException'{0x000000008480bc60}: org/gradle/api/DefaultTaskCustomizer> (0x000000008480bc60) thrown at [./src/hotspot/share/classfile/systemDictionary.cpp, line 231]
Event: 19.902 Thread 0x0000020d786ec800 Exception <a 'java/lang/ClassNotFoundException'{0x000000008488bb30}: org/gradle/api/internal/ConventionTaskCustomizer> (0x000000008488bb30) thrown at [./src/hotspot/share/classfile/systemDictionary.cpp, line 231]
Event: 19.906 Thread 0x0000020d786ec800 Exception <a 'java/lang/ClassNotFoundException'{0x00000000848c2b78}: org/gradle/api/tasks/DeleteCustomizer> (0x00000000848c2b78) thrown at [./src/hotspot/share/classfile/systemDictionary.cpp, line 231]
Event: 19.911 Thread 0x0000020d786ec800 Exception <a 'java/lang/ClassNotFoundException'{0x0000000084701498}: org/gradle/api/tasks/Delete_DecoratedCustomizer> (0x0000000084701498) thrown at [./src/hotspot/share/classfile/systemDictionary.cpp, line 231]
Event: 19.972 Thread 0x0000020d786ec800 Exception <a 'java/lang/NoSuchMethodError'{0x0000000084617618}: 'long java.lang.invoke.DirectMethodHandle$Holder.invokeVirtual(java.lang.Object, java.lang.Object)'> (0x0000000084617618) thrown at [./src/hotspot/share/interpreter/linkResolver.cpp, line 773]
Event: 19.982 Thread 0x0000020d78945000 Exception <a 'java/lang/NoSuchMethodError'{0x0000000087d09568}: <clinit>> (0x0000000087d09568) thrown at [./src/hotspot/share/prims/jni.cpp, line 1362]
Event: 19.993 Thread 0x0000020d78945000 Exception <a 'java/lang/NoSuchMethodError'{0x00000000846a0030}: <clinit>> (0x00000000846a0030) thrown at [./src/hotspot/share/prims/jni.cpp, line 1362]
Event: 19.993 Thread 0x0000020d78945000 Exception <a 'java/lang/NoSuchMethodError'{0x00000000846a1140}: <clinit>> (0x00000000846a1140) thrown at [./src/hotspot/share/prims/jni.cpp, line 1362]
Event: 19.994 Thread 0x0000020d78945000 Exception <a 'java/lang/NoSuchMethodError'{0x00000000846a2448}: <clinit>> (0x00000000846a2448) thrown at [./src/hotspot/share/prims/jni.cpp, line 1362]
Event: 19.994 Thread 0x0000020d78945000 Exception <a 'java/lang/NoSuchMethodError'{0x00000000846a3468}: <clinit>> (0x00000000846a3468) thrown at [./src/hotspot/share/prims/jni.cpp, line 1362]
Event: 19.997 Thread 0x0000020d78945000 Exception <a 'java/lang/NoSuchMethodError'{0x00000000846ad258}: <clinit>> (0x00000000846ad258) thrown at [./src/hotspot/share/prims/jni.cpp, line 1362]
Event: 19.999 Thread 0x0000020d78945000 Exception <a 'java/lang/NoSuchMethodError'{0x00000000846b76b0}: <clinit>> (0x00000000846b76b0) thrown at [./src/hotspot/share/prims/jni.cpp, line 1362]
Event: 20.007 Thread 0x0000020d78945000 Exception <a 'java/lang/NoSuchMethodError'{0x00000000846cb3b8}: <clinit>> (0x00000000846cb3b8) thrown at [./src/hotspot/share/prims/jni.cpp, line 1362]
Event: 20.036 Thread 0x0000020d786ec800 Exception <a 'java/lang/ClassNotFoundException'{0x00000000845490f8}: build_f1h08rwk14t4gg7ywv7kq6z1lBeanInfo> (0x00000000845490f8) thrown at [./src/hotspot/share/classfile/systemDictionary.cpp, line 231]
Event: 20.037 Thread 0x0000020d786ec800 Exception <a 'java/lang/ClassNotFoundException'{0x0000000084554020}: build_f1h08rwk14t4gg7ywv7kq6z1lCustomizer> (0x0000000084554020) thrown at [./src/hotspot/share/classfile/systemDictionary.cpp, line 231]
Event: 20.066 Thread 0x0000020d786ec800 Exception <a 'java/lang/ClassNotFoundException'{0x00000000845d4c88}: org/gradle/plugin/use/internal/PluginRequestCollector$PluginDependenciesSpecImplBeanInfo> (0x00000000845d4c88) thrown at [./src/hotspot/share/classfile/systemDictionary.cpp, line 231]
Event: 20.069 Thread 0x0000020d786ec800 Exception <a 'java/lang/ClassNotFoundException'{0x0000000084403078}: org/gradle/plugin/use/internal/PluginRequestCollector$PluginDependenciesSpecImplCustomizer> (0x0000000084403078) thrown at [./src/hotspot/share/classfile/systemDictionary.cpp, line 231]
Event: 20.160 Thread 0x0000020d786ec800 Exception <a 'java/lang/ClassNotFoundException'{0x000000008428bf78}: org/gradle/api/internal/plugins/DefaultObjectConfigurationActionBeanInfo> (0x000000008428bf78) thrown at [./src/hotspot/share/classfile/systemDictionary.cpp, line 231]
Event: 20.162 Thread 0x0000020d786ec800 Exception <a 'java/lang/ClassNotFoundException'{0x00000000842bf318}: org/gradle/api/internal/plugins/DefaultObjectConfigurationActionCustomizer> (0x00000000842bf318) thrown at [./src/hotspot/share/classfile/systemDictionary.cpp, line 231]

Events (20 events):
Event: 20.202 loading class com/google/common/base/CharMatcher$JavaLowerCase done
Event: 20.203 loading class com/google/common/base/CharMatcher$JavaUpperCase
Event: 20.203 loading class com/google/common/base/CharMatcher$JavaUpperCase done
Event: 20.204 loading class com/google/common/base/CharMatcher$JavaDigit
Event: 20.204 loading class com/google/common/base/CharMatcher$JavaDigit done
Event: 20.205 loading class com/google/common/base/CharMatcher$JavaLetter
Event: 20.205 loading class com/google/common/base/CharMatcher$JavaLetter done
Event: 20.206 loading class com/google/common/base/CharMatcher$JavaLetterOrDigit
Event: 20.206 loading class com/google/common/base/CharMatcher$JavaLetterOrDigit done
Event: 20.207 loading class com/google/common/base/CharMatcher$None
Event: 20.207 loading class com/google/common/base/CharMatcher$None done
Event: 20.209 loading class com/google/common/base/CharMatcher$IsEither
Event: 20.209 loading class com/google/common/base/CharMatcher$IsEither done
Event: 20.210 loading class com/google/common/base/CharMatcher$AnyOf
Event: 20.210 loading class com/google/common/base/CharMatcher$AnyOf done
Event: 20.210 loading class com/google/common/base/CharMatcher$ForPredicate
Event: 20.210 loading class com/google/common/base/CharMatcher$ForPredicate done
Event: 20.211 loading class com/google/common/base/CharMatcher$SingleWidth
Event: 20.211 loading class com/google/common/base/CharMatcher$SingleWidth done
Event: 20.212 Executing VM operation: G1CollectForAllocation


Dynamic libraries:
0x00007ff691e90000 - 0x00007ff691e9a000 	C:\Program Files\Android\Android Studio\jre\bin\java.exe
0x00007ff971490000 - 0x00007ff971685000 	C:\WINDOWS\SYSTEM32\ntdll.dll
0x00007ff9708d0000 - 0x00007ff97098e000 	C:\WINDOWS\System32\KERNEL32.DLL
0x00007ff96f000000 - 0x00007ff96f2c9000 	C:\WINDOWS\System32\KERNELBASE.dll
0x00007ff96f3e0000 - 0x00007ff96f4e0000 	C:\WINDOWS\System32\ucrtbase.dll
0x00007ff965730000 - 0x00007ff965747000 	C:\Program Files\Android\Android Studio\jre\bin\VCRUNTIME140.dll
0x00007ff965200000 - 0x00007ff965219000 	C:\Program Files\Android\Android Studio\jre\bin\jli.dll
0x00007ff970180000 - 0x00007ff970321000 	C:\WINDOWS\System32\USER32.dll
0x00007ff96ebb0000 - 0x00007ff96ebd2000 	C:\WINDOWS\System32\win32u.dll
0x00007ff9713c0000 - 0x00007ff9713eb000 	C:\WINDOWS\System32\GDI32.dll
0x00007ff96f2d0000 - 0x00007ff96f3db000 	C:\WINDOWS\System32\gdi32full.dll
0x00007ff9544c0000 - 0x00007ff95475a000 	C:\WINDOWS\WinSxS\amd64_microsoft.windows.common-controls_6595b64144ccf1df_6.0.19041.1110_none_60b5254171f9507e\COMCTL32.dll
0x00007ff96ef60000 - 0x00007ff96effd000 	C:\WINDOWS\System32\msvcp_win.dll
0x00007ff96fc50000 - 0x00007ff96fcee000 	C:\WINDOWS\System32\msvcrt.dll
0x00007ff970b00000 - 0x00007ff970b30000 	C:\WINDOWS\System32\IMM32.DLL
0x00007ff963350000 - 0x00007ff9633ed000 	C:\Program Files\Android\Android Studio\jre\bin\msvcp140.dll
0x00007ff928bb0000 - 0x00007ff92967f000 	C:\Program Files\Android\Android Studio\jre\bin\server\jvm.dll
0x00007ff970330000 - 0x00007ff9703dc000 	C:\WINDOWS\System32\ADVAPI32.dll
0x00007ff96fbb0000 - 0x00007ff96fc4b000 	C:\WINDOWS\System32\sechost.dll
0x00007ff96f4e0000 - 0x00007ff96f60a000 	C:\WINDOWS\System32\RPCRT4.dll
0x00007ff970170000 - 0x00007ff970178000 	C:\WINDOWS\System32\PSAPI.DLL
0x00007ff94a2b0000 - 0x00007ff94a2b9000 	C:\WINDOWS\SYSTEM32\WSOCK32.dll
0x00007ff94cf50000 - 0x00007ff94cf77000 	C:\WINDOWS\SYSTEM32\WINMM.dll
0x00007ff9703e0000 - 0x00007ff97044b000 	C:\WINDOWS\System32\WS2_32.dll
0x00007ff963010000 - 0x00007ff96301a000 	C:\WINDOWS\SYSTEM32\VERSION.dll
0x00007ff96d460000 - 0x00007ff96d472000 	C:\WINDOWS\SYSTEM32\kernel.appcore.dll
0x00007ff966960000 - 0x00007ff966971000 	C:\Program Files\Android\Android Studio\jre\bin\verify.dll
0x00007ff969960000 - 0x00007ff969b44000 	C:\WINDOWS\SYSTEM32\DBGHELP.DLL
0x00007ff94d770000 - 0x00007ff94d79c000 	C:\WINDOWS\SYSTEM32\dbgcore.DLL
0x00007ff96ec70000 - 0x00007ff96ecf3000 	C:\WINDOWS\System32\bcryptPrimitives.dll
0x00007ff965190000 - 0x00007ff9651b9000 	C:\Program Files\Android\Android Studio\jre\bin\java.dll
0x00007ff966900000 - 0x00007ff96690b000 	C:\Program Files\Android\Android Studio\jre\bin\jimage.dll
0x00007ff965170000 - 0x00007ff965188000 	C:\Program Files\Android\Android Studio\jre\bin\zip.dll
0x00007ff970c80000 - 0x00007ff9713bf000 	C:\WINDOWS\System32\SHELL32.dll
0x00007ff969c30000 - 0x00007ff96a3c0000 	C:\WINDOWS\SYSTEM32\windows.storage.dll
0x00007ff96f670000 - 0x00007ff96f9c5000 	C:\WINDOWS\System32\combase.dll
0x00007ff96e530000 - 0x00007ff96e55c000 	C:\WINDOWS\SYSTEM32\Wldp.dll
0x00007ff96f9d0000 - 0x00007ff96fa7d000 	C:\WINDOWS\System32\SHCORE.dll
0x00007ff9713f0000 - 0x00007ff971445000 	C:\WINDOWS\System32\shlwapi.dll
0x00007ff96eaf0000 - 0x00007ff96eb0f000 	C:\WINDOWS\SYSTEM32\profapi.dll
0x00007ff965150000 - 0x00007ff96516a000 	C:\Program Files\Android\Android Studio\jre\bin\net.dll
0x00007ff966ae0000 - 0x00007ff966be8000 	C:\WINDOWS\SYSTEM32\WINHTTP.dll
0x00007ff96e290000 - 0x00007ff96e2fa000 	C:\WINDOWS\system32\mswsock.dll
0x00007ff965130000 - 0x00007ff965144000 	C:\Program Files\Android\Android Studio\jre\bin\nio.dll
0x00007ff966870000 - 0x00007ff966897000 	C:\Users\Admin\.gradle\native\8bec1ad78214c89d9ad589b4d07fe93259594b29d510b10fafb7a158f7737e5d\windows-amd64\native-platform.dll
0x00007ff963cd0000 - 0x00007ff963e0d000 	C:\Users\Admin\.gradle\native\53dbd7edfb1c66fb8903c78663c9afc45aea4f116125fa6feffd364cf09443e8\windows-amd64\native-platform-file-events.dll
0x00007ff966950000 - 0x00007ff96695a000 	C:\Program Files\Android\Android Studio\jre\bin\management.dll
0x00007ff966830000 - 0x00007ff96683c000 	C:\Program Files\Android\Android Studio\jre\bin\management_ext.dll
0x00007ff96e480000 - 0x00007ff96e498000 	C:\WINDOWS\SYSTEM32\CRYPTSP.dll
0x00007ff96dc10000 - 0x00007ff96dc44000 	C:\WINDOWS\system32\rsaenh.dll
0x00007ff96ebe0000 - 0x00007ff96ec07000 	C:\WINDOWS\System32\bcrypt.dll
0x00007ff96eab0000 - 0x00007ff96eade000 	C:\WINDOWS\SYSTEM32\USERENV.dll
0x00007ff96e4a0000 - 0x00007ff96e4ac000 	C:\WINDOWS\SYSTEM32\CRYPTBASE.dll
0x00007ff96df80000 - 0x00007ff96dfbb000 	C:\WINDOWS\SYSTEM32\IPHLPAPI.DLL
0x00007ff970c70000 - 0x00007ff970c78000 	C:\WINDOWS\System32\NSI.dll
0x00007ff968f70000 - 0x00007ff968f87000 	C:\WINDOWS\SYSTEM32\dhcpcsvc6.DLL
0x00007ff968f50000 - 0x00007ff968f6d000 	C:\WINDOWS\SYSTEM32\dhcpcsvc.DLL
0x00007ff96dfc0000 - 0x00007ff96e08c000 	C:\WINDOWS\SYSTEM32\DNSAPI.dll

dbghelp: loaded successfully - version: 4.0.5 - missing functions: none
symbol engine: initialized successfully - sym options: 0x614 - pdb path: .;C:\Program Files\Android\Android Studio\jre\bin;C:\WINDOWS\SYSTEM32;C:\WINDOWS\WinSxS\amd64_microsoft.windows.common-controls_6595b64144ccf1df_6.0.19041.1110_none_60b5254171f9507e;C:\Program Files\Android\Android Studio\jre\bin\server;C:\Users\Admin\.gradle\native\8bec1ad78214c89d9ad589b4d07fe93259594b29d510b10fafb7a158f7737e5d\windows-amd64;C:\Users\Admin\.gradle\native\53dbd7edfb1c66fb8903c78663c9afc45aea4f116125fa6feffd364cf09443e8\windows-amd64

VM Arguments:
jvm_args: --add-opens=java.base/java.util=ALL-UNNAMED --add-opens=java.base/java.lang=ALL-UNNAMED --add-opens=java.base/java.lang.invoke=ALL-UNNAMED --add-opens=java.base/java.util=ALL-UNNAMED --add-opens=java.prefs/java.util.prefs=ALL-UNNAMED --add-opens=java.prefs/java.util.prefs=ALL-UNNAMED --add-opens=java.base/java.nio.charset=ALL-UNNAMED --add-opens=java.base/java.net=ALL-UNNAMED --add-opens=java.base/java.util.concurrent.atomic=ALL-UNNAMED -Xmx2048m -Dfile.encoding=UTF-8 -Duser.country=US -Duser.language=en -Duser.variant 
java_command: org.gradle.launcher.daemon.bootstrap.GradleDaemon 7.0.2
java_class_path (initial): C:\Users\Admin\.gradle\wrapper\dists\gradle-7.0.2-bin\857tjihv64xamwrf0h14cai3r\gradle-7.0.2\lib\gradle-launcher-7.0.2.jar
Launcher Type: SUN_STANDARD

[Global flags]
     intx CICompilerCount                          = 4                                         {product} {ergonomic}
     uint ConcGCThreads                            = 2                                         {product} {ergonomic}
     uint G1ConcRefinementThreads                  = 8                                         {product} {ergonomic}
   size_t G1HeapRegionSize                         = 1048576                                   {product} {ergonomic}
    uintx GCDrainStackTargetSize                   = 64                                        {product} {ergonomic}
   size_t InitialHeapSize                          = 132120576                                 {product} {ergonomic}
   size_t MarkStackSize                            = 4194304                                   {product} {ergonomic}
   size_t MaxHeapSize                              = 2147483648                                {product} {command line}
   size_t MaxNewSize                               = 1287651328                                {product} {ergonomic}
   size_t MinHeapDeltaBytes                        = 1048576                                   {product} {ergonomic}
    uintx NonNMethodCodeHeapSize                   = 5836300                                {pd product} {ergonomic}
    uintx NonProfiledCodeHeapSize                  = 122910970                              {pd product} {ergonomic}
    uintx ProfiledCodeHeapSize                     = 122910970                              {pd product} {ergonomic}
    uintx ReservedCodeCacheSize                    = 251658240                              {pd product} {ergonomic}
     bool SegmentedCodeCache                       = true                                      {product} {ergonomic}
     bool UseCompressedClassPointers               = true                                 {lp64_product} {ergonomic}
     bool UseCompressedOops                        = true                                 {lp64_product} {ergonomic}
     bool UseG1GC                                  = true                                      {product} {ergonomic}
     bool UseLargePagesIndividualAllocation        = false                                  {pd product} {ergonomic}

Logging:
Log output configuration:
 #0: stdout all=warning uptime,level,tags
 #1: stderr all=off uptime,level,tags

Environment Variables:
PATH=C:\Program Files (x86)\Common Files\Oracle\Java\javapath;C:\Program Files\Common Files\Oracle\Java\javapath;C:\ProgramData\Oracle\Java\javapath;C:\WINDOWS\system32;C:\WINDOWS;C:\WINDOWS\System32\Wbem;C:\WINDOWS\System32\WindowsPowerShell\v1.0\;C:\WINDOWS\System32\OpenSSH\;C:\Program Files\Java\jdk-14\bin;C:\Program Files\Git\cmd;C:\Program Files\nodejs\;C:\Users\Admin\AppData\Local\Microsoft\WindowsApps;C:\Users\Admin\AppData\Roaming\npm;
USERNAME=Admin
OS=Windows_NT
PROCESSOR_IDENTIFIER=Intel64 Family 6 Model 142 Stepping 10, GenuineIntel



---------------  S Y S T E M  ---------------

OS: Windows 10 , 64 bit Build 19041 (10.0.19041.1202)
OS uptime: 0 days 4:51 hours

CPU:total 8 (initial active 8) (4 cores per cpu, 2 threads per core) family 6 model 142 stepping 10 microcode 0xb4, cmov, cx8, fxsr, mmx, sse, sse2, sse3, ssse3, sse4.1, sse4.2, popcnt, avx, avx2, aes, clmul, erms, 3dnowpref, lzcnt, ht, tsc, tscinvbit, bmi1, bmi2, adx, fma

Memory: 4k page, system-wide physical 8026M (1262M free)
TotalPageFile size 9050M (AvailPageFile size 20M)
current process WorkingSet (physical memory assigned to process): 296M, peak: 296M
current process commit charge ("private bytes"): 350M, peak: 376M

vm_info: OpenJDK 64-Bit Server VM (11.0.10+0-b96-7249189) for windows-amd64 JRE (11.0.10+0-b96-7249189), built on Mar 31 2021 21:44:00 by "builder" with MS VC++ 14.0 (VS2015)

END.
