#
# There is insufficient memory for the Java Runtime Environment to continue.
# Native memory allocation (mmap) failed to map 27262976 bytes for Failed to commit area from 0x0000000087e00000 to 0x0000000089800000 of length 27262976.
# Possible reasons:
#   The system is out of physical RAM or swap space
#   The process is running with CompressedOops enabled, and the Java Heap may be blocking the growth of the native heap
# Possible solutions:
#   Reduce memory load on the system
#   Increase physical memory or swap space
#   Check if swap backing store is full
#   Decrease Java heap size (-Xmx/-Xms)
#   Decrease number of Java threads
#   Decrease Java thread stack sizes (-Xss)
#   Set larger code cache with -XX:ReservedCodeCacheSize=
#   JVM is running with Unscaled Compressed Oops mode in which the Java heap is
#     placed in the first 4GB address space. The Java Heap base address is the
#     maximum limit for the native heap growth. Please use -XX:HeapBaseMinAddress
#     to set the Java Heap base and to place the Java Heap above 4GB virtual address.
# This output file may be truncated or incomplete.
#
#  Out of Memory Error (./src/hotspot/os/windows/os_windows.cpp:3301), pid=12764, tid=12968
#
# JRE version: OpenJDK Runtime Environment (11.0.10) (build 11.0.10+0-b96-7249189)
# Java VM: OpenJDK 64-Bit Server VM (11.0.10+0-b96-7249189, mixed mode, tiered, compressed oops, g1 gc, windows-amd64)
# No core dump will be written. Minidumps are not enabled by default on client versions of Windows
#

---------------  S U M M A R Y ------------

Command Line: --add-opens=java.base/java.util=ALL-UNNAMED --add-opens=java.base/java.lang=ALL-UNNAMED --add-opens=java.base/java.lang.invoke=ALL-UNNAMED --add-opens=java.base/java.util=ALL-UNNAMED --add-opens=java.prefs/java.util.prefs=ALL-UNNAMED --add-opens=java.prefs/java.util.prefs=ALL-UNNAMED --add-opens=java.base/java.nio.charset=ALL-UNNAMED --add-opens=java.base/java.net=ALL-UNNAMED --add-opens=java.base/java.util.concurrent.atomic=ALL-UNNAMED -Xmx2048m -Dfile.encoding=UTF-8 -Duser.country=US -Duser.language=en -Duser.variant org.gradle.launcher.daemon.bootstrap.GradleDaemon 7.0.2

Host: Intel(R) Core(TM) i7-8550U CPU @ 1.80GHz, 8 cores, 7G,  Windows 10 , 64 bit Build 19041 (10.0.19041.1202)
Time: Mon Oct 25 18:06:48 2021 Arab Standard Time elapsed time: 20.183902 seconds (0d 0h 0m 20s)

---------------  T H R E A D  ---------------

Current thread (0x000001ceee610800):  VMThread "VM Thread" [stack: 0x000000b934f00000,0x000000b935000000] [id=12968]

Stack: [0x000000b934f00000,0x000000b935000000]
[error occurred during error reporting (printing stack bounds), id 0xc0000005, EXCEPTION_ACCESS_VIOLATION (0xc0000005) at pc=0x000001ced74d0f2d]

Native frames: (J=compiled Java code, j=interpreted, Vv=VM code, C=native code)
V  [jvm.dll+0x5ecfaa]
V  [jvm.dll+0x722bd5]
V  [jvm.dll+0x72412d]
V  [jvm.dll+0x724745]
V  [jvm.dll+0x7246fb]
V  [jvm.dll+0x5ec348]
V  [jvm.dll+0x5ecad8]
C  [ntdll.dll+0xa20cf]
C  [ntdll.dll+0x51454]
C  [ntdll.dll+0xa0bfe]
C  0x000001ced74d0f2d

VM_Operation (0x000000b9362f4280): G1CollectForAllocation, mode: safepoint, requested by thread 0x000001cef2157800


---------------  P R O C E S S  ---------------

Threads class SMR info:
_java_thread_list=0x000001cef4656840, length=51, elements={
0x000001ced39da000, 0x000001ceee614800, 0x000001ceee617800, 0x000001ceeef94800,
0x000001ceeef96800, 0x000001ceeef99000, 0x000001ceee62f000, 0x000001ceee630800,
0x000001ceee635800, 0x000001ceef0e1000, 0x000001cef08f0000, 0x000001cef0134800,
0x000001cef0952800, 0x000001ceef255800, 0x000001cef06cd000, 0x000001cef249d800,
0x000001cef2157800, 0x000001cef06ea000, 0x000001cef1cac800, 0x000001cef260a000,
0x000001cef260c000, 0x000001cef260c800, 0x000001cef260d800, 0x000001cef260e800,
0x000001cef2609800, 0x000001cef260b000, 0x000001cef2608800, 0x000001cef260f000,
0x000001cef0047800, 0x000001cef0047000, 0x000001cef0048800, 0x000001cef004a000,
0x000001cef004b000, 0x000001cef004e000, 0x000001cef49bc800, 0x000001cef004c800,
0x000001cef0049800, 0x000001cef4269800, 0x000001cef004f000, 0x000001cef0051800,
0x000001cef0053000, 0x000001cef0052800, 0x000001cef0050000, 0x000001cef0054800,
0x000001cef0050800, 0x000001cef0054000, 0x000001cef4abd800, 0x000001cef4abb000,
0x000001cef4ab8800, 0x000001cef4ab9800, 0x000001cef4aba800
}

Java Threads: ( => current thread )
  0x000001ced39da000 JavaThread "main" [_thread_blocked, id=2928, stack(0x000000b934900000,0x000000b934a00000)]
  0x000001ceee614800 JavaThread "Reference Handler" daemon [_thread_blocked, id=8920, stack(0x000000b935000000,0x000000b935100000)]
  0x000001ceee617800 JavaThread "Finalizer" daemon [_thread_blocked, id=6140, stack(0x000000b935100000,0x000000b935200000)]
  0x000001ceeef94800 JavaThread "Signal Dispatcher" daemon [_thread_blocked, id=6164, stack(0x000000b935200000,0x000000b935300000)]
  0x000001ceeef96800 JavaThread "Attach Listener" daemon [_thread_blocked, id=5072, stack(0x000000b935300000,0x000000b935400000)]
  0x000001ceeef99000 JavaThread "Service Thread" daemon [_thread_blocked, id=10872, stack(0x000000b935400000,0x000000b935500000)]
  0x000001ceee62f000 JavaThread "C2 CompilerThread0" daemon [_thread_in_native, id=8788, stack(0x000000b935500000,0x000000b935600000)]
  0x000001ceee630800 JavaThread "C1 CompilerThread0" daemon [_thread_blocked, id=2588, stack(0x000000b935600000,0x000000b935700000)]
  0x000001ceee635800 JavaThread "Sweeper thread" daemon [_thread_blocked, id=10296, stack(0x000000b935700000,0x000000b935800000)]
  0x000001ceef0e1000 JavaThread "Common-Cleaner" daemon [_thread_blocked, id=8628, stack(0x000000b935800000,0x000000b935900000)]
  0x000001cef08f0000 JavaThread "Daemon health stats" [_thread_blocked, id=4284, stack(0x000000b935e00000,0x000000b935f00000)]
  0x000001cef0134800 JavaThread "Incoming local TCP Connector on port 53256" [_thread_in_native, id=3304, stack(0x000000b935a00000,0x000000b935b00000)]
  0x000001cef0952800 JavaThread "Daemon periodic checks" [_thread_blocked, id=1776, stack(0x000000b935d00000,0x000000b935e00000)]
  0x000001ceef255800 JavaThread "Daemon" [_thread_blocked, id=3872, stack(0x000000b935f00000,0x000000b936000000)]
  0x000001cef06cd000 JavaThread "Handler for socket connection from /127.0.0.1:53256 to /127.0.0.1:53257" [_thread_in_native, id=1356, stack(0x000000b936000000,0x000000b936100000)]
  0x000001cef249d800 JavaThread "Cancel handler" [_thread_blocked, id=2872, stack(0x000000b936100000,0x000000b936200000)]
  0x000001cef2157800 JavaThread "Daemon worker" [_thread_blocked, id=9564, stack(0x000000b936200000,0x000000b936300000)]
  0x000001cef06ea000 JavaThread "Asynchronous log dispatcher for DefaultDaemonConnection: socket connection from /127.0.0.1:53256 to /127.0.0.1:53257" [_thread_blocked, id=640, stack(0x000000b936400000,0x000000b936500000)]
  0x000001cef1cac800 JavaThread "Stdin handler" [_thread_blocked, id=10876, stack(0x000000b936500000,0x000000b936600000)]
  0x000001cef260a000 JavaThread "Daemon client event forwarder" [_thread_blocked, id=12996, stack(0x000000b936600000,0x000000b936700000)]
  0x000001cef260c000 JavaThread "Cache worker for file hash cache (C:\Users\Admin\.gradle\caches\7.0.2\fileHashes)" [_thread_blocked, id=5236, stack(0x000000b936300000,0x000000b936400000)]
  0x000001cef260c800 JavaThread "File lock request listener" [_thread_in_native, id=2324, stack(0x000000b936c00000,0x000000b936d00000)]
  0x000001cef260d800 JavaThread "Cache worker for journal cache (C:\Users\Admin\.gradle\caches\journal-1)" [_thread_blocked, id=4500, stack(0x000000b936f00000,0x000000b937000000)]
  0x000001cef260e800 JavaThread "Cache worker for file hash cache (C:\Users\Admin\AndroidStudioProjects\updateProfile2\.gradle\7.0.2\fileHashes)" [_thread_blocked, id=9092, stack(0x000000b937100000,0x000000b937200000)]
  0x000001cef2609800 JavaThread "File watcher server" daemon [_thread_in_native, id=1664, stack(0x000000b937200000,0x000000b937300000)]
  0x000001cef260b000 JavaThread "File watcher consumer" daemon [_thread_blocked, id=8324, stack(0x000000b937300000,0x000000b937400000)]
  0x000001cef2608800 JavaThread "Cache worker for checksums cache (C:\Users\Admin\AndroidStudioProjects\updateProfile2\.gradle\checksums)" [_thread_blocked, id=10524, stack(0x000000b937000000,0x000000b937100000)]
  0x000001cef260f000 JavaThread "Cache worker for cache directory md-supplier (C:\Users\Admin\.gradle\caches\7.0.2\md-supplier)" [_thread_blocked, id=13000, stack(0x000000b937400000,0x000000b937500000)]
  0x000001cef0047800 JavaThread "Cache worker for cache directory md-rule (C:\Users\Admin\.gradle\caches\7.0.2\md-rule)" [_thread_blocked, id=13132, stack(0x000000b937500000,0x000000b937600000)]
  0x000001cef0047000 JavaThread "Cache worker for execution history cache (C:\Users\Admin\.gradle\caches\7.0.2\executionHistory)" [_thread_blocked, id=3200, stack(0x000000b937600000,0x000000b937700000)]
  0x000001cef0048800 JavaThread "jar transforms" [_thread_blocked, id=7100, stack(0x000000b937800000,0x000000b937900000)]
  0x000001cef004a000 JavaThread "jar transforms Thread 2" [_thread_blocked, id=8296, stack(0x000000b937900000,0x000000b937a00000)]
  0x000001cef004b000 JavaThread "Cache worker for file content cache (C:\Users\Admin\.gradle\caches\7.0.2\fileContent)" [_thread_blocked, id=12756, stack(0x000000b937a00000,0x000000b937b00000)]
  0x000001cef004e000 JavaThread "Cache worker for dependencies-accessors (C:\Users\Admin\AndroidStudioProjects\updateProfile2\.gradle\7.0.2\dependencies-accessors)" [_thread_blocked, id=224, stack(0x000000b937b00000,0x000000b937c00000)]
  0x000001cef49bc800 JavaThread "C2 CompilerThread1" daemon [_thread_blocked, id=12688, stack(0x000000b936e00000,0x000000b936f00000)]
  0x000001cef004c800 JavaThread "jar transforms Thread 3" [_thread_blocked, id=3940, stack(0x000000b937700000,0x000000b937800000)]
  0x000001cef0049800 JavaThread "Cache worker for Build Output Cleanup Cache (C:\Users\Admin\AndroidStudioProjects\updateProfile2\.gradle\buildOutputCleanup)" [_thread_blocked, id=11060, stack(0x000000b937c00000,0x000000b937d00000)]
  0x000001cef4269800 JavaThread "C2 CompilerThread2" daemon [_thread_blocked, id=7504, stack(0x000000b937d00000,0x000000b937e00000)]
  0x000001cef004f000 JavaThread "Build operations" [_thread_blocked, id=9232, stack(0x000000b937e00000,0x000000b937f00000)]
  0x000001cef0051800 JavaThread "Build operations Thread 2" [_thread_blocked, id=5068, stack(0x000000b937f00000,0x000000b938000000)]
  0x000001cef0053000 JavaThread "Build operations Thread 3" [_thread_blocked, id=12524, stack(0x000000b938000000,0x000000b938100000)]
  0x000001cef0052800 JavaThread "Build operations Thread 4" [_thread_blocked, id=3560, stack(0x000000b938100000,0x000000b938200000)]
  0x000001cef0050000 JavaThread "Build operations Thread 5" [_thread_blocked, id=832, stack(0x000000b938200000,0x000000b938300000)]
  0x000001cef0054800 JavaThread "Build operations Thread 6" [_thread_blocked, id=12520, stack(0x000000b938300000,0x000000b938400000)]
  0x000001cef0050800 JavaThread "Build operations Thread 7" [_thread_blocked, id=1404, stack(0x000000b938400000,0x000000b938500000)]
  0x000001cef0054000 JavaThread "Build operations Thread 8" [_thread_blocked, id=2116, stack(0x000000b938500000,0x000000b938600000)]
  0x000001cef4abd800 JavaThread "jar transforms Thread 4" [_thread_blocked, id=11992, stack(0x000000b938600000,0x000000b938700000)]
  0x000001cef4abb000 JavaThread "jar transforms Thread 5" [_thread_blocked, id=8984, stack(0x000000b938700000,0x000000b938800000)]
  0x000001cef4ab8800 JavaThread "jar transforms Thread 6" [_thread_blocked, id=5576, stack(0x000000b938800000,0x000000b938900000)]
  0x000001cef4ab9800 JavaThread "jar transforms Thread 7" [_thread_blocked, id=4620, stack(0x000000b938900000,0x000000b938a00000)]
  0x000001cef4aba800 JavaThread "jar transforms Thread 8" [_thread_blocked, id=12928, stack(0x000000b938a00000,0x000000b938b00000)]

Other Threads:
=>0x000001ceee610800 VMThread "VM Thread" [stack: 0x000000b934f00000,0x000000b935000000] [id=12968]
  0x000001ceef116000 WatcherThread [stack: 0x000000b935900000,0x000000b935a00000] [id=11828]
  0x000001ced39f4800 GCTaskThread "GC Thread#0" [stack: 0x000000b934a00000,0x000000b934b00000] [id=12344]
  0x000001ceef74a800 GCTaskThread "GC Thread#1" [stack: 0x000000b935b00000,0x000000b935c00000] [id=12420]
  0x000001ceef945800 GCTaskThread "GC Thread#2" [stack: 0x000000b935c00000,0x000000b935d00000] [id=2132]
  0x000001cef19aa800 GCTaskThread "GC Thread#3" [stack: 0x000000b936700000,0x000000b936800000] [id=10456]
  0x000001cef116b000 GCTaskThread "GC Thread#4" [stack: 0x000000b936800000,0x000000b936900000] [id=12404]
  0x000001cef2381800 GCTaskThread "GC Thread#5" [stack: 0x000000b936900000,0x000000b936a00000] [id=7664]
  0x000001cef0de8000 GCTaskThread "GC Thread#6" [stack: 0x000000b936a00000,0x000000b936b00000] [id=12072]
  0x000001cef051c000 GCTaskThread "GC Thread#7" [stack: 0x000000b936b00000,0x000000b936c00000] [id=3912]
  0x000001ced3a25800 ConcurrentGCThread "G1 Main Marker" [stack: 0x000000b934b00000,0x000000b934c00000] [id=9836]
  0x000001ced3a27000 ConcurrentGCThread "G1 Conc#0" [stack: 0x000000b934c00000,0x000000b934d00000] [id=12436]
  0x000001cef0647000 ConcurrentGCThread "G1 Conc#1" [stack: 0x000000b936d00000,0x000000b936e00000] [id=2692]
  0x000001ceee460800 ConcurrentGCThread "G1 Refine#0" [stack: 0x000000b934d00000,0x000000b934e00000] [id=3192]
  0x000001ceee461800 ConcurrentGCThread "G1 Young RemSet Sampling" [stack: 0x000000b934e00000,0x000000b934f00000] [id=11816]

Threads with active compile tasks:
C2 CompilerThread0  20231 4947       4       groovy.lang.MetaClassImpl$1MOPIter::methodNameAction (325 bytes)

VM state:at safepoint (normal execution)

VM Mutex/Monitor currently owned by a thread:  ([mutex/lock_event])
[0x000001ced39d6d70] Threads_lock - owner thread: 0x000001ceee610800
[0x000001ced39d61a0] Heap_lock - owner thread: 0x000001cef2157800

Heap address: 0x0000000080000000, size: 2048 MB, Compressed Oops mode: 32-bit
Narrow klass base: 0x0000000000000000, Narrow klass shift: 3
Compressed class space size: 1073741824 Address: 0x0000000100000000

Heap:
 garbage-first heap   total 155648K, used 41547K [0x0000000080000000, 0x0000000100000000)
  region size 1024K, 9 young (9216K), 9 survivors (9216K)
 Metaspace       used 48175K, capacity 49436K, committed 49584K, reserved 1091584K
  class space    used 6167K, capacity 6642K, committed 6656K, reserved 1048576K
Heap Regions: E=young(eden), S=young(survivor), O=old, HS=humongous(starts), HC=humongous(continues), CS=collection set, F=free, A=archive, TAMS=top-at-mark-start (previous, next)
|   0|0x0000000080000000, 0x0000000080100000, 0x0000000080100000|100%| O|  |TAMS 0x0000000080100000, 0x0000000080000000| Untracked 
|   1|0x0000000080100000, 0x0000000080200000, 0x0000000080200000|100%| O|  |TAMS 0x0000000080200000, 0x0000000080100000| Untracked 
|   2|0x0000000080200000, 0x0000000080300000, 0x0000000080300000|100%| O|  |TAMS 0x0000000080300000, 0x0000000080200000| Untracked 
|   3|0x0000000080300000, 0x0000000080400000, 0x0000000080400000|100%|HS|  |TAMS 0x0000000080400000, 0x0000000080300000| Complete 
|   4|0x0000000080400000, 0x0000000080500000, 0x0000000080500000|100%|HC|  |TAMS 0x0000000080500000, 0x0000000080400000| Complete 
|   5|0x0000000080500000, 0x0000000080600000, 0x0000000080600000|100%|HC|  |TAMS 0x0000000080600000, 0x0000000080500000| Complete 
|   6|0x0000000080600000, 0x0000000080700000, 0x0000000080700000|100%| O|  |TAMS 0x0000000080700000, 0x0000000080600000| Untracked 
|   7|0x0000000080700000, 0x0000000080800000, 0x0000000080800000|100%| O|  |TAMS 0x0000000080800000, 0x0000000080700000| Untracked 
|   8|0x0000000080800000, 0x0000000080900000, 0x0000000080900000|100%| O|  |TAMS 0x0000000080900000, 0x0000000080800000| Untracked 
|   9|0x0000000080900000, 0x0000000080a00000, 0x0000000080a00000|100%| O|  |TAMS 0x0000000080a00000, 0x0000000080900000| Untracked 
|  10|0x0000000080a00000, 0x0000000080b00000, 0x0000000080b00000|100%| O|  |TAMS 0x0000000080b00000, 0x0000000080a00000| Untracked 
|  11|0x0000000080b00000, 0x0000000080c00000, 0x0000000080c00000|100%| O|  |TAMS 0x0000000080c00000, 0x0000000080b00000| Untracked 
|  12|0x0000000080c00000, 0x0000000080d00000, 0x0000000080d00000|100%| O|  |TAMS 0x0000000080d00000, 0x0000000080c00000| Untracked 
|  13|0x0000000080d00000, 0x0000000080e00000, 0x0000000080e00000|100%| O|  |TAMS 0x0000000080e00000, 0x0000000080d00000| Untracked 
|  14|0x0000000080e00000, 0x0000000080f00000, 0x0000000080f00000|100%| O|  |TAMS 0x0000000080f00000, 0x0000000080e00000| Untracked 
|  15|0x0000000080f00000, 0x0000000081000000, 0x0000000081000000|100%| O|  |TAMS 0x0000000081000000, 0x0000000080f00000| Untracked 
|  16|0x0000000081000000, 0x0000000081100000, 0x0000000081100000|100%| O|  |TAMS 0x0000000081100000, 0x0000000081000000| Untracked 
|  17|0x0000000081100000, 0x0000000081200000, 0x0000000081200000|100%| O|  |TAMS 0x00000000811e5800, 0x0000000081100000| Untracked 
|  18|0x0000000081200000, 0x0000000081300000, 0x0000000081300000|100%|HS|  |TAMS 0x0000000081200000, 0x0000000081200000| Complete 
|  19|0x0000000081300000, 0x0000000081400000, 0x0000000081400000|100%| O|  |TAMS 0x0000000081300000, 0x0000000081300000| Untracked 
|  20|0x0000000081400000, 0x0000000081500000, 0x0000000081500000|100%| O|  |TAMS 0x0000000081400000, 0x0000000081400000| Untracked 
|  21|0x0000000081500000, 0x0000000081600000, 0x0000000081600000|100%| O|  |TAMS 0x0000000081500000, 0x0000000081500000| Untracked 
|  22|0x0000000081600000, 0x0000000081700000, 0x0000000081700000|100%| O|  |TAMS 0x0000000081600000, 0x0000000081600000| Untracked 
|  23|0x0000000081700000, 0x0000000081800000, 0x0000000081800000|100%|HS|  |TAMS 0x0000000081700000, 0x0000000081700000| Complete 
|  24|0x0000000081800000, 0x0000000081900000, 0x0000000081900000|100%|HS|  |TAMS 0x0000000081800000, 0x0000000081800000| Complete 
|  25|0x0000000081900000, 0x0000000081a00000, 0x0000000081a00000|100%|HC|  |TAMS 0x0000000081900000, 0x0000000081900000| Complete 
|  26|0x0000000081a00000, 0x0000000081b00000, 0x0000000081b00000|100%| O|  |TAMS 0x0000000081a00000, 0x0000000081a00000| Untracked 
|  27|0x0000000081b00000, 0x0000000081c00000, 0x0000000081c00000|100%| O|  |TAMS 0x0000000081b00000, 0x0000000081b00000| Untracked 
|  28|0x0000000081c00000, 0x0000000081d00000, 0x0000000081d00000|100%| O|  |TAMS 0x0000000081c00000, 0x0000000081c00000| Untracked 
|  29|0x0000000081d00000, 0x0000000081e00000, 0x0000000081e00000|100%| O|  |TAMS 0x0000000081d00000, 0x0000000081d00000| Untracked 
|  30|0x0000000081e00000, 0x0000000081f00000, 0x0000000081f00000|100%| O|  |TAMS 0x0000000081e00000, 0x0000000081e00000| Untracked 
|  31|0x0000000081f00000, 0x0000000081f92e00, 0x0000000082000000| 57%| O|  |TAMS 0x0000000081f00000, 0x0000000081f00000| Untracked 
|  32|0x0000000082000000, 0x0000000082000000, 0x0000000082100000|  0%| F|  |TAMS 0x0000000082000000, 0x0000000082000000| Untracked 
|  33|0x0000000082100000, 0x0000000082100000, 0x0000000082200000|  0%| F|  |TAMS 0x0000000082100000, 0x0000000082100000| Untracked 
|  34|0x0000000082200000, 0x0000000082200000, 0x0000000082300000|  0%| F|  |TAMS 0x0000000082200000, 0x0000000082200000| Untracked 
|  35|0x0000000082300000, 0x0000000082300000, 0x0000000082400000|  0%| F|  |TAMS 0x0000000082300000, 0x0000000082300000| Untracked 
|  36|0x0000000082400000, 0x0000000082400000, 0x0000000082500000|  0%| F|  |TAMS 0x0000000082400000, 0x0000000082400000| Untracked 
|  37|0x0000000082500000, 0x0000000082500000, 0x0000000082600000|  0%| F|  |TAMS 0x0000000082500000, 0x0000000082500000| Untracked 
|  38|0x0000000082600000, 0x0000000082600000, 0x0000000082700000|  0%| F|  |TAMS 0x0000000082600000, 0x0000000082600000| Untracked 
|  39|0x0000000082700000, 0x0000000082700000, 0x0000000082800000|  0%| F|  |TAMS 0x0000000082700000, 0x0000000082700000| Untracked 
|  40|0x0000000082800000, 0x0000000082800000, 0x0000000082900000|  0%| F|  |TAMS 0x0000000082800000, 0x0000000082800000| Untracked 
|  41|0x0000000082900000, 0x0000000082900000, 0x0000000082a00000|  0%| F|  |TAMS 0x0000000082900000, 0x0000000082900000| Untracked 
|  42|0x0000000082a00000, 0x0000000082a00000, 0x0000000082b00000|  0%| F|  |TAMS 0x0000000082a00000, 0x0000000082a00000| Untracked 
|  43|0x0000000082b00000, 0x0000000082b00000, 0x0000000082c00000|  0%| F|  |TAMS 0x0000000082b00000, 0x0000000082b00000| Untracked 
|  44|0x0000000082c00000, 0x0000000082c00000, 0x0000000082d00000|  0%| F|  |TAMS 0x0000000082c00000, 0x0000000082c00000| Untracked 
|  45|0x0000000082d00000, 0x0000000082d00000, 0x0000000082e00000|  0%| F|  |TAMS 0x0000000082d00000, 0x0000000082d00000| Untracked 
|  46|0x0000000082e00000, 0x0000000082e00000, 0x0000000082f00000|  0%| F|  |TAMS 0x0000000082e00000, 0x0000000082e00000| Untracked 
|  47|0x0000000082f00000, 0x0000000082f00000, 0x0000000083000000|  0%| F|  |TAMS 0x0000000082f00000, 0x0000000082f00000| Untracked 
|  48|0x0000000083000000, 0x0000000083000000, 0x0000000083100000|  0%| F|  |TAMS 0x0000000083000000, 0x0000000083000000| Untracked 
|  49|0x0000000083100000, 0x0000000083200000, 0x0000000083200000|100%| S|CS|TAMS 0x0000000083100000, 0x0000000083100000| Complete 
|  50|0x0000000083200000, 0x0000000083200000, 0x0000000083300000|  0%| F|  |TAMS 0x0000000083200000, 0x0000000083200000| Untracked 
|  51|0x0000000083300000, 0x0000000083300000, 0x0000000083400000|  0%| F|  |TAMS 0x0000000083300000, 0x0000000083300000| Untracked 
|  52|0x0000000083400000, 0x0000000083400000, 0x0000000083500000|  0%| F|  |TAMS 0x0000000083400000, 0x0000000083400000| Untracked 
|  53|0x0000000083500000, 0x0000000083500000, 0x0000000083600000|  0%| F|  |TAMS 0x0000000083500000, 0x0000000083500000| Untracked 
|  54|0x0000000083600000, 0x0000000083600000, 0x0000000083700000|  0%| F|  |TAMS 0x0000000083600000, 0x0000000083600000| Untracked 
|  55|0x0000000083700000, 0x0000000083700000, 0x0000000083800000|  0%| F|  |TAMS 0x0000000083700000, 0x0000000083700000| Untracked 
|  56|0x0000000083800000, 0x0000000083900000, 0x0000000083900000|100%| S|CS|TAMS 0x0000000083800000, 0x0000000083800000| Complete 
|  57|0x0000000083900000, 0x0000000083a00000, 0x0000000083a00000|100%| S|CS|TAMS 0x0000000083900000, 0x0000000083900000| Complete 
|  58|0x0000000083a00000, 0x0000000083b00000, 0x0000000083b00000|100%| S|CS|TAMS 0x0000000083a00000, 0x0000000083a00000| Complete 
|  59|0x0000000083b00000, 0x0000000083c00000, 0x0000000083c00000|100%| S|CS|TAMS 0x0000000083b00000, 0x0000000083b00000| Complete 
|  60|0x0000000083c00000, 0x0000000083d00000, 0x0000000083d00000|100%| S|CS|TAMS 0x0000000083c00000, 0x0000000083c00000| Complete 
|  61|0x0000000083d00000, 0x0000000083e00000, 0x0000000083e00000|100%| S|CS|TAMS 0x0000000083d00000, 0x0000000083d00000| Complete 
|  62|0x0000000083e00000, 0x0000000083f00000, 0x0000000083f00000|100%| S|CS|TAMS 0x0000000083e00000, 0x0000000083e00000| Complete 
|  63|0x0000000083f00000, 0x0000000084000000, 0x0000000084000000|100%| S|CS|TAMS 0x0000000083f00000, 0x0000000083f00000| Complete 
|  64|0x0000000084000000, 0x0000000084000000, 0x0000000084100000|  0%| F|  |TAMS 0x0000000084000000, 0x0000000084000000| Untracked 
|  65|0x0000000084100000, 0x0000000084100000, 0x0000000084200000|  0%| F|  |TAMS 0x0000000084100000, 0x0000000084100000| Untracked 
|  66|0x0000000084200000, 0x0000000084200000, 0x0000000084300000|  0%| F|  |TAMS 0x0000000084200000, 0x0000000084200000| Untracked 
|  67|0x0000000084300000, 0x0000000084300000, 0x0000000084400000|  0%| F|  |TAMS 0x0000000084300000, 0x0000000084300000| Untracked 
|  68|0x0000000084400000, 0x0000000084400000, 0x0000000084500000|  0%| F|  |TAMS 0x0000000084400000, 0x0000000084400000| Untracked 
|  69|0x0000000084500000, 0x0000000084500000, 0x0000000084600000|  0%| F|  |TAMS 0x0000000084500000, 0x0000000084500000| Untracked 
|  70|0x0000000084600000, 0x0000000084600000, 0x0000000084700000|  0%| F|  |TAMS 0x0000000084600000, 0x0000000084600000| Untracked 
|  71|0x0000000084700000, 0x0000000084700000, 0x0000000084800000|  0%| F|  |TAMS 0x0000000084700000, 0x0000000084700000| Untracked 
|  72|0x0000000084800000, 0x0000000084800000, 0x0000000084900000|  0%| F|  |TAMS 0x0000000084800000, 0x0000000084800000| Untracked 
|  73|0x0000000084900000, 0x0000000084900000, 0x0000000084a00000|  0%| F|  |TAMS 0x0000000084900000, 0x0000000084900000| Untracked 
|  74|0x0000000084a00000, 0x0000000084a00000, 0x0000000084b00000|  0%| F|  |TAMS 0x0000000084a00000, 0x0000000084a00000| Untracked 
|  75|0x0000000084b00000, 0x0000000084b00000, 0x0000000084c00000|  0%| F|  |TAMS 0x0000000084b00000, 0x0000000084b00000| Untracked 
|  76|0x0000000084c00000, 0x0000000084c00000, 0x0000000084d00000|  0%| F|  |TAMS 0x0000000084c00000, 0x0000000084c00000| Untracked 
|  77|0x0000000084d00000, 0x0000000084d00000, 0x0000000084e00000|  0%| F|  |TAMS 0x0000000084d00000, 0x0000000084d00000| Untracked 
|  78|0x0000000084e00000, 0x0000000084e00000, 0x0000000084f00000|  0%| F|  |TAMS 0x0000000084e00000, 0x0000000084e00000| Untracked 
|  79|0x0000000084f00000, 0x0000000084f00000, 0x0000000085000000|  0%| F|  |TAMS 0x0000000084f00000, 0x0000000084f00000| Untracked 
|  80|0x0000000085000000, 0x0000000085000000, 0x0000000085100000|  0%| F|  |TAMS 0x0000000085000000, 0x0000000085000000| Untracked 
|  81|0x0000000085100000, 0x0000000085100000, 0x0000000085200000|  0%| F|  |TAMS 0x0000000085100000, 0x0000000085100000| Untracked 
|  82|0x0000000085200000, 0x0000000085200000, 0x0000000085300000|  0%| F|  |TAMS 0x0000000085200000, 0x0000000085200000| Untracked 
|  83|0x0000000085300000, 0x0000000085300000, 0x0000000085400000|  0%| F|  |TAMS 0x0000000085300000, 0x0000000085300000| Untracked 
|  84|0x0000000085400000, 0x0000000085400000, 0x0000000085500000|  0%| F|  |TAMS 0x0000000085400000, 0x0000000085400000| Untracked 
|  85|0x0000000085500000, 0x0000000085500000, 0x0000000085600000|  0%| F|  |TAMS 0x0000000085500000, 0x0000000085500000| Untracked 
|  86|0x0000000085600000, 0x0000000085600000, 0x0000000085700000|  0%| F|  |TAMS 0x0000000085600000, 0x0000000085600000| Untracked 
|  87|0x0000000085700000, 0x0000000085700000, 0x0000000085800000|  0%| F|  |TAMS 0x0000000085700000, 0x0000000085700000| Untracked 
|  88|0x0000000085800000, 0x0000000085800000, 0x0000000085900000|  0%| F|  |TAMS 0x0000000085800000, 0x0000000085800000| Untracked 
|  89|0x0000000085900000, 0x0000000085900000, 0x0000000085a00000|  0%| F|  |TAMS 0x0000000085900000, 0x0000000085900000| Untracked 
|  90|0x0000000085a00000, 0x0000000085a00000, 0x0000000085b00000|  0%| F|  |TAMS 0x0000000085a00000, 0x0000000085a00000| Untracked 
|  91|0x0000000085b00000, 0x0000000085b00000, 0x0000000085c00000|  0%| F|  |TAMS 0x0000000085b00000, 0x0000000085b00000| Untracked 
|  92|0x0000000085c00000, 0x0000000085c00000, 0x0000000085d00000|  0%| F|  |TAMS 0x0000000085c00000, 0x0000000085c00000| Untracked 
|  93|0x0000000085d00000, 0x0000000085d00000, 0x0000000085e00000|  0%| F|  |TAMS 0x0000000085d00000, 0x0000000085d00000| Untracked 
|  94|0x0000000085e00000, 0x0000000085e00000, 0x0000000085f00000|  0%| F|  |TAMS 0x0000000085e00000, 0x0000000085e00000| Untracked 
|  95|0x0000000085f00000, 0x0000000085f00000, 0x0000000086000000|  0%| F|  |TAMS 0x0000000085f00000, 0x0000000085f00000| Untracked 
|  96|0x0000000086000000, 0x0000000086000000, 0x0000000086100000|  0%| F|  |TAMS 0x0000000086000000, 0x0000000086000000| Untracked 
|  97|0x0000000086100000, 0x0000000086100000, 0x0000000086200000|  0%| F|  |TAMS 0x0000000086100000, 0x0000000086100000| Untracked 
|  98|0x0000000086200000, 0x0000000086200000, 0x0000000086300000|  0%| F|  |TAMS 0x0000000086200000, 0x0000000086200000| Untracked 
|  99|0x0000000086300000, 0x0000000086300000, 0x0000000086400000|  0%| F|  |TAMS 0x0000000086300000, 0x0000000086300000| Untracked 
| 100|0x0000000086400000, 0x0000000086400000, 0x0000000086500000|  0%| F|  |TAMS 0x0000000086400000, 0x0000000086400000| Untracked 
| 101|0x0000000086500000, 0x0000000086500000, 0x0000000086600000|  0%| F|  |TAMS 0x0000000086500000, 0x0000000086500000| Untracked 
| 102|0x0000000086600000, 0x0000000086600000, 0x0000000086700000|  0%| F|  |TAMS 0x0000000086600000, 0x0000000086600000| Untracked 
| 103|0x0000000086700000, 0x0000000086700000, 0x0000000086800000|  0%| F|  |TAMS 0x0000000086700000, 0x0000000086700000| Untracked 
| 104|0x0000000086800000, 0x0000000086800000, 0x0000000086900000|  0%| F|  |TAMS 0x0000000086800000, 0x0000000086800000| Untracked 
| 105|0x0000000086900000, 0x0000000086900000, 0x0000000086a00000|  0%| F|  |TAMS 0x0000000086900000, 0x0000000086900000| Untracked 
| 106|0x0000000086a00000, 0x0000000086a00000, 0x0000000086b00000|  0%| F|  |TAMS 0x0000000086a00000, 0x0000000086a00000| Untracked 
| 107|0x0000000086b00000, 0x0000000086b00000, 0x0000000086c00000|  0%| F|  |TAMS 0x0000000086b00000, 0x0000000086b00000| Untracked 
| 108|0x0000000086c00000, 0x0000000086c00000, 0x0000000086d00000|  0%| F|  |TAMS 0x0000000086c00000, 0x0000000086c00000| Untracked 
| 109|0x0000000086d00000, 0x0000000086d00000, 0x0000000086e00000|  0%| F|  |TAMS 0x0000000086d00000, 0x0000000086d00000| Untracked 
| 110|0x0000000086e00000, 0x0000000086e00000, 0x0000000086f00000|  0%| F|  |TAMS 0x0000000086e00000, 0x0000000086e00000| Untracked 
| 111|0x0000000086f00000, 0x0000000086f00000, 0x0000000087000000|  0%| F|  |TAMS 0x0000000086f00000, 0x0000000086f00000| Untracked 
| 112|0x0000000087000000, 0x0000000087000000, 0x0000000087100000|  0%| F|  |TAMS 0x0000000087000000, 0x0000000087000000| Untracked 
| 113|0x0000000087100000, 0x0000000087100000, 0x0000000087200000|  0%| F|  |TAMS 0x0000000087100000, 0x0000000087100000| Untracked 
| 114|0x0000000087200000, 0x0000000087200000, 0x0000000087300000|  0%| F|  |TAMS 0x0000000087200000, 0x0000000087200000| Untracked 
| 115|0x0000000087300000, 0x0000000087300000, 0x0000000087400000|  0%| F|  |TAMS 0x0000000087300000, 0x0000000087300000| Untracked 
| 116|0x0000000087400000, 0x0000000087400000, 0x0000000087500000|  0%| F|  |TAMS 0x0000000087400000, 0x0000000087400000| Untracked 
| 117|0x0000000087500000, 0x0000000087500000, 0x0000000087600000|  0%| F|  |TAMS 0x0000000087500000, 0x0000000087500000| Untracked 
| 118|0x0000000087600000, 0x0000000087600000, 0x0000000087700000|  0%| F|  |TAMS 0x0000000087600000, 0x0000000087600000| Untracked 
| 119|0x0000000087700000, 0x0000000087700000, 0x0000000087800000|  0%| F|  |TAMS 0x0000000087700000, 0x0000000087700000| Untracked 
| 120|0x0000000087800000, 0x0000000087800000, 0x0000000087900000|  0%| F|  |TAMS 0x0000000087800000, 0x0000000087800000| Untracked 
| 121|0x0000000087900000, 0x0000000087900000, 0x0000000087a00000|  0%| F|  |TAMS 0x0000000087900000, 0x0000000087900000| Untracked 
| 122|0x0000000087a00000, 0x0000000087a00000, 0x0000000087b00000|  0%| F|  |TAMS 0x0000000087a00000, 0x0000000087a00000| Untracked 
| 123|0x0000000087b00000, 0x0000000087b00000, 0x0000000087c00000|  0%| F|  |TAMS 0x0000000087b00000, 0x0000000087b00000| Untracked 
| 124|0x0000000087c00000, 0x0000000087c00000, 0x0000000087d00000|  0%| F|  |TAMS 0x0000000087c00000, 0x0000000087c00000| Untracked 
| 125|0x0000000087d00000, 0x0000000087d00000, 0x0000000087e00000|  0%| F|  |TAMS 0x0000000087d00000, 0x0000000087d00000| Untracked 

Card table byte_map: [0x000001cee7340000,0x000001cee7740000] _byte_map_base: 0x000001cee6f40000

Marking Bits (Prev, Next): (CMBitMap*) 0x000001ced3a1cdc8, (CMBitMap*) 0x000001ced3a1ce00
 Prev Bits: [0x000001cee7b40000, 0x000001cee9b40000)
 Next Bits: [0x000001cee9b40000, 0x000001ceebb40000)

Polling page: 0x000001ced21d0000

Metaspace:

Usage:
  Non-class:     41.79 MB capacity,    41.02 MB ( 98%) used,   658.14 KB (  2%) free+waste,   127.63 KB ( <1%) overhead. 
      Class:      6.49 MB capacity,     6.02 MB ( 93%) used,   413.20 KB (  6%) free+waste,    61.13 KB ( <1%) overhead. 
       Both:     48.28 MB capacity,    47.05 MB ( 97%) used,     1.05 MB (  2%) free+waste,   188.75 KB ( <1%) overhead. 

Virtual space:
  Non-class space:       42.00 MB reserved,      41.92 MB (>99%) committed 
      Class space:        1.00 GB reserved,       6.50 MB ( <1%) committed 
             Both:        1.04 GB reserved,      48.42 MB (  5%) committed 

Chunk freelists:
   Non-Class:  6.00 KB
       Class:  14.00 KB
        Both:  20.00 KB

MaxMetaspaceSize: 17179869184.00 GB
CompressedClassSpaceSize: 1.00 GB

CodeHeap 'non-profiled nmethods': size=120000Kb used=2671Kb max_used=2671Kb free=117329Kb
 bounds [0x000001cedefa0000, 0x000001cedf240000, 0x000001cee64d0000]
CodeHeap 'profiled nmethods': size=120000Kb used=10419Kb max_used=10419Kb free=109580Kb
 bounds [0x000001ced7a70000, 0x000001ced84a0000, 0x000001cedefa0000]
CodeHeap 'non-nmethods': size=5760Kb used=2219Kb max_used=2275Kb free=3540Kb
 bounds [0x000001ced74d0000, 0x000001ced7740000, 0x000001ced7a70000]
 total_blobs=5884 nmethods=5095 adapters=700
 compilation: enabled
              stopped_count=0, restarted_count=0
 full_count=0

Compilation events (20 events):
Event: 20.056 Thread 0x000001ceee630800 nmethod 5119 0x000001ced8497a10 code [0x000001ced8497bc0, 0x000001ced8497cb8]
Event: 20.063 Thread 0x000001ceee630800 5121       3       com.google.common.collect.MapMakerInternalMap::hash (14 bytes)
Event: 20.064 Thread 0x000001ceee630800 nmethod 5121 0x000001ced8497d90 code [0x000001ced8497f60, 0x000001ced84981f8]
Event: 20.064 Thread 0x000001ceee630800 5122       3       com.google.common.collect.MapMakerInternalMap::rehash (49 bytes)
Event: 20.064 Thread 0x000001ceee630800 nmethod 5122 0x000001ced8498310 code [0x000001ced84984c0, 0x000001ced84985d8]
Event: 20.064 Thread 0x000001ceee630800 5123       3       com.google.common.collect.MapMakerInternalMap::segmentFor (17 bytes)
Event: 20.065 Thread 0x000001ceee630800 nmethod 5123 0x000001ced8498690 code [0x000001ced8498840, 0x000001ced8498978]
Event: 20.072 Thread 0x000001ceee630800 5124       3       java.lang.management.ManagementFactory$$Lambda$61/0x0000000100161840::apply (12 bytes)
Event: 20.072 Thread 0x000001ceee630800 nmethod 5124 0x000001ced8498a90 code [0x000001ced8498c80, 0x000001ced8499058]
Event: 20.073 Thread 0x000001ceee630800 5125       3       java.lang.management.ManagementFactory::lambda$getPlatformMXBeans$3 (13 bytes)
Event: 20.073 Thread 0x000001ceee630800 nmethod 5125 0x000001ced8499190 code [0x000001ced8499360, 0x000001ced84995b8]
Event: 20.073 Thread 0x000001ceee630800 5126       3       sun.management.MemoryPoolImpl::getType (15 bytes)
Event: 20.073 Thread 0x000001ceee630800 nmethod 5126 0x000001ced8499690 code [0x000001ced8499840, 0x000001ced8499998]
Event: 20.075 Thread 0x000001ceee630800 5128       3       org.gradle.internal.util.Trie::find (135 bytes)
Event: 20.077 Thread 0x000001ceee630800 nmethod 5128 0x000001ced8499a10 code [0x000001ced8499c40, 0x000001ced849a398]
Event: 20.077 Thread 0x000001ceee630800 5127       3       org.gradle.internal.classloader.FilteringClassLoader$TrieSet::find (9 bytes)
Event: 20.077 Thread 0x000001ceee630800 nmethod 5127 0x000001ced849a610 code [0x000001ced849a7c0, 0x000001ced849a908]
Event: 20.095 Thread 0x000001ceee630800 5129       3       com.google.common.collect.MapMakerInternalMap$Segment::getEntry (80 bytes)
Event: 20.097 Thread 0x000001cef4269800 nmethod 5116 0x000001cedf23a090 code [0x000001cedf23a2c0, 0x000001cedf23b198]
Event: 20.100 Thread 0x000001ceee630800 nmethod 5129 0x000001ced849aa10 code [0x000001ced849ad80, 0x000001ced849c528]

GC Heap History (19 events):
Event: 2.116 GC heap before
{Heap before GC invocations=0 (full 0):
 garbage-first heap   total 129024K, used 29696K [0x0000000080000000, 0x0000000100000000)
  region size 1024K, 24 young (24576K), 0 survivors (0K)
 Metaspace       used 9787K, capacity 9986K, committed 10112K, reserved 1058816K
  class space    used 1022K, capacity 1102K, committed 1152K, reserved 1048576K
}
Event: 2.132 GC heap after
{Heap after GC invocations=1 (full 0):
 garbage-first heap   total 129024K, used 9081K [0x0000000080000000, 0x0000000100000000)
  region size 1024K, 3 young (3072K), 3 survivors (3072K)
 Metaspace       used 9787K, capacity 9986K, committed 10112K, reserved 1058816K
  class space    used 1022K, capacity 1102K, committed 1152K, reserved 1048576K
}
Event: 3.119 GC heap before
{Heap before GC invocations=1 (full 0):
 garbage-first heap   total 129024K, used 30585K [0x0000000080000000, 0x0000000100000000)
  region size 1024K, 24 young (24576K), 3 survivors (3072K)
 Metaspace       used 10711K, capacity 10939K, committed 11264K, reserved 1058816K
  class space    used 1123K, capacity 1206K, committed 1280K, reserved 1048576K
}
Event: 3.128 GC heap after
{Heap after GC invocations=2 (full 0):
 garbage-first heap   total 129024K, used 9828K [0x0000000080000000, 0x0000000100000000)
  region size 1024K, 1 young (1024K), 1 survivors (1024K)
 Metaspace       used 10711K, capacity 10939K, committed 11264K, reserved 1058816K
  class space    used 1123K, capacity 1206K, committed 1280K, reserved 1048576K
}
Event: 8.786 GC heap before
{Heap before GC invocations=2 (full 0):
 garbage-first heap   total 129024K, used 57956K [0x0000000080000000, 0x0000000100000000)
  region size 1024K, 47 young (48128K), 1 survivors (1024K)
 Metaspace       used 17455K, capacity 17895K, committed 18048K, reserved 1064960K
  class space    used 2034K, capacity 2172K, committed 2176K, reserved 1048576K
}
Event: 8.800 GC heap after
{Heap after GC invocations=3 (full 0):
 garbage-first heap   total 129024K, used 15981K [0x0000000080000000, 0x0000000100000000)
  region size 1024K, 6 young (6144K), 6 survivors (6144K)
 Metaspace       used 17455K, capacity 17895K, committed 18048K, reserved 1064960K
  class space    used 2034K, capacity 2172K, committed 2176K, reserved 1048576K
}
Event: 9.603 GC heap before
{Heap before GC invocations=3 (full 0):
 garbage-first heap   total 129024K, used 43629K [0x0000000080000000, 0x0000000100000000)
  region size 1024K, 34 young (34816K), 6 survivors (6144K)
 Metaspace       used 20622K, capacity 21151K, committed 21296K, reserved 1069056K
  class space    used 2513K, capacity 2688K, committed 2688K, reserved 1048576K
}
Event: 9.619 GC heap after
{Heap after GC invocations=4 (full 0):
 garbage-first heap   total 129024K, used 16780K [0x0000000080000000, 0x0000000100000000)
  region size 1024K, 1 young (1024K), 1 survivors (1024K)
 Metaspace       used 20622K, capacity 21151K, committed 21296K, reserved 1069056K
  class space    used 2513K, capacity 2688K, committed 2688K, reserved 1048576K
}
Event: 11.204 GC heap before
{Heap before GC invocations=5 (full 0):
 garbage-first heap   total 129024K, used 64908K [0x0000000080000000, 0x0000000100000000)
  region size 1024K, 49 young (50176K), 1 survivors (1024K)
 Metaspace       used 25711K, capacity 26291K, committed 26416K, reserved 1073152K
  class space    used 3357K, capacity 3598K, committed 3712K, reserved 1048576K
}
Event: 11.212 GC heap after
{Heap after GC invocations=6 (full 0):
 garbage-first heap   total 129024K, used 18478K [0x0000000080000000, 0x0000000100000000)
  region size 1024K, 3 young (3072K), 3 survivors (3072K)
 Metaspace       used 25711K, capacity 26291K, committed 26416K, reserved 1073152K
  class space    used 3357K, capacity 3598K, committed 3712K, reserved 1048576K
}
Event: 13.289 GC heap before
{Heap before GC invocations=6 (full 0):
 garbage-first heap   total 129024K, used 71726K [0x0000000080000000, 0x0000000100000000)
  region size 1024K, 55 young (56320K), 3 survivors (3072K)
 Metaspace       used 32465K, capacity 33240K, committed 33456K, reserved 1079296K
  class space    used 4224K, capacity 4510K, committed 4608K, reserved 1048576K
}
Event: 13.304 GC heap after
{Heap after GC invocations=7 (full 0):
 garbage-first heap   total 129024K, used 21033K [0x0000000080000000, 0x0000000100000000)
  region size 1024K, 6 young (6144K), 6 survivors (6144K)
 Metaspace       used 32465K, capacity 33240K, committed 33456K, reserved 1079296K
  class space    used 4224K, capacity 4510K, committed 4608K, reserved 1048576K
}
Event: 13.759 GC heap before
{Heap before GC invocations=7 (full 0):
 garbage-first heap   total 129024K, used 27177K [0x0000000080000000, 0x0000000100000000)
  region size 1024K, 14 young (14336K), 6 survivors (6144K)
 Metaspace       used 34833K, capacity 35608K, committed 35708K, reserved 1081344K
  class space    used 4531K, capacity 4832K, committed 4864K, reserved 1048576K
}
Event: 13.785 GC heap after
{Heap after GC invocations=8 (full 0):
 garbage-first heap   total 129024K, used 22529K [0x0000000080000000, 0x0000000100000000)
  region size 1024K, 5 young (5120K), 5 survivors (5120K)
 Metaspace       used 34833K, capacity 35608K, committed 35708K, reserved 1081344K
  class space    used 4531K, capacity 4832K, committed 4864K, reserved 1048576K
}
Event: 15.684 GC heap before
{Heap before GC invocations=9 (full 0):
 garbage-first heap   total 129024K, used 82945K [0x0000000080000000, 0x0000000100000000)
  region size 1024K, 62 young (63488K), 5 survivors (5120K)
 Metaspace       used 39091K, capacity 39964K, committed 40112K, reserved 1083392K
  class space    used 4989K, capacity 5319K, committed 5376K, reserved 1048576K
}
Event: 15.705 GC heap after
{Heap after GC invocations=10 (full 0):
 garbage-first heap   total 129024K, used 27091K [0x0000000080000000, 0x0000000100000000)
  region size 1024K, 8 young (8192K), 8 survivors (8192K)
 Metaspace       used 39091K, capacity 39964K, committed 40112K, reserved 1083392K
  class space    used 4989K, capacity 5319K, committed 5376K, reserved 1048576K
}
Event: 17.860 GC heap before
{Heap before GC invocations=10 (full 0):
 garbage-first heap   total 129024K, used 90579K [0x0000000080000000, 0x0000000100000000)
  region size 1024K, 69 young (70656K), 8 survivors (8192K)
 Metaspace       used 44797K, capacity 45908K, committed 46128K, reserved 1089536K
  class space    used 5752K, capacity 6146K, committed 6272K, reserved 1048576K
}
Event: 17.882 GC heap after
{Heap after GC invocations=11 (full 0):
 garbage-first heap   total 129024K, used 29313K [0x0000000080000000, 0x0000000100000000)
  region size 1024K, 7 young (7168K), 7 survivors (7168K)
 Metaspace       used 44797K, capacity 45908K, committed 46128K, reserved 1089536K
  class space    used 5752K, capacity 6146K, committed 6272K, reserved 1048576K
}
Event: 20.109 GC heap before
{Heap before GC invocations=11 (full 0):
 garbage-first heap   total 129024K, used 94849K [0x0000000080000000, 0x0000000100000000)
  region size 1024K, 68 young (69632K), 7 survivors (7168K)
 Metaspace       used 48175K, capacity 49436K, committed 49584K, reserved 1091584K
  class space    used 6167K, capacity 6642K, committed 6656K, reserved 1048576K
}

Deoptimization events (20 events):
Event: 19.526 Thread 0x000001cef2157800 DEOPT PACKING pc=0x000001ced842c52a sp=0x000000b9362f1cc0
Event: 19.526 Thread 0x000001cef2157800 DEOPT UNPACKING pc=0x000001ced74f76ce sp=0x000000b9362f1298 mode 0
Event: 19.565 Thread 0x000001cef2157800 DEOPT PACKING pc=0x000001ced842c52a sp=0x000000b9362f1b40
Event: 19.565 Thread 0x000001cef2157800 DEOPT UNPACKING pc=0x000001ced74f76ce sp=0x000000b9362f1118 mode 0
Event: 19.579 Thread 0x000001cef2157800 DEOPT PACKING pc=0x000001ced842c52a sp=0x000000b9362f1b40
Event: 19.579 Thread 0x000001cef2157800 DEOPT UNPACKING pc=0x000001ced74f76ce sp=0x000000b9362f1118 mode 0
Event: 19.603 Thread 0x000001cef2157800 DEOPT PACKING pc=0x000001ced7ca6597 sp=0x000000b9362f1c90
Event: 19.603 Thread 0x000001cef2157800 DEOPT UNPACKING pc=0x000001ced74f76ce sp=0x000000b9362f1218 mode 0
Event: 19.847 Thread 0x000001cef2157800 Uncommon trap: trap_request=0xffffff4d fr.pc=0x000001cedf21be58 relative=0x0000000000001b18
Event: 19.847 Thread 0x000001cef2157800 Uncommon trap: reason=unstable_if action=reinterpret pc=0x000001cedf21be58 method=org.codehaus.groovy.reflection.CachedMethod.compareToMethod(Ljava/lang/reflect/Method;)I @ 111 c2
Event: 19.847 Thread 0x000001cef2157800 DEOPT PACKING pc=0x000001cedf21be58 sp=0x000000b9362f7c40
Event: 19.847 Thread 0x000001cef2157800 DEOPT UNPACKING pc=0x000001ced74f78af sp=0x000000b9362f7a88 mode 2
Event: 19.958 Thread 0x000001cef2157800 Uncommon trap: trap_request=0xffffff7e fr.pc=0x000001cedf0b259c relative=0x000000000000023c
Event: 19.958 Thread 0x000001cef2157800 Uncommon trap: reason=predicate action=maybe_recompile pc=0x000001cedf0b259c method=com.google.common.base.CharMatcher.indexIn(Ljava/lang/CharSequence;I)I @ 19 c2
Event: 19.958 Thread 0x000001cef2157800 DEOPT PACKING pc=0x000001cedf0b259c sp=0x000000b9362f83b0
Event: 19.958 Thread 0x000001cef2157800 DEOPT UNPACKING pc=0x000001ced74f78af sp=0x000000b9362f8358 mode 2
Event: 19.989 Thread 0x000001cef2157800 Uncommon trap: trap_request=0xffffff4d fr.pc=0x000001cedeff4960 relative=0x0000000000000580
Event: 19.989 Thread 0x000001cef2157800 Uncommon trap: reason=unstable_if action=reinterpret pc=0x000001cedeff4960 method=java.util.jar.Manifest$FastInputStream.readLine([BII)I @ 130 c2
Event: 19.989 Thread 0x000001cef2157800 DEOPT PACKING pc=0x000001cedeff4960 sp=0x000000b9362f7bc0
Event: 19.989 Thread 0x000001cef2157800 DEOPT UNPACKING pc=0x000001ced74f78af sp=0x000000b9362f7b50 mode 2

Classes redefined (0 events):
No events

Internal exceptions (20 events):
Event: 19.780 Thread 0x000001cef2157800 Exception <a 'java/lang/ClassNotFoundException'{0x0000000084a98c10}: org/gradle/api/internal/AbstractTaskCustomizer> (0x0000000084a98c10) thrown at [./src/hotspot/share/classfile/systemDictionary.cpp, line 231]
Event: 19.791 Thread 0x000001cef2157800 Exception <a 'java/lang/ClassNotFoundException'{0x0000000084909548}: org/gradle/api/DefaultTaskCustomizer> (0x0000000084909548) thrown at [./src/hotspot/share/classfile/systemDictionary.cpp, line 231]
Event: 19.802 Thread 0x000001cef2157800 Exception <a 'java/lang/ClassNotFoundException'{0x00000000849894a8}: org/gradle/api/internal/ConventionTaskCustomizer> (0x00000000849894a8) thrown at [./src/hotspot/share/classfile/systemDictionary.cpp, line 231]
Event: 19.807 Thread 0x000001cef2157800 Exception <a 'java/lang/ClassNotFoundException'{0x00000000849c04f0}: org/gradle/api/tasks/DeleteCustomizer> (0x00000000849c04f0) thrown at [./src/hotspot/share/classfile/systemDictionary.cpp, line 231]
Event: 19.812 Thread 0x000001cef2157800 Exception <a 'java/lang/ClassNotFoundException'{0x00000000849fe8d0}: org/gradle/api/tasks/Delete_DecoratedCustomizer> (0x00000000849fe8d0) thrown at [./src/hotspot/share/classfile/systemDictionary.cpp, line 231]
Event: 19.870 Thread 0x000001cef2157800 Exception <a 'java/lang/NoSuchMethodError'{0x0000000084711b90}: 'long java.lang.invoke.DirectMethodHandle$Holder.invokeVirtual(java.lang.Object, java.lang.Object)'> (0x0000000084711b90) thrown at [./src/hotspot/share/interpreter/linkResolver.cpp, line 773]
Event: 19.879 Thread 0x000001cef260a000 Exception <a 'java/lang/NoSuchMethodError'{0x0000000087d09588}: <clinit>> (0x0000000087d09588) thrown at [./src/hotspot/share/prims/jni.cpp, line 1362]
Event: 19.889 Thread 0x000001cef260a000 Exception <a 'java/lang/NoSuchMethodError'{0x000000008479fff8}: <clinit>> (0x000000008479fff8) thrown at [./src/hotspot/share/prims/jni.cpp, line 1362]
Event: 19.890 Thread 0x000001cef260a000 Exception <a 'java/lang/NoSuchMethodError'{0x00000000847a1108}: <clinit>> (0x00000000847a1108) thrown at [./src/hotspot/share/prims/jni.cpp, line 1362]
Event: 19.890 Thread 0x000001cef260a000 Exception <a 'java/lang/NoSuchMethodError'{0x00000000847a2410}: <clinit>> (0x00000000847a2410) thrown at [./src/hotspot/share/prims/jni.cpp, line 1362]
Event: 19.891 Thread 0x000001cef260a000 Exception <a 'java/lang/NoSuchMethodError'{0x00000000847a3430}: <clinit>> (0x00000000847a3430) thrown at [./src/hotspot/share/prims/jni.cpp, line 1362]
Event: 19.893 Thread 0x000001cef260a000 Exception <a 'java/lang/NoSuchMethodError'{0x00000000847ad280}: <clinit>> (0x00000000847ad280) thrown at [./src/hotspot/share/prims/jni.cpp, line 1362]
Event: 19.896 Thread 0x000001cef260a000 Exception <a 'java/lang/NoSuchMethodError'{0x00000000847b76f0}: <clinit>> (0x00000000847b76f0) thrown at [./src/hotspot/share/prims/jni.cpp, line 1362]
Event: 19.903 Thread 0x000001cef260a000 Exception <a 'java/lang/NoSuchMethodError'{0x00000000847cb430}: <clinit>> (0x00000000847cb430) thrown at [./src/hotspot/share/prims/jni.cpp, line 1362]
Event: 19.928 Thread 0x000001cef2157800 Exception <a 'java/lang/ClassNotFoundException'{0x00000000846631c8}: build_f1h08rwk14t4gg7ywv7kq6z1lBeanInfo> (0x00000000846631c8) thrown at [./src/hotspot/share/classfile/systemDictionary.cpp, line 231]
Event: 19.929 Thread 0x000001cef2157800 Exception <a 'java/lang/ClassNotFoundException'{0x000000008466e0f0}: build_f1h08rwk14t4gg7ywv7kq6z1lCustomizer> (0x000000008466e0f0) thrown at [./src/hotspot/share/classfile/systemDictionary.cpp, line 231]
Event: 19.950 Thread 0x000001cef2157800 Exception <a 'java/lang/ClassNotFoundException'{0x00000000846ee480}: org/gradle/plugin/use/internal/PluginRequestCollector$PluginDependenciesSpecImplBeanInfo> (0x00000000846ee480) thrown at [./src/hotspot/share/classfile/systemDictionary.cpp, line 231]
Event: 19.953 Thread 0x000001cef2157800 Exception <a 'java/lang/ClassNotFoundException'{0x000000008451c860}: org/gradle/plugin/use/internal/PluginRequestCollector$PluginDependenciesSpecImplCustomizer> (0x000000008451c860) thrown at [./src/hotspot/share/classfile/systemDictionary.cpp, line 231]
Event: 20.024 Thread 0x000001cef2157800 Exception <a 'java/lang/ClassNotFoundException'{0x00000000843a0ec8}: org/gradle/api/internal/plugins/DefaultObjectConfigurationActionBeanInfo> (0x00000000843a0ec8) thrown at [./src/hotspot/share/classfile/systemDictionary.cpp, line 231]
Event: 20.027 Thread 0x000001cef2157800 Exception <a 'java/lang/ClassNotFoundException'{0x00000000843d4268}: org/gradle/api/internal/plugins/DefaultObjectConfigurationActionCustomizer> (0x00000000843d4268) thrown at [./src/hotspot/share/classfile/systemDictionary.cpp, line 231]

Events (20 events):
Event: 20.095 loading class com/google/common/collect/ImmutableCollection done
Event: 20.097 loading class com/google/common/collect/Lists$StringAsImmutableList
Event: 20.098 loading class com/google/common/collect/Lists$StringAsImmutableList done
Event: 20.099 loading class com/google/common/collect/CollectPreconditions
Event: 20.099 loading class com/google/common/collect/CollectPreconditions done
Event: 20.100 loading class com/google/common/base/AbstractIterator$State
Event: 20.100 loading class com/google/common/base/AbstractIterator$State done
Event: 20.102 loading class com/google/common/base/AbstractIterator$1
Event: 20.102 loading class com/google/common/base/AbstractIterator$1 done
Event: 20.103 loading class com/android/ide/common/repository/GradleVersion$VersionSegment
Event: 20.103 loading class com/android/ide/common/repository/GradleVersion$VersionSegment done
Event: 20.105 loading class com/google/common/collect/RegularImmutableAsList
Event: 20.105 loading class com/google/common/collect/RegularImmutableAsList done
Event: 20.106 loading class com/google/common/collect/ImmutableAsList
Event: 20.106 loading class com/google/common/collect/ImmutableAsList done
Event: 20.108 loading class com/google/common/collect/UnmodifiableIterator
Event: 20.108 loading class com/google/common/collect/UnmodifiableIterator done
Event: 20.109 loading class com/google/common/collect/UnmodifiableListIterator
Event: 20.109 loading class com/google/common/collect/UnmodifiableListIterator done
Event: 20.109 Executing VM operation: G1CollectForAllocation


Dynamic libraries:
0x00007ff691e90000 - 0x00007ff691e9a000 	C:\Program Files\Android\Android Studio\jre\bin\java.exe
0x00007ff971490000 - 0x00007ff971685000 	C:\WINDOWS\SYSTEM32\ntdll.dll
0x00007ff9708d0000 - 0x00007ff97098e000 	C:\WINDOWS\System32\KERNEL32.DLL
0x00007ff96f000000 - 0x00007ff96f2c9000 	C:\WINDOWS\System32\KERNELBASE.dll
0x00007ff96f3e0000 - 0x00007ff96f4e0000 	C:\WINDOWS\System32\ucrtbase.dll
0x00007ff965730000 - 0x00007ff965749000 	C:\Program Files\Android\Android Studio\jre\bin\jli.dll
0x00007ff965200000 - 0x00007ff965217000 	C:\Program Files\Android\Android Studio\jre\bin\VCRUNTIME140.dll
0x00007ff970180000 - 0x00007ff970321000 	C:\WINDOWS\System32\USER32.dll
0x00007ff9544c0000 - 0x00007ff95475a000 	C:\WINDOWS\WinSxS\amd64_microsoft.windows.common-controls_6595b64144ccf1df_6.0.19041.1110_none_60b5254171f9507e\COMCTL32.dll
0x00007ff96ebb0000 - 0x00007ff96ebd2000 	C:\WINDOWS\System32\win32u.dll
0x00007ff96fc50000 - 0x00007ff96fcee000 	C:\WINDOWS\System32\msvcrt.dll
0x00007ff9713c0000 - 0x00007ff9713eb000 	C:\WINDOWS\System32\GDI32.dll
0x00007ff96f2d0000 - 0x00007ff96f3db000 	C:\WINDOWS\System32\gdi32full.dll
0x00007ff96ef60000 - 0x00007ff96effd000 	C:\WINDOWS\System32\msvcp_win.dll
0x00007ff970b00000 - 0x00007ff970b30000 	C:\WINDOWS\System32\IMM32.DLL
0x00007ff963350000 - 0x00007ff9633ed000 	C:\Program Files\Android\Android Studio\jre\bin\msvcp140.dll
0x00007ff928bb0000 - 0x00007ff92967f000 	C:\Program Files\Android\Android Studio\jre\bin\server\jvm.dll
0x00007ff970330000 - 0x00007ff9703dc000 	C:\WINDOWS\System32\ADVAPI32.dll
0x00007ff96fbb0000 - 0x00007ff96fc4b000 	C:\WINDOWS\System32\sechost.dll
0x00007ff96f4e0000 - 0x00007ff96f60a000 	C:\WINDOWS\System32\RPCRT4.dll
0x00007ff970170000 - 0x00007ff970178000 	C:\WINDOWS\System32\PSAPI.DLL
0x00007ff94a2b0000 - 0x00007ff94a2b9000 	C:\WINDOWS\SYSTEM32\WSOCK32.dll
0x00007ff963010000 - 0x00007ff96301a000 	C:\WINDOWS\SYSTEM32\VERSION.dll
0x00007ff9703e0000 - 0x00007ff97044b000 	C:\WINDOWS\System32\WS2_32.dll
0x00007ff94cf50000 - 0x00007ff94cf77000 	C:\WINDOWS\SYSTEM32\WINMM.dll
0x00007ff96d460000 - 0x00007ff96d472000 	C:\WINDOWS\SYSTEM32\kernel.appcore.dll
0x00007ff966960000 - 0x00007ff966971000 	C:\Program Files\Android\Android Studio\jre\bin\verify.dll
0x00007ff969960000 - 0x00007ff969b44000 	C:\WINDOWS\SYSTEM32\DBGHELP.DLL
0x00007ff94d770000 - 0x00007ff94d79c000 	C:\WINDOWS\SYSTEM32\dbgcore.DLL
0x00007ff96ec70000 - 0x00007ff96ecf3000 	C:\WINDOWS\System32\bcryptPrimitives.dll
0x00007ff965190000 - 0x00007ff9651b9000 	C:\Program Files\Android\Android Studio\jre\bin\java.dll
0x00007ff966900000 - 0x00007ff96690b000 	C:\Program Files\Android\Android Studio\jre\bin\jimage.dll
0x00007ff965170000 - 0x00007ff965188000 	C:\Program Files\Android\Android Studio\jre\bin\zip.dll
0x00007ff970c80000 - 0x00007ff9713bf000 	C:\WINDOWS\System32\SHELL32.dll
0x00007ff969c30000 - 0x00007ff96a3c0000 	C:\WINDOWS\SYSTEM32\windows.storage.dll
0x00007ff96f670000 - 0x00007ff96f9c5000 	C:\WINDOWS\System32\combase.dll
0x00007ff96e530000 - 0x00007ff96e55c000 	C:\WINDOWS\SYSTEM32\Wldp.dll
0x00007ff96f9d0000 - 0x00007ff96fa7d000 	C:\WINDOWS\System32\SHCORE.dll
0x00007ff9713f0000 - 0x00007ff971445000 	C:\WINDOWS\System32\shlwapi.dll
0x00007ff96eaf0000 - 0x00007ff96eb0f000 	C:\WINDOWS\SYSTEM32\profapi.dll
0x00007ff965150000 - 0x00007ff96516a000 	C:\Program Files\Android\Android Studio\jre\bin\net.dll
0x00007ff966ae0000 - 0x00007ff966be8000 	C:\WINDOWS\SYSTEM32\WINHTTP.dll
0x00007ff96e290000 - 0x00007ff96e2fa000 	C:\WINDOWS\system32\mswsock.dll
0x00007ff965130000 - 0x00007ff965144000 	C:\Program Files\Android\Android Studio\jre\bin\nio.dll
0x00007ff966870000 - 0x00007ff966897000 	C:\Users\Admin\.gradle\native\8bec1ad78214c89d9ad589b4d07fe93259594b29d510b10fafb7a158f7737e5d\windows-amd64\native-platform.dll
0x00007ff963cd0000 - 0x00007ff963e0d000 	C:\Users\Admin\.gradle\native\53dbd7edfb1c66fb8903c78663c9afc45aea4f116125fa6feffd364cf09443e8\windows-amd64\native-platform-file-events.dll
0x00007ff966950000 - 0x00007ff96695a000 	C:\Program Files\Android\Android Studio\jre\bin\management.dll
0x00007ff966830000 - 0x00007ff96683c000 	C:\Program Files\Android\Android Studio\jre\bin\management_ext.dll
0x00007ff96e480000 - 0x00007ff96e498000 	C:\WINDOWS\SYSTEM32\CRYPTSP.dll
0x00007ff96dc10000 - 0x00007ff96dc44000 	C:\WINDOWS\system32\rsaenh.dll
0x00007ff96ebe0000 - 0x00007ff96ec07000 	C:\WINDOWS\System32\bcrypt.dll
0x00007ff96eab0000 - 0x00007ff96eade000 	C:\WINDOWS\SYSTEM32\USERENV.dll
0x00007ff96e4a0000 - 0x00007ff96e4ac000 	C:\WINDOWS\SYSTEM32\CRYPTBASE.dll
0x00007ff96df80000 - 0x00007ff96dfbb000 	C:\WINDOWS\SYSTEM32\IPHLPAPI.DLL
0x00007ff970c70000 - 0x00007ff970c78000 	C:\WINDOWS\System32\NSI.dll
0x00007ff968f70000 - 0x00007ff968f87000 	C:\WINDOWS\SYSTEM32\dhcpcsvc6.DLL
0x00007ff968f50000 - 0x00007ff968f6d000 	C:\WINDOWS\SYSTEM32\dhcpcsvc.DLL
0x00007ff96dfc0000 - 0x00007ff96e08c000 	C:\WINDOWS\SYSTEM32\DNSAPI.dll

dbghelp: loaded successfully - version: 4.0.5 - missing functions: none
symbol engine: initialized successfully - sym options: 0x614 - pdb path: .;C:\Program Files\Android\Android Studio\jre\bin;C:\WINDOWS\SYSTEM32;C:\WINDOWS\WinSxS\amd64_microsoft.windows.common-controls_6595b64144ccf1df_6.0.19041.1110_none_60b5254171f9507e;C:\Program Files\Android\Android Studio\jre\bin\server;C:\Users\Admin\.gradle\native\8bec1ad78214c89d9ad589b4d07fe93259594b29d510b10fafb7a158f7737e5d\windows-amd64;C:\Users\Admin\.gradle\native\53dbd7edfb1c66fb8903c78663c9afc45aea4f116125fa6feffd364cf09443e8\windows-amd64

VM Arguments:
jvm_args: --add-opens=java.base/java.util=ALL-UNNAMED --add-opens=java.base/java.lang=ALL-UNNAMED --add-opens=java.base/java.lang.invoke=ALL-UNNAMED --add-opens=java.base/java.util=ALL-UNNAMED --add-opens=java.prefs/java.util.prefs=ALL-UNNAMED --add-opens=java.prefs/java.util.prefs=ALL-UNNAMED --add-opens=java.base/java.nio.charset=ALL-UNNAMED --add-opens=java.base/java.net=ALL-UNNAMED --add-opens=java.base/java.util.concurrent.atomic=ALL-UNNAMED -Xmx2048m -Dfile.encoding=UTF-8 -Duser.country=US -Duser.language=en -Duser.variant 
java_command: org.gradle.launcher.daemon.bootstrap.GradleDaemon 7.0.2
java_class_path (initial): C:\Users\Admin\.gradle\wrapper\dists\gradle-7.0.2-bin\857tjihv64xamwrf0h14cai3r\gradle-7.0.2\lib\gradle-launcher-7.0.2.jar
Launcher Type: SUN_STANDARD

[Global flags]
     intx CICompilerCount                          = 4                                         {product} {ergonomic}
     uint ConcGCThreads                            = 2                                         {product} {ergonomic}
     uint G1ConcRefinementThreads                  = 8                                         {product} {ergonomic}
   size_t G1HeapRegionSize                         = 1048576                                   {product} {ergonomic}
    uintx GCDrainStackTargetSize                   = 64                                        {product} {ergonomic}
   size_t InitialHeapSize                          = 132120576                                 {product} {ergonomic}
   size_t MarkStackSize                            = 4194304                                   {product} {ergonomic}
   size_t MaxHeapSize                              = 2147483648                                {product} {command line}
   size_t MaxNewSize                               = 1287651328                                {product} {ergonomic}
   size_t MinHeapDeltaBytes                        = 1048576                                   {product} {ergonomic}
    uintx NonNMethodCodeHeapSize                   = 5836300                                {pd product} {ergonomic}
    uintx NonProfiledCodeHeapSize                  = 122910970                              {pd product} {ergonomic}
    uintx ProfiledCodeHeapSize                     = 122910970                              {pd product} {ergonomic}
    uintx ReservedCodeCacheSize                    = 251658240                              {pd product} {ergonomic}
     bool SegmentedCodeCache                       = true                                      {product} {ergonomic}
     bool UseCompressedClassPointers               = true                                 {lp64_product} {ergonomic}
     bool UseCompressedOops                        = true                                 {lp64_product} {ergonomic}
     bool UseG1GC                                  = true                                      {product} {ergonomic}
     bool UseLargePagesIndividualAllocation        = false                                  {pd product} {ergonomic}

Logging:
Log output configuration:
 #0: stdout all=warning uptime,level,tags
 #1: stderr all=off uptime,level,tags

Environment Variables:
PATH=C:\Program Files (x86)\Common Files\Oracle\Java\javapath;C:\Program Files\Common Files\Oracle\Java\javapath;C:\ProgramData\Oracle\Java\javapath;C:\WINDOWS\system32;C:\WINDOWS;C:\WINDOWS\System32\Wbem;C:\WINDOWS\System32\WindowsPowerShell\v1.0\;C:\WINDOWS\System32\OpenSSH\;C:\Program Files\Java\jdk-14\bin;C:\Program Files\Git\cmd;C:\Program Files\nodejs\;C:\Users\Admin\AppData\Local\Microsoft\WindowsApps;C:\Users\Admin\AppData\Roaming\npm;
USERNAME=Admin
OS=Windows_NT
PROCESSOR_IDENTIFIER=Intel64 Family 6 Model 142 Stepping 10, GenuineIntel



---------------  S Y S T E M  ---------------

OS: Windows 10 , 64 bit Build 19041 (10.0.19041.1202)
OS uptime: 0 days 4:52 hours

CPU:total 8 (initial active 8) (4 cores per cpu, 2 threads per core) family 6 model 142 stepping 10 microcode 0xb4, cmov, cx8, fxsr, mmx, sse, sse2, sse3, ssse3, sse4.1, sse4.2, popcnt, avx, avx2, aes, clmul, erms, 3dnowpref, lzcnt, ht, tsc, tscinvbit, bmi1, bmi2, adx, fma

Memory: 4k page, system-wide physical 8026M (1254M free)
TotalPageFile size 9050M (AvailPageFile size 15M)
current process WorkingSet (physical memory assigned to process): 293M, peak: 293M
current process commit charge ("private bytes"): 347M, peak: 373M

vm_info: OpenJDK 64-Bit Server VM (11.0.10+0-b96-7249189) for windows-amd64 JRE (11.0.10+0-b96-7249189), built on Mar 31 2021 21:44:00 by "builder" with MS VC++ 14.0 (VS2015)

END.
